# JRE version: OpenJDK Runtime Environment (8.0_212-b04) (build 1.8.0_212-b04)
# Java VM: OpenJDK 64-Bit Server VM (25.212-b04 mixed mode linux-amd64 compressed oops)
Heap:
 PSYoungGen      total 611840K, used 479495K [0x00000000d5580000, 0x0000000100000000, 0x0000000100000000)
  eden space 524800K, 74% used [0x00000000d5580000,0x00000000ed4c8c30,0x00000000f5600000)
  from space 87040K, 99% used [0x00000000fab00000,0x00000000ffff9078,0x0000000100000000)
  to   space 87040K, 0% used [0x00000000f5600000,0x00000000f5600000,0x00000000fab00000)
 ParOldGen       total 812544K, used 92871K [0x0000000080000000, 0x00000000b1980000, 0x00000000d5580000)
  object space 812544K, 11% used [0x0000000080000000,0x0000000085ab1d68,0x00000000b1980000)
 Metaspace       used 68917K, capacity 73556K, committed 73600K, reserved 1114112K
  class space    used 7795K, capacity 8564K, committed 8576K, reserved 1048576K
GC Heap History (10 events):
Event: 57.679 GC heap before
{Heap before GC invocations=3 (full 1):
 PSYoungGen      total 611840K, used 449306K [0x00000000d5580000, 0x0000000100000000, 0x0000000100000000)
  eden space 524800K, 85% used [0x00000000d5580000,0x00000000f0c46b80,0x00000000f5600000)
  from space 87040K, 0% used [0x00000000f5600000,0x00000000f5600000,0x00000000fab00000)
  to   space 87040K, 0% used [0x00000000fab00000,0x00000000fab00000,0x0000000100000000)
 ParOldGen       total 539136K, used 13751K [0x0000000080000000, 0x00000000a0e80000, 0x00000000d5580000)
  object space 539136K, 2% used [0x0000000080000000,0x0000000080d6dd98,0x00000000a0e80000)
 Metaspace       used 34904K, capacity 35254K, committed 35416K, reserved 1081344K
  class space    used 3973K, capacity 4091K, committed 4096K, reserved 1048576K
Event: 57.715 GC heap after
Heap after GC invocations=3 (full 1):
 PSYoungGen      total 611840K, used 19298K [0x00000000d5580000, 0x0000000100000000, 0x0000000100000000)
  eden space 524800K, 0% used [0x00000000d5580000,0x00000000d5580000,0x00000000f5600000)
  from space 87040K, 22% used [0x00000000fab00000,0x00000000fbdd89c0,0x0000000100000000)
  to   space 87040K, 0% used [0x00000000f5600000,0x00000000f5600000,0x00000000fab00000)
 ParOldGen       total 539136K, used 13751K [0x0000000080000000, 0x00000000a0e80000, 0x00000000d5580000)
  object space 539136K, 2% used [0x0000000080000000,0x0000000080d6dd98,0x00000000a0e80000)
 Metaspace       used 34904K, capacity 35254K, committed 35416K, reserved 1081344K
  class space    used 3973K, capacity 4091K, committed 4096K, reserved 1048576K
}
Event: 57.715 GC heap before
{Heap before GC invocations=4 (full 2):
 PSYoungGen      total 611840K, used 19298K [0x00000000d5580000, 0x0000000100000000, 0x0000000100000000)
  eden space 524800K, 0% used [0x00000000d5580000,0x00000000d5580000,0x00000000f5600000)
  from space 87040K, 22% used [0x00000000fab00000,0x00000000fbdd89c0,0x0000000100000000)
  to   space 87040K, 0% used [0x00000000f5600000,0x00000000f5600000,0x00000000fab00000)
 ParOldGen       total 539136K, used 13751K [0x0000000080000000, 0x00000000a0e80000, 0x00000000d5580000)
  object space 539136K, 2% used [0x0000000080000000,0x0000000080d6dd98,0x00000000a0e80000)
 Metaspace       used 34904K, capacity 35254K, committed 35416K, reserved 1081344K
  class space    used 3973K, capacity 4091K, committed 4096K, reserved 1048576K
Event: 57.808 GC heap after
Heap after GC invocations=4 (full 2):
 PSYoungGen      total 611840K, used 0K [0x00000000d5580000, 0x0000000100000000, 0x0000000100000000)
  eden space 524800K, 0% used [0x00000000d5580000,0x00000000d5580000,0x00000000f5600000)
  from space 87040K, 0% used [0x00000000fab00000,0x00000000fab00000,0x0000000100000000)
  to   space 87040K, 0% used [0x00000000f5600000,0x00000000f5600000,0x00000000fab00000)
 ParOldGen       total 548864K, used 23691K [0x0000000080000000, 0x00000000a1800000, 0x00000000d5580000)
  object space 548864K, 4% used [0x0000000080000000,0x0000000081722f80,0x00000000a1800000)
 Metaspace       used 34904K, capacity 35254K, committed 35416K, reserved 1081344K
  class space    used 3973K, capacity 4091K, committed 4096K, reserved 1048576K
}
Event: 66.562 GC heap before
{Heap before GC invocations=5 (full 2):
 PSYoungGen      total 611840K, used 439027K [0x00000000d5580000, 0x0000000100000000, 0x0000000100000000)
  eden space 524800K, 83% used [0x00000000d5580000,0x00000000f023cdf0,0x00000000f5600000)
  from space 87040K, 0% used [0x00000000fab00000,0x00000000fab00000,0x0000000100000000)
  to   space 87040K, 0% used [0x00000000f5600000,0x00000000f5600000,0x00000000fab00000)
 ParOldGen       total 548864K, used 23691K [0x0000000080000000, 0x00000000a1800000, 0x00000000d5580000)
  object space 548864K, 4% used [0x0000000080000000,0x0000000081722f80,0x00000000a1800000)
 Metaspace       used 56993K, capacity 58938K, committed 59008K, reserved 1101824K
  class space    used 6631K, capacity 6995K, committed 7040K, reserved 1048576K
Event: 66.610 GC heap after
Heap after GC invocations=5 (full 2):
 PSYoungGen      total 611840K, used 27783K [0x00000000d5580000, 0x0000000100000000, 0x0000000100000000)
  eden space 524800K, 0% used [0x00000000d5580000,0x00000000d5580000,0x00000000f5600000)
  from space 87040K, 31% used [0x00000000f5600000,0x00000000f7121e08,0x00000000fab00000)
  to   space 87040K, 0% used [0x00000000fab00000,0x00000000fab00000,0x0000000100000000)
 ParOldGen       total 548864K, used 23699K [0x0000000080000000, 0x00000000a1800000, 0x00000000d5580000)
  object space 548864K, 4% used [0x0000000080000000,0x0000000081724f80,0x00000000a1800000)
 Metaspace       used 56993K, capacity 58938K, committed 59008K, reserved 1101824K
  class space    used 6631K, capacity 6995K, committed 7040K, reserved 1048576K
}
Event: 66.610 GC heap before
{Heap before GC invocations=6 (full 3):
 PSYoungGen      total 611840K, used 27783K [0x00000000d5580000, 0x0000000100000000, 0x0000000100000000)
  eden space 524800K, 0% used [0x00000000d5580000,0x00000000d5580000,0x00000000f5600000)
  from space 87040K, 31% used [0x00000000f5600000,0x00000000f7121e08,0x00000000fab00000)
  to   space 87040K, 0% used [0x00000000fab00000,0x00000000fab00000,0x0000000100000000)
 ParOldGen       total 548864K, used 23699K [0x0000000080000000, 0x00000000a1800000, 0x00000000d5580000)
  object space 548864K, 4% used [0x0000000080000000,0x0000000081724f80,0x00000000a1800000)
 Metaspace       used 56993K, capacity 58938K, committed 59008K, reserved 1101824K
  class space    used 6631K, capacity 6995K, committed 7040K, reserved 1048576K
Event: 66.832 GC heap after
Heap after GC invocations=6 (full 3):
 PSYoungGen      total 611840K, used 0K [0x00000000d5580000, 0x0000000100000000, 0x0000000100000000)
  eden space 524800K, 0% used [0x00000000d5580000,0x00000000d5580000,0x00000000f5600000)
  from space 87040K, 0% used [0x00000000f5600000,0x00000000f5600000,0x00000000fab00000)
  to   space 87040K, 0% used [0x00000000fab00000,0x00000000fab00000,0x0000000100000000)
 ParOldGen       total 812544K, used 38326K [0x0000000080000000, 0x00000000b1980000, 0x00000000d5580000)
  object space 812544K, 4% used [0x0000000080000000,0x000000008256d8b8,0x00000000b1980000)
 Metaspace       used 56276K, capacity 57508K, committed 59008K, reserved 1101824K
  class space    used 6479K, capacity 6720K, committed 7040K, reserved 1048576K
}
Event: 121.368 GC heap before
{Heap before GC invocations=7 (full 3):
 PSYoungGen      total 611840K, used 524800K [0x00000000d5580000, 0x0000000100000000, 0x0000000100000000)
  eden space 524800K, 100% used [0x00000000d5580000,0x00000000f5600000,0x00000000f5600000)
  from space 87040K, 0% used [0x00000000f5600000,0x00000000f5600000,0x00000000fab00000)
  to   space 87040K, 0% used [0x00000000fab00000,0x00000000fab00000,0x0000000100000000)
 ParOldGen       total 812544K, used 38326K [0x0000000080000000, 0x00000000b1980000, 0x00000000d5580000)
  object space 812544K, 4% used [0x0000000080000000,0x000000008256d8b8,0x00000000b1980000)
 Metaspace       used 66780K, capacity 70962K, committed 71168K, reserved 1112064K
  class space    used 7664K, capacity 8357K, committed 8448K, reserved 1048576K
Event: 121.599 GC heap after
Heap after GC invocations=7 (full 3):
 PSYoungGen      total 611840K, used 87012K [0x00000000d5580000, 0x0000000100000000, 0x0000000100000000)
  eden space 524800K, 0% used [0x00000000d5580000,0x00000000d5580000,0x00000000f5600000)
  from space 87040K, 99% used [0x00000000fab00000,0x00000000ffff9078,0x0000000100000000)
  to   space 87040K, 0% used [0x00000000f5600000,0x00000000f5600000,0x00000000fab00000)
 ParOldGen       total 812544K, used 92871K [0x0000000080000000, 0x00000000b1980000, 0x00000000d5580000)
  object space 812544K, 11% used [0x0000000080000000,0x0000000085ab1d68,0x00000000b1980000)
 Metaspace       used 66780K, capacity 70962K, committed 71168K, reserved 1112064K
  class space    used 7664K, capacity 8357K, committed 8448K, reserved 1048576K
}

