# JRE version: OpenJDK Runtime Environment (8.0_212-b04) (build 1.8.0_212-b04)
# Java VM: OpenJDK 64-Bit Server VM (25.212-b04 mixed mode linux-amd64 compressed oops)
Heap:
 PSYoungGen      total 611840K, used 364614K [0x00000000d5580000, 0x0000000100000000, 0x0000000100000000)
  eden space 524800K, 61% used [0x00000000d5580000,0x00000000e92d48b0,0x00000000f5600000)
  from space 87040K, 45% used [0x00000000fab00000,0x00000000fd1bd250,0x0000000100000000)
  to   space 87040K, 0% used [0x00000000f5600000,0x00000000f5600000,0x00000000fab00000)
 ParOldGen       total 876032K, used 11985K [0x0000000080000000, 0x00000000b5780000, 0x00000000d5580000)
  object space 876032K, 1% used [0x0000000080000000,0x0000000080bb4550,0x00000000b5780000)
 Metaspace       used 33761K, capacity 34416K, committed 34688K, reserved 1079296K
  class space    used 3760K, capacity 3907K, committed 3968K, reserved 1048576K
GC Heap History (10 events):
Event: 2.040 GC heap before
{Heap before GC invocations=1 (full 0):
 PSYoungGen      total 611840K, used 209921K [0x00000000d5580000, 0x0000000100000000, 0x0000000100000000)
  eden space 524800K, 40% used [0x00000000d5580000,0x00000000e2280590,0x00000000f5600000)
  from space 87040K, 0% used [0x00000000fab00000,0x00000000fab00000,0x0000000100000000)
  to   space 87040K, 0% used [0x00000000f5600000,0x00000000f5600000,0x00000000fab00000)
 ParOldGen       total 1398272K, used 0K [0x0000000080000000, 0x00000000d5580000, 0x00000000d5580000)
  object space 1398272K, 0% used [0x0000000080000000,0x0000000080000000,0x00000000d5580000)
 Metaspace       used 20772K, capacity 21022K, committed 21248K, reserved 1069056K
  class space    used 2360K, capacity 2452K, committed 2560K, reserved 1048576K
Event: 2.080 GC heap after
Heap after GC invocations=1 (full 0):
 PSYoungGen      total 611840K, used 12413K [0x00000000d5580000, 0x0000000100000000, 0x0000000100000000)
  eden space 524800K, 0% used [0x00000000d5580000,0x00000000d5580000,0x00000000f5600000)
  from space 87040K, 14% used [0x00000000f5600000,0x00000000f621f6a8,0x00000000fab00000)
  to   space 87040K, 0% used [0x00000000fab00000,0x00000000fab00000,0x0000000100000000)
 ParOldGen       total 1398272K, used 80K [0x0000000080000000, 0x00000000d5580000, 0x00000000d5580000)
  object space 1398272K, 0% used [0x0000000080000000,0x0000000080014010,0x00000000d5580000)
 Metaspace       used 20772K, capacity 21022K, committed 21248K, reserved 1069056K
  class space    used 2360K, capacity 2452K, committed 2560K, reserved 1048576K
}
Event: 2.080 GC heap before
{Heap before GC invocations=2 (full 1):
 PSYoungGen      total 611840K, used 12413K [0x00000000d5580000, 0x0000000100000000, 0x0000000100000000)
  eden space 524800K, 0% used [0x00000000d5580000,0x00000000d5580000,0x00000000f5600000)
  from space 87040K, 14% used [0x00000000f5600000,0x00000000f621f6a8,0x00000000fab00000)
  to   space 87040K, 0% used [0x00000000fab00000,0x00000000fab00000,0x0000000100000000)
 ParOldGen       total 1398272K, used 80K [0x0000000080000000, 0x00000000d5580000, 0x00000000d5580000)
  object space 1398272K, 0% used [0x0000000080000000,0x0000000080014010,0x00000000d5580000)
 Metaspace       used 20772K, capacity 21022K, committed 21248K, reserved 1069056K
  class space    used 2360K, capacity 2452K, committed 2560K, reserved 1048576K
Event: 2.154 GC heap after
Heap after GC invocations=2 (full 1):
 PSYoungGen      total 611840K, used 0K [0x00000000d5580000, 0x0000000100000000, 0x0000000100000000)
  eden space 524800K, 0% used [0x00000000d5580000,0x00000000d5580000,0x00000000f5600000)
  from space 87040K, 0% used [0x00000000f5600000,0x00000000f5600000,0x00000000fab00000)
  to   space 87040K, 0% used [0x00000000fab00000,0x00000000fab00000,0x0000000100000000)
 ParOldGen       total 876032K, used 11961K [0x0000000080000000, 0x00000000b5780000, 0x00000000d5580000)
  object space 876032K, 1% used [0x0000000080000000,0x0000000080bae550,0x00000000b5780000)
 Metaspace       used 20772K, capacity 21022K, committed 21248K, reserved 1069056K
  class space    used 2360K, capacity 2452K, committed 2560K, reserved 1048576K
}
Event: 16.184 GC heap before
{Heap before GC invocations=3 (full 1):
 PSYoungGen      total 611840K, used 524800K [0x00000000d5580000, 0x0000000100000000, 0x0000000100000000)
  eden space 524800K, 100% used [0x00000000d5580000,0x00000000f5600000,0x00000000f5600000)
  from space 87040K, 0% used [0x00000000f5600000,0x00000000f5600000,0x00000000fab00000)
  to   space 87040K, 0% used [0x00000000fab00000,0x00000000fab00000,0x0000000100000000)
 ParOldGen       total 876032K, used 11961K [0x0000000080000000, 0x00000000b5780000, 0x00000000d5580000)
  object space 876032K, 1% used [0x0000000080000000,0x0000000080bae550,0x00000000b5780000)
 Metaspace       used 32523K, capacity 33162K, committed 33408K, reserved 1079296K
  class space    used 3730K, capacity 3860K, committed 3968K, reserved 1048576K
Event: 16.237 GC heap after
Heap after GC invocations=3 (full 1):
 PSYoungGen      total 611840K, used 26124K [0x00000000d5580000, 0x0000000100000000, 0x0000000100000000)
  eden space 524800K, 0% used [0x00000000d5580000,0x00000000d5580000,0x00000000f5600000)
  from space 87040K, 30% used [0x00000000fab00000,0x00000000fc483188,0x0000000100000000)
  to   space 87040K, 0% used [0x00000000f5600000,0x00000000f5600000,0x00000000fab00000)
 ParOldGen       total 876032K, used 11969K [0x0000000080000000, 0x00000000b5780000, 0x00000000d5580000)
  object space 876032K, 1% used [0x0000000080000000,0x0000000080bb0550,0x00000000b5780000)
 Metaspace       used 32523K, capacity 33162K, committed 33408K, reserved 1079296K
  class space    used 3730K, capacity 3860K, committed 3968K, reserved 1048576K
}
Event: 29.624 GC heap before
{Heap before GC invocations=4 (full 1):
 PSYoungGen      total 611840K, used 550924K [0x00000000d5580000, 0x0000000100000000, 0x0000000100000000)
  eden space 524800K, 100% used [0x00000000d5580000,0x00000000f5600000,0x00000000f5600000)
  from space 87040K, 30% used [0x00000000fab00000,0x00000000fc483188,0x0000000100000000)
  to   space 87040K, 0% used [0x00000000f5600000,0x00000000f5600000,0x00000000fab00000)
 ParOldGen       total 876032K, used 11969K [0x0000000080000000, 0x00000000b5780000, 0x00000000d5580000)
  object space 876032K, 1% used [0x0000000080000000,0x0000000080bb0550,0x00000000b5780000)
 Metaspace       used 33364K, capacity 33992K, committed 34176K, reserved 1079296K
  class space    used 3733K, capacity 3865K, committed 3968K, reserved 1048576K
Event: 29.729 GC heap after
Heap after GC invocations=4 (full 1):
 PSYoungGen      total 611840K, used 27080K [0x00000000d5580000, 0x0000000100000000, 0x0000000100000000)
  eden space 524800K, 0% used [0x00000000d5580000,0x00000000d5580000,0x00000000f5600000)
  from space 87040K, 31% used [0x00000000f5600000,0x00000000f7072190,0x00000000fab00000)
  to   space 87040K, 0% used [0x00000000fab00000,0x00000000fab00000,0x0000000100000000)
 ParOldGen       total 876032K, used 11977K [0x0000000080000000, 0x00000000b5780000, 0x00000000d5580000)
  object space 876032K, 1% used [0x0000000080000000,0x0000000080bb2550,0x00000000b5780000)
 Metaspace       used 33364K, capacity 33992K, committed 34176K, reserved 1079296K
  class space    used 3733K, capacity 3865K, committed 3968K, reserved 1048576K
}
Event: 38.946 GC heap before
{Heap before GC invocations=5 (full 1):
 PSYoungGen      total 611840K, used 551880K [0x00000000d5580000, 0x0000000100000000, 0x0000000100000000)
  eden space 524800K, 100% used [0x00000000d5580000,0x00000000f5600000,0x00000000f5600000)
  from space 87040K, 31% used [0x00000000f5600000,0x00000000f7072190,0x00000000fab00000)
  to   space 87040K, 0% used [0x00000000fab00000,0x00000000fab00000,0x0000000100000000)
 ParOldGen       total 876032K, used 11977K [0x0000000080000000, 0x00000000b5780000, 0x00000000d5580000)
  object space 876032K, 1% used [0x0000000080000000,0x0000000080bb2550,0x00000000b5780000)
 Metaspace       used 33420K, capacity 34072K, committed 34176K, reserved 1079296K
  class space    used 3733K, capacity 3865K, committed 3968K, reserved 1048576K
Event: 39.007 GC heap after
Heap after GC invocations=5 (full 1):
 PSYoungGen      total 611840K, used 39668K [0x00000000d5580000, 0x0000000100000000, 0x0000000100000000)
  eden space 524800K, 0% used [0x00000000d5580000,0x00000000d5580000,0x00000000f5600000)
  from space 87040K, 45% used [0x00000000fab00000,0x00000000fd1bd250,0x0000000100000000)
  to   space 87040K, 0% used [0x00000000f5600000,0x00000000f5600000,0x00000000fab00000)
 ParOldGen       total 876032K, used 11985K [0x0000000080000000, 0x00000000b5780000, 0x00000000d5580000)
  object space 876032K, 1% used [0x0000000080000000,0x0000000080bb4550,0x00000000b5780000)
 Metaspace       used 33420K, capacity 34072K, committed 34176K, reserved 1079296K
  class space    used 3733K, capacity 3865K, committed 3968K, reserved 1048576K
}

