# JRE version: OpenJDK Runtime Environment (8.0_212-b04) (build 1.8.0_212-b04)
# Java VM: OpenJDK 64-Bit Server VM (25.212-b04 mixed mode linux-amd64 compressed oops)
Heap:
 PSYoungGen      total 611840K, used 121668K [0x00000000d5580000, 0x0000000100000000, 0x0000000100000000)
  eden space 524800K, 23% used [0x00000000d5580000,0x00000000dcc510a8,0x00000000f5600000)
  from space 87040K, 0% used [0x00000000f5600000,0x00000000f5600000,0x00000000fab00000)
  to   space 87040K, 0% used [0x00000000fab00000,0x00000000fab00000,0x0000000100000000)
 ParOldGen       total 809472K, used 37960K [0x0000000080000000, 0x00000000b1680000, 0x00000000d5580000)
  object space 809472K, 4% used [0x0000000080000000,0x0000000082512398,0x00000000b1680000)
 Metaspace       used 59853K, capacity 61334K, committed 61568K, reserved 1103872K
  class space    used 6905K, capacity 7197K, committed 7296K, reserved 1048576K
GC Heap History (10 events):
Event: 12.610 GC heap before
{Heap before GC invocations=2 (full 1):
 PSYoungGen      total 611840K, used 14420K [0x00000000d5580000, 0x0000000100000000, 0x0000000100000000)
  eden space 524800K, 0% used [0x00000000d5580000,0x00000000d5580000,0x00000000f5600000)
  from space 87040K, 16% used [0x00000000f5600000,0x00000000f6415020,0x00000000fab00000)
  to   space 87040K, 0% used [0x00000000fab00000,0x00000000fab00000,0x0000000100000000)
 ParOldGen       total 1398272K, used 80K [0x0000000080000000, 0x00000000d5580000, 0x00000000d5580000)
  object space 1398272K, 0% used [0x0000000080000000,0x0000000080014010,0x00000000d5580000)
 Metaspace       used 20809K, capacity 21074K, committed 21248K, reserved 1069056K
  class space    used 2357K, capacity 2450K, committed 2560K, reserved 1048576K
Event: 12.669 GC heap after
Heap after GC invocations=2 (full 1):
 PSYoungGen      total 611840K, used 0K [0x00000000d5580000, 0x0000000100000000, 0x0000000100000000)
  eden space 524800K, 0% used [0x00000000d5580000,0x00000000d5580000,0x00000000f5600000)
  from space 87040K, 0% used [0x00000000f5600000,0x00000000f5600000,0x00000000fab00000)
  to   space 87040K, 0% used [0x00000000fab00000,0x00000000fab00000,0x0000000100000000)
 ParOldGen       total 539136K, used 13840K [0x0000000080000000, 0x00000000a0e80000, 0x00000000d5580000)
  object space 539136K, 2% used [0x0000000080000000,0x0000000080d841a8,0x00000000a0e80000)
 Metaspace       used 20809K, capacity 21074K, committed 21248K, reserved 1069056K
  class space    used 2357K, capacity 2450K, committed 2560K, reserved 1048576K
}
Event: 56.628 GC heap before
{Heap before GC invocations=3 (full 1):
 PSYoungGen      total 611840K, used 478889K [0x00000000d5580000, 0x0000000100000000, 0x0000000100000000)
  eden space 524800K, 91% used [0x00000000d5580000,0x00000000f292a670,0x00000000f5600000)
  from space 87040K, 0% used [0x00000000f5600000,0x00000000f5600000,0x00000000fab00000)
  to   space 87040K, 0% used [0x00000000fab00000,0x00000000fab00000,0x0000000100000000)
 ParOldGen       total 539136K, used 13840K [0x0000000080000000, 0x00000000a0e80000, 0x00000000d5580000)
  object space 539136K, 2% used [0x0000000080000000,0x0000000080d841a8,0x00000000a0e80000)
 Metaspace       used 34866K, capacity 35250K, committed 35416K, reserved 1081344K
  class space    used 3965K, capacity 4063K, committed 4096K, reserved 1048576K
Event: 56.660 GC heap after
Heap after GC invocations=3 (full 1):
 PSYoungGen      total 611840K, used 19353K [0x00000000d5580000, 0x0000000100000000, 0x0000000100000000)
  eden space 524800K, 0% used [0x00000000d5580000,0x00000000d5580000,0x00000000f5600000)
  from space 87040K, 22% used [0x00000000fab00000,0x00000000fbde6478,0x0000000100000000)
  to   space 87040K, 0% used [0x00000000f5600000,0x00000000f5600000,0x00000000fab00000)
 ParOldGen       total 539136K, used 13848K [0x0000000080000000, 0x00000000a0e80000, 0x00000000d5580000)
  object space 539136K, 2% used [0x0000000080000000,0x0000000080d861a8,0x00000000a0e80000)
 Metaspace       used 34866K, capacity 35250K, committed 35416K, reserved 1081344K
  class space    used 3965K, capacity 4063K, committed 4096K, reserved 1048576K
}
Event: 56.660 GC heap before
{Heap before GC invocations=4 (full 2):
 PSYoungGen      total 611840K, used 19353K [0x00000000d5580000, 0x0000000100000000, 0x0000000100000000)
  eden space 524800K, 0% used [0x00000000d5580000,0x00000000d5580000,0x00000000f5600000)
  from space 87040K, 22% used [0x00000000fab00000,0x00000000fbde6478,0x0000000100000000)
  to   space 87040K, 0% used [0x00000000f5600000,0x00000000f5600000,0x00000000fab00000)
 ParOldGen       total 539136K, used 13848K [0x0000000080000000, 0x00000000a0e80000, 0x00000000d5580000)
  object space 539136K, 2% used [0x0000000080000000,0x0000000080d861a8,0x00000000a0e80000)
 Metaspace       used 34866K, capacity 35250K, committed 35416K, reserved 1081344K
  class space    used 3965K, capacity 4063K, committed 4096K, reserved 1048576K
Event: 56.763 GC heap after
Heap after GC invocations=4 (full 2):
 PSYoungGen      total 611840K, used 0K [0x00000000d5580000, 0x0000000100000000, 0x0000000100000000)
  eden space 524800K, 0% used [0x00000000d5580000,0x00000000d5580000,0x00000000f5600000)
  from space 87040K, 0% used [0x00000000fab00000,0x00000000fab00000,0x0000000100000000)
  to   space 87040K, 0% used [0x00000000f5600000,0x00000000f5600000,0x00000000fab00000)
 ParOldGen       total 548864K, used 23781K [0x0000000080000000, 0x00000000a1800000, 0x00000000d5580000)
  object space 548864K, 4% used [0x0000000080000000,0x0000000081739590,0x00000000a1800000)
 Metaspace       used 34866K, capacity 35250K, committed 35416K, reserved 1081344K
  class space    used 3965K, capacity 4063K, committed 4096K, reserved 1048576K
}
Event: 62.970 GC heap before
{Heap before GC invocations=5 (full 2):
 PSYoungGen      total 611840K, used 339050K [0x00000000d5580000, 0x0000000100000000, 0x0000000100000000)
  eden space 524800K, 64% used [0x00000000d5580000,0x00000000ea09ab20,0x00000000f5600000)
  from space 87040K, 0% used [0x00000000fab00000,0x00000000fab00000,0x0000000100000000)
  to   space 87040K, 0% used [0x00000000f5600000,0x00000000f5600000,0x00000000fab00000)
 ParOldGen       total 548864K, used 23781K [0x0000000080000000, 0x00000000a1800000, 0x00000000d5580000)
  object space 548864K, 4% used [0x0000000080000000,0x0000000081739590,0x00000000a1800000)
 Metaspace       used 57548K, capacity 58888K, committed 59008K, reserved 1101824K
  class space    used 6689K, capacity 6970K, committed 7040K, reserved 1048576K
Event: 63.015 GC heap after
Heap after GC invocations=5 (full 2):
 PSYoungGen      total 611840K, used 27108K [0x00000000d5580000, 0x0000000100000000, 0x0000000100000000)
  eden space 524800K, 0% used [0x00000000d5580000,0x00000000d5580000,0x00000000f5600000)
  from space 87040K, 31% used [0x00000000f5600000,0x00000000f7079228,0x00000000fab00000)
  to   space 87040K, 0% used [0x00000000fab00000,0x00000000fab00000,0x0000000100000000)
 ParOldGen       total 548864K, used 23789K [0x0000000080000000, 0x00000000a1800000, 0x00000000d5580000)
  object space 548864K, 4% used [0x0000000080000000,0x000000008173b590,0x00000000a1800000)
 Metaspace       used 57548K, capacity 58888K, committed 59008K, reserved 1101824K
  class space    used 6689K, capacity 6970K, committed 7040K, reserved 1048576K
}
Event: 63.015 GC heap before
{Heap before GC invocations=6 (full 3):
 PSYoungGen      total 611840K, used 27108K [0x00000000d5580000, 0x0000000100000000, 0x0000000100000000)
  eden space 524800K, 0% used [0x00000000d5580000,0x00000000d5580000,0x00000000f5600000)
  from space 87040K, 31% used [0x00000000f5600000,0x00000000f7079228,0x00000000fab00000)
  to   space 87040K, 0% used [0x00000000fab00000,0x00000000fab00000,0x0000000100000000)
 ParOldGen       total 548864K, used 23789K [0x0000000080000000, 0x00000000a1800000, 0x00000000d5580000)
  object space 548864K, 4% used [0x0000000080000000,0x000000008173b590,0x00000000a1800000)
 Metaspace       used 57548K, capacity 58888K, committed 59008K, reserved 1101824K
  class space    used 6689K, capacity 6970K, committed 7040K, reserved 1048576K
Event: 63.210 GC heap after
Heap after GC invocations=6 (full 3):
 PSYoungGen      total 611840K, used 0K [0x00000000d5580000, 0x0000000100000000, 0x0000000100000000)
  eden space 524800K, 0% used [0x00000000d5580000,0x00000000d5580000,0x00000000f5600000)
  from space 87040K, 0% used [0x00000000f5600000,0x00000000f5600000,0x00000000fab00000)
  to   space 87040K, 0% used [0x00000000fab00000,0x00000000fab00000,0x0000000100000000)
 ParOldGen       total 809472K, used 37960K [0x0000000080000000, 0x00000000b1680000, 0x00000000d5580000)
  object space 809472K, 4% used [0x0000000080000000,0x0000000082512398,0x00000000b1680000)
 Metaspace       used 57542K, capacity 58874K, committed 59008K, reserved 1101824K
  class space    used 6686K, capacity 6965K, committed 7040K, reserved 1048576K
}

