# JRE version: OpenJDK Runtime Environment (8.0_212-b04) (build 1.8.0_212-b04)
# Java VM: OpenJDK 64-Bit Server VM (25.212-b04 mixed mode linux-amd64 compressed oops)
Heap:
 PSYoungGen      total 611840K, used 243120K [0x00000000d5580000, 0x0000000100000000, 0x0000000100000000)
  eden space 524800K, 46% used [0x00000000d5580000,0x00000000e42ec130,0x00000000f5600000)
  from space 87040K, 0% used [0x00000000fab00000,0x00000000fab00000,0x0000000100000000)
  to   space 87040K, 0% used [0x00000000f5600000,0x00000000f5600000,0x00000000fab00000)
 ParOldGen       total 1398272K, used 27242K [0x0000000080000000, 0x00000000d5580000, 0x00000000d5580000)
  object space 1398272K, 1% used [0x0000000080000000,0x0000000081a9a828,0x00000000d5580000)
 Metaspace       used 64018K, capacity 66416K, committed 66560K, reserved 1107968K
  class space    used 7422K, capacity 7856K, committed 7936K, reserved 1048576K
GC Heap History (10 events):
Event: 4.317 GC heap before
{Heap before GC invocations=3 (full 1):
 PSYoungGen      total 611840K, used 481122K [0x00000000d5580000, 0x0000000100000000, 0x0000000100000000)
  eden space 524800K, 91% used [0x00000000d5580000,0x00000000f2b58bd0,0x00000000f5600000)
  from space 87040K, 0% used [0x00000000f5600000,0x00000000f5600000,0x00000000fab00000)
  to   space 87040K, 0% used [0x00000000fab00000,0x00000000fab00000,0x0000000100000000)
 ParOldGen       total 875520K, used 14222K [0x0000000080000000, 0x00000000b5700000, 0x00000000d5580000)
  object space 875520K, 1% used [0x0000000080000000,0x0000000080de3be8,0x00000000b5700000)
 Metaspace       used 34761K, capacity 35118K, committed 35416K, reserved 1081344K
  class space    used 3968K, capacity 4091K, committed 4096K, reserved 1048576K
Event: 4.354 GC heap after
Heap after GC invocations=3 (full 1):
 PSYoungGen      total 611840K, used 19343K [0x00000000d5580000, 0x0000000100000000, 0x0000000100000000)
  eden space 524800K, 0% used [0x00000000d5580000,0x00000000d5580000,0x00000000f5600000)
  from space 87040K, 22% used [0x00000000fab00000,0x00000000fbde3f60,0x0000000100000000)
  to   space 87040K, 0% used [0x00000000f5600000,0x00000000f5600000,0x00000000fab00000)
 ParOldGen       total 875520K, used 14222K [0x0000000080000000, 0x00000000b5700000, 0x00000000d5580000)
  object space 875520K, 1% used [0x0000000080000000,0x0000000080de3be8,0x00000000b5700000)
 Metaspace       used 34761K, capacity 35118K, committed 35416K, reserved 1081344K
  class space    used 3968K, capacity 4091K, committed 4096K, reserved 1048576K
}
Event: 4.354 GC heap before
{Heap before GC invocations=4 (full 2):
 PSYoungGen      total 611840K, used 19343K [0x00000000d5580000, 0x0000000100000000, 0x0000000100000000)
  eden space 524800K, 0% used [0x00000000d5580000,0x00000000d5580000,0x00000000f5600000)
  from space 87040K, 22% used [0x00000000fab00000,0x00000000fbde3f60,0x0000000100000000)
  to   space 87040K, 0% used [0x00000000f5600000,0x00000000f5600000,0x00000000fab00000)
 ParOldGen       total 875520K, used 14222K [0x0000000080000000, 0x00000000b5700000, 0x00000000d5580000)
  object space 875520K, 1% used [0x0000000080000000,0x0000000080de3be8,0x00000000b5700000)
 Metaspace       used 34761K, capacity 35118K, committed 35416K, reserved 1081344K
  class space    used 3968K, capacity 4091K, committed 4096K, reserved 1048576K
Event: 4.446 GC heap after
Heap after GC invocations=4 (full 2):
 PSYoungGen      total 611840K, used 0K [0x00000000d5580000, 0x0000000100000000, 0x0000000100000000)
  eden space 524800K, 0% used [0x00000000d5580000,0x00000000d5580000,0x00000000f5600000)
  from space 87040K, 0% used [0x00000000fab00000,0x00000000fab00000,0x0000000100000000)
  to   space 87040K, 0% used [0x00000000f5600000,0x00000000f5600000,0x00000000fab00000)
 ParOldGen       total 1398272K, used 23900K [0x0000000080000000, 0x00000000d5580000, 0x00000000d5580000)
  object space 1398272K, 1% used [0x0000000080000000,0x0000000081757200,0x00000000d5580000)
 Metaspace       used 34761K, capacity 35118K, committed 35416K, reserved 1081344K
  class space    used 3968K, capacity 4091K, committed 4096K, reserved 1048576K
}
Event: 11.032 GC heap before
{Heap before GC invocations=5 (full 2):
 PSYoungGen      total 611840K, used 524800K [0x00000000d5580000, 0x0000000100000000, 0x0000000100000000)
  eden space 524800K, 100% used [0x00000000d5580000,0x00000000f5600000,0x00000000f5600000)
  from space 87040K, 0% used [0x00000000fab00000,0x00000000fab00000,0x0000000100000000)
  to   space 87040K, 0% used [0x00000000f5600000,0x00000000f5600000,0x00000000fab00000)
 ParOldGen       total 1398272K, used 23900K [0x0000000080000000, 0x00000000d5580000, 0x00000000d5580000)
  object space 1398272K, 1% used [0x0000000080000000,0x0000000081757200,0x00000000d5580000)
 Metaspace       used 54357K, capacity 55642K, committed 55808K, reserved 1097728K
  class space    used 6343K, capacity 6573K, committed 6656K, reserved 1048576K
Event: 11.077 GC heap after
Heap after GC invocations=5 (full 2):
 PSYoungGen      total 611840K, used 28469K [0x00000000d5580000, 0x0000000100000000, 0x0000000100000000)
  eden space 524800K, 0% used [0x00000000d5580000,0x00000000d5580000,0x00000000f5600000)
  from space 87040K, 32% used [0x00000000f5600000,0x00000000f71cd460,0x00000000fab00000)
  to   space 87040K, 0% used [0x00000000fab00000,0x00000000fab00000,0x0000000100000000)
 ParOldGen       total 1398272K, used 23908K [0x0000000080000000, 0x00000000d5580000, 0x00000000d5580000)
  object space 1398272K, 1% used [0x0000000080000000,0x0000000081759200,0x00000000d5580000)
 Metaspace       used 54357K, capacity 55642K, committed 55808K, reserved 1097728K
  class space    used 6343K, capacity 6573K, committed 6656K, reserved 1048576K
}
Event: 11.446 GC heap before
{Heap before GC invocations=6 (full 2):
 PSYoungGen      total 611840K, used 105968K [0x00000000d5580000, 0x0000000100000000, 0x0000000100000000)
  eden space 524800K, 14% used [0x00000000d5580000,0x00000000da12ec18,0x00000000f5600000)
  from space 87040K, 32% used [0x00000000f5600000,0x00000000f71cd460,0x00000000fab00000)
  to   space 87040K, 0% used [0x00000000fab00000,0x00000000fab00000,0x0000000100000000)
 ParOldGen       total 1398272K, used 23908K [0x0000000080000000, 0x00000000d5580000, 0x00000000d5580000)
  object space 1398272K, 1% used [0x0000000080000000,0x0000000081759200,0x00000000d5580000)
 Metaspace       used 57493K, capacity 58876K, committed 59008K, reserved 1101824K
  class space    used 6671K, capacity 6962K, committed 7040K, reserved 1048576K
Event: 11.470 GC heap after
Heap after GC invocations=6 (full 2):
 PSYoungGen      total 611840K, used 15251K [0x00000000d5580000, 0x0000000100000000, 0x0000000100000000)
  eden space 524800K, 0% used [0x00000000d5580000,0x00000000d5580000,0x00000000f5600000)
  from space 87040K, 17% used [0x00000000fab00000,0x00000000fb9e4de0,0x0000000100000000)
  to   space 87040K, 0% used [0x00000000f5600000,0x00000000f5600000,0x00000000fab00000)
 ParOldGen       total 1398272K, used 23908K [0x0000000080000000, 0x00000000d5580000, 0x00000000d5580000)
  object space 1398272K, 1% used [0x0000000080000000,0x0000000081759200,0x00000000d5580000)
 Metaspace       used 57493K, capacity 58876K, committed 59008K, reserved 1101824K
  class space    used 6671K, capacity 6962K, committed 7040K, reserved 1048576K
}
Event: 11.470 GC heap before
{Heap before GC invocations=7 (full 3):
 PSYoungGen      total 611840K, used 15251K [0x00000000d5580000, 0x0000000100000000, 0x0000000100000000)
  eden space 524800K, 0% used [0x00000000d5580000,0x00000000d5580000,0x00000000f5600000)
  from space 87040K, 17% used [0x00000000fab00000,0x00000000fb9e4de0,0x0000000100000000)
  to   space 87040K, 0% used [0x00000000f5600000,0x00000000f5600000,0x00000000fab00000)
 ParOldGen       total 1398272K, used 23908K [0x0000000080000000, 0x00000000d5580000, 0x00000000d5580000)
  object space 1398272K, 1% used [0x0000000080000000,0x0000000081759200,0x00000000d5580000)
 Metaspace       used 57493K, capacity 58876K, committed 59008K, reserved 1101824K
  class space    used 6671K, capacity 6962K, committed 7040K, reserved 1048576K
Event: 11.695 GC heap after
Heap after GC invocations=7 (full 3):
 PSYoungGen      total 611840K, used 0K [0x00000000d5580000, 0x0000000100000000, 0x0000000100000000)
  eden space 524800K, 0% used [0x00000000d5580000,0x00000000d5580000,0x00000000f5600000)
  from space 87040K, 0% used [0x00000000fab00000,0x00000000fab00000,0x0000000100000000)
  to   space 87040K, 0% used [0x00000000f5600000,0x00000000f5600000,0x00000000fab00000)
 ParOldGen       total 1398272K, used 27242K [0x0000000080000000, 0x00000000d5580000, 0x00000000d5580000)
  object space 1398272K, 1% used [0x0000000080000000,0x0000000081a9a828,0x00000000d5580000)
 Metaspace       used 57467K, capacity 58814K, committed 59008K, reserved 1101824K
  class space    used 6661K, capacity 6945K, committed 7040K, reserved 1048576K
}

