# JRE version: OpenJDK Runtime Environment (8.0_212-b04) (build 1.8.0_212-b04)
# Java VM: OpenJDK 64-Bit Server VM (25.212-b04 mixed mode linux-amd64 compressed oops)
Heap:
 PSYoungGen      total 611840K, used 417816K [0x00000000d5580000, 0x0000000100000000, 0x0000000100000000)
  eden space 524800K, 79% used [0x00000000d5580000,0x00000000eed86338,0x00000000f5600000)
  from space 87040K, 0% used [0x00000000f5600000,0x00000000f5600000,0x00000000fab00000)
  to   space 87040K, 0% used [0x00000000fab00000,0x00000000fab00000,0x0000000100000000)
 ParOldGen       total 1398272K, used 46159K [0x0000000080000000, 0x00000000d5580000, 0x00000000d5580000)
  object space 1398272K, 3% used [0x0000000080000000,0x0000000082d13e08,0x00000000d5580000)
 Metaspace       used 65080K, capacity 67964K, committed 68224K, reserved 1110016K
  class space    used 7494K, capacity 8030K, committed 8064K, reserved 1048576K
GC Heap History (10 events):
Event: 2.055 GC heap before
{Heap before GC invocations=2 (full 1):
 PSYoungGen      total 611840K, used 14244K [0x00000000d5580000, 0x0000000100000000, 0x0000000100000000)
  eden space 524800K, 0% used [0x00000000d5580000,0x00000000d5580000,0x00000000f5600000)
  from space 87040K, 16% used [0x00000000f5600000,0x00000000f63e9290,0x00000000fab00000)
  to   space 87040K, 0% used [0x00000000fab00000,0x00000000fab00000,0x0000000100000000)
 ParOldGen       total 1398272K, used 80K [0x0000000080000000, 0x00000000d5580000, 0x00000000d5580000)
  object space 1398272K, 0% used [0x0000000080000000,0x0000000080014010,0x00000000d5580000)
 Metaspace       used 20780K, capacity 21016K, committed 21248K, reserved 1069056K
  class space    used 2340K, capacity 2451K, committed 2560K, reserved 1048576K
Event: 2.129 GC heap after
Heap after GC invocations=2 (full 1):
 PSYoungGen      total 611840K, used 0K [0x00000000d5580000, 0x0000000100000000, 0x0000000100000000)
  eden space 524800K, 0% used [0x00000000d5580000,0x00000000d5580000,0x00000000f5600000)
  from space 87040K, 0% used [0x00000000f5600000,0x00000000f5600000,0x00000000fab00000)
  to   space 87040K, 0% used [0x00000000fab00000,0x00000000fab00000,0x0000000100000000)
 ParOldGen       total 881152K, used 13721K [0x0000000080000000, 0x00000000b5c80000, 0x00000000d5580000)
  object space 881152K, 1% used [0x0000000080000000,0x0000000080d666e0,0x00000000b5c80000)
 Metaspace       used 20780K, capacity 21016K, committed 21248K, reserved 1069056K
  class space    used 2340K, capacity 2451K, committed 2560K, reserved 1048576K
}
Event: 4.139 GC heap before
{Heap before GC invocations=3 (full 1):
 PSYoungGen      total 611840K, used 480650K [0x00000000d5580000, 0x0000000100000000, 0x0000000100000000)
  eden space 524800K, 91% used [0x00000000d5580000,0x00000000f2ae29f8,0x00000000f5600000)
  from space 87040K, 0% used [0x00000000f5600000,0x00000000f5600000,0x00000000fab00000)
  to   space 87040K, 0% used [0x00000000fab00000,0x00000000fab00000,0x0000000100000000)
 ParOldGen       total 881152K, used 13721K [0x0000000080000000, 0x00000000b5c80000, 0x00000000d5580000)
  object space 881152K, 1% used [0x0000000080000000,0x0000000080d666e0,0x00000000b5c80000)
 Metaspace       used 34664K, capacity 35028K, committed 35416K, reserved 1081344K
  class space    used 3944K, capacity 4060K, committed 4096K, reserved 1048576K
Event: 4.172 GC heap after
Heap after GC invocations=3 (full 1):
 PSYoungGen      total 611840K, used 19265K [0x00000000d5580000, 0x0000000100000000, 0x0000000100000000)
  eden space 524800K, 0% used [0x00000000d5580000,0x00000000d5580000,0x00000000f5600000)
  from space 87040K, 22% used [0x00000000fab00000,0x00000000fbdd0468,0x0000000100000000)
  to   space 87040K, 0% used [0x00000000f5600000,0x00000000f5600000,0x00000000fab00000)
 ParOldGen       total 881152K, used 13721K [0x0000000080000000, 0x00000000b5c80000, 0x00000000d5580000)
  object space 881152K, 1% used [0x0000000080000000,0x0000000080d666e0,0x00000000b5c80000)
 Metaspace       used 34664K, capacity 35028K, committed 35416K, reserved 1081344K
  class space    used 3944K, capacity 4060K, committed 4096K, reserved 1048576K
}
Event: 4.172 GC heap before
{Heap before GC invocations=4 (full 2):
 PSYoungGen      total 611840K, used 19265K [0x00000000d5580000, 0x0000000100000000, 0x0000000100000000)
  eden space 524800K, 0% used [0x00000000d5580000,0x00000000d5580000,0x00000000f5600000)
  from space 87040K, 22% used [0x00000000fab00000,0x00000000fbdd0468,0x0000000100000000)
  to   space 87040K, 0% used [0x00000000f5600000,0x00000000f5600000,0x00000000fab00000)
 ParOldGen       total 881152K, used 13721K [0x0000000080000000, 0x00000000b5c80000, 0x00000000d5580000)
  object space 881152K, 1% used [0x0000000080000000,0x0000000080d666e0,0x00000000b5c80000)
 Metaspace       used 34664K, capacity 35028K, committed 35416K, reserved 1081344K
  class space    used 3944K, capacity 4060K, committed 4096K, reserved 1048576K
Event: 4.255 GC heap after
Heap after GC invocations=4 (full 2):
 PSYoungGen      total 611840K, used 0K [0x00000000d5580000, 0x0000000100000000, 0x0000000100000000)
  eden space 524800K, 0% used [0x00000000d5580000,0x00000000d5580000,0x00000000f5600000)
  from space 87040K, 0% used [0x00000000fab00000,0x00000000fab00000,0x0000000100000000)
  to   space 87040K, 0% used [0x00000000f5600000,0x00000000f5600000,0x00000000fab00000)
 ParOldGen       total 1398272K, used 23519K [0x0000000080000000, 0x00000000d5580000, 0x00000000d5580000)
  object space 1398272K, 1% used [0x0000000080000000,0x00000000816f7fd0,0x00000000d5580000)
 Metaspace       used 34664K, capacity 35028K, committed 35416K, reserved 1081344K
  class space    used 3944K, capacity 4060K, committed 4096K, reserved 1048576K
}
Event: 10.147 GC heap before
{Heap before GC invocations=5 (full 2):
 PSYoungGen      total 611840K, used 410182K [0x00000000d5580000, 0x0000000100000000, 0x0000000100000000)
  eden space 524800K, 78% used [0x00000000d5580000,0x00000000ee611858,0x00000000f5600000)
  from space 87040K, 0% used [0x00000000fab00000,0x00000000fab00000,0x0000000100000000)
  to   space 87040K, 0% used [0x00000000f5600000,0x00000000f5600000,0x00000000fab00000)
 ParOldGen       total 1398272K, used 23519K [0x0000000080000000, 0x00000000d5580000, 0x00000000d5580000)
  object space 1398272K, 1% used [0x0000000080000000,0x00000000816f7fd0,0x00000000d5580000)
 Metaspace       used 57527K, capacity 58938K, committed 59008K, reserved 1101824K
  class space    used 6674K, capacity 6979K, committed 7040K, reserved 1048576K
Event: 10.217 GC heap after
Heap after GC invocations=5 (full 2):
 PSYoungGen      total 611840K, used 35759K [0x00000000d5580000, 0x0000000100000000, 0x0000000100000000)
  eden space 524800K, 0% used [0x00000000d5580000,0x00000000d5580000,0x00000000f5600000)
  from space 87040K, 41% used [0x00000000f5600000,0x00000000f78ebc08,0x00000000fab00000)
  to   space 87040K, 0% used [0x00000000fab00000,0x00000000fab00000,0x0000000100000000)
 ParOldGen       total 1398272K, used 23519K [0x0000000080000000, 0x00000000d5580000, 0x00000000d5580000)
  object space 1398272K, 1% used [0x0000000080000000,0x00000000816f7fd0,0x00000000d5580000)
 Metaspace       used 57527K, capacity 58938K, committed 59008K, reserved 1101824K
  class space    used 6674K, capacity 6979K, committed 7040K, reserved 1048576K
}
Event: 10.217 GC heap before
{Heap before GC invocations=6 (full 3):
 PSYoungGen      total 611840K, used 35759K [0x00000000d5580000, 0x0000000100000000, 0x0000000100000000)
  eden space 524800K, 0% used [0x00000000d5580000,0x00000000d5580000,0x00000000f5600000)
  from space 87040K, 41% used [0x00000000f5600000,0x00000000f78ebc08,0x00000000fab00000)
  to   space 87040K, 0% used [0x00000000fab00000,0x00000000fab00000,0x0000000100000000)
 ParOldGen       total 1398272K, used 23519K [0x0000000080000000, 0x00000000d5580000, 0x00000000d5580000)
  object space 1398272K, 1% used [0x0000000080000000,0x00000000816f7fd0,0x00000000d5580000)
 Metaspace       used 57527K, capacity 58938K, committed 59008K, reserved 1101824K
  class space    used 6674K, capacity 6979K, committed 7040K, reserved 1048576K
Event: 10.471 GC heap after
Heap after GC invocations=6 (full 3):
 PSYoungGen      total 611840K, used 0K [0x00000000d5580000, 0x0000000100000000, 0x0000000100000000)
  eden space 524800K, 0% used [0x00000000d5580000,0x00000000d5580000,0x00000000f5600000)
  from space 87040K, 0% used [0x00000000f5600000,0x00000000f5600000,0x00000000fab00000)
  to   space 87040K, 0% used [0x00000000fab00000,0x00000000fab00000,0x0000000100000000)
 ParOldGen       total 1398272K, used 46159K [0x0000000080000000, 0x00000000d5580000, 0x00000000d5580000)
  object space 1398272K, 3% used [0x0000000080000000,0x0000000082d13e08,0x00000000d5580000)
 Metaspace       used 57502K, capacity 58878K, committed 59008K, reserved 1101824K
  class space    used 6664K, capacity 6963K, committed 7040K, reserved 1048576K
}

