# JRE version: OpenJDK Runtime Environment (8.0_212-b04) (build 1.8.0_212-b04)
# Java VM: OpenJDK 64-Bit Server VM (25.212-b04 mixed mode linux-amd64 compressed oops)
Heap:
 PSYoungGen      total 597504K, used 139363K [0x00000000d5580000, 0x00000000fca00000, 0x0000000100000000)
  eden space 524800K, 12% used [0x00000000d5580000,0x00000000d97094e8,0x00000000f5600000)
  from space 72704K, 99% used [0x00000000f5600000,0x00000000f9ca2e50,0x00000000f9d00000)
  to   space 46080K, 0% used [0x00000000f9d00000,0x00000000f9d00000,0x00000000fca00000)
 ParOldGen       total 1398272K, used 32141K [0x0000000080000000, 0x00000000d5580000, 0x00000000d5580000)
  object space 1398272K, 2% used [0x0000000080000000,0x0000000081f634e8,0x00000000d5580000)
 Metaspace       used 76640K, capacity 79736K, committed 80000K, reserved 1120256K
  class space    used 8969K, capacity 9532K, committed 9600K, reserved 1048576K
GC Heap History (10 events):
Event: 4.298 GC heap before
{Heap before GC invocations=4 (full 2):
 PSYoungGen      total 611840K, used 19436K [0x00000000d5580000, 0x0000000100000000, 0x0000000100000000)
  eden space 524800K, 0% used [0x00000000d5580000,0x00000000d5580000,0x00000000f5600000)
  from space 87040K, 22% used [0x00000000fab00000,0x00000000fbdfb348,0x0000000100000000)
  to   space 87040K, 0% used [0x00000000f5600000,0x00000000f5600000,0x00000000fab00000)
 ParOldGen       total 848384K, used 13520K [0x0000000080000000, 0x00000000b3c80000, 0x00000000d5580000)
  object space 848384K, 1% used [0x0000000080000000,0x0000000080d341c8,0x00000000b3c80000)
 Metaspace       used 34734K, capacity 35018K, committed 35416K, reserved 1081344K
  class space    used 4187K, capacity 4289K, committed 4352K, reserved 1048576K
Event: 4.418 GC heap after
Heap after GC invocations=4 (full 2):
 PSYoungGen      total 611840K, used 0K [0x00000000d5580000, 0x0000000100000000, 0x0000000100000000)
  eden space 524800K, 0% used [0x00000000d5580000,0x00000000d5580000,0x00000000f5600000)
  from space 87040K, 0% used [0x00000000fab00000,0x00000000fab00000,0x0000000100000000)
  to   space 87040K, 0% used [0x00000000f5600000,0x00000000f5600000,0x00000000fab00000)
 ParOldGen       total 1398272K, used 24274K [0x0000000080000000, 0x00000000d5580000, 0x00000000d5580000)
  object space 1398272K, 1% used [0x0000000080000000,0x00000000817b4830,0x00000000d5580000)
 Metaspace       used 34734K, capacity 35018K, committed 35416K, reserved 1081344K
  class space    used 4187K, capacity 4289K, committed 4352K, reserved 1048576K
}
Event: 7.052 GC heap before
{Heap before GC invocations=5 (full 2):
 PSYoungGen      total 611840K, used 524800K [0x00000000d5580000, 0x0000000100000000, 0x0000000100000000)
  eden space 524800K, 100% used [0x00000000d5580000,0x00000000f5600000,0x00000000f5600000)
  from space 87040K, 0% used [0x00000000fab00000,0x00000000fab00000,0x0000000100000000)
  to   space 87040K, 0% used [0x00000000f5600000,0x00000000f5600000,0x00000000fab00000)
 ParOldGen       total 1398272K, used 24274K [0x0000000080000000, 0x00000000d5580000, 0x00000000d5580000)
  object space 1398272K, 1% used [0x0000000080000000,0x00000000817b4830,0x00000000d5580000)
 Metaspace       used 49439K, capacity 50208K, committed 50432K, reserved 1093632K
  class space    used 5882K, capacity 6084K, committed 6144K, reserved 1048576K
Event: 7.086 GC heap after
Heap after GC invocations=5 (full 2):
 PSYoungGen      total 611840K, used 21911K [0x00000000d5580000, 0x0000000100000000, 0x0000000100000000)
  eden space 524800K, 0% used [0x00000000d5580000,0x00000000d5580000,0x00000000f5600000)
  from space 87040K, 25% used [0x00000000f5600000,0x00000000f6b65f38,0x00000000fab00000)
  to   space 87040K, 0% used [0x00000000fab00000,0x00000000fab00000,0x0000000100000000)
 ParOldGen       total 1398272K, used 24282K [0x0000000080000000, 0x00000000d5580000, 0x00000000d5580000)
  object space 1398272K, 1% used [0x0000000080000000,0x00000000817b6830,0x00000000d5580000)
 Metaspace       used 49439K, capacity 50208K, committed 50432K, reserved 1093632K
  class space    used 5882K, capacity 6084K, committed 6144K, reserved 1048576K
}
Event: 11.120 GC heap before
{Heap before GC invocations=6 (full 2):
 PSYoungGen      total 611840K, used 317874K [0x00000000d5580000, 0x0000000100000000, 0x0000000100000000)
  eden space 524800K, 56% used [0x00000000d5580000,0x00000000e76868d0,0x00000000f5600000)
  from space 87040K, 25% used [0x00000000f5600000,0x00000000f6b65f38,0x00000000fab00000)
  to   space 87040K, 0% used [0x00000000fab00000,0x00000000fab00000,0x0000000100000000)
 ParOldGen       total 1398272K, used 24282K [0x0000000080000000, 0x00000000d5580000, 0x00000000d5580000)
  object space 1398272K, 1% used [0x0000000080000000,0x00000000817b6830,0x00000000d5580000)
 Metaspace       used 57674K, capacity 58858K, committed 59008K, reserved 1101824K
  class space    used 6935K, capacity 7173K, committed 7296K, reserved 1048576K
Event: 11.151 GC heap after
Heap after GC invocations=6 (full 2):
 PSYoungGen      total 611840K, used 19611K [0x00000000d5580000, 0x0000000100000000, 0x0000000100000000)
  eden space 524800K, 0% used [0x00000000d5580000,0x00000000d5580000,0x00000000f5600000)
  from space 87040K, 22% used [0x00000000fab00000,0x00000000fbe26e40,0x0000000100000000)
  to   space 87040K, 0% used [0x00000000f5600000,0x00000000f5600000,0x00000000fab00000)
 ParOldGen       total 1398272K, used 24290K [0x0000000080000000, 0x00000000d5580000, 0x00000000d5580000)
  object space 1398272K, 1% used [0x0000000080000000,0x00000000817b8830,0x00000000d5580000)
 Metaspace       used 57674K, capacity 58858K, committed 59008K, reserved 1101824K
  class space    used 6935K, capacity 7173K, committed 7296K, reserved 1048576K
}
Event: 11.152 GC heap before
{Heap before GC invocations=7 (full 3):
 PSYoungGen      total 611840K, used 19611K [0x00000000d5580000, 0x0000000100000000, 0x0000000100000000)
  eden space 524800K, 0% used [0x00000000d5580000,0x00000000d5580000,0x00000000f5600000)
  from space 87040K, 22% used [0x00000000fab00000,0x00000000fbe26e40,0x0000000100000000)
  to   space 87040K, 0% used [0x00000000f5600000,0x00000000f5600000,0x00000000fab00000)
 ParOldGen       total 1398272K, used 24290K [0x0000000080000000, 0x00000000d5580000, 0x00000000d5580000)
  object space 1398272K, 1% used [0x0000000080000000,0x00000000817b8830,0x00000000d5580000)
 Metaspace       used 57674K, capacity 58858K, committed 59008K, reserved 1101824K
  class space    used 6935K, capacity 7173K, committed 7296K, reserved 1048576K
Event: 11.418 GC heap after
Heap after GC invocations=7 (full 3):
 PSYoungGen      total 611840K, used 0K [0x00000000d5580000, 0x0000000100000000, 0x0000000100000000)
  eden space 524800K, 0% used [0x00000000d5580000,0x00000000d5580000,0x00000000f5600000)
  from space 87040K, 0% used [0x00000000fab00000,0x00000000fab00000,0x0000000100000000)
  to   space 87040K, 0% used [0x00000000f5600000,0x00000000f5600000,0x00000000fab00000)
 ParOldGen       total 1398272K, used 32133K [0x0000000080000000, 0x00000000d5580000, 0x00000000d5580000)
  object space 1398272K, 2% used [0x0000000080000000,0x0000000081f614e8,0x00000000d5580000)
 Metaspace       used 57581K, capacity 58634K, committed 59008K, reserved 1101824K
  class space    used 6901K, capacity 7115K, committed 7296K, reserved 1048576K
}
Event: 24.150 GC heap before
{Heap before GC invocations=8 (full 3):
 PSYoungGen      total 611840K, used 524800K [0x00000000d5580000, 0x0000000100000000, 0x0000000100000000)
  eden space 524800K, 100% used [0x00000000d5580000,0x00000000f5600000,0x00000000f5600000)
  from space 87040K, 0% used [0x00000000fab00000,0x00000000fab00000,0x0000000100000000)
  to   space 87040K, 0% used [0x00000000f5600000,0x00000000f5600000,0x00000000fab00000)
 ParOldGen       total 1398272K, used 32133K [0x0000000080000000, 0x00000000d5580000, 0x00000000d5580000)
  object space 1398272K, 2% used [0x0000000080000000,0x0000000081f614e8,0x00000000d5580000)
 Metaspace       used 76258K, capacity 79078K, committed 79104K, reserved 1118208K
  class space    used 8928K, capacity 9455K, committed 9472K, reserved 1048576K
Event: 24.245 GC heap after
Heap after GC invocations=8 (full 3):
 PSYoungGen      total 597504K, used 72331K [0x00000000d5580000, 0x00000000fca00000, 0x0000000100000000)
  eden space 524800K, 0% used [0x00000000d5580000,0x00000000d5580000,0x00000000f5600000)
  from space 72704K, 99% used [0x00000000f5600000,0x00000000f9ca2e50,0x00000000f9d00000)
  to   space 46080K, 0% used [0x00000000f9d00000,0x00000000f9d00000,0x00000000fca00000)
 ParOldGen       total 1398272K, used 32141K [0x0000000080000000, 0x00000000d5580000, 0x00000000d5580000)
  object space 1398272K, 2% used [0x0000000080000000,0x0000000081f634e8,0x00000000d5580000)
 Metaspace       used 76258K, capacity 79078K, committed 79104K, reserved 1118208K
  class space    used 8928K, capacity 9455K, committed 9472K, reserved 1048576K
}

