# JRE version: OpenJDK Runtime Environment (8.0_212-b04) (build 1.8.0_212-b04)
# Java VM: OpenJDK 64-Bit Server VM (25.212-b04 mixed mode linux-amd64 compressed oops)
Heap:
 PSYoungGen      total 582144K, used 267879K [0x00000000d5580000, 0x0000000100000000, 0x0000000100000000)
  eden space 550912K, 42% used [0x00000000d5580000,0x00000000e3c9b908,0x00000000f6f80000)
  from space 31232K, 99% used [0x00000000f6f80000,0x00000000f8dfe538,0x00000000f8e00000)
  to   space 116736K, 0% used [0x00000000f8e00000,0x00000000f8e00000,0x0000000100000000)
 ParOldGen       total 1398272K, used 867380K [0x0000000080000000, 0x00000000d5580000, 0x00000000d5580000)
  object space 1398272K, 62% used [0x0000000080000000,0x00000000b4f0d378,0x00000000d5580000)
 Metaspace       used 66283K, capacity 68869K, committed 69120K, reserved 1110016K
  class space    used 7432K, capacity 7895K, committed 7936K, reserved 1048576K
GC Heap History (10 events):
Event: 13.347 GC heap before
{Heap before GC invocations=7 (full 3):
 PSYoungGen      total 611840K, used 28951K [0x00000000d5580000, 0x0000000100000000, 0x0000000100000000)
  eden space 524800K, 0% used [0x00000000d5580000,0x00000000d5580000,0x00000000f5600000)
  from space 87040K, 33% used [0x00000000fab00000,0x00000000fc745c00,0x0000000100000000)
  to   space 87040K, 0% used [0x00000000f5600000,0x00000000f5600000,0x00000000fab00000)
 ParOldGen       total 1398272K, used 23852K [0x0000000080000000, 0x00000000d5580000, 0x00000000d5580000)
  object space 1398272K, 1% used [0x0000000080000000,0x000000008174b2a8,0x00000000d5580000)
 Metaspace       used 57489K, capacity 58877K, committed 59028K, reserved 1101824K
  class space    used 6636K, capacity 6912K, committed 6912K, reserved 1048576K
Event: 13.651 GC heap after
Heap after GC invocations=7 (full 3):
 PSYoungGen      total 611840K, used 0K [0x00000000d5580000, 0x0000000100000000, 0x0000000100000000)
  eden space 524800K, 0% used [0x00000000d5580000,0x00000000d5580000,0x00000000f5600000)
  from space 87040K, 0% used [0x00000000fab00000,0x00000000fab00000,0x0000000100000000)
  to   space 87040K, 0% used [0x00000000f5600000,0x00000000f5600000,0x00000000fab00000)
 ParOldGen       total 1398272K, used 40224K [0x0000000080000000, 0x00000000d5580000, 0x00000000d5580000)
  object space 1398272K, 2% used [0x0000000080000000,0x00000000827480b8,0x00000000d5580000)
 Metaspace       used 57469K, capacity 58829K, committed 59028K, reserved 1101824K
  class space    used 6629K, capacity 6900K, committed 6912K, reserved 1048576K
}
Event: 19.418 GC heap before
{Heap before GC invocations=8 (full 3):
 PSYoungGen      total 611840K, used 343157K [0x00000000d5580000, 0x0000000100000000, 0x0000000100000000)
  eden space 524800K, 65% used [0x00000000d5580000,0x00000000ea49d538,0x00000000f5600000)
  from space 87040K, 0% used [0x00000000fab00000,0x00000000fab00000,0x0000000100000000)
  to   space 87040K, 0% used [0x00000000f5600000,0x00000000f5600000,0x00000000fab00000)
 ParOldGen       total 1398272K, used 40224K [0x0000000080000000, 0x00000000d5580000, 0x00000000d5580000)
  object space 1398272K, 2% used [0x0000000080000000,0x00000000827480b8,0x00000000d5580000)
 Metaspace       used 59874K, capacity 61801K, committed 61952K, reserved 1103872K
  class space    used 6947K, capacity 7303K, committed 7424K, reserved 1048576K
Event: 19.734 GC heap after
Heap after GC invocations=8 (full 3):
 PSYoungGen      total 534528K, used 9478K [0x00000000d5580000, 0x00000000fab80000, 0x0000000100000000)
  eden space 524800K, 0% used [0x00000000d5580000,0x00000000d5580000,0x00000000f5600000)
  from space 9728K, 97% used [0x00000000f5600000,0x00000000f5f41af0,0x00000000f5f80000)
  to   space 30208K, 0% used [0x00000000f8e00000,0x00000000f8e00000,0x00000000fab80000)
 ParOldGen       total 1398272K, used 449824K [0x0000000080000000, 0x00000000d5580000, 0x00000000d5580000)
  object space 1398272K, 32% used [0x0000000080000000,0x000000009b7480d8,0x00000000d5580000)
 Metaspace       used 59874K, capacity 61801K, committed 61952K, reserved 1103872K
  class space    used 6947K, capacity 7303K, committed 7424K, reserved 1048576K
}
Event: 20.093 GC heap before
{Heap before GC invocations=9 (full 3):
 PSYoungGen      total 534528K, used 534278K [0x00000000d5580000, 0x00000000fab80000, 0x0000000100000000)
  eden space 524800K, 100% used [0x00000000d5580000,0x00000000f5600000,0x00000000f5600000)
  from space 9728K, 97% used [0x00000000f5600000,0x00000000f5f41af0,0x00000000f5f80000)
  to   space 30208K, 0% used [0x00000000f8e00000,0x00000000f8e00000,0x00000000fab80000)
 ParOldGen       total 1398272K, used 449824K [0x0000000080000000, 0x00000000d5580000, 0x00000000d5580000)
  object space 1398272K, 32% used [0x0000000080000000,0x000000009b7480d8,0x00000000d5580000)
 Metaspace       used 59874K, capacity 61801K, committed 61952K, reserved 1103872K
  class space    used 6947K, capacity 7303K, committed 7424K, reserved 1048576K
Event: 20.577 GC heap after
Heap after GC invocations=9 (full 3):
 PSYoungGen      total 581120K, used 4705K [0x00000000d5580000, 0x0000000100000000, 0x0000000100000000)
  eden space 550912K, 0% used [0x00000000d5580000,0x00000000d5580000,0x00000000f6f80000)
  from space 30208K, 15% used [0x00000000f8e00000,0x00000000f92986e8,0x00000000fab80000)
  to   space 31232K, 0% used [0x00000000f6f80000,0x00000000f6f80000,0x00000000f8e00000)
 ParOldGen       total 1398272K, used 961824K [0x0000000080000000, 0x00000000d5580000, 0x00000000d5580000)
  object space 1398272K, 68% used [0x0000000080000000,0x00000000bab480f8,0x00000000d5580000)
 Metaspace       used 59874K, capacity 61801K, committed 61952K, reserved 1103872K
  class space    used 6947K, capacity 7303K, committed 7424K, reserved 1048576K
}
Event: 20.577 GC heap before
{Heap before GC invocations=10 (full 4):
 PSYoungGen      total 581120K, used 4705K [0x00000000d5580000, 0x0000000100000000, 0x0000000100000000)
  eden space 550912K, 0% used [0x00000000d5580000,0x00000000d5580000,0x00000000f6f80000)
  from space 30208K, 15% used [0x00000000f8e00000,0x00000000f92986e8,0x00000000fab80000)
  to   space 31232K, 0% used [0x00000000f6f80000,0x00000000f6f80000,0x00000000f8e00000)
 ParOldGen       total 1398272K, used 961824K [0x0000000080000000, 0x00000000d5580000, 0x00000000d5580000)
  object space 1398272K, 68% used [0x0000000080000000,0x00000000bab480f8,0x00000000d5580000)
 Metaspace       used 59874K, capacity 61801K, committed 61952K, reserved 1103872K
  class space    used 6947K, capacity 7303K, committed 7424K, reserved 1048576K
Event: 20.859 GC heap after
Heap after GC invocations=10 (full 4):
 PSYoungGen      total 581120K, used 0K [0x00000000d5580000, 0x0000000100000000, 0x0000000100000000)
  eden space 550912K, 0% used [0x00000000d5580000,0x00000000d5580000,0x00000000f6f80000)
  from space 30208K, 0% used [0x00000000f8e00000,0x00000000f8e00000,0x00000000fab80000)
  to   space 31232K, 0% used [0x00000000f6f80000,0x00000000f6f80000,0x00000000f8e00000)
 ParOldGen       total 1398272K, used 544207K [0x0000000080000000, 0x00000000d5580000, 0x00000000d5580000)
  object space 1398272K, 38% used [0x0000000080000000,0x00000000a1373e88,0x00000000d5580000)
 Metaspace       used 59749K, capacity 61467K, committed 61952K, reserved 1103872K
  class space    used 6904K, capacity 7224K, committed 7424K, reserved 1048576K
}
Event: 32.091 GC heap before
{Heap before GC invocations=11 (full 4):
 PSYoungGen      total 581120K, used 550634K [0x00000000d5580000, 0x0000000100000000, 0x0000000100000000)
  eden space 550912K, 99% used [0x00000000d5580000,0x00000000f6f3aa30,0x00000000f6f80000)
  from space 30208K, 0% used [0x00000000f8e00000,0x00000000f8e00000,0x00000000fab80000)
  to   space 31232K, 0% used [0x00000000f6f80000,0x00000000f6f80000,0x00000000f8e00000)
 ParOldGen       total 1398272K, used 544207K [0x0000000080000000, 0x00000000d5580000, 0x00000000d5580000)
  object space 1398272K, 38% used [0x0000000080000000,0x00000000a1373e88,0x00000000d5580000)
 Metaspace       used 65504K, capacity 67959K, committed 68096K, reserved 1110016K
  class space    used 7400K, capacity 7836K, committed 7936K, reserved 1048576K
Event: 32.235 GC heap after
Heap after GC invocations=11 (full 4):
 PSYoungGen      total 582144K, used 31225K [0x00000000d5580000, 0x0000000100000000, 0x0000000100000000)
  eden space 550912K, 0% used [0x00000000d5580000,0x00000000d5580000,0x00000000f6f80000)
  from space 31232K, 99% used [0x00000000f6f80000,0x00000000f8dfe538,0x00000000f8e00000)
  to   space 116736K, 0% used [0x00000000f8e00000,0x00000000f8e00000,0x0000000100000000)
 ParOldGen       total 1398272K, used 867380K [0x0000000080000000, 0x00000000d5580000, 0x00000000d5580000)
  object space 1398272K, 62% used [0x0000000080000000,0x00000000b4f0d378,0x00000000d5580000)
 Metaspace       used 65504K, capacity 67959K, committed 68096K, reserved 1110016K
  class space    used 7400K, capacity 7836K, committed 7936K, reserved 1048576K
}

