# JRE version: OpenJDK Runtime Environment (8.0_212-b04) (build 1.8.0_212-b04)
# Java VM: OpenJDK 64-Bit Server VM (25.212-b04 mixed mode linux-amd64 compressed oops)
Heap:
 PSYoungGen      total 611840K, used 396499K [0x00000000d5580000, 0x0000000100000000, 0x0000000100000000)
  eden space 524800K, 75% used [0x00000000d5580000,0x00000000ed8b4e80,0x00000000f5600000)
  from space 87040K, 0% used [0x00000000fab00000,0x00000000fab00000,0x0000000100000000)
  to   space 87040K, 0% used [0x00000000f5600000,0x00000000f5600000,0x00000000fab00000)
 ParOldGen       total 1398272K, used 30164K [0x0000000080000000, 0x00000000d5580000, 0x00000000d5580000)
  object space 1398272K, 2% used [0x0000000080000000,0x0000000081d752e8,0x00000000d5580000)
 Metaspace       used 63611K, capacity 66076K, committed 66176K, reserved 1107968K
  class space    used 7301K, capacity 7744K, committed 7808K, reserved 1048576K
GC Heap History (10 events):
Event: 9.673 GC heap before
{Heap before GC invocations=3 (full 1):
 PSYoungGen      total 611840K, used 445298K [0x00000000d5580000, 0x0000000100000000, 0x0000000100000000)
  eden space 524800K, 84% used [0x00000000d5580000,0x00000000f085cb28,0x00000000f5600000)
  from space 87040K, 0% used [0x00000000f5600000,0x00000000f5600000,0x00000000fab00000)
  to   space 87040K, 0% used [0x00000000fab00000,0x00000000fab00000,0x0000000100000000)
 ParOldGen       total 886784K, used 13749K [0x0000000080000000, 0x00000000b6200000, 0x00000000d5580000)
  object space 886784K, 1% used [0x0000000080000000,0x0000000080d6d718,0x00000000b6200000)
 Metaspace       used 34810K, capacity 35182K, committed 35416K, reserved 1081344K
  class space    used 3973K, capacity 4091K, committed 4096K, reserved 1048576K
Event: 9.713 GC heap after
Heap after GC invocations=3 (full 1):
 PSYoungGen      total 611840K, used 19130K [0x00000000d5580000, 0x0000000100000000, 0x0000000100000000)
  eden space 524800K, 0% used [0x00000000d5580000,0x00000000d5580000,0x00000000f5600000)
  from space 87040K, 21% used [0x00000000fab00000,0x00000000fbdaea90,0x0000000100000000)
  to   space 87040K, 0% used [0x00000000f5600000,0x00000000f5600000,0x00000000fab00000)
 ParOldGen       total 886784K, used 13757K [0x0000000080000000, 0x00000000b6200000, 0x00000000d5580000)
  object space 886784K, 1% used [0x0000000080000000,0x0000000080d6f718,0x00000000b6200000)
 Metaspace       used 34810K, capacity 35182K, committed 35416K, reserved 1081344K
  class space    used 3973K, capacity 4091K, committed 4096K, reserved 1048576K
}
Event: 9.713 GC heap before
{Heap before GC invocations=4 (full 2):
 PSYoungGen      total 611840K, used 19130K [0x00000000d5580000, 0x0000000100000000, 0x0000000100000000)
  eden space 524800K, 0% used [0x00000000d5580000,0x00000000d5580000,0x00000000f5600000)
  from space 87040K, 21% used [0x00000000fab00000,0x00000000fbdaea90,0x0000000100000000)
  to   space 87040K, 0% used [0x00000000f5600000,0x00000000f5600000,0x00000000fab00000)
 ParOldGen       total 886784K, used 13757K [0x0000000080000000, 0x00000000b6200000, 0x00000000d5580000)
  object space 886784K, 1% used [0x0000000080000000,0x0000000080d6f718,0x00000000b6200000)
 Metaspace       used 34810K, capacity 35182K, committed 35416K, reserved 1081344K
  class space    used 3973K, capacity 4091K, committed 4096K, reserved 1048576K
Event: 9.842 GC heap after
Heap after GC invocations=4 (full 2):
 PSYoungGen      total 611840K, used 0K [0x00000000d5580000, 0x0000000100000000, 0x0000000100000000)
  eden space 524800K, 0% used [0x00000000d5580000,0x00000000d5580000,0x00000000f5600000)
  from space 87040K, 0% used [0x00000000fab00000,0x00000000fab00000,0x0000000100000000)
  to   space 87040K, 0% used [0x00000000f5600000,0x00000000f5600000,0x00000000fab00000)
 ParOldGen       total 1398272K, used 23567K [0x0000000080000000, 0x00000000d5580000, 0x00000000d5580000)
  object space 1398272K, 1% used [0x0000000080000000,0x0000000081703f88,0x00000000d5580000)
 Metaspace       used 34810K, capacity 35182K, committed 35416K, reserved 1081344K
  class space    used 3973K, capacity 4091K, committed 4096K, reserved 1048576K
}
Event: 16.436 GC heap before
{Heap before GC invocations=5 (full 2):
 PSYoungGen      total 611840K, used 524800K [0x00000000d5580000, 0x0000000100000000, 0x0000000100000000)
  eden space 524800K, 100% used [0x00000000d5580000,0x00000000f5600000,0x00000000f5600000)
  from space 87040K, 0% used [0x00000000fab00000,0x00000000fab00000,0x0000000100000000)
  to   space 87040K, 0% used [0x00000000f5600000,0x00000000f5600000,0x00000000fab00000)
 ParOldGen       total 1398272K, used 23567K [0x0000000080000000, 0x00000000d5580000, 0x00000000d5580000)
  object space 1398272K, 1% used [0x0000000080000000,0x0000000081703f88,0x00000000d5580000)
 Metaspace       used 51361K, capacity 52644K, committed 52992K, reserved 1095680K
  class space    used 6047K, capacity 6294K, committed 6400K, reserved 1048576K
Event: 16.513 GC heap after
Heap after GC invocations=5 (full 2):
 PSYoungGen      total 611840K, used 25215K [0x00000000d5580000, 0x0000000100000000, 0x0000000100000000)
  eden space 524800K, 0% used [0x00000000d5580000,0x00000000d5580000,0x00000000f5600000)
  from space 87040K, 28% used [0x00000000f5600000,0x00000000f6e9fdc8,0x00000000fab00000)
  to   space 87040K, 0% used [0x00000000fab00000,0x00000000fab00000,0x0000000100000000)
 ParOldGen       total 1398272K, used 23575K [0x0000000080000000, 0x00000000d5580000, 0x00000000d5580000)
  object space 1398272K, 1% used [0x0000000080000000,0x0000000081705f88,0x00000000d5580000)
 Metaspace       used 51361K, capacity 52644K, committed 52992K, reserved 1095680K
  class space    used 6047K, capacity 6294K, committed 6400K, reserved 1048576K
}
Event: 17.381 GC heap before
{Heap before GC invocations=6 (full 2):
 PSYoungGen      total 611840K, used 164195K [0x00000000d5580000, 0x0000000100000000, 0x0000000100000000)
  eden space 524800K, 26% used [0x00000000d5580000,0x00000000ddd38f00,0x00000000f5600000)
  from space 87040K, 28% used [0x00000000f5600000,0x00000000f6e9fdc8,0x00000000fab00000)
  to   space 87040K, 0% used [0x00000000fab00000,0x00000000fab00000,0x0000000100000000)
 ParOldGen       total 1398272K, used 23575K [0x0000000080000000, 0x00000000d5580000, 0x00000000d5580000)
  object space 1398272K, 1% used [0x0000000080000000,0x0000000081705f88,0x00000000d5580000)
 Metaspace       used 57359K, capacity 58826K, committed 59008K, reserved 1101824K
  class space    used 6644K, capacity 6941K, committed 7040K, reserved 1048576K
Event: 17.415 GC heap after
Heap after GC invocations=6 (full 2):
 PSYoungGen      total 611840K, used 18704K [0x00000000d5580000, 0x0000000100000000, 0x0000000100000000)
  eden space 524800K, 0% used [0x00000000d5580000,0x00000000d5580000,0x00000000f5600000)
  from space 87040K, 21% used [0x00000000fab00000,0x00000000fbd44008,0x0000000100000000)
  to   space 87040K, 0% used [0x00000000f5600000,0x00000000f5600000,0x00000000fab00000)
 ParOldGen       total 1398272K, used 23583K [0x0000000080000000, 0x00000000d5580000, 0x00000000d5580000)
  object space 1398272K, 1% used [0x0000000080000000,0x0000000081707f88,0x00000000d5580000)
 Metaspace       used 57359K, capacity 58826K, committed 59008K, reserved 1101824K
  class space    used 6644K, capacity 6941K, committed 7040K, reserved 1048576K
}
Event: 17.415 GC heap before
{Heap before GC invocations=7 (full 3):
 PSYoungGen      total 611840K, used 18704K [0x00000000d5580000, 0x0000000100000000, 0x0000000100000000)
  eden space 524800K, 0% used [0x00000000d5580000,0x00000000d5580000,0x00000000f5600000)
  from space 87040K, 21% used [0x00000000fab00000,0x00000000fbd44008,0x0000000100000000)
  to   space 87040K, 0% used [0x00000000f5600000,0x00000000f5600000,0x00000000fab00000)
 ParOldGen       total 1398272K, used 23583K [0x0000000080000000, 0x00000000d5580000, 0x00000000d5580000)
  object space 1398272K, 1% used [0x0000000080000000,0x0000000081707f88,0x00000000d5580000)
 Metaspace       used 57359K, capacity 58826K, committed 59008K, reserved 1101824K
  class space    used 6644K, capacity 6941K, committed 7040K, reserved 1048576K
Event: 17.709 GC heap after
Heap after GC invocations=7 (full 3):
 PSYoungGen      total 611840K, used 0K [0x00000000d5580000, 0x0000000100000000, 0x0000000100000000)
  eden space 524800K, 0% used [0x00000000d5580000,0x00000000d5580000,0x00000000f5600000)
  from space 87040K, 0% used [0x00000000fab00000,0x00000000fab00000,0x0000000100000000)
  to   space 87040K, 0% used [0x00000000f5600000,0x00000000f5600000,0x00000000fab00000)
 ParOldGen       total 1398272K, used 30164K [0x0000000080000000, 0x00000000d5580000, 0x00000000d5580000)
  object space 1398272K, 2% used [0x0000000080000000,0x0000000081d752e8,0x00000000d5580000)
 Metaspace       used 57330K, capacity 58754K, committed 59008K, reserved 1101824K
  class space    used 6633K, capacity 6923K, committed 7040K, reserved 1048576K
}

