# JRE version: OpenJDK Runtime Environment (8.0_212-b04) (build 1.8.0_212-b04)
# Java VM: OpenJDK 64-Bit Server VM (25.212-b04 mixed mode linux-amd64 compressed oops)
Heap:
 PSYoungGen      total 567296K, used 218106K [0x00000000d5580000, 0x0000000100000000, 0x0000000100000000)
  eden space 486912K, 28% used [0x00000000d5580000,0x00000000ddc04e18,0x00000000f3100000)
  from space 80384K, 99% used [0x00000000fa480000,0x00000000ff2f9cb0,0x00000000ff300000)
  to   space 105984K, 0% used [0x00000000f3100000,0x00000000f3100000,0x00000000f9880000)
 ParOldGen       total 1398272K, used 56139K [0x0000000080000000, 0x00000000d5580000, 0x00000000d5580000)
  object space 1398272K, 4% used [0x0000000080000000,0x00000000836d2f40,0x00000000d5580000)
 Metaspace       used 68278K, capacity 71390K, committed 71424K, reserved 1112064K
  class space    used 7612K, capacity 8163K, committed 8192K, reserved 1048576K
GC Heap History (10 events):
Event: 17.329 GC heap before
{Heap before GC invocations=5 (full 2):
 PSYoungGen      total 611840K, used 480715K [0x00000000d5580000, 0x0000000100000000, 0x0000000100000000)
  eden space 524800K, 91% used [0x00000000d5580000,0x00000000f2af2ee0,0x00000000f5600000)
  from space 87040K, 0% used [0x00000000fab00000,0x00000000fab00000,0x0000000100000000)
  to   space 87040K, 0% used [0x00000000f5600000,0x00000000f5600000,0x00000000fab00000)
 ParOldGen       total 1398272K, used 23578K [0x0000000080000000, 0x00000000d5580000, 0x00000000d5580000)
  object space 1398272K, 1% used [0x0000000080000000,0x0000000081706ac0,0x00000000d5580000)
 Metaspace       used 57473K, capacity 58864K, committed 59008K, reserved 1101824K
  class space    used 6669K, capacity 6946K, committed 7040K, reserved 1048576K
Event: 17.400 GC heap after
Heap after GC invocations=5 (full 2):
 PSYoungGen      total 611840K, used 30860K [0x00000000d5580000, 0x0000000100000000, 0x0000000100000000)
  eden space 524800K, 0% used [0x00000000d5580000,0x00000000d5580000,0x00000000f5600000)
  from space 87040K, 35% used [0x00000000f5600000,0x00000000f74233b8,0x00000000fab00000)
  to   space 87040K, 0% used [0x00000000fab00000,0x00000000fab00000,0x0000000100000000)
 ParOldGen       total 1398272K, used 23586K [0x0000000080000000, 0x00000000d5580000, 0x00000000d5580000)
  object space 1398272K, 1% used [0x0000000080000000,0x0000000081708ac0,0x00000000d5580000)
 Metaspace       used 57473K, capacity 58864K, committed 59008K, reserved 1101824K
  class space    used 6669K, capacity 6946K, committed 7040K, reserved 1048576K
}
Event: 17.400 GC heap before
{Heap before GC invocations=6 (full 3):
 PSYoungGen      total 611840K, used 30860K [0x00000000d5580000, 0x0000000100000000, 0x0000000100000000)
  eden space 524800K, 0% used [0x00000000d5580000,0x00000000d5580000,0x00000000f5600000)
  from space 87040K, 35% used [0x00000000f5600000,0x00000000f74233b8,0x00000000fab00000)
  to   space 87040K, 0% used [0x00000000fab00000,0x00000000fab00000,0x0000000100000000)
 ParOldGen       total 1398272K, used 23586K [0x0000000080000000, 0x00000000d5580000, 0x00000000d5580000)
  object space 1398272K, 1% used [0x0000000080000000,0x0000000081708ac0,0x00000000d5580000)
 Metaspace       used 57473K, capacity 58864K, committed 59008K, reserved 1101824K
  class space    used 6669K, capacity 6946K, committed 7040K, reserved 1048576K
Event: 17.653 GC heap after
Heap after GC invocations=6 (full 3):
 PSYoungGen      total 611840K, used 0K [0x00000000d5580000, 0x0000000100000000, 0x0000000100000000)
  eden space 524800K, 0% used [0x00000000d5580000,0x00000000d5580000,0x00000000f5600000)
  from space 87040K, 0% used [0x00000000f5600000,0x00000000f5600000,0x00000000fab00000)
  to   space 87040K, 0% used [0x00000000fab00000,0x00000000fab00000,0x0000000100000000)
 ParOldGen       total 1398272K, used 41503K [0x0000000080000000, 0x00000000d5580000, 0x00000000d5580000)
  object space 1398272K, 2% used [0x0000000080000000,0x0000000082887da8,0x00000000d5580000)
 Metaspace       used 57437K, capacity 58774K, committed 59008K, reserved 1101824K
  class space    used 6656K, capacity 6923K, committed 7040K, reserved 1048576K
}
Event: 74.099 GC heap before
{Heap before GC invocations=7 (full 3):
 PSYoungGen      total 611840K, used 524376K [0x00000000d5580000, 0x0000000100000000, 0x0000000100000000)
  eden space 524800K, 99% used [0x00000000d5580000,0x00000000f5596338,0x00000000f5600000)
  from space 87040K, 0% used [0x00000000f5600000,0x00000000f5600000,0x00000000fab00000)
  to   space 87040K, 0% used [0x00000000fab00000,0x00000000fab00000,0x0000000100000000)
 ParOldGen       total 1398272K, used 41503K [0x0000000080000000, 0x00000000d5580000, 0x00000000d5580000)
  object space 1398272K, 2% used [0x0000000080000000,0x0000000082887da8,0x00000000d5580000)
 Metaspace       used 65920K, capacity 68456K, committed 68608K, reserved 1110016K
  class space    used 7467K, capacity 7930K, committed 7936K, reserved 1048576K
Event: 74.238 GC heap after
Heap after GC invocations=7 (full 3):
 PSYoungGen      total 611840K, used 57332K [0x00000000d5580000, 0x0000000100000000, 0x0000000100000000)
  eden space 524800K, 0% used [0x00000000d5580000,0x00000000d5580000,0x00000000f5600000)
  from space 87040K, 65% used [0x00000000fab00000,0x00000000fe2fd188,0x0000000100000000)
  to   space 87040K, 0% used [0x00000000f5600000,0x00000000f5600000,0x00000000fab00000)
 ParOldGen       total 1398272K, used 41511K [0x0000000080000000, 0x00000000d5580000, 0x00000000d5580000)
  object space 1398272K, 2% used [0x0000000080000000,0x0000000082889da8,0x00000000d5580000)
 Metaspace       used 65920K, capacity 68456K, committed 68608K, reserved 1110016K
  class space    used 7467K, capacity 7930K, committed 7936K, reserved 1048576K
}
Event: 94.563 GC heap before
{Heap before GC invocations=8 (full 3):
 PSYoungGen      total 611840K, used 582132K [0x00000000d5580000, 0x0000000100000000, 0x0000000100000000)
  eden space 524800K, 100% used [0x00000000d5580000,0x00000000f5600000,0x00000000f5600000)
  from space 87040K, 65% used [0x00000000fab00000,0x00000000fe2fd188,0x0000000100000000)
  to   space 87040K, 0% used [0x00000000f5600000,0x00000000f5600000,0x00000000fab00000)
 ParOldGen       total 1398272K, used 41511K [0x0000000080000000, 0x00000000d5580000, 0x00000000d5580000)
  object space 1398272K, 2% used [0x0000000080000000,0x0000000082889da8,0x00000000d5580000)
 Metaspace       used 67155K, capacity 69924K, committed 70016K, reserved 1112064K
  class space    used 7551K, capacity 8052K, committed 8064K, reserved 1048576K
Event: 94.669 GC heap after
Heap after GC invocations=8 (full 3):
 PSYoungGen      total 594432K, used 69536K [0x00000000d5580000, 0x00000000ff300000, 0x0000000100000000)
  eden space 524800K, 0% used [0x00000000d5580000,0x00000000d5580000,0x00000000f5600000)
  from space 69632K, 99% used [0x00000000f5600000,0x00000000f99e8080,0x00000000f9a00000)
  to   space 80384K, 0% used [0x00000000fa480000,0x00000000fa480000,0x00000000ff300000)
 ParOldGen       total 1398272K, used 41511K [0x0000000080000000, 0x00000000d5580000, 0x00000000d5580000)
  object space 1398272K, 2% used [0x0000000080000000,0x0000000082889da8,0x00000000d5580000)
 Metaspace       used 67155K, capacity 69924K, committed 70016K, reserved 1112064K
  class space    used 7551K, capacity 8052K, committed 8064K, reserved 1048576K
}
Event: 102.745 GC heap before
{Heap before GC invocations=9 (full 3):
 PSYoungGen      total 594432K, used 593586K [0x00000000d5580000, 0x00000000ff300000, 0x0000000100000000)
  eden space 524800K, 99% used [0x00000000d5580000,0x00000000f55449b8,0x00000000f5600000)
  from space 69632K, 99% used [0x00000000f5600000,0x00000000f99e8080,0x00000000f9a00000)
  to   space 80384K, 0% used [0x00000000fa480000,0x00000000fa480000,0x00000000ff300000)
 ParOldGen       total 1398272K, used 41511K [0x0000000080000000, 0x00000000d5580000, 0x00000000d5580000)
  object space 1398272K, 2% used [0x0000000080000000,0x0000000082889da8,0x00000000d5580000)
 Metaspace       used 68086K, capacity 71218K, committed 71424K, reserved 1112064K
  class space    used 7612K, capacity 8163K, committed 8192K, reserved 1048576K
Event: 102.853 GC heap after
Heap after GC invocations=9 (full 3):
 PSYoungGen      total 567296K, used 80359K [0x00000000d5580000, 0x0000000100000000, 0x0000000100000000)
  eden space 486912K, 0% used [0x00000000d5580000,0x00000000d5580000,0x00000000f3100000)
  from space 80384K, 99% used [0x00000000fa480000,0x00000000ff2f9cb0,0x00000000ff300000)
  to   space 105984K, 0% used [0x00000000f3100000,0x00000000f3100000,0x00000000f9880000)
 ParOldGen       total 1398272K, used 56139K [0x0000000080000000, 0x00000000d5580000, 0x00000000d5580000)
  object space 1398272K, 4% used [0x0000000080000000,0x00000000836d2f40,0x00000000d5580000)
 Metaspace       used 68086K, capacity 71218K, committed 71424K, reserved 1112064K
  class space    used 7612K, capacity 8163K, committed 8192K, reserved 1048576K
}

