# JRE version: OpenJDK Runtime Environment (8.0_212-b04) (build 1.8.0_212-b04)
# Java VM: OpenJDK 64-Bit Server VM (25.212-b04 mixed mode linux-amd64 compressed oops)
Heap:
 PSYoungGen      total 611840K, used 61479K [0x00000000d5580000, 0x0000000100000000, 0x0000000100000000)
  eden space 524800K, 11% used [0x00000000d5580000,0x00000000d9189d58,0x00000000f5600000)
  from space 87040K, 0% used [0x00000000f5600000,0x00000000f5600000,0x00000000fab00000)
  to   space 87040K, 0% used [0x00000000fab00000,0x00000000fab00000,0x0000000100000000)
 ParOldGen       total 1398272K, used 38044K [0x0000000080000000, 0x00000000d5580000, 0x00000000d5580000)
  object space 1398272K, 2% used [0x0000000080000000,0x00000000825272d0,0x00000000d5580000)
 Metaspace       used 58753K, capacity 60128K, committed 60416K, reserved 1101824K
  class space    used 6796K, capacity 7064K, committed 7168K, reserved 1048576K
GC Heap History (10 events):
Event: 2.413 GC heap before
{Heap before GC invocations=2 (full 1):
 PSYoungGen      total 611840K, used 14379K [0x00000000d5580000, 0x0000000100000000, 0x0000000100000000)
  eden space 524800K, 0% used [0x00000000d5580000,0x00000000d5580000,0x00000000f5600000)
  from space 87040K, 16% used [0x00000000f5600000,0x00000000f640af60,0x00000000fab00000)
  to   space 87040K, 0% used [0x00000000fab00000,0x00000000fab00000,0x0000000100000000)
 ParOldGen       total 1398272K, used 80K [0x0000000080000000, 0x00000000d5580000, 0x00000000d5580000)
  object space 1398272K, 0% used [0x0000000080000000,0x0000000080014010,0x00000000d5580000)
 Metaspace       used 20819K, capacity 21074K, committed 21248K, reserved 1069056K
  class space    used 2361K, capacity 2450K, committed 2560K, reserved 1048576K
Event: 2.511 GC heap after
Heap after GC invocations=2 (full 1):
 PSYoungGen      total 611840K, used 0K [0x00000000d5580000, 0x0000000100000000, 0x0000000100000000)
  eden space 524800K, 0% used [0x00000000d5580000,0x00000000d5580000,0x00000000f5600000)
  from space 87040K, 0% used [0x00000000f5600000,0x00000000f5600000,0x00000000fab00000)
  to   space 87040K, 0% used [0x00000000fab00000,0x00000000fab00000,0x0000000100000000)
 ParOldGen       total 872960K, used 13843K [0x0000000080000000, 0x00000000b5480000, 0x00000000d5580000)
  object space 872960K, 1% used [0x0000000080000000,0x0000000080d84c88,0x00000000b5480000)
 Metaspace       used 20819K, capacity 21074K, committed 21248K, reserved 1069056K
  class space    used 2361K, capacity 2450K, committed 2560K, reserved 1048576K
}
Event: 5.353 GC heap before
{Heap before GC invocations=3 (full 1):
 PSYoungGen      total 611840K, used 445299K [0x00000000d5580000, 0x0000000100000000, 0x0000000100000000)
  eden space 524800K, 84% used [0x00000000d5580000,0x00000000f085cc20,0x00000000f5600000)
  from space 87040K, 0% used [0x00000000f5600000,0x00000000f5600000,0x00000000fab00000)
  to   space 87040K, 0% used [0x00000000fab00000,0x00000000fab00000,0x0000000100000000)
 ParOldGen       total 872960K, used 13843K [0x0000000080000000, 0x00000000b5480000, 0x00000000d5580000)
  object space 872960K, 1% used [0x0000000080000000,0x0000000080d84c88,0x00000000b5480000)
 Metaspace       used 34802K, capacity 35182K, committed 35416K, reserved 1081344K
  class space    used 3976K, capacity 4091K, committed 4096K, reserved 1048576K
Event: 5.387 GC heap after
Heap after GC invocations=3 (full 1):
 PSYoungGen      total 611840K, used 19301K [0x00000000d5580000, 0x0000000100000000, 0x0000000100000000)
  eden space 524800K, 0% used [0x00000000d5580000,0x00000000d5580000,0x00000000f5600000)
  from space 87040K, 22% used [0x00000000fab00000,0x00000000fbdd9480,0x0000000100000000)
  to   space 87040K, 0% used [0x00000000f5600000,0x00000000f5600000,0x00000000fab00000)
 ParOldGen       total 872960K, used 13851K [0x0000000080000000, 0x00000000b5480000, 0x00000000d5580000)
  object space 872960K, 1% used [0x0000000080000000,0x0000000080d86c88,0x00000000b5480000)
 Metaspace       used 34802K, capacity 35182K, committed 35416K, reserved 1081344K
  class space    used 3976K, capacity 4091K, committed 4096K, reserved 1048576K
}
Event: 5.387 GC heap before
{Heap before GC invocations=4 (full 2):
 PSYoungGen      total 611840K, used 19301K [0x00000000d5580000, 0x0000000100000000, 0x0000000100000000)
  eden space 524800K, 0% used [0x00000000d5580000,0x00000000d5580000,0x00000000f5600000)
  from space 87040K, 22% used [0x00000000fab00000,0x00000000fbdd9480,0x0000000100000000)
  to   space 87040K, 0% used [0x00000000f5600000,0x00000000f5600000,0x00000000fab00000)
 ParOldGen       total 872960K, used 13851K [0x0000000080000000, 0x00000000b5480000, 0x00000000d5580000)
  object space 872960K, 1% used [0x0000000080000000,0x0000000080d86c88,0x00000000b5480000)
 Metaspace       used 34802K, capacity 35182K, committed 35416K, reserved 1081344K
  class space    used 3976K, capacity 4091K, committed 4096K, reserved 1048576K
Event: 5.470 GC heap after
Heap after GC invocations=4 (full 2):
 PSYoungGen      total 611840K, used 0K [0x00000000d5580000, 0x0000000100000000, 0x0000000100000000)
  eden space 524800K, 0% used [0x00000000d5580000,0x00000000d5580000,0x00000000f5600000)
  from space 87040K, 0% used [0x00000000fab00000,0x00000000fab00000,0x0000000100000000)
  to   space 87040K, 0% used [0x00000000f5600000,0x00000000f5600000,0x00000000fab00000)
 ParOldGen       total 1398272K, used 23732K [0x0000000080000000, 0x00000000d5580000, 0x00000000d5580000)
  object space 1398272K, 1% used [0x0000000080000000,0x000000008172d140,0x00000000d5580000)
 Metaspace       used 34802K, capacity 35182K, committed 35416K, reserved 1081344K
  class space    used 3976K, capacity 4091K, committed 4096K, reserved 1048576K
}
Event: 12.211 GC heap before
{Heap before GC invocations=5 (full 2):
 PSYoungGen      total 611840K, used 316407K [0x00000000d5580000, 0x0000000100000000, 0x0000000100000000)
  eden space 524800K, 60% used [0x00000000d5580000,0x00000000e8a7dd28,0x00000000f5600000)
  from space 87040K, 0% used [0x00000000fab00000,0x00000000fab00000,0x0000000100000000)
  to   space 87040K, 0% used [0x00000000f5600000,0x00000000f5600000,0x00000000fab00000)
 ParOldGen       total 1398272K, used 23732K [0x0000000080000000, 0x00000000d5580000, 0x00000000d5580000)
  object space 1398272K, 1% used [0x0000000080000000,0x000000008172d140,0x00000000d5580000)
 Metaspace       used 57548K, capacity 58926K, committed 59008K, reserved 1101824K
  class space    used 6690K, capacity 6963K, committed 7040K, reserved 1048576K
Event: 12.249 GC heap after
Heap after GC invocations=5 (full 2):
 PSYoungGen      total 611840K, used 27257K [0x00000000d5580000, 0x0000000100000000, 0x0000000100000000)
  eden space 524800K, 0% used [0x00000000d5580000,0x00000000d5580000,0x00000000f5600000)
  from space 87040K, 31% used [0x00000000f5600000,0x00000000f709e478,0x00000000fab00000)
  to   space 87040K, 0% used [0x00000000fab00000,0x00000000fab00000,0x0000000100000000)
 ParOldGen       total 1398272K, used 23740K [0x0000000080000000, 0x00000000d5580000, 0x00000000d5580000)
  object space 1398272K, 1% used [0x0000000080000000,0x000000008172f140,0x00000000d5580000)
 Metaspace       used 57548K, capacity 58926K, committed 59008K, reserved 1101824K
  class space    used 6690K, capacity 6963K, committed 7040K, reserved 1048576K
}
Event: 12.249 GC heap before
{Heap before GC invocations=6 (full 3):
 PSYoungGen      total 611840K, used 27257K [0x00000000d5580000, 0x0000000100000000, 0x0000000100000000)
  eden space 524800K, 0% used [0x00000000d5580000,0x00000000d5580000,0x00000000f5600000)
  from space 87040K, 31% used [0x00000000f5600000,0x00000000f709e478,0x00000000fab00000)
  to   space 87040K, 0% used [0x00000000fab00000,0x00000000fab00000,0x0000000100000000)
 ParOldGen       total 1398272K, used 23740K [0x0000000080000000, 0x00000000d5580000, 0x00000000d5580000)
  object space 1398272K, 1% used [0x0000000080000000,0x000000008172f140,0x00000000d5580000)
 Metaspace       used 57548K, capacity 58926K, committed 59008K, reserved 1101824K
  class space    used 6690K, capacity 6963K, committed 7040K, reserved 1048576K
Event: 12.465 GC heap after
Heap after GC invocations=6 (full 3):
 PSYoungGen      total 611840K, used 0K [0x00000000d5580000, 0x0000000100000000, 0x0000000100000000)
  eden space 524800K, 0% used [0x00000000d5580000,0x00000000d5580000,0x00000000f5600000)
  from space 87040K, 0% used [0x00000000f5600000,0x00000000f5600000,0x00000000fab00000)
  to   space 87040K, 0% used [0x00000000fab00000,0x00000000fab00000,0x0000000100000000)
 ParOldGen       total 1398272K, used 38044K [0x0000000080000000, 0x00000000d5580000, 0x00000000d5580000)
  object space 1398272K, 2% used [0x0000000080000000,0x00000000825272d0,0x00000000d5580000)
 Metaspace       used 57541K, capacity 58912K, committed 59008K, reserved 1101824K
  class space    used 6687K, capacity 6958K, committed 7040K, reserved 1048576K
}

