# JRE version: OpenJDK Runtime Environment (8.0_212-b04) (build 1.8.0_212-b04)
# Java VM: OpenJDK 64-Bit Server VM (25.212-b04 mixed mode linux-amd64 compressed oops)
Heap:
 PSYoungGen      total 611840K, used 83313K [0x00000000d5580000, 0x0000000100000000, 0x0000000100000000)
  eden space 524800K, 15% used [0x00000000d5580000,0x00000000da6dc400,0x00000000f5600000)
  from space 87040K, 0% used [0x00000000fab00000,0x00000000fab00000,0x0000000100000000)
  to   space 87040K, 0% used [0x00000000f5600000,0x00000000f5600000,0x00000000fab00000)
 ParOldGen       total 1398272K, used 22665K [0x0000000080000000, 0x00000000d5580000, 0x00000000d5580000)
  object space 1398272K, 1% used [0x0000000080000000,0x0000000081622488,0x00000000d5580000)
 Metaspace       used 35184K, capacity 35598K, committed 36136K, reserved 1081344K
  class space    used 4014K, capacity 4127K, committed 4224K, reserved 1048576K
GC Heap History (8 events):
Event: 2.927 GC heap before
{Heap before GC invocations=1 (full 0):
 PSYoungGen      total 611840K, used 188929K [0x00000000d5580000, 0x0000000100000000, 0x0000000100000000)
  eden space 524800K, 36% used [0x00000000d5580000,0x00000000e0e00628,0x00000000f5600000)
  from space 87040K, 0% used [0x00000000fab00000,0x00000000fab00000,0x0000000100000000)
  to   space 87040K, 0% used [0x00000000f5600000,0x00000000f5600000,0x00000000fab00000)
 ParOldGen       total 1398272K, used 0K [0x0000000080000000, 0x00000000d5580000, 0x00000000d5580000)
  object space 1398272K, 0% used [0x0000000080000000,0x0000000080000000,0x00000000d5580000)
 Metaspace       used 20863K, capacity 21136K, committed 21296K, reserved 1069056K
  class space    used 2338K, capacity 2430K, committed 2432K, reserved 1048576K
Event: 2.969 GC heap after
Heap after GC invocations=1 (full 0):
 PSYoungGen      total 611840K, used 13764K [0x00000000d5580000, 0x0000000100000000, 0x0000000100000000)
  eden space 524800K, 0% used [0x00000000d5580000,0x00000000d5580000,0x00000000f5600000)
  from space 87040K, 15% used [0x00000000f5600000,0x00000000f63710b8,0x00000000fab00000)
  to   space 87040K, 0% used [0x00000000fab00000,0x00000000fab00000,0x0000000100000000)
 ParOldGen       total 1398272K, used 80K [0x0000000080000000, 0x00000000d5580000, 0x00000000d5580000)
  object space 1398272K, 0% used [0x0000000080000000,0x0000000080014010,0x00000000d5580000)
 Metaspace       used 20863K, capacity 21136K, committed 21296K, reserved 1069056K
  class space    used 2338K, capacity 2430K, committed 2432K, reserved 1048576K
}
Event: 2.969 GC heap before
{Heap before GC invocations=2 (full 1):
 PSYoungGen      total 611840K, used 13764K [0x00000000d5580000, 0x0000000100000000, 0x0000000100000000)
  eden space 524800K, 0% used [0x00000000d5580000,0x00000000d5580000,0x00000000f5600000)
  from space 87040K, 15% used [0x00000000f5600000,0x00000000f63710b8,0x00000000fab00000)
  to   space 87040K, 0% used [0x00000000fab00000,0x00000000fab00000,0x0000000100000000)
 ParOldGen       total 1398272K, used 80K [0x0000000080000000, 0x00000000d5580000, 0x00000000d5580000)
  object space 1398272K, 0% used [0x0000000080000000,0x0000000080014010,0x00000000d5580000)
 Metaspace       used 20863K, capacity 21136K, committed 21296K, reserved 1069056K
  class space    used 2338K, capacity 2430K, committed 2432K, reserved 1048576K
Event: 3.073 GC heap after
Heap after GC invocations=2 (full 1):
 PSYoungGen      total 611840K, used 0K [0x00000000d5580000, 0x0000000100000000, 0x0000000100000000)
  eden space 524800K, 0% used [0x00000000d5580000,0x00000000d5580000,0x00000000f5600000)
  from space 87040K, 0% used [0x00000000f5600000,0x00000000f5600000,0x00000000fab00000)
  to   space 87040K, 0% used [0x00000000fab00000,0x00000000fab00000,0x0000000100000000)
 ParOldGen       total 908288K, used 13298K [0x0000000080000000, 0x00000000b7700000, 0x00000000d5580000)
  object space 908288K, 1% used [0x0000000080000000,0x0000000080cfc960,0x00000000b7700000)
 Metaspace       used 20863K, capacity 21136K, committed 21296K, reserved 1069056K
  class space    used 2338K, capacity 2430K, committed 2432K, reserved 1048576K
}
Event: 4.862 GC heap before
{Heap before GC invocations=3 (full 1):
 PSYoungGen      total 611840K, used 419847K [0x00000000d5580000, 0x0000000100000000, 0x0000000100000000)
  eden space 524800K, 80% used [0x00000000d5580000,0x00000000eef81d80,0x00000000f5600000)
  from space 87040K, 0% used [0x00000000f5600000,0x00000000f5600000,0x00000000fab00000)
  to   space 87040K, 0% used [0x00000000fab00000,0x00000000fab00000,0x0000000100000000)
 ParOldGen       total 908288K, used 13298K [0x0000000080000000, 0x00000000b7700000, 0x00000000d5580000)
  object space 908288K, 1% used [0x0000000080000000,0x0000000080cfc960,0x00000000b7700000)
 Metaspace       used 34810K, capacity 35180K, committed 35496K, reserved 1081344K
  class space    used 3972K, capacity 4094K, committed 4096K, reserved 1048576K
Event: 4.902 GC heap after
Heap after GC invocations=3 (full 1):
 PSYoungGen      total 611840K, used 18429K [0x00000000d5580000, 0x0000000100000000, 0x0000000100000000)
  eden space 524800K, 0% used [0x00000000d5580000,0x00000000d5580000,0x00000000f5600000)
  from space 87040K, 21% used [0x00000000fab00000,0x00000000fbcff508,0x0000000100000000)
  to   space 87040K, 0% used [0x00000000f5600000,0x00000000f5600000,0x00000000fab00000)
 ParOldGen       total 908288K, used 13306K [0x0000000080000000, 0x00000000b7700000, 0x00000000d5580000)
  object space 908288K, 1% used [0x0000000080000000,0x0000000080cfe960,0x00000000b7700000)
 Metaspace       used 34810K, capacity 35180K, committed 35496K, reserved 1081344K
  class space    used 3972K, capacity 4094K, committed 4096K, reserved 1048576K
}
Event: 4.902 GC heap before
{Heap before GC invocations=4 (full 2):
 PSYoungGen      total 611840K, used 18429K [0x00000000d5580000, 0x0000000100000000, 0x0000000100000000)
  eden space 524800K, 0% used [0x00000000d5580000,0x00000000d5580000,0x00000000f5600000)
  from space 87040K, 21% used [0x00000000fab00000,0x00000000fbcff508,0x0000000100000000)
  to   space 87040K, 0% used [0x00000000f5600000,0x00000000f5600000,0x00000000fab00000)
 ParOldGen       total 908288K, used 13306K [0x0000000080000000, 0x00000000b7700000, 0x00000000d5580000)
  object space 908288K, 1% used [0x0000000080000000,0x0000000080cfe960,0x00000000b7700000)
 Metaspace       used 34810K, capacity 35180K, committed 35496K, reserved 1081344K
  class space    used 3972K, capacity 4094K, committed 4096K, reserved 1048576K
Event: 5.008 GC heap after
Heap after GC invocations=4 (full 2):
 PSYoungGen      total 611840K, used 0K [0x00000000d5580000, 0x0000000100000000, 0x0000000100000000)
  eden space 524800K, 0% used [0x00000000d5580000,0x00000000d5580000,0x00000000f5600000)
  from space 87040K, 0% used [0x00000000fab00000,0x00000000fab00000,0x0000000100000000)
  to   space 87040K, 0% used [0x00000000f5600000,0x00000000f5600000,0x00000000fab00000)
 ParOldGen       total 1398272K, used 22665K [0x0000000080000000, 0x00000000d5580000, 0x00000000d5580000)
  object space 1398272K, 1% used [0x0000000080000000,0x0000000081622488,0x00000000d5580000)
 Metaspace       used 34810K, capacity 35180K, committed 35496K, reserved 1081344K
  class space    used 3972K, capacity 4094K, committed 4096K, reserved 1048576K
}

