+ mvn install -B -f pom.ozone.xml -DskipTests
[INFO] Scanning for projects...
[WARNING] 
[WARNING] Some problems were encountered while building the effective model for org.apache.hadoop:hadoop-ozone-recon:jar:0.5.0-SNAPSHOT
[WARNING] The expression ${version} is deprecated. Please use ${project.version} instead.
[WARNING] 
[WARNING] Some problems were encountered while building the effective model for org.apache.hadoop:hadoop-hdds-server-scm:jar:0.5.0-SNAPSHOT
[WARNING] 'dependencies.dependency.(groupId:artifactId:type:classifier)' must be unique: io.dropwizard.metrics:metrics-core:jar -> duplicate declaration of version (?) @ line 103, column 17
[WARNING] 
[WARNING] It is highly recommended to fix these problems because they threaten the stability of your build.
[WARNING] 
[WARNING] For this reason, future Maven versions might no longer support building such malformed projects.
[WARNING] 
[INFO] ------------------------------------------------------------------------
[INFO] Detecting the operating system and CPU architecture
[INFO] ------------------------------------------------------------------------
[INFO] os.detected.name: linux
[INFO] os.detected.arch: x86_64
[INFO] os.detected.version: 3.10
[INFO] os.detected.version.major: 3
[INFO] os.detected.version.minor: 10
[INFO] os.detected.release: alpine
[INFO] os.detected.release.version: 3.8.2
[INFO] os.detected.release.like.alpine: true
[INFO] os.detected.classifier: linux-x86_64
[INFO] ------------------------------------------------------------------------
[INFO] Reactor Build Order:
[INFO] 
[INFO] Apache Hadoop HDDS                                                 [pom]
[INFO] Apache Hadoop HDDS Config                                          [jar]
[INFO] Apache Hadoop HDDS Common                                          [jar]
[INFO] Apache Hadoop HDDS Server Framework                                [jar]
[INFO] Apache Hadoop HDDS Container Service                               [jar]
[INFO] Apache Hadoop HDDS Client                                          [jar]
[INFO] Apache Hadoop HDDS Tools                                           [jar]
[INFO] Apache Hadoop Ozone                                                [pom]
[INFO] Apache Hadoop Ozone Common                                         [jar]
[INFO] Apache Hadoop Ozone Client                                         [jar]
[INFO] Apache Hadoop HDDS/Ozone Documentation                             [jar]
[INFO] Apache Hadoop HDDS SCM Server                                      [jar]
[INFO] Apache Hadoop Ozone Manager Server                                 [jar]
[INFO] Apache Hadoop Ozone Object Store REST Service                      [jar]
[INFO] Apache Hadoop Ozone S3 Gateway                                     [jar]
[INFO] Apache Hadoop Ozone CSI service                                    [jar]
[INFO] Apache Hadoop Ozone Recon CodeGen                                  [jar]
[INFO] Apache Hadoop Ozone Recon                                          [jar]
[INFO] Apache Hadoop Ozone Integration Tests                              [jar]
[INFO] Apache Hadoop Ozone FileSystem                                     [jar]
[INFO] Apache Hadoop Ozone FileSystem Single Jar Library                  [jar]
[INFO] Apache Hadoop Ozone FileSystem Legacy Jar Library                  [jar]
[INFO] Apache Hadoop Ozone Tools                                          [jar]
[INFO] Apache Hadoop Ozone Datanode                                       [jar]
[INFO] Apache Hadoop Ozone In-Place Upgrade                               [jar]
[INFO] Apache Hadoop Ozone Distribution                                   [pom]
[INFO] Apache Hadoop Ozone Fault Injection Tests                          [pom]
[INFO] Apache Hadoop Ozone Network Tests                                  [jar]
[INFO] Apache Hadoop Ozone Main                                           [pom]
[INFO] 
[INFO] -------------------< org.apache.hadoop:hadoop-hdds >--------------------
[INFO] Building Apache Hadoop HDDS 0.5.0-SNAPSHOT                        [1/29]
[INFO] --------------------------------[ pom ]---------------------------------
[INFO] 
[INFO] --- maven-antrun-plugin:1.7:run (create-testdirs) @ hadoop-hdds ---
[INFO] Executing tasks

main:
    [mkdir] Created dir: /workdir/hadoop-hdds/target/test-dir
[INFO] Executed tasks
[INFO] 
[INFO] --- maven-remote-resources-plugin:1.5:process (default) @ hadoop-hdds ---
[INFO] 
[INFO] --- maven-site-plugin:3.6:attach-descriptor (attach-descriptor) @ hadoop-hdds ---
[INFO] No site descriptor found: nothing to attach.
[INFO] 
[INFO] --- maven-dependency-plugin:3.0.2:build-classpath (add-classpath-descriptor) @ hadoop-hdds ---
[INFO] Wrote classpath file '/workdir/hadoop-hdds/target/classpath'.
[INFO] 
[INFO] --- build-helper-maven-plugin:1.9:attach-artifact (attach-classpath-artifact) @ hadoop-hdds ---
[INFO] 
[INFO] --- maven-jar-plugin:2.5:test-jar (default) @ hadoop-hdds ---
[WARNING] JAR will be empty - no content was marked for inclusion!
[INFO] Building jar: /workdir/hadoop-hdds/target/hadoop-hdds-0.5.0-SNAPSHOT-tests.jar
[INFO] 
[INFO] --- animal-sniffer-maven-plugin:1.16:check (signature-check) @ hadoop-hdds ---
[INFO] Checking unresolved references to org.codehaus.mojo.signature:java18:1.0
[INFO] Downloading from apache.snapshots.https: https://repository.apache.org/content/repositories/snapshots/org/codehaus/mojo/signature/java18/1.0/java18-1.0.signature
[INFO] Downloading from repository.jboss.org: http://repository.jboss.org/nexus/content/groups/public/org/codehaus/mojo/signature/java18/1.0/java18-1.0.signature
[INFO] Downloading from central: https://repo.maven.apache.org/maven2/org/codehaus/mojo/signature/java18/1.0/java18-1.0.signature
[INFO] Downloaded from central: https://repo.maven.apache.org/maven2/org/codehaus/mojo/signature/java18/1.0/java18-1.0.signature (2.0 MB at 8.5 MB/s)
[INFO] 
[INFO] --- maven-enforcer-plugin:3.0.0-M1:enforce (depcheck) @ hadoop-hdds ---
[INFO] 
[INFO] --- maven-install-plugin:2.5.1:install (default-install) @ hadoop-hdds ---
[INFO] Installing /workdir/hadoop-hdds/pom.xml to /home/user/.m2/repository/org/apache/hadoop/hadoop-hdds/0.5.0-SNAPSHOT/hadoop-hdds-0.5.0-SNAPSHOT.pom
[INFO] Installing /workdir/hadoop-hdds/target/classpath to /home/user/.m2/repository/org/apache/hadoop/hadoop-hdds/0.5.0-SNAPSHOT/hadoop-hdds-0.5.0-SNAPSHOT-classpath.cp
[INFO] Installing /workdir/hadoop-hdds/target/hadoop-hdds-0.5.0-SNAPSHOT-tests.jar to /home/user/.m2/repository/org/apache/hadoop/hadoop-hdds/0.5.0-SNAPSHOT/hadoop-hdds-0.5.0-SNAPSHOT-tests.jar
[INFO] 
[INFO] ----------------< org.apache.hadoop:hadoop-hdds-config >----------------
[INFO] Building Apache Hadoop HDDS Config 0.5.0-SNAPSHOT                 [2/29]
[INFO] --------------------------------[ jar ]---------------------------------
[INFO] 
[INFO] --- maven-antrun-plugin:1.7:run (create-testdirs) @ hadoop-hdds-config ---
[INFO] Executing tasks

main:
    [mkdir] Created dir: /workdir/hadoop-hdds/config/target/test-dir
[INFO] Executed tasks
[INFO] 
[INFO] --- maven-remote-resources-plugin:1.5:process (default) @ hadoop-hdds-config ---
[INFO] 
[INFO] --- maven-resources-plugin:2.6:resources (default-resources) @ hadoop-hdds-config ---
[INFO] Using 'UTF-8' encoding to copy filtered resources.
[INFO] skip non existing resourceDirectory /workdir/hadoop-hdds/config/src/main/resources
[INFO] Copying 2 resources
[INFO] 
[INFO] --- maven-compiler-plugin:3.1:compile (default-compile) @ hadoop-hdds-config ---
[INFO] Compiling 8 source files to /workdir/hadoop-hdds/config/target/classes
[INFO] 
[INFO] --- maven-resources-plugin:2.6:testResources (default-testResources) @ hadoop-hdds-config ---
[INFO] Using 'UTF-8' encoding to copy filtered resources.
[INFO] Copying 1 resource
[INFO] Copying 2 resources
[INFO] 
[INFO] --- maven-compiler-plugin:3.1:testCompile (default-testCompile) @ hadoop-hdds-config ---
[INFO] Compiling 3 source files to /workdir/hadoop-hdds/config/target/test-classes
[INFO] 
[INFO] --- maven-surefire-plugin:3.0.0-M1:test (default-test) @ hadoop-hdds-config ---
[INFO] Tests are skipped.
[INFO] 
[INFO] --- maven-jar-plugin:2.5:jar (default-jar) @ hadoop-hdds-config ---
[INFO] Building jar: /workdir/hadoop-hdds/config/target/hadoop-hdds-config-0.5.0-SNAPSHOT.jar
[INFO] 
[INFO] --- maven-site-plugin:3.6:attach-descriptor (attach-descriptor) @ hadoop-hdds-config ---
[INFO] Skipping because packaging 'jar' is not pom.
[INFO] 
[INFO] --- maven-dependency-plugin:3.0.2:build-classpath (add-classpath-descriptor) @ hadoop-hdds-config ---
[INFO] Wrote classpath file '/workdir/hadoop-hdds/config/target/classpath'.
[INFO] 
[INFO] --- build-helper-maven-plugin:1.9:attach-artifact (attach-classpath-artifact) @ hadoop-hdds-config ---
[INFO] 
[INFO] --- maven-jar-plugin:2.5:test-jar (default) @ hadoop-hdds-config ---
[INFO] Building jar: /workdir/hadoop-hdds/config/target/hadoop-hdds-config-0.5.0-SNAPSHOT-tests.jar
[INFO] 
[INFO] --- animal-sniffer-maven-plugin:1.16:check (signature-check) @ hadoop-hdds-config ---
[INFO] Checking unresolved references to org.codehaus.mojo.signature:java18:1.0
[INFO] 
[INFO] --- maven-enforcer-plugin:3.0.0-M1:enforce (depcheck) @ hadoop-hdds-config ---
[INFO] 
[INFO] --- maven-install-plugin:2.5.1:install (default-install) @ hadoop-hdds-config ---
[INFO] Installing /workdir/hadoop-hdds/config/target/hadoop-hdds-config-0.5.0-SNAPSHOT.jar to /home/user/.m2/repository/org/apache/hadoop/hadoop-hdds-config/0.5.0-SNAPSHOT/hadoop-hdds-config-0.5.0-SNAPSHOT.jar
[INFO] Installing /workdir/hadoop-hdds/config/pom.xml to /home/user/.m2/repository/org/apache/hadoop/hadoop-hdds-config/0.5.0-SNAPSHOT/hadoop-hdds-config-0.5.0-SNAPSHOT.pom
[INFO] Installing /workdir/hadoop-hdds/config/target/classpath to /home/user/.m2/repository/org/apache/hadoop/hadoop-hdds-config/0.5.0-SNAPSHOT/hadoop-hdds-config-0.5.0-SNAPSHOT-classpath.cp
[INFO] Installing /workdir/hadoop-hdds/config/target/hadoop-hdds-config-0.5.0-SNAPSHOT-tests.jar to /home/user/.m2/repository/org/apache/hadoop/hadoop-hdds-config/0.5.0-SNAPSHOT/hadoop-hdds-config-0.5.0-SNAPSHOT-tests.jar
[INFO] 
[INFO] ----------------< org.apache.hadoop:hadoop-hdds-common >----------------
[INFO] Building Apache Hadoop HDDS Common 0.5.0-SNAPSHOT                 [3/29]
[INFO] --------------------------------[ jar ]---------------------------------
[INFO] Downloading from apache.snapshots.https: https://repository.apache.org/content/repositories/snapshots/org/apache/ratis/ratis-server/0.4.0-2337318-SNAPSHOT/maven-metadata.xml
[INFO] Downloaded from apache.snapshots.https: https://repository.apache.org/content/repositories/snapshots/org/apache/ratis/ratis-server/0.4.0-2337318-SNAPSHOT/maven-metadata.xml (1.0 kB at 936 B/s)
[INFO] Downloading from apache.snapshots.https: https://repository.apache.org/content/repositories/snapshots/org/apache/ratis/ratis-server/0.4.0-2337318-SNAPSHOT/ratis-server-0.4.0-2337318-20190628.085515-1.pom
[INFO] Downloaded from apache.snapshots.https: https://repository.apache.org/content/repositories/snapshots/org/apache/ratis/ratis-server/0.4.0-2337318-SNAPSHOT/ratis-server-0.4.0-2337318-20190628.085515-1.pom (2.7 kB at 4.4 kB/s)
[INFO] Downloading from apache.snapshots.https: https://repository.apache.org/content/repositories/snapshots/org/apache/ratis/ratis/0.4.0-2337318-SNAPSHOT/maven-metadata.xml
[INFO] Downloaded from apache.snapshots.https: https://repository.apache.org/content/repositories/snapshots/org/apache/ratis/ratis/0.4.0-2337318-SNAPSHOT/maven-metadata.xml (614 B at 1.0 kB/s)
[INFO] Downloading from apache.snapshots.https: https://repository.apache.org/content/repositories/snapshots/org/apache/ratis/ratis/0.4.0-2337318-SNAPSHOT/ratis-0.4.0-2337318-20190628.085254-1.pom
[INFO] Downloaded from apache.snapshots.https: https://repository.apache.org/content/repositories/snapshots/org/apache/ratis/ratis/0.4.0-2337318-SNAPSHOT/ratis-0.4.0-2337318-20190628.085254-1.pom (33 kB at 49 kB/s)
[INFO] Downloading from apache.snapshots.https: https://repository.apache.org/content/repositories/snapshots/org/apache/ratis/ratis-proto/0.4.0-2337318-SNAPSHOT/maven-metadata.xml
[INFO] Downloading from apache.snapshots: https://repository.apache.org/snapshots/org/apache/ratis/ratis-proto/0.4.0-2337318-SNAPSHOT/maven-metadata.xml
[INFO] Downloaded from apache.snapshots.https: https://repository.apache.org/content/repositories/snapshots/org/apache/ratis/ratis-proto/0.4.0-2337318-SNAPSHOT/maven-metadata.xml (1.2 kB at 2.0 kB/s)
[INFO] Downloaded from apache.snapshots: https://repository.apache.org/snapshots/org/apache/ratis/ratis-proto/0.4.0-2337318-SNAPSHOT/maven-metadata.xml (1.2 kB at 2.0 kB/s)
[INFO] Downloading from apache.snapshots.https: https://repository.apache.org/content/repositories/snapshots/org/apache/ratis/ratis-proto/0.4.0-2337318-SNAPSHOT/ratis-proto-0.4.0-2337318-20190628.085316-1.pom
[INFO] Downloaded from apache.snapshots.https: https://repository.apache.org/content/repositories/snapshots/org/apache/ratis/ratis-proto/0.4.0-2337318-SNAPSHOT/ratis-proto-0.4.0-2337318-20190628.085316-1.pom (6.9 kB at 11 kB/s)
[INFO] Downloading from apache.snapshots: https://repository.apache.org/snapshots/org/apache/ratis/ratis-common/0.4.0-2337318-SNAPSHOT/maven-metadata.xml
[INFO] Downloading from apache.snapshots.https: https://repository.apache.org/content/repositories/snapshots/org/apache/ratis/ratis-common/0.4.0-2337318-SNAPSHOT/maven-metadata.xml
[INFO] Downloaded from apache.snapshots: https://repository.apache.org/snapshots/org/apache/ratis/ratis-common/0.4.0-2337318-SNAPSHOT/maven-metadata.xml (1.0 kB at 1.7 kB/s)
[INFO] Downloaded from apache.snapshots.https: https://repository.apache.org/content/repositories/snapshots/org/apache/ratis/ratis-common/0.4.0-2337318-SNAPSHOT/maven-metadata.xml (1.0 kB at 1.7 kB/s)
[INFO] Downloading from apache.snapshots.https: https://repository.apache.org/content/repositories/snapshots/org/apache/ratis/ratis-common/0.4.0-2337318-SNAPSHOT/ratis-common-0.4.0-2337318-20190628.085351-1.pom
[INFO] Downloaded from apache.snapshots.https: https://repository.apache.org/content/repositories/snapshots/org/apache/ratis/ratis-common/0.4.0-2337318-SNAPSHOT/ratis-common-0.4.0-2337318-20190628.085351-1.pom (5.0 kB at 8.3 kB/s)
[INFO] Downloading from apache.snapshots.https: https://repository.apache.org/content/repositories/snapshots/org/apache/ratis/ratis-client/0.4.0-2337318-SNAPSHOT/maven-metadata.xml
[INFO] Downloading from apache.snapshots: https://repository.apache.org/snapshots/org/apache/ratis/ratis-client/0.4.0-2337318-SNAPSHOT/maven-metadata.xml
[INFO] Downloaded from apache.snapshots.https: https://repository.apache.org/content/repositories/snapshots/org/apache/ratis/ratis-client/0.4.0-2337318-SNAPSHOT/maven-metadata.xml (1.0 kB at 1.7 kB/s)
[INFO] Downloaded from apache.snapshots: https://repository.apache.org/snapshots/org/apache/ratis/ratis-client/0.4.0-2337318-SNAPSHOT/maven-metadata.xml (1.0 kB at 1.7 kB/s)
[INFO] Downloading from apache.snapshots.https: https://repository.apache.org/content/repositories/snapshots/org/apache/ratis/ratis-client/0.4.0-2337318-SNAPSHOT/ratis-client-0.4.0-2337318-20190628.085420-1.pom
[INFO] Downloaded from apache.snapshots.https: https://repository.apache.org/content/repositories/snapshots/org/apache/ratis/ratis-client/0.4.0-2337318-SNAPSHOT/ratis-client-0.4.0-2337318-20190628.085420-1.pom (1.6 kB at 2.7 kB/s)
[INFO] Downloading from apache.snapshots: https://repository.apache.org/snapshots/org/apache/ratis/ratis-metrics/0.4.0-2337318-SNAPSHOT/maven-metadata.xml
[INFO] Downloading from apache.snapshots.https: https://repository.apache.org/content/repositories/snapshots/org/apache/ratis/ratis-metrics/0.4.0-2337318-SNAPSHOT/maven-metadata.xml
[INFO] Downloaded from apache.snapshots.https: https://repository.apache.org/content/repositories/snapshots/org/apache/ratis/ratis-metrics/0.4.0-2337318-SNAPSHOT/maven-metadata.xml (1.0 kB at 1.7 kB/s)
[INFO] Downloaded from apache.snapshots: https://repository.apache.org/snapshots/org/apache/ratis/ratis-metrics/0.4.0-2337318-SNAPSHOT/maven-metadata.xml (1.0 kB at 1.7 kB/s)
[INFO] Downloading from apache.snapshots.https: https://repository.apache.org/content/repositories/snapshots/org/apache/ratis/ratis-metrics/0.4.0-2337318-SNAPSHOT/ratis-metrics-0.4.0-2337318-20190628.085448-1.pom
[INFO] Downloaded from apache.snapshots.https: https://repository.apache.org/content/repositories/snapshots/org/apache/ratis/ratis-metrics/0.4.0-2337318-SNAPSHOT/ratis-metrics-0.4.0-2337318-20190628.085448-1.pom (2.1 kB at 3.4 kB/s)
[INFO] Downloading from apache.snapshots.https: https://repository.apache.org/content/repositories/snapshots/org/apache/ratis/ratis-netty/0.4.0-2337318-SNAPSHOT/maven-metadata.xml
[INFO] Downloaded from apache.snapshots.https: https://repository.apache.org/content/repositories/snapshots/org/apache/ratis/ratis-netty/0.4.0-2337318-SNAPSHOT/maven-metadata.xml (1.0 kB at 1.7 kB/s)
[INFO] Downloading from apache.snapshots.https: https://repository.apache.org/content/repositories/snapshots/org/apache/ratis/ratis-netty/0.4.0-2337318-SNAPSHOT/ratis-netty-0.4.0-2337318-20190628.085613-1.pom
[INFO] Downloaded from apache.snapshots.https: https://repository.apache.org/content/repositories/snapshots/org/apache/ratis/ratis-netty/0.4.0-2337318-SNAPSHOT/ratis-netty-0.4.0-2337318-20190628.085613-1.pom (2.4 kB at 4.1 kB/s)
[INFO] Downloading from apache.snapshots.https: https://repository.apache.org/content/repositories/snapshots/org/apache/ratis/ratis-grpc/0.4.0-2337318-SNAPSHOT/maven-metadata.xml
[INFO] Downloaded from apache.snapshots.https: https://repository.apache.org/content/repositories/snapshots/org/apache/ratis/ratis-grpc/0.4.0-2337318-SNAPSHOT/maven-metadata.xml (1.0 kB at 1.7 kB/s)
[INFO] Downloading from apache.snapshots.https: https://repository.apache.org/content/repositories/snapshots/org/apache/ratis/ratis-grpc/0.4.0-2337318-SNAPSHOT/ratis-grpc-0.4.0-2337318-20190628.085545-1.pom
[INFO] Downloaded from apache.snapshots.https: https://repository.apache.org/content/repositories/snapshots/org/apache/ratis/ratis-grpc/0.4.0-2337318-SNAPSHOT/ratis-grpc-0.4.0-2337318-20190628.085545-1.pom (2.4 kB at 3.2 kB/s)
[INFO] Downloading from apache.snapshots.https: https://repository.apache.org/content/repositories/snapshots/org/rocksdb/rocksdbjni/6.0.1/rocksdbjni-6.0.1.pom
[INFO] Downloading from repository.jboss.org: http://repository.jboss.org/nexus/content/groups/public/org/rocksdb/rocksdbjni/6.0.1/rocksdbjni-6.0.1.pom
[INFO] Downloading from central: https://repo.maven.apache.org/maven2/org/rocksdb/rocksdbjni/6.0.1/rocksdbjni-6.0.1.pom
[INFO] Downloaded from central: https://repo.maven.apache.org/maven2/org/rocksdb/rocksdbjni/6.0.1/rocksdbjni-6.0.1.pom (6.4 kB at 306 kB/s)
[INFO] Downloading from apache.snapshots.https: https://repository.apache.org/content/repositories/snapshots/org/apache/ratis/ratis-server/0.4.0-2337318-SNAPSHOT/ratis-server-0.4.0-2337318-20190628.085515-1.jar
[INFO] Downloading from apache.snapshots.https: https://repository.apache.org/content/repositories/snapshots/org/apache/ratis/ratis-metrics/0.4.0-2337318-SNAPSHOT/ratis-metrics-0.4.0-2337318-20190628.085448-1.jar
[INFO] Downloading from apache.snapshots.https: https://repository.apache.org/content/repositories/snapshots/org/apache/ratis/ratis-client/0.4.0-2337318-SNAPSHOT/ratis-client-0.4.0-2337318-20190628.085420-1.jar
[INFO] Downloading from apache.snapshots.https: https://repository.apache.org/content/repositories/snapshots/org/apache/ratis/ratis-common/0.4.0-2337318-SNAPSHOT/ratis-common-0.4.0-2337318-20190628.085351-1.jar
[INFO] Downloading from apache.snapshots.https: https://repository.apache.org/content/repositories/snapshots/org/apache/ratis/ratis-proto/0.4.0-2337318-SNAPSHOT/ratis-proto-0.4.0-2337318-20190628.085316-1.jar
[INFO] Downloaded from apache.snapshots.https: https://repository.apache.org/content/repositories/snapshots/org/apache/ratis/ratis-metrics/0.4.0-2337318-SNAPSHOT/ratis-metrics-0.4.0-2337318-20190628.085448-1.jar (19 kB at 28 kB/s)
[INFO] Downloading from apache.snapshots.https: https://repository.apache.org/content/repositories/snapshots/org/apache/ratis/ratis-netty/0.4.0-2337318-SNAPSHOT/ratis-netty-0.4.0-2337318-20190628.085613-1.jar
[INFO] Downloaded from apache.snapshots.https: https://repository.apache.org/content/repositories/snapshots/org/apache/ratis/ratis-client/0.4.0-2337318-SNAPSHOT/ratis-client-0.4.0-2337318-20190628.085420-1.jar (56 kB at 76 kB/s)
[INFO] Downloading from apache.snapshots.https: https://repository.apache.org/content/repositories/snapshots/org/apache/ratis/ratis-grpc/0.4.0-2337318-SNAPSHOT/ratis-grpc-0.4.0-2337318-20190628.085545-1.jar
[INFO] Downloaded from apache.snapshots.https: https://repository.apache.org/content/repositories/snapshots/org/apache/ratis/ratis-common/0.4.0-2337318-SNAPSHOT/ratis-common-0.4.0-2337318-20190628.085351-1.jar (253 kB at 289 kB/s)
[INFO] Downloading from apache.snapshots.https: https://repository.apache.org/content/repositories/snapshots/org/rocksdb/rocksdbjni/6.0.1/rocksdbjni-6.0.1.jar
[INFO] Downloaded from apache.snapshots.https: https://repository.apache.org/content/repositories/snapshots/org/apache/ratis/ratis-server/0.4.0-2337318-SNAPSHOT/ratis-server-0.4.0-2337318-20190628.085515-1.jar (335 kB at 367 kB/s)
[INFO] Downloaded from apache.snapshots.https: https://repository.apache.org/content/repositories/snapshots/org/apache/ratis/ratis-proto/0.4.0-2337318-SNAPSHOT/ratis-proto-0.4.0-2337318-20190628.085316-1.jar (1.1 MB at 1.1 MB/s)
[INFO] Downloaded from apache.snapshots.https: https://repository.apache.org/content/repositories/snapshots/org/apache/ratis/ratis-netty/0.4.0-2337318-SNAPSHOT/ratis-netty-0.4.0-2337318-20190628.085613-1.jar (34 kB at 25 kB/s)
[INFO] Downloaded from apache.snapshots.https: https://repository.apache.org/content/repositories/snapshots/org/apache/ratis/ratis-grpc/0.4.0-2337318-SNAPSHOT/ratis-grpc-0.4.0-2337318-20190628.085545-1.jar (105 kB at 68 kB/s)
[INFO] Downloading from repository.jboss.org: http://repository.jboss.org/nexus/content/groups/public/org/rocksdb/rocksdbjni/6.0.1/rocksdbjni-6.0.1.jar
[INFO] Downloading from central: https://repo.maven.apache.org/maven2/org/rocksdb/rocksdbjni/6.0.1/rocksdbjni-6.0.1.jar
[INFO] Downloaded from central: https://repo.maven.apache.org/maven2/org/rocksdb/rocksdbjni/6.0.1/rocksdbjni-6.0.1.jar (13 MB at 22 MB/s)
[INFO] 
[INFO] --- maven-antrun-plugin:1.7:run (create-testdirs) @ hadoop-hdds-common ---
[INFO] Executing tasks

main:
    [mkdir] Created dir: /workdir/hadoop-hdds/common/target/test-dir
[INFO] Executed tasks
[INFO] 
[INFO] --- hadoop-maven-plugins:3.2.0:protoc (compile-protoc) @ hadoop-hdds-common ---
[INFO] Wrote protoc checksums to file /workdir/hadoop-hdds/common/target/hadoop-maven-plugins-protoc-checksums.json
[INFO] 
[INFO] --- protobuf-maven-plugin:0.5.1:compile (compile-protoc) @ hadoop-hdds-common ---
[INFO] Compiling 1 proto file(s) to /workdir/hadoop-hdds/common/target/generated-sources/java
[INFO] 
[INFO] --- protobuf-maven-plugin:0.5.1:compile-custom (compile-protoc) @ hadoop-hdds-common ---
[INFO] Compiling 1 proto file(s) to /workdir/hadoop-hdds/common/target/generated-sources/java
[INFO] 
[INFO] --- maven-antrun-plugin:1.7:run (default) @ hadoop-hdds-common ---
[WARNING] Parameter tasks is deprecated, use target instead
[INFO] Executing tasks

main:
[INFO] Executed tasks
[INFO] 
[INFO] --- hadoop-maven-plugins:3.2.0:version-info (version-info) @ hadoop-hdds-common ---
[INFO] SCM: GIT
[INFO] Computed MD5: a65f23bb42a38272e89f1cbbe50dacb
[INFO] 
[INFO] --- maven-remote-resources-plugin:1.5:process (default) @ hadoop-hdds-common ---
[INFO] Downloading from apache.snapshots: https://repository.apache.org/snapshots/org/apache/ratis/ratis/0.4.0-2337318-SNAPSHOT/maven-metadata.xml
[INFO] Downloaded from apache.snapshots: https://repository.apache.org/snapshots/org/apache/ratis/ratis/0.4.0-2337318-SNAPSHOT/maven-metadata.xml (614 B at 726 B/s)
[INFO] Downloading from apache.snapshots: https://repository.apache.org/snapshots/org/apache/ratis/ratis/0.4.0-2337318-SNAPSHOT/ratis-0.4.0-2337318-20190628.085254-1.pom
[INFO] Downloaded from apache.snapshots: https://repository.apache.org/snapshots/org/apache/ratis/ratis/0.4.0-2337318-SNAPSHOT/ratis-0.4.0-2337318-20190628.085254-1.pom (0 B at 0 B/s)
[INFO] 
[INFO] --- maven-resources-plugin:2.6:resources (default-resources) @ hadoop-hdds-common ---
[INFO] Using 'UTF-8' encoding to copy filtered resources.
[INFO] Copying 5 resources
[INFO] Copying 1 resource
[INFO] Copying 1 resource
[INFO] Copying 1 resource
[INFO] Copying 2 resources
[INFO] 
[INFO] --- maven-compiler-plugin:3.1:compile (default-compile) @ hadoop-hdds-common ---
[INFO] Compiling 236 source files to /workdir/hadoop-hdds/common/target/classes
[WARNING] /workdir/hadoop-hdds/common/src/main/java/org/apache/hadoop/utils/MetadataStoreBuilder.java: Some input files use or override a deprecated API.
[WARNING] /workdir/hadoop-hdds/common/src/main/java/org/apache/hadoop/utils/MetadataStoreBuilder.java: Recompile with -Xlint:deprecation for details.
[WARNING] /workdir/hadoop-hdds/common/src/main/java/org/apache/hadoop/utils/db/TypedTable.java: Some input files use unchecked or unsafe operations.
[WARNING] /workdir/hadoop-hdds/common/src/main/java/org/apache/hadoop/utils/db/TypedTable.java: Recompile with -Xlint:unchecked for details.
[INFO] 
[INFO] --- protobuf-maven-plugin:0.5.1:test-compile (compile-protoc) @ hadoop-hdds-common ---
[INFO] /workdir/hadoop-hdds/common/src/test/proto does not exist. Review the configuration or consider disabling the plugin.
[INFO] 
[INFO] --- protobuf-maven-plugin:0.5.1:test-compile-custom (compile-protoc) @ hadoop-hdds-common ---
[INFO] /workdir/hadoop-hdds/common/src/test/proto does not exist. Review the configuration or consider disabling the plugin.
[INFO] 
[INFO] --- maven-resources-plugin:2.6:testResources (default-testResources) @ hadoop-hdds-common ---
[INFO] Using 'UTF-8' encoding to copy filtered resources.
[INFO] Copying 20 resources
[INFO] Copying 2 resources
[INFO] 
[INFO] --- maven-compiler-plugin:3.1:testCompile (default-testCompile) @ hadoop-hdds-common ---
[INFO] Compiling 54 source files to /workdir/hadoop-hdds/common/target/test-classes
[WARNING] /workdir/hadoop-hdds/common/src/test/java/org/apache/hadoop/utils/db/TestRDBStore.java: Some input files use unchecked or unsafe operations.
[WARNING] /workdir/hadoop-hdds/common/src/test/java/org/apache/hadoop/utils/db/TestRDBStore.java: Recompile with -Xlint:unchecked for details.
[INFO] 
[INFO] --- maven-surefire-plugin:3.0.0-M1:test (default-test) @ hadoop-hdds-common ---
[INFO] Tests are skipped.
[INFO] 
[INFO] --- maven-jar-plugin:2.5:jar (default-jar) @ hadoop-hdds-common ---
[INFO] Building jar: /workdir/hadoop-hdds/common/target/hadoop-hdds-common-0.5.0-SNAPSHOT.jar
[INFO] 
[INFO] --- maven-site-plugin:3.6:attach-descriptor (attach-descriptor) @ hadoop-hdds-common ---
[INFO] Skipping because packaging 'jar' is not pom.
[INFO] 
[INFO] --- maven-dependency-plugin:3.0.2:build-classpath (add-classpath-descriptor) @ hadoop-hdds-common ---
[INFO] Wrote classpath file '/workdir/hadoop-hdds/common/target/classpath'.
[INFO] 
[INFO] --- build-helper-maven-plugin:1.9:attach-artifact (attach-classpath-artifact) @ hadoop-hdds-common ---
[INFO] 
[INFO] --- maven-jar-plugin:2.5:test-jar (default) @ hadoop-hdds-common ---
[INFO] Building jar: /workdir/hadoop-hdds/common/target/hadoop-hdds-common-0.5.0-SNAPSHOT-tests.jar
[INFO] 
[INFO] --- animal-sniffer-maven-plugin:1.16:check (signature-check) @ hadoop-hdds-common ---
[INFO] Checking unresolved references to org.codehaus.mojo.signature:java18:1.0
[INFO] 
[INFO] --- maven-enforcer-plugin:3.0.0-M1:enforce (depcheck) @ hadoop-hdds-common ---
[WARNING] 
Dependency convergence error for com.google.errorprone:error_prone_annotations:2.2.0 paths to dependency are:
+-org.apache.hadoop:hadoop-hdds-common:0.5.0-SNAPSHOT
  +-com.google.errorprone:error_prone_annotations:2.2.0
and
+-org.apache.hadoop:hadoop-hdds-common:0.5.0-SNAPSHOT
  +-com.google.guava:guava:26.0-android
    +-com.google.errorprone:error_prone_annotations:2.1.3

[WARNING] Rule 0: org.apache.maven.plugins.enforcer.DependencyConvergence failed with message:
Failed while enforcing releasability. See above detailed error message.
[INFO] ------------------------------------------------------------------------
[INFO] Reactor Summary:
[INFO] 
[INFO] Apache Hadoop HDDS ................................. SUCCESS [ 13.266 s]
[INFO] Apache Hadoop HDDS Config .......................... SUCCESS [  6.856 s]
[INFO] Apache Hadoop HDDS Common .......................... FAILURE [ 33.797 s]
[INFO] Apache Hadoop HDDS Server Framework ................ SKIPPED
[INFO] Apache Hadoop HDDS Container Service ............... SKIPPED
[INFO] Apache Hadoop HDDS Client .......................... SKIPPED
[INFO] Apache Hadoop HDDS Tools ........................... SKIPPED
[INFO] Apache Hadoop Ozone ................................ SKIPPED
[INFO] Apache Hadoop Ozone Common ......................... SKIPPED
[INFO] Apache Hadoop Ozone Client ......................... SKIPPED
[INFO] Apache Hadoop HDDS/Ozone Documentation ............. SKIPPED
[INFO] Apache Hadoop HDDS SCM Server ...................... SKIPPED
[INFO] Apache Hadoop Ozone Manager Server ................. SKIPPED
[INFO] Apache Hadoop Ozone Object Store REST Service ...... SKIPPED
[INFO] Apache Hadoop Ozone S3 Gateway ..................... SKIPPED
[INFO] Apache Hadoop Ozone CSI service .................... SKIPPED
[INFO] Apache Hadoop Ozone Recon CodeGen .................. SKIPPED
[INFO] Apache Hadoop Ozone Recon .......................... SKIPPED
[INFO] Apache Hadoop Ozone Integration Tests .............. SKIPPED
[INFO] Apache Hadoop Ozone FileSystem ..................... SKIPPED
[INFO] Apache Hadoop Ozone FileSystem Single Jar Library .. SKIPPED
[INFO] Apache Hadoop Ozone FileSystem Legacy Jar Library .. SKIPPED
[INFO] Apache Hadoop Ozone Tools .......................... SKIPPED
[INFO] Apache Hadoop Ozone Datanode ....................... SKIPPED
[INFO] Apache Hadoop Ozone In-Place Upgrade ............... SKIPPED
[INFO] Apache Hadoop Ozone Distribution ................... SKIPPED
[INFO] Apache Hadoop Ozone Fault Injection Tests .......... SKIPPED
[INFO] Apache Hadoop Ozone Network Tests .................. SKIPPED
[INFO] Apache Hadoop Ozone Main 0.5.0-SNAPSHOT ............ SKIPPED
[INFO] ------------------------------------------------------------------------
[INFO] BUILD FAILURE
[INFO] ------------------------------------------------------------------------
[INFO] Total time: 55.444 s
[INFO] Finished at: 2019-08-23T10:39:04Z
[INFO] ------------------------------------------------------------------------
[ERROR] Failed to execute goal org.apache.maven.plugins:maven-enforcer-plugin:3.0.0-M1:enforce (depcheck) on project hadoop-hdds-common: Some Enforcer rules have failed. Look above for specific messages explaining why the rule failed. -> [Help 1]
[ERROR] 
[ERROR] To see the full stack trace of the errors, re-run Maven with the -e switch.
[ERROR] Re-run Maven using the -X switch to enable full debug logging.
[ERROR] 
[ERROR] For more information about the errors and possible solutions, please read the following articles:
[ERROR] [Help 1] http://cwiki.apache.org/confluence/display/MAVEN/MojoExecutionException
[ERROR] 
[ERROR] After correcting the problems, you can resume the build with the command
[ERROR]   mvn <goals> -rf :hadoop-hdds-common
+ hadoop-ozone/dev-support/checks/unit.sh
[INFO] Scanning for projects...
[WARNING] 
[WARNING] Some problems were encountered while building the effective model for org.apache.hadoop:hadoop-ozone-recon:jar:0.5.0-SNAPSHOT
[WARNING] The expression ${version} is deprecated. Please use ${project.version} instead.
[WARNING] 
[WARNING] Some problems were encountered while building the effective model for org.apache.hadoop:hadoop-hdds-server-scm:jar:0.5.0-SNAPSHOT
[WARNING] 'dependencies.dependency.(groupId:artifactId:type:classifier)' must be unique: io.dropwizard.metrics:metrics-core:jar -> duplicate declaration of version (?) @ line 103, column 17
[WARNING] 
[WARNING] It is highly recommended to fix these problems because they threaten the stability of your build.
[WARNING] 
[WARNING] For this reason, future Maven versions might no longer support building such malformed projects.
[WARNING] 
[INFO] ------------------------------------------------------------------------
[INFO] Detecting the operating system and CPU architecture
[INFO] ------------------------------------------------------------------------
[INFO] os.detected.name: linux
[INFO] os.detected.arch: x86_64
[INFO] os.detected.version: 3.10
[INFO] os.detected.version.major: 3
[INFO] os.detected.version.minor: 10
[INFO] os.detected.release: alpine
[INFO] os.detected.release.version: 3.8.2
[INFO] os.detected.release.like.alpine: true
[INFO] os.detected.classifier: linux-x86_64
[INFO] ------------------------------------------------------------------------
[INFO] Reactor Build Order:
[INFO] 
[INFO] Apache Hadoop HDDS                                                 [pom]
[INFO] Apache Hadoop HDDS Config                                          [jar]
[INFO] Apache Hadoop HDDS Common                                          [jar]
[INFO] Apache Hadoop HDDS Server Framework                                [jar]
[INFO] Apache Hadoop HDDS Container Service                               [jar]
[INFO] Apache Hadoop HDDS Client                                          [jar]
[INFO] Apache Hadoop HDDS Tools                                           [jar]
[INFO] Apache Hadoop Ozone                                                [pom]
[INFO] Apache Hadoop Ozone Common                                         [jar]
[INFO] Apache Hadoop Ozone Client                                         [jar]
[INFO] Apache Hadoop HDDS/Ozone Documentation                             [jar]
[INFO] Apache Hadoop HDDS SCM Server                                      [jar]
[INFO] Apache Hadoop Ozone Manager Server                                 [jar]
[INFO] Apache Hadoop Ozone Object Store REST Service                      [jar]
[INFO] Apache Hadoop Ozone S3 Gateway                                     [jar]
[INFO] Apache Hadoop Ozone CSI service                                    [jar]
[INFO] Apache Hadoop Ozone Recon CodeGen                                  [jar]
[INFO] Apache Hadoop Ozone Recon                                          [jar]
[INFO] Apache Hadoop Ozone FileSystem Single Jar Library                  [jar]
[INFO] Apache Hadoop Ozone FileSystem Legacy Jar Library                  [jar]
[INFO] Apache Hadoop Ozone Datanode                                       [jar]
[INFO] Apache Hadoop Ozone In-Place Upgrade                               [jar]
[INFO] Apache Hadoop Ozone Distribution                                   [pom]
[INFO] Apache Hadoop Ozone Fault Injection Tests                          [pom]
[INFO] Apache Hadoop Ozone Network Tests                                  [jar]
[INFO] Apache Hadoop Ozone Main                                           [pom]
[INFO] 
[INFO] -------------------< org.apache.hadoop:hadoop-hdds >--------------------
[INFO] Building Apache Hadoop HDDS 0.5.0-SNAPSHOT                        [1/26]
[INFO] --------------------------------[ pom ]---------------------------------
[INFO] 
[INFO] --- maven-antrun-plugin:1.7:run (create-testdirs) @ hadoop-hdds ---
[INFO] Executing tasks

main:
[INFO] Executed tasks
[INFO] 
[INFO] --- maven-remote-resources-plugin:1.5:process (default) @ hadoop-hdds ---
[INFO] 
[INFO] ----------------< org.apache.hadoop:hadoop-hdds-config >----------------
[INFO] Building Apache Hadoop HDDS Config 0.5.0-SNAPSHOT                 [2/26]
[INFO] --------------------------------[ jar ]---------------------------------
[INFO] 
[INFO] --- maven-antrun-plugin:1.7:run (create-testdirs) @ hadoop-hdds-config ---
[INFO] Executing tasks

main:
[INFO] Executed tasks
[INFO] 
[INFO] --- maven-remote-resources-plugin:1.5:process (default) @ hadoop-hdds-config ---
[INFO] 
[INFO] --- maven-resources-plugin:2.6:resources (default-resources) @ hadoop-hdds-config ---
[INFO] Using 'UTF-8' encoding to copy filtered resources.
[INFO] skip non existing resourceDirectory /workdir/hadoop-hdds/config/src/main/resources
[INFO] Copying 2 resources
[INFO] 
[INFO] --- maven-compiler-plugin:3.1:compile (default-compile) @ hadoop-hdds-config ---
[INFO] Compiling 1 source file to /workdir/hadoop-hdds/config/target/classes
[INFO] 
[INFO] --- maven-resources-plugin:2.6:testResources (default-testResources) @ hadoop-hdds-config ---
[INFO] Using 'UTF-8' encoding to copy filtered resources.
[INFO] Copying 1 resource
[INFO] Copying 2 resources
[INFO] 
[INFO] --- maven-compiler-plugin:3.1:testCompile (default-testCompile) @ hadoop-hdds-config ---
[INFO] Compiling 1 source file to /workdir/hadoop-hdds/config/target/test-classes
[INFO] 
[INFO] --- maven-surefire-plugin:3.0.0-M1:test (default-test) @ hadoop-hdds-config ---
Downloading from apache.snapshots.https: https://repository.apache.org/content/repositories/snapshots/org/apache/maven/surefire/surefire-junit4/3.0.0-M1/surefire-junit4-3.0.0-M1.jar
Downloading from central: https://repo.maven.apache.org/maven2/org/apache/maven/surefire/surefire-junit4/3.0.0-M1/surefire-junit4-3.0.0-M1.jar
Progress (1): 2.2/17 kBProgress (1): 5.0/17 kBProgress (1): 7.7/17 kBProgress (1): 10/17 kB Progress (1): 13/17 kBProgress (1): 16/17 kBProgress (1): 17 kB                      Downloaded from central: https://repo.maven.apache.org/maven2/org/apache/maven/surefire/surefire-junit4/3.0.0-M1/surefire-junit4-3.0.0-M1.jar (17 kB at 141 kB/s)
Downloading from apache.snapshots.https: https://repository.apache.org/content/repositories/snapshots/org/apache/maven/surefire/surefire-junit4/3.0.0-M1/surefire-junit4-3.0.0-M1.pom
Downloading from central: https://repo.maven.apache.org/maven2/org/apache/maven/surefire/surefire-junit4/3.0.0-M1/surefire-junit4-3.0.0-M1.pom
Progress (1): 1.7 kB                    Downloaded from central: https://repo.maven.apache.org/maven2/org/apache/maven/surefire/surefire-junit4/3.0.0-M1/surefire-junit4-3.0.0-M1.pom (1.7 kB at 80 kB/s)
Downloading from apache.snapshots.https: https://repository.apache.org/content/repositories/snapshots/org/apache/maven/surefire/surefire-providers/3.0.0-M1/surefire-providers-3.0.0-M1.pom
Downloading from central: https://repo.maven.apache.org/maven2/org/apache/maven/surefire/surefire-providers/3.0.0-M1/surefire-providers-3.0.0-M1.pom
Progress (1): 2.2/2.5 kBProgress (1): 2.5 kB                        Downloaded from central: https://repo.maven.apache.org/maven2/org/apache/maven/surefire/surefire-providers/3.0.0-M1/surefire-providers-3.0.0-M1.pom (2.5 kB at 121 kB/s)
Downloading from apache.snapshots.https: https://repository.apache.org/content/repositories/snapshots/org/apache/maven/surefire/common-junit4/3.0.0-M1/common-junit4-3.0.0-M1.pom
Downloading from central: https://repo.maven.apache.org/maven2/org/apache/maven/surefire/common-junit4/3.0.0-M1/common-junit4-3.0.0-M1.pom
Progress (1): 2.1 kB                    Downloaded from central: https://repo.maven.apache.org/maven2/org/apache/maven/surefire/common-junit4/3.0.0-M1/common-junit4-3.0.0-M1.pom (2.1 kB at 98 kB/s)
Downloading from apache.snapshots.https: https://repository.apache.org/content/repositories/snapshots/org/apache/maven/surefire/common-junit3/3.0.0-M1/common-junit3-3.0.0-M1.pom
Downloading from central: https://repo.maven.apache.org/maven2/org/apache/maven/surefire/common-junit3/3.0.0-M1/common-junit3-3.0.0-M1.pom
Progress (1): 1.6 kB                    Downloaded from central: https://repo.maven.apache.org/maven2/org/apache/maven/surefire/common-junit3/3.0.0-M1/common-junit3-3.0.0-M1.pom (1.6 kB at 79 kB/s)
Downloading from apache.snapshots.https: https://repository.apache.org/content/repositories/snapshots/org/apache/maven/surefire/common-java5/3.0.0-M1/common-java5-3.0.0-M1.pom
Downloading from central: https://repo.maven.apache.org/maven2/org/apache/maven/surefire/common-java5/3.0.0-M1/common-java5-3.0.0-M1.pom
Progress (1): 2.2/3.1 kBProgress (1): 3.1 kB                        Downloaded from central: https://repo.maven.apache.org/maven2/org/apache/maven/surefire/common-java5/3.0.0-M1/common-java5-3.0.0-M1.pom (3.1 kB at 71 kB/s)
Downloading from apache.snapshots.https: https://repository.apache.org/content/repositories/snapshots/org/apache/maven/surefire/common-java5/3.0.0-M1/common-java5-3.0.0-M1.jar
Downloading from apache.snapshots.https: https://repository.apache.org/content/repositories/snapshots/org/apache/maven/surefire/common-junit4/3.0.0-M1/common-junit4-3.0.0-M1.jar
Downloading from apache.snapshots.https: https://repository.apache.org/content/repositories/snapshots/org/apache/maven/surefire/common-junit3/3.0.0-M1/common-junit3-3.0.0-M1.jar
Downloading from central: https://repo.maven.apache.org/maven2/org/apache/maven/surefire/common-java5/3.0.0-M1/common-java5-3.0.0-M1.jar
Downloading from central: https://repo.maven.apache.org/maven2/org/apache/maven/surefire/common-junit3/3.0.0-M1/common-junit3-3.0.0-M1.jar
Downloading from central: https://repo.maven.apache.org/maven2/org/apache/maven/surefire/common-junit4/3.0.0-M1/common-junit4-3.0.0-M1.jar
Progress (1): 2.2/32 kBProgress (1): 5.0/32 kBProgress (1): 7.7/32 kBProgress (1): 10/32 kB Progress (1): 13/32 kBProgress (1): 16/32 kBProgress (1): 19/32 kBProgress (1): 21/32 kBProgress (1): 24/32 kBProgress (1): 27/32 kBProgress (1): 30/32 kBProgress (1): 32 kB                      Downloaded from central: https://repo.maven.apache.org/maven2/org/apache/maven/surefire/common-java5/3.0.0-M1/common-java5-3.0.0-M1.jar (32 kB at 1.1 MB/s)
Progress (1): 2.2/12 kBProgress (1): 5.0/12 kBProgress (2): 5.0/12 kB | 2.2/28 kBProgress (2): 7.7/12 kB | 2.2/28 kBProgress (2): 7.7/12 kB | 5.0/28 kBProgress (2): 7.7/12 kB | 7.7/28 kBProgress (2): 10/12 kB | 7.7/28 kB Progress (2): 12 kB | 7.7/28 kB   Progress (2): 12 kB | 10/28 kB Progress (2): 12 kB | 13/28 kBProgress (2): 12 kB | 16/28 kBProgress (2): 12 kB | 19/28 kBProgress (2): 12 kB | 21/28 kBProgress (2): 12 kB | 24/28 kBProgress (2): 12 kB | 27/28 kBProgress (2): 12 kB | 28 kB                              Downloaded from central: https://repo.maven.apache.org/maven2/org/apache/maven/surefire/common-junit3/3.0.0-M1/common-junit3-3.0.0-M1.jar (12 kB at 258 kB/s)
Downloaded from central: https://repo.maven.apache.org/maven2/org/apache/maven/surefire/common-junit4/3.0.0-M1/common-junit4-3.0.0-M1.jar (28 kB at 575 kB/s)
[INFO] 
[INFO] -------------------------------------------------------
[INFO]  T E S T S
[INFO] -------------------------------------------------------
[INFO] Running org.apache.hadoop.hdds.conf.TestConfigFileAppender
[INFO] Tests run: 1, Failures: 0, Errors: 0, Skipped: 0, Time elapsed: 0.121 s - in org.apache.hadoop.hdds.conf.TestConfigFileAppender
[INFO] 
[INFO] Results:
[INFO] 
[INFO] Tests run: 1, Failures: 0, Errors: 0, Skipped: 0
[INFO] 
[INFO] 
[INFO] ----------------< org.apache.hadoop:hadoop-hdds-common >----------------
[INFO] Building Apache Hadoop HDDS Common 0.5.0-SNAPSHOT                 [3/26]
[INFO] --------------------------------[ jar ]---------------------------------
[INFO] 
[INFO] --- maven-antrun-plugin:1.7:run (create-testdirs) @ hadoop-hdds-common ---
[INFO] Executing tasks

main:
[INFO] Executed tasks
[INFO] 
[INFO] --- hadoop-maven-plugins:3.2.0:protoc (compile-protoc) @ hadoop-hdds-common ---
[INFO] No changes detected in protoc files, skipping generation.
[INFO] 
[INFO] --- protobuf-maven-plugin:0.5.1:compile (compile-protoc) @ hadoop-hdds-common ---
[INFO] Compiling 1 proto file(s) to /workdir/hadoop-hdds/common/target/generated-sources/java
[INFO] 
[INFO] --- protobuf-maven-plugin:0.5.1:compile-custom (compile-protoc) @ hadoop-hdds-common ---
[INFO] Compiling 1 proto file(s) to /workdir/hadoop-hdds/common/target/generated-sources/java
[INFO] 
[INFO] --- maven-antrun-plugin:1.7:run (default) @ hadoop-hdds-common ---
[WARNING] Parameter tasks is deprecated, use target instead
[INFO] Executing tasks

main:
[INFO] Executed tasks
[INFO] 
[INFO] --- hadoop-maven-plugins:3.2.0:version-info (version-info) @ hadoop-hdds-common ---
[INFO] SCM: GIT
[INFO] Computed MD5: a65f23bb42a38272e89f1cbbe50dacb
[INFO] 
[INFO] --- maven-remote-resources-plugin:1.5:process (default) @ hadoop-hdds-common ---
[INFO] 
[INFO] --- maven-resources-plugin:2.6:resources (default-resources) @ hadoop-hdds-common ---
[INFO] Using 'UTF-8' encoding to copy filtered resources.
[INFO] Copying 5 resources
[INFO] Copying 1 resource
[INFO] Copying 1 resource
[INFO] Copying 1 resource
[INFO] Copying 2 resources
[INFO] 
[INFO] --- maven-compiler-plugin:3.1:compile (default-compile) @ hadoop-hdds-common ---
[INFO] Compiling 44 source files to /workdir/hadoop-hdds/common/target/classes
[INFO] 
[INFO] --- protobuf-maven-plugin:0.5.1:test-compile (compile-protoc) @ hadoop-hdds-common ---
[INFO] /workdir/hadoop-hdds/common/src/test/proto does not exist. Review the configuration or consider disabling the plugin.
[INFO] 
[INFO] --- protobuf-maven-plugin:0.5.1:test-compile-custom (compile-protoc) @ hadoop-hdds-common ---
[INFO] /workdir/hadoop-hdds/common/src/test/proto does not exist. Review the configuration or consider disabling the plugin.
[INFO] 
[INFO] --- maven-resources-plugin:2.6:testResources (default-testResources) @ hadoop-hdds-common ---
[INFO] Using 'UTF-8' encoding to copy filtered resources.
[INFO] Copying 20 resources
[INFO] Copying 2 resources
[INFO] 
[INFO] --- maven-compiler-plugin:3.1:testCompile (default-testCompile) @ hadoop-hdds-common ---
[INFO] Compiling 16 source files to /workdir/hadoop-hdds/common/target/test-classes
[INFO] 
[INFO] --- maven-surefire-plugin:3.0.0-M1:test (default-test) @ hadoop-hdds-common ---
[INFO] 
[INFO] -------------------------------------------------------
[INFO]  T E S T S
[INFO] -------------------------------------------------------
[INFO] Running org.apache.hadoop.utils.TestRetriableTask
[INFO] Tests run: 3, Failures: 0, Errors: 0, Skipped: 0, Time elapsed: 0.11 s - in org.apache.hadoop.utils.TestRetriableTask
[INFO] Running org.apache.hadoop.utils.db.cache.TestTableCacheImpl
[INFO] Tests run: 4, Failures: 0, Errors: 0, Skipped: 0, Time elapsed: 2.114 s - in org.apache.hadoop.utils.db.cache.TestTableCacheImpl
[INFO] Running org.apache.hadoop.utils.db.TestDBStoreBuilder
[INFO] Tests run: 7, Failures: 0, Errors: 0, Skipped: 0, Time elapsed: 0.765 s - in org.apache.hadoop.utils.db.TestDBStoreBuilder
[INFO] Running org.apache.hadoop.utils.db.TestRDBStore
[INFO] Tests run: 12, Failures: 0, Errors: 0, Skipped: 0, Time elapsed: 10.198 s - in org.apache.hadoop.utils.db.TestRDBStore
[INFO] Running org.apache.hadoop.utils.db.TestDBConfigFromFile
[INFO] Tests run: 2, Failures: 0, Errors: 0, Skipped: 0, Time elapsed: 0.265 s - in org.apache.hadoop.utils.db.TestDBConfigFromFile
[INFO] Running org.apache.hadoop.utils.db.TestRDBTableStore
[INFO] Tests run: 9, Failures: 0, Errors: 0, Skipped: 0, Time elapsed: 4.163 s - in org.apache.hadoop.utils.db.TestRDBTableStore
[INFO] Running org.apache.hadoop.utils.db.TestTypedRDBTableStore
[INFO] Tests run: 11, Failures: 0, Errors: 0, Skipped: 0, Time elapsed: 5.244 s - in org.apache.hadoop.utils.db.TestTypedRDBTableStore
[INFO] Running org.apache.hadoop.utils.TestHddsIdFactory
[INFO] Tests run: 1, Failures: 0, Errors: 0, Skipped: 0, Time elapsed: 0.108 s - in org.apache.hadoop.utils.TestHddsIdFactory
[INFO] Running org.apache.hadoop.utils.TestRocksDBStoreMBean
[INFO] Tests run: 3, Failures: 0, Errors: 0, Skipped: 0, Time elapsed: 4.85 s - in org.apache.hadoop.utils.TestRocksDBStoreMBean
[INFO] Running org.apache.hadoop.utils.TestMetadataStore
[INFO] Tests run: 26, Failures: 0, Errors: 0, Skipped: 0, Time elapsed: 13.139 s - in org.apache.hadoop.utils.TestMetadataStore
[INFO] Running org.apache.hadoop.hdds.TestHddsUtils
[INFO] Tests run: 1, Failures: 0, Errors: 0, Skipped: 0, Time elapsed: 0.098 s - in org.apache.hadoop.hdds.TestHddsUtils
[INFO] Running org.apache.hadoop.hdds.conf.TestOzoneConfiguration
[INFO] Tests run: 3, Failures: 0, Errors: 0, Skipped: 0, Time elapsed: 0.485 s - in org.apache.hadoop.hdds.conf.TestOzoneConfiguration
[INFO] Running org.apache.hadoop.hdds.scm.exceptions.TestSCMExceptionResultCodes
[INFO] Tests run: 1, Failures: 0, Errors: 0, Skipped: 0, Time elapsed: 0.071 s - in org.apache.hadoop.hdds.scm.exceptions.TestSCMExceptionResultCodes
[INFO] Running org.apache.hadoop.hdds.scm.net.TestYamlSchemaLoader
[INFO] Tests run: 4, Failures: 0, Errors: 0, Skipped: 0, Time elapsed: 0.27 s - in org.apache.hadoop.hdds.scm.net.TestYamlSchemaLoader
[INFO] Running org.apache.hadoop.hdds.scm.net.TestNodeSchemaLoader
[INFO] Tests run: 28, Failures: 0, Errors: 0, Skipped: 0, Time elapsed: 0.268 s - in org.apache.hadoop.hdds.scm.net.TestNodeSchemaLoader
[INFO] Running org.apache.hadoop.hdds.scm.net.TestNodeSchemaManager
[INFO] Tests run: 5, Failures: 0, Errors: 0, Skipped: 0, Time elapsed: 0.327 s - in org.apache.hadoop.hdds.scm.net.TestNodeSchemaManager
[INFO] Running org.apache.hadoop.hdds.scm.net.TestNetworkTopologyImpl
[WARNING] Tests run: 75, Failures: 0, Errors: 0, Skipped: 1, Time elapsed: 3.123 s - in org.apache.hadoop.hdds.scm.net.TestNetworkTopologyImpl
[INFO] Running org.apache.hadoop.hdds.security.x509.keys.TestHDDSKeyGenerator
[INFO] Tests run: 2, Failures: 0, Errors: 0, Skipped: 0, Time elapsed: 3.316 s - in org.apache.hadoop.hdds.security.x509.keys.TestHDDSKeyGenerator
[INFO] Running org.apache.hadoop.hdds.security.x509.keys.TestKeyCodec
[INFO] Tests run: 4, Failures: 0, Errors: 0, Skipped: 0, Time elapsed: 2.335 s - in org.apache.hadoop.hdds.security.x509.keys.TestKeyCodec
[INFO] Running org.apache.hadoop.hdds.security.x509.certificates.TestCertificateSignRequest
[INFO] Tests run: 4, Failures: 0, Errors: 0, Skipped: 0, Time elapsed: 2.019 s - in org.apache.hadoop.hdds.security.x509.certificates.TestCertificateSignRequest
[INFO] Running org.apache.hadoop.hdds.security.x509.certificates.TestRootCertificate
[INFO] Tests run: 3, Failures: 0, Errors: 0, Skipped: 0, Time elapsed: 1.964 s - in org.apache.hadoop.hdds.security.x509.certificates.TestRootCertificate
[INFO] Running org.apache.hadoop.hdds.security.x509.certificate.utils.TestCertificateCodec
[INFO] Tests run: 4, Failures: 0, Errors: 0, Skipped: 0, Time elapsed: 2.08 s - in org.apache.hadoop.hdds.security.x509.certificate.utils.TestCertificateCodec
[INFO] Running org.apache.hadoop.hdds.security.x509.certificate.client.TestCertificateClientInit
[INFO] Tests run: 16, Failures: 0, Errors: 0, Skipped: 0, Time elapsed: 5.717 s - in org.apache.hadoop.hdds.security.x509.certificate.client.TestCertificateClientInit
[INFO] Running org.apache.hadoop.hdds.security.x509.certificate.client.TestDefaultCertificateClient
[INFO] Tests run: 9, Failures: 0, Errors: 0, Skipped: 0, Time elapsed: 11.891 s - in org.apache.hadoop.hdds.security.x509.certificate.client.TestDefaultCertificateClient
[INFO] Running org.apache.hadoop.hdds.security.x509.certificate.authority.TestDefaultCAServer
[INFO] Tests run: 6, Failures: 0, Errors: 0, Skipped: 0, Time elapsed: 3.67 s - in org.apache.hadoop.hdds.security.x509.certificate.authority.TestDefaultCAServer
[INFO] Running org.apache.hadoop.hdds.security.x509.certificate.authority.TestDefaultProfile
[INFO] Tests run: 10, Failures: 0, Errors: 0, Skipped: 0, Time elapsed: 3.625 s - in org.apache.hadoop.hdds.security.x509.certificate.authority.TestDefaultProfile
[INFO] Running org.apache.hadoop.hdds.security.token.TestOzoneBlockTokenIdentifier
[INFO] Tests run: 4, Failures: 0, Errors: 0, Skipped: 0, Time elapsed: 1.81 s - in org.apache.hadoop.hdds.security.token.TestOzoneBlockTokenIdentifier
[INFO] Running org.apache.hadoop.ozone.common.TestChecksum
[INFO] Tests run: 3, Failures: 0, Errors: 0, Skipped: 0, Time elapsed: 0.119 s - in org.apache.hadoop.ozone.common.TestChecksum
[INFO] Running org.apache.hadoop.ozone.common.TestStateMachine
[INFO] Tests run: 1, Failures: 0, Errors: 0, Skipped: 0, Time elapsed: 0.144 s - in org.apache.hadoop.ozone.common.TestStateMachine
[INFO] Running org.apache.hadoop.ozone.lease.TestLeaseManager
[INFO] Tests run: 10, Failures: 0, Errors: 0, Skipped: 0, Time elapsed: 23.155 s - in org.apache.hadoop.ozone.lease.TestLeaseManager
[INFO] Running org.apache.hadoop.ozone.audit.TestOzoneAuditLogger
[INFO] Tests run: 3, Failures: 0, Errors: 0, Skipped: 0, Time elapsed: 1.084 s - in org.apache.hadoop.ozone.audit.TestOzoneAuditLogger
[INFO] Running org.apache.hadoop.ozone.lock.TestLockManager
[INFO] Tests run: 2, Failures: 0, Errors: 0, Skipped: 0, Time elapsed: 0.726 s - in org.apache.hadoop.ozone.lock.TestLockManager
[INFO] 
[INFO] Results:
[INFO] 
[WARNING] Tests run: 276, Failures: 0, Errors: 0, Skipped: 1
[INFO] 
[INFO] 
[INFO] -----------< org.apache.hadoop:hadoop-hdds-server-framework >-----------
[INFO] Building Apache Hadoop HDDS Server Framework 0.5.0-SNAPSHOT       [4/26]
[INFO] --------------------------------[ jar ]---------------------------------
[INFO] 
[INFO] --- maven-antrun-plugin:1.7:run (create-testdirs) @ hadoop-hdds-server-framework ---
[INFO] Executing tasks

main:
    [mkdir] Created dir: /workdir/hadoop-hdds/framework/target/test-dir
[INFO] Executed tasks
[INFO] 
[INFO] --- maven-remote-resources-plugin:1.5:process (default) @ hadoop-hdds-server-framework ---
[INFO] 
[INFO] --- maven-resources-plugin:2.6:resources (default-resources) @ hadoop-hdds-server-framework ---
[INFO] Using 'UTF-8' encoding to copy filtered resources.
[INFO] Copying 17 resources
[INFO] Copying 2 resources
[INFO] 
[INFO] --- maven-compiler-plugin:3.1:compile (default-compile) @ hadoop-hdds-server-framework ---
[INFO] Compiling 19 source files to /workdir/hadoop-hdds/framework/target/classes
[WARNING] /workdir/hadoop-hdds/framework/src/main/java/org/apache/hadoop/hdds/server/events/EventQueue.java: Some input files use unchecked or unsafe operations.
[WARNING] /workdir/hadoop-hdds/framework/src/main/java/org/apache/hadoop/hdds/server/events/EventQueue.java: Recompile with -Xlint:unchecked for details.
[INFO] 
[INFO] --- maven-antrun-plugin:1.7:run (copy web resources) @ hadoop-hdds-server-framework ---
[INFO] Executing tasks

main:
     [copy] Copying 29 files to /workdir/hadoop-hdds/framework/target/classes/webapps/static
[INFO] Executed tasks
[INFO] 
[INFO] --- maven-resources-plugin:2.6:testResources (default-testResources) @ hadoop-hdds-server-framework ---
[INFO] Using 'UTF-8' encoding to copy filtered resources.
[INFO] Copying 1 resource
[INFO] Copying 2 resources
[INFO] 
[INFO] --- maven-compiler-plugin:3.1:testCompile (default-testCompile) @ hadoop-hdds-server-framework ---
[INFO] Compiling 8 source files to /workdir/hadoop-hdds/framework/target/test-classes
[INFO] 
[INFO] --- maven-surefire-plugin:3.0.0-M1:test (default-test) @ hadoop-hdds-server-framework ---
[INFO] 
[INFO] -------------------------------------------------------
[INFO]  T E S T S
[INFO] -------------------------------------------------------
[INFO] Running org.apache.hadoop.hdds.server.TestServerUtils
[INFO] Tests run: 6, Failures: 0, Errors: 0, Skipped: 0, Time elapsed: 0.411 s - in org.apache.hadoop.hdds.server.TestServerUtils
[INFO] Running org.apache.hadoop.hdds.server.events.TestEventWatcher
[INFO] Tests run: 3, Failures: 0, Errors: 0, Skipped: 0, Time elapsed: 11.515 s - in org.apache.hadoop.hdds.server.events.TestEventWatcher
[INFO] Running org.apache.hadoop.hdds.server.events.TestEventQueueChain
[INFO] Tests run: 1, Failures: 0, Errors: 0, Skipped: 0, Time elapsed: 0.186 s - in org.apache.hadoop.hdds.server.events.TestEventQueueChain
[INFO] Running org.apache.hadoop.hdds.server.events.TestEventQueue
[INFO] Tests run: 2, Failures: 0, Errors: 0, Skipped: 0, Time elapsed: 0.502 s - in org.apache.hadoop.hdds.server.events.TestEventQueue
[INFO] Running org.apache.hadoop.hdds.server.TestPrometheusMetricsSink
[INFO] Tests run: 5, Failures: 0, Errors: 0, Skipped: 0, Time elapsed: 0.364 s - in org.apache.hadoop.hdds.server.TestPrometheusMetricsSink
[INFO] Running org.apache.hadoop.hdds.server.TestBaseHttpServer
[INFO] Tests run: 1, Failures: 0, Errors: 0, Skipped: 0, Time elapsed: 0.301 s - in org.apache.hadoop.hdds.server.TestBaseHttpServer
[INFO] 
[INFO] Results:
[INFO] 
[INFO] Tests run: 18, Failures: 0, Errors: 0, Skipped: 0
[INFO] 
[INFO] 
[INFO] ----------< org.apache.hadoop:hadoop-hdds-container-service >-----------
[INFO] Building Apache Hadoop HDDS Container Service 0.5.0-SNAPSHOT      [5/26]
[INFO] --------------------------------[ jar ]---------------------------------
[INFO] 
[INFO] --- maven-antrun-plugin:1.7:run (create-testdirs) @ hadoop-hdds-container-service ---
[INFO] Executing tasks

main:
    [mkdir] Created dir: /workdir/hadoop-hdds/container-service/target/test-dir
[INFO] Executed tasks
[INFO] 
[INFO] --- hadoop-maven-plugins:3.2.0:protoc (compile-protoc) @ hadoop-hdds-container-service ---
[INFO] Wrote protoc checksums to file /workdir/hadoop-hdds/container-service/target/hadoop-maven-plugins-protoc-checksums.json
[INFO] 
[INFO] --- maven-remote-resources-plugin:1.5:process (default) @ hadoop-hdds-container-service ---
[INFO] 
[INFO] --- maven-resources-plugin:2.6:resources (default-resources) @ hadoop-hdds-container-service ---
[INFO] Using 'UTF-8' encoding to copy filtered resources.
[INFO] Copying 2 resources
[INFO] Copying 2 resources
[INFO] 
[INFO] --- maven-compiler-plugin:3.1:compile (default-compile) @ hadoop-hdds-container-service ---
[INFO] Compiling 151 source files to /workdir/hadoop-hdds/container-service/target/classes
[INFO] -------------------------------------------------------------
[WARNING] COMPILATION WARNING : 
[INFO] -------------------------------------------------------------
[WARNING] /workdir/hadoop-hdds/container-service/src/main/java/org/apache/hadoop/ozone/container/common/volume/AbstractFuture.java:[1051,26] sun.misc.Unsafe is internal proprietary API and may be removed in a future release
[WARNING] /workdir/hadoop-hdds/container-service/src/main/java/org/apache/hadoop/ozone/container/common/volume/AbstractFuture.java:[1059,15] sun.misc.Unsafe is internal proprietary API and may be removed in a future release
[WARNING] /workdir/hadoop-hdds/container-service/src/main/java/org/apache/hadoop/ozone/container/common/volume/AbstractFuture.java:[1061,26] sun.misc.Unsafe is internal proprietary API and may be removed in a future release
[WARNING] /workdir/hadoop-hdds/container-service/src/main/java/org/apache/hadoop/ozone/container/common/volume/AbstractFuture.java:[1066,57] sun.misc.Unsafe is internal proprietary API and may be removed in a future release
[WARNING] /workdir/hadoop-hdds/container-service/src/main/java/org/apache/hadoop/ozone/container/common/volume/AbstractFuture.java:[1068,36] sun.misc.Unsafe is internal proprietary API and may be removed in a future release
[WARNING] /workdir/hadoop-hdds/container-service/src/main/java/org/apache/hadoop/ozone/container/common/volume/AbstractFuture.java:[1069,37] sun.misc.Unsafe is internal proprietary API and may be removed in a future release
[WARNING] /workdir/hadoop-hdds/container-service/src/main/java/org/apache/hadoop/ozone/container/common/volume/AbstractFuture.java:[1069,58] sun.misc.Unsafe is internal proprietary API and may be removed in a future release
[WARNING] /workdir/hadoop-hdds/container-service/src/main/java/org/apache/hadoop/ozone/container/replication/OnDemandContainerReplicationSource.java: Some input files use unchecked or unsafe operations.
[WARNING] /workdir/hadoop-hdds/container-service/src/main/java/org/apache/hadoop/ozone/container/replication/OnDemandContainerReplicationSource.java: Recompile with -Xlint:unchecked for details.
[INFO] 9 warnings 
[INFO] -------------------------------------------------------------
[INFO] -------------------------------------------------------------
[ERROR] COMPILATION ERROR : 
[INFO] -------------------------------------------------------------
[ERROR] /workdir/hadoop-hdds/container-service/src/main/java/org/apache/hadoop/ozone/container/common/volume/HddsVolumeChecker.java:[206,16] method addCallback in class com.google.common.util.concurrent.Futures cannot be applied to given types;
  required: com.google.common.util.concurrent.ListenableFuture<V>,com.google.common.util.concurrent.FutureCallback<? super V>,java.util.concurrent.Executor
  found: com.google.common.util.concurrent.ListenableFuture<org.apache.hadoop.hdfs.server.datanode.checker.VolumeCheckResult>,org.apache.hadoop.ozone.container.common.volume.HddsVolumeChecker.ResultHandler
  reason: cannot infer type-variable(s) V
    (actual and formal argument lists differ in length)
[ERROR] /workdir/hadoop-hdds/container-service/src/main/java/org/apache/hadoop/ozone/container/common/volume/ThrottledAsyncChecker.java:[165,12] method addCallback in class com.google.common.util.concurrent.Futures cannot be applied to given types;
  required: com.google.common.util.concurrent.ListenableFuture<V>,com.google.common.util.concurrent.FutureCallback<? super V>,java.util.concurrent.Executor
  found: com.google.common.util.concurrent.ListenableFuture<V>,<anonymous com.google.common.util.concurrent.FutureCallback<V>>
  reason: cannot infer type-variable(s) V
    (actual and formal argument lists differ in length)
[INFO] 2 errors 
[INFO] -------------------------------------------------------------
[INFO] 
[INFO] ----------------< org.apache.hadoop:hadoop-hdds-client >----------------
[INFO] Building Apache Hadoop HDDS Client 0.5.0-SNAPSHOT                 [6/26]
[INFO] --------------------------------[ jar ]---------------------------------
[INFO] 
[INFO] --- maven-antrun-plugin:1.7:run (create-testdirs) @ hadoop-hdds-client ---
[INFO] Executing tasks

main:
    [mkdir] Created dir: /workdir/hadoop-hdds/client/target/test-dir
[INFO] Executed tasks
[INFO] 
[INFO] --- maven-remote-resources-plugin:1.5:process (default) @ hadoop-hdds-client ---
[INFO] 
[INFO] --- maven-resources-plugin:2.6:resources (default-resources) @ hadoop-hdds-client ---
[INFO] Using 'UTF-8' encoding to copy filtered resources.
[INFO] skip non existing resourceDirectory /workdir/hadoop-hdds/client/src/main/resources
[INFO] Copying 2 resources
[INFO] 
[INFO] --- maven-compiler-plugin:3.1:compile (default-compile) @ hadoop-hdds-client ---
[INFO] Compiling 15 source files to /workdir/hadoop-hdds/client/target/classes
[WARNING] /workdir/hadoop-hdds/client/src/main/java/org/apache/hadoop/hdds/scm/XceiverClientGrpc.java: Some input files use unchecked or unsafe operations.
[WARNING] /workdir/hadoop-hdds/client/src/main/java/org/apache/hadoop/hdds/scm/XceiverClientGrpc.java: Recompile with -Xlint:unchecked for details.
[INFO] 
[INFO] --- maven-resources-plugin:2.6:testResources (default-testResources) @ hadoop-hdds-client ---
[INFO] Using 'UTF-8' encoding to copy filtered resources.
[INFO] skip non existing resourceDirectory /workdir/hadoop-hdds/client/src/test/resources
[INFO] Copying 2 resources
[INFO] 
[INFO] --- maven-compiler-plugin:3.1:testCompile (default-testCompile) @ hadoop-hdds-client ---
[INFO] Compiling 3 source files to /workdir/hadoop-hdds/client/target/test-classes
[INFO] 
[INFO] --- maven-surefire-plugin:3.0.0-M1:test (default-test) @ hadoop-hdds-client ---
[INFO] 
[INFO] -------------------------------------------------------
[INFO]  T E S T S
[INFO] -------------------------------------------------------
[INFO] Running org.apache.hadoop.hdds.scm.storage.TestChunkInputStream
[INFO] Tests run: 4, Failures: 0, Errors: 0, Skipped: 0, Time elapsed: 0.156 s - in org.apache.hadoop.hdds.scm.storage.TestChunkInputStream
[INFO] Running org.apache.hadoop.hdds.scm.storage.TestBlockInputStream
[INFO] Tests run: 3, Failures: 0, Errors: 0, Skipped: 0, Time elapsed: 0.151 s - in org.apache.hadoop.hdds.scm.storage.TestBlockInputStream
[INFO] 
[INFO] Results:
[INFO] 
[INFO] Tests run: 7, Failures: 0, Errors: 0, Skipped: 0
[INFO] 
[INFO] 
[INFO] ----------------< org.apache.hadoop:hadoop-hdds-tools >-----------------
[INFO] Building Apache Hadoop HDDS Tools 0.5.0-SNAPSHOT                  [7/26]
[INFO] --------------------------------[ jar ]---------------------------------
[INFO] 
[INFO] --- maven-antrun-plugin:1.7:run (create-testdirs) @ hadoop-hdds-tools ---
[INFO] Executing tasks

main:
    [mkdir] Created dir: /workdir/hadoop-hdds/tools/target/test-dir
[INFO] Executed tasks
[INFO] 
[INFO] --- maven-remote-resources-plugin:1.5:process (default) @ hadoop-hdds-tools ---
[INFO] 
[INFO] --- maven-resources-plugin:2.6:resources (default-resources) @ hadoop-hdds-tools ---
[INFO] Using 'UTF-8' encoding to copy filtered resources.
[INFO] skip non existing resourceDirectory /workdir/hadoop-hdds/tools/src/main/resources
[INFO] Copying 2 resources
[INFO] 
[INFO] --- maven-compiler-plugin:3.1:compile (default-compile) @ hadoop-hdds-tools ---
[INFO] Compiling 19 source files to /workdir/hadoop-hdds/tools/target/classes
[INFO] 
[INFO] --- maven-resources-plugin:2.6:testResources (default-testResources) @ hadoop-hdds-tools ---
[INFO] Using 'UTF-8' encoding to copy filtered resources.
[INFO] skip non existing resourceDirectory /workdir/hadoop-hdds/tools/src/test/resources
[INFO] Copying 2 resources
[INFO] 
[INFO] --- maven-compiler-plugin:3.1:testCompile (default-testCompile) @ hadoop-hdds-tools ---
[INFO] No sources to compile
[INFO] 
[INFO] --- maven-surefire-plugin:3.0.0-M1:test (default-test) @ hadoop-hdds-tools ---
[INFO] 
[INFO] -------------------< org.apache.hadoop:hadoop-ozone >-------------------
[INFO] Building Apache Hadoop Ozone 0.5.0-SNAPSHOT                       [8/26]
[INFO] --------------------------------[ pom ]---------------------------------
[INFO] 
[INFO] --- maven-antrun-plugin:1.7:run (create-testdirs) @ hadoop-ozone ---
[INFO] Executing tasks

main:
    [mkdir] Created dir: /workdir/hadoop-ozone/target/test-dir
[INFO] Executed tasks
[INFO] 
[INFO] --- maven-remote-resources-plugin:1.5:process (default) @ hadoop-ozone ---
[INFO] 
[INFO] ---------------< org.apache.hadoop:hadoop-ozone-common >----------------
[INFO] Building Apache Hadoop Ozone Common 0.5.0-SNAPSHOT                [9/26]
[INFO] --------------------------------[ jar ]---------------------------------
Downloading from apache.snapshots.https: https://repository.apache.org/content/repositories/snapshots/org/apache/hadoop/hadoop-hdds-container-service/0.5.0-SNAPSHOT/maven-metadata.xml
Progress (1): 1.2 kB                    Downloaded from apache.snapshots.https: https://repository.apache.org/content/repositories/snapshots/org/apache/hadoop/hadoop-hdds-container-service/0.5.0-SNAPSHOT/maven-metadata.xml (1.2 kB at 2.0 kB/s)
Downloading from apache.snapshots.https: https://repository.apache.org/content/repositories/snapshots/org/apache/hadoop/hadoop-hdds-container-service/0.5.0-SNAPSHOT/hadoop-hdds-container-service-0.5.0-20190715.155533-124.jar
Progress (1): 4.1/882 kBProgress (1): 7.7/882 kBProgress (1): 8.2/882 kBProgress (1): 12/882 kB Progress (1): 16/882 kBProgress (1): 16/882 kBProgress (1): 20/882 kBProgress (1): 24/882 kBProgress (1): 25/882 kBProgress (1): 29/882 kBProgress (1): 32/882 kBProgress (1): 33/882 kBProgress (1): 37/882 kBProgress (1): 41/882 kBProgress (1): 41/882 kBProgress (1): 45/882 kBProgress (1): 49/882 kBProgress (1): 49/882 kBProgress (1): 53/882 kBProgress (1): 57/882 kBProgress (1): 57/882 kBProgress (1): 61/882 kBProgress (1): 65/882 kBProgress (1): 66/882 kBProgress (1): 70/882 kBProgress (1): 74/882 kBProgress (1): 74/882 kBProgress (1): 78/882 kBProgress (1): 82/882 kBProgress (1): 82/882 kBProgress (1): 86/882 kBProgress (1): 90/882 kBProgress (1): 90/882 kBProgress (1): 94/882 kBProgress (1): 98/882 kBProgress (1): 98/882 kBProgress (1): 102/882 kBProgress (1): 106/882 kBProgress (1): 106/882 kBProgress (1): 111/882 kBProgress (1): 114/882 kBProgress (1): 115/882 kBProgress (1): 119/882 kBProgress (1): 122/882 kBProgress (1): 123/882 kBProgress (1): 127/882 kBProgress (1): 130/882 kBProgress (1): 131/882 kBProgress (1): 135/882 kBProgress (1): 138/882 kBProgress (1): 139/882 kBProgress (1): 143/882 kBProgress (1): 146/882 kBProgress (1): 147/882 kBProgress (1): 152/882 kBProgress (1): 154/882 kBProgress (1): 156/882 kBProgress (1): 160/882 kBProgress (1): 162/882 kBProgress (1): 164/882 kBProgress (1): 168/882 kBProgress (1): 170/882 kBProgress (1): 172/882 kBProgress (1): 176/882 kBProgress (1): 178/882 kBProgress (1): 180/882 kBProgress (1): 184/882 kBProgress (1): 186/882 kBProgress (1): 188/882 kBProgress (1): 193/882 kBProgress (1): 194/882 kBProgress (1): 197/882 kBProgress (1): 201/882 kBProgress (1): 202/882 kBProgress (1): 205/882 kBProgress (1): 209/882 kBProgress (1): 210/882 kBProgress (1): 213/882 kBProgress (1): 217/882 kBProgress (1): 218/882 kBProgress (1): 221/882 kBProgress (1): 225/882 kBProgress (1): 226/882 kBProgress (1): 229/882 kBProgress (1): 233/882 kBProgress (1): 234/882 kBProgress (1): 238/882 kBProgress (1): 242/882 kBProgress (1): 246/882 kBProgress (1): 246/882 kBProgress (1): 250/882 kBProgress (1): 254/882 kBProgress (1): 254/882 kBProgress (1): 258/882 kBProgress (1): 262/882 kBProgress (1): 262/882 kBProgress (1): 266/882 kBProgress (1): 270/882 kBProgress (1): 270/882 kBProgress (1): 274/882 kBProgress (1): 278/882 kBProgress (1): 279/882 kBProgress (1): 282/882 kBProgress (1): 286/882 kBProgress (1): 287/882 kBProgress (1): 290/882 kBProgress (1): 294/882 kBProgress (1): 295/882 kBProgress (1): 298/882 kBProgress (1): 302/882 kBProgress (1): 303/882 kBProgress (1): 306/882 kBProgress (1): 310/882 kBProgress (1): 311/882 kBProgress (1): 314/882 kBProgress (1): 318/882 kBProgress (1): 319/882 kBProgress (1): 322/882 kBProgress (1): 326/882 kBProgress (1): 328/882 kBProgress (1): 330/882 kBProgress (1): 334/882 kBProgress (1): 336/882 kBProgress (1): 338/882 kBProgress (1): 342/882 kBProgress (1): 344/882 kBProgress (1): 346/882 kBProgress (1): 350/882 kBProgress (1): 352/882 kBProgress (1): 354/882 kBProgress (1): 358/882 kBProgress (1): 360/882 kBProgress (1): 362/882 kBProgress (1): 366/882 kBProgress (1): 369/882 kBProgress (1): 370/882 kBProgress (1): 374/882 kBProgress (1): 377/882 kBProgress (1): 378/882 kBProgress (1): 382/882 kBProgress (1): 385/882 kBProgress (1): 386/882 kBProgress (1): 390/882 kBProgress (1): 393/882 kBProgress (1): 394/882 kBProgress (1): 398/882 kBProgress (1): 401/882 kBProgress (1): 402/882 kBProgress (1): 406/882 kBProgress (1): 410/882 kBProgress (1): 410/882 kBProgress (1): 414/882 kBProgress (1): 418/882 kBProgress (1): 418/882 kBProgress (1): 422/882 kBProgress (1): 426/882 kBProgress (1): 426/882 kBProgress (1): 430/882 kBProgress (1): 434/882 kBProgress (1): 434/882 kBProgress (1): 438/882 kBProgress (1): 442/882 kBProgress (1): 442/882 kBProgress (1): 446/882 kBProgress (1): 450/882 kBProgress (1): 451/882 kBProgress (1): 455/882 kBProgress (1): 458/882 kBProgress (1): 459/882 kBProgress (1): 463/882 kBProgress (1): 466/882 kBProgress (1): 467/882 kBProgress (1): 471/882 kBProgress (1): 474/882 kBProgress (1): 475/882 kBProgress (1): 479/882 kBProgress (1): 482/882 kBProgress (1): 483/882 kBProgress (1): 487/882 kBProgress (1): 490/882 kBProgress (1): 492/882 kBProgress (1): 496/882 kBProgress (1): 498/882 kBProgress (1): 500/882 kBProgress (1): 504/882 kBProgress (1): 506/882 kBProgress (1): 508/882 kBProgress (1): 512/882 kBProgress (1): 514/882 kBProgress (1): 516/882 kBProgress (1): 520/882 kBProgress (1): 522/882 kBProgress (1): 524/882 kBProgress (1): 528/882 kBProgress (1): 530/882 kBProgress (1): 532/882 kBProgress (1): 537/882 kBProgress (1): 538/882 kBProgress (1): 541/882 kBProgress (1): 545/882 kBProgress (1): 546/882 kBProgress (1): 549/882 kBProgress (1): 553/882 kBProgress (1): 554/882 kBProgress (1): 557/882 kBProgress (1): 561/882 kBProgress (1): 562/882 kBProgress (1): 565/882 kBProgress (1): 569/882 kBProgress (1): 570/882 kBProgress (1): 573/882 kBProgress (1): 578/882 kBProgress (1): 582/882 kBProgress (1): 586/882 kBProgress (1): 590/882 kBProgress (1): 590/882 kBProgress (1): 594/882 kBProgress (1): 598/882 kBProgress (1): 598/882 kBProgress (1): 602/882 kBProgress (1): 606/882 kBProgress (1): 606/882 kBProgress (1): 610/882 kBProgress (1): 614/882 kBProgress (1): 614/882 kBProgress (1): 618/882 kBProgress (1): 622/882 kBProgress (1): 623/882 kBProgress (1): 626/882 kBProgress (1): 630/882 kBProgress (1): 631/882 kBProgress (1): 634/882 kBProgress (1): 638/882 kBProgress (1): 639/882 kBProgress (1): 642/882 kBProgress (1): 646/882 kBProgress (1): 647/882 kBProgress (1): 650/882 kBProgress (1): 654/882 kBProgress (1): 655/882 kBProgress (1): 658/882 kBProgress (1): 662/882 kBProgress (1): 664/882 kBProgress (1): 666/882 kBProgress (1): 670/882 kBProgress (1): 672/882 kBProgress (1): 674/882 kBProgress (1): 678/882 kBProgress (1): 680/882 kBProgress (1): 682/882 kBProgress (1): 686/882 kBProgress (1): 688/882 kBProgress (1): 690/882 kBProgress (1): 694/882 kBProgress (1): 696/882 kBProgress (1): 698/882 kBProgress (1): 702/882 kBProgress (1): 705/882 kBProgress (1): 706/882 kBProgress (1): 710/882 kBProgress (1): 713/882 kBProgress (1): 714/882 kBProgress (1): 718/882 kBProgress (1): 721/882 kBProgress (1): 722/882 kBProgress (1): 726/882 kBProgress (1): 729/882 kBProgress (1): 730/882 kBProgress (1): 734/882 kBProgress (1): 737/882 kBProgress (1): 738/882 kBProgress (1): 742/882 kBProgress (1): 745/882 kBProgress (1): 746/882 kBProgress (1): 750/882 kBProgress (1): 754/882 kBProgress (1): 754/882 kBProgress (1): 758/882 kBProgress (1): 762/882 kBProgress (1): 762/882 kBProgress (1): 766/882 kBProgress (1): 770/882 kBProgress (1): 770/882 kBProgress (1): 774/882 kBProgress (1): 778/882 kBProgress (1): 778/882 kBProgress (1): 782/882 kBProgress (1): 786/882 kBProgress (1): 786/882 kBProgress (1): 791/882 kBProgress (1): 794/882 kBProgress (1): 795/882 kBProgress (1): 799/882 kBProgress (1): 802/882 kBProgress (1): 803/882 kBProgress (1): 807/882 kBProgress (1): 810/882 kBProgress (1): 811/882 kBProgress (1): 815/882 kBProgress (1): 818/882 kBProgress (1): 819/882 kBProgress (1): 823/882 kBProgress (1): 826/882 kBProgress (1): 827/882 kBProgress (1): 831/882 kBProgress (1): 834/882 kBProgress (1): 836/882 kBProgress (1): 840/882 kBProgress (1): 842/882 kBProgress (1): 844/882 kBProgress (1): 848/882 kBProgress (1): 850/882 kBProgress (1): 852/882 kBProgress (1): 856/882 kBProgress (1): 858/882 kBProgress (1): 860/882 kBProgress (1): 864/882 kBProgress (1): 866/882 kBProgress (1): 868/882 kBProgress (1): 872/882 kBProgress (1): 874/882 kBProgress (1): 877/882 kBProgress (1): 881/882 kBProgress (1): 882/882 kBProgress (1): 882 kB                        Downloaded from apache.snapshots.https: https://repository.apache.org/content/repositories/snapshots/org/apache/hadoop/hadoop-hdds-container-service/0.5.0-SNAPSHOT/hadoop-hdds-container-service-0.5.0-20190715.155533-124.jar (882 kB at 858 kB/s)
[INFO] 
[INFO] --- maven-antrun-plugin:1.7:run (create-testdirs) @ hadoop-ozone-common ---
[INFO] Executing tasks

main:
    [mkdir] Created dir: /workdir/hadoop-ozone/common/target/test-dir
[INFO] Executed tasks
[INFO] 
[INFO] --- hadoop-maven-plugins:3.2.0:protoc (compile-protoc) @ hadoop-ozone-common ---
[INFO] Wrote protoc checksums to file /workdir/hadoop-ozone/common/target/hadoop-maven-plugins-protoc-checksums.json
[INFO] 
[INFO] --- hadoop-maven-plugins:3.2.0:version-info (version-info) @ hadoop-ozone-common ---
[INFO] SCM: GIT
[INFO] Computed MD5: 145d6e33fcfce9e6aa393d5a7613cac
[INFO] 
[INFO] --- maven-remote-resources-plugin:1.5:process (default) @ hadoop-ozone-common ---
Downloading from apache.snapshots.https: https://repository.apache.org/content/repositories/snapshots/org/apache/hadoop/hadoop-hdds-container-service/0.5.0-SNAPSHOT/hadoop-hdds-container-service-0.5.0-20190715.155533-124.pom
Progress (1): 3.5 kB                    Downloaded from apache.snapshots.https: https://repository.apache.org/content/repositories/snapshots/org/apache/hadoop/hadoop-hdds-container-service/0.5.0-SNAPSHOT/hadoop-hdds-container-service-0.5.0-20190715.155533-124.pom (3.5 kB at 5.8 kB/s)
[INFO] 
[INFO] --- maven-resources-plugin:2.6:resources (default-resources) @ hadoop-ozone-common ---
[INFO] Using 'UTF-8' encoding to copy filtered resources.
[INFO] Copying 0 resource
[INFO] Copying 1 resource
[INFO] Copying 2 resources
[INFO] 
[INFO] --- maven-compiler-plugin:3.1:compile (default-compile) @ hadoop-ozone-common ---
[INFO] Compiling 130 source files to /workdir/hadoop-ozone/common/target/classes
[WARNING] /workdir/hadoop-ozone/common/src/main/java/org/apache/hadoop/ozone/om/ha/OMFailoverProxyProvider.java: Some input files use unchecked or unsafe operations.
[WARNING] /workdir/hadoop-ozone/common/src/main/java/org/apache/hadoop/ozone/om/ha/OMFailoverProxyProvider.java: Recompile with -Xlint:unchecked for details.
[INFO] 
[INFO] --- maven-resources-plugin:2.6:testResources (default-testResources) @ hadoop-ozone-common ---
[INFO] Using 'UTF-8' encoding to copy filtered resources.
[INFO] skip non existing resourceDirectory /workdir/hadoop-ozone/common/src/test/resources
[INFO] Copying 2 resources
[INFO] 
[INFO] --- maven-compiler-plugin:3.1:testCompile (default-testCompile) @ hadoop-ozone-common ---
[INFO] Compiling 22 source files to /workdir/hadoop-ozone/common/target/test-classes
[INFO] 
[INFO] --- maven-surefire-plugin:3.0.0-M1:test (default-test) @ hadoop-ozone-common ---
[INFO] 
[INFO] -------------------------------------------------------
[INFO]  T E S T S
[INFO] -------------------------------------------------------
[INFO] Running org.apache.hadoop.ozone.web.TestUtils
[INFO] Tests run: 2, Failures: 0, Errors: 0, Skipped: 0, Time elapsed: 0.089 s - in org.apache.hadoop.ozone.web.TestUtils
[INFO] Running org.apache.hadoop.ozone.web.TestBucketInfo
[INFO] Tests run: 4, Failures: 0, Errors: 0, Skipped: 0, Time elapsed: 0.447 s - in org.apache.hadoop.ozone.web.TestBucketInfo
[INFO] Running org.apache.hadoop.ozone.web.TestVolumeStructs
[INFO] Tests run: 3, Failures: 0, Errors: 0, Skipped: 0, Time elapsed: 0.397 s - in org.apache.hadoop.ozone.web.TestVolumeStructs
[INFO] Running org.apache.hadoop.ozone.web.TestQuota
[INFO] Tests run: 3, Failures: 0, Errors: 0, Skipped: 0, Time elapsed: 0.059 s - in org.apache.hadoop.ozone.web.TestQuota
[INFO] Running org.apache.hadoop.ozone.TestOmUtils
[INFO] Tests run: 4, Failures: 0, Errors: 0, Skipped: 0, Time elapsed: 0.451 s - in org.apache.hadoop.ozone.TestOmUtils
[INFO] Running org.apache.hadoop.ozone.om.helpers.TestOzoneAclUtil
[INFO] Tests run: 2, Failures: 0, Errors: 0, Skipped: 0, Time elapsed: 0.474 s - in org.apache.hadoop.ozone.om.helpers.TestOzoneAclUtil
[INFO] Running org.apache.hadoop.ozone.om.helpers.TestOmKeyInfo
[INFO] Tests run: 1, Failures: 0, Errors: 0, Skipped: 0, Time elapsed: 0.113 s - in org.apache.hadoop.ozone.om.helpers.TestOmKeyInfo
[INFO] Running org.apache.hadoop.ozone.om.helpers.TestOmBucketInfo
[INFO] Tests run: 1, Failures: 0, Errors: 0, Skipped: 0, Time elapsed: 0.112 s - in org.apache.hadoop.ozone.om.helpers.TestOmBucketInfo
[INFO] Running org.apache.hadoop.ozone.om.exceptions.TestResultCodes
[INFO] Tests run: 1, Failures: 0, Errors: 0, Skipped: 0, Time elapsed: 0.068 s - in org.apache.hadoop.ozone.om.exceptions.TestResultCodes
[INFO] Running org.apache.hadoop.ozone.om.codec.TestOmMultipartKeyInfoCodec
[INFO] Tests run: 1, Failures: 0, Errors: 0, Skipped: 0, Time elapsed: 0.133 s - in org.apache.hadoop.ozone.om.codec.TestOmMultipartKeyInfoCodec
[INFO] Running org.apache.hadoop.ozone.om.codec.TestOmPrefixInfoCodec
[INFO] Tests run: 4, Failures: 0, Errors: 0, Skipped: 0, Time elapsed: 0.142 s - in org.apache.hadoop.ozone.om.codec.TestOmPrefixInfoCodec
[INFO] Running org.apache.hadoop.ozone.om.codec.TestS3SecretValueCodec
[INFO] Tests run: 4, Failures: 0, Errors: 0, Skipped: 0, Time elapsed: 0.14 s - in org.apache.hadoop.ozone.om.codec.TestS3SecretValueCodec
[INFO] Running org.apache.hadoop.ozone.om.lock.TestOzoneManagerLock
[INFO] Tests run: 12, Failures: 0, Errors: 0, Skipped: 0, Time elapsed: 2.177 s - in org.apache.hadoop.ozone.om.lock.TestOzoneManagerLock
[INFO] Running org.apache.hadoop.ozone.TestOzoneAcls
[INFO] Tests run: 3, Failures: 0, Errors: 0, Skipped: 0, Time elapsed: 0.127 s - in org.apache.hadoop.ozone.TestOzoneAcls
[INFO] Running org.apache.hadoop.ozone.util.TestRadixTree
[INFO] Tests run: 4, Failures: 0, Errors: 0, Skipped: 0, Time elapsed: 0.085 s - in org.apache.hadoop.ozone.util.TestRadixTree
[INFO] Running org.apache.hadoop.ozone.security.acl.TestOzoneObjInfo
[INFO] Tests run: 4, Failures: 0, Errors: 0, Skipped: 0, Time elapsed: 0.086 s - in org.apache.hadoop.ozone.security.acl.TestOzoneObjInfo
[INFO] Running org.apache.hadoop.ozone.security.TestAWSV4AuthValidator
[INFO] Tests run: 2, Failures: 0, Errors: 0, Skipped: 0, Time elapsed: 0.186 s - in org.apache.hadoop.ozone.security.TestAWSV4AuthValidator
[INFO] 
[INFO] Results:
[INFO] 
[INFO] Tests run: 55, Failures: 0, Errors: 0, Skipped: 0
[INFO] 
[INFO] 
[INFO] ---------------< org.apache.hadoop:hadoop-ozone-client >----------------
[INFO] Building Apache Hadoop Ozone Client 0.5.0-SNAPSHOT               [10/26]
[INFO] --------------------------------[ jar ]---------------------------------
[INFO] 
[INFO] --- maven-antrun-plugin:1.7:run (create-testdirs) @ hadoop-ozone-client ---
[INFO] Executing tasks

main:
    [mkdir] Created dir: /workdir/hadoop-ozone/client/target/test-dir
[INFO] Executed tasks
[INFO] 
[INFO] --- maven-remote-resources-plugin:1.5:process (default) @ hadoop-ozone-client ---
[INFO] 
[INFO] --- maven-resources-plugin:2.6:resources (default-resources) @ hadoop-ozone-client ---
[INFO] Using 'UTF-8' encoding to copy filtered resources.
[INFO] skip non existing resourceDirectory /workdir/hadoop-ozone/client/src/main/resources
[INFO] Copying 2 resources
[INFO] 
[INFO] --- maven-compiler-plugin:3.1:compile (default-compile) @ hadoop-ozone-client ---
[INFO] Compiling 34 source files to /workdir/hadoop-ozone/client/target/classes
[WARNING] /workdir/hadoop-ozone/client/src/main/java/org/apache/hadoop/ozone/client/rest/RestClient.java: Some input files use unchecked or unsafe operations.
[WARNING] /workdir/hadoop-ozone/client/src/main/java/org/apache/hadoop/ozone/client/rest/RestClient.java: Recompile with -Xlint:unchecked for details.
[INFO] 
[INFO] --- maven-resources-plugin:2.6:testResources (default-testResources) @ hadoop-ozone-client ---
[INFO] Using 'UTF-8' encoding to copy filtered resources.
[INFO] skip non existing resourceDirectory /workdir/hadoop-ozone/client/src/test/resources
[INFO] Copying 2 resources
[INFO] 
[INFO] --- maven-compiler-plugin:3.1:testCompile (default-testCompile) @ hadoop-ozone-client ---
[INFO] Compiling 3 source files to /workdir/hadoop-ozone/client/target/test-classes
[INFO] 
[INFO] --- maven-surefire-plugin:3.0.0-M1:test (default-test) @ hadoop-ozone-client ---
[INFO] 
[INFO] -------------------------------------------------------
[INFO]  T E S T S
[INFO] -------------------------------------------------------
[INFO] Running org.apache.hadoop.ozone.client.rpc.TestOzoneKMSUtil
[INFO] Tests run: 1, Failures: 0, Errors: 0, Skipped: 0, Time elapsed: 0.272 s - in org.apache.hadoop.ozone.client.rpc.TestOzoneKMSUtil
[INFO] Running org.apache.hadoop.ozone.client.TestHddsClientUtils
[INFO] Tests run: 11, Failures: 0, Errors: 0, Skipped: 0, Time elapsed: 0.625 s - in org.apache.hadoop.ozone.client.TestHddsClientUtils
[INFO] 
[INFO] Results:
[INFO] 
[INFO] Tests run: 12, Failures: 0, Errors: 0, Skipped: 0
[INFO] 
[INFO] 
[INFO] -----------------< org.apache.hadoop:hadoop-hdds-docs >-----------------
[INFO] Building Apache Hadoop HDDS/Ozone Documentation 0.5.0-SNAPSHOT   [11/26]
[INFO] --------------------------------[ jar ]---------------------------------
[INFO] 
[INFO] --- maven-antrun-plugin:1.7:run (create-testdirs) @ hadoop-hdds-docs ---
[INFO] Executing tasks

main:
    [mkdir] Created dir: /workdir/hadoop-hdds/docs/target/test-dir
[INFO] Executed tasks
[INFO] 
[INFO] --- maven-remote-resources-plugin:1.5:process (default) @ hadoop-hdds-docs ---
[INFO] 
[INFO] --- maven-resources-plugin:2.6:resources (default-resources) @ hadoop-hdds-docs ---
[INFO] Using 'UTF-8' encoding to copy filtered resources.
[INFO] skip non existing resourceDirectory /workdir/hadoop-hdds/docs/src/main/resources
[INFO] Copying 2 resources
[INFO] 
[INFO] --- maven-compiler-plugin:3.1:compile (default-compile) @ hadoop-hdds-docs ---
[INFO] No sources to compile
[INFO] 
[INFO] --- exec-maven-plugin:1.6.0:exec (default) @ hadoop-hdds-docs ---
Hugo is not yet installed. Doc generation is skipped.
[INFO] 
[INFO] --- maven-resources-plugin:2.6:testResources (default-testResources) @ hadoop-hdds-docs ---
[INFO] Using 'UTF-8' encoding to copy filtered resources.
[INFO] skip non existing resourceDirectory /workdir/hadoop-hdds/docs/src/test/resources
[INFO] Copying 2 resources
[INFO] 
[INFO] --- maven-compiler-plugin:3.1:testCompile (default-testCompile) @ hadoop-hdds-docs ---
[INFO] No sources to compile
[INFO] 
[INFO] --- maven-surefire-plugin:3.0.0-M1:test (default-test) @ hadoop-hdds-docs ---
[INFO] 
[INFO] --------------< org.apache.hadoop:hadoop-hdds-server-scm >--------------
[INFO] Building Apache Hadoop HDDS SCM Server 0.5.0-SNAPSHOT            [12/26]
[INFO] --------------------------------[ jar ]---------------------------------
Downloading from apache.snapshots.https: https://repository.apache.org/content/repositories/snapshots/org/apache/hadoop/hadoop-hdds-container-service/0.5.0-SNAPSHOT/hadoop-hdds-container-service-0.5.0-20190715.155533-124-tests.jar
Progress (1): 4.1/185 kBProgress (1): 7.7/185 kBProgress (1): 8.2/185 kBProgress (1): 12/185 kB Progress (1): 16/185 kBProgress (1): 16/185 kBProgress (1): 20/185 kBProgress (1): 24/185 kBProgress (1): 25/185 kBProgress (1): 29/185 kBProgress (1): 32/185 kBProgress (1): 33/185 kBProgress (1): 37/185 kBProgress (1): 41/185 kBProgress (1): 41/185 kBProgress (1): 45/185 kBProgress (1): 49/185 kBProgress (1): 49/185 kBProgress (1): 53/185 kBProgress (1): 57/185 kBProgress (1): 57/185 kBProgress (1): 61/185 kBProgress (1): 65/185 kBProgress (1): 66/185 kBProgress (1): 70/185 kBProgress (1): 74/185 kBProgress (1): 74/185 kBProgress (1): 78/185 kBProgress (1): 82/185 kBProgress (1): 82/185 kBProgress (1): 86/185 kBProgress (1): 90/185 kBProgress (1): 90/185 kBProgress (1): 94/185 kBProgress (1): 98/185 kBProgress (1): 98/185 kBProgress (1): 102/185 kBProgress (1): 106/185 kBProgress (1): 106/185 kBProgress (1): 111/185 kBProgress (1): 114/185 kBProgress (1): 115/185 kBProgress (1): 119/185 kBProgress (1): 122/185 kBProgress (1): 123/185 kBProgress (1): 127/185 kBProgress (1): 130/185 kBProgress (1): 131/185 kBProgress (1): 135/185 kBProgress (1): 138/185 kBProgress (1): 139/185 kBProgress (1): 143/185 kBProgress (1): 146/185 kBProgress (1): 147/185 kBProgress (1): 152/185 kBProgress (1): 154/185 kBProgress (1): 156/185 kBProgress (1): 160/185 kBProgress (1): 162/185 kBProgress (1): 164/185 kBProgress (1): 168/185 kBProgress (1): 170/185 kBProgress (1): 172/185 kBProgress (1): 176/185 kBProgress (1): 178/185 kBProgress (1): 180/185 kBProgress (1): 184/185 kBProgress (1): 185 kB                        Downloaded from apache.snapshots.https: https://repository.apache.org/content/repositories/snapshots/org/apache/hadoop/hadoop-hdds-container-service/0.5.0-SNAPSHOT/hadoop-hdds-container-service-0.5.0-20190715.155533-124-tests.jar (185 kB at 221 kB/s)
[INFO] 
[INFO] --- maven-antrun-plugin:1.7:run (create-testdirs) @ hadoop-hdds-server-scm ---
[INFO] Executing tasks

main:
    [mkdir] Created dir: /workdir/hadoop-hdds/server-scm/target/test-dir
[INFO] Executed tasks
[INFO] 
[INFO] --- maven-remote-resources-plugin:1.5:process (default) @ hadoop-hdds-server-scm ---
[INFO] 
[INFO] --- maven-resources-plugin:2.6:resources (default-resources) @ hadoop-hdds-server-scm ---
[INFO] Using 'UTF-8' encoding to copy filtered resources.
[INFO] Copying 4 resources
[INFO] Copying 2 resources
[INFO] 
[INFO] --- maven-compiler-plugin:3.1:compile (default-compile) @ hadoop-hdds-server-scm ---
[INFO] Compiling 130 source files to /workdir/hadoop-hdds/server-scm/target/classes
[INFO] -------------------------------------------------------------
[WARNING] COMPILATION WARNING : 
[INFO] -------------------------------------------------------------
[WARNING] /workdir/hadoop-hdds/server-scm/src/main/java/org/apache/hadoop/hdds/scm/safemode/SCMSafeModeManager.java: Some input files use unchecked or unsafe operations.
[WARNING] /workdir/hadoop-hdds/server-scm/src/main/java/org/apache/hadoop/hdds/scm/safemode/SCMSafeModeManager.java: Recompile with -Xlint:unchecked for details.
[INFO] 2 warnings 
[INFO] -------------------------------------------------------------
[INFO] -------------------------------------------------------------
[ERROR] COMPILATION ERROR : 
[INFO] -------------------------------------------------------------
[ERROR] /workdir/hadoop-hdds/server-scm/src/main/java/org/apache/hadoop/hdds/scm/server/SCMDatanodeProtocolServer.java:[268,34] incompatible types: byte[] cannot be converted to org.apache.hadoop.hdds.protocol.proto.StorageContainerDatanodeProtocolProtos.SCMRegisteredResponseProto
[ERROR] /workdir/hadoop-hdds/server-scm/src/main/java/org/apache/hadoop/hdds/scm/node/SCMNodeManager.java:[280,9] cannot find symbol
  symbol:   method setDatanode(org.apache.hadoop.hdds.protocol.DatanodeDetails)
  location: class org.apache.hadoop.ozone.protocol.commands.RegisteredCommand.Builder
[INFO] 2 errors 
[INFO] -------------------------------------------------------------
[INFO] 
[INFO] ------------< org.apache.hadoop:hadoop-ozone-ozone-manager >------------
[INFO] Building Apache Hadoop Ozone Manager Server 0.5.0-SNAPSHOT       [13/26]
[INFO] --------------------------------[ jar ]---------------------------------
Downloading from apache.snapshots.https: https://repository.apache.org/content/repositories/snapshots/org/mockito/mockito-core/2.28.2/mockito-core-2.28.2.pom
Downloading from repository.jboss.org: http://repository.jboss.org/nexus/content/groups/public/org/mockito/mockito-core/2.28.2/mockito-core-2.28.2.pom
Downloading from central: https://repo.maven.apache.org/maven2/org/mockito/mockito-core/2.28.2/mockito-core-2.28.2.pom
Progress (1): 2.2/20 kBProgress (1): 5.0/20 kBProgress (1): 7.8/20 kBProgress (1): 11/20 kB Progress (1): 13/20 kBProgress (1): 16/20 kBProgress (1): 19/20 kBProgress (1): 20 kB                      Downloaded from central: https://repo.maven.apache.org/maven2/org/mockito/mockito-core/2.28.2/mockito-core-2.28.2.pom (20 kB at 717 kB/s)
Downloading from apache.snapshots.https: https://repository.apache.org/content/repositories/snapshots/net/bytebuddy/byte-buddy/1.9.10/byte-buddy-1.9.10.pom
Downloading from repository.jboss.org: http://repository.jboss.org/nexus/content/groups/public/net/bytebuddy/byte-buddy/1.9.10/byte-buddy-1.9.10.pom
Downloading from central: https://repo.maven.apache.org/maven2/net/bytebuddy/byte-buddy/1.9.10/byte-buddy-1.9.10.pom
Progress (1): 2.2/10 kBProgress (1): 5.0/10 kBProgress (1): 7.8/10 kBProgress (1): 10 kB                       Downloaded from central: https://repo.maven.apache.org/maven2/net/bytebuddy/byte-buddy/1.9.10/byte-buddy-1.9.10.pom (10 kB at 229 kB/s)
Downloading from apache.snapshots.https: https://repository.apache.org/content/repositories/snapshots/net/bytebuddy/byte-buddy-parent/1.9.10/byte-buddy-parent-1.9.10.pom
Downloading from repository.jboss.org: http://repository.jboss.org/nexus/content/groups/public/net/bytebuddy/byte-buddy-parent/1.9.10/byte-buddy-parent-1.9.10.pom
Downloading from central: https://repo.maven.apache.org/maven2/net/bytebuddy/byte-buddy-parent/1.9.10/byte-buddy-parent-1.9.10.pom
Progress (1): 0/36 kBProgress (1): 2.8/36 kBProgress (1): 4.1/36 kBProgress (1): 6.9/36 kBProgress (1): 8.2/36 kBProgress (1): 11/36 kB Progress (1): 12/36 kBProgress (1): 15/36 kBProgress (1): 16/36 kBProgress (1): 19/36 kBProgress (1): 21/36 kBProgress (1): 23/36 kBProgress (1): 25/36 kBProgress (1): 27/36 kBProgress (1): 29/36 kBProgress (1): 31/36 kBProgress (1): 34/36 kBProgress (1): 36 kB                      Downloaded from central: https://repo.maven.apache.org/maven2/net/bytebuddy/byte-buddy-parent/1.9.10/byte-buddy-parent-1.9.10.pom (36 kB at 1.3 MB/s)
Downloading from apache.snapshots.https: https://repository.apache.org/content/repositories/snapshots/net/bytebuddy/byte-buddy-agent/1.9.10/byte-buddy-agent-1.9.10.pom
Downloading from repository.jboss.org: http://repository.jboss.org/nexus/content/groups/public/net/bytebuddy/byte-buddy-agent/1.9.10/byte-buddy-agent-1.9.10.pom
Downloading from central: https://repo.maven.apache.org/maven2/net/bytebuddy/byte-buddy-agent/1.9.10/byte-buddy-agent-1.9.10.pom
Progress (1): 2.8/6.0 kBProgress (1): 5.5/6.0 kBProgress (1): 6.0 kB                        Downloaded from central: https://repo.maven.apache.org/maven2/net/bytebuddy/byte-buddy-agent/1.9.10/byte-buddy-agent-1.9.10.pom (6.0 kB at 287 kB/s)
Downloading from apache.snapshots.https: https://repository.apache.org/content/repositories/snapshots/org/apache/hadoop/hadoop-hdds-server-scm/0.5.0-SNAPSHOT/maven-metadata.xml
Progress (1): 1.2 kB                    Downloaded from apache.snapshots.https: https://repository.apache.org/content/repositories/snapshots/org/apache/hadoop/hadoop-hdds-server-scm/0.5.0-SNAPSHOT/maven-metadata.xml (1.2 kB at 2.0 kB/s)
Downloading from apache.snapshots.https: https://repository.apache.org/content/repositories/snapshots/org/mockito/mockito-core/2.28.2/mockito-core-2.28.2.jar
Downloading from apache.snapshots.https: https://repository.apache.org/content/repositories/snapshots/org/apache/hadoop/hadoop-hdds-server-scm/0.5.0-SNAPSHOT/hadoop-hdds-server-scm-0.5.0-20190715.155734-124-tests.jar
Downloading from apache.snapshots.https: https://repository.apache.org/content/repositories/snapshots/net/bytebuddy/byte-buddy-agent/1.9.10/byte-buddy-agent-1.9.10.jar
Downloading from apache.snapshots.https: https://repository.apache.org/content/repositories/snapshots/net/bytebuddy/byte-buddy/1.9.10/byte-buddy-1.9.10.jar
Progress (1): 4.1/244 kBProgress (1): 7.7/244 kBProgress (1): 8.2/244 kBProgress (1): 12/244 kB Progress (1): 16/244 kBProgress (1): 16/244 kBProgress (1): 20/244 kBProgress (1): 24/244 kBProgress (1): 25/244 kBProgress (1): 29/244 kBProgress (1): 32/244 kBProgress (1): 33/244 kBProgress (1): 37/244 kBProgress (1): 41/244 kBProgress (1): 41/244 kBProgress (1): 45/244 kBProgress (1): 49/244 kBProgress (1): 49/244 kBProgress (1): 53/244 kBProgress (1): 57/244 kBProgress (1): 57/244 kBProgress (1): 61/244 kBProgress (1): 65/244 kBProgress (1): 66/244 kBProgress (1): 70/244 kBProgress (1): 74/244 kBProgress (1): 74/244 kBProgress (1): 78/244 kBProgress (1): 82/244 kBProgress (1): 82/244 kBProgress (1): 86/244 kBProgress (1): 90/244 kBProgress (1): 90/244 kBProgress (1): 94/244 kBProgress (1): 98/244 kBProgress (1): 98/244 kBProgress (1): 102/244 kBProgress (1): 106/244 kBProgress (1): 106/244 kBProgress (1): 111/244 kBProgress (1): 114/244 kBProgress (1): 115/244 kBProgress (1): 119/244 kBProgress (1): 122/244 kBProgress (1): 123/244 kBProgress (1): 127/244 kBProgress (1): 130/244 kBProgress (1): 131/244 kBProgress (1): 135/244 kBProgress (1): 138/244 kBProgress (1): 139/244 kBProgress (1): 143/244 kBProgress (1): 146/244 kBProgress (1): 147/244 kBProgress (1): 152/244 kBProgress (1): 154/244 kBProgress (1): 156/244 kBProgress (1): 160/244 kBProgress (1): 162/244 kBProgress (1): 164/244 kBProgress (1): 168/244 kBProgress (1): 170/244 kBProgress (1): 172/244 kBProgress (1): 176/244 kBProgress (1): 178/244 kBProgress (1): 180/244 kBProgress (1): 184/244 kBProgress (1): 186/244 kBProgress (1): 188/244 kBProgress (1): 193/244 kBProgress (1): 194/244 kBProgress (1): 197/244 kBProgress (1): 201/244 kBProgress (1): 202/244 kBProgress (1): 205/244 kBProgress (1): 209/244 kBProgress (1): 210/244 kBProgress (1): 213/244 kBProgress (1): 217/244 kBProgress (1): 218/244 kBProgress (1): 221/244 kBProgress (1): 225/244 kBProgress (1): 226/244 kBProgress (1): 229/244 kBProgress (1): 233/244 kBProgress (1): 234/244 kBProgress (1): 238/244 kBProgress (1): 242/244 kBProgress (1): 244 kB                        Downloaded from apache.snapshots.https: https://repository.apache.org/content/repositories/snapshots/org/apache/hadoop/hadoop-hdds-server-scm/0.5.0-SNAPSHOT/hadoop-hdds-server-scm-0.5.0-20190715.155734-124-tests.jar (244 kB at 272 kB/s)
Downloading from repository.jboss.org: http://repository.jboss.org/nexus/content/groups/public/org/mockito/mockito-core/2.28.2/mockito-core-2.28.2.jar
Downloading from repository.jboss.org: http://repository.jboss.org/nexus/content/groups/public/net/bytebuddy/byte-buddy/1.9.10/byte-buddy-1.9.10.jar
Downloading from repository.jboss.org: http://repository.jboss.org/nexus/content/groups/public/net/bytebuddy/byte-buddy-agent/1.9.10/byte-buddy-agent-1.9.10.jar
Downloading from central: https://repo.maven.apache.org/maven2/org/mockito/mockito-core/2.28.2/mockito-core-2.28.2.jar
Downloading from central: https://repo.maven.apache.org/maven2/net/bytebuddy/byte-buddy/1.9.10/byte-buddy-1.9.10.jar
Downloading from central: https://repo.maven.apache.org/maven2/net/bytebuddy/byte-buddy-agent/1.9.10/byte-buddy-agent-1.9.10.jar
Progress (1): 2.2/43 kBProgress (1): 5.0/43 kBProgress (1): 7.7/43 kBProgress (1): 10/43 kB Progress (2): 10/43 kB | 2.2/591 kBProgress (2): 13/43 kB | 2.2/591 kBProgress (3): 13/43 kB | 2.2/591 kB | 0/3.3 MBProgress (3): 13/43 kB | 5.0/591 kB | 0/3.3 MBProgress (3): 16/43 kB | 5.0/591 kB | 0/3.3 MBProgress (3): 16/43 kB | 5.0/591 kB | 0/3.3 MBProgress (3): 16/43 kB | 7.7/591 kB | 0/3.3 MBProgress (3): 16/43 kB | 7.7/591 kB | 0/3.3 MBProgress (3): 19/43 kB | 7.7/591 kB | 0/3.3 MBProgress (3): 19/43 kB | 7.7/591 kB | 0/3.3 MBProgress (3): 19/43 kB | 10/591 kB | 0/3.3 MB Progress (3): 19/43 kB | 10/591 kB | 0/3.3 MBProgress (3): 21/43 kB | 10/591 kB | 0/3.3 MBProgress (3): 21/43 kB | 10/591 kB | 0/3.3 MBProgress (3): 21/43 kB | 13/591 kB | 0/3.3 MBProgress (3): 21/43 kB | 13/591 kB | 0/3.3 MBProgress (3): 24/43 kB | 13/591 kB | 0/3.3 MBProgress (3): 24/43 kB | 13/591 kB | 0/3.3 MBProgress (3): 24/43 kB | 16/591 kB | 0/3.3 MBProgress (3): 24/43 kB | 16/591 kB | 0/3.3 MBProgress (3): 27/43 kB | 16/591 kB | 0/3.3 MBProgress (3): 27/43 kB | 16/591 kB | 0/3.3 MBProgress (3): 27/43 kB | 19/591 kB | 0/3.3 MBProgress (3): 27/43 kB | 19/591 kB | 0/3.3 MBProgress (3): 30/43 kB | 19/591 kB | 0/3.3 MBProgress (3): 30/43 kB | 19/591 kB | 0/3.3 MBProgress (3): 32/43 kB | 19/591 kB | 0/3.3 MBProgress (3): 32/43 kB | 19/591 kB | 0/3.3 MBProgress (3): 32/43 kB | 19/591 kB | 0/3.3 MBProgress (3): 32/43 kB | 19/591 kB | 0/3.3 MBProgress (3): 32/43 kB | 21/591 kB | 0/3.3 MBProgress (3): 32/43 kB | 21/591 kB | 0/3.3 MBProgress (3): 36/43 kB | 21/591 kB | 0/3.3 MBProgress (3): 36/43 kB | 24/591 kB | 0/3.3 MBProgress (3): 36/43 kB | 24/591 kB | 0.1/3.3 MBProgress (3): 40/43 kB | 24/591 kB | 0.1/3.3 MBProgress (3): 40/43 kB | 27/591 kB | 0.1/3.3 MBProgress (3): 40/43 kB | 27/591 kB | 0.1/3.3 MBProgress (3): 43 kB | 27/591 kB | 0.1/3.3 MB   Progress (3): 43 kB | 30/591 kB | 0.1/3.3 MBProgress (3): 43 kB | 30/591 kB | 0.1/3.3 MBProgress (3): 43 kB | 32/591 kB | 0.1/3.3 MBProgress (3): 43 kB | 32/591 kB | 0.1/3.3 MBProgress (3): 43 kB | 32/591 kB | 0.1/3.3 MBProgress (3): 43 kB | 32/591 kB | 0.1/3.3 MBProgress (3): 43 kB | 36/591 kB | 0.1/3.3 MBProgress (3): 43 kB | 36/591 kB | 0.1/3.3 MBProgress (3): 43 kB | 40/591 kB | 0.1/3.3 MBProgress (3): 43 kB | 40/591 kB | 0.1/3.3 MBProgress (3): 43 kB | 45/591 kB | 0.1/3.3 MBProgress (3): 43 kB | 49/591 kB | 0.1/3.3 MBProgress (3): 43 kB | 49/591 kB | 0.1/3.3 MBProgress (3): 43 kB | 49/591 kB | 0.1/3.3 MBProgress (3): 43 kB | 49/591 kB | 0.1/3.3 MBProgress (3): 43 kB | 49/591 kB | 0.1/3.3 MBProgress (3): 43 kB | 53/591 kB | 0.1/3.3 MBProgress (3): 43 kB | 57/591 kB | 0.1/3.3 MBProgress (3): 43 kB | 61/591 kB | 0.1/3.3 MBProgress (3): 43 kB | 61/591 kB | 0.1/3.3 MBProgress (3): 43 kB | 65/591 kB | 0.1/3.3 MBProgress (3): 43 kB | 65/591 kB | 0.1/3.3 MBProgress (3): 43 kB | 65/591 kB | 0.1/3.3 MBProgress (3): 43 kB | 65/591 kB | 0.1/3.3 MBProgress (3): 43 kB | 69/591 kB | 0.1/3.3 MBProgress (3): 43 kB | 69/591 kB | 0.1/3.3 MBProgress (3): 43 kB | 73/591 kB | 0.1/3.3 MBProgress (3): 43 kB | 73/591 kB | 0.1/3.3 MBProgress (3): 43 kB | 77/591 kB | 0.1/3.3 MBProgress (3): 43 kB | 77/591 kB | 0.1/3.3 MBProgress (3): 43 kB | 81/591 kB | 0.1/3.3 MBProgress (3): 43 kB | 81/591 kB | 0.1/3.3 MBProgress (3): 43 kB | 81/591 kB | 0.1/3.3 MBProgress (3): 43 kB | 81/591 kB | 0.1/3.3 MBProgress (3): 43 kB | 85/591 kB | 0.1/3.3 MBProgress (3): 43 kB | 85/591 kB | 0.1/3.3 MB                                            Downloaded from central: https://repo.maven.apache.org/maven2/net/bytebuddy/byte-buddy-agent/1.9.10/byte-buddy-agent-1.9.10.jar (43 kB at 1.3 MB/s)
Progress (2): 90/591 kB | 0.1/3.3 MBProgress (2): 90/591 kB | 0.1/3.3 MBProgress (2): 94/591 kB | 0.1/3.3 MBProgress (2): 98/591 kB | 0.1/3.3 MBProgress (2): 98/591 kB | 0.2/3.3 MBProgress (2): 98/591 kB | 0.2/3.3 MBProgress (2): 98/591 kB | 0.2/3.3 MBProgress (2): 98/591 kB | 0.2/3.3 MBProgress (2): 102/591 kB | 0.2/3.3 MBProgress (2): 106/591 kB | 0.2/3.3 MBProgress (2): 106/591 kB | 0.2/3.3 MBProgress (2): 110/591 kB | 0.2/3.3 MBProgress (2): 110/591 kB | 0.2/3.3 MBProgress (2): 114/591 kB | 0.2/3.3 MBProgress (2): 114/591 kB | 0.2/3.3 MBProgress (2): 114/591 kB | 0.2/3.3 MBProgress (2): 114/591 kB | 0.2/3.3 MBProgress (2): 118/591 kB | 0.2/3.3 MBProgress (2): 118/591 kB | 0.2/3.3 MBProgress (2): 122/591 kB | 0.2/3.3 MBProgress (2): 122/591 kB | 0.2/3.3 MBProgress (2): 126/591 kB | 0.2/3.3 MBProgress (2): 126/591 kB | 0.2/3.3 MBProgress (2): 131/591 kB | 0.2/3.3 MBProgress (2): 131/591 kB | 0.2/3.3 MBProgress (2): 131/591 kB | 0.2/3.3 MBProgress (2): 131/591 kB | 0.2/3.3 MBProgress (2): 131/591 kB | 0.2/3.3 MBProgress (2): 135/591 kB | 0.2/3.3 MBProgress (2): 139/591 kB | 0.2/3.3 MBProgress (2): 139/591 kB | 0.2/3.3 MBProgress (2): 143/591 kB | 0.2/3.3 MBProgress (2): 143/591 kB | 0.2/3.3 MBProgress (2): 147/591 kB | 0.2/3.3 MBProgress (2): 147/591 kB | 0.2/3.3 MBProgress (2): 147/591 kB | 0.2/3.3 MBProgress (2): 147/591 kB | 0.2/3.3 MBProgress (2): 151/591 kB | 0.2/3.3 MBProgress (2): 151/591 kB | 0.2/3.3 MBProgress (2): 155/591 kB | 0.2/3.3 MBProgress (2): 155/591 kB | 0.2/3.3 MBProgress (2): 159/591 kB | 0.2/3.3 MBProgress (2): 159/591 kB | 0.2/3.3 MBProgress (2): 163/591 kB | 0.2/3.3 MBProgress (2): 163/591 kB | 0.2/3.3 MBProgress (2): 163/591 kB | 0.3/3.3 MBProgress (2): 163/591 kB | 0.3/3.3 MBProgress (2): 167/591 kB | 0.3/3.3 MBProgress (2): 167/591 kB | 0.3/3.3 MBProgress (2): 171/591 kB | 0.3/3.3 MBProgress (2): 176/591 kB | 0.3/3.3 MBProgress (2): 180/591 kB | 0.3/3.3 MBProgress (2): 180/591 kB | 0.3/3.3 MBProgress (2): 180/591 kB | 0.3/3.3 MBProgress (2): 180/591 kB | 0.3/3.3 MBProgress (2): 180/591 kB | 0.3/3.3 MBProgress (2): 184/591 kB | 0.3/3.3 MBProgress (2): 184/591 kB | 0.3/3.3 MBProgress (2): 188/591 kB | 0.3/3.3 MBProgress (2): 188/591 kB | 0.3/3.3 MBProgress (2): 192/591 kB | 0.3/3.3 MBProgress (2): 192/591 kB | 0.3/3.3 MBProgress (2): 196/591 kB | 0.3/3.3 MBProgress (2): 196/591 kB | 0.3/3.3 MBProgress (2): 196/591 kB | 0.3/3.3 MBProgress (2): 196/591 kB | 0.3/3.3 MBProgress (2): 200/591 kB | 0.3/3.3 MBProgress (2): 200/591 kB | 0.3/3.3 MBProgress (2): 204/591 kB | 0.3/3.3 MBProgress (2): 204/591 kB | 0.3/3.3 MBProgress (2): 208/591 kB | 0.3/3.3 MBProgress (2): 212/591 kB | 0.3/3.3 MBProgress (2): 212/591 kB | 0.3/3.3 MBProgress (2): 212/591 kB | 0.3/3.3 MBProgress (2): 212/591 kB | 0.3/3.3 MBProgress (2): 212/591 kB | 0.3/3.3 MBProgress (2): 217/591 kB | 0.3/3.3 MBProgress (2): 221/591 kB | 0.3/3.3 MBProgress (2): 221/591 kB | 0.3/3.3 MBProgress (2): 225/591 kB | 0.3/3.3 MBProgress (2): 225/591 kB | 0.3/3.3 MBProgress (2): 229/591 kB | 0.3/3.3 MBProgress (2): 229/591 kB | 0.3/3.3 MBProgress (2): 229/591 kB | 0.3/3.3 MBProgress (2): 229/591 kB | 0.3/3.3 MBProgress (2): 233/591 kB | 0.3/3.3 MBProgress (2): 233/591 kB | 0.4/3.3 MBProgress (2): 237/591 kB | 0.4/3.3 MBProgress (2): 237/591 kB | 0.4/3.3 MBProgress (2): 241/591 kB | 0.4/3.3 MBProgress (2): 241/591 kB | 0.4/3.3 MBProgress (2): 245/591 kB | 0.4/3.3 MBProgress (2): 245/591 kB | 0.4/3.3 MBProgress (2): 245/591 kB | 0.4/3.3 MBProgress (2): 245/591 kB | 0.4/3.3 MBProgress (2): 245/591 kB | 0.4/3.3 MBProgress (2): 249/591 kB | 0.4/3.3 MBProgress (2): 253/591 kB | 0.4/3.3 MBProgress (2): 258/591 kB | 0.4/3.3 MBProgress (2): 258/591 kB | 0.4/3.3 MBProgress (2): 262/591 kB | 0.4/3.3 MBProgress (2): 262/591 kB | 0.4/3.3 MBProgress (2): 262/591 kB | 0.4/3.3 MBProgress (2): 262/591 kB | 0.4/3.3 MBProgress (2): 266/591 kB | 0.4/3.3 MBProgress (2): 266/591 kB | 0.4/3.3 MBProgress (2): 270/591 kB | 0.4/3.3 MBProgress (2): 270/591 kB | 0.4/3.3 MBProgress (2): 274/591 kB | 0.4/3.3 MBProgress (2): 274/591 kB | 0.4/3.3 MBProgress (2): 278/591 kB | 0.4/3.3 MBProgress (2): 278/591 kB | 0.4/3.3 MBProgress (2): 278/591 kB | 0.4/3.3 MBProgress (2): 282/591 kB | 0.4/3.3 MBProgress (2): 282/591 kB | 0.4/3.3 MBProgress (2): 286/591 kB | 0.4/3.3 MBProgress (2): 286/591 kB | 0.4/3.3 MBProgress (2): 290/591 kB | 0.4/3.3 MBProgress (2): 290/591 kB | 0.4/3.3 MBProgress (2): 294/591 kB | 0.4/3.3 MBProgress (2): 294/591 kB | 0.4/3.3 MBProgress (2): 294/591 kB | 0.4/3.3 MBProgress (2): 294/591 kB | 0.4/3.3 MBProgress (2): 298/591 kB | 0.4/3.3 MBProgress (2): 298/591 kB | 0.4/3.3 MBProgress (2): 303/591 kB | 0.4/3.3 MBProgress (2): 307/591 kB | 0.4/3.3 MBProgress (2): 311/591 kB | 0.4/3.3 MBProgress (2): 311/591 kB | 0.4/3.3 MBProgress (2): 311/591 kB | 0.5/3.3 MBProgress (2): 311/591 kB | 0.5/3.3 MBProgress (2): 311/591 kB | 0.5/3.3 MBProgress (2): 315/591 kB | 0.5/3.3 MBProgress (2): 319/591 kB | 0.5/3.3 MBProgress (2): 319/591 kB | 0.5/3.3 MBProgress (2): 323/591 kB | 0.5/3.3 MBProgress (2): 323/591 kB | 0.5/3.3 MBProgress (2): 327/591 kB | 0.5/3.3 MBProgress (2): 327/591 kB | 0.5/3.3 MBProgress (2): 327/591 kB | 0.5/3.3 MBProgress (2): 331/591 kB | 0.5/3.3 MBProgress (2): 331/591 kB | 0.5/3.3 MBProgress (2): 335/591 kB | 0.5/3.3 MBProgress (2): 335/591 kB | 0.5/3.3 MBProgress (2): 339/591 kB | 0.5/3.3 MBProgress (2): 339/591 kB | 0.5/3.3 MBProgress (2): 344/591 kB | 0.5/3.3 MBProgress (2): 344/591 kB | 0.5/3.3 MBProgress (2): 344/591 kB | 0.5/3.3 MBProgress (2): 348/591 kB | 0.5/3.3 MBProgress (2): 348/591 kB | 0.5/3.3 MBProgress (2): 352/591 kB | 0.5/3.3 MBProgress (2): 352/591 kB | 0.5/3.3 MBProgress (2): 356/591 kB | 0.5/3.3 MBProgress (2): 356/591 kB | 0.5/3.3 MBProgress (2): 360/591 kB | 0.5/3.3 MBProgress (2): 360/591 kB | 0.5/3.3 MBProgress (2): 360/591 kB | 0.5/3.3 MBProgress (2): 360/591 kB | 0.5/3.3 MBProgress (2): 364/591 kB | 0.5/3.3 MBProgress (2): 364/591 kB | 0.5/3.3 MBProgress (2): 368/591 kB | 0.5/3.3 MBProgress (2): 372/591 kB | 0.5/3.3 MBProgress (2): 376/591 kB | 0.5/3.3 MBProgress (2): 376/591 kB | 0.5/3.3 MBProgress (2): 376/591 kB | 0.5/3.3 MBProgress (2): 376/591 kB | 0.5/3.3 MBProgress (2): 376/591 kB | 0.5/3.3 MBProgress (2): 380/591 kB | 0.5/3.3 MBProgress (2): 384/591 kB | 0.5/3.3 MBProgress (2): 389/591 kB | 0.5/3.3 MBProgress (2): 389/591 kB | 0.5/3.3 MBProgress (2): 393/591 kB | 0.5/3.3 MBProgress (2): 393/591 kB | 0.5/3.3 MBProgress (2): 393/591 kB | 0.6/3.3 MBProgress (2): 393/591 kB | 0.6/3.3 MBProgress (2): 397/591 kB | 0.6/3.3 MBProgress (2): 401/591 kB | 0.6/3.3 MBProgress (2): 401/591 kB | 0.6/3.3 MBProgress (2): 405/591 kB | 0.6/3.3 MBProgress (2): 405/591 kB | 0.6/3.3 MBProgress (2): 409/591 kB | 0.6/3.3 MBProgress (2): 409/591 kB | 0.6/3.3 MBProgress (2): 409/591 kB | 0.6/3.3 MBProgress (2): 413/591 kB | 0.6/3.3 MBProgress (2): 413/591 kB | 0.6/3.3 MBProgress (2): 417/591 kB | 0.6/3.3 MBProgress (2): 417/591 kB | 0.6/3.3 MBProgress (2): 421/591 kB | 0.6/3.3 MBProgress (2): 421/591 kB | 0.6/3.3 MBProgress (2): 425/591 kB | 0.6/3.3 MBProgress (2): 425/591 kB | 0.6/3.3 MBProgress (2): 425/591 kB | 0.6/3.3 MBProgress (2): 430/591 kB | 0.6/3.3 MBProgress (2): 430/591 kB | 0.6/3.3 MBProgress (2): 434/591 kB | 0.6/3.3 MBProgress (2): 434/591 kB | 0.6/3.3 MBProgress (2): 438/591 kB | 0.6/3.3 MBProgress (2): 438/591 kB | 0.6/3.3 MBProgress (2): 442/591 kB | 0.6/3.3 MBProgress (2): 442/591 kB | 0.6/3.3 MBProgress (2): 442/591 kB | 0.6/3.3 MBProgress (2): 442/591 kB | 0.6/3.3 MBProgress (2): 446/591 kB | 0.6/3.3 MBProgress (2): 446/591 kB | 0.6/3.3 MBProgress (2): 450/591 kB | 0.6/3.3 MBProgress (2): 454/591 kB | 0.6/3.3 MBProgress (2): 458/591 kB | 0.6/3.3 MBProgress (2): 458/591 kB | 0.6/3.3 MBProgress (2): 458/591 kB | 0.6/3.3 MBProgress (2): 458/591 kB | 0.6/3.3 MBProgress (2): 458/591 kB | 0.6/3.3 MBProgress (2): 462/591 kB | 0.6/3.3 MBProgress (2): 466/591 kB | 0.6/3.3 MBProgress (2): 471/591 kB | 0.6/3.3 MBProgress (2): 475/591 kB | 0.6/3.3 MBProgress (2): 475/591 kB | 0.6/3.3 MBProgress (2): 475/591 kB | 0.6/3.3 MBProgress (2): 475/591 kB | 0.7/3.3 MBProgress (2): 475/591 kB | 0.7/3.3 MBProgress (2): 479/591 kB | 0.7/3.3 MBProgress (2): 483/591 kB | 0.7/3.3 MBProgress (2): 487/591 kB | 0.7/3.3 MBProgress (2): 491/591 kB | 0.7/3.3 MBProgress (2): 491/591 kB | 0.7/3.3 MBProgress (2): 491/591 kB | 0.7/3.3 MBProgress (2): 491/591 kB | 0.7/3.3 MBProgress (2): 491/591 kB | 0.7/3.3 MBProgress (2): 495/591 kB | 0.7/3.3 MBProgress (2): 499/591 kB | 0.7/3.3 MBProgress (2): 503/591 kB | 0.7/3.3 MBProgress (2): 503/591 kB | 0.7/3.3 MBProgress (2): 507/591 kB | 0.7/3.3 MBProgress (2): 507/591 kB | 0.7/3.3 MBProgress (2): 507/591 kB | 0.7/3.3 MBProgress (2): 507/591 kB | 0.7/3.3 MBProgress (2): 511/591 kB | 0.7/3.3 MBProgress (2): 516/591 kB | 0.7/3.3 MBProgress (2): 520/591 kB | 0.7/3.3 MBProgress (2): 520/591 kB | 0.7/3.3 MBProgress (2): 524/591 kB | 0.7/3.3 MBProgress (2): 524/591 kB | 0.7/3.3 MBProgress (2): 524/591 kB | 0.7/3.3 MBProgress (2): 524/591 kB | 0.7/3.3 MBProgress (2): 528/591 kB | 0.7/3.3 MBProgress (2): 532/591 kB | 0.7/3.3 MBProgress (2): 532/591 kB | 0.7/3.3 MBProgress (2): 536/591 kB | 0.7/3.3 MBProgress (2): 536/591 kB | 0.7/3.3 MBProgress (2): 540/591 kB | 0.7/3.3 MBProgress (2): 540/591 kB | 0.7/3.3 MBProgress (2): 540/591 kB | 0.7/3.3 MBProgress (2): 544/591 kB | 0.7/3.3 MBProgress (2): 548/591 kB | 0.7/3.3 MBProgress (2): 548/591 kB | 0.7/3.3 MBProgress (2): 552/591 kB | 0.7/3.3 MBProgress (2): 552/591 kB | 0.7/3.3 MBProgress (2): 557/591 kB | 0.7/3.3 MBProgress (2): 557/591 kB | 0.7/3.3 MBProgress (2): 557/591 kB | 0.7/3.3 MBProgress (2): 561/591 kB | 0.7/3.3 MBProgress (2): 565/591 kB | 0.7/3.3 MBProgress (2): 569/591 kB | 0.7/3.3 MBProgress (2): 569/591 kB | 0.7/3.3 MBProgress (2): 573/591 kB | 0.7/3.3 MBProgress (2): 573/591 kB | 0.7/3.3 MBProgress (2): 573/591 kB | 0.7/3.3 MBProgress (2): 573/591 kB | 0.8/3.3 MBProgress (2): 577/591 kB | 0.8/3.3 MBProgress (2): 581/591 kB | 0.8/3.3 MBProgress (2): 585/591 kB | 0.8/3.3 MBProgress (2): 589/591 kB | 0.8/3.3 MBProgress (2): 589/591 kB | 0.8/3.3 MBProgress (2): 591 kB | 0.8/3.3 MB    Progress (2): 591 kB | 0.8/3.3 MBProgress (2): 591 kB | 0.8/3.3 MBProgress (2): 591 kB | 0.8/3.3 MBProgress (2): 591 kB | 0.8/3.3 MBProgress (2): 591 kB | 0.8/3.3 MBProgress (2): 591 kB | 0.8/3.3 MBProgress (2): 591 kB | 0.8/3.3 MBProgress (2): 591 kB | 0.8/3.3 MBProgress (2): 591 kB | 0.8/3.3 MBProgress (2): 591 kB | 0.8/3.3 MBProgress (2): 591 kB | 0.8/3.3 MBProgress (2): 591 kB | 0.8/3.3 MBProgress (2): 591 kB | 0.8/3.3 MBProgress (2): 591 kB | 0.8/3.3 MBProgress (2): 591 kB | 0.8/3.3 MBProgress (2): 591 kB | 0.8/3.3 MBProgress (2): 591 kB | 0.8/3.3 MBProgress (2): 591 kB | 0.8/3.3 MBProgress (2): 591 kB | 0.8/3.3 MBProgress (2): 591 kB | 0.8/3.3 MBProgress (2): 591 kB | 0.8/3.3 MBProgress (2): 591 kB | 0.8/3.3 MBProgress (2): 591 kB | 0.9/3.3 MBProgress (2): 591 kB | 0.9/3.3 MBProgress (2): 591 kB | 0.9/3.3 MBProgress (2): 591 kB | 0.9/3.3 MBProgress (2): 591 kB | 0.9/3.3 MBProgress (2): 591 kB | 0.9/3.3 MBProgress (2): 591 kB | 0.9/3.3 MB                                 Downloaded from central: https://repo.maven.apache.org/maven2/org/mockito/mockito-core/2.28.2/mockito-core-2.28.2.jar (591 kB at 5.9 MB/s)
Progress (1): 0.9/3.3 MBProgress (1): 0.9/3.3 MBProgress (1): 0.9/3.3 MBProgress (1): 0.9/3.3 MBProgress (1): 0.9/3.3 MBProgress (1): 0.9/3.3 MBProgress (1): 0.9/3.3 MBProgress (1): 0.9/3.3 MBProgress (1): 0.9/3.3 MBProgress (1): 0.9/3.3 MBProgress (1): 0.9/3.3 MBProgress (1): 0.9/3.3 MBProgress (1): 0.9/3.3 MBProgress (1): 0.9/3.3 MBProgress (1): 0.9/3.3 MBProgress (1): 0.9/3.3 MBProgress (1): 0.9/3.3 MBProgress (1): 0.9/3.3 MBProgress (1): 1.0/3.3 MBProgress (1): 1.0/3.3 MBProgress (1): 1.0/3.3 MBProgress (1): 1.0/3.3 MBProgress (1): 1.0/3.3 MBProgress (1): 1.0/3.3 MBProgress (1): 1.0/3.3 MBProgress (1): 1.0/3.3 MBProgress (1): 1.0/3.3 MBProgress (1): 1.0/3.3 MBProgress (1): 1.0/3.3 MBProgress (1): 1.0/3.3 MBProgress (1): 1.0/3.3 MBProgress (1): 1.0/3.3 MBProgress (1): 1.0/3.3 MBProgress (1): 1.0/3.3 MBProgress (1): 1.0/3.3 MBProgress (1): 1.0/3.3 MBProgress (1): 1.0/3.3 MBProgress (1): 1.0/3.3 MBProgress (1): 1.0/3.3 MBProgress (1): 1.0/3.3 MBProgress (1): 1.0/3.3 MBProgress (1): 1.0/3.3 MBProgress (1): 1.1/3.3 MBProgress (1): 1.1/3.3 MBProgress (1): 1.1/3.3 MBProgress (1): 1.1/3.3 MBProgress (1): 1.1/3.3 MBProgress (1): 1.1/3.3 MBProgress (1): 1.1/3.3 MBProgress (1): 1.1/3.3 MBProgress (1): 1.1/3.3 MBProgress (1): 1.1/3.3 MBProgress (1): 1.1/3.3 MBProgress (1): 1.1/3.3 MBProgress (1): 1.1/3.3 MBProgress (1): 1.1/3.3 MBProgress (1): 1.1/3.3 MBProgress (1): 1.1/3.3 MBProgress (1): 1.1/3.3 MBProgress (1): 1.1/3.3 MBProgress (1): 1.1/3.3 MBProgress (1): 1.1/3.3 MBProgress (1): 1.1/3.3 MBProgress (1): 1.1/3.3 MBProgress (1): 1.1/3.3 MBProgress (1): 1.1/3.3 MBProgress (1): 1.2/3.3 MBProgress (1): 1.2/3.3 MBProgress (1): 1.2/3.3 MBProgress (1): 1.2/3.3 MBProgress (1): 1.2/3.3 MBProgress (1): 1.2/3.3 MBProgress (1): 1.2/3.3 MBProgress (1): 1.2/3.3 MBProgress (1): 1.2/3.3 MBProgress (1): 1.2/3.3 MBProgress (1): 1.2/3.3 MBProgress (1): 1.2/3.3 MBProgress (1): 1.2/3.3 MBProgress (1): 1.2/3.3 MBProgress (1): 1.2/3.3 MBProgress (1): 1.2/3.3 MBProgress (1): 1.2/3.3 MBProgress (1): 1.2/3.3 MBProgress (1): 1.2/3.3 MBProgress (1): 1.2/3.3 MBProgress (1): 1.2/3.3 MBProgress (1): 1.2/3.3 MBProgress (1): 1.2/3.3 MBProgress (1): 1.2/3.3 MBProgress (1): 1.2/3.3 MBProgress (1): 1.3/3.3 MBProgress (1): 1.3/3.3 MBProgress (1): 1.3/3.3 MBProgress (1): 1.3/3.3 MBProgress (1): 1.3/3.3 MBProgress (1): 1.3/3.3 MBProgress (1): 1.3/3.3 MBProgress (1): 1.3/3.3 MBProgress (1): 1.3/3.3 MBProgress (1): 1.3/3.3 MBProgress (1): 1.3/3.3 MBProgress (1): 1.3/3.3 MBProgress (1): 1.3/3.3 MBProgress (1): 1.3/3.3 MBProgress (1): 1.3/3.3 MBProgress (1): 1.3/3.3 MBProgress (1): 1.3/3.3 MBProgress (1): 1.3/3.3 MBProgress (1): 1.3/3.3 MBProgress (1): 1.3/3.3 MBProgress (1): 1.3/3.3 MBProgress (1): 1.3/3.3 MBProgress (1): 1.3/3.3 MBProgress (1): 1.3/3.3 MBProgress (1): 1.4/3.3 MBProgress (1): 1.4/3.3 MBProgress (1): 1.4/3.3 MBProgress (1): 1.4/3.3 MBProgress (1): 1.4/3.3 MBProgress (1): 1.4/3.3 MBProgress (1): 1.4/3.3 MBProgress (1): 1.4/3.3 MBProgress (1): 1.4/3.3 MBProgress (1): 1.4/3.3 MBProgress (1): 1.4/3.3 MBProgress (1): 1.4/3.3 MBProgress (1): 1.4/3.3 MBProgress (1): 1.4/3.3 MBProgress (1): 1.4/3.3 MBProgress (1): 1.4/3.3 MBProgress (1): 1.4/3.3 MBProgress (1): 1.4/3.3 MBProgress (1): 1.4/3.3 MBProgress (1): 1.4/3.3 MBProgress (1): 1.4/3.3 MBProgress (1): 1.4/3.3 MBProgress (1): 1.4/3.3 MBProgress (1): 1.4/3.3 MBProgress (1): 1.4/3.3 MBProgress (1): 1.5/3.3 MBProgress (1): 1.5/3.3 MBProgress (1): 1.5/3.3 MBProgress (1): 1.5/3.3 MBProgress (1): 1.5/3.3 MBProgress (1): 1.5/3.3 MBProgress (1): 1.5/3.3 MBProgress (1): 1.5/3.3 MBProgress (1): 1.5/3.3 MBProgress (1): 1.5/3.3 MBProgress (1): 1.5/3.3 MBProgress (1): 1.5/3.3 MBProgress (1): 1.5/3.3 MBProgress (1): 1.5/3.3 MBProgress (1): 1.5/3.3 MBProgress (1): 1.5/3.3 MBProgress (1): 1.5/3.3 MBProgress (1): 1.5/3.3 MBProgress (1): 1.5/3.3 MBProgress (1): 1.5/3.3 MBProgress (1): 1.5/3.3 MBProgress (1): 1.5/3.3 MBProgress (1): 1.5/3.3 MBProgress (1): 1.5/3.3 MBProgress (1): 1.6/3.3 MBProgress (1): 1.6/3.3 MBProgress (1): 1.6/3.3 MBProgress (1): 1.6/3.3 MBProgress (1): 1.6/3.3 MBProgress (1): 1.6/3.3 MBProgress (1): 1.6/3.3 MBProgress (1): 1.6/3.3 MBProgress (1): 1.6/3.3 MBProgress (1): 1.6/3.3 MBProgress (1): 1.6/3.3 MBProgress (1): 1.6/3.3 MBProgress (1): 1.6/3.3 MBProgress (1): 1.6/3.3 MBProgress (1): 1.6/3.3 MBProgress (1): 1.6/3.3 MBProgress (1): 1.6/3.3 MBProgress (1): 1.6/3.3 MBProgress (1): 1.6/3.3 MBProgress (1): 1.6/3.3 MBProgress (1): 1.6/3.3 MBProgress (1): 1.6/3.3 MBProgress (1): 1.6/3.3 MBProgress (1): 1.6/3.3 MBProgress (1): 1.7/3.3 MBProgress (1): 1.7/3.3 MBProgress (1): 1.7/3.3 MBProgress (1): 1.7/3.3 MBProgress (1): 1.7/3.3 MBProgress (1): 1.7/3.3 MBProgress (1): 1.7/3.3 MBProgress (1): 1.7/3.3 MBProgress (1): 1.7/3.3 MBProgress (1): 1.7/3.3 MBProgress (1): 1.7/3.3 MBProgress (1): 1.7/3.3 MBProgress (1): 1.7/3.3 MBProgress (1): 1.7/3.3 MBProgress (1): 1.7/3.3 MBProgress (1): 1.7/3.3 MBProgress (1): 1.7/3.3 MBProgress (1): 1.7/3.3 MBProgress (1): 1.7/3.3 MBProgress (1): 1.7/3.3 MBProgress (1): 1.7/3.3 MBProgress (1): 1.7/3.3 MBProgress (1): 1.7/3.3 MBProgress (1): 1.7/3.3 MBProgress (1): 1.7/3.3 MBProgress (1): 1.8/3.3 MBProgress (1): 1.8/3.3 MBProgress (1): 1.8/3.3 MBProgress (1): 1.8/3.3 MBProgress (1): 1.8/3.3 MBProgress (1): 1.8/3.3 MBProgress (1): 1.8/3.3 MBProgress (1): 1.8/3.3 MBProgress (1): 1.8/3.3 MBProgress (1): 1.8/3.3 MBProgress (1): 1.8/3.3 MBProgress (1): 1.8/3.3 MBProgress (1): 1.8/3.3 MBProgress (1): 1.8/3.3 MBProgress (1): 1.8/3.3 MBProgress (1): 1.8/3.3 MBProgress (1): 1.8/3.3 MBProgress (1): 1.8/3.3 MBProgress (1): 1.8/3.3 MBProgress (1): 1.8/3.3 MBProgress (1): 1.8/3.3 MBProgress (1): 1.8/3.3 MBProgress (1): 1.8/3.3 MBProgress (1): 1.8/3.3 MBProgress (1): 1.9/3.3 MBProgress (1): 1.9/3.3 MBProgress (1): 1.9/3.3 MBProgress (1): 1.9/3.3 MBProgress (1): 1.9/3.3 MBProgress (1): 1.9/3.3 MBProgress (1): 1.9/3.3 MBProgress (1): 1.9/3.3 MBProgress (1): 1.9/3.3 MBProgress (1): 1.9/3.3 MBProgress (1): 1.9/3.3 MBProgress (1): 1.9/3.3 MBProgress (1): 1.9/3.3 MBProgress (1): 1.9/3.3 MBProgress (1): 1.9/3.3 MBProgress (1): 1.9/3.3 MBProgress (1): 1.9/3.3 MBProgress (1): 1.9/3.3 MBProgress (1): 1.9/3.3 MBProgress (1): 1.9/3.3 MBProgress (1): 1.9/3.3 MBProgress (1): 1.9/3.3 MBProgress (1): 1.9/3.3 MBProgress (1): 1.9/3.3 MBProgress (1): 1.9/3.3 MBProgress (1): 2.0/3.3 MBProgress (1): 2.0/3.3 MBProgress (1): 2.0/3.3 MBProgress (1): 2.0/3.3 MBProgress (1): 2.0/3.3 MBProgress (1): 2.0/3.3 MBProgress (1): 2.0/3.3 MBProgress (1): 2.0/3.3 MBProgress (1): 2.0/3.3 MBProgress (1): 2.0/3.3 MBProgress (1): 2.0/3.3 MBProgress (1): 2.0/3.3 MBProgress (1): 2.0/3.3 MBProgress (1): 2.0/3.3 MBProgress (1): 2.0/3.3 MBProgress (1): 2.0/3.3 MBProgress (1): 2.0/3.3 MBProgress (1): 2.0/3.3 MBProgress (1): 2.0/3.3 MBProgress (1): 2.0/3.3 MBProgress (1): 2.0/3.3 MBProgress (1): 2.0/3.3 MBProgress (1): 2.0/3.3 MBProgress (1): 2.0/3.3 MBProgress (1): 2.1/3.3 MBProgress (1): 2.1/3.3 MBProgress (1): 2.1/3.3 MBProgress (1): 2.1/3.3 MBProgress (1): 2.1/3.3 MBProgress (1): 2.1/3.3 MBProgress (1): 2.1/3.3 MBProgress (1): 2.1/3.3 MBProgress (1): 2.1/3.3 MBProgress (1): 2.1/3.3 MBProgress (1): 2.1/3.3 MBProgress (1): 2.1/3.3 MBProgress (1): 2.1/3.3 MBProgress (1): 2.1/3.3 MBProgress (1): 2.1/3.3 MBProgress (1): 2.1/3.3 MBProgress (1): 2.1/3.3 MBProgress (1): 2.1/3.3 MBProgress (1): 2.1/3.3 MBProgress (1): 2.1/3.3 MBProgress (1): 2.1/3.3 MBProgress (1): 2.1/3.3 MBProgress (1): 2.1/3.3 MBProgress (1): 2.1/3.3 MBProgress (1): 2.1/3.3 MBProgress (1): 2.2/3.3 MBProgress (1): 2.2/3.3 MBProgress (1): 2.2/3.3 MBProgress (1): 2.2/3.3 MBProgress (1): 2.2/3.3 MBProgress (1): 2.2/3.3 MBProgress (1): 2.2/3.3 MBProgress (1): 2.2/3.3 MBProgress (1): 2.2/3.3 MBProgress (1): 2.2/3.3 MBProgress (1): 2.2/3.3 MBProgress (1): 2.2/3.3 MBProgress (1): 2.2/3.3 MBProgress (1): 2.2/3.3 MBProgress (1): 2.2/3.3 MBProgress (1): 2.2/3.3 MBProgress (1): 2.2/3.3 MBProgress (1): 2.2/3.3 MBProgress (1): 2.2/3.3 MBProgress (1): 2.2/3.3 MBProgress (1): 2.2/3.3 MBProgress (1): 2.2/3.3 MBProgress (1): 2.2/3.3 MBProgress (1): 2.2/3.3 MBProgress (1): 2.3/3.3 MBProgress (1): 2.3/3.3 MBProgress (1): 2.3/3.3 MBProgress (1): 2.3/3.3 MBProgress (1): 2.3/3.3 MBProgress (1): 2.3/3.3 MBProgress (1): 2.3/3.3 MBProgress (1): 2.3/3.3 MBProgress (1): 2.3/3.3 MBProgress (1): 2.3/3.3 MBProgress (1): 2.3/3.3 MBProgress (1): 2.3/3.3 MBProgress (1): 2.3/3.3 MBProgress (1): 2.3/3.3 MBProgress (1): 2.3/3.3 MBProgress (1): 2.3/3.3 MBProgress (1): 2.3/3.3 MBProgress (1): 2.3/3.3 MBProgress (1): 2.3/3.3 MBProgress (1): 2.3/3.3 MBProgress (1): 2.3/3.3 MBProgress (1): 2.3/3.3 MBProgress (1): 2.3/3.3 MBProgress (1): 2.3/3.3 MBProgress (1): 2.4/3.3 MBProgress (1): 2.4/3.3 MBProgress (1): 2.4/3.3 MBProgress (1): 2.4/3.3 MBProgress (1): 2.4/3.3 MBProgress (1): 2.4/3.3 MBProgress (1): 2.4/3.3 MBProgress (1): 2.4/3.3 MBProgress (1): 2.4/3.3 MBProgress (1): 2.4/3.3 MBProgress (1): 2.4/3.3 MBProgress (1): 2.4/3.3 MBProgress (1): 2.4/3.3 MBProgress (1): 2.4/3.3 MBProgress (1): 2.4/3.3 MBProgress (1): 2.4/3.3 MBProgress (1): 2.4/3.3 MBProgress (1): 2.4/3.3 MBProgress (1): 2.4/3.3 MBProgress (1): 2.4/3.3 MBProgress (1): 2.4/3.3 MBProgress (1): 2.4/3.3 MBProgress (1): 2.4/3.3 MBProgress (1): 2.4/3.3 MBProgress (1): 2.4/3.3 MBProgress (1): 2.5/3.3 MBProgress (1): 2.5/3.3 MBProgress (1): 2.5/3.3 MBProgress (1): 2.5/3.3 MBProgress (1): 2.5/3.3 MBProgress (1): 2.5/3.3 MBProgress (1): 2.5/3.3 MBProgress (1): 2.5/3.3 MBProgress (1): 2.5/3.3 MBProgress (1): 2.5/3.3 MBProgress (1): 2.5/3.3 MBProgress (1): 2.5/3.3 MBProgress (1): 2.5/3.3 MBProgress (1): 2.5/3.3 MBProgress (1): 2.5/3.3 MBProgress (1): 2.5/3.3 MBProgress (1): 2.5/3.3 MBProgress (1): 2.5/3.3 MBProgress (1): 2.5/3.3 MBProgress (1): 2.5/3.3 MBProgress (1): 2.5/3.3 MBProgress (1): 2.5/3.3 MBProgress (1): 2.5/3.3 MBProgress (1): 2.5/3.3 MBProgress (1): 2.6/3.3 MBProgress (1): 2.6/3.3 MBProgress (1): 2.6/3.3 MBProgress (1): 2.6/3.3 MBProgress (1): 2.6/3.3 MBProgress (1): 2.6/3.3 MBProgress (1): 2.6/3.3 MBProgress (1): 2.6/3.3 MBProgress (1): 2.6/3.3 MBProgress (1): 2.6/3.3 MBProgress (1): 2.6/3.3 MBProgress (1): 2.6/3.3 MBProgress (1): 2.6/3.3 MBProgress (1): 2.6/3.3 MBProgress (1): 2.6/3.3 MBProgress (1): 2.6/3.3 MBProgress (1): 2.6/3.3 MBProgress (1): 2.6/3.3 MBProgress (1): 2.6/3.3 MBProgress (1): 2.6/3.3 MBProgress (1): 2.6/3.3 MBProgress (1): 2.6/3.3 MBProgress (1): 2.6/3.3 MBProgress (1): 2.6/3.3 MBProgress (1): 2.6/3.3 MBProgress (1): 2.7/3.3 MBProgress (1): 2.7/3.3 MBProgress (1): 2.7/3.3 MBProgress (1): 2.7/3.3 MBProgress (1): 2.7/3.3 MBProgress (1): 2.7/3.3 MBProgress (1): 2.7/3.3 MBProgress (1): 2.7/3.3 MBProgress (1): 2.7/3.3 MBProgress (1): 2.7/3.3 MBProgress (1): 2.7/3.3 MBProgress (1): 2.7/3.3 MBProgress (1): 2.7/3.3 MBProgress (1): 2.7/3.3 MBProgress (1): 2.7/3.3 MBProgress (1): 2.7/3.3 MBProgress (1): 2.7/3.3 MBProgress (1): 2.7/3.3 MBProgress (1): 2.7/3.3 MBProgress (1): 2.7/3.3 MBProgress (1): 2.7/3.3 MBProgress (1): 2.7/3.3 MBProgress (1): 2.7/3.3 MBProgress (1): 2.7/3.3 MBProgress (1): 2.8/3.3 MBProgress (1): 2.8/3.3 MBProgress (1): 2.8/3.3 MBProgress (1): 2.8/3.3 MBProgress (1): 2.8/3.3 MBProgress (1): 2.8/3.3 MBProgress (1): 2.8/3.3 MBProgress (1): 2.8/3.3 MBProgress (1): 2.8/3.3 MBProgress (1): 2.8/3.3 MBProgress (1): 2.8/3.3 MBProgress (1): 2.8/3.3 MBProgress (1): 2.8/3.3 MBProgress (1): 2.8/3.3 MBProgress (1): 2.8/3.3 MBProgress (1): 2.8/3.3 MBProgress (1): 2.8/3.3 MBProgress (1): 2.8/3.3 MBProgress (1): 2.8/3.3 MBProgress (1): 2.8/3.3 MBProgress (1): 2.8/3.3 MBProgress (1): 2.8/3.3 MBProgress (1): 2.8/3.3 MBProgress (1): 2.8/3.3 MBProgress (1): 2.9/3.3 MBProgress (1): 2.9/3.3 MBProgress (1): 2.9/3.3 MBProgress (1): 2.9/3.3 MBProgress (1): 2.9/3.3 MBProgress (1): 2.9/3.3 MBProgress (1): 2.9/3.3 MBProgress (1): 2.9/3.3 MBProgress (1): 2.9/3.3 MBProgress (1): 2.9/3.3 MBProgress (1): 2.9/3.3 MBProgress (1): 2.9/3.3 MBProgress (1): 2.9/3.3 MBProgress (1): 2.9/3.3 MBProgress (1): 2.9/3.3 MBProgress (1): 2.9/3.3 MBProgress (1): 2.9/3.3 MBProgress (1): 2.9/3.3 MBProgress (1): 2.9/3.3 MBProgress (1): 2.9/3.3 MBProgress (1): 2.9/3.3 MBProgress (1): 2.9/3.3 MBProgress (1): 2.9/3.3 MBProgress (1): 2.9/3.3 MBProgress (1): 2.9/3.3 MBProgress (1): 3.0/3.3 MBProgress (1): 3.0/3.3 MBProgress (1): 3.0/3.3 MBProgress (1): 3.0/3.3 MBProgress (1): 3.0/3.3 MBProgress (1): 3.0/3.3 MBProgress (1): 3.0/3.3 MBProgress (1): 3.0/3.3 MBProgress (1): 3.0/3.3 MBProgress (1): 3.0/3.3 MBProgress (1): 3.0/3.3 MBProgress (1): 3.0/3.3 MBProgress (1): 3.0/3.3 MBProgress (1): 3.0/3.3 MBProgress (1): 3.0/3.3 MBProgress (1): 3.0/3.3 MBProgress (1): 3.0/3.3 MBProgress (1): 3.0/3.3 MBProgress (1): 3.0/3.3 MBProgress (1): 3.0/3.3 MBProgress (1): 3.0/3.3 MBProgress (1): 3.0/3.3 MBProgress (1): 3.0/3.3 MBProgress (1): 3.0/3.3 MBProgress (1): 3.1/3.3 MBProgress (1): 3.1/3.3 MBProgress (1): 3.1/3.3 MBProgress (1): 3.1/3.3 MBProgress (1): 3.1/3.3 MBProgress (1): 3.1/3.3 MBProgress (1): 3.1/3.3 MBProgress (1): 3.1/3.3 MBProgress (1): 3.1/3.3 MBProgress (1): 3.1/3.3 MBProgress (1): 3.1/3.3 MBProgress (1): 3.1/3.3 MBProgress (1): 3.1/3.3 MBProgress (1): 3.1/3.3 MBProgress (1): 3.1/3.3 MBProgress (1): 3.1/3.3 MBProgress (1): 3.1/3.3 MBProgress (1): 3.1/3.3 MBProgress (1): 3.1/3.3 MBProgress (1): 3.1/3.3 MBProgress (1): 3.1/3.3 MBProgress (1): 3.1/3.3 MBProgress (1): 3.1/3.3 MBProgress (1): 3.1/3.3 MBProgress (1): 3.1/3.3 MBProgress (1): 3.2/3.3 MBProgress (1): 3.2/3.3 MBProgress (1): 3.2/3.3 MBProgress (1): 3.2/3.3 MBProgress (1): 3.2/3.3 MBProgress (1): 3.2/3.3 MBProgress (1): 3.2/3.3 MBProgress (1): 3.2/3.3 MBProgress (1): 3.2/3.3 MBProgress (1): 3.2/3.3 MBProgress (1): 3.2/3.3 MBProgress (1): 3.2/3.3 MBProgress (1): 3.2/3.3 MBProgress (1): 3.2/3.3 MBProgress (1): 3.2/3.3 MBProgress (1): 3.2/3.3 MBProgress (1): 3.2/3.3 MBProgress (1): 3.2/3.3 MBProgress (1): 3.2/3.3 MBProgress (1): 3.2/3.3 MBProgress (1): 3.2/3.3 MBProgress (1): 3.2/3.3 MBProgress (1): 3.2/3.3 MBProgress (1): 3.2/3.3 MBProgress (1): 3.3/3.3 MBProgress (1): 3.3/3.3 MBProgress (1): 3.3/3.3 MBProgress (1): 3.3/3.3 MBProgress (1): 3.3/3.3 MBProgress (1): 3.3/3.3 MBProgress (1): 3.3 MB                        Downloaded from central: https://repo.maven.apache.org/maven2/net/bytebuddy/byte-buddy/1.9.10/byte-buddy-1.9.10.jar (3.3 MB at 13 MB/s)
[INFO] 
[INFO] --- maven-antrun-plugin:1.7:run (create-testdirs) @ hadoop-ozone-ozone-manager ---
[INFO] Executing tasks

main:
    [mkdir] Created dir: /workdir/hadoop-ozone/ozone-manager/target/test-dir
[INFO] Executed tasks
[INFO] 
[INFO] --- maven-remote-resources-plugin:1.5:process (default) @ hadoop-ozone-ozone-manager ---
Downloading from apache.snapshots.https: https://repository.apache.org/content/repositories/snapshots/org/apache/hadoop/hadoop-hdds-server-scm/0.5.0-SNAPSHOT/hadoop-hdds-server-scm-0.5.0-20190715.155734-124.pom
Progress (1): 4.1/5.2 kBProgress (1): 5.2 kB                        Downloaded from apache.snapshots.https: https://repository.apache.org/content/repositories/snapshots/org/apache/hadoop/hadoop-hdds-server-scm/0.5.0-SNAPSHOT/hadoop-hdds-server-scm-0.5.0-20190715.155734-124.pom (5.2 kB at 8.2 kB/s)
[INFO] 
[INFO] --- maven-resources-plugin:2.6:resources (default-resources) @ hadoop-ozone-ozone-manager ---
[INFO] Using 'UTF-8' encoding to copy filtered resources.
[INFO] Copying 5 resources
[INFO] Copying 2 resources
[INFO] 
[INFO] --- maven-compiler-plugin:3.1:compile (default-compile) @ hadoop-ozone-ozone-manager ---
[INFO] Compiling 205 source files to /workdir/hadoop-ozone/ozone-manager/target/classes
[WARNING] /workdir/hadoop-ozone/ozone-manager/src/main/java/org/apache/hadoop/ozone/web/ozShell/token/CancelTokenHandler.java: Some input files use unchecked or unsafe operations.
[WARNING] /workdir/hadoop-ozone/ozone-manager/src/main/java/org/apache/hadoop/ozone/web/ozShell/token/CancelTokenHandler.java: Recompile with -Xlint:unchecked for details.
[INFO] 
[INFO] --- maven-resources-plugin:2.6:testResources (default-testResources) @ hadoop-ozone-ozone-manager ---
[INFO] Using 'UTF-8' encoding to copy filtered resources.
[INFO] Copying 6 resources
[INFO] Copying 1 resource
[INFO] Copying 2 resources
[INFO] 
[INFO] --- maven-compiler-plugin:3.1:testCompile (default-testCompile) @ hadoop-ozone-ozone-manager ---
[INFO] Compiling 81 source files to /workdir/hadoop-ozone/ozone-manager/target/test-classes
[WARNING] /workdir/hadoop-ozone/ozone-manager/src/test/java/org/apache/hadoop/ozone/om/TestBucketManagerImpl.java: /workdir/hadoop-ozone/ozone-manager/src/test/java/org/apache/hadoop/ozone/om/TestBucketManagerImpl.java uses or overrides a deprecated API.
[WARNING] /workdir/hadoop-ozone/ozone-manager/src/test/java/org/apache/hadoop/ozone/om/TestBucketManagerImpl.java: Recompile with -Xlint:deprecation for details.
[INFO] 
[INFO] --- maven-surefire-plugin:3.0.0-M1:test (default-test) @ hadoop-ozone-ozone-manager ---
[INFO] 
[INFO] -------------------------------------------------------
[INFO]  T E S T S
[INFO] -------------------------------------------------------
[INFO] Running org.apache.hadoop.ozone.web.ozShell.TestOzoneAddress
[INFO] Tests run: 8, Failures: 0, Errors: 0, Skipped: 0, Time elapsed: 0.096 s - in org.apache.hadoop.ozone.web.ozShell.TestOzoneAddress
[INFO] Running org.apache.hadoop.ozone.om.response.volume.TestOMVolumeSetOwnerResponse
[INFO] Tests run: 2, Failures: 0, Errors: 0, Skipped: 0, Time elapsed: 1.875 s - in org.apache.hadoop.ozone.om.response.volume.TestOMVolumeSetOwnerResponse
[INFO] Running org.apache.hadoop.ozone.om.response.volume.TestOMVolumeCreateResponse
[INFO] Tests run: 2, Failures: 0, Errors: 0, Skipped: 0, Time elapsed: 1.838 s - in org.apache.hadoop.ozone.om.response.volume.TestOMVolumeCreateResponse
[INFO] Running org.apache.hadoop.ozone.om.response.volume.TestOMVolumeDeleteResponse
[INFO] Tests run: 2, Failures: 0, Errors: 0, Skipped: 0, Time elapsed: 1.744 s - in org.apache.hadoop.ozone.om.response.volume.TestOMVolumeDeleteResponse
[INFO] Running org.apache.hadoop.ozone.om.response.volume.TestOMVolumeSetQuotaResponse
[INFO] Tests run: 2, Failures: 0, Errors: 0, Skipped: 0, Time elapsed: 1.829 s - in org.apache.hadoop.ozone.om.response.volume.TestOMVolumeSetQuotaResponse
[INFO] Running org.apache.hadoop.ozone.om.response.bucket.TestOMBucketCreateResponse
[INFO] Tests run: 1, Failures: 0, Errors: 0, Skipped: 0, Time elapsed: 1.207 s - in org.apache.hadoop.ozone.om.response.bucket.TestOMBucketCreateResponse
[INFO] Running org.apache.hadoop.ozone.om.response.bucket.TestOMBucketSetPropertyResponse
[INFO] Tests run: 1, Failures: 0, Errors: 0, Skipped: 0, Time elapsed: 1.336 s - in org.apache.hadoop.ozone.om.response.bucket.TestOMBucketSetPropertyResponse
[INFO] Running org.apache.hadoop.ozone.om.response.bucket.TestOMBucketDeleteResponse
[INFO] Tests run: 1, Failures: 0, Errors: 0, Skipped: 0, Time elapsed: 1.245 s - in org.apache.hadoop.ozone.om.response.bucket.TestOMBucketDeleteResponse
[INFO] Running org.apache.hadoop.ozone.om.response.s3.multipart.TestS3MultipartUploadAbortResponse
[INFO] Tests run: 2, Failures: 0, Errors: 0, Skipped: 0, Time elapsed: 1.709 s - in org.apache.hadoop.ozone.om.response.s3.multipart.TestS3MultipartUploadAbortResponse
[INFO] Running org.apache.hadoop.ozone.om.response.s3.multipart.TestS3InitiateMultipartUploadResponse
[INFO] Tests run: 1, Failures: 0, Errors: 0, Skipped: 0, Time elapsed: 1.221 s - in org.apache.hadoop.ozone.om.response.s3.multipart.TestS3InitiateMultipartUploadResponse
[INFO] Running org.apache.hadoop.ozone.om.response.s3.bucket.TestS3BucketCreateResponse
[INFO] Tests run: 1, Failures: 0, Errors: 0, Skipped: 0, Time elapsed: 1.314 s - in org.apache.hadoop.ozone.om.response.s3.bucket.TestS3BucketCreateResponse
[INFO] Running org.apache.hadoop.ozone.om.response.s3.bucket.TestS3BucketDeleteResponse
[INFO] Tests run: 1, Failures: 0, Errors: 0, Skipped: 0, Time elapsed: 1.363 s - in org.apache.hadoop.ozone.om.response.s3.bucket.TestS3BucketDeleteResponse
[INFO] Running org.apache.hadoop.ozone.om.response.key.TestOMKeyDeleteResponse
[INFO] Tests run: 3, Failures: 0, Errors: 0, Skipped: 0, Time elapsed: 3.1 s - in org.apache.hadoop.ozone.om.response.key.TestOMKeyDeleteResponse
[INFO] Running org.apache.hadoop.ozone.om.response.key.TestOMKeyCommitResponse
[INFO] Tests run: 2, Failures: 0, Errors: 0, Skipped: 0, Time elapsed: 2.357 s - in org.apache.hadoop.ozone.om.response.key.TestOMKeyCommitResponse
[INFO] Running org.apache.hadoop.ozone.om.response.key.TestOMAllocateBlockResponse
[INFO] Tests run: 2, Failures: 0, Errors: 0, Skipped: 0, Time elapsed: 2.625 s - in org.apache.hadoop.ozone.om.response.key.TestOMAllocateBlockResponse
[INFO] Running org.apache.hadoop.ozone.om.response.key.TestOMKeyRenameResponse
[INFO] Tests run: 3, Failures: 0, Errors: 0, Skipped: 0, Time elapsed: 3.018 s - in org.apache.hadoop.ozone.om.response.key.TestOMKeyRenameResponse
[INFO] Running org.apache.hadoop.ozone.om.response.key.TestOMKeyCreateResponse
[INFO] Tests run: 2, Failures: 0, Errors: 0, Skipped: 0, Time elapsed: 2.448 s - in org.apache.hadoop.ozone.om.response.key.TestOMKeyCreateResponse
[INFO] Running org.apache.hadoop.ozone.om.response.file.TestOMDirectoryCreateResponse
[INFO] Tests run: 2, Failures: 0, Errors: 0, Skipped: 0, Time elapsed: 1.825 s - in org.apache.hadoop.ozone.om.response.file.TestOMDirectoryCreateResponse
[INFO] Running org.apache.hadoop.ozone.om.TestS3BucketManager
[INFO] Tests run: 7, Failures: 0, Errors: 0, Skipped: 0, Time elapsed: 4.63 s - in org.apache.hadoop.ozone.om.TestS3BucketManager
[INFO] Running org.apache.hadoop.ozone.om.TestOzoneManagerStarter
[INFO] Tests run: 8, Failures: 0, Errors: 0, Skipped: 0, Time elapsed: 0.608 s - in org.apache.hadoop.ozone.om.TestOzoneManagerStarter
[INFO] Running org.apache.hadoop.ozone.om.TestOzoneManagerHttpServer
[INFO] Tests run: 3, Failures: 0, Errors: 0, Skipped: 0, Time elapsed: 2.645 s - in org.apache.hadoop.ozone.om.TestOzoneManagerHttpServer
[INFO] Running org.apache.hadoop.ozone.om.TestBucketManagerImpl
[INFO] Tests run: 10, Failures: 0, Errors: 0, Skipped: 0, Time elapsed: 7.007 s - in org.apache.hadoop.ozone.om.TestBucketManagerImpl
[INFO] Running org.apache.hadoop.ozone.om.TestKeyDeletingService
[INFO] Tests run: 3, Failures: 0, Errors: 0, Skipped: 0, Time elapsed: 4.366 s - in org.apache.hadoop.ozone.om.TestKeyDeletingService
[INFO] Running org.apache.hadoop.ozone.om.request.volume.TestOMVolumeSetOwnerRequest
[INFO] Tests run: 4, Failures: 0, Errors: 0, Skipped: 0, Time elapsed: 5.255 s - in org.apache.hadoop.ozone.om.request.volume.TestOMVolumeSetOwnerRequest
[INFO] Running org.apache.hadoop.ozone.om.request.volume.acl.TestOMVolumeAddAclRequest
[INFO] Tests run: 3, Failures: 0, Errors: 0, Skipped: 0, Time elapsed: 4.625 s - in org.apache.hadoop.ozone.om.request.volume.acl.TestOMVolumeAddAclRequest
[INFO] Running org.apache.hadoop.ozone.om.request.volume.acl.TestOMVolumeRemoveAclRequest
[INFO] Tests run: 3, Failures: 0, Errors: 0, Skipped: 0, Time elapsed: 4.719 s - in org.apache.hadoop.ozone.om.request.volume.acl.TestOMVolumeRemoveAclRequest
[INFO] Running org.apache.hadoop.ozone.om.request.volume.acl.TestOMVolumeSetAclRequest
[INFO] Tests run: 3, Failures: 0, Errors: 0, Skipped: 0, Time elapsed: 4.758 s - in org.apache.hadoop.ozone.om.request.volume.acl.TestOMVolumeSetAclRequest
[INFO] Running org.apache.hadoop.ozone.om.request.volume.TestOMVolumeCreateRequest
[INFO] Tests run: 4, Failures: 0, Errors: 0, Skipped: 0, Time elapsed: 5.004 s - in org.apache.hadoop.ozone.om.request.volume.TestOMVolumeCreateRequest
[INFO] Running org.apache.hadoop.ozone.om.request.volume.TestOMVolumeSetQuotaRequest
[INFO] Tests run: 4, Failures: 0, Errors: 0, Skipped: 0, Time elapsed: 5.234 s - in org.apache.hadoop.ozone.om.request.volume.TestOMVolumeSetQuotaRequest
[INFO] Running org.apache.hadoop.ozone.om.request.volume.TestOMVolumeDeleteRequest
[INFO] Tests run: 4, Failures: 0, Errors: 0, Skipped: 0, Time elapsed: 5.213 s - in org.apache.hadoop.ozone.om.request.volume.TestOMVolumeDeleteRequest
[INFO] Running org.apache.hadoop.ozone.om.request.bucket.TestOMBucketCreateRequest
[INFO] Tests run: 4, Failures: 0, Errors: 0, Skipped: 0, Time elapsed: 5.434 s - in org.apache.hadoop.ozone.om.request.bucket.TestOMBucketCreateRequest
[INFO] Running org.apache.hadoop.ozone.om.request.bucket.TestOMBucketSetPropertyRequest
[INFO] Tests run: 3, Failures: 0, Errors: 0, Skipped: 0, Time elapsed: 4.801 s - in org.apache.hadoop.ozone.om.request.bucket.TestOMBucketSetPropertyRequest
[INFO] Running org.apache.hadoop.ozone.om.request.bucket.TestOMBucketDeleteRequest
[INFO] Tests run: 3, Failures: 0, Errors: 0, Skipped: 0, Time elapsed: 4.89 s - in org.apache.hadoop.ozone.om.request.bucket.TestOMBucketDeleteRequest
[INFO] Running org.apache.hadoop.ozone.om.request.s3.multipart.TestS3MultipartUploadCommitPartRequest
[INFO] Tests run: 5, Failures: 0, Errors: 0, Skipped: 0, Time elapsed: 6.083 s - in org.apache.hadoop.ozone.om.request.s3.multipart.TestS3MultipartUploadCommitPartRequest
[INFO] Running org.apache.hadoop.ozone.om.request.s3.multipart.TestS3MultipartUploadAbortRequest
[INFO] Tests run: 5, Failures: 0, Errors: 0, Skipped: 0, Time elapsed: 6.188 s - in org.apache.hadoop.ozone.om.request.s3.multipart.TestS3MultipartUploadAbortRequest
[INFO] Running org.apache.hadoop.ozone.om.request.s3.multipart.TestS3InitiateMultipartUploadRequest
[INFO] Tests run: 4, Failures: 0, Errors: 0, Skipped: 0, Time elapsed: 5.099 s - in org.apache.hadoop.ozone.om.request.s3.multipart.TestS3InitiateMultipartUploadRequest
[INFO] Running org.apache.hadoop.ozone.om.request.s3.multipart.TestS3MultipartUploadCompleteRequest
[INFO] Tests run: 5, Failures: 0, Errors: 0, Skipped: 0, Time elapsed: 5.783 s - in org.apache.hadoop.ozone.om.request.s3.multipart.TestS3MultipartUploadCompleteRequest
[INFO] Running org.apache.hadoop.ozone.om.request.s3.bucket.TestS3BucketCreateRequest
[INFO] Tests run: 5, Failures: 0, Errors: 0, Skipped: 0, Time elapsed: 5.997 s - in org.apache.hadoop.ozone.om.request.s3.bucket.TestS3BucketCreateRequest
[INFO] Running org.apache.hadoop.ozone.om.request.s3.bucket.TestS3BucketDeleteRequest
[INFO] Tests run: 4, Failures: 0, Errors: 0, Skipped: 0, Time elapsed: 5.088 s - in org.apache.hadoop.ozone.om.request.s3.bucket.TestS3BucketDeleteRequest
[INFO] Running org.apache.hadoop.ozone.om.request.key.TestOMKeyRenameRequest
[INFO] Tests run: 6, Failures: 0, Errors: 0, Skipped: 0, Time elapsed: 6.521 s - in org.apache.hadoop.ozone.om.request.key.TestOMKeyRenameRequest
[INFO] Running org.apache.hadoop.ozone.om.request.key.TestOMKeyDeleteRequest
[INFO] Tests run: 4, Failures: 0, Errors: 0, Skipped: 0, Time elapsed: 5.78 s - in org.apache.hadoop.ozone.om.request.key.TestOMKeyDeleteRequest
[INFO] Running org.apache.hadoop.ozone.om.request.key.TestOMKeyCreateRequest
[INFO] Tests run: 6, Failures: 0, Errors: 0, Skipped: 0, Time elapsed: 6.851 s - in org.apache.hadoop.ozone.om.request.key.TestOMKeyCreateRequest
[INFO] Running org.apache.hadoop.ozone.om.request.key.TestOMKeyCommitRequest
[INFO] Tests run: 5, Failures: 0, Errors: 0, Skipped: 0, Time elapsed: 6.353 s - in org.apache.hadoop.ozone.om.request.key.TestOMKeyCommitRequest
[INFO] Running org.apache.hadoop.ozone.om.request.key.TestOMKeyPurgeRequestAndResponse
[INFO] Tests run: 1, Failures: 0, Errors: 0, Skipped: 0, Time elapsed: 3.804 s - in org.apache.hadoop.ozone.om.request.key.TestOMKeyPurgeRequestAndResponse
[INFO] Running org.apache.hadoop.ozone.om.request.key.TestOMAllocateBlockRequest
[INFO] Tests run: 5, Failures: 0, Errors: 0, Skipped: 0, Time elapsed: 6.872 s - in org.apache.hadoop.ozone.om.request.key.TestOMAllocateBlockRequest
[INFO] Running org.apache.hadoop.ozone.om.request.file.TestOMDirectoryCreateRequest
[INFO] Tests run: 6, Failures: 0, Errors: 0, Skipped: 0, Time elapsed: 6.555 s - in org.apache.hadoop.ozone.om.request.file.TestOMDirectoryCreateRequest
[INFO] Running org.apache.hadoop.ozone.om.request.file.TestOMFileCreateRequest
[INFO] Tests run: 8, Failures: 0, Errors: 0, Skipped: 0, Time elapsed: 8.278 s - in org.apache.hadoop.ozone.om.request.file.TestOMFileCreateRequest
[INFO] Running org.apache.hadoop.ozone.om.request.TestOMClientRequestWithUserInfo
[INFO] Tests run: 1, Failures: 0, Errors: 0, Skipped: 0, Time elapsed: 3.646 s - in org.apache.hadoop.ozone.om.request.TestOMClientRequestWithUserInfo
[INFO] Running org.apache.hadoop.ozone.om.TestChunkStreams
[INFO] Tests run: 2, Failures: 0, Errors: 0, Skipped: 0, Time elapsed: 0.111 s - in org.apache.hadoop.ozone.om.TestChunkStreams
[INFO] Running org.apache.hadoop.ozone.om.ratis.TestOzoneManagerRatisServer
[INFO] Tests run: 4, Failures: 0, Errors: 0, Skipped: 0, Time elapsed: 13.637 s - in org.apache.hadoop.ozone.om.ratis.TestOzoneManagerRatisServer
[INFO] Running org.apache.hadoop.ozone.om.ratis.TestOzoneManagerDoubleBufferWithOMResponse
[INFO] Tests run: 3, Failures: 0, Errors: 0, Skipped: 0, Time elapsed: 16.091 s - in org.apache.hadoop.ozone.om.ratis.TestOzoneManagerDoubleBufferWithOMResponse
[INFO] Running org.apache.hadoop.ozone.om.ratis.TestOzoneManagerDoubleBufferWithDummyResponse
[INFO] Tests run: 1, Failures: 0, Errors: 0, Skipped: 0, Time elapsed: 1.448 s - in org.apache.hadoop.ozone.om.ratis.TestOzoneManagerDoubleBufferWithDummyResponse
[INFO] Running org.apache.hadoop.ozone.security.TestOzoneDelegationTokenSecretManager
[INFO] Tests run: 12, Failures: 0, Errors: 0, Skipped: 0, Time elapsed: 8.683 s - in org.apache.hadoop.ozone.security.TestOzoneDelegationTokenSecretManager
[INFO] Running org.apache.hadoop.ozone.security.TestOzoneTokenIdentifier
[INFO] Tests run: 4, Failures: 0, Errors: 0, Skipped: 0, Time elapsed: 1.715 s - in org.apache.hadoop.ozone.security.TestOzoneTokenIdentifier
[INFO] Running org.apache.hadoop.ozone.security.TestOzoneManagerBlockToken
[INFO] Tests run: 3, Failures: 0, Errors: 0, Skipped: 0, Time elapsed: 1.734 s - in org.apache.hadoop.ozone.security.TestOzoneManagerBlockToken
[INFO] Running org.apache.hadoop.ozone.security.TestOzoneBlockTokenSecretManager
[INFO] Tests run: 6, Failures: 0, Errors: 0, Skipped: 0, Time elapsed: 1.821 s - in org.apache.hadoop.ozone.security.TestOzoneBlockTokenSecretManager
[INFO] 
[INFO] Results:
[INFO] 
[INFO] Tests run: 209, Failures: 0, Errors: 0, Skipped: 0
[INFO] 
[INFO] 
[INFO] ---------< org.apache.hadoop:hadoop-ozone-objectstore-service >---------
[INFO] Building Apache Hadoop Ozone Object Store REST Service 0.5.0-SNAPSHOT [14/26]
[INFO] --------------------------------[ jar ]---------------------------------
[INFO] 
[INFO] --- maven-antrun-plugin:1.7:run (create-testdirs) @ hadoop-ozone-objectstore-service ---
[INFO] Executing tasks

main:
    [mkdir] Created dir: /workdir/hadoop-ozone/objectstore-service/target/test-dir
[INFO] Executed tasks
[INFO] 
[INFO] --- maven-remote-resources-plugin:1.5:process (default) @ hadoop-ozone-objectstore-service ---
[INFO] 
[INFO] --- maven-resources-plugin:2.6:resources (default-resources) @ hadoop-ozone-objectstore-service ---
[INFO] Using 'UTF-8' encoding to copy filtered resources.
[INFO] Copying 1 resource
[INFO] Copying 2 resources
[INFO] 
[INFO] --- maven-compiler-plugin:3.1:compile (default-compile) @ hadoop-ozone-objectstore-service ---
[INFO] Compiling 43 source files to /workdir/hadoop-ozone/objectstore-service/target/classes
[WARNING] /workdir/hadoop-ozone/objectstore-service/src/main/java/org/apache/hadoop/ozone/web/handlers/BucketHandler.java: /workdir/hadoop-ozone/objectstore-service/src/main/java/org/apache/hadoop/ozone/web/handlers/BucketHandler.java uses unchecked or unsafe operations.
[WARNING] /workdir/hadoop-ozone/objectstore-service/src/main/java/org/apache/hadoop/ozone/web/handlers/BucketHandler.java: Recompile with -Xlint:unchecked for details.
[INFO] 
[INFO] --- maven-resources-plugin:2.6:testResources (default-testResources) @ hadoop-ozone-objectstore-service ---
[INFO] Using 'UTF-8' encoding to copy filtered resources.
[INFO] skip non existing resourceDirectory /workdir/hadoop-ozone/objectstore-service/src/test/resources
[INFO] Copying 2 resources
[INFO] 
[INFO] --- maven-compiler-plugin:3.1:testCompile (default-testCompile) @ hadoop-ozone-objectstore-service ---
[INFO] Compiling 2 source files to /workdir/hadoop-ozone/objectstore-service/target/test-classes
[INFO] 
[INFO] --- maven-surefire-plugin:3.0.0-M1:test (default-test) @ hadoop-ozone-objectstore-service ---
[INFO] 
[INFO] -------------------------------------------------------
[INFO]  T E S T S
[INFO] -------------------------------------------------------
[INFO] Running org.apache.hadoop.ozone.web.TestErrorCode
[INFO] Tests run: 2, Failures: 0, Errors: 0, Skipped: 0, Time elapsed: 0.397 s - in org.apache.hadoop.ozone.web.TestErrorCode
[INFO] 
[INFO] Results:
[INFO] 
[INFO] Tests run: 2, Failures: 0, Errors: 0, Skipped: 0
[INFO] 
[INFO] 
[INFO] --------------< org.apache.hadoop:hadoop-ozone-s3gateway >--------------
[INFO] Building Apache Hadoop Ozone S3 Gateway 0.5.0-SNAPSHOT           [15/26]
[INFO] --------------------------------[ jar ]---------------------------------
[INFO] 
[INFO] --- maven-antrun-plugin:1.7:run (create-testdirs) @ hadoop-ozone-s3gateway ---
[INFO] Executing tasks

main:
    [mkdir] Created dir: /workdir/hadoop-ozone/s3gateway/target/test-dir
[INFO] Executed tasks
[INFO] 
[INFO] --- maven-remote-resources-plugin:1.5:process (default) @ hadoop-ozone-s3gateway ---
[INFO] 
[INFO] --- maven-resources-plugin:2.6:resources (default-resources) @ hadoop-ozone-s3gateway ---
[INFO] Using 'UTF-8' encoding to copy filtered resources.
[INFO] Copying 6 resources
[INFO] Copying 2 resources
[INFO] 
[INFO] --- maven-compiler-plugin:3.1:compile (default-compile) @ hadoop-ozone-s3gateway ---
[INFO] Compiling 56 source files to /workdir/hadoop-ozone/s3gateway/target/classes
[WARNING] /workdir/hadoop-ozone/s3gateway/src/main/java/org/apache/hadoop/ozone/s3/OzoneClientProducer.java: /workdir/hadoop-ozone/s3gateway/src/main/java/org/apache/hadoop/ozone/s3/OzoneClientProducer.java uses unchecked or unsafe operations.
[WARNING] /workdir/hadoop-ozone/s3gateway/src/main/java/org/apache/hadoop/ozone/s3/OzoneClientProducer.java: Recompile with -Xlint:unchecked for details.
[INFO] 
[INFO] --- maven-resources-plugin:2.6:testResources (default-testResources) @ hadoop-ozone-s3gateway ---
[INFO] Using 'UTF-8' encoding to copy filtered resources.
[INFO] Copying 1 resource
[INFO] Copying 2 resources
[INFO] 
[INFO] --- maven-compiler-plugin:3.1:testCompile (default-testCompile) @ hadoop-ozone-s3gateway ---
[INFO] Compiling 34 source files to /workdir/hadoop-ozone/s3gateway/target/test-classes
[INFO] 
[INFO] --- maven-surefire-plugin:3.0.0-M1:test (default-test) @ hadoop-ozone-s3gateway ---
[INFO] 
[INFO] -------------------------------------------------------
[INFO]  T E S T S
[INFO] -------------------------------------------------------
[INFO] Running org.apache.hadoop.ozone.s3.endpoint.TestAbortMultipartUpload
[INFO] Tests run: 1, Failures: 0, Errors: 0, Skipped: 0, Time elapsed: 1.068 s - in org.apache.hadoop.ozone.s3.endpoint.TestAbortMultipartUpload
[INFO] Running org.apache.hadoop.ozone.s3.endpoint.TestBucketHead
[INFO] Tests run: 2, Failures: 0, Errors: 0, Skipped: 0, Time elapsed: 0.516 s - in org.apache.hadoop.ozone.s3.endpoint.TestBucketHead
[INFO] Running org.apache.hadoop.ozone.s3.endpoint.TestBucketResponse
[INFO] Tests run: 1, Failures: 0, Errors: 0, Skipped: 0, Time elapsed: 0.328 s - in org.apache.hadoop.ozone.s3.endpoint.TestBucketResponse
[INFO] Running org.apache.hadoop.ozone.s3.endpoint.TestInitiateMultipartUpload
[INFO] Tests run: 1, Failures: 0, Errors: 0, Skipped: 0, Time elapsed: 0.948 s - in org.apache.hadoop.ozone.s3.endpoint.TestInitiateMultipartUpload
[INFO] Running org.apache.hadoop.ozone.s3.endpoint.TestObjectGet
[INFO] Tests run: 1, Failures: 0, Errors: 0, Skipped: 0, Time elapsed: 0.849 s - in org.apache.hadoop.ozone.s3.endpoint.TestObjectGet
[INFO] Running org.apache.hadoop.ozone.s3.endpoint.TestObjectPut
[INFO] Tests run: 5, Failures: 0, Errors: 0, Skipped: 0, Time elapsed: 1.1 s - in org.apache.hadoop.ozone.s3.endpoint.TestObjectPut
[INFO] Running org.apache.hadoop.ozone.s3.endpoint.TestMultiDeleteRequestUnmarshaller
[INFO] Tests run: 2, Failures: 0, Errors: 0, Skipped: 0, Time elapsed: 0.341 s - in org.apache.hadoop.ozone.s3.endpoint.TestMultiDeleteRequestUnmarshaller
[INFO] Running org.apache.hadoop.ozone.s3.endpoint.TestRootList
[INFO] Tests run: 1, Failures: 0, Errors: 0, Skipped: 0, Time elapsed: 0.285 s - in org.apache.hadoop.ozone.s3.endpoint.TestRootList
[INFO] Running org.apache.hadoop.ozone.s3.endpoint.TestBucketDelete
[INFO] Tests run: 3, Failures: 0, Errors: 0, Skipped: 0, Time elapsed: 0.52 s - in org.apache.hadoop.ozone.s3.endpoint.TestBucketDelete
[INFO] Running org.apache.hadoop.ozone.s3.endpoint.TestBucketGet
[INFO] Tests run: 11, Failures: 0, Errors: 0, Skipped: 0, Time elapsed: 0.486 s - in org.apache.hadoop.ozone.s3.endpoint.TestBucketGet
[INFO] Running org.apache.hadoop.ozone.s3.endpoint.TestObjectDelete
[INFO] Tests run: 1, Failures: 0, Errors: 0, Skipped: 0, Time elapsed: 0.246 s - in org.apache.hadoop.ozone.s3.endpoint.TestObjectDelete
[INFO] Running org.apache.hadoop.ozone.s3.endpoint.TestListParts
[INFO] Tests run: 3, Failures: 0, Errors: 0, Skipped: 0, Time elapsed: 0.813 s - in org.apache.hadoop.ozone.s3.endpoint.TestListParts
[INFO] Running org.apache.hadoop.ozone.s3.endpoint.TestMultipartUploadComplete
[INFO] Tests run: 3, Failures: 0, Errors: 0, Skipped: 0, Time elapsed: 1.069 s - in org.apache.hadoop.ozone.s3.endpoint.TestMultipartUploadComplete
[INFO] Running org.apache.hadoop.ozone.s3.endpoint.TestObjectHead
[INFO] Tests run: 2, Failures: 0, Errors: 0, Skipped: 0, Time elapsed: 0.296 s - in org.apache.hadoop.ozone.s3.endpoint.TestObjectHead
[INFO] Running org.apache.hadoop.ozone.s3.endpoint.TestPartUpload
[INFO] Tests run: 3, Failures: 0, Errors: 0, Skipped: 0, Time elapsed: 0.992 s - in org.apache.hadoop.ozone.s3.endpoint.TestPartUpload
[INFO] Running org.apache.hadoop.ozone.s3.endpoint.TestObjectMultiDelete
[INFO] Tests run: 2, Failures: 0, Errors: 0, Skipped: 0, Time elapsed: 0.217 s - in org.apache.hadoop.ozone.s3.endpoint.TestObjectMultiDelete
[INFO] Running org.apache.hadoop.ozone.s3.TestVirtualHostStyleFilter
[INFO] Tests run: 6, Failures: 0, Errors: 0, Skipped: 0, Time elapsed: 1.191 s - in org.apache.hadoop.ozone.s3.TestVirtualHostStyleFilter
[INFO] Running org.apache.hadoop.ozone.s3.header.TestAuthorizationHeaderV4
[INFO] Tests run: 13, Failures: 0, Errors: 0, Skipped: 0, Time elapsed: 0.506 s - in org.apache.hadoop.ozone.s3.header.TestAuthorizationHeaderV4
[INFO] Running org.apache.hadoop.ozone.s3.header.TestAuthorizationHeaderV2
[INFO] Tests run: 5, Failures: 0, Errors: 0, Skipped: 0, Time elapsed: 0.395 s - in org.apache.hadoop.ozone.s3.header.TestAuthorizationHeaderV2
[INFO] Running org.apache.hadoop.ozone.s3.TestSignedChunksInputStream
[INFO] Tests run: 4, Failures: 0, Errors: 0, Skipped: 0, Time elapsed: 0.074 s - in org.apache.hadoop.ozone.s3.TestSignedChunksInputStream
[INFO] Running org.apache.hadoop.ozone.s3.exception.TestOS3Exception
[INFO] Tests run: 1, Failures: 0, Errors: 0, Skipped: 0, Time elapsed: 0.585 s - in org.apache.hadoop.ozone.s3.exception.TestOS3Exception
[INFO] Running org.apache.hadoop.ozone.s3.util.TestRangeHeaderParserUtil
[INFO] Tests run: 1, Failures: 0, Errors: 0, Skipped: 0, Time elapsed: 0.069 s - in org.apache.hadoop.ozone.s3.util.TestRangeHeaderParserUtil
[INFO] Running org.apache.hadoop.ozone.s3.util.TestContinueToken
[INFO] Tests run: 2, Failures: 0, Errors: 0, Skipped: 0, Time elapsed: 0.099 s - in org.apache.hadoop.ozone.s3.util.TestContinueToken
[INFO] Running org.apache.hadoop.ozone.s3.util.TestRFC1123Util
[INFO] Tests run: 1, Failures: 0, Errors: 0, Skipped: 0, Time elapsed: 0.093 s - in org.apache.hadoop.ozone.s3.util.TestRFC1123Util
[INFO] Running org.apache.hadoop.ozone.s3.TestOzoneClientProducer
[INFO] Tests run: 2, Failures: 0, Errors: 0, Skipped: 0, Time elapsed: 1.421 s - in org.apache.hadoop.ozone.s3.TestOzoneClientProducer
[INFO] 
[INFO] Results:
[INFO] 
[INFO] Tests run: 77, Failures: 0, Errors: 0, Skipped: 0
[INFO] 
[INFO] 
[INFO] -----------------< org.apache.hadoop:hadoop-ozone-csi >-----------------
[INFO] Building Apache Hadoop Ozone CSI service 0.5.0-SNAPSHOT          [16/26]
[INFO] --------------------------------[ jar ]---------------------------------
Downloading from repository.jboss.org: http://repository.jboss.org/nexus/content/groups/public/io/grpc/grpc-core/maven-metadata.xml
Downloading from central: https://repo.maven.apache.org/maven2/io/grpc/grpc-core/maven-metadata.xml
Downloading from apache.snapshots.https: https://repository.apache.org/content/repositories/snapshots/io/grpc/grpc-core/maven-metadata.xml
Progress (1): 2.1 kB                    Downloaded from central: https://repo.maven.apache.org/maven2/io/grpc/grpc-core/maven-metadata.xml (2.1 kB at 80 kB/s)
Downloading from apache.snapshots.https: https://repository.apache.org/content/repositories/snapshots/io/netty/netty-codec-http2/maven-metadata.xml
Downloading from central: https://repo.maven.apache.org/maven2/io/netty/netty-codec-http2/maven-metadata.xml
Downloading from repository.jboss.org: http://repository.jboss.org/nexus/content/groups/public/io/netty/netty-codec-http2/maven-metadata.xml
Progress (1): 2.2/2.3 kBProgress (1): 2.3 kB                        Downloaded from central: https://repo.maven.apache.org/maven2/io/netty/netty-codec-http2/maven-metadata.xml (2.3 kB at 115 kB/s)
[INFO] 
[INFO] --- maven-antrun-plugin:1.7:run (create-testdirs) @ hadoop-ozone-csi ---
[INFO] Executing tasks

main:
    [mkdir] Created dir: /workdir/hadoop-ozone/csi/target/test-dir
[INFO] Executed tasks
[INFO] 
[INFO] --- protobuf-maven-plugin:0.5.1:compile (compile-protoc) @ hadoop-ozone-csi ---
[INFO] Compiling 1 proto file(s) to /workdir/hadoop-ozone/csi/target/generated-sources/java
[INFO] 
[INFO] --- protobuf-maven-plugin:0.5.1:compile-custom (compile-protoc) @ hadoop-ozone-csi ---
[INFO] Compiling 1 proto file(s) to /workdir/hadoop-ozone/csi/target/generated-sources/java
[INFO] 
[INFO] --- maven-remote-resources-plugin:1.5:process (default) @ hadoop-ozone-csi ---
[INFO] artifact io.grpc:grpc-core: checking for updates from apache.snapshots.https
[INFO] artifact io.grpc:grpc-core: checking for updates from repository.jboss.org
[INFO] artifact io.grpc:grpc-core: checking for updates from central
[INFO] artifact io.netty:netty-codec-http2: checking for updates from apache.snapshots.https
[INFO] artifact io.netty:netty-codec-http2: checking for updates from repository.jboss.org
[INFO] artifact io.netty:netty-codec-http2: checking for updates from central
[INFO] 
[INFO] --- maven-resources-plugin:2.6:resources (default-resources) @ hadoop-ozone-csi ---
[INFO] Using 'UTF-8' encoding to copy filtered resources.
[INFO] skip non existing resourceDirectory /workdir/hadoop-ozone/csi/src/main/resources
[INFO] Copying 1 resource
[INFO] Copying 1 resource
[INFO] Copying 2 resources
[INFO] 
[INFO] --- maven-compiler-plugin:3.1:compile (default-compile) @ hadoop-ozone-csi ---
[INFO] Compiling 9 source files to /workdir/hadoop-ozone/csi/target/classes
[INFO] 
[INFO] --- protobuf-maven-plugin:0.5.1:test-compile (compile-protoc) @ hadoop-ozone-csi ---
[INFO] /workdir/hadoop-ozone/csi/src/test/proto does not exist. Review the configuration or consider disabling the plugin.
[INFO] 
[INFO] --- protobuf-maven-plugin:0.5.1:test-compile-custom (compile-protoc) @ hadoop-ozone-csi ---
[INFO] /workdir/hadoop-ozone/csi/src/test/proto does not exist. Review the configuration or consider disabling the plugin.
[INFO] 
[INFO] --- maven-resources-plugin:2.6:testResources (default-testResources) @ hadoop-ozone-csi ---
[INFO] Using 'UTF-8' encoding to copy filtered resources.
[INFO] skip non existing resourceDirectory /workdir/hadoop-ozone/csi/src/test/resources
[INFO] Copying 2 resources
[INFO] 
[INFO] --- maven-compiler-plugin:3.1:testCompile (default-testCompile) @ hadoop-ozone-csi ---
[INFO] No sources to compile
[INFO] 
[INFO] --- maven-surefire-plugin:3.0.0-M1:test (default-test) @ hadoop-ozone-csi ---
[INFO] 
[INFO] ------------< org.apache.hadoop:hadoop-ozone-reconcodegen >-------------
[INFO] Building Apache Hadoop Ozone Recon CodeGen 0.5.0-SNAPSHOT        [17/26]
[INFO] --------------------------------[ jar ]---------------------------------
[INFO] 
[INFO] --- maven-antrun-plugin:1.7:run (create-testdirs) @ hadoop-ozone-reconcodegen ---
[INFO] Executing tasks

main:
    [mkdir] Created dir: /workdir/hadoop-ozone/ozone-recon-codegen/target/test-dir
[INFO] Executed tasks
[INFO] 
[INFO] --- maven-remote-resources-plugin:1.5:process (default) @ hadoop-ozone-reconcodegen ---
[INFO] 
[INFO] --- maven-resources-plugin:2.6:resources (default-resources) @ hadoop-ozone-reconcodegen ---
[INFO] Using 'UTF-8' encoding to copy filtered resources.
[INFO] skip non existing resourceDirectory /workdir/hadoop-ozone/ozone-recon-codegen/src/main/resources
[INFO] Copying 2 resources
[INFO] 
[INFO] --- maven-compiler-plugin:3.1:compile (default-compile) @ hadoop-ozone-reconcodegen ---
[INFO] Compiling 9 source files to /workdir/hadoop-ozone/ozone-recon-codegen/target/classes
[INFO] 
[INFO] --- maven-resources-plugin:2.6:testResources (default-testResources) @ hadoop-ozone-reconcodegen ---
[INFO] Using 'UTF-8' encoding to copy filtered resources.
[INFO] skip non existing resourceDirectory /workdir/hadoop-ozone/ozone-recon-codegen/src/test/resources
[INFO] Copying 2 resources
[INFO] 
[INFO] --- maven-compiler-plugin:3.1:testCompile (default-testCompile) @ hadoop-ozone-reconcodegen ---
[INFO] No sources to compile
[INFO] 
[INFO] --- maven-surefire-plugin:3.0.0-M1:test (default-test) @ hadoop-ozone-reconcodegen ---
[INFO] 
[INFO] ----------------< org.apache.hadoop:hadoop-ozone-recon >----------------
[INFO] Building Apache Hadoop Ozone Recon 0.5.0-SNAPSHOT                [18/26]
[INFO] --------------------------------[ jar ]---------------------------------
[INFO] 
[INFO] --- maven-antrun-plugin:1.7:run (create-testdirs) @ hadoop-ozone-recon ---
[INFO] Executing tasks

main:
    [mkdir] Created dir: /workdir/hadoop-ozone/ozone-recon/target/test-dir
[INFO] Executed tasks
[INFO] 
[INFO] --- build-helper-maven-plugin:1.9:add-source (add-source) @ hadoop-ozone-recon ---
[INFO] Source directory: /workdir/hadoop-ozone/ozone-recon/target/generated-sources/java added.
[INFO] 
[INFO] --- maven-remote-resources-plugin:1.5:process (default) @ hadoop-ozone-recon ---
[INFO] 
[INFO] --- exec-maven-plugin:1.3.1:java (default) @ hadoop-ozone-recon ---
[WARNING] Warning: killAfter is now deprecated. Do you need it ? Please comment on MEXEC-6.
log4j:WARN No appenders could be found for logger (org.jooq.Constants).
log4j:WARN Please initialize the log4j system properly.
log4j:WARN See http://logging.apache.org/log4j/1.2/faq.html#noconfig for more info.
[INFO] 
[INFO] --- frontend-maven-plugin:1.6:install-node-and-yarn (Install node and yarn locally to the project) @ hadoop-ozone-recon ---
[INFO] Installing node version v12.1.0
[INFO] Unpacking /home/user/.m2/repository/com/github/eirslett/node/12.1.0/node-12.1.0-linux-x64.tar.gz into /workdir/hadoop-ozone/ozone-recon/target/node/tmp
[INFO] Copying node binary from /workdir/hadoop-ozone/ozone-recon/target/node/tmp/node-v12.1.0-linux-x64/bin/node to /workdir/hadoop-ozone/ozone-recon/target/node/node
[INFO] Installed node locally.
[INFO] Installing Yarn version v1.9.2
[INFO] Unpacking /home/user/.m2/repository/com/github/eirslett/yarn/1.9.2/yarn-1.9.2.tar.gz into /workdir/hadoop-ozone/ozone-recon/target/node/yarn
[INFO] Installed Yarn locally.
[INFO] 
[INFO] --- frontend-maven-plugin:1.6:yarn (yarn install) @ hadoop-ozone-recon ---
[INFO] Running 'yarn install' in /workdir/hadoop-ozone/ozone-recon/src/main/resources/webapps/recon/ozone-recon-web
[ERROR] node: /usr/lib/libstdc++.so.6: no version information available (required by node)
[ERROR] node: /usr/lib/libstdc++.so.6: no version information available (required by node)
[ERROR] node: /usr/lib/libstdc++.so.6: no version information available (required by node)
[ERROR] node: /usr/lib/libstdc++.so.6: no version information available (required by node)
[ERROR] node: /usr/lib/libstdc++.so.6: no version information available (required by node)
[ERROR] node: /usr/lib/libstdc++.so.6: no version information available (required by node)
[ERROR] node: /usr/lib/libstdc++.so.6: no version information available (required by node)
[ERROR] node: /usr/lib/libstdc++.so.6: no version information available (required by node)
[INFO] yarn install v1.9.2
[INFO] [1/4] Resolving packages...
[INFO] [2/4] Fetching packages...
[ERROR] (node:10479) [DEP0005] DeprecationWarning: Buffer() is deprecated due to security and usability issues. Please use the Buffer.alloc(), Buffer.allocUnsafe(), or Buffer.from() methods instead.
[INFO] info fsevents@2.0.6: The platform "linux" is incompatible with this module.
[INFO] info "fsevents@2.0.6" is an optional dependency and failed compatibility check. Excluding it from installation.
[INFO] info fsevents@1.2.8: The platform "linux" is incompatible with this module.
[INFO] info "fsevents@1.2.8" is an optional dependency and failed compatibility check. Excluding it from installation.
[INFO] [3/4] Linking dependencies...
[ERROR] warning " > less-loader@5.0.0" has unmet peer dependency "webpack@^2.0.0 || ^3.0.0 || ^4.0.0".
[INFO] [4/4] Building fresh packages...
[INFO] Done in 54.51s.
[INFO] 
[INFO] --- frontend-maven-plugin:1.6:yarn (Build frontend) @ hadoop-ozone-recon ---
[INFO] Running 'yarn run build' in /workdir/hadoop-ozone/ozone-recon/src/main/resources/webapps/recon/ozone-recon-web
[ERROR] node: /usr/lib/libstdc++.so.6: no version information available (required by node)
[ERROR] node: /usr/lib/libstdc++.so.6: no version information available (required by node)
[ERROR] node: /usr/lib/libstdc++.so.6: no version information available (required by node)
[ERROR] node: /usr/lib/libstdc++.so.6: no version information available (required by node)
[ERROR] node: /usr/lib/libstdc++.so.6: no version information available (required by node)
[ERROR] node: /usr/lib/libstdc++.so.6: no version information available (required by node)
[ERROR] node: /usr/lib/libstdc++.so.6: no version information available (required by node)
[ERROR] node: /usr/lib/libstdc++.so.6: no version information available (required by node)
[INFO] yarn run v1.9.2
[INFO] $ react-app-rewired build
[ERROR] node: /usr/lib/libstdc++.so.6: no version information available (required by node)
[ERROR] node: /usr/lib/libstdc++.so.6: no version information available (required by node)
[ERROR] node: /usr/lib/libstdc++.so.6: no version information available (required by node)
[ERROR] node: /usr/lib/libstdc++.so.6: no version information available (required by node)
[ERROR] node: /usr/lib/libstdc++.so.6: no version information available (required by node)
[ERROR] node: /usr/lib/libstdc++.so.6: no version information available (required by node)
[ERROR] node: /usr/lib/libstdc++.so.6: no version information available (required by node)
[ERROR] node: /usr/lib/libstdc++.so.6: no version information available (required by node)
[ERROR] node: /usr/lib/libstdc++.so.6: no version information available (required by node)
[ERROR] node: /usr/lib/libstdc++.so.6: no version information available (required by node)
[ERROR] node: /usr/lib/libstdc++.so.6: no version information available (required by node)
[ERROR] node: /usr/lib/libstdc++.so.6: no version information available (required by node)
[ERROR] node: /usr/lib/libstdc++.so.6: no version information available (required by node)
[ERROR] node: /usr/lib/libstdc++.so.6: no version information available (required by node)
[ERROR] node: /usr/lib/libstdc++.so.6: no version information available (required by node)
[ERROR] node: /usr/lib/libstdc++.so.6: no version information available (required by node)
[INFO] Creating an optimized production build...
[ERROR] /workdir/hadoop-ozone/ozone-recon/target/node/node: /usr/lib/libstdc++.so.6: no version information available (required by /workdir/hadoop-ozone/ozone-recon/target/node/node)
[ERROR] /workdir/hadoop-ozone/ozone-recon/target/node/node: /usr/lib/libstdc++.so.6: no version information available (required by /workdir/hadoop-ozone/ozone-recon/target/node/node)
[ERROR] /workdir/hadoop-ozone/ozone-recon/target/node/node: /usr/lib/libstdc++.so.6: no version information available (required by /workdir/hadoop-ozone/ozone-recon/target/node/node)
[ERROR] /workdir/hadoop-ozone/ozone-recon/target/node/node: /usr/lib/libstdc++.so.6: no version information available (required by /workdir/hadoop-ozone/ozone-recon/target/node/node)
[ERROR] /workdir/hadoop-ozone/ozone-recon/target/node/node: /usr/lib/libstdc++.so.6: no version information available (required by /workdir/hadoop-ozone/ozone-recon/target/node/node)
[ERROR] /workdir/hadoop-ozone/ozone-recon/target/node/node: /usr/lib/libstdc++.so.6: no version information available (required by /workdir/hadoop-ozone/ozone-recon/target/node/node)
[ERROR] /workdir/hadoop-ozone/ozone-recon/target/node/node: /usr/lib/libstdc++.so.6: no version information available (required by /workdir/hadoop-ozone/ozone-recon/target/node/node)
[ERROR] /workdir/hadoop-ozone/ozone-recon/target/node/node: /usr/lib/libstdc++.so.6: no version information available (required by /workdir/hadoop-ozone/ozone-recon/target/node/node)
[ERROR] /workdir/hadoop-ozone/ozone-recon/target/node/node: /usr/lib/libstdc++.so.6: no version information available (required by /workdir/hadoop-ozone/ozone-recon/target/node/node)
[ERROR] /workdir/hadoop-ozone/ozone-recon/target/node/node: /usr/lib/libstdc++.so.6: no version information available (required by /workdir/hadoop-ozone/ozone-recon/target/node/node)
[ERROR] /workdir/hadoop-ozone/ozone-recon/target/node/node: /usr/lib/libstdc++.so.6: no version information available (required by /workdir/hadoop-ozone/ozone-recon/target/node/node)
[ERROR] /workdir/hadoop-ozone/ozone-recon/target/node/node: /usr/lib/libstdc++.so.6: no version information available (required by /workdir/hadoop-ozone/ozone-recon/target/node/node)
[ERROR] /workdir/hadoop-ozone/ozone-recon/target/node/node: /usr/lib/libstdc++.so.6: no version information available (required by /workdir/hadoop-ozone/ozone-recon/target/node/node)
[ERROR] /workdir/hadoop-ozone/ozone-recon/target/node/node: /usr/lib/libstdc++.so.6: no version information available (required by /workdir/hadoop-ozone/ozone-recon/target/node/node)
[ERROR] /workdir/hadoop-ozone/ozone-recon/target/node/node: /usr/lib/libstdc++.so.6: no version information available (required by /workdir/hadoop-ozone/ozone-recon/target/node/node)
[ERROR] /workdir/hadoop-ozone/ozone-recon/target/node/node: /usr/lib/libstdc++.so.6: no version information available (required by /workdir/hadoop-ozone/ozone-recon/target/node/node)
[ERROR] /workdir/hadoop-ozone/ozone-recon/target/node/node: /usr/lib/libstdc++.so.6: no version information available (required by /workdir/hadoop-ozone/ozone-recon/target/node/node)
[ERROR] /workdir/hadoop-ozone/ozone-recon/target/node/node: /usr/lib/libstdc++.so.6: no version information available (required by /workdir/hadoop-ozone/ozone-recon/target/node/node)
[ERROR] /workdir/hadoop-ozone/ozone-recon/target/node/node: /usr/lib/libstdc++.so.6: no version information available (required by /workdir/hadoop-ozone/ozone-recon/target/node/node)
[ERROR] /workdir/hadoop-ozone/ozone-recon/target/node/node: /usr/lib/libstdc++.so.6: no version information available (required by /workdir/hadoop-ozone/ozone-recon/target/node/node)
[ERROR] /workdir/hadoop-ozone/ozone-recon/target/node/node: /usr/lib/libstdc++.so.6: no version information available (required by /workdir/hadoop-ozone/ozone-recon/target/node/node)
[ERROR] /workdir/hadoop-ozone/ozone-recon/target/node/node: /usr/lib/libstdc++.so.6: no version information available (required by /workdir/hadoop-ozone/ozone-recon/target/node/node)
[ERROR] /workdir/hadoop-ozone/ozone-recon/target/node/node: /usr/lib/libstdc++.so.6: no version information available (required by /workdir/hadoop-ozone/ozone-recon/target/node/node)
[ERROR] /workdir/hadoop-ozone/ozone-recon/target/node/node: /usr/lib/libstdc++.so.6: no version information available (required by /workdir/hadoop-ozone/ozone-recon/target/node/node)
[ERROR] /workdir/hadoop-ozone/ozone-recon/target/node/node: /usr/lib/libstdc++.so.6: no version information available (required by /workdir/hadoop-ozone/ozone-recon/target/node/node)
[ERROR] /workdir/hadoop-ozone/ozone-recon/target/node/node: /usr/lib/libstdc++.so.6: no version information available (required by /workdir/hadoop-ozone/ozone-recon/target/node/node)
[ERROR] /workdir/hadoop-ozone/ozone-recon/target/node/node: /usr/lib/libstdc++.so.6: no version information available (required by /workdir/hadoop-ozone/ozone-recon/target/node/node)
[ERROR] /workdir/hadoop-ozone/ozone-recon/target/node/node: /usr/lib/libstdc++.so.6: no version information available (required by /workdir/hadoop-ozone/ozone-recon/target/node/node)
[ERROR] /workdir/hadoop-ozone/ozone-recon/target/node/node: /usr/lib/libstdc++.so.6: no version information available (required by /workdir/hadoop-ozone/ozone-recon/target/node/node)
[ERROR] /workdir/hadoop-ozone/ozone-recon/target/node/node: /usr/lib/libstdc++.so.6: no version information available (required by /workdir/hadoop-ozone/ozone-recon/target/node/node)
[ERROR] /workdir/hadoop-ozone/ozone-recon/target/node/node: /usr/lib/libstdc++.so.6: no version information available (required by /workdir/hadoop-ozone/ozone-recon/target/node/node)
[ERROR] /workdir/hadoop-ozone/ozone-recon/target/node/node: /usr/lib/libstdc++.so.6: no version information available (required by /workdir/hadoop-ozone/ozone-recon/target/node/node)
[INFO] Compiled successfully.
[INFO] 
[INFO] File sizes after gzip:
[INFO] 
[INFO]   247.3 KB  build/static/js/2.dc7b46c7.chunk.js
[INFO]   7.41 KB   build/static/css/2.aecb3811.chunk.css
[INFO]   1.46 KB   build/static/js/main.77d96cd0.chunk.js
[INFO]   762 B     build/static/js/runtime~main.a8a9905a.js
[INFO]   503 B     build/static/css/main.96eebd44.chunk.css
[INFO] 
[INFO] The project was built assuming it is hosted at the server root.
[INFO] You can control this with the homepage field in your package.json.
[INFO] For example, add this to build it for GitHub Pages:
[INFO] 
[INFO]   "homepage" : "http://myname.github.io/myapp",
[INFO] 
[INFO] The build folder is ready to be deployed.
[INFO] You may serve it with a static server:
[INFO] 
[INFO]   yarn global add serve
[INFO]   serve -s build
[INFO] 
[INFO] Find out more about deployment here:
[INFO] 
[INFO]   https://bit.ly/CRA-deploy
[INFO] 
[INFO] Done in 43.72s.
[INFO] 
[INFO] --- maven-resources-plugin:2.6:resources (default-resources) @ hadoop-ozone-recon ---
[INFO] Using 'UTF-8' encoding to copy filtered resources.
[INFO] Copying 47 resources
[INFO] Copying 2 resources
[INFO] 
[INFO] --- maven-resources-plugin:2.6:copy-resources (Copy frontend build to target) @ hadoop-ozone-recon ---
[INFO] Using 'UTF-8' encoding to copy filtered resources.
[INFO] Copying 17 resources
[INFO] 
[INFO] --- maven-resources-plugin:2.6:copy-resources (Copy frontend static files to target) @ hadoop-ozone-recon ---
[INFO] Using 'UTF-8' encoding to copy filtered resources.
[INFO] Copying 11 resources
[INFO] 
[INFO] --- maven-compiler-plugin:3.1:compile (default-compile) @ hadoop-ozone-recon ---
[INFO] Compiling 69 source files to /workdir/hadoop-ozone/ozone-recon/target/classes
[WARNING] /workdir/hadoop-ozone/ozone-recon/src/main/java/org/apache/hadoop/ozone/recon/tasks/FileSizeCountTask.java: Some input files use unchecked or unsafe operations.
[WARNING] /workdir/hadoop-ozone/ozone-recon/src/main/java/org/apache/hadoop/ozone/recon/tasks/FileSizeCountTask.java: Recompile with -Xlint:unchecked for details.
[INFO] 
[INFO] --- maven-resources-plugin:2.6:testResources (default-testResources) @ hadoop-ozone-recon ---
[INFO] Using 'UTF-8' encoding to copy filtered resources.
[INFO] Copying 1 resource
[INFO] Copying 2 resources
[INFO] 
[INFO] --- maven-compiler-plugin:3.1:testCompile (default-testCompile) @ hadoop-ozone-recon ---
[INFO] Compiling 26 source files to /workdir/hadoop-ozone/ozone-recon/target/test-classes
[WARNING] /workdir/hadoop-ozone/ozone-recon/src/test/java/org/apache/hadoop/ozone/recon/AbstractOMMetadataManagerTest.java: Some input files use unchecked or unsafe operations.
[WARNING] /workdir/hadoop-ozone/ozone-recon/src/test/java/org/apache/hadoop/ozone/recon/AbstractOMMetadataManagerTest.java: Recompile with -Xlint:unchecked for details.
[INFO] 
[INFO] --- maven-surefire-plugin:3.0.0-M1:test (default-test) @ hadoop-ozone-recon ---
[INFO] 
[INFO] -------------------------------------------------------
[INFO]  T E S T S
[INFO] -------------------------------------------------------
[INFO] Running org.apache.hadoop.ozone.recon.spi.impl.TestReconContainerDBProvider
[INFO] Tests run: 1, Failures: 0, Errors: 0, Skipped: 0, Time elapsed: 1.073 s - in org.apache.hadoop.ozone.recon.spi.impl.TestReconContainerDBProvider
[INFO] Running org.apache.hadoop.ozone.recon.spi.impl.TestOzoneManagerServiceProviderImpl
[INFO] Tests run: 5, Failures: 0, Errors: 0, Skipped: 0, Time elapsed: 7.493 s - in org.apache.hadoop.ozone.recon.spi.impl.TestOzoneManagerServiceProviderImpl
[INFO] Running org.apache.hadoop.ozone.recon.spi.impl.TestContainerDBServiceProviderImpl
[INFO] Tests run: 13, Failures: 0, Errors: 0, Skipped: 0, Time elapsed: 5.71 s - in org.apache.hadoop.ozone.recon.spi.impl.TestContainerDBServiceProviderImpl
[INFO] Running org.apache.hadoop.ozone.recon.tasks.TestContainerKeyMapperTask
[INFO] Tests run: 2, Failures: 0, Errors: 0, Skipped: 0, Time elapsed: 7.015 s - in org.apache.hadoop.ozone.recon.tasks.TestContainerKeyMapperTask
[INFO] Running org.apache.hadoop.ozone.recon.tasks.TestFileSizeCountTask
[INFO] Tests run: 2, Failures: 0, Errors: 0, Skipped: 0, Time elapsed: 1.991 s - in org.apache.hadoop.ozone.recon.tasks.TestFileSizeCountTask
[INFO] Running org.apache.hadoop.ozone.recon.tasks.TestReconTaskControllerImpl
[INFO] Tests run: 5, Failures: 0, Errors: 0, Skipped: 0, Time elapsed: 4.489 s - in org.apache.hadoop.ozone.recon.tasks.TestReconTaskControllerImpl
[INFO] Running org.apache.hadoop.ozone.recon.tasks.TestOMDBUpdatesHandler
[INFO] Tests run: 3, Failures: 0, Errors: 0, Skipped: 0, Time elapsed: 3.381 s - in org.apache.hadoop.ozone.recon.tasks.TestOMDBUpdatesHandler
[INFO] Running org.apache.hadoop.ozone.recon.TestReconUtils
[INFO] Tests run: 3, Failures: 0, Errors: 0, Skipped: 0, Time elapsed: 2.157 s - in org.apache.hadoop.ozone.recon.TestReconUtils
[INFO] Running org.apache.hadoop.ozone.recon.api.TestContainerKeyService
[INFO] Tests run: 4, Failures: 0, Errors: 0, Skipped: 0, Time elapsed: 9.041 s - in org.apache.hadoop.ozone.recon.api.TestContainerKeyService
[INFO] Running org.apache.hadoop.ozone.recon.api.TestUtilizationService
[INFO] Tests run: 1, Failures: 0, Errors: 0, Skipped: 0, Time elapsed: 1.626 s - in org.apache.hadoop.ozone.recon.api.TestUtilizationService
[INFO] Running org.apache.hadoop.ozone.recon.TestReconCodecs
[INFO] Tests run: 2, Failures: 0, Errors: 0, Skipped: 0, Time elapsed: 0.083 s - in org.apache.hadoop.ozone.recon.TestReconCodecs
[INFO] Running org.apache.hadoop.ozone.recon.persistence.TestUtilizationSchemaDefinition
[INFO] Tests run: 3, Failures: 0, Errors: 0, Skipped: 0, Time elapsed: 2.487 s - in org.apache.hadoop.ozone.recon.persistence.TestUtilizationSchemaDefinition
[INFO] Running org.apache.hadoop.ozone.recon.persistence.TestReconInternalSchemaDefinition
[INFO] Tests run: 2, Failures: 0, Errors: 0, Skipped: 0, Time elapsed: 2.3 s - in org.apache.hadoop.ozone.recon.persistence.TestReconInternalSchemaDefinition
[INFO] Running org.apache.hadoop.ozone.recon.persistence.TestStatsSchemaDefinition
[INFO] Tests run: 2, Failures: 0, Errors: 0, Skipped: 0, Time elapsed: 2.386 s - in org.apache.hadoop.ozone.recon.persistence.TestStatsSchemaDefinition
[INFO] Running org.apache.hadoop.ozone.recon.recovery.TestReconOmMetadataManagerImpl
[INFO] Tests run: 1, Failures: 0, Errors: 0, Skipped: 0, Time elapsed: 1.404 s - in org.apache.hadoop.ozone.recon.recovery.TestReconOmMetadataManagerImpl
[INFO] 
[INFO] Results:
[INFO] 
[INFO] Tests run: 49, Failures: 0, Errors: 0, Skipped: 0
[INFO] 
[INFO] 
[INFO] -------< org.apache.hadoop:hadoop-ozone-filesystem-lib-current >--------
[INFO] Building Apache Hadoop Ozone FileSystem Single Jar Library 0.5.0-SNAPSHOT [19/26]
[INFO] --------------------------------[ jar ]---------------------------------
Downloading from apache.snapshots.https: https://repository.apache.org/content/repositories/snapshots/org/apache/hadoop/hadoop-ozone-filesystem/0.5.0-SNAPSHOT/maven-metadata.xml
Progress (1): 1.2 kB                    Downloaded from apache.snapshots.https: https://repository.apache.org/content/repositories/snapshots/org/apache/hadoop/hadoop-ozone-filesystem/0.5.0-SNAPSHOT/maven-metadata.xml (1.2 kB at 2.0 kB/s)
Downloading from apache.snapshots.https: https://repository.apache.org/content/repositories/snapshots/org/apache/hadoop/hadoop-ozone-filesystem/0.5.0-SNAPSHOT/hadoop-ozone-filesystem-0.5.0-20190715.160131-123.pom
Progress (1): 4.1/6.8 kBProgress (1): 6.8 kB                        Downloaded from apache.snapshots.https: https://repository.apache.org/content/repositories/snapshots/org/apache/hadoop/hadoop-ozone-filesystem/0.5.0-SNAPSHOT/hadoop-ozone-filesystem-0.5.0-20190715.160131-123.pom (6.8 kB at 11 kB/s)
Downloading from apache.snapshots.https: https://repository.apache.org/content/repositories/snapshots/org/apache/hadoop/hadoop-ozone-filesystem/0.5.0-SNAPSHOT/hadoop-ozone-filesystem-0.5.0-20190715.160131-123.jar
Progress (1): 4.1/90 kBProgress (1): 7.7/90 kBProgress (1): 8.2/90 kBProgress (1): 12/90 kB Progress (1): 16/90 kBProgress (1): 16/90 kBProgress (1): 20/90 kBProgress (1): 24/90 kBProgress (1): 25/90 kBProgress (1): 29/90 kBProgress (1): 32/90 kBProgress (1): 33/90 kBProgress (1): 37/90 kBProgress (1): 41/90 kBProgress (1): 41/90 kBProgress (1): 45/90 kBProgress (1): 49/90 kBProgress (1): 49/90 kBProgress (1): 53/90 kBProgress (1): 57/90 kBProgress (1): 57/90 kBProgress (1): 61/90 kBProgress (1): 65/90 kBProgress (1): 66/90 kBProgress (1): 70/90 kBProgress (1): 74/90 kBProgress (1): 74/90 kBProgress (1): 78/90 kBProgress (1): 82/90 kBProgress (1): 82/90 kBProgress (1): 86/90 kBProgress (1): 90/90 kBProgress (1): 90/90 kBProgress (1): 90 kB                      Downloaded from apache.snapshots.https: https://repository.apache.org/content/repositories/snapshots/org/apache/hadoop/hadoop-ozone-filesystem/0.5.0-SNAPSHOT/hadoop-ozone-filesystem-0.5.0-20190715.160131-123.jar (90 kB at 122 kB/s)
[INFO] 
[INFO] --- maven-antrun-plugin:1.7:run (create-testdirs) @ hadoop-ozone-filesystem-lib-current ---
[INFO] Executing tasks

main:
    [mkdir] Created dir: /workdir/hadoop-ozone/ozonefs-lib-current/target/test-dir
[INFO] Executed tasks
[INFO] 
[INFO] --- maven-remote-resources-plugin:1.5:process (default) @ hadoop-ozone-filesystem-lib-current ---
[INFO] 
[INFO] --- maven-resources-plugin:2.6:resources (default-resources) @ hadoop-ozone-filesystem-lib-current ---
[INFO] Using 'UTF-8' encoding to copy filtered resources.
[INFO] skip non existing resourceDirectory /workdir/hadoop-ozone/ozonefs-lib-current/src/main/resources
[INFO] Copying 2 resources
[INFO] 
[INFO] --- maven-compiler-plugin:3.1:compile (default-compile) @ hadoop-ozone-filesystem-lib-current ---
[INFO] No sources to compile
[INFO] 
[INFO] --- maven-resources-plugin:2.6:testResources (default-testResources) @ hadoop-ozone-filesystem-lib-current ---
[INFO] Using 'UTF-8' encoding to copy filtered resources.
[INFO] skip non existing resourceDirectory /workdir/hadoop-ozone/ozonefs-lib-current/src/test/resources
[INFO] Copying 2 resources
[INFO] 
[INFO] --- maven-compiler-plugin:3.1:testCompile (default-testCompile) @ hadoop-ozone-filesystem-lib-current ---
[INFO] No sources to compile
[INFO] 
[INFO] --- maven-surefire-plugin:3.0.0-M1:test (default-test) @ hadoop-ozone-filesystem-lib-current ---
[INFO] 
[INFO] --------< org.apache.hadoop:hadoop-ozone-filesystem-lib-legacy >--------
[INFO] Building Apache Hadoop Ozone FileSystem Legacy Jar Library 0.5.0-SNAPSHOT [20/26]
[INFO] --------------------------------[ jar ]---------------------------------
[INFO] 
[INFO] --- maven-antrun-plugin:1.7:run (create-testdirs) @ hadoop-ozone-filesystem-lib-legacy ---
[INFO] Executing tasks

main:
    [mkdir] Created dir: /workdir/hadoop-ozone/ozonefs-lib-legacy/target/test-dir
[INFO] Executed tasks
[INFO] 
[INFO] --- maven-remote-resources-plugin:1.5:process (default) @ hadoop-ozone-filesystem-lib-legacy ---
[INFO] 
[INFO] --- maven-resources-plugin:2.6:resources (default-resources) @ hadoop-ozone-filesystem-lib-legacy ---
[INFO] Using 'UTF-8' encoding to copy filtered resources.
[INFO] Copying 1 resource
[INFO] Copying 2 resources
[INFO] 
[INFO] --- maven-compiler-plugin:3.1:compile (default-compile) @ hadoop-ozone-filesystem-lib-legacy ---
[INFO] No sources to compile
[INFO] 
[INFO] --- maven-resources-plugin:2.6:testResources (default-testResources) @ hadoop-ozone-filesystem-lib-legacy ---
[INFO] Using 'UTF-8' encoding to copy filtered resources.
[INFO] skip non existing resourceDirectory /workdir/hadoop-ozone/ozonefs-lib-legacy/src/test/resources
[INFO] Copying 2 resources
[INFO] 
[INFO] --- maven-compiler-plugin:3.1:testCompile (default-testCompile) @ hadoop-ozone-filesystem-lib-legacy ---
[INFO] No sources to compile
[INFO] 
[INFO] --- maven-surefire-plugin:3.0.0-M1:test (default-test) @ hadoop-ozone-filesystem-lib-legacy ---
[INFO] 
[INFO] --------------< org.apache.hadoop:hadoop-ozone-datanode >---------------
[INFO] Building Apache Hadoop Ozone Datanode 0.5.0-SNAPSHOT             [21/26]
[INFO] --------------------------------[ jar ]---------------------------------
[INFO] 
[INFO] --- maven-antrun-plugin:1.7:run (create-testdirs) @ hadoop-ozone-datanode ---
[INFO] Executing tasks

main:
    [mkdir] Created dir: /workdir/hadoop-ozone/datanode/target/test-dir
[INFO] Executed tasks
[INFO] 
[INFO] --- maven-remote-resources-plugin:1.5:process (default) @ hadoop-ozone-datanode ---
[INFO] 
[INFO] --- maven-resources-plugin:2.6:resources (default-resources) @ hadoop-ozone-datanode ---
[INFO] Using 'UTF-8' encoding to copy filtered resources.
[INFO] skip non existing resourceDirectory /workdir/hadoop-ozone/datanode/src/main/resources
[INFO] Copying 2 resources
[INFO] 
[INFO] --- maven-compiler-plugin:3.1:compile (default-compile) @ hadoop-ozone-datanode ---
[INFO] No sources to compile
[INFO] 
[INFO] --- maven-resources-plugin:2.6:testResources (default-testResources) @ hadoop-ozone-datanode ---
[INFO] Using 'UTF-8' encoding to copy filtered resources.
[INFO] skip non existing resourceDirectory /workdir/hadoop-ozone/datanode/src/test/resources
[INFO] Copying 2 resources
[INFO] 
[INFO] --- maven-compiler-plugin:3.1:testCompile (default-testCompile) @ hadoop-ozone-datanode ---
[INFO] No sources to compile
[INFO] 
[INFO] --- maven-surefire-plugin:3.0.0-M1:test (default-test) @ hadoop-ozone-datanode ---
[INFO] 
[INFO] ---------------< org.apache.hadoop:hadoop-ozone-upgrade >---------------
[INFO] Building Apache Hadoop Ozone In-Place Upgrade 0.5.0-SNAPSHOT     [22/26]
[INFO] --------------------------------[ jar ]---------------------------------
[INFO] 
[INFO] --- maven-antrun-plugin:1.7:run (create-testdirs) @ hadoop-ozone-upgrade ---
[INFO] Executing tasks

main:
    [mkdir] Created dir: /workdir/hadoop-ozone/upgrade/target/test-dir
[INFO] Executed tasks
[INFO] 
[INFO] --- maven-remote-resources-plugin:1.5:process (default) @ hadoop-ozone-upgrade ---
[INFO] 
[INFO] --- maven-resources-plugin:2.6:resources (default-resources) @ hadoop-ozone-upgrade ---
[INFO] Using 'UTF-8' encoding to copy filtered resources.
[INFO] skip non existing resourceDirectory /workdir/hadoop-ozone/upgrade/src/main/resources
[INFO] Copying 2 resources
[INFO] 
[INFO] --- maven-compiler-plugin:3.1:compile (default-compile) @ hadoop-ozone-upgrade ---
[INFO] Compiling 5 source files to /workdir/hadoop-ozone/upgrade/target/classes
[INFO] 
[INFO] --- maven-resources-plugin:2.6:testResources (default-testResources) @ hadoop-ozone-upgrade ---
[INFO] Using 'UTF-8' encoding to copy filtered resources.
[INFO] skip non existing resourceDirectory /workdir/hadoop-ozone/upgrade/src/test/resources
[INFO] Copying 2 resources
[INFO] 
[INFO] --- maven-compiler-plugin:3.1:testCompile (default-testCompile) @ hadoop-ozone-upgrade ---
[INFO] No sources to compile
[INFO] 
[INFO] --- maven-surefire-plugin:3.0.0-M1:test (default-test) @ hadoop-ozone-upgrade ---
[INFO] 
[INFO] ----------------< org.apache.hadoop:hadoop-ozone-dist >-----------------
[INFO] Building Apache Hadoop Ozone Distribution 0.5.0-SNAPSHOT         [23/26]
[INFO] --------------------------------[ pom ]---------------------------------
Downloading from apache.snapshots.https: https://repository.apache.org/content/repositories/snapshots/org/apache/hadoop/hadoop-ozone-tools/0.5.0-SNAPSHOT/maven-metadata.xml
Progress (1): 1.2 kB                    Downloaded from apache.snapshots.https: https://repository.apache.org/content/repositories/snapshots/org/apache/hadoop/hadoop-ozone-tools/0.5.0-SNAPSHOT/maven-metadata.xml (1.2 kB at 2.1 kB/s)
Downloading from apache.snapshots.https: https://repository.apache.org/content/repositories/snapshots/org/apache/hadoop/hadoop-ozone-tools/0.5.0-SNAPSHOT/hadoop-ozone-tools-0.5.0-20190715.160354-123.pom
Progress (1): 4.1/4.5 kBProgress (1): 4.5 kB                        Downloaded from apache.snapshots.https: https://repository.apache.org/content/repositories/snapshots/org/apache/hadoop/hadoop-ozone-tools/0.5.0-SNAPSHOT/hadoop-ozone-tools-0.5.0-20190715.160354-123.pom (4.5 kB at 7.2 kB/s)
Downloading from apache.snapshots.https: https://repository.apache.org/content/repositories/snapshots/org/apache/hadoop/hadoop-hdds-server-scm/0.5.0-SNAPSHOT/hadoop-hdds-server-scm-0.5.0-20190715.155734-124.jar
Downloading from apache.snapshots.https: https://repository.apache.org/content/repositories/snapshots/org/apache/hadoop/hadoop-ozone-tools/0.5.0-SNAPSHOT/hadoop-ozone-tools-0.5.0-20190715.160354-123.jar
Progress (1): 0/1.4 MBProgress (1): 0/1.4 MBProgress (1): 0/1.4 MBProgress (2): 0/1.4 MB | 4.1/277 kBProgress (2): 0/1.4 MB | 7.7/277 kBProgress (2): 0/1.4 MB | 8.2/277 kBProgress (2): 0/1.4 MB | 8.2/277 kBProgress (2): 0/1.4 MB | 8.2/277 kBProgress (2): 0/1.4 MB | 8.2/277 kBProgress (2): 0/1.4 MB | 8.2/277 kBProgress (2): 0/1.4 MB | 8.2/277 kBProgress (2): 0/1.4 MB | 8.2/277 kBProgress (2): 0/1.4 MB | 8.2/277 kBProgress (2): 0/1.4 MB | 8.2/277 kBProgress (2): 0/1.4 MB | 8.2/277 kBProgress (2): 0/1.4 MB | 12/277 kB Progress (2): 0/1.4 MB | 16/277 kBProgress (2): 0/1.4 MB | 16/277 kBProgress (2): 0/1.4 MB | 20/277 kBProgress (2): 0/1.4 MB | 24/277 kBProgress (2): 0/1.4 MB | 25/277 kBProgress (2): 0/1.4 MB | 29/277 kBProgress (2): 0/1.4 MB | 32/277 kBProgress (2): 0/1.4 MB | 33/277 kBProgress (2): 0/1.4 MB | 37/277 kBProgress (2): 0/1.4 MB | 40/277 kBProgress (2): 0/1.4 MB | 40/277 kBProgress (2): 0/1.4 MB | 40/277 kBProgress (2): 0/1.4 MB | 40/277 kBProgress (2): 0/1.4 MB | 40/277 kBProgress (2): 0/1.4 MB | 40/277 kBProgress (2): 0/1.4 MB | 40/277 kBProgress (2): 0.1/1.4 MB | 40/277 kBProgress (2): 0.1/1.4 MB | 40/277 kBProgress (2): 0.1/1.4 MB | 40/277 kBProgress (2): 0.1/1.4 MB | 40/277 kBProgress (2): 0.1/1.4 MB | 40/277 kBProgress (2): 0.1/1.4 MB | 40/277 kBProgress (2): 0.1/1.4 MB | 40/277 kBProgress (2): 0.1/1.4 MB | 40/277 kBProgress (2): 0.1/1.4 MB | 40/277 kBProgress (2): 0.1/1.4 MB | 40/277 kBProgress (2): 0.1/1.4 MB | 40/277 kBProgress (2): 0.1/1.4 MB | 40/277 kBProgress (2): 0.1/1.4 MB | 40/277 kBProgress (2): 0.1/1.4 MB | 40/277 kBProgress (2): 0.1/1.4 MB | 40/277 kBProgress (2): 0.1/1.4 MB | 41/277 kBProgress (2): 0.1/1.4 MB | 45/277 kBProgress (2): 0.1/1.4 MB | 48/277 kBProgress (2): 0.1/1.4 MB | 49/277 kBProgress (2): 0.1/1.4 MB | 53/277 kBProgress (2): 0.1/1.4 MB | 56/277 kBProgress (2): 0.1/1.4 MB | 57/277 kBProgress (2): 0.1/1.4 MB | 61/277 kBProgress (2): 0.1/1.4 MB | 64/277 kBProgress (2): 0.1/1.4 MB | 66/277 kBProgress (2): 0.1/1.4 MB | 70/277 kBProgress (2): 0.1/1.4 MB | 72/277 kBProgress (2): 0.1/1.4 MB | 74/277 kBProgress (2): 0.1/1.4 MB | 78/277 kBProgress (2): 0.1/1.4 MB | 80/277 kBProgress (2): 0.1/1.4 MB | 82/277 kBProgress (2): 0.1/1.4 MB | 86/277 kBProgress (2): 0.1/1.4 MB | 88/277 kBProgress (2): 0.1/1.4 MB | 90/277 kBProgress (2): 0.1/1.4 MB | 90/277 kBProgress (2): 0.1/1.4 MB | 90/277 kBProgress (2): 0.1/1.4 MB | 90/277 kBProgress (2): 0.1/1.4 MB | 90/277 kBProgress (2): 0.1/1.4 MB | 90/277 kBProgress (2): 0.1/1.4 MB | 90/277 kBProgress (2): 0.1/1.4 MB | 90/277 kBProgress (2): 0.1/1.4 MB | 90/277 kBProgress (2): 0.1/1.4 MB | 90/277 kBProgress (2): 0.1/1.4 MB | 90/277 kBProgress (2): 0.1/1.4 MB | 90/277 kBProgress (2): 0.1/1.4 MB | 90/277 kBProgress (2): 0.1/1.4 MB | 90/277 kBProgress (2): 0.1/1.4 MB | 90/277 kBProgress (2): 0.1/1.4 MB | 90/277 kBProgress (2): 0.1/1.4 MB | 90/277 kBProgress (2): 0.1/1.4 MB | 90/277 kBProgress (2): 0.1/1.4 MB | 90/277 kBProgress (2): 0.1/1.4 MB | 90/277 kBProgress (2): 0.1/1.4 MB | 90/277 kBProgress (2): 0.1/1.4 MB | 90/277 kBProgress (2): 0.2/1.4 MB | 90/277 kBProgress (2): 0.2/1.4 MB | 90/277 kBProgress (2): 0.2/1.4 MB | 90/277 kBProgress (2): 0.2/1.4 MB | 94/277 kBProgress (2): 0.2/1.4 MB | 94/277 kBProgress (2): 0.2/1.4 MB | 96/277 kBProgress (2): 0.2/1.4 MB | 96/277 kBProgress (2): 0.2/1.4 MB | 98/277 kBProgress (2): 0.2/1.4 MB | 98/277 kBProgress (2): 0.2/1.4 MB | 98/277 kBProgress (2): 0.2/1.4 MB | 102/277 kBProgress (2): 0.2/1.4 MB | 102/277 kBProgress (2): 0.2/1.4 MB | 106/277 kBProgress (2): 0.2/1.4 MB | 106/277 kBProgress (2): 0.2/1.4 MB | 106/277 kBProgress (2): 0.2/1.4 MB | 106/277 kBProgress (2): 0.2/1.4 MB | 106/277 kBProgress (2): 0.2/1.4 MB | 106/277 kBProgress (2): 0.2/1.4 MB | 111/277 kBProgress (2): 0.2/1.4 MB | 111/277 kBProgress (2): 0.2/1.4 MB | 114/277 kBProgress (2): 0.2/1.4 MB | 114/277 kBProgress (2): 0.2/1.4 MB | 115/277 kBProgress (2): 0.2/1.4 MB | 115/277 kBProgress (2): 0.2/1.4 MB | 115/277 kBProgress (2): 0.2/1.4 MB | 119/277 kBProgress (2): 0.2/1.4 MB | 119/277 kBProgress (2): 0.2/1.4 MB | 122/277 kBProgress (2): 0.2/1.4 MB | 122/277 kBProgress (2): 0.2/1.4 MB | 123/277 kBProgress (2): 0.2/1.4 MB | 127/277 kBProgress (2): 0.2/1.4 MB | 130/277 kBProgress (2): 0.2/1.4 MB | 131/277 kBProgress (2): 0.2/1.4 MB | 135/277 kBProgress (2): 0.2/1.4 MB | 138/277 kBProgress (2): 0.2/1.4 MB | 139/277 kBProgress (2): 0.2/1.4 MB | 143/277 kBProgress (2): 0.2/1.4 MB | 146/277 kBProgress (2): 0.2/1.4 MB | 147/277 kBProgress (2): 0.2/1.4 MB | 152/277 kBProgress (2): 0.2/1.4 MB | 154/277 kBProgress (2): 0.2/1.4 MB | 156/277 kBProgress (2): 0.2/1.4 MB | 160/277 kBProgress (2): 0.2/1.4 MB | 162/277 kBProgress (2): 0.2/1.4 MB | 164/277 kBProgress (2): 0.2/1.4 MB | 168/277 kBProgress (2): 0.2/1.4 MB | 170/277 kBProgress (2): 0.2/1.4 MB | 172/277 kBProgress (2): 0.2/1.4 MB | 176/277 kBProgress (2): 0.2/1.4 MB | 178/277 kBProgress (2): 0.2/1.4 MB | 180/277 kBProgress (2): 0.2/1.4 MB | 184/277 kBProgress (2): 0.2/1.4 MB | 186/277 kBProgress (2): 0.2/1.4 MB | 188/277 kBProgress (2): 0.2/1.4 MB | 193/277 kBProgress (2): 0.2/1.4 MB | 194/277 kBProgress (2): 0.2/1.4 MB | 197/277 kBProgress (2): 0.2/1.4 MB | 197/277 kBProgress (2): 0.2/1.4 MB | 197/277 kBProgress (2): 0.2/1.4 MB | 201/277 kBProgress (2): 0.2/1.4 MB | 202/277 kBProgress (2): 0.2/1.4 MB | 202/277 kBProgress (2): 0.2/1.4 MB | 202/277 kBProgress (2): 0.2/1.4 MB | 202/277 kBProgress (2): 0.2/1.4 MB | 202/277 kBProgress (2): 0.2/1.4 MB | 202/277 kBProgress (2): 0.2/1.4 MB | 202/277 kBProgress (2): 0.2/1.4 MB | 202/277 kBProgress (2): 0.2/1.4 MB | 202/277 kBProgress (2): 0.2/1.4 MB | 202/277 kBProgress (2): 0.2/1.4 MB | 202/277 kBProgress (2): 0.2/1.4 MB | 202/277 kBProgress (2): 0.2/1.4 MB | 202/277 kBProgress (2): 0.2/1.4 MB | 202/277 kBProgress (2): 0.2/1.4 MB | 202/277 kBProgress (2): 0.2/1.4 MB | 202/277 kBProgress (2): 0.2/1.4 MB | 202/277 kBProgress (2): 0.2/1.4 MB | 202/277 kBProgress (2): 0.3/1.4 MB | 202/277 kBProgress (2): 0.3/1.4 MB | 202/277 kBProgress (2): 0.3/1.4 MB | 202/277 kBProgress (2): 0.3/1.4 MB | 202/277 kBProgress (2): 0.3/1.4 MB | 202/277 kBProgress (2): 0.3/1.4 MB | 202/277 kBProgress (2): 0.3/1.4 MB | 202/277 kBProgress (2): 0.3/1.4 MB | 202/277 kBProgress (2): 0.3/1.4 MB | 205/277 kBProgress (2): 0.3/1.4 MB | 205/277 kBProgress (2): 0.3/1.4 MB | 209/277 kBProgress (2): 0.3/1.4 MB | 209/277 kBProgress (2): 0.3/1.4 MB | 210/277 kBProgress (2): 0.3/1.4 MB | 210/277 kBProgress (2): 0.3/1.4 MB | 213/277 kBProgress (2): 0.3/1.4 MB | 213/277 kBProgress (2): 0.3/1.4 MB | 217/277 kBProgress (2): 0.3/1.4 MB | 217/277 kBProgress (2): 0.3/1.4 MB | 218/277 kBProgress (2): 0.3/1.4 MB | 218/277 kBProgress (2): 0.3/1.4 MB | 221/277 kBProgress (2): 0.3/1.4 MB | 221/277 kBProgress (2): 0.3/1.4 MB | 225/277 kBProgress (2): 0.3/1.4 MB | 225/277 kBProgress (2): 0.3/1.4 MB | 226/277 kBProgress (2): 0.3/1.4 MB | 226/277 kBProgress (2): 0.3/1.4 MB | 229/277 kBProgress (2): 0.3/1.4 MB | 229/277 kBProgress (2): 0.3/1.4 MB | 233/277 kBProgress (2): 0.3/1.4 MB | 233/277 kBProgress (2): 0.3/1.4 MB | 234/277 kBProgress (2): 0.3/1.4 MB | 234/277 kBProgress (2): 0.3/1.4 MB | 238/277 kBProgress (2): 0.3/1.4 MB | 242/277 kBProgress (2): 0.3/1.4 MB | 242/277 kBProgress (2): 0.3/1.4 MB | 246/277 kBProgress (2): 0.3/1.4 MB | 250/277 kBProgress (2): 0.3/1.4 MB | 250/277 kBProgress (2): 0.3/1.4 MB | 254/277 kBProgress (2): 0.3/1.4 MB | 258/277 kBProgress (2): 0.3/1.4 MB | 258/277 kBProgress (2): 0.3/1.4 MB | 262/277 kBProgress (2): 0.3/1.4 MB | 266/277 kBProgress (2): 0.3/1.4 MB | 266/277 kBProgress (2): 0.3/1.4 MB | 270/277 kBProgress (2): 0.3/1.4 MB | 274/277 kBProgress (2): 0.3/1.4 MB | 277 kB    Progress (2): 0.3/1.4 MB | 277 kBProgress (2): 0.3/1.4 MB | 277 kBProgress (2): 0.3/1.4 MB | 277 kBProgress (2): 0.3/1.4 MB | 277 kBProgress (2): 0.3/1.4 MB | 277 kBProgress (2): 0.3/1.4 MB | 277 kBProgress (2): 0.3/1.4 MB | 277 kBProgress (2): 0.3/1.4 MB | 277 kBProgress (2): 0.3/1.4 MB | 277 kBProgress (2): 0.3/1.4 MB | 277 kBProgress (2): 0.3/1.4 MB | 277 kBProgress (2): 0.3/1.4 MB | 277 kBProgress (2): 0.3/1.4 MB | 277 kBProgress (2): 0.3/1.4 MB | 277 kBProgress (2): 0.3/1.4 MB | 277 kBProgress (2): 0.3/1.4 MB | 277 kBProgress (2): 0.3/1.4 MB | 277 kBProgress (2): 0.4/1.4 MB | 277 kBProgress (2): 0.4/1.4 MB | 277 kBProgress (2): 0.4/1.4 MB | 277 kBProgress (2): 0.4/1.4 MB | 277 kBProgress (2): 0.4/1.4 MB | 277 kBProgress (2): 0.4/1.4 MB | 277 kBProgress (2): 0.4/1.4 MB | 277 kBProgress (2): 0.4/1.4 MB | 277 kBProgress (2): 0.4/1.4 MB | 277 kBProgress (2): 0.4/1.4 MB | 277 kBProgress (2): 0.4/1.4 MB | 277 kBProgress (2): 0.4/1.4 MB | 277 kBProgress (2): 0.4/1.4 MB | 277 kBProgress (2): 0.4/1.4 MB | 277 kBProgress (2): 0.4/1.4 MB | 277 kBProgress (2): 0.4/1.4 MB | 277 kBProgress (2): 0.4/1.4 MB | 277 kBProgress (2): 0.4/1.4 MB | 277 kBProgress (2): 0.4/1.4 MB | 277 kBProgress (2): 0.4/1.4 MB | 277 kBProgress (2): 0.4/1.4 MB | 277 kBProgress (2): 0.4/1.4 MB | 277 kBProgress (2): 0.4/1.4 MB | 277 kBProgress (2): 0.4/1.4 MB | 277 kBProgress (2): 0.4/1.4 MB | 277 kBProgress (2): 0.4/1.4 MB | 277 kBProgress (2): 0.4/1.4 MB | 277 kBProgress (2): 0.4/1.4 MB | 277 kBProgress (2): 0.4/1.4 MB | 277 kBProgress (2): 0.4/1.4 MB | 277 kBProgress (2): 0.4/1.4 MB | 277 kBProgress (2): 0.4/1.4 MB | 277 kBProgress (2): 0.4/1.4 MB | 277 kBProgress (2): 0.4/1.4 MB | 277 kBProgress (2): 0.4/1.4 MB | 277 kBProgress (2): 0.4/1.4 MB | 277 kBProgress (2): 0.4/1.4 MB | 277 kBProgress (2): 0.5/1.4 MB | 277 kBProgress (2): 0.5/1.4 MB | 277 kBProgress (2): 0.5/1.4 MB | 277 kBProgress (2): 0.5/1.4 MB | 277 kBProgress (2): 0.5/1.4 MB | 277 kBProgress (2): 0.5/1.4 MB | 277 kBProgress (2): 0.5/1.4 MB | 277 kBProgress (2): 0.5/1.4 MB | 277 kBProgress (2): 0.5/1.4 MB | 277 kBProgress (2): 0.5/1.4 MB | 277 kBProgress (2): 0.5/1.4 MB | 277 kBProgress (2): 0.5/1.4 MB | 277 kBProgress (2): 0.5/1.4 MB | 277 kBProgress (2): 0.5/1.4 MB | 277 kBProgress (2): 0.5/1.4 MB | 277 kBProgress (2): 0.5/1.4 MB | 277 kBProgress (2): 0.5/1.4 MB | 277 kBProgress (2): 0.5/1.4 MB | 277 kBProgress (2): 0.5/1.4 MB | 277 kBProgress (2): 0.5/1.4 MB | 277 kBProgress (2): 0.5/1.4 MB | 277 kBProgress (2): 0.5/1.4 MB | 277 kBProgress (2): 0.5/1.4 MB | 277 kBProgress (2): 0.5/1.4 MB | 277 kBProgress (2): 0.5/1.4 MB | 277 kBProgress (2): 0.5/1.4 MB | 277 kBProgress (2): 0.5/1.4 MB | 277 kBProgress (2): 0.5/1.4 MB | 277 kBProgress (2): 0.5/1.4 MB | 277 kBProgress (2): 0.5/1.4 MB | 277 kBProgress (2): 0.5/1.4 MB | 277 kBProgress (2): 0.5/1.4 MB | 277 kBProgress (2): 0.5/1.4 MB | 277 kBProgress (2): 0.5/1.4 MB | 277 kBProgress (2): 0.5/1.4 MB | 277 kBProgress (2): 0.5/1.4 MB | 277 kBProgress (2): 0.5/1.4 MB | 277 kBProgress (2): 0.6/1.4 MB | 277 kBProgress (2): 0.6/1.4 MB | 277 kBProgress (2): 0.6/1.4 MB | 277 kBProgress (2): 0.6/1.4 MB | 277 kBProgress (2): 0.6/1.4 MB | 277 kBProgress (2): 0.6/1.4 MB | 277 kBProgress (2): 0.6/1.4 MB | 277 kBProgress (2): 0.6/1.4 MB | 277 kBProgress (2): 0.6/1.4 MB | 277 kBProgress (2): 0.6/1.4 MB | 277 kBProgress (2): 0.6/1.4 MB | 277 kBProgress (2): 0.6/1.4 MB | 277 kBProgress (2): 0.6/1.4 MB | 277 kBProgress (2): 0.6/1.4 MB | 277 kBProgress (2): 0.6/1.4 MB | 277 kBProgress (2): 0.6/1.4 MB | 277 kBProgress (2): 0.6/1.4 MB | 277 kBProgress (2): 0.6/1.4 MB | 277 kBProgress (2): 0.6/1.4 MB | 277 kBProgress (2): 0.6/1.4 MB | 277 kBProgress (2): 0.6/1.4 MB | 277 kBProgress (2): 0.6/1.4 MB | 277 kBProgress (2): 0.6/1.4 MB | 277 kBProgress (2): 0.6/1.4 MB | 277 kBProgress (2): 0.6/1.4 MB | 277 kBProgress (2): 0.6/1.4 MB | 277 kBProgress (2): 0.6/1.4 MB | 277 kBProgress (2): 0.6/1.4 MB | 277 kBProgress (2): 0.6/1.4 MB | 277 kBProgress (2): 0.6/1.4 MB | 277 kBProgress (2): 0.6/1.4 MB | 277 kBProgress (2): 0.6/1.4 MB | 277 kBProgress (2): 0.6/1.4 MB | 277 kBProgress (2): 0.6/1.4 MB | 277 kBProgress (2): 0.6/1.4 MB | 277 kBProgress (2): 0.6/1.4 MB | 277 kBProgress (2): 0.7/1.4 MB | 277 kBProgress (2): 0.7/1.4 MB | 277 kBProgress (2): 0.7/1.4 MB | 277 kBProgress (2): 0.7/1.4 MB | 277 kBProgress (2): 0.7/1.4 MB | 277 kBProgress (2): 0.7/1.4 MB | 277 kBProgress (2): 0.7/1.4 MB | 277 kBProgress (2): 0.7/1.4 MB | 277 kBProgress (2): 0.7/1.4 MB | 277 kBProgress (2): 0.7/1.4 MB | 277 kBProgress (2): 0.7/1.4 MB | 277 kBProgress (2): 0.7/1.4 MB | 277 kBProgress (2): 0.7/1.4 MB | 277 kBProgress (2): 0.7/1.4 MB | 277 kBProgress (2): 0.7/1.4 MB | 277 kBProgress (2): 0.7/1.4 MB | 277 kBProgress (2): 0.7/1.4 MB | 277 kBProgress (2): 0.7/1.4 MB | 277 kBProgress (2): 0.7/1.4 MB | 277 kBProgress (2): 0.7/1.4 MB | 277 kBProgress (2): 0.7/1.4 MB | 277 kBProgress (2): 0.7/1.4 MB | 277 kBProgress (2): 0.7/1.4 MB | 277 kBProgress (2): 0.7/1.4 MB | 277 kBProgress (2): 0.7/1.4 MB | 277 kBProgress (2): 0.7/1.4 MB | 277 kBProgress (2): 0.7/1.4 MB | 277 kBProgress (2): 0.7/1.4 MB | 277 kBProgress (2): 0.7/1.4 MB | 277 kBProgress (2): 0.7/1.4 MB | 277 kBProgress (2): 0.7/1.4 MB | 277 kBProgress (2): 0.7/1.4 MB | 277 kBProgress (2): 0.7/1.4 MB | 277 kBProgress (2): 0.7/1.4 MB | 277 kBProgress (2): 0.7/1.4 MB | 277 kBProgress (2): 0.7/1.4 MB | 277 kBProgress (2): 0.7/1.4 MB | 277 kBProgress (2): 0.8/1.4 MB | 277 kBProgress (2): 0.8/1.4 MB | 277 kBProgress (2): 0.8/1.4 MB | 277 kBProgress (2): 0.8/1.4 MB | 277 kBProgress (2): 0.8/1.4 MB | 277 kBProgress (2): 0.8/1.4 MB | 277 kBProgress (2): 0.8/1.4 MB | 277 kBProgress (2): 0.8/1.4 MB | 277 kBProgress (2): 0.8/1.4 MB | 277 kBProgress (2): 0.8/1.4 MB | 277 kBProgress (2): 0.8/1.4 MB | 277 kBProgress (2): 0.8/1.4 MB | 277 kBProgress (2): 0.8/1.4 MB | 277 kBProgress (2): 0.8/1.4 MB | 277 kBProgress (2): 0.8/1.4 MB | 277 kBProgress (2): 0.8/1.4 MB | 277 kBProgress (2): 0.8/1.4 MB | 277 kBProgress (2): 0.8/1.4 MB | 277 kBProgress (2): 0.8/1.4 MB | 277 kBProgress (2): 0.8/1.4 MB | 277 kBProgress (2): 0.8/1.4 MB | 277 kBProgress (2): 0.8/1.4 MB | 277 kBProgress (2): 0.8/1.4 MB | 277 kBProgress (2): 0.8/1.4 MB | 277 kBProgress (2): 0.8/1.4 MB | 277 kBProgress (2): 0.8/1.4 MB | 277 kBProgress (2): 0.8/1.4 MB | 277 kBProgress (2): 0.8/1.4 MB | 277 kBProgress (2): 0.8/1.4 MB | 277 kBProgress (2): 0.8/1.4 MB | 277 kBProgress (2): 0.8/1.4 MB | 277 kBProgress (2): 0.8/1.4 MB | 277 kBProgress (2): 0.8/1.4 MB | 277 kBProgress (2): 0.8/1.4 MB | 277 kBProgress (2): 0.8/1.4 MB | 277 kBProgress (2): 0.8/1.4 MB | 277 kBProgress (2): 0.8/1.4 MB | 277 kBProgress (2): 0.9/1.4 MB | 277 kBProgress (2): 0.9/1.4 MB | 277 kBProgress (2): 0.9/1.4 MB | 277 kBProgress (2): 0.9/1.4 MB | 277 kBProgress (2): 0.9/1.4 MB | 277 kBProgress (2): 0.9/1.4 MB | 277 kBProgress (2): 0.9/1.4 MB | 277 kBProgress (2): 0.9/1.4 MB | 277 kBProgress (2): 0.9/1.4 MB | 277 kBProgress (2): 0.9/1.4 MB | 277 kBProgress (2): 0.9/1.4 MB | 277 kBProgress (2): 0.9/1.4 MB | 277 kBProgress (2): 0.9/1.4 MB | 277 kBProgress (2): 0.9/1.4 MB | 277 kBProgress (2): 0.9/1.4 MB | 277 kBProgress (2): 0.9/1.4 MB | 277 kBProgress (2): 0.9/1.4 MB | 277 kBProgress (2): 0.9/1.4 MB | 277 kBProgress (2): 0.9/1.4 MB | 277 kBProgress (2): 0.9/1.4 MB | 277 kBProgress (2): 0.9/1.4 MB | 277 kBProgress (2): 0.9/1.4 MB | 277 kBProgress (2): 0.9/1.4 MB | 277 kBProgress (2): 0.9/1.4 MB | 277 kBProgress (2): 0.9/1.4 MB | 277 kBProgress (2): 0.9/1.4 MB | 277 kBProgress (2): 0.9/1.4 MB | 277 kBProgress (2): 0.9/1.4 MB | 277 kBProgress (2): 0.9/1.4 MB | 277 kBProgress (2): 0.9/1.4 MB | 277 kBProgress (2): 0.9/1.4 MB | 277 kBProgress (2): 0.9/1.4 MB | 277 kBProgress (2): 0.9/1.4 MB | 277 kBProgress (2): 0.9/1.4 MB | 277 kBProgress (2): 0.9/1.4 MB | 277 kBProgress (2): 0.9/1.4 MB | 277 kBProgress (2): 1.0/1.4 MB | 277 kBProgress (2): 1.0/1.4 MB | 277 kBProgress (2): 1.0/1.4 MB | 277 kBProgress (2): 1.0/1.4 MB | 277 kBProgress (2): 1.0/1.4 MB | 277 kBProgress (2): 1.0/1.4 MB | 277 kBProgress (2): 1.0/1.4 MB | 277 kBProgress (2): 1.0/1.4 MB | 277 kBProgress (2): 1.0/1.4 MB | 277 kBProgress (2): 1.0/1.4 MB | 277 kBProgress (2): 1.0/1.4 MB | 277 kBProgress (2): 1.0/1.4 MB | 277 kBProgress (2): 1.0/1.4 MB | 277 kBProgress (2): 1.0/1.4 MB | 277 kBProgress (2): 1.0/1.4 MB | 277 kBProgress (2): 1.0/1.4 MB | 277 kBProgress (2): 1.0/1.4 MB | 277 kBProgress (2): 1.0/1.4 MB | 277 kBProgress (2): 1.0/1.4 MB | 277 kBProgress (2): 1.0/1.4 MB | 277 kBProgress (2): 1.0/1.4 MB | 277 kBProgress (2): 1.0/1.4 MB | 277 kBProgress (2): 1.0/1.4 MB | 277 kBProgress (2): 1.0/1.4 MB | 277 kBProgress (2): 1.0/1.4 MB | 277 kBProgress (2): 1.0/1.4 MB | 277 kBProgress (2): 1.0/1.4 MB | 277 kBProgress (2): 1.0/1.4 MB | 277 kBProgress (2): 1.0/1.4 MB | 277 kBProgress (2): 1.0/1.4 MB | 277 kBProgress (2): 1.0/1.4 MB | 277 kBProgress (2): 1.0/1.4 MB | 277 kBProgress (2): 1.0/1.4 MB | 277 kBProgress (2): 1.0/1.4 MB | 277 kBProgress (2): 1.0/1.4 MB | 277 kBProgress (2): 1.0/1.4 MB | 277 kBProgress (2): 1.0/1.4 MB | 277 kBProgress (2): 1.0/1.4 MB | 277 kBProgress (2): 1.1/1.4 MB | 277 kBProgress (2): 1.1/1.4 MB | 277 kBProgress (2): 1.1/1.4 MB | 277 kBProgress (2): 1.1/1.4 MB | 277 kBProgress (2): 1.1/1.4 MB | 277 kBProgress (2): 1.1/1.4 MB | 277 kBProgress (2): 1.1/1.4 MB | 277 kBProgress (2): 1.1/1.4 MB | 277 kBProgress (2): 1.1/1.4 MB | 277 kBProgress (2): 1.1/1.4 MB | 277 kBProgress (2): 1.1/1.4 MB | 277 kBProgress (2): 1.1/1.4 MB | 277 kBProgress (2): 1.1/1.4 MB | 277 kBProgress (2): 1.1/1.4 MB | 277 kBProgress (2): 1.1/1.4 MB | 277 kBProgress (2): 1.1/1.4 MB | 277 kBProgress (2): 1.1/1.4 MB | 277 kBProgress (2): 1.1/1.4 MB | 277 kBProgress (2): 1.1/1.4 MB | 277 kBProgress (2): 1.1/1.4 MB | 277 kBProgress (2): 1.1/1.4 MB | 277 kBProgress (2): 1.1/1.4 MB | 277 kBProgress (2): 1.1/1.4 MB | 277 kBProgress (2): 1.1/1.4 MB | 277 kBProgress (2): 1.1/1.4 MB | 277 kBProgress (2): 1.1/1.4 MB | 277 kBProgress (2): 1.1/1.4 MB | 277 kBProgress (2): 1.1/1.4 MB | 277 kBProgress (2): 1.1/1.4 MB | 277 kBProgress (2): 1.1/1.4 MB | 277 kBProgress (2): 1.1/1.4 MB | 277 kBProgress (2): 1.1/1.4 MB | 277 kBProgress (2): 1.1/1.4 MB | 277 kBProgress (2): 1.1/1.4 MB | 277 kBProgress (2): 1.1/1.4 MB | 277 kBProgress (2): 1.2/1.4 MB | 277 kBProgress (2): 1.2/1.4 MB | 277 kBProgress (2): 1.2/1.4 MB | 277 kBProgress (2): 1.2/1.4 MB | 277 kBProgress (2): 1.2/1.4 MB | 277 kBProgress (2): 1.2/1.4 MB | 277 kBProgress (2): 1.2/1.4 MB | 277 kBProgress (2): 1.2/1.4 MB | 277 kBProgress (2): 1.2/1.4 MB | 277 kBProgress (2): 1.2/1.4 MB | 277 kBProgress (2): 1.2/1.4 MB | 277 kBProgress (2): 1.2/1.4 MB | 277 kBProgress (2): 1.2/1.4 MB | 277 kBProgress (2): 1.2/1.4 MB | 277 kBProgress (2): 1.2/1.4 MB | 277 kBProgress (2): 1.2/1.4 MB | 277 kBProgress (2): 1.2/1.4 MB | 277 kBProgress (2): 1.2/1.4 MB | 277 kBProgress (2): 1.2/1.4 MB | 277 kBProgress (2): 1.2/1.4 MB | 277 kBProgress (2): 1.2/1.4 MB | 277 kBProgress (2): 1.2/1.4 MB | 277 kBProgress (2): 1.2/1.4 MB | 277 kBProgress (2): 1.2/1.4 MB | 277 kBProgress (2): 1.2/1.4 MB | 277 kBProgress (2): 1.2/1.4 MB | 277 kBProgress (2): 1.2/1.4 MB | 277 kBProgress (2): 1.2/1.4 MB | 277 kBProgress (2): 1.2/1.4 MB | 277 kBProgress (2): 1.2/1.4 MB | 277 kBProgress (2): 1.2/1.4 MB | 277 kBProgress (2): 1.2/1.4 MB | 277 kBProgress (2): 1.2/1.4 MB | 277 kBProgress (2): 1.2/1.4 MB | 277 kBProgress (2): 1.2/1.4 MB | 277 kBProgress (2): 1.2/1.4 MB | 277 kBProgress (2): 1.2/1.4 MB | 277 kBProgress (2): 1.2/1.4 MB | 277 kBProgress (2): 1.3/1.4 MB | 277 kBProgress (2): 1.3/1.4 MB | 277 kBProgress (2): 1.3/1.4 MB | 277 kBProgress (2): 1.3/1.4 MB | 277 kBProgress (2): 1.3/1.4 MB | 277 kBProgress (2): 1.3/1.4 MB | 277 kBProgress (2): 1.3/1.4 MB | 277 kBProgress (2): 1.3/1.4 MB | 277 kBProgress (2): 1.3/1.4 MB | 277 kBProgress (2): 1.3/1.4 MB | 277 kBProgress (2): 1.3/1.4 MB | 277 kBProgress (2): 1.3/1.4 MB | 277 kBProgress (2): 1.3/1.4 MB | 277 kBProgress (2): 1.3/1.4 MB | 277 kBProgress (2): 1.3/1.4 MB | 277 kBProgress (2): 1.3/1.4 MB | 277 kBProgress (2): 1.3/1.4 MB | 277 kBProgress (2): 1.3/1.4 MB | 277 kBProgress (2): 1.3/1.4 MB | 277 kBProgress (2): 1.3/1.4 MB | 277 kBProgress (2): 1.3/1.4 MB | 277 kBProgress (2): 1.3/1.4 MB | 277 kBProgress (2): 1.3/1.4 MB | 277 kBProgress (2): 1.3/1.4 MB | 277 kBProgress (2): 1.3/1.4 MB | 277 kBProgress (2): 1.3/1.4 MB | 277 kBProgress (2): 1.3/1.4 MB | 277 kBProgress (2): 1.3/1.4 MB | 277 kBProgress (2): 1.3/1.4 MB | 277 kBProgress (2): 1.3/1.4 MB | 277 kBProgress (2): 1.3/1.4 MB | 277 kBProgress (2): 1.3/1.4 MB | 277 kBProgress (2): 1.3/1.4 MB | 277 kBProgress (2): 1.3/1.4 MB | 277 kBProgress (2): 1.3/1.4 MB | 277 kBProgress (2): 1.3/1.4 MB | 277 kBProgress (2): 1.4/1.4 MB | 277 kBProgress (2): 1.4/1.4 MB | 277 kBProgress (2): 1.4/1.4 MB | 277 kBProgress (2): 1.4/1.4 MB | 277 kBProgress (2): 1.4/1.4 MB | 277 kBProgress (2): 1.4/1.4 MB | 277 kBProgress (2): 1.4/1.4 MB | 277 kBProgress (2): 1.4/1.4 MB | 277 kBProgress (2): 1.4/1.4 MB | 277 kBProgress (2): 1.4/1.4 MB | 277 kBProgress (2): 1.4/1.4 MB | 277 kBProgress (2): 1.4/1.4 MB | 277 kBProgress (2): 1.4/1.4 MB | 277 kBProgress (2): 1.4/1.4 MB | 277 kBProgress (2): 1.4/1.4 MB | 277 kBProgress (2): 1.4/1.4 MB | 277 kBProgress (2): 1.4/1.4 MB | 277 kBProgress (2): 1.4/1.4 MB | 277 kBProgress (2): 1.4 MB | 277 kB                                 Downloaded from apache.snapshots.https: https://repository.apache.org/content/repositories/snapshots/org/apache/hadoop/hadoop-ozone-tools/0.5.0-SNAPSHOT/hadoop-ozone-tools-0.5.0-20190715.160354-123.jar (277 kB at 315 kB/s)
Downloaded from apache.snapshots.https: https://repository.apache.org/content/repositories/snapshots/org/apache/hadoop/hadoop-hdds-server-scm/0.5.0-SNAPSHOT/hadoop-hdds-server-scm-0.5.0-20190715.155734-124.jar (1.4 MB at 1.3 MB/s)
[INFO] 
[INFO] --- maven-antrun-plugin:1.7:run (create-testdirs) @ hadoop-ozone-dist ---
[INFO] Executing tasks

main:
    [mkdir] Created dir: /workdir/hadoop-ozone/dist/target/test-dir
[INFO] Executed tasks
[INFO] 
[INFO] --- maven-remote-resources-plugin:1.5:process (default) @ hadoop-ozone-dist ---
[INFO] 
[INFO] --- maven-resources-plugin:3.1.0:copy-resources (copy-compose-files) @ hadoop-ozone-dist ---
[INFO] Using 'UTF-8' encoding to copy filtered resources.
[INFO] Copying 91 resources
[INFO] 
[INFO] --- maven-resources-plugin:3.1.0:copy-resources (copy-and-filter-dockerfile) @ hadoop-ozone-dist ---
[INFO] Using 'UTF-8' encoding to copy filtered resources.
[INFO] Copying 1 resource
[INFO] 
[INFO] --- maven-resources-plugin:3.1.0:copy-resources (copy-k8s) @ hadoop-ozone-dist ---
[INFO] Using 'UTF-8' encoding to copy filtered resources.
[INFO] Copying 127 resources
[INFO] 
[INFO] --------< org.apache.hadoop:hadoop-ozone-fault-injection-test >---------
[INFO] Building Apache Hadoop Ozone Fault Injection Tests 0.5.0-SNAPSHOT [24/26]
[INFO] --------------------------------[ pom ]---------------------------------
[INFO] 
[INFO] --- maven-antrun-plugin:1.7:run (create-testdirs) @ hadoop-ozone-fault-injection-test ---
[INFO] Executing tasks

main:
    [mkdir] Created dir: /workdir/hadoop-ozone/fault-injection-test/target/test-dir
[INFO] Executed tasks
[INFO] 
[INFO] --- maven-remote-resources-plugin:1.5:process (default) @ hadoop-ozone-fault-injection-test ---
[INFO] 
[INFO] ------------< org.apache.hadoop:hadoop-ozone-network-tests >------------
[INFO] Building Apache Hadoop Ozone Network Tests 0.5.0-SNAPSHOT        [25/26]
[INFO] --------------------------------[ jar ]---------------------------------
[INFO] 
[INFO] --- maven-antrun-plugin:1.7:run (create-testdirs) @ hadoop-ozone-network-tests ---
[INFO] Executing tasks

main:
    [mkdir] Created dir: /workdir/hadoop-ozone/fault-injection-test/network-tests/target/test-dir
[INFO] Executed tasks
[INFO] 
[INFO] --- maven-remote-resources-plugin:1.5:process (default) @ hadoop-ozone-network-tests ---
[INFO] 
[INFO] --- maven-resources-plugin:3.1.0:resources (default-resources) @ hadoop-ozone-network-tests ---
[INFO] Using 'UTF-8' encoding to copy filtered resources.
[INFO] skip non existing resourceDirectory /workdir/hadoop-ozone/fault-injection-test/network-tests/src/main/resources
[INFO] Copying 2 resources
[INFO] 
[INFO] --- maven-resources-plugin:3.1.0:copy-resources (copy-resources) @ hadoop-ozone-network-tests ---
[INFO] Using 'UTF-8' encoding to copy filtered resources.
[INFO] Copying 2 resources
[INFO] 
[INFO] --- maven-compiler-plugin:3.1:compile (default-compile) @ hadoop-ozone-network-tests ---
[INFO] No sources to compile
[INFO] 
[INFO] --- maven-resources-plugin:3.1.0:testResources (default-testResources) @ hadoop-ozone-network-tests ---
[INFO] Using 'UTF-8' encoding to copy filtered resources.
[INFO] skip non existing resourceDirectory /workdir/hadoop-ozone/fault-injection-test/network-tests/src/test/resources
[INFO] Copying 2 resources
[INFO] 
[INFO] --- maven-compiler-plugin:3.1:testCompile (default-testCompile) @ hadoop-ozone-network-tests ---
[INFO] No sources to compile
[INFO] 
[INFO] --- maven-surefire-plugin:3.0.0-M1:test (default-test) @ hadoop-ozone-network-tests ---
[INFO] 
[INFO] ----------------< org.apache.hadoop:hadoop-main-ozone >-----------------
[INFO] Building Apache Hadoop Ozone Main 0.5.0-SNAPSHOT                 [26/26]
[INFO] --------------------------------[ pom ]---------------------------------
[INFO] ------------------------------------------------------------------------
[INFO] Reactor Summary:
[INFO] 
[INFO] Apache Hadoop HDDS ................................. SUCCESS [  3.446 s]
[INFO] Apache Hadoop HDDS Config .......................... SUCCESS [  6.355 s]
[INFO] Apache Hadoop HDDS Common .......................... SUCCESS [02:21 min]
[INFO] Apache Hadoop HDDS Server Framework ................ SUCCESS [ 19.702 s]
[INFO] Apache Hadoop HDDS Container Service ............... FAILURE [  4.471 s]
[INFO] Apache Hadoop HDDS Client .......................... SUCCESS [  4.454 s]
[INFO] Apache Hadoop HDDS Tools ........................... SUCCESS [  1.385 s]
[INFO] Apache Hadoop Ozone ................................ SUCCESS [  0.482 s]
[INFO] Apache Hadoop Ozone Common ......................... SUCCESS [ 29.130 s]
[INFO] Apache Hadoop Ozone Client ......................... SUCCESS [  4.440 s]
[INFO] Apache Hadoop HDDS/Ozone Documentation ............. SUCCESS [  1.073 s]
[INFO] Apache Hadoop HDDS SCM Server ...................... FAILURE [  4.274 s]
[INFO] Apache Hadoop Ozone Manager Server ................. SUCCESS [04:47 min]
[INFO] Apache Hadoop Ozone Object Store REST Service ...... SUCCESS [  2.924 s]
[INFO] Apache Hadoop Ozone S3 Gateway ..................... SUCCESS [ 36.830 s]
[INFO] Apache Hadoop Ozone CSI service .................... SUCCESS [  8.631 s]
[INFO] Apache Hadoop Ozone Recon CodeGen .................. SUCCESS [  1.545 s]
[INFO] Apache Hadoop Ozone Recon .......................... SUCCESS [02:56 min]
[INFO] Apache Hadoop Ozone FileSystem Single Jar Library .. SUCCESS [  3.382 s]
[INFO] Apache Hadoop Ozone FileSystem Legacy Jar Library .. SUCCESS [  2.374 s]
[INFO] Apache Hadoop Ozone Datanode ....................... SUCCESS [  1.754 s]
[INFO] Apache Hadoop Ozone In-Place Upgrade ............... SUCCESS [  1.203 s]
[INFO] Apache Hadoop Ozone Distribution ................... SUCCESS [  5.909 s]
[INFO] Apache Hadoop Ozone Fault Injection Tests .......... SUCCESS [  0.087 s]
[INFO] Apache Hadoop Ozone Network Tests .................. SUCCESS [  0.042 s]
[INFO] Apache Hadoop Ozone Main 0.5.0-SNAPSHOT ............ SUCCESS [  0.000 s]
[INFO] ------------------------------------------------------------------------
[INFO] BUILD FAILURE
[INFO] ------------------------------------------------------------------------
[INFO] Total time: 12:31 min
[INFO] Finished at: 2019-08-23T10:51:37Z
[INFO] ------------------------------------------------------------------------
[ERROR] Failed to execute goal org.apache.maven.plugins:maven-compiler-plugin:3.1:compile (default-compile) on project hadoop-hdds-container-service: Compilation failure: Compilation failure: 
[ERROR] /workdir/hadoop-hdds/container-service/src/main/java/org/apache/hadoop/ozone/container/common/volume/HddsVolumeChecker.java:[206,16] method addCallback in class com.google.common.util.concurrent.Futures cannot be applied to given types;
[ERROR]   required: com.google.common.util.concurrent.ListenableFuture<V>,com.google.common.util.concurrent.FutureCallback<? super V>,java.util.concurrent.Executor
[ERROR]   found: com.google.common.util.concurrent.ListenableFuture<org.apache.hadoop.hdfs.server.datanode.checker.VolumeCheckResult>,org.apache.hadoop.ozone.container.common.volume.HddsVolumeChecker.ResultHandler
[ERROR]   reason: cannot infer type-variable(s) V
[ERROR]     (actual and formal argument lists differ in length)
[ERROR] /workdir/hadoop-hdds/container-service/src/main/java/org/apache/hadoop/ozone/container/common/volume/ThrottledAsyncChecker.java:[165,12] method addCallback in class com.google.common.util.concurrent.Futures cannot be applied to given types;
[ERROR]   required: com.google.common.util.concurrent.ListenableFuture<V>,com.google.common.util.concurrent.FutureCallback<? super V>,java.util.concurrent.Executor
[ERROR]   found: com.google.common.util.concurrent.ListenableFuture<V>,<anonymous com.google.common.util.concurrent.FutureCallback<V>>
[ERROR]   reason: cannot infer type-variable(s) V
[ERROR]     (actual and formal argument lists differ in length)
[ERROR] -> [Help 1]
[ERROR] Failed to execute goal org.apache.maven.plugins:maven-compiler-plugin:3.1:compile (default-compile) on project hadoop-hdds-server-scm: Compilation failure: Compilation failure: 
[ERROR] /workdir/hadoop-hdds/server-scm/src/main/java/org/apache/hadoop/hdds/scm/server/SCMDatanodeProtocolServer.java:[268,34] incompatible types: byte[] cannot be converted to org.apache.hadoop.hdds.protocol.proto.StorageContainerDatanodeProtocolProtos.SCMRegisteredResponseProto
[ERROR] /workdir/hadoop-hdds/server-scm/src/main/java/org/apache/hadoop/hdds/scm/node/SCMNodeManager.java:[280,9] cannot find symbol
[ERROR]   symbol:   method setDatanode(org.apache.hadoop.hdds.protocol.DatanodeDetails)
[ERROR]   location: class org.apache.hadoop.ozone.protocol.commands.RegisteredCommand.Builder
[ERROR] -> [Help 1]
[ERROR] 
[ERROR] To see the full stack trace of the errors, re-run Maven with the -e switch.
[ERROR] Re-run Maven using the -X switch to enable full debug logging.
[ERROR] 
[ERROR] For more information about the errors and possible solutions, please read the following articles:
[ERROR] [Help 1] http://cwiki.apache.org/confluence/display/MAVEN/MojoFailureException
[ERROR] 
[ERROR] After correcting the problems, you can resume the build with the command
[ERROR]   mvn <goals> -rf :hadoop-hdds-container-service
[INFO] Build failures were ignored.
+ RET=0
+ /tools/scripts/collect-junit-failed.sh /workdir /tmp/log/pr/pr-hdds-2021-rfm2m/unit
+ SRCDIR=/workdir
+ DESTDIR=/tmp/log/pr/pr-hdds-2021-rfm2m/unit
+ mkdir -p /tmp/log/pr/pr-hdds-2021-rfm2m/unit
++ find /workdir -name surefire-reports
+ for dir in $(find "$SRCDIR" -name surefire-reports)
++ grep -v output.txt
++ grep -l -r FAILURE '--include=*.txt' /workdir/hadoop-ozone/s3gateway/target/surefire-reports
+ for dir in $(find "$SRCDIR" -name surefire-reports)
++ ++ grep -l -r FAILURE '--include=*.txt' /workdir/hadoop-ozone/common/target/surefire-reportsgrep -v 
output.txt
+ for dir in $(find "$SRCDIR" -name surefire-reports)
++ grep -l -r FAILURE '--include=*.txt' /workdir/hadoop-ozone/client/target/surefire-reports
++ grep -v output.txt
+ for dir in $(find "$SRCDIR" -name surefire-reports)
++ grep -v output.txt
++ grep -l -r FAILURE '--include=*.txt' /workdir/hadoop-ozone/ozone-manager/target/surefire-reports
+ for dir in $(find "$SRCDIR" -name surefire-reports)
++ grep ++ -l -r FAILURE '--include=*.txt' /workdir/hadoop-ozone/ozone-recon/target/surefire-reports
grep -v output.txt
+ for dir in $(find "$SRCDIR" -name surefire-reports)
++ grep -l ++ -r FAILURE '--include=*.txt' /workdir/hadoop-ozone/objectstore-service/target/surefire-reports
grep -v output.txt
+ for dir in $(find "$SRCDIR" -name surefire-reports)
++ ++ grep -v output.txt
grep -l -r FAILURE '--include=*.txt' /workdir/hadoop-hdds/framework/target/surefire-reports
+ for dir in $(find "$SRCDIR" -name surefire-reports)
++ grep -v output.txt
++ grep -l -r FAILURE '--include=*.txt' /workdir/hadoop-hdds/common/target/surefire-reports
+ for dir in $(find "$SRCDIR" -name surefire-reports)
++ grep -l -r FAILURE '--include=*.txt' /workdir/hadoop-hdds/client/target/surefire-reports
++ grep -v output.txt
+ for dir in $(find "$SRCDIR" -name surefire-reports)
++ grep -l -r FAILURE '--include=*.txt' /workdir/hadoop-hdds/config/target/surefire-reports
++ grep -v output.txt
+ exit 0
