-------------------------------------------------------------------------------
Test set: org.apache.hadoop.ozone.om.TestSecureOzoneManager
-------------------------------------------------------------------------------
Tests run: 2, Failures: 0, Errors: 1, Skipped: 0, Time elapsed: 25.663 s <<< FAILURE! - in org.apache.hadoop.ozone.om.TestSecureOzoneManager
testSecureOmInitFailures(org.apache.hadoop.ozone.om.TestSecureOzoneManager)  Time elapsed: 25.013 s  <<< ERROR!
java.lang.Exception: test timed out after 25000 milliseconds
	at java.lang.Thread.sleep(Native Method)
	at org.apache.hadoop.ipc.Client$Connection.handleConnectionFailure(Client.java:943)
	at org.apache.hadoop.ipc.Client$Connection.setupConnection(Client.java:706)
	at org.apache.hadoop.ipc.Client$Connection.setupIOstreams(Client.java:794)
	at org.apache.hadoop.ipc.Client$Connection.access$3700(Client.java:411)
	at org.apache.hadoop.ipc.Client.getConnection(Client.java:1572)
	at org.apache.hadoop.ipc.Client.call(Client.java:1403)
	at org.apache.hadoop.ipc.Client.call(Client.java:1367)
	at org.apache.hadoop.ipc.ProtobufRpcEngine$Invoker.invoke(ProtobufRpcEngine.java:228)
	at org.apache.hadoop.ipc.ProtobufRpcEngine$Invoker.invoke(ProtobufRpcEngine.java:116)
	at com.sun.proxy.$Proxy30.getOMCertificate(Unknown Source)
	at org.apache.hadoop.hdds.protocolPB.SCMSecurityProtocolClientSideTranslatorPB.getOMCertChain(SCMSecurityProtocolClientSideTranslatorPB.java:115)
	at org.apache.hadoop.ozone.om.OzoneManager.getSCMSignedCert(OzoneManager.java:1535)
	at org.apache.hadoop.ozone.om.OzoneManager.initializeSecurity(OzoneManager.java:1112)
	at org.apache.hadoop.ozone.om.TestSecureOzoneManager.lambda$testSecureOmInitFailures$0(TestSecureOzoneManager.java:128)
	at org.apache.hadoop.ozone.om.TestSecureOzoneManager$$Lambda$8/654267447.call(Unknown Source)
	at org.apache.hadoop.test.LambdaTestUtils.lambda$intercept$0(LambdaTestUtils.java:527)
	at org.apache.hadoop.test.LambdaTestUtils$$Lambda$9/1681947818.call(Unknown Source)
	at org.apache.hadoop.test.LambdaTestUtils.intercept(LambdaTestUtils.java:491)
	at org.apache.hadoop.test.LambdaTestUtils.intercept(LambdaTestUtils.java:522)
	at org.apache.hadoop.ozone.om.TestSecureOzoneManager.testSecureOmInitFailures(TestSecureOzoneManager.java:126)
	at sun.reflect.NativeMethodAccessorImpl.invoke0(Native Method)
	at sun.reflect.NativeMethodAccessorImpl.invoke(NativeMethodAccessorImpl.java:62)
	at sun.reflect.DelegatingMethodAccessorImpl.invoke(DelegatingMethodAccessorImpl.java:43)
	at java.lang.reflect.Method.invoke(Method.java:498)
	at org.junit.runners.model.FrameworkMethod$1.runReflectiveCall(FrameworkMethod.java:47)
	at org.junit.internal.runners.model.ReflectiveCallable.run(ReflectiveCallable.java:12)
	at org.junit.runners.model.FrameworkMethod.invokeExplosively(FrameworkMethod.java:44)
	at org.junit.internal.runners.statements.InvokeMethod.evaluate(InvokeMethod.java:17)
	at org.junit.internal.runners.statements.RunBefores.evaluate(RunBefores.java:26)
	at org.junit.internal.runners.statements.RunAfters.evaluate(RunAfters.java:27)
	at org.junit.internal.runners.statements.FailOnTimeout$StatementThread.run(FailOnTimeout.java:74)

