# JRE version: OpenJDK Runtime Environment (8.0_212-b04) (build 1.8.0_212-b04)
# Java VM: OpenJDK 64-Bit Server VM (25.212-b04 mixed mode linux-amd64 compressed oops)
Heap:
 PSYoungGen      total 580608K, used 433035K [0x00000000d5580000, 0x0000000100000000, 0x0000000100000000)
  eden space 549376K, 78% used [0x00000000d5580000,0x00000000efc62c10,0x00000000f6e00000)
  from space 31232K, 0% used [0x00000000f8d00000,0x00000000f8d00000,0x00000000fab80000)
  to   space 31744K, 0% used [0x00000000f6e00000,0x00000000f6e00000,0x00000000f8d00000)
 ParOldGen       total 1398272K, used 547822K [0x0000000080000000, 0x00000000d5580000, 0x00000000d5580000)
  object space 1398272K, 39% used [0x0000000080000000,0x00000000a16fbb70,0x00000000d5580000)
 Metaspace       used 65185K, capacity 67593K, committed 67840K, reserved 1110016K
  class space    used 7421K, capacity 7847K, committed 7936K, reserved 1048576K
GC Heap History (10 events):
Event: 12.304 GC heap before
{Heap before GC invocations=6 (full 2):
 PSYoungGen      total 611840K, used 307887K [0x00000000d5580000, 0x0000000100000000, 0x0000000100000000)
  eden space 524800K, 55% used [0x00000000d5580000,0x00000000e71adda0,0x00000000f5600000)
  from space 87040K, 19% used [0x00000000f5600000,0x00000000f667e1e8,0x00000000fab00000)
  to   space 87040K, 0% used [0x00000000fab00000,0x00000000fab00000,0x0000000100000000)
 ParOldGen       total 1398272K, used 23934K [0x0000000080000000, 0x00000000d5580000, 0x00000000d5580000)
  object space 1398272K, 1% used [0x0000000080000000,0x000000008175f850,0x00000000d5580000)
 Metaspace       used 57528K, capacity 58945K, committed 59028K, reserved 1101824K
  class space    used 6637K, capacity 6912K, committed 6912K, reserved 1048576K
Event: 12.373 GC heap after
Heap after GC invocations=6 (full 2):
 PSYoungGen      total 611840K, used 30324K [0x00000000d5580000, 0x0000000100000000, 0x0000000100000000)
  eden space 524800K, 0% used [0x00000000d5580000,0x00000000d5580000,0x00000000f5600000)
  from space 87040K, 34% used [0x00000000fab00000,0x00000000fc89d010,0x0000000100000000)
  to   space 87040K, 0% used [0x00000000f5600000,0x00000000f5600000,0x00000000fab00000)
 ParOldGen       total 1398272K, used 23942K [0x0000000080000000, 0x00000000d5580000, 0x00000000d5580000)
  object space 1398272K, 1% used [0x0000000080000000,0x0000000081761850,0x00000000d5580000)
 Metaspace       used 57528K, capacity 58945K, committed 59028K, reserved 1101824K
  class space    used 6637K, capacity 6912K, committed 6912K, reserved 1048576K
}
Event: 12.373 GC heap before
{Heap before GC invocations=7 (full 3):
 PSYoungGen      total 611840K, used 30324K [0x00000000d5580000, 0x0000000100000000, 0x0000000100000000)
  eden space 524800K, 0% used [0x00000000d5580000,0x00000000d5580000,0x00000000f5600000)
  from space 87040K, 34% used [0x00000000fab00000,0x00000000fc89d010,0x0000000100000000)
  to   space 87040K, 0% used [0x00000000f5600000,0x00000000f5600000,0x00000000fab00000)
 ParOldGen       total 1398272K, used 23942K [0x0000000080000000, 0x00000000d5580000, 0x00000000d5580000)
  object space 1398272K, 1% used [0x0000000080000000,0x0000000081761850,0x00000000d5580000)
 Metaspace       used 57528K, capacity 58945K, committed 59028K, reserved 1101824K
  class space    used 6637K, capacity 6912K, committed 6912K, reserved 1048576K
Event: 12.670 GC heap after
Heap after GC invocations=7 (full 3):
 PSYoungGen      total 611840K, used 0K [0x00000000d5580000, 0x0000000100000000, 0x0000000100000000)
  eden space 524800K, 0% used [0x00000000d5580000,0x00000000d5580000,0x00000000f5600000)
  from space 87040K, 0% used [0x00000000fab00000,0x00000000fab00000,0x0000000100000000)
  to   space 87040K, 0% used [0x00000000f5600000,0x00000000f5600000,0x00000000fab00000)
 ParOldGen       total 1398272K, used 41560K [0x0000000080000000, 0x00000000d5580000, 0x00000000d5580000)
  object space 1398272K, 2% used [0x0000000080000000,0x0000000082896270,0x00000000d5580000)
 Metaspace       used 57509K, capacity 58897K, committed 59028K, reserved 1101824K
  class space    used 6630K, capacity 6900K, committed 6912K, reserved 1048576K
}
Event: 19.092 GC heap before
{Heap before GC invocations=8 (full 3):
 PSYoungGen      total 611840K, used 351952K [0x00000000d5580000, 0x0000000100000000, 0x0000000100000000)
  eden space 524800K, 67% used [0x00000000d5580000,0x00000000ead34330,0x00000000f5600000)
  from space 87040K, 0% used [0x00000000fab00000,0x00000000fab00000,0x0000000100000000)
  to   space 87040K, 0% used [0x00000000f5600000,0x00000000f5600000,0x00000000fab00000)
 ParOldGen       total 1398272K, used 41560K [0x0000000080000000, 0x00000000d5580000, 0x00000000d5580000)
  object space 1398272K, 2% used [0x0000000080000000,0x0000000082896270,0x00000000d5580000)
 Metaspace       used 60015K, capacity 62241K, committed 62464K, reserved 1103872K
  class space    used 6995K, capacity 7389K, committed 7424K, reserved 1048576K
Event: 19.330 GC heap after
Heap after GC invocations=8 (full 3):
 PSYoungGen      total 534528K, used 9271K [0x00000000d5580000, 0x00000000fab80000, 0x0000000100000000)
  eden space 524800K, 0% used [0x00000000d5580000,0x00000000d5580000,0x00000000f5600000)
  from space 9728K, 95% used [0x00000000f5600000,0x00000000f5f0dea0,0x00000000f5f80000)
  to   space 31232K, 0% used [0x00000000f8d00000,0x00000000f8d00000,0x00000000fab80000)
 ParOldGen       total 1398272K, used 451168K [0x0000000080000000, 0x00000000d5580000, 0x00000000d5580000)
  object space 1398272K, 32% used [0x0000000080000000,0x000000009b898290,0x00000000d5580000)
 Metaspace       used 60015K, capacity 62241K, committed 62464K, reserved 1103872K
  class space    used 6995K, capacity 7389K, committed 7424K, reserved 1048576K
}
Event: 19.588 GC heap before
{Heap before GC invocations=9 (full 3):
 PSYoungGen      total 534528K, used 534071K [0x00000000d5580000, 0x00000000fab80000, 0x0000000100000000)
  eden space 524800K, 100% used [0x00000000d5580000,0x00000000f5600000,0x00000000f5600000)
  from space 9728K, 95% used [0x00000000f5600000,0x00000000f5f0dea0,0x00000000f5f80000)
  to   space 31232K, 0% used [0x00000000f8d00000,0x00000000f8d00000,0x00000000fab80000)
 ParOldGen       total 1398272K, used 451168K [0x0000000080000000, 0x00000000d5580000, 0x00000000d5580000)
  object space 1398272K, 32% used [0x0000000080000000,0x000000009b898290,0x00000000d5580000)
 Metaspace       used 60015K, capacity 62241K, committed 62464K, reserved 1103872K
  class space    used 6995K, capacity 7389K, committed 7424K, reserved 1048576K
Event: 20.091 GC heap after
Heap after GC invocations=9 (full 3):
 PSYoungGen      total 580608K, used 7956K [0x00000000d5580000, 0x0000000100000000, 0x0000000100000000)
  eden space 549376K, 0% used [0x00000000d5580000,0x00000000d5580000,0x00000000f6e00000)
  from space 31232K, 25% used [0x00000000f8d00000,0x00000000f94c52f8,0x00000000fab80000)
  to   space 31744K, 0% used [0x00000000f6e00000,0x00000000f6e00000,0x00000000f8d00000)
 ParOldGen       total 1398272K, used 963176K [0x0000000080000000, 0x00000000d5580000, 0x00000000d5580000)
  object space 1398272K, 68% used [0x0000000080000000,0x00000000bac9a2b0,0x00000000d5580000)
 Metaspace       used 60015K, capacity 62241K, committed 62464K, reserved 1103872K
  class space    used 6995K, capacity 7389K, committed 7424K, reserved 1048576K
}
Event: 20.091 GC heap before
{Heap before GC invocations=10 (full 4):
 PSYoungGen      total 580608K, used 7956K [0x00000000d5580000, 0x0000000100000000, 0x0000000100000000)
  eden space 549376K, 0% used [0x00000000d5580000,0x00000000d5580000,0x00000000f6e00000)
  from space 31232K, 25% used [0x00000000f8d00000,0x00000000f94c52f8,0x00000000fab80000)
  to   space 31744K, 0% used [0x00000000f6e00000,0x00000000f6e00000,0x00000000f8d00000)
 ParOldGen       total 1398272K, used 963176K [0x0000000080000000, 0x00000000d5580000, 0x00000000d5580000)
  object space 1398272K, 68% used [0x0000000080000000,0x00000000bac9a2b0,0x00000000d5580000)
 Metaspace       used 60015K, capacity 62241K, committed 62464K, reserved 1103872K
  class space    used 6995K, capacity 7389K, committed 7424K, reserved 1048576K
Event: 20.363 GC heap after
Heap after GC invocations=10 (full 4):
 PSYoungGen      total 580608K, used 0K [0x00000000d5580000, 0x0000000100000000, 0x0000000100000000)
  eden space 549376K, 0% used [0x00000000d5580000,0x00000000d5580000,0x00000000f6e00000)
  from space 31232K, 0% used [0x00000000f8d00000,0x00000000f8d00000,0x00000000fab80000)
  to   space 31744K, 0% used [0x00000000f6e00000,0x00000000f6e00000,0x00000000f8d00000)
 ParOldGen       total 1398272K, used 547822K [0x0000000080000000, 0x00000000d5580000, 0x00000000d5580000)
  object space 1398272K, 39% used [0x0000000080000000,0x00000000a16fbb70,0x00000000d5580000)
 Metaspace       used 59748K, capacity 61523K, committed 62464K, reserved 1103872K
  class space    used 6903K, capacity 7222K, committed 7424K, reserved 1048576K
}

