# JRE version: OpenJDK Runtime Environment (8.0_212-b04) (build 1.8.0_212-b04)
# Java VM: OpenJDK 64-Bit Server VM (25.212-b04 mixed mode linux-amd64 compressed oops)
Heap:
 PSYoungGen      total 611840K, used 249983K [0x00000000d5580000, 0x0000000100000000, 0x0000000100000000)
  eden space 524800K, 47% used [0x00000000d5580000,0x00000000e499fd50,0x00000000f5600000)
  from space 87040K, 0% used [0x00000000fab00000,0x00000000fab00000,0x0000000100000000)
  to   space 87040K, 0% used [0x00000000f5600000,0x00000000f5600000,0x00000000fab00000)
 ParOldGen       total 1398272K, used 29568K [0x0000000080000000, 0x00000000d5580000, 0x00000000d5580000)
  object space 1398272K, 2% used [0x0000000080000000,0x0000000081ce01f0,0x00000000d5580000)
 Metaspace       used 64292K, capacity 66824K, committed 67072K, reserved 1107968K
  class space    used 7453K, capacity 7922K, committed 7936K, reserved 1048576K
GC Heap History (10 events):
Event: 4.565 GC heap before
{Heap before GC invocations=3 (full 1):
 PSYoungGen      total 611840K, used 480269K [0x00000000d5580000, 0x0000000100000000, 0x0000000100000000)
  eden space 524800K, 91% used [0x00000000d5580000,0x00000000f2a83418,0x00000000f5600000)
  from space 87040K, 0% used [0x00000000f5600000,0x00000000f5600000,0x00000000fab00000)
  to   space 87040K, 0% used [0x00000000fab00000,0x00000000fab00000,0x0000000100000000)
 ParOldGen       total 892416K, used 14243K [0x0000000080000000, 0x00000000b6780000, 0x00000000d5580000)
  object space 892416K, 1% used [0x0000000080000000,0x0000000080de8d30,0x00000000b6780000)
 Metaspace       used 34776K, capacity 35092K, committed 35416K, reserved 1081344K
  class space    used 3965K, capacity 4060K, committed 4096K, reserved 1048576K
Event: 4.604 GC heap after
Heap after GC invocations=3 (full 1):
 PSYoungGen      total 611840K, used 19311K [0x00000000d5580000, 0x0000000100000000, 0x0000000100000000)
  eden space 524800K, 0% used [0x00000000d5580000,0x00000000d5580000,0x00000000f5600000)
  from space 87040K, 22% used [0x00000000fab00000,0x00000000fbddbf68,0x0000000100000000)
  to   space 87040K, 0% used [0x00000000f5600000,0x00000000f5600000,0x00000000fab00000)
 ParOldGen       total 892416K, used 14251K [0x0000000080000000, 0x00000000b6780000, 0x00000000d5580000)
  object space 892416K, 1% used [0x0000000080000000,0x0000000080dead30,0x00000000b6780000)
 Metaspace       used 34776K, capacity 35092K, committed 35416K, reserved 1081344K
  class space    used 3965K, capacity 4060K, committed 4096K, reserved 1048576K
}
Event: 4.604 GC heap before
{Heap before GC invocations=4 (full 2):
 PSYoungGen      total 611840K, used 19311K [0x00000000d5580000, 0x0000000100000000, 0x0000000100000000)
  eden space 524800K, 0% used [0x00000000d5580000,0x00000000d5580000,0x00000000f5600000)
  from space 87040K, 22% used [0x00000000fab00000,0x00000000fbddbf68,0x0000000100000000)
  to   space 87040K, 0% used [0x00000000f5600000,0x00000000f5600000,0x00000000fab00000)
 ParOldGen       total 892416K, used 14251K [0x0000000080000000, 0x00000000b6780000, 0x00000000d5580000)
  object space 892416K, 1% used [0x0000000080000000,0x0000000080dead30,0x00000000b6780000)
 Metaspace       used 34776K, capacity 35092K, committed 35416K, reserved 1081344K
  class space    used 3965K, capacity 4060K, committed 4096K, reserved 1048576K
Event: 4.730 GC heap after
Heap after GC invocations=4 (full 2):
 PSYoungGen      total 611840K, used 0K [0x00000000d5580000, 0x0000000100000000, 0x0000000100000000)
  eden space 524800K, 0% used [0x00000000d5580000,0x00000000d5580000,0x00000000f5600000)
  from space 87040K, 0% used [0x00000000fab00000,0x00000000fab00000,0x0000000100000000)
  to   space 87040K, 0% used [0x00000000f5600000,0x00000000f5600000,0x00000000fab00000)
 ParOldGen       total 1398272K, used 23902K [0x0000000080000000, 0x00000000d5580000, 0x00000000d5580000)
  object space 1398272K, 1% used [0x0000000080000000,0x0000000081757ab0,0x00000000d5580000)
 Metaspace       used 34776K, capacity 35092K, committed 35416K, reserved 1081344K
  class space    used 3965K, capacity 4060K, committed 4096K, reserved 1048576K
}
Event: 11.219 GC heap before
{Heap before GC invocations=5 (full 2):
 PSYoungGen      total 611840K, used 524800K [0x00000000d5580000, 0x0000000100000000, 0x0000000100000000)
  eden space 524800K, 100% used [0x00000000d5580000,0x00000000f5600000,0x00000000f5600000)
  from space 87040K, 0% used [0x00000000fab00000,0x00000000fab00000,0x0000000100000000)
  to   space 87040K, 0% used [0x00000000f5600000,0x00000000f5600000,0x00000000fab00000)
 ParOldGen       total 1398272K, used 23902K [0x0000000080000000, 0x00000000d5580000, 0x00000000d5580000)
  object space 1398272K, 1% used [0x0000000080000000,0x0000000081757ab0,0x00000000d5580000)
 Metaspace       used 51669K, capacity 52944K, committed 53248K, reserved 1095680K
  class space    used 6074K, capacity 6316K, committed 6400K, reserved 1048576K
Event: 11.265 GC heap after
Heap after GC invocations=5 (full 2):
 PSYoungGen      total 611840K, used 25205K [0x00000000d5580000, 0x0000000100000000, 0x0000000100000000)
  eden space 524800K, 0% used [0x00000000d5580000,0x00000000d5580000,0x00000000f5600000)
  from space 87040K, 28% used [0x00000000f5600000,0x00000000f6e9d488,0x00000000fab00000)
  to   space 87040K, 0% used [0x00000000fab00000,0x00000000fab00000,0x0000000100000000)
 ParOldGen       total 1398272K, used 23910K [0x0000000080000000, 0x00000000d5580000, 0x00000000d5580000)
  object space 1398272K, 1% used [0x0000000080000000,0x0000000081759ab0,0x00000000d5580000)
 Metaspace       used 51669K, capacity 52944K, committed 53248K, reserved 1095680K
  class space    used 6074K, capacity 6316K, committed 6400K, reserved 1048576K
}
Event: 12.009 GC heap before
{Heap before GC invocations=6 (full 2):
 PSYoungGen      total 611840K, used 195305K [0x00000000d5580000, 0x0000000100000000, 0x0000000100000000)
  eden space 524800K, 32% used [0x00000000d5580000,0x00000000dfb9d018,0x00000000f5600000)
  from space 87040K, 28% used [0x00000000f5600000,0x00000000f6e9d488,0x00000000fab00000)
  to   space 87040K, 0% used [0x00000000fab00000,0x00000000fab00000,0x0000000100000000)
 ParOldGen       total 1398272K, used 23910K [0x0000000080000000, 0x00000000d5580000, 0x00000000d5580000)
  object space 1398272K, 1% used [0x0000000080000000,0x0000000081759ab0,0x00000000d5580000)
 Metaspace       used 57489K, capacity 58874K, committed 59008K, reserved 1101824K
  class space    used 6669K, capacity 6961K, committed 7040K, reserved 1048576K
Event: 12.029 GC heap after
Heap after GC invocations=6 (full 2):
 PSYoungGen      total 611840K, used 17774K [0x00000000d5580000, 0x0000000100000000, 0x0000000100000000)
  eden space 524800K, 0% used [0x00000000d5580000,0x00000000d5580000,0x00000000f5600000)
  from space 87040K, 20% used [0x00000000fab00000,0x00000000fbc5bbc8,0x0000000100000000)
  to   space 87040K, 0% used [0x00000000f5600000,0x00000000f5600000,0x00000000fab00000)
 ParOldGen       total 1398272K, used 23918K [0x0000000080000000, 0x00000000d5580000, 0x00000000d5580000)
  object space 1398272K, 1% used [0x0000000080000000,0x000000008175bab0,0x00000000d5580000)
 Metaspace       used 57489K, capacity 58874K, committed 59008K, reserved 1101824K
  class space    used 6669K, capacity 6961K, committed 7040K, reserved 1048576K
}
Event: 12.029 GC heap before
{Heap before GC invocations=7 (full 3):
 PSYoungGen      total 611840K, used 17774K [0x00000000d5580000, 0x0000000100000000, 0x0000000100000000)
  eden space 524800K, 0% used [0x00000000d5580000,0x00000000d5580000,0x00000000f5600000)
  from space 87040K, 20% used [0x00000000fab00000,0x00000000fbc5bbc8,0x0000000100000000)
  to   space 87040K, 0% used [0x00000000f5600000,0x00000000f5600000,0x00000000fab00000)
 ParOldGen       total 1398272K, used 23918K [0x0000000080000000, 0x00000000d5580000, 0x00000000d5580000)
  object space 1398272K, 1% used [0x0000000080000000,0x000000008175bab0,0x00000000d5580000)
 Metaspace       used 57489K, capacity 58874K, committed 59008K, reserved 1101824K
  class space    used 6669K, capacity 6961K, committed 7040K, reserved 1048576K
Event: 12.284 GC heap after
Heap after GC invocations=7 (full 3):
 PSYoungGen      total 611840K, used 0K [0x00000000d5580000, 0x0000000100000000, 0x0000000100000000)
  eden space 524800K, 0% used [0x00000000d5580000,0x00000000d5580000,0x00000000f5600000)
  from space 87040K, 0% used [0x00000000fab00000,0x00000000fab00000,0x0000000100000000)
  to   space 87040K, 0% used [0x00000000f5600000,0x00000000f5600000,0x00000000fab00000)
 ParOldGen       total 1398272K, used 29568K [0x0000000080000000, 0x00000000d5580000, 0x00000000d5580000)
  object space 1398272K, 2% used [0x0000000080000000,0x0000000081ce01f0,0x00000000d5580000)
 Metaspace       used 57466K, capacity 58820K, committed 59008K, reserved 1101824K
  class space    used 6661K, capacity 6946K, committed 7040K, reserved 1048576K
}

