# JRE version: OpenJDK Runtime Environment (8.0_212-b04) (build 1.8.0_212-b04)
# Java VM: OpenJDK 64-Bit Server VM (25.212-b04 mixed mode linux-amd64 compressed oops)
Heap:
 PSYoungGen      total 414208K, used 305427K [0x00000000d5580000, 0x0000000100000000, 0x0000000100000000)
  eden space 383488K, 71% used [0x00000000d5580000,0x00000000e61cb1e0,0x00000000ecc00000)
  from space 30720K, 99% used [0x00000000f8d80000,0x00000000fab79b98,0x00000000fab80000)
  to   space 157696K, 0% used [0x00000000ecc00000,0x00000000ecc00000,0x00000000f6600000)
 ParOldGen       total 1398272K, used 974181K [0x0000000080000000, 0x00000000d5580000, 0x00000000d5580000)
  object space 1398272K, 69% used [0x0000000080000000,0x00000000bb759778,0x00000000d5580000)
 Metaspace       used 65688K, capacity 68496K, committed 68736K, reserved 1110016K
  class space    used 7473K, capacity 7976K, committed 8064K, reserved 1048576K
GC Heap History (10 events):
Event: 8.745 GC heap before
{Heap before GC invocations=5 (full 2):
 PSYoungGen      total 611840K, used 524800K [0x00000000d5580000, 0x0000000100000000, 0x0000000100000000)
  eden space 524800K, 100% used [0x00000000d5580000,0x00000000f5600000,0x00000000f5600000)
  from space 87040K, 0% used [0x00000000fab00000,0x00000000fab00000,0x0000000100000000)
  to   space 87040K, 0% used [0x00000000f5600000,0x00000000f5600000,0x00000000fab00000)
 ParOldGen       total 1398272K, used 23929K [0x0000000080000000, 0x00000000d5580000, 0x00000000d5580000)
  object space 1398272K, 1% used [0x0000000080000000,0x000000008175e430,0x00000000d5580000)
 Metaspace       used 44514K, capacity 45366K, committed 45568K, reserved 1089536K
  class space    used 5157K, capacity 5369K, committed 5376K, reserved 1048576K
Event: 8.795 GC heap after
Heap after GC invocations=5 (full 2):
 PSYoungGen      total 611840K, used 16952K [0x00000000d5580000, 0x0000000100000000, 0x0000000100000000)
  eden space 524800K, 0% used [0x00000000d5580000,0x00000000d5580000,0x00000000f5600000)
  from space 87040K, 19% used [0x00000000f5600000,0x00000000f668e280,0x00000000fab00000)
  to   space 87040K, 0% used [0x00000000fab00000,0x00000000fab00000,0x0000000100000000)
 ParOldGen       total 1398272K, used 23937K [0x0000000080000000, 0x00000000d5580000, 0x00000000d5580000)
  object space 1398272K, 1% used [0x0000000080000000,0x0000000081760430,0x00000000d5580000)
 Metaspace       used 44514K, capacity 45366K, committed 45568K, reserved 1089536K
  class space    used 5157K, capacity 5369K, committed 5376K, reserved 1048576K
}
Event: 12.532 GC heap before
{Heap before GC invocations=6 (full 2):
 PSYoungGen      total 611840K, used 302325K [0x00000000d5580000, 0x0000000100000000, 0x0000000100000000)
  eden space 524800K, 54% used [0x00000000d5580000,0x00000000e6c2f408,0x00000000f5600000)
  from space 87040K, 19% used [0x00000000f5600000,0x00000000f668e280,0x00000000fab00000)
  to   space 87040K, 0% used [0x00000000fab00000,0x00000000fab00000,0x0000000100000000)
 ParOldGen       total 1398272K, used 23937K [0x0000000080000000, 0x00000000d5580000, 0x00000000d5580000)
  object space 1398272K, 1% used [0x0000000080000000,0x0000000081760430,0x00000000d5580000)
 Metaspace       used 57408K, capacity 58728K, committed 59028K, reserved 1101824K
  class space    used 6624K, capacity 6884K, committed 6912K, reserved 1048576K
Event: 12.589 GC heap after
Heap after GC invocations=6 (full 2):
 PSYoungGen      total 611840K, used 29653K [0x00000000d5580000, 0x0000000100000000, 0x0000000100000000)
  eden space 524800K, 0% used [0x00000000d5580000,0x00000000d5580000,0x00000000f5600000)
  from space 87040K, 34% used [0x00000000fab00000,0x00000000fc7f5708,0x0000000100000000)
  to   space 87040K, 0% used [0x00000000f5600000,0x00000000f5600000,0x00000000fab00000)
 ParOldGen       total 1398272K, used 23945K [0x0000000080000000, 0x00000000d5580000, 0x00000000d5580000)
  object space 1398272K, 1% used [0x0000000080000000,0x0000000081762430,0x00000000d5580000)
 Metaspace       used 57408K, capacity 58728K, committed 59028K, reserved 1101824K
  class space    used 6624K, capacity 6884K, committed 6912K, reserved 1048576K
}
Event: 12.589 GC heap before
{Heap before GC invocations=7 (full 3):
 PSYoungGen      total 611840K, used 29653K [0x00000000d5580000, 0x0000000100000000, 0x0000000100000000)
  eden space 524800K, 0% used [0x00000000d5580000,0x00000000d5580000,0x00000000f5600000)
  from space 87040K, 34% used [0x00000000fab00000,0x00000000fc7f5708,0x0000000100000000)
  to   space 87040K, 0% used [0x00000000f5600000,0x00000000f5600000,0x00000000fab00000)
 ParOldGen       total 1398272K, used 23945K [0x0000000080000000, 0x00000000d5580000, 0x00000000d5580000)
  object space 1398272K, 1% used [0x0000000080000000,0x0000000081762430,0x00000000d5580000)
 Metaspace       used 57408K, capacity 58728K, committed 59028K, reserved 1101824K
  class space    used 6624K, capacity 6884K, committed 6912K, reserved 1048576K
Event: 12.842 GC heap after
Heap after GC invocations=7 (full 3):
 PSYoungGen      total 611840K, used 0K [0x00000000d5580000, 0x0000000100000000, 0x0000000100000000)
  eden space 524800K, 0% used [0x00000000d5580000,0x00000000d5580000,0x00000000f5600000)
  from space 87040K, 0% used [0x00000000fab00000,0x00000000fab00000,0x0000000100000000)
  to   space 87040K, 0% used [0x00000000f5600000,0x00000000f5600000,0x00000000fab00000)
 ParOldGen       total 1398272K, used 40947K [0x0000000080000000, 0x00000000d5580000, 0x00000000d5580000)
  object space 1398272K, 2% used [0x0000000080000000,0x00000000827fccb0,0x00000000d5580000)
 Metaspace       used 57378K, capacity 58656K, committed 59028K, reserved 1101824K
  class space    used 6613K, capacity 6866K, committed 6912K, reserved 1048576K
}
Event: 19.013 GC heap before
{Heap before GC invocations=8 (full 3):
 PSYoungGen      total 611840K, used 348655K [0x00000000d5580000, 0x0000000100000000, 0x0000000100000000)
  eden space 524800K, 66% used [0x00000000d5580000,0x00000000ea9fbdb0,0x00000000f5600000)
  from space 87040K, 0% used [0x00000000fab00000,0x00000000fab00000,0x0000000100000000)
  to   space 87040K, 0% used [0x00000000f5600000,0x00000000f5600000,0x00000000fab00000)
 ParOldGen       total 1398272K, used 40947K [0x0000000080000000, 0x00000000d5580000, 0x00000000d5580000)
  object space 1398272K, 2% used [0x0000000080000000,0x00000000827fccb0,0x00000000d5580000)
 Metaspace       used 59976K, capacity 62150K, committed 62208K, reserved 1103872K
  class space    used 6984K, capacity 7369K, committed 7424K, reserved 1048576K
Event: 19.250 GC heap after
Heap after GC invocations=8 (full 3):
 PSYoungGen      total 534016K, used 9203K [0x00000000d5580000, 0x00000000fab80000, 0x0000000100000000)
  eden space 524800K, 0% used [0x00000000d5580000,0x00000000d5580000,0x00000000f5600000)
  from space 9216K, 99% used [0x00000000f5600000,0x00000000f5efcea0,0x00000000f5f00000)
  to   space 30720K, 0% used [0x00000000f8d80000,0x00000000f8d80000,0x00000000fab80000)
 ParOldGen       total 1398272K, used 450555K [0x0000000080000000, 0x00000000d5580000, 0x00000000d5580000)
  object space 1398272K, 32% used [0x0000000080000000,0x000000009b7fecd0,0x00000000d5580000)
 Metaspace       used 59976K, capacity 62150K, committed 62208K, reserved 1103872K
  class space    used 6984K, capacity 7369K, committed 7424K, reserved 1048576K
}
Event: 24.014 GC heap before
{Heap before GC invocations=9 (full 3):
 PSYoungGen      total 534016K, used 534003K [0x00000000d5580000, 0x00000000fab80000, 0x0000000100000000)
  eden space 524800K, 100% used [0x00000000d5580000,0x00000000f5600000,0x00000000f5600000)
  from space 9216K, 99% used [0x00000000f5600000,0x00000000f5efcea0,0x00000000f5f00000)
  to   space 30720K, 0% used [0x00000000f8d80000,0x00000000f8d80000,0x00000000fab80000)
 ParOldGen       total 1398272K, used 757755K [0x0000000080000000, 0x00000000d5580000, 0x00000000d5580000)
  object space 1398272K, 54% used [0x0000000080000000,0x00000000ae3fece0,0x00000000d5580000)
 Metaspace       used 64835K, capacity 67608K, committed 67712K, reserved 1110016K
  class space    used 7465K, capacity 7964K, committed 8064K, reserved 1048576K
Event: 24.149 GC heap after
Heap after GC invocations=9 (full 3):
 PSYoungGen      total 414208K, used 30694K [0x00000000d5580000, 0x0000000100000000, 0x0000000100000000)
  eden space 383488K, 0% used [0x00000000d5580000,0x00000000d5580000,0x00000000ecc00000)
  from space 30720K, 99% used [0x00000000f8d80000,0x00000000fab79b98,0x00000000fab80000)
  to   space 157696K, 0% used [0x00000000ecc00000,0x00000000ecc00000,0x00000000f6600000)
 ParOldGen       total 1398272K, used 974181K [0x0000000080000000, 0x00000000d5580000, 0x00000000d5580000)
  object space 1398272K, 69% used [0x0000000080000000,0x00000000bb759778,0x00000000d5580000)
 Metaspace       used 64835K, capacity 67608K, committed 67712K, reserved 1110016K
  class space    used 7465K, capacity 7964K, committed 8064K, reserved 1048576K
}

