# JRE version: OpenJDK Runtime Environment (8.0_212-b04) (build 1.8.0_212-b04)
# Java VM: OpenJDK 64-Bit Server VM (25.212-b04 mixed mode linux-amd64 compressed oops)
Heap:
 PSYoungGen      total 570880K, used 275804K [0x00000000d5580000, 0x0000000100000000, 0x0000000100000000)
  eden space 483840K, 41% used [0x00000000d5580000,0x00000000e174ac00,0x00000000f2e00000)
  from space 87040K, 88% used [0x00000000fab00000,0x00000000ff68c648,0x0000000100000000)
  to   space 107520K, 0% used [0x00000000f2e00000,0x00000000f2e00000,0x00000000f9700000)
 ParOldGen       total 660480K, used 51767K [0x0000000080000000, 0x00000000a8500000, 0x00000000d5580000)
  object space 660480K, 7% used [0x0000000080000000,0x000000008328dd38,0x00000000a8500000)
 Metaspace       used 67431K, capacity 70214K, committed 70272K, reserved 1112064K
  class space    used 7523K, capacity 8015K, committed 8064K, reserved 1048576K
GC Heap History (10 events):
Event: 99.372 GC heap before
{Heap before GC invocations=5 (full 2):
 PSYoungGen      total 611840K, used 524800K [0x00000000d5580000, 0x0000000100000000, 0x0000000100000000)
  eden space 524800K, 100% used [0x00000000d5580000,0x00000000f5600000,0x00000000f5600000)
  from space 87040K, 0% used [0x00000000fab00000,0x00000000fab00000,0x0000000100000000)
  to   space 87040K, 0% used [0x00000000f5600000,0x00000000f5600000,0x00000000fab00000)
 ParOldGen       total 548864K, used 23551K [0x0000000080000000, 0x00000000a1800000, 0x00000000d5580000)
  object space 548864K, 4% used [0x0000000080000000,0x00000000816ffe50,0x00000000a1800000)
 Metaspace       used 56424K, capacity 57652K, committed 57728K, reserved 1099776K
  class space    used 6501K, capacity 6726K, committed 6784K, reserved 1048576K
Event: 99.447 GC heap after
Heap after GC invocations=5 (full 2):
 PSYoungGen      total 611840K, used 30154K [0x00000000d5580000, 0x0000000100000000, 0x0000000100000000)
  eden space 524800K, 0% used [0x00000000d5580000,0x00000000d5580000,0x00000000f5600000)
  from space 87040K, 34% used [0x00000000f5600000,0x00000000f7372bb8,0x00000000fab00000)
  to   space 87040K, 0% used [0x00000000fab00000,0x00000000fab00000,0x0000000100000000)
 ParOldGen       total 548864K, used 23559K [0x0000000080000000, 0x00000000a1800000, 0x00000000d5580000)
  object space 548864K, 4% used [0x0000000080000000,0x0000000081701e50,0x00000000a1800000)
 Metaspace       used 56424K, capacity 57652K, committed 57728K, reserved 1099776K
  class space    used 6501K, capacity 6726K, committed 6784K, reserved 1048576K
}
Event: 99.850 GC heap before
{Heap before GC invocations=6 (full 2):
 PSYoungGen      total 611840K, used 87148K [0x00000000d5580000, 0x0000000100000000, 0x0000000100000000)
  eden space 524800K, 10% used [0x00000000d5580000,0x00000000d8d28630,0x00000000f5600000)
  from space 87040K, 34% used [0x00000000f5600000,0x00000000f7372bb8,0x00000000fab00000)
  to   space 87040K, 0% used [0x00000000fab00000,0x00000000fab00000,0x0000000100000000)
 ParOldGen       total 548864K, used 23559K [0x0000000080000000, 0x00000000a1800000, 0x00000000d5580000)
  object space 548864K, 4% used [0x0000000080000000,0x0000000081701e50,0x00000000a1800000)
 Metaspace       used 57446K, capacity 58864K, committed 59008K, reserved 1101824K
  class space    used 6650K, capacity 6946K, committed 7040K, reserved 1048576K
Event: 99.895 GC heap after
Heap after GC invocations=6 (full 2):
 PSYoungGen      total 611840K, used 12963K [0x00000000d5580000, 0x0000000100000000, 0x0000000100000000)
  eden space 524800K, 0% used [0x00000000d5580000,0x00000000d5580000,0x00000000f5600000)
  from space 87040K, 14% used [0x00000000fab00000,0x00000000fb7a8e28,0x0000000100000000)
  to   space 87040K, 0% used [0x00000000f5600000,0x00000000f5600000,0x00000000fab00000)
 ParOldGen       total 548864K, used 23567K [0x0000000080000000, 0x00000000a1800000, 0x00000000d5580000)
  object space 548864K, 4% used [0x0000000080000000,0x0000000081703e50,0x00000000a1800000)
 Metaspace       used 57446K, capacity 58864K, committed 59008K, reserved 1101824K
  class space    used 6650K, capacity 6946K, committed 7040K, reserved 1048576K
}
Event: 99.895 GC heap before
{Heap before GC invocations=7 (full 3):
 PSYoungGen      total 611840K, used 12963K [0x00000000d5580000, 0x0000000100000000, 0x0000000100000000)
  eden space 524800K, 0% used [0x00000000d5580000,0x00000000d5580000,0x00000000f5600000)
  from space 87040K, 14% used [0x00000000fab00000,0x00000000fb7a8e28,0x0000000100000000)
  to   space 87040K, 0% used [0x00000000f5600000,0x00000000f5600000,0x00000000fab00000)
 ParOldGen       total 548864K, used 23567K [0x0000000080000000, 0x00000000a1800000, 0x00000000d5580000)
  object space 548864K, 4% used [0x0000000080000000,0x0000000081703e50,0x00000000a1800000)
 Metaspace       used 57446K, capacity 58864K, committed 59008K, reserved 1101824K
  class space    used 6650K, capacity 6946K, committed 7040K, reserved 1048576K
Event: 100.172 GC heap after
Heap after GC invocations=7 (full 3):
 PSYoungGen      total 611840K, used 0K [0x00000000d5580000, 0x0000000100000000, 0x0000000100000000)
  eden space 524800K, 0% used [0x00000000d5580000,0x00000000d5580000,0x00000000f5600000)
  from space 87040K, 0% used [0x00000000fab00000,0x00000000fab00000,0x0000000100000000)
  to   space 87040K, 0% used [0x00000000f5600000,0x00000000f5600000,0x00000000fab00000)
 ParOldGen       total 660480K, used 25046K [0x0000000080000000, 0x00000000a8500000, 0x00000000d5580000)
  object space 660480K, 3% used [0x0000000080000000,0x0000000081875910,0x00000000a8500000)
 Metaspace       used 57409K, capacity 58778K, committed 59008K, reserved 1101824K
  class space    used 6639K, capacity 6925K, committed 7040K, reserved 1048576K
}
Event: 153.351 GC heap before
{Heap before GC invocations=8 (full 3):
 PSYoungGen      total 611840K, used 524800K [0x00000000d5580000, 0x0000000100000000, 0x0000000100000000)
  eden space 524800K, 100% used [0x00000000d5580000,0x00000000f5600000,0x00000000f5600000)
  from space 87040K, 0% used [0x00000000fab00000,0x00000000fab00000,0x0000000100000000)
  to   space 87040K, 0% used [0x00000000f5600000,0x00000000f5600000,0x00000000fab00000)
 ParOldGen       total 660480K, used 25046K [0x0000000080000000, 0x00000000a8500000, 0x00000000d5580000)
  object space 660480K, 3% used [0x0000000080000000,0x0000000081875910,0x00000000a8500000)
 Metaspace       used 65599K, capacity 68196K, committed 68352K, reserved 1110016K
  class space    used 7422K, capacity 7888K, committed 7936K, reserved 1048576K
Event: 153.559 GC heap after
Heap after GC invocations=8 (full 3):
 PSYoungGen      total 611840K, used 87026K [0x00000000d5580000, 0x0000000100000000, 0x0000000100000000)
  eden space 524800K, 0% used [0x00000000d5580000,0x00000000d5580000,0x00000000f5600000)
  from space 87040K, 99% used [0x00000000f5600000,0x00000000faafcb98,0x00000000fab00000)
  to   space 87040K, 0% used [0x00000000fab00000,0x00000000fab00000,0x0000000100000000)
 ParOldGen       total 660480K, used 51759K [0x0000000080000000, 0x00000000a8500000, 0x00000000d5580000)
  object space 660480K, 7% used [0x0000000080000000,0x000000008328bd38,0x00000000a8500000)
 Metaspace       used 65599K, capacity 68196K, committed 68352K, reserved 1110016K
  class space    used 7422K, capacity 7888K, committed 7936K, reserved 1048576K
}
Event: 264.236 GC heap before
{Heap before GC invocations=9 (full 3):
 PSYoungGen      total 611840K, used 611826K [0x00000000d5580000, 0x0000000100000000, 0x0000000100000000)
  eden space 524800K, 100% used [0x00000000d5580000,0x00000000f5600000,0x00000000f5600000)
  from space 87040K, 99% used [0x00000000f5600000,0x00000000faafcb98,0x00000000fab00000)
  to   space 87040K, 0% used [0x00000000fab00000,0x00000000fab00000,0x0000000100000000)
 ParOldGen       total 660480K, used 51759K [0x0000000080000000, 0x00000000a8500000, 0x00000000d5580000)
  object space 660480K, 7% used [0x0000000080000000,0x000000008328bd38,0x00000000a8500000)
 Metaspace       used 66585K, capacity 69230K, committed 69376K, reserved 1110016K
  class space    used 7458K, capacity 7935K, committed 7936K, reserved 1048576K
Event: 264.425 GC heap after
Heap after GC invocations=9 (full 3):
 PSYoungGen      total 570880K, used 77361K [0x00000000d5580000, 0x0000000100000000, 0x0000000100000000)
  eden space 483840K, 0% used [0x00000000d5580000,0x00000000d5580000,0x00000000f2e00000)
  from space 87040K, 88% used [0x00000000fab00000,0x00000000ff68c648,0x0000000100000000)
  to   space 107520K, 0% used [0x00000000f2e00000,0x00000000f2e00000,0x00000000f9700000)
 ParOldGen       total 660480K, used 51767K [0x0000000080000000, 0x00000000a8500000, 0x00000000d5580000)
  object space 660480K, 7% used [0x0000000080000000,0x000000008328dd38,0x00000000a8500000)
 Metaspace       used 66585K, capacity 69230K, committed 69376K, reserved 1110016K
  class space    used 7458K, capacity 7935K, committed 7936K, reserved 1048576K
}

