# JRE version: OpenJDK Runtime Environment (8.0_212-b04) (build 1.8.0_212-b04)
# Java VM: OpenJDK 64-Bit Server VM (25.212-b04 mixed mode linux-amd64 compressed oops)
Heap:
 PSYoungGen      total 611840K, used 339941K [0x00000000d5580000, 0x0000000100000000, 0x0000000100000000)
  eden space 524800K, 64% used [0x00000000d5580000,0x00000000ea179608,0x00000000f5600000)
  from space 87040K, 0% used [0x00000000f5600000,0x00000000f5600000,0x00000000fab00000)
  to   space 87040K, 0% used [0x00000000fab00000,0x00000000fab00000,0x0000000100000000)
 ParOldGen       total 1368064K, used 44850K [0x0000000080000000, 0x00000000d3800000, 0x00000000d5580000)
  object space 1368064K, 3% used [0x0000000080000000,0x0000000082bcc810,0x00000000d3800000)
 Metaspace       used 66129K, capacity 68780K, committed 68992K, reserved 1110016K
  class space    used 7566K, capacity 8032K, committed 8064K, reserved 1048576K
GC Heap History (10 events):
Event: 54.347 GC heap before
{Heap before GC invocations=2 (full 1):
 PSYoungGen      total 611840K, used 14163K [0x00000000d5580000, 0x0000000100000000, 0x0000000100000000)
  eden space 524800K, 0% used [0x00000000d5580000,0x00000000d5580000,0x00000000f5600000)
  from space 87040K, 16% used [0x00000000f5600000,0x00000000f63d4e28,0x00000000fab00000)
  to   space 87040K, 0% used [0x00000000fab00000,0x00000000fab00000,0x0000000100000000)
 ParOldGen       total 1398272K, used 80K [0x0000000080000000, 0x00000000d5580000, 0x00000000d5580000)
  object space 1398272K, 0% used [0x0000000080000000,0x0000000080014010,0x00000000d5580000)
 Metaspace       used 20764K, capacity 21056K, committed 21296K, reserved 1069056K
  class space    used 2337K, capacity 2419K, committed 2432K, reserved 1048576K
Event: 54.446 GC heap after
Heap after GC invocations=2 (full 1):
 PSYoungGen      total 611840K, used 0K [0x00000000d5580000, 0x0000000100000000, 0x0000000100000000)
  eden space 524800K, 0% used [0x00000000d5580000,0x00000000d5580000,0x00000000f5600000)
  from space 87040K, 0% used [0x00000000f5600000,0x00000000f5600000,0x00000000fab00000)
  to   space 87040K, 0% used [0x00000000fab00000,0x00000000fab00000,0x0000000100000000)
 ParOldGen       total 538624K, used 13636K [0x0000000080000000, 0x00000000a0e00000, 0x00000000d5580000)
  object space 538624K, 2% used [0x0000000080000000,0x0000000080d51348,0x00000000a0e00000)
 Metaspace       used 20764K, capacity 21056K, committed 21296K, reserved 1069056K
  class space    used 2337K, capacity 2419K, committed 2432K, reserved 1048576K
}
Event: 58.539 GC heap before
{Heap before GC invocations=3 (full 1):
 PSYoungGen      total 611840K, used 395109K [0x00000000d5580000, 0x0000000100000000, 0x0000000100000000)
  eden space 524800K, 75% used [0x00000000d5580000,0x00000000ed759660,0x00000000f5600000)
  from space 87040K, 0% used [0x00000000f5600000,0x00000000f5600000,0x00000000fab00000)
  to   space 87040K, 0% used [0x00000000fab00000,0x00000000fab00000,0x0000000100000000)
 ParOldGen       total 538624K, used 13636K [0x0000000080000000, 0x00000000a0e00000, 0x00000000d5580000)
  object space 538624K, 2% used [0x0000000080000000,0x0000000080d51348,0x00000000a0e00000)
 Metaspace       used 34805K, capacity 35262K, committed 35496K, reserved 1081344K
  class space    used 3972K, capacity 4095K, committed 4096K, reserved 1048576K
Event: 58.581 GC heap after
Heap after GC invocations=3 (full 1):
 PSYoungGen      total 611840K, used 18738K [0x00000000d5580000, 0x0000000100000000, 0x0000000100000000)
  eden space 524800K, 0% used [0x00000000d5580000,0x00000000d5580000,0x00000000f5600000)
  from space 87040K, 21% used [0x00000000fab00000,0x00000000fbd4c8e8,0x0000000100000000)
  to   space 87040K, 0% used [0x00000000f5600000,0x00000000f5600000,0x00000000fab00000)
 ParOldGen       total 538624K, used 13636K [0x0000000080000000, 0x00000000a0e00000, 0x00000000d5580000)
  object space 538624K, 2% used [0x0000000080000000,0x0000000080d51348,0x00000000a0e00000)
 Metaspace       used 34805K, capacity 35262K, committed 35496K, reserved 1081344K
  class space    used 3972K, capacity 4095K, committed 4096K, reserved 1048576K
}
Event: 58.581 GC heap before
{Heap before GC invocations=4 (full 2):
 PSYoungGen      total 611840K, used 18738K [0x00000000d5580000, 0x0000000100000000, 0x0000000100000000)
  eden space 524800K, 0% used [0x00000000d5580000,0x00000000d5580000,0x00000000f5600000)
  from space 87040K, 21% used [0x00000000fab00000,0x00000000fbd4c8e8,0x0000000100000000)
  to   space 87040K, 0% used [0x00000000f5600000,0x00000000f5600000,0x00000000fab00000)
 ParOldGen       total 538624K, used 13636K [0x0000000080000000, 0x00000000a0e00000, 0x00000000d5580000)
  object space 538624K, 2% used [0x0000000080000000,0x0000000080d51348,0x00000000a0e00000)
 Metaspace       used 34805K, capacity 35262K, committed 35496K, reserved 1081344K
  class space    used 3972K, capacity 4095K, committed 4096K, reserved 1048576K
Event: 58.703 GC heap after
Heap after GC invocations=4 (full 2):
 PSYoungGen      total 611840K, used 0K [0x00000000d5580000, 0x0000000100000000, 0x0000000100000000)
  eden space 524800K, 0% used [0x00000000d5580000,0x00000000d5580000,0x00000000f5600000)
  from space 87040K, 0% used [0x00000000fab00000,0x00000000fab00000,0x0000000100000000)
  to   space 87040K, 0% used [0x00000000f5600000,0x00000000f5600000,0x00000000fab00000)
 ParOldGen       total 936448K, used 23012K [0x0000000080000000, 0x00000000b9280000, 0x00000000d5580000)
  object space 936448K, 2% used [0x0000000080000000,0x0000000081679198,0x00000000b9280000)
 Metaspace       used 34805K, capacity 35262K, committed 35496K, reserved 1081344K
  class space    used 3972K, capacity 4095K, committed 4096K, reserved 1048576K
}
Event: 67.333 GC heap before
{Heap before GC invocations=5 (full 2):
 PSYoungGen      total 611840K, used 384613K [0x00000000d5580000, 0x0000000100000000, 0x0000000100000000)
  eden space 524800K, 73% used [0x00000000d5580000,0x00000000ecd19640,0x00000000f5600000)
  from space 87040K, 0% used [0x00000000fab00000,0x00000000fab00000,0x0000000100000000)
  to   space 87040K, 0% used [0x00000000f5600000,0x00000000f5600000,0x00000000fab00000)
 ParOldGen       total 936448K, used 23012K [0x0000000080000000, 0x00000000b9280000, 0x00000000d5580000)
  object space 936448K, 2% used [0x0000000080000000,0x0000000081679198,0x00000000b9280000)
 Metaspace       used 57364K, capacity 59096K, committed 59160K, reserved 1101824K
  class space    used 6687K, capacity 7032K, committed 7040K, reserved 1048576K
Event: 67.413 GC heap after
Heap after GC invocations=5 (full 2):
 PSYoungGen      total 611840K, used 34727K [0x00000000d5580000, 0x0000000100000000, 0x0000000100000000)
  eden space 524800K, 0% used [0x00000000d5580000,0x00000000d5580000,0x00000000f5600000)
  from space 87040K, 39% used [0x00000000f5600000,0x00000000f77e9e80,0x00000000fab00000)
  to   space 87040K, 0% used [0x00000000fab00000,0x00000000fab00000,0x0000000100000000)
 ParOldGen       total 936448K, used 23020K [0x0000000080000000, 0x00000000b9280000, 0x00000000d5580000)
  object space 936448K, 2% used [0x0000000080000000,0x000000008167b198,0x00000000b9280000)
 Metaspace       used 57364K, capacity 59096K, committed 59160K, reserved 1101824K
  class space    used 6687K, capacity 7032K, committed 7040K, reserved 1048576K
}
Event: 67.413 GC heap before
{Heap before GC invocations=6 (full 3):
 PSYoungGen      total 611840K, used 34727K [0x00000000d5580000, 0x0000000100000000, 0x0000000100000000)
  eden space 524800K, 0% used [0x00000000d5580000,0x00000000d5580000,0x00000000f5600000)
  from space 87040K, 39% used [0x00000000f5600000,0x00000000f77e9e80,0x00000000fab00000)
  to   space 87040K, 0% used [0x00000000fab00000,0x00000000fab00000,0x0000000100000000)
 ParOldGen       total 936448K, used 23020K [0x0000000080000000, 0x00000000b9280000, 0x00000000d5580000)
  object space 936448K, 2% used [0x0000000080000000,0x000000008167b198,0x00000000b9280000)
 Metaspace       used 57364K, capacity 59096K, committed 59160K, reserved 1101824K
  class space    used 6687K, capacity 7032K, committed 7040K, reserved 1048576K
Event: 67.665 GC heap after
Heap after GC invocations=6 (full 3):
 PSYoungGen      total 611840K, used 0K [0x00000000d5580000, 0x0000000100000000, 0x0000000100000000)
  eden space 524800K, 0% used [0x00000000d5580000,0x00000000d5580000,0x00000000f5600000)
  from space 87040K, 0% used [0x00000000f5600000,0x00000000f5600000,0x00000000fab00000)
  to   space 87040K, 0% used [0x00000000fab00000,0x00000000fab00000,0x0000000100000000)
 ParOldGen       total 1368064K, used 44850K [0x0000000080000000, 0x00000000d3800000, 0x00000000d5580000)
  object space 1368064K, 3% used [0x0000000080000000,0x0000000082bcc810,0x00000000d3800000)
 Metaspace       used 57328K, capacity 59000K, committed 59160K, reserved 1101824K
  class space    used 6675K, capacity 7010K, committed 7040K, reserved 1048576K
}

