# JRE version: OpenJDK Runtime Environment (8.0_212-b04) (build 1.8.0_212-b04)
# Java VM: OpenJDK 64-Bit Server VM (25.212-b04 mixed mode linux-amd64 compressed oops)
Heap:
 PSYoungGen      total 611840K, used 422036K [0x00000000d5580000, 0x0000000100000000, 0x0000000100000000)
  eden space 524800K, 80% used [0x00000000d5580000,0x00000000ef1a5158,0x00000000f5600000)
  from space 87040K, 0% used [0x00000000f5600000,0x00000000f5600000,0x00000000fab00000)
  to   space 87040K, 0% used [0x00000000fab00000,0x00000000fab00000,0x0000000100000000)
 ParOldGen       total 797184K, used 41453K [0x0000000080000000, 0x00000000b0a80000, 0x00000000d5580000)
  object space 797184K, 5% used [0x0000000080000000,0x000000008287b4d0,0x00000000b0a80000)
 Metaspace       used 64768K, capacity 67226K, committed 67328K, reserved 1107968K
  class space    used 7403K, capacity 7857K, committed 7936K, reserved 1048576K
GC Heap History (10 events):
Event: 21.291 GC heap before
{Heap before GC invocations=2 (full 1):
 PSYoungGen      total 611840K, used 14309K [0x00000000d5580000, 0x0000000100000000, 0x0000000100000000)
  eden space 524800K, 0% used [0x00000000d5580000,0x00000000d5580000,0x00000000f5600000)
  from space 87040K, 16% used [0x00000000f5600000,0x00000000f63f9518,0x00000000fab00000)
  to   space 87040K, 0% used [0x00000000fab00000,0x00000000fab00000,0x0000000100000000)
 ParOldGen       total 1398272K, used 80K [0x0000000080000000, 0x00000000d5580000, 0x00000000d5580000)
  object space 1398272K, 0% used [0x0000000080000000,0x0000000080014010,0x00000000d5580000)
 Metaspace       used 20834K, capacity 21106K, committed 21248K, reserved 1069056K
  class space    used 2370K, capacity 2482K, committed 2560K, reserved 1048576K
Event: 21.372 GC heap after
Heap after GC invocations=2 (full 1):
 PSYoungGen      total 611840K, used 0K [0x00000000d5580000, 0x0000000100000000, 0x0000000100000000)
  eden space 524800K, 0% used [0x00000000d5580000,0x00000000d5580000,0x00000000f5600000)
  from space 87040K, 0% used [0x00000000f5600000,0x00000000f5600000,0x00000000fab00000)
  to   space 87040K, 0% used [0x00000000fab00000,0x00000000fab00000,0x0000000100000000)
 ParOldGen       total 539136K, used 13756K [0x0000000080000000, 0x00000000a0e80000, 0x00000000d5580000)
  object space 539136K, 2% used [0x0000000080000000,0x0000000080d6f258,0x00000000a0e80000)
 Metaspace       used 20834K, capacity 21106K, committed 21248K, reserved 1069056K
  class space    used 2370K, capacity 2482K, committed 2560K, reserved 1048576K
}
Event: 61.774 GC heap before
{Heap before GC invocations=3 (full 1):
 PSYoungGen      total 611840K, used 468585K [0x00000000d5580000, 0x0000000100000000, 0x0000000100000000)
  eden space 524800K, 89% used [0x00000000d5580000,0x00000000f1f1a738,0x00000000f5600000)
  from space 87040K, 0% used [0x00000000f5600000,0x00000000f5600000,0x00000000fab00000)
  to   space 87040K, 0% used [0x00000000fab00000,0x00000000fab00000,0x0000000100000000)
 ParOldGen       total 539136K, used 13756K [0x0000000080000000, 0x00000000a0e80000, 0x00000000d5580000)
  object space 539136K, 2% used [0x0000000080000000,0x0000000080d6f258,0x00000000a0e80000)
 Metaspace       used 34831K, capacity 35214K, committed 35416K, reserved 1081344K
  class space    used 3972K, capacity 4095K, committed 4096K, reserved 1048576K
Event: 61.814 GC heap after
Heap after GC invocations=3 (full 1):
 PSYoungGen      total 611840K, used 19306K [0x00000000d5580000, 0x0000000100000000, 0x0000000100000000)
  eden space 524800K, 0% used [0x00000000d5580000,0x00000000d5580000,0x00000000f5600000)
  from space 87040K, 22% used [0x00000000fab00000,0x00000000fbdda9b8,0x0000000100000000)
  to   space 87040K, 0% used [0x00000000f5600000,0x00000000f5600000,0x00000000fab00000)
 ParOldGen       total 539136K, used 13764K [0x0000000080000000, 0x00000000a0e80000, 0x00000000d5580000)
  object space 539136K, 2% used [0x0000000080000000,0x0000000080d71258,0x00000000a0e80000)
 Metaspace       used 34831K, capacity 35214K, committed 35416K, reserved 1081344K
  class space    used 3972K, capacity 4095K, committed 4096K, reserved 1048576K
}
Event: 61.814 GC heap before
{Heap before GC invocations=4 (full 2):
 PSYoungGen      total 611840K, used 19306K [0x00000000d5580000, 0x0000000100000000, 0x0000000100000000)
  eden space 524800K, 0% used [0x00000000d5580000,0x00000000d5580000,0x00000000f5600000)
  from space 87040K, 22% used [0x00000000fab00000,0x00000000fbdda9b8,0x0000000100000000)
  to   space 87040K, 0% used [0x00000000f5600000,0x00000000f5600000,0x00000000fab00000)
 ParOldGen       total 539136K, used 13764K [0x0000000080000000, 0x00000000a0e80000, 0x00000000d5580000)
  object space 539136K, 2% used [0x0000000080000000,0x0000000080d71258,0x00000000a0e80000)
 Metaspace       used 34831K, capacity 35214K, committed 35416K, reserved 1081344K
  class space    used 3972K, capacity 4095K, committed 4096K, reserved 1048576K
Event: 61.949 GC heap after
Heap after GC invocations=4 (full 2):
 PSYoungGen      total 611840K, used 0K [0x00000000d5580000, 0x0000000100000000, 0x0000000100000000)
  eden space 524800K, 0% used [0x00000000d5580000,0x00000000d5580000,0x00000000f5600000)
  from space 87040K, 0% used [0x00000000fab00000,0x00000000fab00000,0x0000000100000000)
  to   space 87040K, 0% used [0x00000000f5600000,0x00000000f5600000,0x00000000fab00000)
 ParOldGen       total 548864K, used 23700K [0x0000000080000000, 0x00000000a1800000, 0x00000000d5580000)
  object space 548864K, 4% used [0x0000000080000000,0x00000000817250b0,0x00000000a1800000)
 Metaspace       used 34831K, capacity 35214K, committed 35416K, reserved 1081344K
  class space    used 3972K, capacity 4095K, committed 4096K, reserved 1048576K
}
Event: 77.895 GC heap before
{Heap before GC invocations=5 (full 2):
 PSYoungGen      total 611840K, used 495970K [0x00000000d5580000, 0x0000000100000000, 0x0000000100000000)
  eden space 524800K, 94% used [0x00000000d5580000,0x00000000f39d8a60,0x00000000f5600000)
  from space 87040K, 0% used [0x00000000fab00000,0x00000000fab00000,0x0000000100000000)
  to   space 87040K, 0% used [0x00000000f5600000,0x00000000f5600000,0x00000000fab00000)
 ParOldGen       total 548864K, used 23700K [0x0000000080000000, 0x00000000a1800000, 0x00000000d5580000)
  object space 548864K, 4% used [0x0000000080000000,0x00000000817250b0,0x00000000a1800000)
 Metaspace       used 57252K, capacity 58898K, committed 59008K, reserved 1101824K
  class space    used 6656K, capacity 6955K, committed 7040K, reserved 1048576K
Event: 77.984 GC heap after
Heap after GC invocations=5 (full 2):
 PSYoungGen      total 611840K, used 30829K [0x00000000d5580000, 0x0000000100000000, 0x0000000100000000)
  eden space 524800K, 0% used [0x00000000d5580000,0x00000000d5580000,0x00000000f5600000)
  from space 87040K, 35% used [0x00000000f5600000,0x00000000f741b440,0x00000000fab00000)
  to   space 87040K, 0% used [0x00000000fab00000,0x00000000fab00000,0x0000000100000000)
 ParOldGen       total 548864K, used 23708K [0x0000000080000000, 0x00000000a1800000, 0x00000000d5580000)
  object space 548864K, 4% used [0x0000000080000000,0x00000000817270b0,0x00000000a1800000)
 Metaspace       used 57252K, capacity 58898K, committed 59008K, reserved 1101824K
  class space    used 6656K, capacity 6955K, committed 7040K, reserved 1048576K
}
Event: 77.984 GC heap before
{Heap before GC invocations=6 (full 3):
 PSYoungGen      total 611840K, used 30829K [0x00000000d5580000, 0x0000000100000000, 0x0000000100000000)
  eden space 524800K, 0% used [0x00000000d5580000,0x00000000d5580000,0x00000000f5600000)
  from space 87040K, 35% used [0x00000000f5600000,0x00000000f741b440,0x00000000fab00000)
  to   space 87040K, 0% used [0x00000000fab00000,0x00000000fab00000,0x0000000100000000)
 ParOldGen       total 548864K, used 23708K [0x0000000080000000, 0x00000000a1800000, 0x00000000d5580000)
  object space 548864K, 4% used [0x0000000080000000,0x00000000817270b0,0x00000000a1800000)
 Metaspace       used 57252K, capacity 58898K, committed 59008K, reserved 1101824K
  class space    used 6656K, capacity 6955K, committed 7040K, reserved 1048576K
Event: 78.232 GC heap after
Heap after GC invocations=6 (full 3):
 PSYoungGen      total 611840K, used 0K [0x00000000d5580000, 0x0000000100000000, 0x0000000100000000)
  eden space 524800K, 0% used [0x00000000d5580000,0x00000000d5580000,0x00000000f5600000)
  from space 87040K, 0% used [0x00000000f5600000,0x00000000f5600000,0x00000000fab00000)
  to   space 87040K, 0% used [0x00000000fab00000,0x00000000fab00000,0x0000000100000000)
 ParOldGen       total 797184K, used 41453K [0x0000000080000000, 0x00000000b0a80000, 0x00000000d5580000)
  object space 797184K, 5% used [0x0000000080000000,0x000000008287b4d0,0x00000000b0a80000)
 Metaspace       used 57063K, capacity 58334K, committed 59008K, reserved 1101824K
  class space    used 6595K, capacity 6845K, committed 7040K, reserved 1048576K
}

