# JRE version: OpenJDK Runtime Environment (8.0_212-b04) (build 1.8.0_212-b04)
# Java VM: OpenJDK 64-Bit Server VM (25.212-b04 mixed mode linux-amd64 compressed oops)
Heap:
 PSYoungGen      total 611840K, used 312131K [0x00000000d5580000, 0x0000000100000000, 0x0000000100000000)
  eden space 524800K, 59% used [0x00000000d5580000,0x00000000e8650f98,0x00000000f5600000)
  from space 87040K, 0% used [0x00000000f5600000,0x00000000f5600000,0x00000000fab00000)
  to   space 87040K, 0% used [0x00000000fab00000,0x00000000fab00000,0x0000000100000000)
 ParOldGen       total 1398272K, used 38507K [0x0000000080000000, 0x00000000d5580000, 0x00000000d5580000)
  object space 1398272K, 2% used [0x0000000080000000,0x000000008259afb0,0x00000000d5580000)
 Metaspace       used 65190K, capacity 68715K, committed 68992K, reserved 1110016K
  class space    used 7574K, capacity 8228K, committed 8320K, reserved 1048576K
GC Heap History (10 events):
Event: 9.489 GC heap before
{Heap before GC invocations=2 (full 1):
 PSYoungGen      total 611840K, used 14263K [0x00000000d5580000, 0x0000000100000000, 0x0000000100000000)
  eden space 524800K, 0% used [0x00000000d5580000,0x00000000d5580000,0x00000000f5600000)
  from space 87040K, 16% used [0x00000000f5600000,0x00000000f63ede90,0x00000000fab00000)
  to   space 87040K, 0% used [0x00000000fab00000,0x00000000fab00000,0x0000000100000000)
 ParOldGen       total 1398272K, used 80K [0x0000000080000000, 0x00000000d5580000, 0x00000000d5580000)
  object space 1398272K, 0% used [0x0000000080000000,0x0000000080014010,0x00000000d5580000)
 Metaspace       used 20843K, capacity 21106K, committed 21248K, reserved 1069056K
  class space    used 2371K, capacity 2482K, committed 2560K, reserved 1048576K
Event: 9.589 GC heap after
Heap after GC invocations=2 (full 1):
 PSYoungGen      total 611840K, used 0K [0x00000000d5580000, 0x0000000100000000, 0x0000000100000000)
  eden space 524800K, 0% used [0x00000000d5580000,0x00000000d5580000,0x00000000f5600000)
  from space 87040K, 0% used [0x00000000f5600000,0x00000000f5600000,0x00000000fab00000)
  to   space 87040K, 0% used [0x00000000fab00000,0x00000000fab00000,0x0000000100000000)
 ParOldGen       total 892928K, used 13767K [0x0000000080000000, 0x00000000b6800000, 0x00000000d5580000)
  object space 892928K, 1% used [0x0000000080000000,0x0000000080d71c00,0x00000000b6800000)
 Metaspace       used 20843K, capacity 21106K, committed 21248K, reserved 1069056K
  class space    used 2371K, capacity 2482K, committed 2560K, reserved 1048576K
}
Event: 27.785 GC heap before
{Heap before GC invocations=3 (full 1):
 PSYoungGen      total 611840K, used 438746K [0x00000000d5580000, 0x0000000100000000, 0x0000000100000000)
  eden space 524800K, 83% used [0x00000000d5580000,0x00000000f01f6838,0x00000000f5600000)
  from space 87040K, 0% used [0x00000000f5600000,0x00000000f5600000,0x00000000fab00000)
  to   space 87040K, 0% used [0x00000000fab00000,0x00000000fab00000,0x0000000100000000)
 ParOldGen       total 892928K, used 13767K [0x0000000080000000, 0x00000000b6800000, 0x00000000d5580000)
  object space 892928K, 1% used [0x0000000080000000,0x0000000080d71c00,0x00000000b6800000)
 Metaspace       used 34890K, capacity 35254K, committed 35416K, reserved 1081344K
  class space    used 3978K, capacity 4091K, committed 4096K, reserved 1048576K
Event: 27.830 GC heap after
Heap after GC invocations=3 (full 1):
 PSYoungGen      total 611840K, used 19290K [0x00000000d5580000, 0x0000000100000000, 0x0000000100000000)
  eden space 524800K, 0% used [0x00000000d5580000,0x00000000d5580000,0x00000000f5600000)
  from space 87040K, 22% used [0x00000000fab00000,0x00000000fbdd6998,0x0000000100000000)
  to   space 87040K, 0% used [0x00000000f5600000,0x00000000f5600000,0x00000000fab00000)
 ParOldGen       total 892928K, used 13767K [0x0000000080000000, 0x00000000b6800000, 0x00000000d5580000)
  object space 892928K, 1% used [0x0000000080000000,0x0000000080d71c00,0x00000000b6800000)
 Metaspace       used 34890K, capacity 35254K, committed 35416K, reserved 1081344K
  class space    used 3978K, capacity 4091K, committed 4096K, reserved 1048576K
}
Event: 27.830 GC heap before
{Heap before GC invocations=4 (full 2):
 PSYoungGen      total 611840K, used 19290K [0x00000000d5580000, 0x0000000100000000, 0x0000000100000000)
  eden space 524800K, 0% used [0x00000000d5580000,0x00000000d5580000,0x00000000f5600000)
  from space 87040K, 22% used [0x00000000fab00000,0x00000000fbdd6998,0x0000000100000000)
  to   space 87040K, 0% used [0x00000000f5600000,0x00000000f5600000,0x00000000fab00000)
 ParOldGen       total 892928K, used 13767K [0x0000000080000000, 0x00000000b6800000, 0x00000000d5580000)
  object space 892928K, 1% used [0x0000000080000000,0x0000000080d71c00,0x00000000b6800000)
 Metaspace       used 34890K, capacity 35254K, committed 35416K, reserved 1081344K
  class space    used 3978K, capacity 4091K, committed 4096K, reserved 1048576K
Event: 27.951 GC heap after
Heap after GC invocations=4 (full 2):
 PSYoungGen      total 611840K, used 0K [0x00000000d5580000, 0x0000000100000000, 0x0000000100000000)
  eden space 524800K, 0% used [0x00000000d5580000,0x00000000d5580000,0x00000000f5600000)
  from space 87040K, 0% used [0x00000000fab00000,0x00000000fab00000,0x0000000100000000)
  to   space 87040K, 0% used [0x00000000f5600000,0x00000000f5600000,0x00000000fab00000)
 ParOldGen       total 1398272K, used 23674K [0x0000000080000000, 0x00000000d5580000, 0x00000000d5580000)
  object space 1398272K, 1% used [0x0000000080000000,0x000000008171e998,0x00000000d5580000)
 Metaspace       used 34890K, capacity 35254K, committed 35416K, reserved 1081344K
  class space    used 3978K, capacity 4091K, committed 4096K, reserved 1048576K
}
Event: 35.050 GC heap before
{Heap before GC invocations=5 (full 2):
 PSYoungGen      total 611840K, used 424645K [0x00000000d5580000, 0x0000000100000000, 0x0000000100000000)
  eden space 524800K, 80% used [0x00000000d5580000,0x00000000ef431468,0x00000000f5600000)
  from space 87040K, 0% used [0x00000000fab00000,0x00000000fab00000,0x0000000100000000)
  to   space 87040K, 0% used [0x00000000f5600000,0x00000000f5600000,0x00000000fab00000)
 ParOldGen       total 1398272K, used 23674K [0x0000000080000000, 0x00000000d5580000, 0x00000000d5580000)
  object space 1398272K, 1% used [0x0000000080000000,0x000000008171e998,0x00000000d5580000)
 Metaspace       used 57024K, capacity 59021K, committed 59028K, reserved 1101824K
  class space    used 6640K, capacity 7033K, committed 7040K, reserved 1048576K
Event: 35.109 GC heap after
Heap after GC invocations=5 (full 2):
 PSYoungGen      total 611840K, used 27964K [0x00000000d5580000, 0x0000000100000000, 0x0000000100000000)
  eden space 524800K, 0% used [0x00000000d5580000,0x00000000d5580000,0x00000000f5600000)
  from space 87040K, 32% used [0x00000000f5600000,0x00000000f714f2e0,0x00000000fab00000)
  to   space 87040K, 0% used [0x00000000fab00000,0x00000000fab00000,0x0000000100000000)
 ParOldGen       total 1398272K, used 23682K [0x0000000080000000, 0x00000000d5580000, 0x00000000d5580000)
  object space 1398272K, 1% used [0x0000000080000000,0x0000000081720998,0x00000000d5580000)
 Metaspace       used 57024K, capacity 59021K, committed 59028K, reserved 1101824K
  class space    used 6640K, capacity 7033K, committed 7040K, reserved 1048576K
}
Event: 35.109 GC heap before
{Heap before GC invocations=6 (full 3):
 PSYoungGen      total 611840K, used 27964K [0x00000000d5580000, 0x0000000100000000, 0x0000000100000000)
  eden space 524800K, 0% used [0x00000000d5580000,0x00000000d5580000,0x00000000f5600000)
  from space 87040K, 32% used [0x00000000f5600000,0x00000000f714f2e0,0x00000000fab00000)
  to   space 87040K, 0% used [0x00000000fab00000,0x00000000fab00000,0x0000000100000000)
 ParOldGen       total 1398272K, used 23682K [0x0000000080000000, 0x00000000d5580000, 0x00000000d5580000)
  object space 1398272K, 1% used [0x0000000080000000,0x0000000081720998,0x00000000d5580000)
 Metaspace       used 57024K, capacity 59021K, committed 59028K, reserved 1101824K
  class space    used 6640K, capacity 7033K, committed 7040K, reserved 1048576K
Event: 35.391 GC heap after
Heap after GC invocations=6 (full 3):
 PSYoungGen      total 611840K, used 0K [0x00000000d5580000, 0x0000000100000000, 0x0000000100000000)
  eden space 524800K, 0% used [0x00000000d5580000,0x00000000d5580000,0x00000000f5600000)
  from space 87040K, 0% used [0x00000000f5600000,0x00000000f5600000,0x00000000fab00000)
  to   space 87040K, 0% used [0x00000000fab00000,0x00000000fab00000,0x0000000100000000)
 ParOldGen       total 1398272K, used 38507K [0x0000000080000000, 0x00000000d5580000, 0x00000000d5580000)
  object space 1398272K, 2% used [0x0000000080000000,0x000000008259afb0,0x00000000d5580000)
 Metaspace       used 56470K, capacity 57857K, committed 59028K, reserved 1101824K
  class space    used 6513K, capacity 6805K, committed 7040K, reserved 1048576K
}

