# JRE version: OpenJDK Runtime Environment (8.0_212-b04) (build 1.8.0_212-b04)
# Java VM: OpenJDK 64-Bit Server VM (25.212-b04 mixed mode linux-amd64 compressed oops)
Heap:
 PSYoungGen      total 611840K, used 486239K [0x00000000d5580000, 0x0000000100000000, 0x0000000100000000)
  eden space 524800K, 92% used [0x00000000d5580000,0x00000000f3057cb0,0x00000000f5600000)
  from space 87040K, 0% used [0x00000000fab00000,0x00000000fab00000,0x0000000100000000)
  to   space 87040K, 0% used [0x00000000f5600000,0x00000000f5600000,0x00000000fab00000)
 ParOldGen       total 1398272K, used 33366K [0x0000000080000000, 0x00000000d5580000, 0x00000000d5580000)
  object space 1398272K, 2% used [0x0000000080000000,0x0000000082095808,0x00000000d5580000)
 Metaspace       used 67950K, capacity 71300K, committed 71640K, reserved 1112064K
  class space    used 7770K, capacity 8350K, committed 8448K, reserved 1048576K
GC Heap History (10 events):
Event: 4.669 GC heap before
{Heap before GC invocations=3 (full 1):
 PSYoungGen      total 611840K, used 419849K [0x00000000d5580000, 0x0000000100000000, 0x0000000100000000)
  eden space 524800K, 80% used [0x00000000d5580000,0x00000000eef824f8,0x00000000f5600000)
  from space 87040K, 0% used [0x00000000f5600000,0x00000000f5600000,0x00000000fab00000)
  to   space 87040K, 0% used [0x00000000fab00000,0x00000000fab00000,0x0000000100000000)
 ParOldGen       total 860160K, used 18610K [0x0000000080000000, 0x00000000b4800000, 0x00000000d5580000)
  object space 860160K, 2% used [0x0000000080000000,0x000000008122c998,0x00000000b4800000)
 Metaspace       used 34795K, capacity 35154K, committed 35456K, reserved 1081344K
  class space    used 3979K, capacity 4101K, committed 4224K, reserved 1048576K
Event: 4.699 GC heap after
Heap after GC invocations=3 (full 1):
 PSYoungGen      total 611840K, used 14275K [0x00000000d5580000, 0x0000000100000000, 0x0000000100000000)
  eden space 524800K, 0% used [0x00000000d5580000,0x00000000d5580000,0x00000000f5600000)
  from space 87040K, 16% used [0x00000000fab00000,0x00000000fb8f0c10,0x0000000100000000)
  to   space 87040K, 0% used [0x00000000f5600000,0x00000000f5600000,0x00000000fab00000)
 ParOldGen       total 860160K, used 18682K [0x0000000080000000, 0x00000000b4800000, 0x00000000d5580000)
  object space 860160K, 2% used [0x0000000080000000,0x000000008123e9a8,0x00000000b4800000)
 Metaspace       used 34795K, capacity 35154K, committed 35456K, reserved 1081344K
  class space    used 3979K, capacity 4101K, committed 4224K, reserved 1048576K
}
Event: 4.699 GC heap before
{Heap before GC invocations=4 (full 2):
 PSYoungGen      total 611840K, used 14275K [0x00000000d5580000, 0x0000000100000000, 0x0000000100000000)
  eden space 524800K, 0% used [0x00000000d5580000,0x00000000d5580000,0x00000000f5600000)
  from space 87040K, 16% used [0x00000000fab00000,0x00000000fb8f0c10,0x0000000100000000)
  to   space 87040K, 0% used [0x00000000f5600000,0x00000000f5600000,0x00000000fab00000)
 ParOldGen       total 860160K, used 18682K [0x0000000080000000, 0x00000000b4800000, 0x00000000d5580000)
  object space 860160K, 2% used [0x0000000080000000,0x000000008123e9a8,0x00000000b4800000)
 Metaspace       used 34795K, capacity 35154K, committed 35456K, reserved 1081344K
  class space    used 3979K, capacity 4101K, committed 4224K, reserved 1048576K
Event: 4.820 GC heap after
Heap after GC invocations=4 (full 2):
 PSYoungGen      total 611840K, used 0K [0x00000000d5580000, 0x0000000100000000, 0x0000000100000000)
  eden space 524800K, 0% used [0x00000000d5580000,0x00000000d5580000,0x00000000f5600000)
  from space 87040K, 0% used [0x00000000fab00000,0x00000000fab00000,0x0000000100000000)
  to   space 87040K, 0% used [0x00000000f5600000,0x00000000f5600000,0x00000000fab00000)
 ParOldGen       total 1398272K, used 22537K [0x0000000080000000, 0x00000000d5580000, 0x00000000d5580000)
  object space 1398272K, 1% used [0x0000000080000000,0x00000000816026d8,0x00000000d5580000)
 Metaspace       used 34795K, capacity 35154K, committed 35456K, reserved 1081344K
  class space    used 3979K, capacity 4101K, committed 4224K, reserved 1048576K
}
Event: 10.950 GC heap before
{Heap before GC invocations=5 (full 2):
 PSYoungGen      total 611840K, used 524800K [0x00000000d5580000, 0x0000000100000000, 0x0000000100000000)
  eden space 524800K, 100% used [0x00000000d5580000,0x00000000f5600000,0x00000000f5600000)
  from space 87040K, 0% used [0x00000000fab00000,0x00000000fab00000,0x0000000100000000)
  to   space 87040K, 0% used [0x00000000f5600000,0x00000000f5600000,0x00000000fab00000)
 ParOldGen       total 1398272K, used 22537K [0x0000000080000000, 0x00000000d5580000, 0x00000000d5580000)
  object space 1398272K, 1% used [0x0000000080000000,0x00000000816026d8,0x00000000d5580000)
 Metaspace       used 52265K, capacity 53622K, committed 53888K, reserved 1097728K
  class space    used 6187K, capacity 6445K, committed 6528K, reserved 1048576K
Event: 11.000 GC heap after
Heap after GC invocations=5 (full 2):
 PSYoungGen      total 611840K, used 26205K [0x00000000d5580000, 0x0000000100000000, 0x0000000100000000)
  eden space 524800K, 0% used [0x00000000d5580000,0x00000000d5580000,0x00000000f5600000)
  from space 87040K, 30% used [0x00000000f5600000,0x00000000f6f97730,0x00000000fab00000)
  to   space 87040K, 0% used [0x00000000fab00000,0x00000000fab00000,0x0000000100000000)
 ParOldGen       total 1398272K, used 22545K [0x0000000080000000, 0x00000000d5580000, 0x00000000d5580000)
  object space 1398272K, 1% used [0x0000000080000000,0x00000000816046d8,0x00000000d5580000)
 Metaspace       used 52265K, capacity 53622K, committed 53888K, reserved 1097728K
  class space    used 6187K, capacity 6445K, committed 6528K, reserved 1048576K
}
Event: 12.034 GC heap before
{Heap before GC invocations=6 (full 2):
 PSYoungGen      total 611840K, used 187667K [0x00000000d5580000, 0x0000000100000000, 0x0000000100000000)
  eden space 524800K, 30% used [0x00000000d5580000,0x00000000df32d5d0,0x00000000f5600000)
  from space 87040K, 30% used [0x00000000f5600000,0x00000000f6f97730,0x00000000fab00000)
  to   space 87040K, 0% used [0x00000000fab00000,0x00000000fab00000,0x0000000100000000)
 ParOldGen       total 1398272K, used 22545K [0x0000000080000000, 0x00000000d5580000, 0x00000000d5580000)
  object space 1398272K, 1% used [0x0000000080000000,0x00000000816046d8,0x00000000d5580000)
 Metaspace       used 57442K, capacity 58796K, committed 59096K, reserved 1101824K
  class space    used 6654K, capacity 6902K, committed 6912K, reserved 1048576K
Event: 12.068 GC heap after
Heap after GC invocations=6 (full 2):
 PSYoungGen      total 611840K, used 21051K [0x00000000d5580000, 0x0000000100000000, 0x0000000100000000)
  eden space 524800K, 0% used [0x00000000d5580000,0x00000000d5580000,0x00000000f5600000)
  from space 87040K, 24% used [0x00000000fab00000,0x00000000fbf8ed80,0x0000000100000000)
  to   space 87040K, 0% used [0x00000000f5600000,0x00000000f5600000,0x00000000fab00000)
 ParOldGen       total 1398272K, used 22553K [0x0000000080000000, 0x00000000d5580000, 0x00000000d5580000)
  object space 1398272K, 1% used [0x0000000080000000,0x00000000816066d8,0x00000000d5580000)
 Metaspace       used 57442K, capacity 58796K, committed 59096K, reserved 1101824K
  class space    used 6654K, capacity 6902K, committed 6912K, reserved 1048576K
}
Event: 12.068 GC heap before
{Heap before GC invocations=7 (full 3):
 PSYoungGen      total 611840K, used 21051K [0x00000000d5580000, 0x0000000100000000, 0x0000000100000000)
  eden space 524800K, 0% used [0x00000000d5580000,0x00000000d5580000,0x00000000f5600000)
  from space 87040K, 24% used [0x00000000fab00000,0x00000000fbf8ed80,0x0000000100000000)
  to   space 87040K, 0% used [0x00000000f5600000,0x00000000f5600000,0x00000000fab00000)
 ParOldGen       total 1398272K, used 22553K [0x0000000080000000, 0x00000000d5580000, 0x00000000d5580000)
  object space 1398272K, 1% used [0x0000000080000000,0x00000000816066d8,0x00000000d5580000)
 Metaspace       used 57442K, capacity 58796K, committed 59096K, reserved 1101824K
  class space    used 6654K, capacity 6902K, committed 6912K, reserved 1048576K
Event: 12.305 GC heap after
Heap after GC invocations=7 (full 3):
 PSYoungGen      total 611840K, used 0K [0x00000000d5580000, 0x0000000100000000, 0x0000000100000000)
  eden space 524800K, 0% used [0x00000000d5580000,0x00000000d5580000,0x00000000f5600000)
  from space 87040K, 0% used [0x00000000fab00000,0x00000000fab00000,0x0000000100000000)
  to   space 87040K, 0% used [0x00000000f5600000,0x00000000f5600000,0x00000000fab00000)
 ParOldGen       total 1398272K, used 33366K [0x0000000080000000, 0x00000000d5580000, 0x00000000d5580000)
  object space 1398272K, 2% used [0x0000000080000000,0x0000000082095808,0x00000000d5580000)
 Metaspace       used 57377K, capacity 58642K, committed 59096K, reserved 1101824K
  class space    used 6631K, capacity 6861K, committed 6912K, reserved 1048576K
}

