# JRE version: OpenJDK Runtime Environment (8.0_212-b04) (build 1.8.0_212-b04)
# Java VM: OpenJDK 64-Bit Server VM (25.212-b04 mixed mode linux-amd64 compressed oops)
Heap:
 PSYoungGen      total 611840K, used 349127K [0x00000000d5580000, 0x0000000100000000, 0x0000000100000000)
  eden space 524800K, 66% used [0x00000000d5580000,0x00000000eaa71f68,0x00000000f5600000)
  from space 87040K, 0% used [0x00000000fab00000,0x00000000fab00000,0x0000000100000000)
  to   space 87040K, 0% used [0x00000000f5600000,0x00000000f5600000,0x00000000fab00000)
 ParOldGen       total 1398272K, used 23577K [0x0000000080000000, 0x00000000d5580000, 0x00000000d5580000)
  object space 1398272K, 1% used [0x0000000080000000,0x0000000081706600,0x00000000d5580000)
 Metaspace       used 52002K, capacity 53292K, committed 53376K, reserved 1095680K
  class space    used 6202K, capacity 6456K, committed 6528K, reserved 1048576K
GC Heap History (8 events):
Event: 11.398 GC heap before
{Heap before GC invocations=1 (full 0):
 PSYoungGen      total 611840K, used 199440K [0x00000000d5580000, 0x0000000100000000, 0x0000000100000000)
  eden space 524800K, 38% used [0x00000000d5580000,0x00000000e18443e8,0x00000000f5600000)
  from space 87040K, 0% used [0x00000000fab00000,0x00000000fab00000,0x0000000100000000)
  to   space 87040K, 0% used [0x00000000f5600000,0x00000000f5600000,0x00000000fab00000)
 ParOldGen       total 1398272K, used 0K [0x0000000080000000, 0x00000000d5580000, 0x00000000d5580000)
  object space 1398272K, 0% used [0x0000000080000000,0x0000000080000000,0x00000000d5580000)
 Metaspace       used 20827K, capacity 21106K, committed 21248K, reserved 1069056K
  class space    used 2367K, capacity 2482K, committed 2560K, reserved 1048576K
Event: 11.442 GC heap after
Heap after GC invocations=1 (full 0):
 PSYoungGen      total 611840K, used 14302K [0x00000000d5580000, 0x0000000100000000, 0x0000000100000000)
  eden space 524800K, 0% used [0x00000000d5580000,0x00000000d5580000,0x00000000f5600000)
  from space 87040K, 16% used [0x00000000f5600000,0x00000000f63f79c8,0x00000000fab00000)
  to   space 87040K, 0% used [0x00000000fab00000,0x00000000fab00000,0x0000000100000000)
 ParOldGen       total 1398272K, used 80K [0x0000000080000000, 0x00000000d5580000, 0x00000000d5580000)
  object space 1398272K, 0% used [0x0000000080000000,0x0000000080014010,0x00000000d5580000)
 Metaspace       used 20827K, capacity 21106K, committed 21248K, reserved 1069056K
  class space    used 2367K, capacity 2482K, committed 2560K, reserved 1048576K
}
Event: 11.442 GC heap before
{Heap before GC invocations=2 (full 1):
 PSYoungGen      total 611840K, used 14302K [0x00000000d5580000, 0x0000000100000000, 0x0000000100000000)
  eden space 524800K, 0% used [0x00000000d5580000,0x00000000d5580000,0x00000000f5600000)
  from space 87040K, 16% used [0x00000000f5600000,0x00000000f63f79c8,0x00000000fab00000)
  to   space 87040K, 0% used [0x00000000fab00000,0x00000000fab00000,0x0000000100000000)
 ParOldGen       total 1398272K, used 80K [0x0000000080000000, 0x00000000d5580000, 0x00000000d5580000)
  object space 1398272K, 0% used [0x0000000080000000,0x0000000080014010,0x00000000d5580000)
 Metaspace       used 20827K, capacity 21106K, committed 21248K, reserved 1069056K
  class space    used 2367K, capacity 2482K, committed 2560K, reserved 1048576K
Event: 11.548 GC heap after
Heap after GC invocations=2 (full 1):
 PSYoungGen      total 611840K, used 0K [0x00000000d5580000, 0x0000000100000000, 0x0000000100000000)
  eden space 524800K, 0% used [0x00000000d5580000,0x00000000d5580000,0x00000000f5600000)
  from space 87040K, 0% used [0x00000000f5600000,0x00000000f5600000,0x00000000fab00000)
  to   space 87040K, 0% used [0x00000000fab00000,0x00000000fab00000,0x0000000100000000)
 ParOldGen       total 912896K, used 13750K [0x0000000080000000, 0x00000000b7b80000, 0x00000000d5580000)
  object space 912896K, 1% used [0x0000000080000000,0x0000000080d6da58,0x00000000b7b80000)
 Metaspace       used 20827K, capacity 21106K, committed 21248K, reserved 1069056K
  class space    used 2367K, capacity 2482K, committed 2560K, reserved 1048576K
}
Event: 15.749 GC heap before
{Heap before GC invocations=3 (full 1):
 PSYoungGen      total 611840K, used 457894K [0x00000000d5580000, 0x0000000100000000, 0x0000000100000000)
  eden space 524800K, 87% used [0x00000000d5580000,0x00000000f14a9928,0x00000000f5600000)
  from space 87040K, 0% used [0x00000000f5600000,0x00000000f5600000,0x00000000fab00000)
  to   space 87040K, 0% used [0x00000000fab00000,0x00000000fab00000,0x0000000100000000)
 ParOldGen       total 912896K, used 13750K [0x0000000080000000, 0x00000000b7b80000, 0x00000000d5580000)
  object space 912896K, 1% used [0x0000000080000000,0x0000000080d6da58,0x00000000b7b80000)
 Metaspace       used 34766K, capacity 35182K, committed 35416K, reserved 1081344K
  class space    used 3974K, capacity 4091K, committed 4096K, reserved 1048576K
Event: 15.797 GC heap after
Heap after GC invocations=3 (full 1):
 PSYoungGen      total 611840K, used 19143K [0x00000000d5580000, 0x0000000100000000, 0x0000000100000000)
  eden space 524800K, 0% used [0x00000000d5580000,0x00000000d5580000,0x00000000f5600000)
  from space 87040K, 21% used [0x00000000fab00000,0x00000000fbdb1e40,0x0000000100000000)
  to   space 87040K, 0% used [0x00000000f5600000,0x00000000f5600000,0x00000000fab00000)
 ParOldGen       total 912896K, used 13750K [0x0000000080000000, 0x00000000b7b80000, 0x00000000d5580000)
  object space 912896K, 1% used [0x0000000080000000,0x0000000080d6da58,0x00000000b7b80000)
 Metaspace       used 34766K, capacity 35182K, committed 35416K, reserved 1081344K
  class space    used 3974K, capacity 4091K, committed 4096K, reserved 1048576K
}
Event: 15.797 GC heap before
{Heap before GC invocations=4 (full 2):
 PSYoungGen      total 611840K, used 19143K [0x00000000d5580000, 0x0000000100000000, 0x0000000100000000)
  eden space 524800K, 0% used [0x00000000d5580000,0x00000000d5580000,0x00000000f5600000)
  from space 87040K, 21% used [0x00000000fab00000,0x00000000fbdb1e40,0x0000000100000000)
  to   space 87040K, 0% used [0x00000000f5600000,0x00000000f5600000,0x00000000fab00000)
 ParOldGen       total 912896K, used 13750K [0x0000000080000000, 0x00000000b7b80000, 0x00000000d5580000)
  object space 912896K, 1% used [0x0000000080000000,0x0000000080d6da58,0x00000000b7b80000)
 Metaspace       used 34766K, capacity 35182K, committed 35416K, reserved 1081344K
  class space    used 3974K, capacity 4091K, committed 4096K, reserved 1048576K
Event: 15.919 GC heap after
Heap after GC invocations=4 (full 2):
 PSYoungGen      total 611840K, used 0K [0x00000000d5580000, 0x0000000100000000, 0x0000000100000000)
  eden space 524800K, 0% used [0x00000000d5580000,0x00000000d5580000,0x00000000f5600000)
  from space 87040K, 0% used [0x00000000fab00000,0x00000000fab00000,0x0000000100000000)
  to   space 87040K, 0% used [0x00000000f5600000,0x00000000f5600000,0x00000000fab00000)
 ParOldGen       total 1398272K, used 23577K [0x0000000080000000, 0x00000000d5580000, 0x00000000d5580000)
  object space 1398272K, 1% used [0x0000000080000000,0x0000000081706600,0x00000000d5580000)
 Metaspace       used 34766K, capacity 35182K, committed 35416K, reserved 1081344K
  class space    used 3974K, capacity 4091K, committed 4096K, reserved 1048576K
}

