# JRE version: OpenJDK Runtime Environment (8.0_212-b04) (build 1.8.0_212-b04)
# Java VM: OpenJDK 64-Bit Server VM (25.212-b04 mixed mode linux-amd64 compressed oops)
Heap:
 PSYoungGen      total 611840K, used 134878K [0x00000000d5580000, 0x0000000100000000, 0x0000000100000000)
  eden space 524800K, 12% used [0x00000000d5580000,0x00000000d94b29a8,0x00000000f5600000)
  from space 87040K, 80% used [0x00000000fab00000,0x00000000fef84fc0,0x0000000100000000)
  to   space 87040K, 0% used [0x00000000f5600000,0x00000000f5600000,0x00000000fab00000)
 ParOldGen       total 1398272K, used 44710K [0x0000000080000000, 0x00000000d5580000, 0x00000000d5580000)
  object space 1398272K, 3% used [0x0000000080000000,0x0000000082ba9ae8,0x00000000d5580000)
 Metaspace       used 66603K, capacity 69846K, committed 69888K, reserved 1112064K
  class space    used 7602K, capacity 8191K, committed 8192K, reserved 1048576K
GC Heap History (10 events):
Event: 4.809 GC heap before
{Heap before GC invocations=3 (full 1):
 PSYoungGen      total 611840K, used 434803K [0x00000000d5580000, 0x0000000100000000, 0x0000000100000000)
  eden space 524800K, 82% used [0x00000000d5580000,0x00000000efe1cd90,0x00000000f5600000)
  from space 87040K, 0% used [0x00000000f5600000,0x00000000f5600000,0x00000000fab00000)
  to   space 87040K, 0% used [0x00000000fab00000,0x00000000fab00000,0x0000000100000000)
 ParOldGen       total 865280K, used 13749K [0x0000000080000000, 0x00000000b4d00000, 0x00000000d5580000)
  object space 865280K, 1% used [0x0000000080000000,0x0000000080d6d6e8,0x00000000b4d00000)
 Metaspace       used 34816K, capacity 35182K, committed 35416K, reserved 1081344K
  class space    used 3973K, capacity 4091K, committed 4096K, reserved 1048576K
Event: 4.850 GC heap after
Heap after GC invocations=3 (full 1):
 PSYoungGen      total 611840K, used 19211K [0x00000000d5580000, 0x0000000100000000, 0x0000000100000000)
  eden space 524800K, 0% used [0x00000000d5580000,0x00000000d5580000,0x00000000f5600000)
  from space 87040K, 22% used [0x00000000fab00000,0x00000000fbdc2c90,0x0000000100000000)
  to   space 87040K, 0% used [0x00000000f5600000,0x00000000f5600000,0x00000000fab00000)
 ParOldGen       total 865280K, used 13749K [0x0000000080000000, 0x00000000b4d00000, 0x00000000d5580000)
  object space 865280K, 1% used [0x0000000080000000,0x0000000080d6d6e8,0x00000000b4d00000)
 Metaspace       used 34816K, capacity 35182K, committed 35416K, reserved 1081344K
  class space    used 3973K, capacity 4091K, committed 4096K, reserved 1048576K
}
Event: 4.850 GC heap before
{Heap before GC invocations=4 (full 2):
 PSYoungGen      total 611840K, used 19211K [0x00000000d5580000, 0x0000000100000000, 0x0000000100000000)
  eden space 524800K, 0% used [0x00000000d5580000,0x00000000d5580000,0x00000000f5600000)
  from space 87040K, 22% used [0x00000000fab00000,0x00000000fbdc2c90,0x0000000100000000)
  to   space 87040K, 0% used [0x00000000f5600000,0x00000000f5600000,0x00000000fab00000)
 ParOldGen       total 865280K, used 13749K [0x0000000080000000, 0x00000000b4d00000, 0x00000000d5580000)
  object space 865280K, 1% used [0x0000000080000000,0x0000000080d6d6e8,0x00000000b4d00000)
 Metaspace       used 34816K, capacity 35182K, committed 35416K, reserved 1081344K
  class space    used 3973K, capacity 4091K, committed 4096K, reserved 1048576K
Event: 4.968 GC heap after
Heap after GC invocations=4 (full 2):
 PSYoungGen      total 611840K, used 0K [0x00000000d5580000, 0x0000000100000000, 0x0000000100000000)
  eden space 524800K, 0% used [0x00000000d5580000,0x00000000d5580000,0x00000000f5600000)
  from space 87040K, 0% used [0x00000000fab00000,0x00000000fab00000,0x0000000100000000)
  to   space 87040K, 0% used [0x00000000f5600000,0x00000000f5600000,0x00000000fab00000)
 ParOldGen       total 1398272K, used 23541K [0x0000000080000000, 0x00000000d5580000, 0x00000000d5580000)
  object space 1398272K, 1% used [0x0000000080000000,0x00000000816fd438,0x00000000d5580000)
 Metaspace       used 34816K, capacity 35182K, committed 35416K, reserved 1081344K
  class space    used 3973K, capacity 4091K, committed 4096K, reserved 1048576K
}
Event: 11.582 GC heap before
{Heap before GC invocations=5 (full 2):
 PSYoungGen      total 611840K, used 523748K [0x00000000d5580000, 0x0000000100000000, 0x0000000100000000)
  eden space 524800K, 99% used [0x00000000d5580000,0x00000000f54f9330,0x00000000f5600000)
  from space 87040K, 0% used [0x00000000fab00000,0x00000000fab00000,0x0000000100000000)
  to   space 87040K, 0% used [0x00000000f5600000,0x00000000f5600000,0x00000000fab00000)
 ParOldGen       total 1398272K, used 23541K [0x0000000080000000, 0x00000000d5580000, 0x00000000d5580000)
  object space 1398272K, 1% used [0x0000000080000000,0x00000000816fd438,0x00000000d5580000)
 Metaspace       used 57445K, capacity 58858K, committed 59008K, reserved 1101824K
  class space    used 6649K, capacity 6945K, committed 7040K, reserved 1048576K
Event: 11.641 GC heap after
Heap after GC invocations=5 (full 2):
 PSYoungGen      total 611840K, used 34114K [0x00000000d5580000, 0x0000000100000000, 0x0000000100000000)
  eden space 524800K, 0% used [0x00000000d5580000,0x00000000d5580000,0x00000000f5600000)
  from space 87040K, 39% used [0x00000000f5600000,0x00000000f77509a0,0x00000000fab00000)
  to   space 87040K, 0% used [0x00000000fab00000,0x00000000fab00000,0x0000000100000000)
 ParOldGen       total 1398272K, used 23549K [0x0000000080000000, 0x00000000d5580000, 0x00000000d5580000)
  object space 1398272K, 1% used [0x0000000080000000,0x00000000816ff438,0x00000000d5580000)
 Metaspace       used 57445K, capacity 58858K, committed 59008K, reserved 1101824K
  class space    used 6649K, capacity 6945K, committed 7040K, reserved 1048576K
}
Event: 11.641 GC heap before
{Heap before GC invocations=6 (full 3):
 PSYoungGen      total 611840K, used 34114K [0x00000000d5580000, 0x0000000100000000, 0x0000000100000000)
  eden space 524800K, 0% used [0x00000000d5580000,0x00000000d5580000,0x00000000f5600000)
  from space 87040K, 39% used [0x00000000f5600000,0x00000000f77509a0,0x00000000fab00000)
  to   space 87040K, 0% used [0x00000000fab00000,0x00000000fab00000,0x0000000100000000)
 ParOldGen       total 1398272K, used 23549K [0x0000000080000000, 0x00000000d5580000, 0x00000000d5580000)
  object space 1398272K, 1% used [0x0000000080000000,0x00000000816ff438,0x00000000d5580000)
 Metaspace       used 57445K, capacity 58858K, committed 59008K, reserved 1101824K
  class space    used 6649K, capacity 6945K, committed 7040K, reserved 1048576K
Event: 11.927 GC heap after
Heap after GC invocations=6 (full 3):
 PSYoungGen      total 611840K, used 0K [0x00000000d5580000, 0x0000000100000000, 0x0000000100000000)
  eden space 524800K, 0% used [0x00000000d5580000,0x00000000d5580000,0x00000000f5600000)
  from space 87040K, 0% used [0x00000000f5600000,0x00000000f5600000,0x00000000fab00000)
  to   space 87040K, 0% used [0x00000000fab00000,0x00000000fab00000,0x0000000100000000)
 ParOldGen       total 1398272K, used 44702K [0x0000000080000000, 0x00000000d5580000, 0x00000000d5580000)
  object space 1398272K, 3% used [0x0000000080000000,0x0000000082ba7ae8,0x00000000d5580000)
 Metaspace       used 57410K, capacity 58776K, committed 59008K, reserved 1101824K
  class space    used 6637K, capacity 6924K, committed 7040K, reserved 1048576K
}
Event: 63.424 GC heap before
{Heap before GC invocations=7 (full 3):
 PSYoungGen      total 611840K, used 524800K [0x00000000d5580000, 0x0000000100000000, 0x0000000100000000)
  eden space 524800K, 100% used [0x00000000d5580000,0x00000000f5600000,0x00000000f5600000)
  from space 87040K, 0% used [0x00000000f5600000,0x00000000f5600000,0x00000000fab00000)
  to   space 87040K, 0% used [0x00000000fab00000,0x00000000fab00000,0x0000000100000000)
 ParOldGen       total 1398272K, used 44702K [0x0000000080000000, 0x00000000d5580000, 0x00000000d5580000)
  object space 1398272K, 3% used [0x0000000080000000,0x0000000082ba7ae8,0x00000000d5580000)
 Metaspace       used 66273K, capacity 69480K, committed 69632K, reserved 1110016K
  class space    used 7593K, capacity 8186K, committed 8192K, reserved 1048576K
Event: 63.603 GC heap after
Heap after GC invocations=7 (full 3):
 PSYoungGen      total 611840K, used 70163K [0x00000000d5580000, 0x0000000100000000, 0x0000000100000000)
  eden space 524800K, 0% used [0x00000000d5580000,0x00000000d5580000,0x00000000f5600000)
  from space 87040K, 80% used [0x00000000fab00000,0x00000000fef84fc0,0x0000000100000000)
  to   space 87040K, 0% used [0x00000000f5600000,0x00000000f5600000,0x00000000fab00000)
 ParOldGen       total 1398272K, used 44710K [0x0000000080000000, 0x00000000d5580000, 0x00000000d5580000)
  object space 1398272K, 3% used [0x0000000080000000,0x0000000082ba9ae8,0x00000000d5580000)
 Metaspace       used 66273K, capacity 69480K, committed 69632K, reserved 1110016K
  class space    used 7593K, capacity 8186K, committed 8192K, reserved 1048576K
}

