# JRE version: OpenJDK Runtime Environment (8.0_212-b04) (build 1.8.0_212-b04)
# Java VM: OpenJDK 64-Bit Server VM (25.212-b04 mixed mode linux-amd64 compressed oops)
Heap:
 PSYoungGen      total 578560K, used 231117K [0x00000000d5580000, 0x0000000100000000, 0x0000000100000000)
  eden space 491008K, 36% used [0x00000000d5580000,0x00000000e0350a88,0x00000000f3500000)
  from space 87552K, 60% used [0x00000000f3500000,0x00000000f68e2b98,0x00000000f8a80000)
  to   space 89088K, 0% used [0x00000000fa900000,0x00000000fa900000,0x0000000100000000)
 ParOldGen       total 1398272K, used 108403K [0x0000000080000000, 0x00000000d5580000, 0x00000000d5580000)
  object space 1398272K, 7% used [0x0000000080000000,0x00000000869dce80,0x00000000d5580000)
 Metaspace       used 70537K, capacity 73426K, committed 73600K, reserved 1114112K
  class space    used 7744K, capacity 8245K, committed 8320K, reserved 1048576K
GC Heap History (10 events):
Event: 19.365 GC heap before
{Heap before GC invocations=6 (full 2):
 PSYoungGen      total 611840K, used 67038K [0x00000000d5580000, 0x0000000100000000, 0x0000000100000000)
  eden space 524800K, 7% used [0x00000000d5580000,0x00000000d7ce4e00,0x00000000f5600000)
  from space 87040K, 30% used [0x00000000f5600000,0x00000000f7012d30,0x00000000fab00000)
  to   space 87040K, 0% used [0x00000000fab00000,0x00000000fab00000,0x0000000100000000)
 ParOldGen       total 1398272K, used 23747K [0x0000000080000000, 0x00000000d5580000, 0x00000000d5580000)
  object space 1398272K, 1% used [0x0000000080000000,0x0000000081730df8,0x00000000d5580000)
 Metaspace       used 57559K, capacity 58926K, committed 59008K, reserved 1101824K
  class space    used 6709K, capacity 6999K, committed 7040K, reserved 1048576K
Event: 19.391 GC heap after
Heap after GC invocations=6 (full 2):
 PSYoungGen      total 611840K, used 10318K [0x00000000d5580000, 0x0000000100000000, 0x0000000100000000)
  eden space 524800K, 0% used [0x00000000d5580000,0x00000000d5580000,0x00000000f5600000)
  from space 87040K, 11% used [0x00000000fab00000,0x00000000fb513960,0x0000000100000000)
  to   space 87040K, 0% used [0x00000000f5600000,0x00000000f5600000,0x00000000fab00000)
 ParOldGen       total 1398272K, used 23755K [0x0000000080000000, 0x00000000d5580000, 0x00000000d5580000)
  object space 1398272K, 1% used [0x0000000080000000,0x0000000081732df8,0x00000000d5580000)
 Metaspace       used 57559K, capacity 58926K, committed 59008K, reserved 1101824K
  class space    used 6709K, capacity 6999K, committed 7040K, reserved 1048576K
}
Event: 19.391 GC heap before
{Heap before GC invocations=7 (full 3):
 PSYoungGen      total 611840K, used 10318K [0x00000000d5580000, 0x0000000100000000, 0x0000000100000000)
  eden space 524800K, 0% used [0x00000000d5580000,0x00000000d5580000,0x00000000f5600000)
  from space 87040K, 11% used [0x00000000fab00000,0x00000000fb513960,0x0000000100000000)
  to   space 87040K, 0% used [0x00000000f5600000,0x00000000f5600000,0x00000000fab00000)
 ParOldGen       total 1398272K, used 23755K [0x0000000080000000, 0x00000000d5580000, 0x00000000d5580000)
  object space 1398272K, 1% used [0x0000000080000000,0x0000000081732df8,0x00000000d5580000)
 Metaspace       used 57559K, capacity 58926K, committed 59008K, reserved 1101824K
  class space    used 6709K, capacity 6999K, committed 7040K, reserved 1048576K
Event: 19.588 GC heap after
Heap after GC invocations=7 (full 3):
 PSYoungGen      total 611840K, used 0K [0x00000000d5580000, 0x0000000100000000, 0x0000000100000000)
  eden space 524800K, 0% used [0x00000000d5580000,0x00000000d5580000,0x00000000f5600000)
  from space 87040K, 0% used [0x00000000fab00000,0x00000000fab00000,0x0000000100000000)
  to   space 87040K, 0% used [0x00000000f5600000,0x00000000f5600000,0x00000000fab00000)
 ParOldGen       total 1398272K, used 22625K [0x0000000080000000, 0x00000000d5580000, 0x00000000d5580000)
  object space 1398272K, 1% used [0x0000000080000000,0x00000000816187f8,0x00000000d5580000)
 Metaspace       used 57525K, capacity 58838K, committed 59008K, reserved 1101824K
  class space    used 6696K, capacity 6977K, committed 7040K, reserved 1048576K
}
Event: 102.909 GC heap before
{Heap before GC invocations=8 (full 3):
 PSYoungGen      total 611840K, used 524800K [0x00000000d5580000, 0x0000000100000000, 0x0000000100000000)
  eden space 524800K, 100% used [0x00000000d5580000,0x00000000f5600000,0x00000000f5600000)
  from space 87040K, 0% used [0x00000000fab00000,0x00000000fab00000,0x0000000100000000)
  to   space 87040K, 0% used [0x00000000f5600000,0x00000000f5600000,0x00000000fab00000)
 ParOldGen       total 1398272K, used 22633K [0x0000000080000000, 0x00000000d5580000, 0x00000000d5580000)
  object space 1398272K, 1% used [0x0000000080000000,0x000000008161a530,0x00000000d5580000)
 Metaspace       used 61279K, capacity 63086K, committed 63232K, reserved 1105920K
  class space    used 7024K, capacity 7383K, committed 7424K, reserved 1048576K
Event: 102.999 GC heap after
Heap after GC invocations=8 (full 3):
 PSYoungGen      total 551424K, used 26426K [0x00000000d5580000, 0x00000000fab80000, 0x0000000100000000)
  eden space 524800K, 0% used [0x00000000d5580000,0x00000000d5580000,0x00000000f5600000)
  from space 26624K, 99% used [0x00000000f5600000,0x00000000f6fce920,0x00000000f7000000)
  to   space 33792K, 0% used [0x00000000f8a80000,0x00000000f8a80000,0x00000000fab80000)
 ParOldGen       total 1398272K, used 22641K [0x0000000080000000, 0x00000000d5580000, 0x00000000d5580000)
  object space 1398272K, 1% used [0x0000000080000000,0x000000008161c530,0x00000000d5580000)
 Metaspace       used 61279K, capacity 63086K, committed 63232K, reserved 1105920K
  class space    used 7024K, capacity 7383K, committed 7424K, reserved 1048576K
}
Event: 371.003 GC heap before
{Heap before GC invocations=9 (full 3):
 PSYoungGen      total 551424K, used 551226K [0x00000000d5580000, 0x00000000fab80000, 0x0000000100000000)
  eden space 524800K, 100% used [0x00000000d5580000,0x00000000f5600000,0x00000000f5600000)
  from space 26624K, 99% used [0x00000000f5600000,0x00000000f6fce920,0x00000000f7000000)
  to   space 33792K, 0% used [0x00000000f8a80000,0x00000000f8a80000,0x00000000fab80000)
 ParOldGen       total 1398272K, used 22641K [0x0000000080000000, 0x00000000d5580000, 0x00000000d5580000)
  object space 1398272K, 1% used [0x0000000080000000,0x000000008161c530,0x00000000d5580000)
 Metaspace       used 69226K, capacity 72070K, committed 72320K, reserved 1114112K
  class space    used 7728K, capacity 8227K, committed 8320K, reserved 1048576K
Event: 371.298 GC heap after
Heap after GC invocations=9 (full 3):
 PSYoungGen      total 524800K, used 33765K [0x00000000d5580000, 0x0000000100000000, 0x0000000100000000)
  eden space 491008K, 0% used [0x00000000d5580000,0x00000000d5580000,0x00000000f3500000)
  from space 33792K, 99% used [0x00000000f8a80000,0x00000000fab797c8,0x00000000fab80000)
  to   space 87552K, 0% used [0x00000000f3500000,0x00000000f3500000,0x00000000f8a80000)
 ParOldGen       total 1398272K, used 108395K [0x0000000080000000, 0x00000000d5580000, 0x00000000d5580000)
  object space 1398272K, 7% used [0x0000000080000000,0x00000000869dae80,0x00000000d5580000)
 Metaspace       used 69226K, capacity 72070K, committed 72320K, reserved 1114112K
  class space    used 7728K, capacity 8227K, committed 8320K, reserved 1048576K
}
Event: 519.137 GC heap before
{Heap before GC invocations=10 (full 3):
 PSYoungGen      total 524800K, used 524773K [0x00000000d5580000, 0x0000000100000000, 0x0000000100000000)
  eden space 491008K, 100% used [0x00000000d5580000,0x00000000f3500000,0x00000000f3500000)
  from space 33792K, 99% used [0x00000000f8a80000,0x00000000fab797c8,0x00000000fab80000)
  to   space 87552K, 0% used [0x00000000f3500000,0x00000000f3500000,0x00000000f8a80000)
 ParOldGen       total 1398272K, used 108395K [0x0000000080000000, 0x00000000d5580000, 0x00000000d5580000)
  object space 1398272K, 7% used [0x0000000080000000,0x00000000869dae80,0x00000000d5580000)
 Metaspace       used 69989K, capacity 72888K, committed 73088K, reserved 1114112K
  class space    used 7743K, capacity 8244K, committed 8320K, reserved 1048576K
Event: 519.305 GC heap after
Heap after GC invocations=10 (full 3):
 PSYoungGen      total 578560K, used 53130K [0x00000000d5580000, 0x0000000100000000, 0x0000000100000000)
  eden space 491008K, 0% used [0x00000000d5580000,0x00000000d5580000,0x00000000f3500000)
  from space 87552K, 60% used [0x00000000f3500000,0x00000000f68e2b98,0x00000000f8a80000)
  to   space 89088K, 0% used [0x00000000fa900000,0x00000000fa900000,0x0000000100000000)
 ParOldGen       total 1398272K, used 108403K [0x0000000080000000, 0x00000000d5580000, 0x00000000d5580000)
  object space 1398272K, 7% used [0x0000000080000000,0x00000000869dce80,0x00000000d5580000)
 Metaspace       used 69989K, capacity 72888K, committed 73088K, reserved 1114112K
  class space    used 7743K, capacity 8244K, committed 8320K, reserved 1048576K
}

