# JRE version: OpenJDK Runtime Environment (8.0_212-b04) (build 1.8.0_212-b04)
# Java VM: OpenJDK 64-Bit Server VM (25.212-b04 mixed mode linux-amd64 compressed oops)
Heap:
 PSYoungGen      total 611840K, used 207457K [0x00000000d5580000, 0x0000000100000000, 0x0000000100000000)
  eden space 524800K, 39% used [0x00000000d5580000,0x00000000e2018408,0x00000000f5600000)
  from space 87040K, 0% used [0x00000000f5600000,0x00000000f5600000,0x00000000fab00000)
  to   space 87040K, 0% used [0x00000000fab00000,0x00000000fab00000,0x0000000100000000)
 ParOldGen       total 1398272K, used 44757K [0x0000000080000000, 0x00000000d5580000, 0x00000000d5580000)
  object space 1398272K, 3% used [0x0000000080000000,0x0000000082bb5410,0x00000000d5580000)
 Metaspace       used 62711K, capacity 64900K, committed 65024K, reserved 1105920K
  class space    used 7232K, capacity 7658K, committed 7680K, reserved 1048576K
GC Heap History (10 events):
Event: 2.428 GC heap before
{Heap before GC invocations=2 (full 1):
 PSYoungGen      total 611840K, used 14274K [0x00000000d5580000, 0x0000000100000000, 0x0000000100000000)
  eden space 524800K, 0% used [0x00000000d5580000,0x00000000d5580000,0x00000000f5600000)
  from space 87040K, 16% used [0x00000000f5600000,0x00000000f63f09d0,0x00000000fab00000)
  to   space 87040K, 0% used [0x00000000fab00000,0x00000000fab00000,0x0000000100000000)
 ParOldGen       total 1398272K, used 72K [0x0000000080000000, 0x00000000d5580000, 0x00000000d5580000)
  object space 1398272K, 0% used [0x0000000080000000,0x0000000080012010,0x00000000d5580000)
 Metaspace       used 20735K, capacity 21016K, committed 21248K, reserved 1069056K
  class space    used 2345K, capacity 2451K, committed 2560K, reserved 1048576K
Event: 2.493 GC heap after
Heap after GC invocations=2 (full 1):
 PSYoungGen      total 611840K, used 0K [0x00000000d5580000, 0x0000000100000000, 0x0000000100000000)
  eden space 524800K, 0% used [0x00000000d5580000,0x00000000d5580000,0x00000000f5600000)
  from space 87040K, 0% used [0x00000000f5600000,0x00000000f5600000,0x00000000fab00000)
  to   space 87040K, 0% used [0x00000000fab00000,0x00000000fab00000,0x0000000100000000)
 ParOldGen       total 890368K, used 13734K [0x0000000080000000, 0x00000000b6580000, 0x00000000d5580000)
  object space 890368K, 1% used [0x0000000080000000,0x0000000080d699b0,0x00000000b6580000)
 Metaspace       used 20735K, capacity 21016K, committed 21248K, reserved 1069056K
  class space    used 2345K, capacity 2451K, committed 2560K, reserved 1048576K
}
Event: 4.761 GC heap before
{Heap before GC invocations=3 (full 1):
 PSYoungGen      total 611840K, used 480682K [0x00000000d5580000, 0x0000000100000000, 0x0000000100000000)
  eden space 524800K, 91% used [0x00000000d5580000,0x00000000f2aeaa28,0x00000000f5600000)
  from space 87040K, 0% used [0x00000000f5600000,0x00000000f5600000,0x00000000fab00000)
  to   space 87040K, 0% used [0x00000000fab00000,0x00000000fab00000,0x0000000100000000)
 ParOldGen       total 890368K, used 13734K [0x0000000080000000, 0x00000000b6580000, 0x00000000d5580000)
  object space 890368K, 1% used [0x0000000080000000,0x0000000080d699b0,0x00000000b6580000)
 Metaspace       used 34686K, capacity 35028K, committed 35416K, reserved 1081344K
  class space    used 3952K, capacity 4060K, committed 4096K, reserved 1048576K
Event: 4.791 GC heap after
Heap after GC invocations=3 (full 1):
 PSYoungGen      total 611840K, used 19210K [0x00000000d5580000, 0x0000000100000000, 0x0000000100000000)
  eden space 524800K, 0% used [0x00000000d5580000,0x00000000d5580000,0x00000000f5600000)
  from space 87040K, 22% used [0x00000000fab00000,0x00000000fbdc28e0,0x0000000100000000)
  to   space 87040K, 0% used [0x00000000f5600000,0x00000000f5600000,0x00000000fab00000)
 ParOldGen       total 890368K, used 13734K [0x0000000080000000, 0x00000000b6580000, 0x00000000d5580000)
  object space 890368K, 1% used [0x0000000080000000,0x0000000080d699b0,0x00000000b6580000)
 Metaspace       used 34686K, capacity 35028K, committed 35416K, reserved 1081344K
  class space    used 3952K, capacity 4060K, committed 4096K, reserved 1048576K
}
Event: 4.791 GC heap before
{Heap before GC invocations=4 (full 2):
 PSYoungGen      total 611840K, used 19210K [0x00000000d5580000, 0x0000000100000000, 0x0000000100000000)
  eden space 524800K, 0% used [0x00000000d5580000,0x00000000d5580000,0x00000000f5600000)
  from space 87040K, 22% used [0x00000000fab00000,0x00000000fbdc28e0,0x0000000100000000)
  to   space 87040K, 0% used [0x00000000f5600000,0x00000000f5600000,0x00000000fab00000)
 ParOldGen       total 890368K, used 13734K [0x0000000080000000, 0x00000000b6580000, 0x00000000d5580000)
  object space 890368K, 1% used [0x0000000080000000,0x0000000080d699b0,0x00000000b6580000)
 Metaspace       used 34686K, capacity 35028K, committed 35416K, reserved 1081344K
  class space    used 3952K, capacity 4060K, committed 4096K, reserved 1048576K
Event: 4.883 GC heap after
Heap after GC invocations=4 (full 2):
 PSYoungGen      total 611840K, used 0K [0x00000000d5580000, 0x0000000100000000, 0x0000000100000000)
  eden space 524800K, 0% used [0x00000000d5580000,0x00000000d5580000,0x00000000f5600000)
  from space 87040K, 0% used [0x00000000fab00000,0x00000000fab00000,0x0000000100000000)
  to   space 87040K, 0% used [0x00000000f5600000,0x00000000f5600000,0x00000000fab00000)
 ParOldGen       total 1398272K, used 23619K [0x0000000080000000, 0x00000000d5580000, 0x00000000d5580000)
  object space 1398272K, 1% used [0x0000000080000000,0x0000000081710e80,0x00000000d5580000)
 Metaspace       used 34686K, capacity 35028K, committed 35416K, reserved 1081344K
  class space    used 3952K, capacity 4060K, committed 4096K, reserved 1048576K
}
Event: 10.689 GC heap before
{Heap before GC invocations=5 (full 2):
 PSYoungGen      total 611840K, used 406600K [0x00000000d5580000, 0x0000000100000000, 0x0000000100000000)
  eden space 524800K, 77% used [0x00000000d5580000,0x00000000ee292218,0x00000000f5600000)
  from space 87040K, 0% used [0x00000000fab00000,0x00000000fab00000,0x0000000100000000)
  to   space 87040K, 0% used [0x00000000f5600000,0x00000000f5600000,0x00000000fab00000)
 ParOldGen       total 1398272K, used 23619K [0x0000000080000000, 0x00000000d5580000, 0x00000000d5580000)
  object space 1398272K, 1% used [0x0000000080000000,0x0000000081710e80,0x00000000d5580000)
 Metaspace       used 57479K, capacity 58854K, committed 59008K, reserved 1101824K
  class space    used 6677K, capacity 6949K, committed 7040K, reserved 1048576K
Event: 10.759 GC heap after
Heap after GC invocations=5 (full 2):
 PSYoungGen      total 611840K, used 34259K [0x00000000d5580000, 0x0000000100000000, 0x0000000100000000)
  eden space 524800K, 0% used [0x00000000d5580000,0x00000000d5580000,0x00000000f5600000)
  from space 87040K, 39% used [0x00000000f5600000,0x00000000f7774f10,0x00000000fab00000)
  to   space 87040K, 0% used [0x00000000fab00000,0x00000000fab00000,0x0000000100000000)
 ParOldGen       total 1398272K, used 23619K [0x0000000080000000, 0x00000000d5580000, 0x00000000d5580000)
  object space 1398272K, 1% used [0x0000000080000000,0x0000000081710e80,0x00000000d5580000)
 Metaspace       used 57479K, capacity 58854K, committed 59008K, reserved 1101824K
  class space    used 6677K, capacity 6949K, committed 7040K, reserved 1048576K
}
Event: 10.759 GC heap before
{Heap before GC invocations=6 (full 3):
 PSYoungGen      total 611840K, used 34259K [0x00000000d5580000, 0x0000000100000000, 0x0000000100000000)
  eden space 524800K, 0% used [0x00000000d5580000,0x00000000d5580000,0x00000000f5600000)
  from space 87040K, 39% used [0x00000000f5600000,0x00000000f7774f10,0x00000000fab00000)
  to   space 87040K, 0% used [0x00000000fab00000,0x00000000fab00000,0x0000000100000000)
 ParOldGen       total 1398272K, used 23619K [0x0000000080000000, 0x00000000d5580000, 0x00000000d5580000)
  object space 1398272K, 1% used [0x0000000080000000,0x0000000081710e80,0x00000000d5580000)
 Metaspace       used 57479K, capacity 58854K, committed 59008K, reserved 1101824K
  class space    used 6677K, capacity 6949K, committed 7040K, reserved 1048576K
Event: 10.988 GC heap after
Heap after GC invocations=6 (full 3):
 PSYoungGen      total 611840K, used 0K [0x00000000d5580000, 0x0000000100000000, 0x0000000100000000)
  eden space 524800K, 0% used [0x00000000d5580000,0x00000000d5580000,0x00000000f5600000)
  from space 87040K, 0% used [0x00000000f5600000,0x00000000f5600000,0x00000000fab00000)
  to   space 87040K, 0% used [0x00000000fab00000,0x00000000fab00000,0x0000000100000000)
 ParOldGen       total 1398272K, used 44757K [0x0000000080000000, 0x00000000d5580000, 0x00000000d5580000)
  object space 1398272K, 3% used [0x0000000080000000,0x0000000082bb5410,0x00000000d5580000)
 Metaspace       used 57450K, capacity 58782K, committed 59008K, reserved 1101824K
  class space    used 6666K, capacity 6931K, committed 7040K, reserved 1048576K
}

