# JRE version: OpenJDK Runtime Environment (8.0_212-b04) (build 1.8.0_212-b04)
# Java VM: OpenJDK 64-Bit Server VM (25.212-b04 mixed mode linux-amd64 compressed oops)
Heap:
 PSYoungGen      total 611840K, used 185877K [0x00000000d5580000, 0x0000000100000000, 0x0000000100000000)
  eden space 524800K, 35% used [0x00000000d5580000,0x00000000e0b054e8,0x00000000f5600000)
  from space 87040K, 0% used [0x00000000f5600000,0x00000000f5600000,0x00000000fab00000)
  to   space 87040K, 0% used [0x00000000fab00000,0x00000000fab00000,0x0000000100000000)
 ParOldGen       total 1398272K, used 40988K [0x0000000080000000, 0x00000000d5580000, 0x00000000d5580000)
  object space 1398272K, 2% used [0x0000000080000000,0x0000000082807380,0x00000000d5580000)
 Metaspace       used 64324K, capacity 66680K, committed 66776K, reserved 1107968K
  class space    used 7446K, capacity 7882K, committed 7896K, reserved 1048576K
GC Heap History (10 events):
Event: 2.153 GC heap before
{Heap before GC invocations=2 (full 1):
 PSYoungGen      total 611840K, used 14337K [0x00000000d5580000, 0x0000000100000000, 0x0000000100000000)
  eden space 524800K, 0% used [0x00000000d5580000,0x00000000d5580000,0x00000000f5600000)
  from space 87040K, 16% used [0x00000000f5600000,0x00000000f6400510,0x00000000fab00000)
  to   space 87040K, 0% used [0x00000000fab00000,0x00000000fab00000,0x0000000100000000)
 ParOldGen       total 1398272K, used 80K [0x0000000080000000, 0x00000000d5580000, 0x00000000d5580000)
  object space 1398272K, 0% used [0x0000000080000000,0x0000000080014010,0x00000000d5580000)
 Metaspace       used 20831K, capacity 21074K, committed 21248K, reserved 1069056K
  class space    used 2364K, capacity 2450K, committed 2560K, reserved 1048576K
Event: 2.199 GC heap after
Heap after GC invocations=2 (full 1):
 PSYoungGen      total 611840K, used 0K [0x00000000d5580000, 0x0000000100000000, 0x0000000100000000)
  eden space 524800K, 0% used [0x00000000d5580000,0x00000000d5580000,0x00000000f5600000)
  from space 87040K, 0% used [0x00000000f5600000,0x00000000f5600000,0x00000000fab00000)
  to   space 87040K, 0% used [0x00000000fab00000,0x00000000fab00000,0x0000000100000000)
 ParOldGen       total 882176K, used 13755K [0x0000000080000000, 0x00000000b5d80000, 0x00000000d5580000)
  object space 882176K, 1% used [0x0000000080000000,0x0000000080d6ed18,0x00000000b5d80000)
 Metaspace       used 20831K, capacity 21074K, committed 21248K, reserved 1069056K
  class space    used 2364K, capacity 2450K, committed 2560K, reserved 1048576K
}
Event: 4.137 GC heap before
{Heap before GC invocations=3 (full 1):
 PSYoungGen      total 611840K, used 382192K [0x00000000d5580000, 0x0000000100000000, 0x0000000100000000)
  eden space 524800K, 72% used [0x00000000d5580000,0x00000000ecabc310,0x00000000f5600000)
  from space 87040K, 0% used [0x00000000f5600000,0x00000000f5600000,0x00000000fab00000)
  to   space 87040K, 0% used [0x00000000fab00000,0x00000000fab00000,0x0000000100000000)
 ParOldGen       total 882176K, used 13755K [0x0000000080000000, 0x00000000b5d80000, 0x00000000d5580000)
  object space 882176K, 1% used [0x0000000080000000,0x0000000080d6ed18,0x00000000b5d80000)
 Metaspace       used 34713K, capacity 35238K, committed 35416K, reserved 1081344K
  class space    used 3976K, capacity 4129K, committed 4184K, reserved 1048576K
Event: 4.169 GC heap after
Heap after GC invocations=3 (full 1):
 PSYoungGen      total 611840K, used 18539K [0x00000000d5580000, 0x0000000100000000, 0x0000000100000000)
  eden space 524800K, 0% used [0x00000000d5580000,0x00000000d5580000,0x00000000f5600000)
  from space 87040K, 21% used [0x00000000fab00000,0x00000000fbd1ac90,0x0000000100000000)
  to   space 87040K, 0% used [0x00000000f5600000,0x00000000f5600000,0x00000000fab00000)
 ParOldGen       total 882176K, used 13763K [0x0000000080000000, 0x00000000b5d80000, 0x00000000d5580000)
  object space 882176K, 1% used [0x0000000080000000,0x0000000080d70d18,0x00000000b5d80000)
 Metaspace       used 34713K, capacity 35238K, committed 35416K, reserved 1081344K
  class space    used 3976K, capacity 4129K, committed 4184K, reserved 1048576K
}
Event: 4.169 GC heap before
{Heap before GC invocations=4 (full 2):
 PSYoungGen      total 611840K, used 18539K [0x00000000d5580000, 0x0000000100000000, 0x0000000100000000)
  eden space 524800K, 0% used [0x00000000d5580000,0x00000000d5580000,0x00000000f5600000)
  from space 87040K, 21% used [0x00000000fab00000,0x00000000fbd1ac90,0x0000000100000000)
  to   space 87040K, 0% used [0x00000000f5600000,0x00000000f5600000,0x00000000fab00000)
 ParOldGen       total 882176K, used 13763K [0x0000000080000000, 0x00000000b5d80000, 0x00000000d5580000)
  object space 882176K, 1% used [0x0000000080000000,0x0000000080d70d18,0x00000000b5d80000)
 Metaspace       used 34713K, capacity 35238K, committed 35416K, reserved 1081344K
  class space    used 3976K, capacity 4129K, committed 4184K, reserved 1048576K
Event: 4.261 GC heap after
Heap after GC invocations=4 (full 2):
 PSYoungGen      total 611840K, used 0K [0x00000000d5580000, 0x0000000100000000, 0x0000000100000000)
  eden space 524800K, 0% used [0x00000000d5580000,0x00000000d5580000,0x00000000f5600000)
  from space 87040K, 0% used [0x00000000fab00000,0x00000000fab00000,0x0000000100000000)
  to   space 87040K, 0% used [0x00000000f5600000,0x00000000f5600000,0x00000000fab00000)
 ParOldGen       total 1398272K, used 22928K [0x0000000080000000, 0x00000000d5580000, 0x00000000d5580000)
  object space 1398272K, 1% used [0x0000000080000000,0x0000000081664298,0x00000000d5580000)
 Metaspace       used 34713K, capacity 35238K, committed 35416K, reserved 1081344K
  class space    used 3976K, capacity 4129K, committed 4184K, reserved 1048576K
}
Event: 11.289 GC heap before
{Heap before GC invocations=5 (full 2):
 PSYoungGen      total 611840K, used 411580K [0x00000000d5580000, 0x0000000100000000, 0x0000000100000000)
  eden space 524800K, 78% used [0x00000000d5580000,0x00000000ee76f128,0x00000000f5600000)
  from space 87040K, 0% used [0x00000000fab00000,0x00000000fab00000,0x0000000100000000)
  to   space 87040K, 0% used [0x00000000f5600000,0x00000000f5600000,0x00000000fab00000)
 ParOldGen       total 1398272K, used 22928K [0x0000000080000000, 0x00000000d5580000, 0x00000000d5580000)
  object space 1398272K, 1% used [0x0000000080000000,0x0000000081664298,0x00000000d5580000)
 Metaspace       used 57337K, capacity 58802K, committed 58968K, reserved 1101824K
  class space    used 6690K, capacity 6997K, committed 7000K, reserved 1048576K
Event: 11.365 GC heap after
Heap after GC invocations=5 (full 2):
 PSYoungGen      total 611840K, used 30883K [0x00000000d5580000, 0x0000000100000000, 0x0000000100000000)
  eden space 524800K, 0% used [0x00000000d5580000,0x00000000d5580000,0x00000000f5600000)
  from space 87040K, 35% used [0x00000000f5600000,0x00000000f7428f50,0x00000000fab00000)
  to   space 87040K, 0% used [0x00000000fab00000,0x00000000fab00000,0x0000000100000000)
 ParOldGen       total 1398272K, used 22936K [0x0000000080000000, 0x00000000d5580000, 0x00000000d5580000)
  object space 1398272K, 1% used [0x0000000080000000,0x0000000081666298,0x00000000d5580000)
 Metaspace       used 57337K, capacity 58802K, committed 58968K, reserved 1101824K
  class space    used 6690K, capacity 6997K, committed 7000K, reserved 1048576K
}
Event: 11.365 GC heap before
{Heap before GC invocations=6 (full 3):
 PSYoungGen      total 611840K, used 30883K [0x00000000d5580000, 0x0000000100000000, 0x0000000100000000)
  eden space 524800K, 0% used [0x00000000d5580000,0x00000000d5580000,0x00000000f5600000)
  from space 87040K, 35% used [0x00000000f5600000,0x00000000f7428f50,0x00000000fab00000)
  to   space 87040K, 0% used [0x00000000fab00000,0x00000000fab00000,0x0000000100000000)
 ParOldGen       total 1398272K, used 22936K [0x0000000080000000, 0x00000000d5580000, 0x00000000d5580000)
  object space 1398272K, 1% used [0x0000000080000000,0x0000000081666298,0x00000000d5580000)
 Metaspace       used 57337K, capacity 58802K, committed 58968K, reserved 1101824K
  class space    used 6690K, capacity 6997K, committed 7000K, reserved 1048576K
Event: 11.585 GC heap after
Heap after GC invocations=6 (full 3):
 PSYoungGen      total 611840K, used 0K [0x00000000d5580000, 0x0000000100000000, 0x0000000100000000)
  eden space 524800K, 0% used [0x00000000d5580000,0x00000000d5580000,0x00000000f5600000)
  from space 87040K, 0% used [0x00000000f5600000,0x00000000f5600000,0x00000000fab00000)
  to   space 87040K, 0% used [0x00000000fab00000,0x00000000fab00000,0x0000000100000000)
 ParOldGen       total 1398272K, used 40988K [0x0000000080000000, 0x00000000d5580000, 0x00000000d5580000)
  object space 1398272K, 2% used [0x0000000080000000,0x0000000082807380,0x00000000d5580000)
 Metaspace       used 57337K, capacity 58802K, committed 58968K, reserved 1101824K
  class space    used 6690K, capacity 6997K, committed 7000K, reserved 1048576K
}

