# JRE version: OpenJDK Runtime Environment (8.0_212-b04) (build 1.8.0_212-b04)
# Java VM: OpenJDK 64-Bit Server VM (25.212-b04 mixed mode linux-amd64 compressed oops)
Heap:
 PSYoungGen      total 611840K, used 455438K [0x00000000d5580000, 0x0000000100000000, 0x0000000100000000)
  eden space 524800K, 86% used [0x00000000d5580000,0x00000000f1243a58,0x00000000f5600000)
  from space 87040K, 0% used [0x00000000f5600000,0x00000000f5600000,0x00000000fab00000)
  to   space 87040K, 0% used [0x00000000fab00000,0x00000000fab00000,0x0000000100000000)
 ParOldGen       total 1398272K, used 44763K [0x0000000080000000, 0x00000000d5580000, 0x00000000d5580000)
  object space 1398272K, 3% used [0x0000000080000000,0x0000000082bb6e50,0x00000000d5580000)
 Metaspace       used 65357K, capacity 68158K, committed 68184K, reserved 1110016K
  class space    used 7489K, capacity 8007K, committed 8024K, reserved 1048576K
GC Heap History (10 events):
Event: 2.197 GC heap before
{Heap before GC invocations=2 (full 1):
 PSYoungGen      total 611840K, used 14277K [0x00000000d5580000, 0x0000000100000000, 0x0000000100000000)
  eden space 524800K, 0% used [0x00000000d5580000,0x00000000d5580000,0x00000000f5600000)
  from space 87040K, 16% used [0x00000000f5600000,0x00000000f63f1710,0x00000000fab00000)
  to   space 87040K, 0% used [0x00000000fab00000,0x00000000fab00000,0x0000000100000000)
 ParOldGen       total 1398272K, used 80K [0x0000000080000000, 0x00000000d5580000, 0x00000000d5580000)
  object space 1398272K, 0% used [0x0000000080000000,0x0000000080014010,0x00000000d5580000)
 Metaspace       used 20817K, capacity 21106K, committed 21248K, reserved 1069056K
  class space    used 2370K, capacity 2482K, committed 2560K, reserved 1048576K
Event: 2.281 GC heap after
Heap after GC invocations=2 (full 1):
 PSYoungGen      total 611840K, used 0K [0x00000000d5580000, 0x0000000100000000, 0x0000000100000000)
  eden space 524800K, 0% used [0x00000000d5580000,0x00000000d5580000,0x00000000f5600000)
  from space 87040K, 0% used [0x00000000f5600000,0x00000000f5600000,0x00000000fab00000)
  to   space 87040K, 0% used [0x00000000fab00000,0x00000000fab00000,0x0000000100000000)
 ParOldGen       total 901632K, used 13746K [0x0000000080000000, 0x00000000b7080000, 0x00000000d5580000)
  object space 901632K, 1% used [0x0000000080000000,0x0000000080d6cb08,0x00000000b7080000)
 Metaspace       used 20817K, capacity 21106K, committed 21248K, reserved 1069056K
  class space    used 2370K, capacity 2482K, committed 2560K, reserved 1048576K
}
Event: 4.430 GC heap before
{Heap before GC invocations=3 (full 1):
 PSYoungGen      total 611840K, used 435251K [0x00000000d5580000, 0x0000000100000000, 0x0000000100000000)
  eden space 524800K, 82% used [0x00000000d5580000,0x00000000efe8ce40,0x00000000f5600000)
  from space 87040K, 0% used [0x00000000f5600000,0x00000000f5600000,0x00000000fab00000)
  to   space 87040K, 0% used [0x00000000fab00000,0x00000000fab00000,0x0000000100000000)
 ParOldGen       total 901632K, used 13746K [0x0000000080000000, 0x00000000b7080000, 0x00000000d5580000)
  object space 901632K, 1% used [0x0000000080000000,0x0000000080d6cb08,0x00000000b7080000)
 Metaspace       used 34738K, capacity 35156K, committed 35416K, reserved 1081344K
  class space    used 3979K, capacity 4124K, committed 4184K, reserved 1048576K
Event: 4.470 GC heap after
Heap after GC invocations=3 (full 1):
 PSYoungGen      total 611840K, used 19160K [0x00000000d5580000, 0x0000000100000000, 0x0000000100000000)
  eden space 524800K, 0% used [0x00000000d5580000,0x00000000d5580000,0x00000000f5600000)
  from space 87040K, 22% used [0x00000000fab00000,0x00000000fbdb61e0,0x0000000100000000)
  to   space 87040K, 0% used [0x00000000f5600000,0x00000000f5600000,0x00000000fab00000)
 ParOldGen       total 901632K, used 13746K [0x0000000080000000, 0x00000000b7080000, 0x00000000d5580000)
  object space 901632K, 1% used [0x0000000080000000,0x0000000080d6cb08,0x00000000b7080000)
 Metaspace       used 34738K, capacity 35156K, committed 35416K, reserved 1081344K
  class space    used 3979K, capacity 4124K, committed 4184K, reserved 1048576K
}
Event: 4.470 GC heap before
{Heap before GC invocations=4 (full 2):
 PSYoungGen      total 611840K, used 19160K [0x00000000d5580000, 0x0000000100000000, 0x0000000100000000)
  eden space 524800K, 0% used [0x00000000d5580000,0x00000000d5580000,0x00000000f5600000)
  from space 87040K, 22% used [0x00000000fab00000,0x00000000fbdb61e0,0x0000000100000000)
  to   space 87040K, 0% used [0x00000000f5600000,0x00000000f5600000,0x00000000fab00000)
 ParOldGen       total 901632K, used 13746K [0x0000000080000000, 0x00000000b7080000, 0x00000000d5580000)
  object space 901632K, 1% used [0x0000000080000000,0x0000000080d6cb08,0x00000000b7080000)
 Metaspace       used 34738K, capacity 35156K, committed 35416K, reserved 1081344K
  class space    used 3979K, capacity 4124K, committed 4184K, reserved 1048576K
Event: 4.576 GC heap after
Heap after GC invocations=4 (full 2):
 PSYoungGen      total 611840K, used 0K [0x00000000d5580000, 0x0000000100000000, 0x0000000100000000)
  eden space 524800K, 0% used [0x00000000d5580000,0x00000000d5580000,0x00000000f5600000)
  from space 87040K, 0% used [0x00000000fab00000,0x00000000fab00000,0x0000000100000000)
  to   space 87040K, 0% used [0x00000000f5600000,0x00000000f5600000,0x00000000fab00000)
 ParOldGen       total 1398272K, used 23575K [0x0000000080000000, 0x00000000d5580000, 0x00000000d5580000)
  object space 1398272K, 1% used [0x0000000080000000,0x0000000081705ce0,0x00000000d5580000)
 Metaspace       used 34738K, capacity 35156K, committed 35416K, reserved 1081344K
  class space    used 3979K, capacity 4124K, committed 4184K, reserved 1048576K
}
Event: 11.958 GC heap before
{Heap before GC invocations=5 (full 2):
 PSYoungGen      total 611840K, used 502601K [0x00000000d5580000, 0x0000000100000000, 0x0000000100000000)
  eden space 524800K, 95% used [0x00000000d5580000,0x00000000f4052458,0x00000000f5600000)
  from space 87040K, 0% used [0x00000000fab00000,0x00000000fab00000,0x0000000100000000)
  to   space 87040K, 0% used [0x00000000f5600000,0x00000000f5600000,0x00000000fab00000)
 ParOldGen       total 1398272K, used 23575K [0x0000000080000000, 0x00000000d5580000, 0x00000000d5580000)
  object space 1398272K, 1% used [0x0000000080000000,0x0000000081705ce0,0x00000000d5580000)
 Metaspace       used 57521K, capacity 58872K, committed 58968K, reserved 1101824K
  class space    used 6655K, capacity 6934K, committed 7000K, reserved 1048576K
Event: 12.045 GC heap after
Heap after GC invocations=5 (full 2):
 PSYoungGen      total 611840K, used 34217K [0x00000000d5580000, 0x0000000100000000, 0x0000000100000000)
  eden space 524800K, 0% used [0x00000000d5580000,0x00000000d5580000,0x00000000f5600000)
  from space 87040K, 39% used [0x00000000f5600000,0x00000000f776a7d0,0x00000000fab00000)
  to   space 87040K, 0% used [0x00000000fab00000,0x00000000fab00000,0x0000000100000000)
 ParOldGen       total 1398272K, used 23583K [0x0000000080000000, 0x00000000d5580000, 0x00000000d5580000)
  object space 1398272K, 1% used [0x0000000080000000,0x0000000081707ce0,0x00000000d5580000)
 Metaspace       used 57521K, capacity 58872K, committed 58968K, reserved 1101824K
  class space    used 6655K, capacity 6934K, committed 7000K, reserved 1048576K
}
Event: 12.045 GC heap before
{Heap before GC invocations=6 (full 3):
 PSYoungGen      total 611840K, used 34217K [0x00000000d5580000, 0x0000000100000000, 0x0000000100000000)
  eden space 524800K, 0% used [0x00000000d5580000,0x00000000d5580000,0x00000000f5600000)
  from space 87040K, 39% used [0x00000000f5600000,0x00000000f776a7d0,0x00000000fab00000)
  to   space 87040K, 0% used [0x00000000fab00000,0x00000000fab00000,0x0000000100000000)
 ParOldGen       total 1398272K, used 23583K [0x0000000080000000, 0x00000000d5580000, 0x00000000d5580000)
  object space 1398272K, 1% used [0x0000000080000000,0x0000000081707ce0,0x00000000d5580000)
 Metaspace       used 57521K, capacity 58872K, committed 58968K, reserved 1101824K
  class space    used 6655K, capacity 6934K, committed 7000K, reserved 1048576K
Event: 12.365 GC heap after
Heap after GC invocations=6 (full 3):
 PSYoungGen      total 611840K, used 0K [0x00000000d5580000, 0x0000000100000000, 0x0000000100000000)
  eden space 524800K, 0% used [0x00000000d5580000,0x00000000d5580000,0x00000000f5600000)
  from space 87040K, 0% used [0x00000000f5600000,0x00000000f5600000,0x00000000fab00000)
  to   space 87040K, 0% used [0x00000000fab00000,0x00000000fab00000,0x0000000100000000)
 ParOldGen       total 1398272K, used 44763K [0x0000000080000000, 0x00000000d5580000, 0x00000000d5580000)
  object space 1398272K, 3% used [0x0000000080000000,0x0000000082bb6e50,0x00000000d5580000)
 Metaspace       used 57494K, capacity 58812K, committed 58968K, reserved 1101824K
  class space    used 6646K, capacity 6918K, committed 7000K, reserved 1048576K
}

