# JRE version: OpenJDK Runtime Environment (8.0_212-b04) (build 1.8.0_212-b04)
# Java VM: OpenJDK 64-Bit Server VM (25.212-b04 mixed mode linux-amd64 compressed oops)
Heap:
 PSYoungGen      total 611840K, used 337752K [0x00000000d5580000, 0x0000000100000000, 0x0000000100000000)
  eden space 524800K, 64% used [0x00000000d5580000,0x00000000e9f56088,0x00000000f5600000)
  from space 87040K, 0% used [0x00000000fab00000,0x00000000fab00000,0x0000000100000000)
  to   space 87040K, 0% used [0x00000000f5600000,0x00000000f5600000,0x00000000fab00000)
 ParOldGen       total 1398272K, used 29937K [0x0000000080000000, 0x00000000d5580000, 0x00000000d5580000)
  object space 1398272K, 2% used [0x0000000080000000,0x0000000081d3c568,0x00000000d5580000)
 Metaspace       used 67766K, capacity 70196K, committed 70528K, reserved 1112064K
  class space    used 7790K, capacity 8218K, committed 8320K, reserved 1048576K
GC Heap History (10 events):
Event: 6.349 GC heap before
{Heap before GC invocations=3 (full 1):
 PSYoungGen      total 611840K, used 467916K [0x00000000d5580000, 0x0000000100000000, 0x0000000100000000)
  eden space 524800K, 89% used [0x00000000d5580000,0x00000000f1e731f8,0x00000000f5600000)
  from space 87040K, 0% used [0x00000000f5600000,0x00000000f5600000,0x00000000fab00000)
  to   space 87040K, 0% used [0x00000000fab00000,0x00000000fab00000,0x0000000100000000)
 ParOldGen       total 893952K, used 14302K [0x0000000080000000, 0x00000000b6900000, 0x00000000d5580000)
  object space 893952K, 1% used [0x0000000080000000,0x0000000080df7a50,0x00000000b6900000)
 Metaspace       used 34736K, capacity 35092K, committed 35416K, reserved 1081344K
  class space    used 3967K, capacity 4060K, committed 4096K, reserved 1048576K
Event: 6.395 GC heap after
Heap after GC invocations=3 (full 1):
 PSYoungGen      total 611840K, used 18991K [0x00000000d5580000, 0x0000000100000000, 0x0000000100000000)
  eden space 524800K, 0% used [0x00000000d5580000,0x00000000d5580000,0x00000000f5600000)
  from space 87040K, 21% used [0x00000000fab00000,0x00000000fbd8bd30,0x0000000100000000)
  to   space 87040K, 0% used [0x00000000f5600000,0x00000000f5600000,0x00000000fab00000)
 ParOldGen       total 893952K, used 14302K [0x0000000080000000, 0x00000000b6900000, 0x00000000d5580000)
  object space 893952K, 1% used [0x0000000080000000,0x0000000080df7a50,0x00000000b6900000)
 Metaspace       used 34736K, capacity 35092K, committed 35416K, reserved 1081344K
  class space    used 3967K, capacity 4060K, committed 4096K, reserved 1048576K
}
Event: 6.395 GC heap before
{Heap before GC invocations=4 (full 2):
 PSYoungGen      total 611840K, used 18991K [0x00000000d5580000, 0x0000000100000000, 0x0000000100000000)
  eden space 524800K, 0% used [0x00000000d5580000,0x00000000d5580000,0x00000000f5600000)
  from space 87040K, 21% used [0x00000000fab00000,0x00000000fbd8bd30,0x0000000100000000)
  to   space 87040K, 0% used [0x00000000f5600000,0x00000000f5600000,0x00000000fab00000)
 ParOldGen       total 893952K, used 14302K [0x0000000080000000, 0x00000000b6900000, 0x00000000d5580000)
  object space 893952K, 1% used [0x0000000080000000,0x0000000080df7a50,0x00000000b6900000)
 Metaspace       used 34736K, capacity 35092K, committed 35416K, reserved 1081344K
  class space    used 3967K, capacity 4060K, committed 4096K, reserved 1048576K
Event: 6.524 GC heap after
Heap after GC invocations=4 (full 2):
 PSYoungGen      total 611840K, used 0K [0x00000000d5580000, 0x0000000100000000, 0x0000000100000000)
  eden space 524800K, 0% used [0x00000000d5580000,0x00000000d5580000,0x00000000f5600000)
  from space 87040K, 0% used [0x00000000fab00000,0x00000000fab00000,0x0000000100000000)
  to   space 87040K, 0% used [0x00000000f5600000,0x00000000f5600000,0x00000000fab00000)
 ParOldGen       total 1398272K, used 23538K [0x0000000080000000, 0x00000000d5580000, 0x00000000d5580000)
  object space 1398272K, 1% used [0x0000000080000000,0x00000000816fc828,0x00000000d5580000)
 Metaspace       used 34736K, capacity 35092K, committed 35416K, reserved 1081344K
  class space    used 3967K, capacity 4060K, committed 4096K, reserved 1048576K
}
Event: 13.102 GC heap before
{Heap before GC invocations=5 (full 2):
 PSYoungGen      total 611840K, used 524800K [0x00000000d5580000, 0x0000000100000000, 0x0000000100000000)
  eden space 524800K, 100% used [0x00000000d5580000,0x00000000f5600000,0x00000000f5600000)
  from space 87040K, 0% used [0x00000000fab00000,0x00000000fab00000,0x0000000100000000)
  to   space 87040K, 0% used [0x00000000f5600000,0x00000000f5600000,0x00000000fab00000)
 ParOldGen       total 1398272K, used 23538K [0x0000000080000000, 0x00000000d5580000, 0x00000000d5580000)
  object space 1398272K, 1% used [0x0000000080000000,0x00000000816fc828,0x00000000d5580000)
 Metaspace       used 51891K, capacity 53280K, committed 53504K, reserved 1095680K
  class space    used 6111K, capacity 6370K, committed 6400K, reserved 1048576K
Event: 13.178 GC heap after
Heap after GC invocations=5 (full 2):
 PSYoungGen      total 611840K, used 24101K [0x00000000d5580000, 0x0000000100000000, 0x0000000100000000)
  eden space 524800K, 0% used [0x00000000d5580000,0x00000000d5580000,0x00000000f5600000)
  from space 87040K, 27% used [0x00000000f5600000,0x00000000f6d89600,0x00000000fab00000)
  to   space 87040K, 0% used [0x00000000fab00000,0x00000000fab00000,0x0000000100000000)
 ParOldGen       total 1398272K, used 23546K [0x0000000080000000, 0x00000000d5580000, 0x00000000d5580000)
  object space 1398272K, 1% used [0x0000000080000000,0x00000000816fe828,0x00000000d5580000)
 Metaspace       used 51891K, capacity 53280K, committed 53504K, reserved 1095680K
  class space    used 6111K, capacity 6370K, committed 6400K, reserved 1048576K
}
Event: 14.069 GC heap before
{Heap before GC invocations=6 (full 2):
 PSYoungGen      total 611840K, used 200868K [0x00000000d5580000, 0x0000000100000000, 0x0000000100000000)
  eden space 524800K, 33% used [0x00000000d5580000,0x00000000e021fb40,0x00000000f5600000)
  from space 87040K, 27% used [0x00000000f5600000,0x00000000f6d89600,0x00000000fab00000)
  to   space 87040K, 0% used [0x00000000fab00000,0x00000000fab00000,0x0000000100000000)
 ParOldGen       total 1398272K, used 23546K [0x0000000080000000, 0x00000000d5580000, 0x00000000d5580000)
  object space 1398272K, 1% used [0x0000000080000000,0x00000000816fe828,0x00000000d5580000)
 Metaspace       used 57371K, capacity 58742K, committed 59008K, reserved 1101824K
  class space    used 6656K, capacity 6927K, committed 7040K, reserved 1048576K
Event: 14.120 GC heap after
Heap after GC invocations=6 (full 2):
 PSYoungGen      total 611840K, used 18499K [0x00000000d5580000, 0x0000000100000000, 0x0000000100000000)
  eden space 524800K, 0% used [0x00000000d5580000,0x00000000d5580000,0x00000000f5600000)
  from space 87040K, 21% used [0x00000000fab00000,0x00000000fbd10cb0,0x0000000100000000)
  to   space 87040K, 0% used [0x00000000f5600000,0x00000000f5600000,0x00000000fab00000)
 ParOldGen       total 1398272K, used 23554K [0x0000000080000000, 0x00000000d5580000, 0x00000000d5580000)
  object space 1398272K, 1% used [0x0000000080000000,0x0000000081700828,0x00000000d5580000)
 Metaspace       used 57371K, capacity 58742K, committed 59008K, reserved 1101824K
  class space    used 6656K, capacity 6927K, committed 7040K, reserved 1048576K
}
Event: 14.120 GC heap before
{Heap before GC invocations=7 (full 3):
 PSYoungGen      total 611840K, used 18499K [0x00000000d5580000, 0x0000000100000000, 0x0000000100000000)
  eden space 524800K, 0% used [0x00000000d5580000,0x00000000d5580000,0x00000000f5600000)
  from space 87040K, 21% used [0x00000000fab00000,0x00000000fbd10cb0,0x0000000100000000)
  to   space 87040K, 0% used [0x00000000f5600000,0x00000000f5600000,0x00000000fab00000)
 ParOldGen       total 1398272K, used 23554K [0x0000000080000000, 0x00000000d5580000, 0x00000000d5580000)
  object space 1398272K, 1% used [0x0000000080000000,0x0000000081700828,0x00000000d5580000)
 Metaspace       used 57371K, capacity 58742K, committed 59008K, reserved 1101824K
  class space    used 6656K, capacity 6927K, committed 7040K, reserved 1048576K
Event: 14.377 GC heap after
Heap after GC invocations=7 (full 3):
 PSYoungGen      total 611840K, used 0K [0x00000000d5580000, 0x0000000100000000, 0x0000000100000000)
  eden space 524800K, 0% used [0x00000000d5580000,0x00000000d5580000,0x00000000f5600000)
  from space 87040K, 0% used [0x00000000fab00000,0x00000000fab00000,0x0000000100000000)
  to   space 87040K, 0% used [0x00000000f5600000,0x00000000f5600000,0x00000000fab00000)
 ParOldGen       total 1398272K, used 29937K [0x0000000080000000, 0x00000000d5580000, 0x00000000d5580000)
  object space 1398272K, 2% used [0x0000000080000000,0x0000000081d3c568,0x00000000d5580000)
 Metaspace       used 57321K, capacity 58608K, committed 59008K, reserved 1101824K
  class space    used 6638K, capacity 6896K, committed 7040K, reserved 1048576K
}

