-------------------------------------------------------------------------------
Test set: org.apache.hadoop.ozone.om.TestSecureOzoneManager
-------------------------------------------------------------------------------
Tests run: 2, Failures: 1, Errors: 0, Skipped: 0, Time elapsed: 4.706 s <<< FAILURE! - in org.apache.hadoop.ozone.om.TestSecureOzoneManager
testSecureOmInitFailures(org.apache.hadoop.ozone.om.TestSecureOzoneManager)  Time elapsed: 4.496 s  <<< FAILURE!
java.lang.AssertionError: 
expected null, but was:<Sun RSA public key, 2048 bits
  modulus: 20366810116610080391434617851562593938482887298316145190506539131966605202919184736339077609225235703183240661221752416467424362245452172398394809270133992158364370625526301826479067499607006531139803522160557015363379358815340089447034067123612069306738685757797227617327188080785048917250144008410141920660102102861094898967663845988138184966965876311792313863351814580221170723306963864225114745349972042188032983845372280869543006805800286288277213930899016198962007479716930084198418108227956321471829528224695665656258480251680175699533418033662365605459908459220713387131444413811274751971016915169735766227333
  public exponent: 65537>
	at org.junit.Assert.fail(Assert.java:88)
	at org.junit.Assert.failNotNull(Assert.java:664)
	at org.junit.Assert.assertNull(Assert.java:646)
	at org.junit.Assert.assertNull(Assert.java:656)
	at org.apache.hadoop.ozone.om.TestSecureOzoneManager.testSecureOmInitFailures(TestSecureOzoneManager.java:160)
	at sun.reflect.NativeMethodAccessorImpl.invoke0(Native Method)
	at sun.reflect.NativeMethodAccessorImpl.invoke(NativeMethodAccessorImpl.java:62)
	at sun.reflect.DelegatingMethodAccessorImpl.invoke(DelegatingMethodAccessorImpl.java:43)
	at java.lang.reflect.Method.invoke(Method.java:498)
	at org.junit.runners.model.FrameworkMethod$1.runReflectiveCall(FrameworkMethod.java:47)
	at org.junit.internal.runners.model.ReflectiveCallable.run(ReflectiveCallable.java:12)
	at org.junit.runners.model.FrameworkMethod.invokeExplosively(FrameworkMethod.java:44)
	at org.junit.internal.runners.statements.InvokeMethod.evaluate(InvokeMethod.java:17)
	at org.junit.internal.runners.statements.RunBefores.evaluate(RunBefores.java:26)
	at org.junit.internal.runners.statements.RunAfters.evaluate(RunAfters.java:27)
	at org.junit.internal.runners.statements.FailOnTimeout$StatementThread.run(FailOnTimeout.java:74)

