<?xml version="1.0" encoding="UTF-8"?>
<testsuite xmlns:xsi="http://www.w3.org/2001/XMLSchema-instance" xsi:noNamespaceSchemaLocation="https://maven.apache.org/surefire/maven-surefire-plugin/xsd/surefire-test-report.xsd" name="org.apache.hadoop.ozone.client.rpc.TestContainerReplicationEndToEnd" time="131.279" tests="1" errors="1" skipped="0" failures="0">
  <properties>
[...]
</properties>
  <testcase name="org.apache.hadoop.ozone.client.rpc.TestContainerReplicationEndToEnd" classname="org.apache.hadoop.ozone.client.rpc.TestContainerReplicationEndToEnd" time="131.279">
    <error message="Connection refused" type="java.net.ConnectException"><![CDATA[java.net.ConnectException: Connection refused
	at sun.nio.ch.SocketChannelImpl.checkConnect(Native Method)
	at sun.nio.ch.SocketChannelImpl.finishConnect(SocketChannelImpl.java:717)
	at org.apache.hadoop.net.SocketIOWithTimeout.connect(SocketIOWithTimeout.java:206)
	at org.apache.hadoop.net.NetUtils.connect(NetUtils.java:531)
	at org.apache.hadoop.ipc.Client$Connection.setupConnection(Client.java:690)
	at org.apache.hadoop.ipc.Client$Connection.setupIOstreams(Client.java:794)
	at org.apache.hadoop.ipc.Client$Connection.access$3700(Client.java:411)
	at org.apache.hadoop.ipc.Client.getConnection(Client.java:1572)
	at org.apache.hadoop.ipc.Client.call(Client.java:1403)
	at org.apache.hadoop.ipc.Client.call(Client.java:1367)
	at org.apache.hadoop.ipc.ProtobufRpcEngine$Invoker.invoke(ProtobufRpcEngine.java:228)
	at org.apache.hadoop.ipc.ProtobufRpcEngine$Invoker.invoke(ProtobufRpcEngine.java:116)
	at com.sun.proxy.$Proxy36.submitRequest(Unknown Source)
	at sun.reflect.NativeMethodAccessorImpl.invoke0(Native Method)
	at sun.reflect.NativeMethodAccessorImpl.invoke(NativeMethodAccessorImpl.java:62)
	at sun.reflect.DelegatingMethodAccessorImpl.invoke(DelegatingMethodAccessorImpl.java:43)
	at java.lang.reflect.Method.invoke(Method.java:498)
	at org.apache.hadoop.io.retry.RetryInvocationHandler.invokeMethod(RetryInvocationHandler.java:422)
	at org.apache.hadoop.io.retry.RetryInvocationHandler$Call.invokeMethod(RetryInvocationHandler.java:165)
	at org.apache.hadoop.io.retry.RetryInvocationHandler$Call.invoke(RetryInvocationHandler.java:157)
	at org.apache.hadoop.io.retry.RetryInvocationHandler$Call.invokeOnce(RetryInvocationHandler.java:95)
	at org.apache.hadoop.io.retry.RetryInvocationHandler.invoke(RetryInvocationHandler.java:359)
	at com.sun.proxy.$Proxy36.submitRequest(Unknown Source)
	at org.apache.hadoop.ozone.om.protocolPB.OzoneManagerProtocolClientSideTranslatorPB.submitRequest(OzoneManagerProtocolClientSideTranslatorPB.java:338)
	at org.apache.hadoop.ozone.om.protocolPB.OzoneManagerProtocolClientSideTranslatorPB.getServiceInfo(OzoneManagerProtocolClientSideTranslatorPB.java:1223)
	at sun.reflect.NativeMethodAccessorImpl.invoke0(Native Method)
	at sun.reflect.NativeMethodAccessorImpl.invoke(NativeMethodAccessorImpl.java:62)
	at sun.reflect.DelegatingMethodAccessorImpl.invoke(DelegatingMethodAccessorImpl.java:43)
	at java.lang.reflect.Method.invoke(Method.java:498)
	at org.apache.hadoop.hdds.tracing.TraceAllMethod.invoke(TraceAllMethod.java:66)
	at com.sun.proxy.$Proxy37.getServiceInfo(Unknown Source)
	at org.apache.hadoop.ozone.client.rpc.RpcClient.<init>(RpcClient.java:154)
	at org.apache.hadoop.ozone.client.OzoneClientFactory.getClientProtocol(OzoneClientFactory.java:256)
	at org.apache.hadoop.ozone.client.OzoneClientFactory.getClientProtocol(OzoneClientFactory.java:239)
	at org.apache.hadoop.ozone.client.OzoneClientFactory.getClient(OzoneClientFactory.java:75)
	at org.apache.hadoop.ozone.client.rpc.TestContainerReplicationEndToEnd.init(TestContainerReplicationEndToEnd.java:110)
	at sun.reflect.NativeMethodAccessorImpl.invoke0(Native Method)
	at sun.reflect.NativeMethodAccessorImpl.invoke(NativeMethodAccessorImpl.java:62)
	at sun.reflect.DelegatingMethodAccessorImpl.invoke(DelegatingMethodAccessorImpl.java:43)
	at java.lang.reflect.Method.invoke(Method.java:498)
	at org.junit.runners.model.FrameworkMethod$1.runReflectiveCall(FrameworkMethod.java:47)
	at org.junit.internal.runners.model.ReflectiveCallable.run(ReflectiveCallable.java:12)
	at org.junit.runners.model.FrameworkMethod.invokeExplosively(FrameworkMethod.java:44)
	at org.junit.internal.runners.statements.RunBefores.evaluate(RunBefores.java:24)
	at org.junit.internal.runners.statements.RunAfters.evaluate(RunAfters.java:27)
	at org.junit.runners.ParentRunner.run(ParentRunner.java:309)
	at org.apache.maven.surefire.junit4.JUnit4Provider.execute(JUnit4Provider.java:365)
	at org.apache.maven.surefire.junit4.JUnit4Provider.executeWithRerun(JUnit4Provider.java:273)
	at org.apache.maven.surefire.junit4.JUnit4Provider.executeTestSet(JUnit4Provider.java:238)
	at org.apache.maven.surefire.junit4.JUnit4Provider.invoke(JUnit4Provider.java:159)
	at org.apache.maven.surefire.booter.ForkedBooter.invokeProviderInSameClassLoader(ForkedBooter.java:384)
	at org.apache.maven.surefire.booter.ForkedBooter.runSuitesInProcess(ForkedBooter.java:345)
	at org.apache.maven.surefire.booter.ForkedBooter.execute(ForkedBooter.java:126)
	at org.apache.maven.surefire.booter.ForkedBooter.main(ForkedBooter.java:418)
]]></error>
    <system-out><![CDATA[2019-09-24 22:54:35,514 [main] WARN  server.ServerUtils (ServerUtils.java:getScmDbDir(145)) - ozone.scm.db.dirs is not configured. We recommend adding this setting. Falling back to ozone.metadata.dirs instead.
2019-09-24 22:54:35,609 [main] WARN  server.ServerUtils (ServerUtils.java:getScmDbDir(145)) - ozone.scm.db.dirs is not configured. We recommend adding this setting. Falling back to ozone.metadata.dirs instead.
2019-09-24 22:54:35,612 [main] WARN  server.ServerUtils (ServerUtils.java:getScmDbDir(145)) - ozone.scm.db.dirs is not configured. We recommend adding this setting. Falling back to ozone.metadata.dirs instead.
2019-09-24 22:54:35,629 [main] INFO  util.log (Log.java:initialized(192)) - Logging initialized @865ms
2019-09-24 22:54:35,742 [main] INFO  db.DBStoreBuilder (DBStoreBuilder.java:addTable(110)) - using custom profile for table: deletedBlocks
2019-09-24 22:54:35,743 [main] INFO  db.DBStoreBuilder (DBStoreBuilder.java:processTables(161)) - Using default column profile:DBProfile.DISK for Table:deletedBlocks
2019-09-24 22:54:35,744 [main] INFO  db.DBStoreBuilder (DBStoreBuilder.java:addTable(110)) - using custom profile for table: validCerts
2019-09-24 22:54:35,744 [main] INFO  db.DBStoreBuilder (DBStoreBuilder.java:processTables(161)) - Using default column profile:DBProfile.DISK for Table:validCerts
2019-09-24 22:54:35,744 [main] INFO  db.DBStoreBuilder (DBStoreBuilder.java:addTable(110)) - using custom profile for table: revokedCerts
2019-09-24 22:54:35,745 [main] INFO  db.DBStoreBuilder (DBStoreBuilder.java:processTables(161)) - Using default column profile:DBProfile.DISK for Table:revokedCerts
2019-09-24 22:54:35,760 [main] INFO  db.DBStoreBuilder (DBStoreBuilder.java:addTable(110)) - using custom profile for table: default
2019-09-24 22:54:35,760 [main] INFO  db.DBStoreBuilder (DBStoreBuilder.java:processTables(167)) - Using default column profile:DBProfile.DISK for Table:default
2019-09-24 22:54:35,762 [main] INFO  db.DBStoreBuilder (DBStoreBuilder.java:getDbProfile(198)) - Using default options. DBProfile.DISK
2019-09-24 22:54:36,143 [main] INFO  net.NodeSchemaLoader (NodeSchemaLoader.java:loadSchemaFromFile(125)) - Loading file from sun.misc.CompoundEnumeration@71d44a3
2019-09-24 22:54:36,145 [main] INFO  net.NodeSchemaLoader (NodeSchemaLoader.java:loadSchema(171)) - Loading network topology layer schema file
2019-09-24 22:54:36,214 [main] INFO  node.SCMNodeManager (SCMNodeManager.java:<init>(114)) - Entering startup safe mode.
2019-09-24 22:54:36,286 [main] INFO  algorithms.ContainerPlacementPolicyFactory (ContainerPlacementPolicyFactory.java:getPolicy(57)) - Create container placement policy of type org.apache.hadoop.hdds.scm.container.placement.algorithms.SCMContainerPlacementRandom
2019-09-24 22:54:36,300 [main] WARN  server.ServerUtils (ServerUtils.java:getScmDbDir(145)) - ozone.scm.db.dirs is not configured. We recommend adding this setting. Falling back to ozone.metadata.dirs instead.
2019-09-24 22:54:36,428 [main] INFO  pipeline.SCMPipelineManager (SCMPipelineManager.java:initializePipelineState(132)) - No pipeline exists in current db
2019-09-24 22:54:36,432 [main] WARN  server.ServerUtils (ServerUtils.java:getScmDbDir(145)) - ozone.scm.db.dirs is not configured. We recommend adding this setting. Falling back to ozone.metadata.dirs instead.
2019-09-24 22:54:36,558 [main] INFO  Configuration.deprecation (Configuration.java:logDeprecation(1394)) - No unit for hdds.scm.replication.thread.interval(2000) assuming MILLISECONDS
2019-09-24 22:54:36,591 [main] WARN  events.EventQueue (EventQueue.java:fireEvent(183)) - No event handler registered for event TypedEvent{payloadType=SafeModeStatus, name='SafeModeStatus'}
2019-09-24 22:54:36,927 [main] INFO  ipc.CallQueueManager (CallQueueManager.java:<init>(84)) - Using callQueue: class java.util.concurrent.LinkedBlockingQueue, queueCapacity: 2000, scheduler: class org.apache.hadoop.ipc.DefaultRpcScheduler, ipcBackoff: false.
2019-09-24 22:54:36,954 [Socket Reader #1 for port 39763] INFO  ipc.Server (Server.java:run(1074)) - Starting Socket Reader #1 for port 39763
2019-09-24 22:54:37,095 [main] INFO  ipc.CallQueueManager (CallQueueManager.java:<init>(84)) - Using callQueue: class java.util.concurrent.LinkedBlockingQueue, queueCapacity: 2000, scheduler: class org.apache.hadoop.ipc.DefaultRpcScheduler, ipcBackoff: false.
2019-09-24 22:54:37,097 [Socket Reader #1 for port 45302] INFO  ipc.Server (Server.java:run(1074)) - Starting Socket Reader #1 for port 45302
2019-09-24 22:54:37,108 [main] INFO  ipc.CallQueueManager (CallQueueManager.java:<init>(84)) - Using callQueue: class java.util.concurrent.LinkedBlockingQueue, queueCapacity: 2000, scheduler: class org.apache.hadoop.ipc.DefaultRpcScheduler, ipcBackoff: false.
2019-09-24 22:54:37,109 [Socket Reader #1 for port 42768] INFO  ipc.Server (Server.java:run(1074)) - Starting Socket Reader #1 for port 42768
2019-09-24 22:54:37,136 [main] INFO  hdfs.DFSUtil (DFSUtil.java:httpServerTemplateForNNAndJN(1641)) - Starting Web-server for scm at: http://0.0.0.0:0
2019-09-24 22:54:37,272 [main] INFO  server.AuthenticationFilter (AuthenticationFilter.java:constructSecretProvider(240)) - Unable to initialize FileSignerSecretProvider, falling back to use random secrets.
2019-09-24 22:54:37,280 [main] WARN  http.HttpRequestLog (HttpRequestLog.java:getRequestLog(97)) - Jetty request log can only be enabled using Log4j
2019-09-24 22:54:37,288 [main] INFO  http.HttpServer2 (HttpServer2.java:addGlobalFilter(975)) - Added global filter 'safety' (class=org.apache.hadoop.http.HttpServer2$QuotingInputFilter)
2019-09-24 22:54:37,290 [main] INFO  http.HttpServer2 (HttpServer2.java:addFilter(948)) - Added filter static_user_filter (class=org.apache.hadoop.http.lib.StaticUserWebFilter$StaticUserFilter) to context scm
2019-09-24 22:54:37,291 [main] INFO  http.HttpServer2 (HttpServer2.java:addFilter(958)) - Added filter static_user_filter (class=org.apache.hadoop.http.lib.StaticUserWebFilter$StaticUserFilter) to context static
2019-09-24 22:54:37,291 [main] INFO  http.HttpServer2 (HttpServer2.java:addFilter(958)) - Added filter static_user_filter (class=org.apache.hadoop.http.lib.StaticUserWebFilter$StaticUserFilter) to context logs
2019-09-24 22:54:37,319 [main] INFO  server.StorageContainerManager (StorageContainerManager.java:start(770)) - StorageContainerLocationProtocol RPC server is listening at /0.0.0.0:42768
2019-09-24 22:54:37,374 [main] WARN  impl.MetricsConfig (MetricsConfig.java:loadFirst(134)) - Cannot locate configuration: tried hadoop-metrics2-storagecontainermanager.properties,hadoop-metrics2.properties
2019-09-24 22:54:37,387 [main] INFO  impl.MetricsSystemImpl (MetricsSystemImpl.java:startTimer(374)) - Scheduled Metric snapshot period at 10 second(s).
2019-09-24 22:54:37,387 [main] INFO  impl.MetricsSystemImpl (MetricsSystemImpl.java:start(191)) - StorageContainerManager metrics system started
2019-09-24 22:54:37,603 [main] INFO  server.SCMClientProtocolServer (SCMClientProtocolServer.java:start(151)) - RPC server for Client  is listening at /0.0.0.0:42768
2019-09-24 22:54:37,605 [IPC Server listener on 42768] INFO  ipc.Server (Server.java:run(1153)) - IPC Server listener on 42768: starting
2019-09-24 22:54:37,605 [IPC Server Responder] INFO  ipc.Server (Server.java:run(1314)) - IPC Server Responder: starting
2019-09-24 22:54:37,610 [main] INFO  server.StorageContainerManager (StorageContainerManager.java:start(780)) - ScmBlockLocationProtocol RPC server is listening at /0.0.0.0:45302
2019-09-24 22:54:37,612 [main] INFO  server.SCMBlockProtocolServer (SCMBlockProtocolServer.java:start(146)) - RPC server for Block Protocol is listening at /0.0.0.0:45302
2019-09-24 22:54:37,613 [IPC Server Responder] INFO  ipc.Server (Server.java:run(1314)) - IPC Server Responder: starting
2019-09-24 22:54:37,614 [IPC Server listener on 45302] INFO  ipc.Server (Server.java:run(1153)) - IPC Server listener on 45302: starting
2019-09-24 22:54:37,624 [main] INFO  server.StorageContainerManager (StorageContainerManager.java:start(784)) - ScmDatanodeProtocl RPC server is listening at /0.0.0.0:39763
2019-09-24 22:54:37,624 [main] INFO  server.SCMDatanodeProtocolServer (SCMDatanodeProtocolServer.java:start(191)) - RPC server for DataNodes is listening at /0.0.0.0:39763
2019-09-24 22:54:37,627 [IPC Server Responder] INFO  ipc.Server (Server.java:run(1314)) - IPC Server Responder: starting
2019-09-24 22:54:37,627 [IPC Server listener on 39763] INFO  ipc.Server (Server.java:run(1153)) - IPC Server listener on 39763: starting
2019-09-24 22:54:37,642 [main] INFO  http.HttpServer2 (HttpServer2.java:bindListener(1191)) - Jetty bound to port 38026
2019-09-24 22:54:37,644 [main] INFO  server.Server (Server.java:doStart(351)) - jetty-9.3.25.v20180904, build timestamp: 2018-09-04T21:11:46Z, git hash: 3ce520221d0240229c862b122d2b06c12a625732
2019-09-24 22:54:37,684 [main] INFO  handler.ContextHandler (ContextHandler.java:doStart(781)) - Started o.e.j.s.ServletContextHandler@6b00f608{/logs,file:///workdir/hadoop-ozone/integration-test/target/log,AVAILABLE}
2019-09-24 22:54:37,685 [main] INFO  handler.ContextHandler (ContextHandler.java:doStart(781)) - Started o.e.j.s.ServletContextHandler@3e821657{/static,file:///workdir/hadoop-ozone/integration-test/target/test-classes/webapps/static,AVAILABLE}
2019-09-24 22:54:37,716 [main] INFO  handler.ContextHandler (ContextHandler.java:doStart(781)) - Started o.e.j.w.WebAppContext@6928f576{/,file:///workdir/hadoop-ozone/integration-test/target/test-classes/webapps/scm/,AVAILABLE}{/scm}
2019-09-24 22:54:37,721 [main] INFO  server.AbstractConnector (AbstractConnector.java:doStart(278)) - Started ServerConnector@548e76f1{HTTP/1.1,[http/1.1]}{0.0.0.0:38026}
2019-09-24 22:54:37,722 [main] INFO  server.Server (Server.java:doStart(419)) - Started @2958ms
2019-09-24 22:54:37,724 [main] INFO  impl.MetricsSinkAdapter (MetricsSinkAdapter.java:start(204)) - Sink prometheus started
2019-09-24 22:54:37,724 [main] INFO  impl.MetricsSystemImpl (MetricsSystemImpl.java:registerSink(301)) - Registered sink prometheus
2019-09-24 22:54:37,726 [main] INFO  server.BaseHttpServer (BaseHttpServer.java:updateConnectorAddress(215)) - HTTP server of SCM is listening at http://0.0.0.0:38026
2019-09-24 22:54:37,732 [org.apache.hadoop.util.JvmPauseMonitor$Monitor@73511076] INFO  util.JvmPauseMonitor (JvmPauseMonitor.java:run(188)) - Starting JVM pause monitor
2019-09-24 22:54:37,734 [main] WARN  server.ServerUtils (ServerUtils.java:getDBPath(222)) - ozone.om.db.dirs is not configured. We recommend adding this setting. Falling back to ozone.metadata.dirs instead.
2019-09-24 22:54:37,987 [main] INFO  ha.OMHANodeDetails (OMHANodeDetails.java:loadOMHAConfig(181)) - Configuration either no ozone.om.address set. Falling back to the default OM address /127.0.0.1:0
2019-09-24 22:54:37,987 [main] INFO  ha.OMHANodeDetails (OMHANodeDetails.java:getOMNodeDetails(211)) - OM Service ID is not set. Setting it to the default ID: omServiceIdDefault
2019-09-24 22:54:37,989 [main] WARN  server.ServerUtils (ServerUtils.java:getDBPath(222)) - ozone.om.db.dirs is not configured. We recommend adding this setting. Falling back to ozone.metadata.dirs instead.
2019-09-24 22:54:37,990 [main] WARN  server.ServerUtils (ServerUtils.java:getDBPath(222)) - ozone.om.db.dirs is not configured. We recommend adding this setting. Falling back to ozone.metadata.dirs instead.
2019-09-24 22:54:38,702 [main] WARN  server.ServerUtils (ServerUtils.java:getDBPath(222)) - ozone.om.db.dirs is not configured. We recommend adding this setting. Falling back to ozone.metadata.dirs instead.
2019-09-24 22:54:38,709 [main] INFO  db.DBStoreBuilder (DBStoreBuilder.java:addTable(110)) - using custom profile for table: userTable
2019-09-24 22:54:38,709 [main] INFO  db.DBStoreBuilder (DBStoreBuilder.java:processTables(161)) - Using default column profile:DBProfile.DISK for Table:userTable
2019-09-24 22:54:38,710 [main] INFO  db.DBStoreBuilder (DBStoreBuilder.java:addTable(110)) - using custom profile for table: volumeTable
2019-09-24 22:54:38,710 [main] INFO  db.DBStoreBuilder (DBStoreBuilder.java:processTables(161)) - Using default column profile:DBProfile.DISK for Table:volumeTable
2019-09-24 22:54:38,710 [main] INFO  db.DBStoreBuilder (DBStoreBuilder.java:addTable(110)) - using custom profile for table: bucketTable
2019-09-24 22:54:38,710 [main] INFO  db.DBStoreBuilder (DBStoreBuilder.java:processTables(161)) - Using default column profile:DBProfile.DISK for Table:bucketTable
2019-09-24 22:54:38,710 [main] INFO  db.DBStoreBuilder (DBStoreBuilder.java:addTable(110)) - using custom profile for table: keyTable
2019-09-24 22:54:38,711 [main] INFO  db.DBStoreBuilder (DBStoreBuilder.java:processTables(161)) - Using default column profile:DBProfile.DISK for Table:keyTable
2019-09-24 22:54:38,711 [main] INFO  db.DBStoreBuilder (DBStoreBuilder.java:addTable(110)) - using custom profile for table: deletedTable
2019-09-24 22:54:38,711 [main] INFO  db.DBStoreBuilder (DBStoreBuilder.java:processTables(161)) - Using default column profile:DBProfile.DISK for Table:deletedTable
2019-09-24 22:54:38,711 [main] INFO  db.DBStoreBuilder (DBStoreBuilder.java:addTable(110)) - using custom profile for table: openKeyTable
2019-09-24 22:54:38,712 [main] INFO  db.DBStoreBuilder (DBStoreBuilder.java:processTables(161)) - Using default column profile:DBProfile.DISK for Table:openKeyTable
2019-09-24 22:54:38,712 [main] INFO  db.DBStoreBuilder (DBStoreBuilder.java:addTable(110)) - using custom profile for table: s3Table
2019-09-24 22:54:38,712 [main] INFO  db.DBStoreBuilder (DBStoreBuilder.java:processTables(161)) - Using default column profile:DBProfile.DISK for Table:s3Table
2019-09-24 22:54:38,712 [main] INFO  db.DBStoreBuilder (DBStoreBuilder.java:addTable(110)) - using custom profile for table: multipartInfoTable
2019-09-24 22:54:38,712 [main] INFO  db.DBStoreBuilder (DBStoreBuilder.java:processTables(161)) - Using default column profile:DBProfile.DISK for Table:multipartInfoTable
2019-09-24 22:54:38,713 [main] INFO  db.DBStoreBuilder (DBStoreBuilder.java:addTable(110)) - using custom profile for table: dTokenTable
2019-09-24 22:54:38,713 [main] INFO  db.DBStoreBuilder (DBStoreBuilder.java:processTables(161)) - Using default column profile:DBProfile.DISK for Table:dTokenTable
2019-09-24 22:54:38,713 [main] INFO  db.DBStoreBuilder (DBStoreBuilder.java:addTable(110)) - using custom profile for table: s3SecretTable
2019-09-24 22:54:38,713 [main] INFO  db.DBStoreBuilder (DBStoreBuilder.java:processTables(161)) - Using default column profile:DBProfile.DISK for Table:s3SecretTable
2019-09-24 22:54:38,714 [main] INFO  db.DBStoreBuilder (DBStoreBuilder.java:addTable(110)) - using custom profile for table: prefixTable
2019-09-24 22:54:38,714 [main] INFO  db.DBStoreBuilder (DBStoreBuilder.java:processTables(161)) - Using default column profile:DBProfile.DISK for Table:prefixTable
2019-09-24 22:54:38,714 [main] INFO  db.DBStoreBuilder (DBStoreBuilder.java:addTable(110)) - using custom profile for table: default
2019-09-24 22:54:38,714 [main] INFO  db.DBStoreBuilder (DBStoreBuilder.java:processTables(167)) - Using default column profile:DBProfile.DISK for Table:default
2019-09-24 22:54:38,715 [main] INFO  db.DBStoreBuilder (DBStoreBuilder.java:getDbProfile(198)) - Using default options. DBProfile.DISK
2019-09-24 22:54:39,210 [main] INFO  ipc.CallQueueManager (CallQueueManager.java:<init>(84)) - Using callQueue: class java.util.concurrent.LinkedBlockingQueue, queueCapacity: 2000, scheduler: class org.apache.hadoop.ipc.DefaultRpcScheduler, ipcBackoff: false.
2019-09-24 22:54:39,212 [Socket Reader #1 for port 37757] INFO  ipc.Server (Server.java:run(1074)) - Starting Socket Reader #1 for port 37757
2019-09-24 22:54:39,234 [main] INFO  om.OzoneManager (OzoneManager.java:start(1069)) - OzoneManager RPC server is listening at localhost/127.0.0.1:37757
2019-09-24 22:54:39,234 [main] INFO  impl.MetricsSystemImpl (MetricsSystemImpl.java:init(158)) - OzoneManager metrics system started (again)
2019-09-24 22:54:39,236 [IPC Server Responder] INFO  ipc.Server (Server.java:run(1314)) - IPC Server Responder: starting
2019-09-24 22:54:39,237 [IPC Server listener on 37757] INFO  ipc.Server (Server.java:run(1153)) - IPC Server listener on 37757: starting
2019-09-24 22:54:39,257 [main] INFO  hdfs.DFSUtil (DFSUtil.java:httpServerTemplateForNNAndJN(1641)) - Starting Web-server for ozoneManager at: http://0.0.0.0:0
2019-09-24 22:54:39,260 [main] INFO  server.AuthenticationFilter (AuthenticationFilter.java:constructSecretProvider(240)) - Unable to initialize FileSignerSecretProvider, falling back to use random secrets.
2019-09-24 22:54:39,261 [main] WARN  http.HttpRequestLog (HttpRequestLog.java:getRequestLog(97)) - Jetty request log can only be enabled using Log4j
2019-09-24 22:54:39,266 [main] INFO  http.HttpServer2 (HttpServer2.java:addGlobalFilter(975)) - Added global filter 'safety' (class=org.apache.hadoop.http.HttpServer2$QuotingInputFilter)
2019-09-24 22:54:39,267 [main] INFO  http.HttpServer2 (HttpServer2.java:addFilter(948)) - Added filter static_user_filter (class=org.apache.hadoop.http.lib.StaticUserWebFilter$StaticUserFilter) to context ozoneManager
2019-09-24 22:54:39,268 [main] INFO  http.HttpServer2 (HttpServer2.java:addFilter(958)) - Added filter static_user_filter (class=org.apache.hadoop.http.lib.StaticUserWebFilter$StaticUserFilter) to context static
2019-09-24 22:54:39,268 [main] INFO  http.HttpServer2 (HttpServer2.java:addFilter(958)) - Added filter static_user_filter (class=org.apache.hadoop.http.lib.StaticUserWebFilter$StaticUserFilter) to context logs
2019-09-24 22:54:39,271 [main] INFO  http.HttpServer2 (HttpServer2.java:bindListener(1191)) - Jetty bound to port 43044
2019-09-24 22:54:39,272 [main] INFO  server.Server (Server.java:doStart(351)) - jetty-9.3.25.v20180904, build timestamp: 2018-09-04T21:11:46Z, git hash: 3ce520221d0240229c862b122d2b06c12a625732
2019-09-24 22:54:39,275 [main] INFO  handler.ContextHandler (ContextHandler.java:doStart(781)) - Started o.e.j.s.ServletContextHandler@3a627c80{/logs,file:///workdir/hadoop-ozone/integration-test/target/log,AVAILABLE}
2019-09-24 22:54:39,275 [main] INFO  handler.ContextHandler (ContextHandler.java:doStart(781)) - Started o.e.j.s.ServletContextHandler@963176{/static,file:///workdir/hadoop-ozone/integration-test/target/test-classes/webapps/static,AVAILABLE}
2019-09-24 22:54:39,286 [main] INFO  handler.ContextHandler (ContextHandler.java:doStart(781)) - Started o.e.j.w.WebAppContext@4af46df3{/,file:///workdir/hadoop-ozone/integration-test/target/test-classes/webapps/ozoneManager/,AVAILABLE}{/ozoneManager}
2019-09-24 22:54:39,289 [main] INFO  server.AbstractConnector (AbstractConnector.java:doStart(278)) - Started ServerConnector@4158debd{HTTP/1.1,[http/1.1]}{0.0.0.0:43044}
2019-09-24 22:54:39,290 [main] INFO  server.Server (Server.java:doStart(419)) - Started @4526ms
2019-09-24 22:54:39,290 [main] WARN  impl.MetricsSystemImpl (MetricsSystemImpl.java:register(276)) - Sink prometheus already exists!
2019-09-24 22:54:39,291 [main] INFO  server.BaseHttpServer (BaseHttpServer.java:updateConnectorAddress(215)) - HTTP server of OZONEMANAGER is listening at http://0.0.0.0:43044
2019-09-24 22:54:39,603 [main] INFO  impl.MetricsSystemImpl (MetricsSystemImpl.java:init(158)) - HddsDatanode metrics system started (again)
2019-09-24 22:54:39,670 [main] INFO  ozone.HddsDatanodeService (HddsDatanodeService.java:start(184)) - HddsDatanodeService host:pr-hdds-2162-v2v4x-1150571016 ip:192.168.151.66
2019-09-24 22:54:39,704 [main] INFO  volume.HddsVolume (HddsVolume.java:<init>(176)) - Creating Volume: /workdir/hadoop-ozone/integration-test/target/test-dir/MiniOzoneClusterImpl-f1e77b2f-0d0c-4b94-9bca-fcbc5d1dd781/datanode-0/data/containers/hdds of  storage type : DISK and capacity : 1482555576320
2019-09-24 22:54:39,706 [main] INFO  volume.VolumeSet (VolumeSet.java:initializeVolumeSet(170)) - Added Volume : /workdir/hadoop-ozone/integration-test/target/test-dir/MiniOzoneClusterImpl-f1e77b2f-0d0c-4b94-9bca-fcbc5d1dd781/datanode-0/data/containers/hdds to VolumeSet
2019-09-24 22:54:39,709 [main] INFO  volume.ThrottledAsyncChecker (ThrottledAsyncChecker.java:schedule(139)) - Scheduling a check for org.apache.hadoop.ozone.container.common.volume.HddsVolume@3fdecce
2019-09-24 22:54:39,726 [main] INFO  volume.HddsVolumeChecker (HddsVolumeChecker.java:checkAllVolumes(202)) - Scheduled health check for volume org.apache.hadoop.ozone.container.common.volume.HddsVolume@3fdecce
2019-09-24 22:54:39,839 [main] INFO  impl.RaftServerProxy (ConfUtils.java:logGet(43)) - raft.rpc.type = GRPC (default)
2019-09-24 22:54:39,905 [main] INFO  grpc.GrpcFactory (GrpcFactory.java:checkPooledByteBufAllocatorUseCacheForAllThreads(45)) - PERFORMANCE WARNING: useCacheForAllThreads is true that may cause Netty to create a lot garbage objects and, as a result, trigger GC.
	It is recommended to disable useCacheForAllThreads by setting -Dorg.apache.ratis.thirdparty.io.netty.allocator.useCacheForAllThreads=false in command line.
2019-09-24 22:54:39,910 [main] INFO  grpc.GrpcConfigKeys$Server (ConfUtils.java:logGet(43)) - raft.grpc.server.port = 0 (default)
2019-09-24 22:54:39,911 [main] INFO  server.GrpcService (ConfUtils.java:logGet(43)) - raft.grpc.message.size.max = 33570816 (custom)
2019-09-24 22:54:39,913 [main] INFO  server.RaftServerConfigKeys (ConfUtils.java:logGet(43)) - raft.server.log.appender.buffer.byte-limit = 33554432 (custom)
2019-09-24 22:54:39,914 [main] INFO  server.GrpcService (ConfUtils.java:logGet(43)) - raft.grpc.flow.control.window = 1MB (=1048576) (default)
2019-09-24 22:54:39,914 [main] INFO  server.RaftServerConfigKeys (ConfUtils.java:logGet(43)) - raft.server.rpc.request.timeout = 3000ms (default)
2019-09-24 22:54:40,097 [main] INFO  server.RaftServerConfigKeys (ConfUtils.java:logGet(43)) - raft.server.storage.dir = [/workdir/hadoop-ozone/integration-test/target/test-dir/MiniOzoneClusterImpl-f1e77b2f-0d0c-4b94-9bca-fcbc5d1dd781/datanode-0/data/ratis] (custom)
2019-09-24 22:54:40,159 [main] INFO  hdfs.DFSUtil (DFSUtil.java:httpServerTemplateForNNAndJN(1641)) - Starting Web-server for hddsDatanode at: http://0.0.0.0:0
2019-09-24 22:54:40,162 [main] INFO  server.AuthenticationFilter (AuthenticationFilter.java:constructSecretProvider(240)) - Unable to initialize FileSignerSecretProvider, falling back to use random secrets.
2019-09-24 22:54:40,163 [main] WARN  http.HttpRequestLog (HttpRequestLog.java:getRequestLog(97)) - Jetty request log can only be enabled using Log4j
2019-09-24 22:54:40,165 [main] INFO  http.HttpServer2 (HttpServer2.java:addGlobalFilter(975)) - Added global filter 'safety' (class=org.apache.hadoop.http.HttpServer2$QuotingInputFilter)
2019-09-24 22:54:40,166 [main] INFO  http.HttpServer2 (HttpServer2.java:addFilter(948)) - Added filter static_user_filter (class=org.apache.hadoop.http.lib.StaticUserWebFilter$StaticUserFilter) to context hddsDatanode
2019-09-24 22:54:40,166 [main] INFO  http.HttpServer2 (HttpServer2.java:addFilter(958)) - Added filter static_user_filter (class=org.apache.hadoop.http.lib.StaticUserWebFilter$StaticUserFilter) to context logs
2019-09-24 22:54:40,166 [main] INFO  http.HttpServer2 (HttpServer2.java:addFilter(958)) - Added filter static_user_filter (class=org.apache.hadoop.http.lib.StaticUserWebFilter$StaticUserFilter) to context static
2019-09-24 22:54:40,168 [main] INFO  http.HttpServer2 (HttpServer2.java:bindListener(1191)) - Jetty bound to port 36145
2019-09-24 22:54:40,168 [main] INFO  server.Server (Server.java:doStart(351)) - jetty-9.3.25.v20180904, build timestamp: 2018-09-04T21:11:46Z, git hash: 3ce520221d0240229c862b122d2b06c12a625732
2019-09-24 22:54:40,171 [main] INFO  handler.ContextHandler (ContextHandler.java:doStart(781)) - Started o.e.j.s.ServletContextHandler@6d1dcdff{/logs,file:///workdir/hadoop-ozone/integration-test/target/log,AVAILABLE}
2019-09-24 22:54:40,171 [main] INFO  handler.ContextHandler (ContextHandler.java:doStart(781)) - Started o.e.j.s.ServletContextHandler@7ff35a3f{/static,jar:file:/home/user/.m2/repository/org/apache/hadoop/hadoop-hdds-container-service/0.5.0-SNAPSHOT/hadoop-hdds-container-service-0.5.0-SNAPSHOT.jar!/webapps/static,AVAILABLE}
2019-09-24 22:54:40,204 [main] INFO  handler.ContextHandler (ContextHandler.java:doStart(781)) - Started o.e.j.w.WebAppContext@a66e580{/,file:///tmp/jetty-0.0.0.0-36145-hddsDatanode-_-any-3295242988578650199.dir/webapp/,AVAILABLE}{/hddsDatanode}
2019-09-24 22:54:40,205 [main] INFO  server.AbstractConnector (AbstractConnector.java:doStart(278)) - Started ServerConnector@5b852b49{HTTP/1.1,[http/1.1]}{0.0.0.0:36145}
2019-09-24 22:54:40,205 [main] INFO  server.Server (Server.java:doStart(419)) - Started @5442ms
2019-09-24 22:54:40,207 [main] WARN  impl.MetricsSystemImpl (MetricsSystemImpl.java:register(276)) - Sink prometheus already exists!
2019-09-24 22:54:40,208 [main] INFO  server.BaseHttpServer (BaseHttpServer.java:updateConnectorAddress(215)) - HTTP server of HDDSDATANODE is listening at http://0.0.0.0:36145
2019-09-24 22:54:40,209 [main] INFO  impl.MetricsSystemImpl (MetricsSystemImpl.java:init(158)) - HddsDatanode metrics system started (again)
2019-09-24 22:54:40,212 [main] INFO  ozone.HddsDatanodeService (HddsDatanodeService.java:start(184)) - HddsDatanodeService host:pr-hdds-2162-v2v4x-1150571016 ip:192.168.151.66
2019-09-24 22:54:40,216 [org.apache.hadoop.util.JvmPauseMonitor$Monitor@2fcc5ef4] INFO  util.JvmPauseMonitor (JvmPauseMonitor.java:run(188)) - Starting JVM pause monitor
2019-09-24 22:54:40,221 [main] INFO  volume.HddsVolume (HddsVolume.java:<init>(176)) - Creating Volume: /workdir/hadoop-ozone/integration-test/target/test-dir/MiniOzoneClusterImpl-f1e77b2f-0d0c-4b94-9bca-fcbc5d1dd781/datanode-1/data/containers/hdds of  storage type : DISK and capacity : 1482555576320
2019-09-24 22:54:40,222 [main] INFO  volume.VolumeSet (VolumeSet.java:initializeVolumeSet(170)) - Added Volume : /workdir/hadoop-ozone/integration-test/target/test-dir/MiniOzoneClusterImpl-f1e77b2f-0d0c-4b94-9bca-fcbc5d1dd781/datanode-1/data/containers/hdds to VolumeSet
2019-09-24 22:54:40,222 [main] INFO  volume.ThrottledAsyncChecker (ThrottledAsyncChecker.java:schedule(139)) - Scheduling a check for org.apache.hadoop.ozone.container.common.volume.HddsVolume@5f7989fa
2019-09-24 22:54:40,223 [main] INFO  volume.HddsVolumeChecker (HddsVolumeChecker.java:checkAllVolumes(202)) - Scheduled health check for volume org.apache.hadoop.ozone.container.common.volume.HddsVolume@5f7989fa
2019-09-24 22:54:40,238 [main] INFO  impl.RaftServerProxy (ConfUtils.java:logGet(43)) - raft.rpc.type = GRPC (default)
2019-09-24 22:54:40,238 [main] INFO  grpc.GrpcFactory (GrpcFactory.java:checkPooledByteBufAllocatorUseCacheForAllThreads(45)) - PERFORMANCE WARNING: useCacheForAllThreads is true that may cause Netty to create a lot garbage objects and, as a result, trigger GC.
	It is recommended to disable useCacheForAllThreads by setting -Dorg.apache.ratis.thirdparty.io.netty.allocator.useCacheForAllThreads=false in command line.
2019-09-24 22:54:40,239 [main] INFO  grpc.GrpcConfigKeys$Server (ConfUtils.java:logGet(43)) - raft.grpc.server.port = 0 (default)
2019-09-24 22:54:40,239 [main] INFO  server.GrpcService (ConfUtils.java:logGet(43)) - raft.grpc.message.size.max = 33570816 (custom)
2019-09-24 22:54:40,239 [main] INFO  server.RaftServerConfigKeys (ConfUtils.java:logGet(43)) - raft.server.log.appender.buffer.byte-limit = 33554432 (custom)
2019-09-24 22:54:40,239 [main] INFO  server.GrpcService (ConfUtils.java:logGet(43)) - raft.grpc.flow.control.window = 1MB (=1048576) (default)
2019-09-24 22:54:40,240 [main] INFO  server.RaftServerConfigKeys (ConfUtils.java:logGet(43)) - raft.server.rpc.request.timeout = 3000ms (default)
2019-09-24 22:54:40,240 [main] INFO  server.RaftServerConfigKeys (ConfUtils.java:logGet(43)) - raft.server.storage.dir = [/workdir/hadoop-ozone/integration-test/target/test-dir/MiniOzoneClusterImpl-f1e77b2f-0d0c-4b94-9bca-fcbc5d1dd781/datanode-1/data/ratis] (custom)
2019-09-24 22:54:40,242 [main] INFO  hdfs.DFSUtil (DFSUtil.java:httpServerTemplateForNNAndJN(1641)) - Starting Web-server for hddsDatanode at: http://0.0.0.0:0
2019-09-24 22:54:40,243 [main] INFO  server.AuthenticationFilter (AuthenticationFilter.java:constructSecretProvider(240)) - Unable to initialize FileSignerSecretProvider, falling back to use random secrets.
2019-09-24 22:54:40,244 [main] WARN  http.HttpRequestLog (HttpRequestLog.java:getRequestLog(97)) - Jetty request log can only be enabled using Log4j
2019-09-24 22:54:40,246 [main] INFO  http.HttpServer2 (HttpServer2.java:addGlobalFilter(975)) - Added global filter 'safety' (class=org.apache.hadoop.http.HttpServer2$QuotingInputFilter)
2019-09-24 22:54:40,246 [main] INFO  http.HttpServer2 (HttpServer2.java:addFilter(948)) - Added filter static_user_filter (class=org.apache.hadoop.http.lib.StaticUserWebFilter$StaticUserFilter) to context hddsDatanode
2019-09-24 22:54:40,246 [main] INFO  http.HttpServer2 (HttpServer2.java:addFilter(958)) - Added filter static_user_filter (class=org.apache.hadoop.http.lib.StaticUserWebFilter$StaticUserFilter) to context static
2019-09-24 22:54:40,246 [main] INFO  http.HttpServer2 (HttpServer2.java:addFilter(958)) - Added filter static_user_filter (class=org.apache.hadoop.http.lib.StaticUserWebFilter$StaticUserFilter) to context logs
2019-09-24 22:54:40,247 [main] INFO  http.HttpServer2 (HttpServer2.java:bindListener(1191)) - Jetty bound to port 33227
2019-09-24 22:54:40,248 [main] INFO  server.Server (Server.java:doStart(351)) - jetty-9.3.25.v20180904, build timestamp: 2018-09-04T21:11:46Z, git hash: 3ce520221d0240229c862b122d2b06c12a625732
2019-09-24 22:54:40,254 [main] INFO  handler.ContextHandler (ContextHandler.java:doStart(781)) - Started o.e.j.s.ServletContextHandler@277b8fa4{/logs,file:///workdir/hadoop-ozone/integration-test/target/log,AVAILABLE}
2019-09-24 22:54:40,254 [main] INFO  handler.ContextHandler (ContextHandler.java:doStart(781)) - Started o.e.j.s.ServletContextHandler@620c8641{/static,jar:file:/home/user/.m2/repository/org/apache/hadoop/hadoop-hdds-container-service/0.5.0-SNAPSHOT/hadoop-hdds-container-service-0.5.0-SNAPSHOT.jar!/webapps/static,AVAILABLE}
2019-09-24 22:54:40,283 [main] INFO  handler.ContextHandler (ContextHandler.java:doStart(781)) - Started o.e.j.w.WebAppContext@7bc44ce8{/,file:///tmp/jetty-0.0.0.0-33227-hddsDatanode-_-any-6172680856937108192.dir/webapp/,AVAILABLE}{/hddsDatanode}
2019-09-24 22:54:40,285 [main] INFO  server.AbstractConnector (AbstractConnector.java:doStart(278)) - Started ServerConnector@59072e9d{HTTP/1.1,[http/1.1]}{0.0.0.0:33227}
2019-09-24 22:54:40,285 [main] INFO  server.Server (Server.java:doStart(419)) - Started @5522ms
2019-09-24 22:54:40,286 [main] WARN  impl.MetricsSystemImpl (MetricsSystemImpl.java:register(276)) - Sink prometheus already exists!
2019-09-24 22:54:40,287 [main] INFO  server.BaseHttpServer (BaseHttpServer.java:updateConnectorAddress(215)) - HTTP server of HDDSDATANODE is listening at http://0.0.0.0:33227
2019-09-24 22:54:40,287 [main] INFO  impl.MetricsSystemImpl (MetricsSystemImpl.java:init(158)) - HddsDatanode metrics system started (again)
2019-09-24 22:54:40,290 [org.apache.hadoop.util.JvmPauseMonitor$Monitor@724d739a] INFO  util.JvmPauseMonitor (JvmPauseMonitor.java:run(188)) - Starting JVM pause monitor
2019-09-24 22:54:40,290 [main] INFO  ozone.HddsDatanodeService (HddsDatanodeService.java:start(184)) - HddsDatanodeService host:pr-hdds-2162-v2v4x-1150571016 ip:192.168.151.66
2019-09-24 22:54:40,298 [main] INFO  volume.HddsVolume (HddsVolume.java:<init>(176)) - Creating Volume: /workdir/hadoop-ozone/integration-test/target/test-dir/MiniOzoneClusterImpl-f1e77b2f-0d0c-4b94-9bca-fcbc5d1dd781/datanode-2/data/containers/hdds of  storage type : DISK and capacity : 1482555576320
2019-09-24 22:54:40,300 [main] INFO  volume.VolumeSet (VolumeSet.java:initializeVolumeSet(170)) - Added Volume : /workdir/hadoop-ozone/integration-test/target/test-dir/MiniOzoneClusterImpl-f1e77b2f-0d0c-4b94-9bca-fcbc5d1dd781/datanode-2/data/containers/hdds to VolumeSet
2019-09-24 22:54:40,300 [main] INFO  volume.ThrottledAsyncChecker (ThrottledAsyncChecker.java:schedule(139)) - Scheduling a check for org.apache.hadoop.ozone.container.common.volume.HddsVolume@6cc86152
2019-09-24 22:54:40,301 [main] INFO  volume.HddsVolumeChecker (HddsVolumeChecker.java:checkAllVolumes(202)) - Scheduled health check for volume org.apache.hadoop.ozone.container.common.volume.HddsVolume@6cc86152
2019-09-24 22:54:40,313 [main] INFO  impl.RaftServerProxy (ConfUtils.java:logGet(43)) - raft.rpc.type = GRPC (default)
2019-09-24 22:54:40,314 [main] INFO  grpc.GrpcFactory (GrpcFactory.java:checkPooledByteBufAllocatorUseCacheForAllThreads(45)) - PERFORMANCE WARNING: useCacheForAllThreads is true that may cause Netty to create a lot garbage objects and, as a result, trigger GC.
	It is recommended to disable useCacheForAllThreads by setting -Dorg.apache.ratis.thirdparty.io.netty.allocator.useCacheForAllThreads=false in command line.
2019-09-24 22:54:40,314 [main] INFO  grpc.GrpcConfigKeys$Server (ConfUtils.java:logGet(43)) - raft.grpc.server.port = 0 (default)
2019-09-24 22:54:40,314 [main] INFO  server.GrpcService (ConfUtils.java:logGet(43)) - raft.grpc.message.size.max = 33570816 (custom)
2019-09-24 22:54:40,314 [main] INFO  server.RaftServerConfigKeys (ConfUtils.java:logGet(43)) - raft.server.log.appender.buffer.byte-limit = 33554432 (custom)
2019-09-24 22:54:40,315 [main] INFO  server.GrpcService (ConfUtils.java:logGet(43)) - raft.grpc.flow.control.window = 1MB (=1048576) (default)
2019-09-24 22:54:40,315 [main] INFO  server.RaftServerConfigKeys (ConfUtils.java:logGet(43)) - raft.server.rpc.request.timeout = 3000ms (default)
2019-09-24 22:54:40,316 [main] INFO  server.RaftServerConfigKeys (ConfUtils.java:logGet(43)) - raft.server.storage.dir = [/workdir/hadoop-ozone/integration-test/target/test-dir/MiniOzoneClusterImpl-f1e77b2f-0d0c-4b94-9bca-fcbc5d1dd781/datanode-2/data/ratis] (custom)
2019-09-24 22:54:40,318 [main] INFO  hdfs.DFSUtil (DFSUtil.java:httpServerTemplateForNNAndJN(1641)) - Starting Web-server for hddsDatanode at: http://0.0.0.0:0
2019-09-24 22:54:40,319 [main] INFO  server.AuthenticationFilter (AuthenticationFilter.java:constructSecretProvider(240)) - Unable to initialize FileSignerSecretProvider, falling back to use random secrets.
2019-09-24 22:54:40,319 [main] WARN  http.HttpRequestLog (HttpRequestLog.java:getRequestLog(97)) - Jetty request log can only be enabled using Log4j
2019-09-24 22:54:40,321 [main] INFO  http.HttpServer2 (HttpServer2.java:addGlobalFilter(975)) - Added global filter 'safety' (class=org.apache.hadoop.http.HttpServer2$QuotingInputFilter)
2019-09-24 22:54:40,321 [main] INFO  http.HttpServer2 (HttpServer2.java:addFilter(948)) - Added filter static_user_filter (class=org.apache.hadoop.http.lib.StaticUserWebFilter$StaticUserFilter) to context hddsDatanode
2019-09-24 22:54:40,322 [main] INFO  http.HttpServer2 (HttpServer2.java:addFilter(958)) - Added filter static_user_filter (class=org.apache.hadoop.http.lib.StaticUserWebFilter$StaticUserFilter) to context logs
2019-09-24 22:54:40,322 [main] INFO  http.HttpServer2 (HttpServer2.java:addFilter(958)) - Added filter static_user_filter (class=org.apache.hadoop.http.lib.StaticUserWebFilter$StaticUserFilter) to context static
2019-09-24 22:54:40,322 [main] INFO  http.HttpServer2 (HttpServer2.java:bindListener(1191)) - Jetty bound to port 35356
2019-09-24 22:54:40,323 [main] INFO  server.Server (Server.java:doStart(351)) - jetty-9.3.25.v20180904, build timestamp: 2018-09-04T21:11:46Z, git hash: 3ce520221d0240229c862b122d2b06c12a625732
2019-09-24 22:54:40,324 [main] INFO  handler.ContextHandler (ContextHandler.java:doStart(781)) - Started o.e.j.s.ServletContextHandler@77b919a3{/logs,file:///workdir/hadoop-ozone/integration-test/target/log,AVAILABLE}
2019-09-24 22:54:40,325 [main] INFO  handler.ContextHandler (ContextHandler.java:doStart(781)) - Started o.e.j.s.ServletContextHandler@36681447{/static,jar:file:/home/user/.m2/repository/org/apache/hadoop/hadoop-hdds-container-service/0.5.0-SNAPSHOT/hadoop-hdds-container-service-0.5.0-SNAPSHOT.jar!/webapps/static,AVAILABLE}
2019-09-24 22:54:40,355 [main] INFO  handler.ContextHandler (ContextHandler.java:doStart(781)) - Started o.e.j.w.WebAppContext@12e0f1cb{/,file:///tmp/jetty-0.0.0.0-35356-hddsDatanode-_-any-6971051554895038675.dir/webapp/,AVAILABLE}{/hddsDatanode}
2019-09-24 22:54:40,356 [main] INFO  server.AbstractConnector (AbstractConnector.java:doStart(278)) - Started ServerConnector@4a163575{HTTP/1.1,[http/1.1]}{0.0.0.0:35356}
2019-09-24 22:54:40,356 [main] INFO  server.Server (Server.java:doStart(419)) - Started @5593ms
2019-09-24 22:54:40,357 [main] WARN  impl.MetricsSystemImpl (MetricsSystemImpl.java:register(276)) - Sink prometheus already exists!
2019-09-24 22:54:40,358 [main] INFO  server.BaseHttpServer (BaseHttpServer.java:updateConnectorAddress(215)) - HTTP server of HDDSDATANODE is listening at http://0.0.0.0:35356
2019-09-24 22:54:40,358 [main] INFO  impl.MetricsSystemImpl (MetricsSystemImpl.java:init(158)) - HddsDatanode metrics system started (again)
2019-09-24 22:54:40,361 [Datanode State Machine Thread - 0] INFO  datanode.InitDatanodeState (InitDatanodeState.java:persistContainerDatanodeDetails(140)) - DatanodeDetails is persisted to /workdir/hadoop-ozone/integration-test/target/test-dir/MiniOzoneClusterImpl-f1e77b2f-0d0c-4b94-9bca-fcbc5d1dd781/datanode-0/meta/datanode.id
2019-09-24 22:54:40,362 [org.apache.hadoop.util.JvmPauseMonitor$Monitor@62e98d0d] INFO  util.JvmPauseMonitor (JvmPauseMonitor.java:run(188)) - Starting JVM pause monitor
2019-09-24 22:54:40,362 [main] INFO  ozone.HddsDatanodeService (HddsDatanodeService.java:start(184)) - HddsDatanodeService host:pr-hdds-2162-v2v4x-1150571016 ip:192.168.151.66
2019-09-24 22:54:40,367 [Datanode State Machine Thread - 0] INFO  datanode.InitDatanodeState (InitDatanodeState.java:persistContainerDatanodeDetails(140)) - DatanodeDetails is persisted to /workdir/hadoop-ozone/integration-test/target/test-dir/MiniOzoneClusterImpl-f1e77b2f-0d0c-4b94-9bca-fcbc5d1dd781/datanode-1/meta/datanode.id
2019-09-24 22:54:40,371 [Datanode State Machine Thread - 0] INFO  datanode.InitDatanodeState (InitDatanodeState.java:persistContainerDatanodeDetails(140)) - DatanodeDetails is persisted to /workdir/hadoop-ozone/integration-test/target/test-dir/MiniOzoneClusterImpl-f1e77b2f-0d0c-4b94-9bca-fcbc5d1dd781/datanode-2/meta/datanode.id
2019-09-24 22:54:40,372 [main] INFO  volume.HddsVolume (HddsVolume.java:<init>(176)) - Creating Volume: /workdir/hadoop-ozone/integration-test/target/test-dir/MiniOzoneClusterImpl-f1e77b2f-0d0c-4b94-9bca-fcbc5d1dd781/datanode-3/data/containers/hdds of  storage type : DISK and capacity : 1482555576320
2019-09-24 22:54:40,373 [main] INFO  volume.VolumeSet (VolumeSet.java:initializeVolumeSet(170)) - Added Volume : /workdir/hadoop-ozone/integration-test/target/test-dir/MiniOzoneClusterImpl-f1e77b2f-0d0c-4b94-9bca-fcbc5d1dd781/datanode-3/data/containers/hdds to VolumeSet
2019-09-24 22:54:40,373 [main] INFO  volume.ThrottledAsyncChecker (ThrottledAsyncChecker.java:schedule(139)) - Scheduling a check for org.apache.hadoop.ozone.container.common.volume.HddsVolume@6540cf1d
2019-09-24 22:54:40,373 [main] INFO  volume.HddsVolumeChecker (HddsVolumeChecker.java:checkAllVolumes(202)) - Scheduled health check for volume org.apache.hadoop.ozone.container.common.volume.HddsVolume@6540cf1d
2019-09-24 22:54:40,387 [main] INFO  impl.RaftServerProxy (ConfUtils.java:logGet(43)) - raft.rpc.type = GRPC (default)
2019-09-24 22:54:40,387 [main] INFO  grpc.GrpcFactory (GrpcFactory.java:checkPooledByteBufAllocatorUseCacheForAllThreads(45)) - PERFORMANCE WARNING: useCacheForAllThreads is true that may cause Netty to create a lot garbage objects and, as a result, trigger GC.
	It is recommended to disable useCacheForAllThreads by setting -Dorg.apache.ratis.thirdparty.io.netty.allocator.useCacheForAllThreads=false in command line.
2019-09-24 22:54:40,387 [main] INFO  grpc.GrpcConfigKeys$Server (ConfUtils.java:logGet(43)) - raft.grpc.server.port = 0 (default)
2019-09-24 22:54:40,387 [main] INFO  server.GrpcService (ConfUtils.java:logGet(43)) - raft.grpc.message.size.max = 33570816 (custom)
2019-09-24 22:54:40,388 [main] INFO  server.RaftServerConfigKeys (ConfUtils.java:logGet(43)) - raft.server.log.appender.buffer.byte-limit = 33554432 (custom)
2019-09-24 22:54:40,388 [main] INFO  server.GrpcService (ConfUtils.java:logGet(43)) - raft.grpc.flow.control.window = 1MB (=1048576) (default)
2019-09-24 22:54:40,388 [main] INFO  server.RaftServerConfigKeys (ConfUtils.java:logGet(43)) - raft.server.rpc.request.timeout = 3000ms (default)
2019-09-24 22:54:40,389 [main] INFO  server.RaftServerConfigKeys (ConfUtils.java:logGet(43)) - raft.server.storage.dir = [/workdir/hadoop-ozone/integration-test/target/test-dir/MiniOzoneClusterImpl-f1e77b2f-0d0c-4b94-9bca-fcbc5d1dd781/datanode-3/data/ratis] (custom)
2019-09-24 22:54:40,390 [main] INFO  hdfs.DFSUtil (DFSUtil.java:httpServerTemplateForNNAndJN(1641)) - Starting Web-server for hddsDatanode at: http://0.0.0.0:0
2019-09-24 22:54:40,392 [main] INFO  server.AuthenticationFilter (AuthenticationFilter.java:constructSecretProvider(240)) - Unable to initialize FileSignerSecretProvider, falling back to use random secrets.
2019-09-24 22:54:40,392 [main] WARN  http.HttpRequestLog (HttpRequestLog.java:getRequestLog(97)) - Jetty request log can only be enabled using Log4j
2019-09-24 22:54:40,394 [main] INFO  http.HttpServer2 (HttpServer2.java:addGlobalFilter(975)) - Added global filter 'safety' (class=org.apache.hadoop.http.HttpServer2$QuotingInputFilter)
2019-09-24 22:54:40,394 [main] INFO  http.HttpServer2 (HttpServer2.java:addFilter(948)) - Added filter static_user_filter (class=org.apache.hadoop.http.lib.StaticUserWebFilter$StaticUserFilter) to context hddsDatanode
2019-09-24 22:54:40,395 [main] INFO  http.HttpServer2 (HttpServer2.java:addFilter(958)) - Added filter static_user_filter (class=org.apache.hadoop.http.lib.StaticUserWebFilter$StaticUserFilter) to context static
2019-09-24 22:54:40,395 [main] INFO  http.HttpServer2 (HttpServer2.java:addFilter(958)) - Added filter static_user_filter (class=org.apache.hadoop.http.lib.StaticUserWebFilter$StaticUserFilter) to context logs
2019-09-24 22:54:40,395 [main] INFO  http.HttpServer2 (HttpServer2.java:bindListener(1191)) - Jetty bound to port 45679
2019-09-24 22:54:40,396 [main] INFO  server.Server (Server.java:doStart(351)) - jetty-9.3.25.v20180904, build timestamp: 2018-09-04T21:11:46Z, git hash: 3ce520221d0240229c862b122d2b06c12a625732
2019-09-24 22:54:40,401 [main] INFO  handler.ContextHandler (ContextHandler.java:doStart(781)) - Started o.e.j.s.ServletContextHandler@378cfecf{/logs,file:///workdir/hadoop-ozone/integration-test/target/log,AVAILABLE}
2019-09-24 22:54:40,402 [main] INFO  handler.ContextHandler (ContextHandler.java:doStart(781)) - Started o.e.j.s.ServletContextHandler@5e7c141d{/static,jar:file:/home/user/.m2/repository/org/apache/hadoop/hadoop-hdds-container-service/0.5.0-SNAPSHOT/hadoop-hdds-container-service-0.5.0-SNAPSHOT.jar!/webapps/static,AVAILABLE}
2019-09-24 22:54:40,430 [main] INFO  handler.ContextHandler (ContextHandler.java:doStart(781)) - Started o.e.j.w.WebAppContext@437486cd{/,file:///tmp/jetty-0.0.0.0-45679-hddsDatanode-_-any-4638378408643110888.dir/webapp/,AVAILABLE}{/hddsDatanode}
2019-09-24 22:54:40,431 [main] INFO  server.AbstractConnector (AbstractConnector.java:doStart(278)) - Started ServerConnector@15b642b9{HTTP/1.1,[http/1.1]}{0.0.0.0:45679}
2019-09-24 22:54:40,432 [main] INFO  server.Server (Server.java:doStart(419)) - Started @5668ms
2019-09-24 22:54:40,432 [main] WARN  impl.MetricsSystemImpl (MetricsSystemImpl.java:register(276)) - Sink prometheus already exists!
2019-09-24 22:54:40,433 [main] INFO  server.BaseHttpServer (BaseHttpServer.java:updateConnectorAddress(215)) - HTTP server of HDDSDATANODE is listening at http://0.0.0.0:45679
2019-09-24 22:54:40,436 [main] INFO  ozone.MiniOzoneClusterImpl (MiniOzoneClusterImpl.java:lambda$waitForClusterToBeReady$0(147)) - Waiting for cluster to be ready. Got 0 of 4 DN Heartbeats.
2019-09-24 22:54:40,437 [org.apache.hadoop.util.JvmPauseMonitor$Monitor@20921129] INFO  util.JvmPauseMonitor (JvmPauseMonitor.java:run(188)) - Starting JVM pause monitor
2019-09-24 22:54:40,441 [Datanode State Machine Thread - 0] INFO  datanode.InitDatanodeState (InitDatanodeState.java:persistContainerDatanodeDetails(140)) - DatanodeDetails is persisted to /workdir/hadoop-ozone/integration-test/target/test-dir/MiniOzoneClusterImpl-f1e77b2f-0d0c-4b94-9bca-fcbc5d1dd781/datanode-3/meta/datanode.id
2019-09-24 22:54:41,436 [main] INFO  ozone.MiniOzoneClusterImpl (MiniOzoneClusterImpl.java:lambda$waitForClusterToBeReady$0(147)) - Waiting for cluster to be ready. Got 0 of 4 DN Heartbeats.
2019-09-24 22:54:42,283 [Datanode State Machine Thread - 0] INFO  ozoneimpl.OzoneContainer (OzoneContainer.java:start(217)) - Attempting to start container services.
2019-09-24 22:54:42,286 [Datanode State Machine Thread - 0] INFO  ozoneimpl.OzoneContainer (OzoneContainer.java:startContainerScrub(179)) - Background container scanner has been disabled.
2019-09-24 22:54:42,286 [Datanode State Machine Thread - 0] INFO  ratis.XceiverServerRatis (XceiverServerRatis.java:start(411)) - Starting XceiverServerRatis e5a9a54f-d1a0-45e7-8f4f-d5625ac88bbf at port 0
2019-09-24 22:54:42,318 [Datanode State Machine Thread - 0] INFO  impl.RaftServerProxy (RaftServerProxy.java:lambda$start$3(299)) - e5a9a54f-d1a0-45e7-8f4f-d5625ac88bbf: start RPC server
2019-09-24 22:54:42,319 [Datanode State Machine Thread - 0] INFO  ozoneimpl.OzoneContainer (OzoneContainer.java:start(217)) - Attempting to start container services.
2019-09-24 22:54:42,325 [Datanode State Machine Thread - 0] INFO  ozoneimpl.OzoneContainer (OzoneContainer.java:startContainerScrub(179)) - Background container scanner has been disabled.
2019-09-24 22:54:42,325 [Datanode State Machine Thread - 0] INFO  ratis.XceiverServerRatis (XceiverServerRatis.java:start(411)) - Starting XceiverServerRatis 09a241b9-b8d1-4472-89b0-8795fabd1640 at port 0
2019-09-24 22:54:42,337 [Datanode State Machine Thread - 0] INFO  impl.RaftServerProxy (RaftServerProxy.java:lambda$start$3(299)) - 09a241b9-b8d1-4472-89b0-8795fabd1640: start RPC server
2019-09-24 22:54:42,378 [Datanode State Machine Thread - 0] INFO  ozoneimpl.OzoneContainer (OzoneContainer.java:start(217)) - Attempting to start container services.
2019-09-24 22:54:42,380 [Datanode State Machine Thread - 0] INFO  ozoneimpl.OzoneContainer (OzoneContainer.java:startContainerScrub(179)) - Background container scanner has been disabled.
2019-09-24 22:54:42,380 [Datanode State Machine Thread - 0] INFO  ratis.XceiverServerRatis (XceiverServerRatis.java:start(411)) - Starting XceiverServerRatis 9d5442d4-ee95-4410-8c78-fbec62863c16 at port 0
2019-09-24 22:54:42,389 [Datanode State Machine Thread - 0] INFO  impl.RaftServerProxy (RaftServerProxy.java:lambda$start$3(299)) - 9d5442d4-ee95-4410-8c78-fbec62863c16: start RPC server
2019-09-24 22:54:42,437 [main] INFO  ozone.MiniOzoneClusterImpl (MiniOzoneClusterImpl.java:lambda$waitForClusterToBeReady$0(147)) - Waiting for cluster to be ready. Got 0 of 4 DN Heartbeats.
2019-09-24 22:54:42,453 [Datanode State Machine Thread - 0] INFO  ozoneimpl.OzoneContainer (OzoneContainer.java:start(217)) - Attempting to start container services.
2019-09-24 22:54:42,455 [Datanode State Machine Thread - 0] INFO  ozoneimpl.OzoneContainer (OzoneContainer.java:startContainerScrub(179)) - Background container scanner has been disabled.
2019-09-24 22:54:42,456 [Datanode State Machine Thread - 0] INFO  ratis.XceiverServerRatis (XceiverServerRatis.java:start(411)) - Starting XceiverServerRatis 37866424-2e21-4e75-b95a-a562e1eae4e3 at port 0
2019-09-24 22:54:42,475 [Datanode State Machine Thread - 0] INFO  impl.RaftServerProxy (RaftServerProxy.java:lambda$start$3(299)) - 37866424-2e21-4e75-b95a-a562e1eae4e3: start RPC server
2019-09-24 22:54:42,497 [Datanode State Machine Thread - 0] INFO  server.GrpcService (GrpcService.java:startImpl(158)) - 09a241b9-b8d1-4472-89b0-8795fabd1640: GrpcService started, listening on 0.0.0.0/0.0.0.0:46129
2019-09-24 22:54:42,497 [Datanode State Machine Thread - 0] INFO  server.GrpcService (GrpcService.java:startImpl(158)) - e5a9a54f-d1a0-45e7-8f4f-d5625ac88bbf: GrpcService started, listening on 0.0.0.0/0.0.0.0:43692
2019-09-24 22:54:42,498 [Datanode State Machine Thread - 0] INFO  ratis.XceiverServerRatis (XceiverServerRatis.java:start(421)) - XceiverServerRatis 09a241b9-b8d1-4472-89b0-8795fabd1640 is started using port 46129
2019-09-24 22:54:42,497 [Datanode State Machine Thread - 0] INFO  server.GrpcService (GrpcService.java:startImpl(158)) - 37866424-2e21-4e75-b95a-a562e1eae4e3: GrpcService started, listening on 0.0.0.0/0.0.0.0:32788
2019-09-24 22:54:42,497 [Datanode State Machine Thread - 0] INFO  server.GrpcService (GrpcService.java:startImpl(158)) - 9d5442d4-ee95-4410-8c78-fbec62863c16: GrpcService started, listening on 0.0.0.0/0.0.0.0:39424
2019-09-24 22:54:42,498 [Datanode State Machine Thread - 0] INFO  ratis.XceiverServerRatis (XceiverServerRatis.java:start(421)) - XceiverServerRatis 37866424-2e21-4e75-b95a-a562e1eae4e3 is started using port 32788
2019-09-24 22:54:42,498 [Datanode State Machine Thread - 0] INFO  ratis.XceiverServerRatis (XceiverServerRatis.java:start(421)) - XceiverServerRatis e5a9a54f-d1a0-45e7-8f4f-d5625ac88bbf is started using port 43692
2019-09-24 22:54:42,498 [Datanode State Machine Thread - 0] INFO  ratis.XceiverServerRatis (XceiverServerRatis.java:start(421)) - XceiverServerRatis 9d5442d4-ee95-4410-8c78-fbec62863c16 is started using port 39424
2019-09-24 22:54:42,506 [Datanode State Machine Thread - 0] INFO  server.XceiverServerGrpc (XceiverServerGrpc.java:start(149)) - XceiverServerGrpc 09a241b9-b8d1-4472-89b0-8795fabd1640 is started using port 41341
2019-09-24 22:54:42,507 [Datanode State Machine Thread - 0] INFO  server.XceiverServerGrpc (XceiverServerGrpc.java:start(149)) - XceiverServerGrpc 9d5442d4-ee95-4410-8c78-fbec62863c16 is started using port 43176
2019-09-24 22:54:42,507 [Datanode State Machine Thread - 0] INFO  server.XceiverServerGrpc (XceiverServerGrpc.java:start(149)) - XceiverServerGrpc e5a9a54f-d1a0-45e7-8f4f-d5625ac88bbf is started using port 37309
2019-09-24 22:54:42,506 [Datanode State Machine Thread - 0] INFO  server.XceiverServerGrpc (XceiverServerGrpc.java:start(149)) - XceiverServerGrpc 37866424-2e21-4e75-b95a-a562e1eae4e3 is started using port 38635
2019-09-24 22:54:43,438 [main] INFO  ozone.MiniOzoneClusterImpl (MiniOzoneClusterImpl.java:lambda$waitForClusterToBeReady$0(147)) - Waiting for cluster to be ready. Got 0 of 4 DN Heartbeats.
2019-09-24 22:54:44,263 [IPC Server handler 0 on 39763] INFO  net.NetworkTopology (NetworkTopologyImpl.java:add(111)) - Added a new node: /default-rack/e5a9a54f-d1a0-45e7-8f4f-d5625ac88bbf
2019-09-24 22:54:44,263 [IPC Server handler 0 on 39763] INFO  node.SCMNodeManager (SCMNodeManager.java:register(266)) - Registered Data node : e5a9a54f-d1a0-45e7-8f4f-d5625ac88bbf{ip: 192.168.151.66, host: pr-hdds-2162-v2v4x-1150571016, networkLocation: /default-rack, certSerialId: null}
2019-09-24 22:54:44,269 [EventQueue-NodeRegistrationContainerReportForDataNodeSafeModeRule] INFO  safemode.SCMSafeModeManager (DataNodeSafeModeRule.java:process(71)) - SCM in safe mode. 1 DataNodes registered, 1 required.
2019-09-24 22:54:44,269 [EventQueue-NodeRegistrationContainerReportForContainerSafeModeRule] INFO  safemode.SCMSafeModeManager (SCMSafeModeManager.java:validateSafeModeExitRules(177)) - ScmSafeModeManager, all rules are successfully validated
2019-09-24 22:54:44,270 [EventQueue-NodeRegistrationContainerReportForContainerSafeModeRule] INFO  safemode.SCMSafeModeManager (SCMSafeModeManager.java:exitSafeMode(193)) - SCM exiting safe mode.
2019-09-24 22:54:44,294 [IPC Server handler 1 on 39763] INFO  net.NetworkTopology (NetworkTopologyImpl.java:add(111)) - Added a new node: /default-rack/09a241b9-b8d1-4472-89b0-8795fabd1640
2019-09-24 22:54:44,295 [IPC Server handler 1 on 39763] INFO  node.SCMNodeManager (SCMNodeManager.java:register(266)) - Registered Data node : 09a241b9-b8d1-4472-89b0-8795fabd1640{ip: 192.168.151.66, host: pr-hdds-2162-v2v4x-1150571016, networkLocation: /default-rack, certSerialId: null}
2019-09-24 22:54:44,365 [IPC Server handler 3 on 39763] INFO  net.NetworkTopology (NetworkTopologyImpl.java:add(111)) - Added a new node: /default-rack/9d5442d4-ee95-4410-8c78-fbec62863c16
2019-09-24 22:54:44,365 [IPC Server handler 3 on 39763] INFO  node.SCMNodeManager (SCMNodeManager.java:register(266)) - Registered Data node : 9d5442d4-ee95-4410-8c78-fbec62863c16{ip: 192.168.151.66, host: pr-hdds-2162-v2v4x-1150571016, networkLocation: /default-rack, certSerialId: null}
2019-09-24 22:54:44,439 [main] INFO  ozone.MiniOzoneClusterImpl (MiniOzoneClusterImpl.java:lambda$waitForClusterToBeReady$0(147)) - Waiting for cluster to be ready. Got 3 of 4 DN Heartbeats.
2019-09-24 22:54:44,440 [IPC Server handler 4 on 39763] INFO  net.NetworkTopology (NetworkTopologyImpl.java:add(111)) - Added a new node: /default-rack/37866424-2e21-4e75-b95a-a562e1eae4e3
2019-09-24 22:54:44,440 [IPC Server handler 4 on 39763] INFO  node.SCMNodeManager (SCMNodeManager.java:register(266)) - Registered Data node : 37866424-2e21-4e75-b95a-a562e1eae4e3{ip: 192.168.151.66, host: pr-hdds-2162-v2v4x-1150571016, networkLocation: /default-rack, certSerialId: null}
2019-09-24 22:54:44,799 [grpc-default-executor-0] INFO  impl.RaftServerProxy (RaftServerProxy.java:addNew(89)) - e5a9a54f-d1a0-45e7-8f4f-d5625ac88bbf: addNew group-F129C625B686:[e5a9a54f-d1a0-45e7-8f4f-d5625ac88bbf:192.168.151.66:43692] returns group-F129C625B686:java.util.concurrent.CompletableFuture@669f7617[Not completed]
2019-09-24 22:54:44,819 [pool-27-thread-1] INFO  impl.RaftServerImpl (RaftServerImpl.java:<init>(95)) - e5a9a54f-d1a0-45e7-8f4f-d5625ac88bbf: new RaftServerImpl for group-F129C625B686:[e5a9a54f-d1a0-45e7-8f4f-d5625ac88bbf:192.168.151.66:43692] with ContainerStateMachine:uninitialized
2019-09-24 22:54:44,822 [pool-27-thread-1] INFO  server.RaftServerConfigKeys (ConfUtils.java:logGet(43)) - raft.server.rpc.timeout.min = 5s (custom)
2019-09-24 22:54:44,823 [pool-27-thread-1] INFO  server.RaftServerConfigKeys (ConfUtils.java:logGet(43)) - raft.server.rpc.timeout.max = 5200ms (custom)
2019-09-24 22:54:44,824 [pool-27-thread-1] INFO  server.RaftServerConfigKeys (ConfUtils.java:logGet(43)) - raft.server.rpcslowness.timeout = 1000s (custom)
2019-09-24 22:54:44,825 [pool-27-thread-1] INFO  server.RaftServerConfigKeys (ConfUtils.java:logGet(43)) - raft.server.sleep.deviation.threshold = 300 (default)
2019-09-24 22:54:44,826 [pool-27-thread-1] INFO  server.RaftServerConfigKeys (ConfUtils.java:logGet(43)) - raft.server.log.appender.install.snapshot.enabled = false (custom)
2019-09-24 22:54:44,836 [pool-27-thread-1] INFO  impl.RaftServerImpl (ServerState.java:<init>(103)) - e5a9a54f-d1a0-45e7-8f4f-d5625ac88bbf@group-F129C625B686: ConfigurationManager, init=-1: [e5a9a54f-d1a0-45e7-8f4f-d5625ac88bbf:192.168.151.66:43692], old=null, confs=<EMPTY_MAP>
2019-09-24 22:54:44,836 [pool-27-thread-1] INFO  server.RaftServerConfigKeys (ConfUtils.java:logGet(43)) - raft.server.storage.dir = [/workdir/hadoop-ozone/integration-test/target/test-dir/MiniOzoneClusterImpl-f1e77b2f-0d0c-4b94-9bca-fcbc5d1dd781/datanode-0/data/ratis] (custom)
2019-09-24 22:54:44,845 [pool-27-thread-1] INFO  storage.RaftStorageDirectory (RaftStorageDirectory.java:analyzeStorage(246)) - The storage directory /workdir/hadoop-ozone/integration-test/target/test-dir/MiniOzoneClusterImpl-f1e77b2f-0d0c-4b94-9bca-fcbc5d1dd781/datanode-0/data/ratis/a68ccee6-5887-4d6d-9d2d-f129c625b686 does not exist. Creating ...
2019-09-24 22:54:44,871 [pool-27-thread-1] INFO  storage.RaftStorageDirectory (RaftStorageDirectory.java:tryLock(328)) - Lock on /workdir/hadoop-ozone/integration-test/target/test-dir/MiniOzoneClusterImpl-f1e77b2f-0d0c-4b94-9bca-fcbc5d1dd781/datanode-0/data/ratis/a68ccee6-5887-4d6d-9d2d-f129c625b686/in_use.lock acquired by nodename 4483@pr-hdds-2162-v2v4x-1150571016
2019-09-24 22:54:44,888 [pool-27-thread-1] INFO  storage.RaftStorage (RaftStorage.java:format(72)) - Storage directory /workdir/hadoop-ozone/integration-test/target/test-dir/MiniOzoneClusterImpl-f1e77b2f-0d0c-4b94-9bca-fcbc5d1dd781/datanode-0/data/ratis/a68ccee6-5887-4d6d-9d2d-f129c625b686 has been successfully formatted.
2019-09-24 22:54:44,890 [pool-27-thread-1] INFO  ratis.ContainerStateMachine (ContainerStateMachine.java:loadSnapshot(230)) - group-F129C625B686: The snapshot info is null. Setting the last applied indexto:(t:0, i:~)
2019-09-24 22:54:44,891 [pool-27-thread-1] INFO  server.RaftServerConfigKeys (ConfUtils.java:logGet(43)) - raft.server.notification.no-leader.timeout = 1000s (custom)
2019-09-24 22:54:44,893 [pool-27-thread-1] INFO  server.RaftServerConfigKeys (ConfUtils.java:logGet(43)) - raft.server.log.use.memory = false (default)
2019-09-24 22:54:44,901 [pool-27-thread-1] INFO  server.RaftServerConfigKeys (ConfUtils.java:logGet(43)) - raft.server.log.purge.gap = 1000000 (custom)
2019-09-24 22:54:44,901 [pool-27-thread-1] INFO  server.RaftServerConfigKeys (ConfUtils.java:logGet(43)) - raft.server.log.appender.buffer.byte-limit = 33554432 (custom)
2019-09-24 22:54:44,904 [pool-27-thread-1] INFO  server.RaftServerConfigKeys (ConfUtils.java:logGet(43)) - raft.server.log.segment.size.max = 1048576 (custom)
2019-09-24 22:54:44,909 [pool-27-thread-1] INFO  server.RaftServerConfigKeys (ConfUtils.java:logGet(43)) - raft.server.log.segment.cache.num.max = 2 (custom)
2019-09-24 22:54:44,916 [pool-27-thread-1] INFO  segmented.SegmentedRaftLogWorker (SegmentedRaftLogWorker.java:<init>(172)) - new e5a9a54f-d1a0-45e7-8f4f-d5625ac88bbf@group-F129C625B686-SegmentedRaftLogWorker for RaftStorage:Storage Directory /workdir/hadoop-ozone/integration-test/target/test-dir/MiniOzoneClusterImpl-f1e77b2f-0d0c-4b94-9bca-fcbc5d1dd781/datanode-0/data/ratis/a68ccee6-5887-4d6d-9d2d-f129c625b686
2019-09-24 22:54:44,918 [pool-27-thread-1] INFO  impl.MetricsSystemImpl (MetricsSystemImpl.java:init(158)) - ratis metrics system started (again)
2019-09-24 22:54:44,924 [pool-27-thread-1] INFO  metrics.MetricRegistries (MetricRegistriesLoader.java:load(64)) - Loaded MetricRegistries class org.apache.ratis.metrics.impl.MetricRegistriesImpl
2019-09-24 22:54:44,955 [pool-27-thread-1] INFO  server.RaftServerConfigKeys (ConfUtils.java:logGet(43)) - raft.server.log.queue.byte-limit = 2147483647 (custom)
2019-09-24 22:54:44,956 [pool-27-thread-1] INFO  server.RaftServerConfigKeys (ConfUtils.java:logGet(43)) - raft.server.log.queue.element-limit = 1024 (custom)
2019-09-24 22:54:44,959 [pool-27-thread-1] INFO  server.RaftServerConfigKeys (ConfUtils.java:logGet(43)) - raft.server.log.segment.size.max = 1048576 (custom)
2019-09-24 22:54:44,959 [pool-27-thread-1] INFO  server.RaftServerConfigKeys (ConfUtils.java:logGet(43)) - raft.server.log.preallocated.size = 16384 (custom)
2019-09-24 22:54:44,960 [pool-27-thread-1] INFO  server.RaftServerConfigKeys (ConfUtils.java:logGet(43)) - raft.server.log.write.buffer.size = 33554432 (custom)
2019-09-24 22:54:44,960 [pool-27-thread-1] INFO  server.RaftServerConfigKeys (ConfUtils.java:logGet(43)) - raft.server.log.force.sync.num = 128 (default)
2019-09-24 22:54:44,961 [pool-27-thread-1] INFO  server.RaftServerConfigKeys (ConfUtils.java:logGet(43)) - raft.server.log.statemachine.data.sync = true (default)
2019-09-24 22:54:44,961 [pool-27-thread-1] INFO  server.RaftServerConfigKeys (ConfUtils.java:logGet(43)) - raft.server.log.statemachine.data.sync.timeout = 10s (default)
2019-09-24 22:54:44,962 [pool-27-thread-1] INFO  server.RaftServerConfigKeys (ConfUtils.java:logGet(43)) - raft.server.log.statemachine.data.sync.timeout.retry = -1 (default)
2019-09-24 22:54:44,970 [pool-27-thread-1] INFO  server.RaftServerConfigKeys (ConfUtils.java:logGet(43)) - raft.server.log.statemachine.data.caching.enabled = true (custom)
2019-09-24 22:54:44,975 [pool-27-thread-1] INFO  segmented.SegmentedRaftLogWorker (SegmentedRaftLogWorker.java:lambda$new$0(132)) - e5a9a54f-d1a0-45e7-8f4f-d5625ac88bbf@group-F129C625B686-SegmentedRaftLogWorker: flushIndex: setUnconditionally 0 -> -1
2019-09-24 22:54:44,979 [pool-27-thread-1] INFO  server.RaftServerConfigKeys (ConfUtils.java:logGet(43)) - raft.server.snapshot.auto.trigger.enabled = true (custom)
2019-09-24 22:54:44,980 [pool-27-thread-1] INFO  server.RaftServerConfigKeys (ConfUtils.java:logGet(43)) - raft.server.snapshot.auto.trigger.threshold = 10000 (custom)
2019-09-24 22:54:44,980 [pool-27-thread-1] INFO  server.RaftServerConfigKeys (ConfUtils.java:logGet(43)) - raft.server.snapshot.retention.num.files = 5 (custom)
2019-09-24 22:54:44,981 [pool-27-thread-1] INFO  server.RaftServerConfigKeys (ConfUtils.java:logGet(43)) - raft.server.retrycache.expirytime = 600000ms (custom)
2019-09-24 22:54:45,005 [pool-27-thread-1] INFO  impl.RaftServerImpl (RaftServerImpl.java:start(185)) - e5a9a54f-d1a0-45e7-8f4f-d5625ac88bbf@group-F129C625B686: start as a follower, conf=-1: [e5a9a54f-d1a0-45e7-8f4f-d5625ac88bbf:192.168.151.66:43692], old=null
2019-09-24 22:54:45,006 [pool-27-thread-1] INFO  impl.RaftServerImpl (RaftServerImpl.java:setRole(174)) - e5a9a54f-d1a0-45e7-8f4f-d5625ac88bbf@group-F129C625B686: changes role from      null to FOLLOWER at term 0 for startAsFollower
2019-09-24 22:54:45,007 [pool-27-thread-1] INFO  impl.RoleInfo (RoleInfo.java:updateAndGet(143)) - e5a9a54f-d1a0-45e7-8f4f-d5625ac88bbf: start FollowerState
2019-09-24 22:54:45,008 [pool-27-thread-1] INFO  util.JmxRegister (JmxRegister.java:tryRegister(44)) - Successfully registered JMX Bean with object name Ratis:service=RaftServer,group=group-F129C625B686,id=e5a9a54f-d1a0-45e7-8f4f-d5625ac88bbf
2019-09-24 22:54:45,081 [RatisPipelineUtilsThread] INFO  pipeline.PipelineStateManager (PipelineStateManager.java:addPipeline(56)) - Created pipeline Pipeline[ Id: a68ccee6-5887-4d6d-9d2d-f129c625b686, Nodes: e5a9a54f-d1a0-45e7-8f4f-d5625ac88bbf{ip: 192.168.151.66, host: pr-hdds-2162-v2v4x-1150571016, networkLocation: /default-rack, certSerialId: null}, Type:RATIS, Factor:ONE, State:OPEN]
2019-09-24 22:54:45,105 [grpc-default-executor-0] INFO  impl.RaftServerProxy (RaftServerProxy.java:addNew(89)) - 09a241b9-b8d1-4472-89b0-8795fabd1640: addNew group-2A3A5D74A4DD:[09a241b9-b8d1-4472-89b0-8795fabd1640:192.168.151.66:46129] returns group-2A3A5D74A4DD:java.util.concurrent.CompletableFuture@4af1cfc4[Not completed]
2019-09-24 22:54:45,148 [pool-37-thread-1] INFO  impl.RaftServerImpl (RaftServerImpl.java:<init>(95)) - 09a241b9-b8d1-4472-89b0-8795fabd1640: new RaftServerImpl for group-2A3A5D74A4DD:[09a241b9-b8d1-4472-89b0-8795fabd1640:192.168.151.66:46129] with ContainerStateMachine:uninitialized
2019-09-24 22:54:45,150 [pool-37-thread-1] INFO  server.RaftServerConfigKeys (ConfUtils.java:logGet(43)) - raft.server.rpc.timeout.min = 5s (custom)
2019-09-24 22:54:45,151 [pool-37-thread-1] INFO  server.RaftServerConfigKeys (ConfUtils.java:logGet(43)) - raft.server.rpc.timeout.max = 5200ms (custom)
2019-09-24 22:54:45,151 [pool-37-thread-1] INFO  server.RaftServerConfigKeys (ConfUtils.java:logGet(43)) - raft.server.rpcslowness.timeout = 1000s (custom)
2019-09-24 22:54:45,151 [pool-37-thread-1] INFO  server.RaftServerConfigKeys (ConfUtils.java:logGet(43)) - raft.server.sleep.deviation.threshold = 300 (default)
2019-09-24 22:54:45,151 [pool-37-thread-1] INFO  server.RaftServerConfigKeys (ConfUtils.java:logGet(43)) - raft.server.log.appender.install.snapshot.enabled = false (custom)
2019-09-24 22:54:45,151 [pool-37-thread-1] INFO  impl.RaftServerImpl (ServerState.java:<init>(103)) - 09a241b9-b8d1-4472-89b0-8795fabd1640@group-2A3A5D74A4DD: ConfigurationManager, init=-1: [09a241b9-b8d1-4472-89b0-8795fabd1640:192.168.151.66:46129], old=null, confs=<EMPTY_MAP>
2019-09-24 22:54:45,152 [pool-37-thread-1] INFO  server.RaftServerConfigKeys (ConfUtils.java:logGet(43)) - raft.server.storage.dir = [/workdir/hadoop-ozone/integration-test/target/test-dir/MiniOzoneClusterImpl-f1e77b2f-0d0c-4b94-9bca-fcbc5d1dd781/datanode-1/data/ratis] (custom)
2019-09-24 22:54:45,152 [pool-37-thread-1] INFO  storage.RaftStorageDirectory (RaftStorageDirectory.java:analyzeStorage(246)) - The storage directory /workdir/hadoop-ozone/integration-test/target/test-dir/MiniOzoneClusterImpl-f1e77b2f-0d0c-4b94-9bca-fcbc5d1dd781/datanode-1/data/ratis/97d5872a-ae1c-4f2a-af5d-2a3a5d74a4dd does not exist. Creating ...
2019-09-24 22:54:45,167 [pool-37-thread-1] INFO  storage.RaftStorageDirectory (RaftStorageDirectory.java:tryLock(328)) - Lock on /workdir/hadoop-ozone/integration-test/target/test-dir/MiniOzoneClusterImpl-f1e77b2f-0d0c-4b94-9bca-fcbc5d1dd781/datanode-1/data/ratis/97d5872a-ae1c-4f2a-af5d-2a3a5d74a4dd/in_use.lock acquired by nodename 4483@pr-hdds-2162-v2v4x-1150571016
2019-09-24 22:54:45,188 [pool-37-thread-1] INFO  storage.RaftStorage (RaftStorage.java:format(72)) - Storage directory /workdir/hadoop-ozone/integration-test/target/test-dir/MiniOzoneClusterImpl-f1e77b2f-0d0c-4b94-9bca-fcbc5d1dd781/datanode-1/data/ratis/97d5872a-ae1c-4f2a-af5d-2a3a5d74a4dd has been successfully formatted.
2019-09-24 22:54:45,190 [pool-37-thread-1] INFO  ratis.ContainerStateMachine (ContainerStateMachine.java:loadSnapshot(230)) - group-2A3A5D74A4DD: The snapshot info is null. Setting the last applied indexto:(t:0, i:~)
2019-09-24 22:54:45,192 [pool-37-thread-1] INFO  server.RaftServerConfigKeys (ConfUtils.java:logGet(43)) - raft.server.notification.no-leader.timeout = 1000s (custom)
2019-09-24 22:54:45,192 [pool-37-thread-1] INFO  server.RaftServerConfigKeys (ConfUtils.java:logGet(43)) - raft.server.log.use.memory = false (default)
2019-09-24 22:54:45,192 [pool-37-thread-1] INFO  server.RaftServerConfigKeys (ConfUtils.java:logGet(43)) - raft.server.log.purge.gap = 1000000 (custom)
2019-09-24 22:54:45,192 [pool-37-thread-1] INFO  server.RaftServerConfigKeys (ConfUtils.java:logGet(43)) - raft.server.log.appender.buffer.byte-limit = 33554432 (custom)
2019-09-24 22:54:45,193 [pool-37-thread-1] INFO  server.RaftServerConfigKeys (ConfUtils.java:logGet(43)) - raft.server.log.segment.size.max = 1048576 (custom)
2019-09-24 22:54:45,193 [pool-37-thread-1] INFO  server.RaftServerConfigKeys (ConfUtils.java:logGet(43)) - raft.server.log.segment.cache.num.max = 2 (custom)
2019-09-24 22:54:45,193 [pool-37-thread-1] INFO  segmented.SegmentedRaftLogWorker (SegmentedRaftLogWorker.java:<init>(172)) - new 09a241b9-b8d1-4472-89b0-8795fabd1640@group-2A3A5D74A4DD-SegmentedRaftLogWorker for RaftStorage:Storage Directory /workdir/hadoop-ozone/integration-test/target/test-dir/MiniOzoneClusterImpl-f1e77b2f-0d0c-4b94-9bca-fcbc5d1dd781/datanode-1/data/ratis/97d5872a-ae1c-4f2a-af5d-2a3a5d74a4dd
2019-09-24 22:54:45,201 [pool-37-thread-1] INFO  server.RaftServerConfigKeys (ConfUtils.java:logGet(43)) - raft.server.log.queue.byte-limit = 2147483647 (custom)
2019-09-24 22:54:45,201 [pool-37-thread-1] INFO  server.RaftServerConfigKeys (ConfUtils.java:logGet(43)) - raft.server.log.queue.element-limit = 1024 (custom)
2019-09-24 22:54:45,201 [pool-37-thread-1] INFO  server.RaftServerConfigKeys (ConfUtils.java:logGet(43)) - raft.server.log.segment.size.max = 1048576 (custom)
2019-09-24 22:54:45,202 [pool-37-thread-1] INFO  server.RaftServerConfigKeys (ConfUtils.java:logGet(43)) - raft.server.log.preallocated.size = 16384 (custom)
2019-09-24 22:54:45,202 [pool-37-thread-1] INFO  server.RaftServerConfigKeys (ConfUtils.java:logGet(43)) - raft.server.log.write.buffer.size = 33554432 (custom)
2019-09-24 22:54:45,202 [pool-37-thread-1] INFO  server.RaftServerConfigKeys (ConfUtils.java:logGet(43)) - raft.server.log.force.sync.num = 128 (default)
2019-09-24 22:54:45,202 [pool-37-thread-1] INFO  server.RaftServerConfigKeys (ConfUtils.java:logGet(43)) - raft.server.log.statemachine.data.sync = true (default)
2019-09-24 22:54:45,203 [pool-37-thread-1] INFO  server.RaftServerConfigKeys (ConfUtils.java:logGet(43)) - raft.server.log.statemachine.data.sync.timeout = 10s (default)
2019-09-24 22:54:45,203 [pool-37-thread-1] INFO  server.RaftServerConfigKeys (ConfUtils.java:logGet(43)) - raft.server.log.statemachine.data.sync.timeout.retry = -1 (default)
2019-09-24 22:54:45,203 [pool-37-thread-1] INFO  server.RaftServerConfigKeys (ConfUtils.java:logGet(43)) - raft.server.log.statemachine.data.caching.enabled = true (custom)
2019-09-24 22:54:45,204 [pool-37-thread-1] INFO  segmented.SegmentedRaftLogWorker (SegmentedRaftLogWorker.java:lambda$new$0(132)) - 09a241b9-b8d1-4472-89b0-8795fabd1640@group-2A3A5D74A4DD-SegmentedRaftLogWorker: flushIndex: setUnconditionally 0 -> -1
2019-09-24 22:54:45,204 [pool-37-thread-1] INFO  server.RaftServerConfigKeys (ConfUtils.java:logGet(43)) - raft.server.snapshot.auto.trigger.enabled = true (custom)
2019-09-24 22:54:45,205 [pool-37-thread-1] INFO  server.RaftServerConfigKeys (ConfUtils.java:logGet(43)) - raft.server.snapshot.auto.trigger.threshold = 10000 (custom)
2019-09-24 22:54:45,205 [pool-37-thread-1] INFO  server.RaftServerConfigKeys (ConfUtils.java:logGet(43)) - raft.server.snapshot.retention.num.files = 5 (custom)
2019-09-24 22:54:45,205 [pool-37-thread-1] INFO  server.RaftServerConfigKeys (ConfUtils.java:logGet(43)) - raft.server.retrycache.expirytime = 600000ms (custom)
2019-09-24 22:54:45,214 [pool-37-thread-1] INFO  impl.RaftServerImpl (RaftServerImpl.java:start(185)) - 09a241b9-b8d1-4472-89b0-8795fabd1640@group-2A3A5D74A4DD: start as a follower, conf=-1: [09a241b9-b8d1-4472-89b0-8795fabd1640:192.168.151.66:46129], old=null
2019-09-24 22:54:45,214 [pool-37-thread-1] INFO  impl.RaftServerImpl (RaftServerImpl.java:setRole(174)) - 09a241b9-b8d1-4472-89b0-8795fabd1640@group-2A3A5D74A4DD: changes role from      null to FOLLOWER at term 0 for startAsFollower
2019-09-24 22:54:45,214 [pool-37-thread-1] INFO  impl.RoleInfo (RoleInfo.java:updateAndGet(143)) - 09a241b9-b8d1-4472-89b0-8795fabd1640: start FollowerState
2019-09-24 22:54:45,217 [pool-37-thread-1] INFO  util.JmxRegister (JmxRegister.java:tryRegister(44)) - Successfully registered JMX Bean with object name Ratis:service=RaftServer,group=group-2A3A5D74A4DD,id=09a241b9-b8d1-4472-89b0-8795fabd1640
2019-09-24 22:54:45,238 [RatisPipelineUtilsThread] INFO  pipeline.PipelineStateManager (PipelineStateManager.java:addPipeline(56)) - Created pipeline Pipeline[ Id: 97d5872a-ae1c-4f2a-af5d-2a3a5d74a4dd, Nodes: 09a241b9-b8d1-4472-89b0-8795fabd1640{ip: 192.168.151.66, host: pr-hdds-2162-v2v4x-1150571016, networkLocation: /default-rack, certSerialId: null}, Type:RATIS, Factor:ONE, State:OPEN]
2019-09-24 22:54:45,262 [grpc-default-executor-0] INFO  impl.RaftServerProxy (RaftServerProxy.java:addNew(89)) - 9d5442d4-ee95-4410-8c78-fbec62863c16: addNew group-1B596ADB384B:[9d5442d4-ee95-4410-8c78-fbec62863c16:192.168.151.66:39424] returns group-1B596ADB384B:java.util.concurrent.CompletableFuture@1e4af204[Not completed]
2019-09-24 22:54:45,288 [pool-47-thread-1] INFO  impl.RaftServerImpl (RaftServerImpl.java:<init>(95)) - 9d5442d4-ee95-4410-8c78-fbec62863c16: new RaftServerImpl for group-1B596ADB384B:[9d5442d4-ee95-4410-8c78-fbec62863c16:192.168.151.66:39424] with ContainerStateMachine:uninitialized
2019-09-24 22:54:45,292 [pool-47-thread-1] INFO  server.RaftServerConfigKeys (ConfUtils.java:logGet(43)) - raft.server.rpc.timeout.min = 5s (custom)
2019-09-24 22:54:45,292 [pool-47-thread-1] INFO  server.RaftServerConfigKeys (ConfUtils.java:logGet(43)) - raft.server.rpc.timeout.max = 5200ms (custom)
2019-09-24 22:54:45,292 [pool-47-thread-1] INFO  server.RaftServerConfigKeys (ConfUtils.java:logGet(43)) - raft.server.rpcslowness.timeout = 1000s (custom)
2019-09-24 22:54:45,292 [pool-47-thread-1] INFO  server.RaftServerConfigKeys (ConfUtils.java:logGet(43)) - raft.server.sleep.deviation.threshold = 300 (default)
2019-09-24 22:54:45,293 [pool-47-thread-1] INFO  server.RaftServerConfigKeys (ConfUtils.java:logGet(43)) - raft.server.log.appender.install.snapshot.enabled = false (custom)
2019-09-24 22:54:45,293 [pool-47-thread-1] INFO  impl.RaftServerImpl (ServerState.java:<init>(103)) - 9d5442d4-ee95-4410-8c78-fbec62863c16@group-1B596ADB384B: ConfigurationManager, init=-1: [9d5442d4-ee95-4410-8c78-fbec62863c16:192.168.151.66:39424], old=null, confs=<EMPTY_MAP>
2019-09-24 22:54:45,293 [pool-47-thread-1] INFO  server.RaftServerConfigKeys (ConfUtils.java:logGet(43)) - raft.server.storage.dir = [/workdir/hadoop-ozone/integration-test/target/test-dir/MiniOzoneClusterImpl-f1e77b2f-0d0c-4b94-9bca-fcbc5d1dd781/datanode-2/data/ratis] (custom)
2019-09-24 22:54:45,294 [pool-47-thread-1] INFO  storage.RaftStorageDirectory (RaftStorageDirectory.java:analyzeStorage(246)) - The storage directory /workdir/hadoop-ozone/integration-test/target/test-dir/MiniOzoneClusterImpl-f1e77b2f-0d0c-4b94-9bca-fcbc5d1dd781/datanode-2/data/ratis/615f9a82-b642-4e35-b02c-1b596adb384b does not exist. Creating ...
2019-09-24 22:54:45,315 [pool-47-thread-1] INFO  storage.RaftStorageDirectory (RaftStorageDirectory.java:tryLock(328)) - Lock on /workdir/hadoop-ozone/integration-test/target/test-dir/MiniOzoneClusterImpl-f1e77b2f-0d0c-4b94-9bca-fcbc5d1dd781/datanode-2/data/ratis/615f9a82-b642-4e35-b02c-1b596adb384b/in_use.lock acquired by nodename 4483@pr-hdds-2162-v2v4x-1150571016
2019-09-24 22:54:45,318 [pool-47-thread-1] INFO  storage.RaftStorage (RaftStorage.java:format(72)) - Storage directory /workdir/hadoop-ozone/integration-test/target/test-dir/MiniOzoneClusterImpl-f1e77b2f-0d0c-4b94-9bca-fcbc5d1dd781/datanode-2/data/ratis/615f9a82-b642-4e35-b02c-1b596adb384b has been successfully formatted.
2019-09-24 22:54:45,319 [pool-47-thread-1] INFO  ratis.ContainerStateMachine (ContainerStateMachine.java:loadSnapshot(230)) - group-1B596ADB384B: The snapshot info is null. Setting the last applied indexto:(t:0, i:~)
2019-09-24 22:54:45,319 [pool-47-thread-1] INFO  server.RaftServerConfigKeys (ConfUtils.java:logGet(43)) - raft.server.notification.no-leader.timeout = 1000s (custom)
2019-09-24 22:54:45,319 [pool-47-thread-1] INFO  server.RaftServerConfigKeys (ConfUtils.java:logGet(43)) - raft.server.log.use.memory = false (default)
2019-09-24 22:54:45,320 [pool-47-thread-1] INFO  server.RaftServerConfigKeys (ConfUtils.java:logGet(43)) - raft.server.log.purge.gap = 1000000 (custom)
2019-09-24 22:54:45,320 [pool-47-thread-1] INFO  server.RaftServerConfigKeys (ConfUtils.java:logGet(43)) - raft.server.log.appender.buffer.byte-limit = 33554432 (custom)
[...]
2019-09-24 22:56:40,990 [ForkJoinPool.commonPool-worker-0] INFO  server.AbstractConnector (AbstractConnector.java:doStop(318)) - Stopped ServerConnector@59072e9d{HTTP/1.1,[http/1.1]}{0.0.0.0:0}
2019-09-24 22:56:40,991 [ForkJoinPool.commonPool-worker-0] INFO  handler.ContextHandler (ContextHandler.java:doStop(910)) - Stopped o.e.j.s.ServletContextHandler@620c8641{/static,jar:file:/home/user/.m2/repository/org/apache/hadoop/hadoop-hdds-container-service/0.5.0-SNAPSHOT/hadoop-hdds-container-service-0.5.0-SNAPSHOT.jar!/webapps/static,UNAVAILABLE}
2019-09-24 22:56:40,993 [ForkJoinPool.commonPool-worker-0] INFO  handler.ContextHandler (ContextHandler.java:doStop(910)) - Stopped o.e.j.s.ServletContextHandler@277b8fa4{/logs,file:///workdir/hadoop-ozone/integration-test/target/log,UNAVAILABLE}
2019-09-24 22:56:41,167 [Datanode State Machine Thread - 0] INFO  statemachine.DatanodeStateMachine (DatanodeStateMachine.java:lambda$startDaemon$0(350)) - Ozone container server started.
2019-09-24 22:56:41,505 [ReplicationMonitor] INFO  container.ReplicationManager (ReplicationManager.java:run(225)) - Replication Monitor Thread took 0 milliseconds for processing 0 containers.
2019-09-24 22:56:42,433 [EventQueue-StaleNodeForStaleNodeHandler] INFO  node.StaleNodeHandler (StaleNodeHandler.java:onMessage(58)) - Datanode 37866424-2e21-4e75-b95a-a562e1eae4e3{ip: 192.168.151.66, host: pr-hdds-2162-v2v4x-1150571016, networkLocation: /default-rack, certSerialId: null} moved to stale state. Finalizing its pipelines [PipelineID=e7edc268-b035-4203-956f-592e6245275c]
2019-09-24 22:56:42,433 [EventQueue-StaleNodeForStaleNodeHandler] INFO  pipeline.SCMPipelineManager (SCMPipelineManager.java:finalizeAndDestroyPipeline(315)) - destroying pipeline:Pipeline[ Id: e7edc268-b035-4203-956f-592e6245275c, Nodes: 37866424-2e21-4e75-b95a-a562e1eae4e3{ip: 192.168.151.66, host: pr-hdds-2162-v2v4x-1150571016, networkLocation: /default-rack, certSerialId: null}, Type:RATIS, Factor:ONE, State:OPEN]
2019-09-24 22:56:42,433 [EventQueue-StaleNodeForStaleNodeHandler] INFO  pipeline.PipelineStateManager (PipelineStateManager.java:finalizePipeline(123)) - Pipeline Pipeline[ Id: e7edc268-b035-4203-956f-592e6245275c, Nodes: 37866424-2e21-4e75-b95a-a562e1eae4e3{ip: 192.168.151.66, host: pr-hdds-2162-v2v4x-1150571016, networkLocation: /default-rack, certSerialId: null}, Type:RATIS, Factor:ONE, State:CLOSED] moved to CLOSED state
2019-09-24 22:56:43,034 [EventQueue-StaleNodeForStaleNodeHandler] INFO  node.StaleNodeHandler (StaleNodeHandler.java:onMessage(58)) - Datanode e5a9a54f-d1a0-45e7-8f4f-d5625ac88bbf{ip: 192.168.151.66, host: pr-hdds-2162-v2v4x-1150571016, networkLocation: /default-rack, certSerialId: null} moved to stale state. Finalizing its pipelines [PipelineID=a68ccee6-5887-4d6d-9d2d-f129c625b686]
2019-09-24 22:56:43,034 [EventQueue-StaleNodeForStaleNodeHandler] INFO  pipeline.SCMPipelineManager (SCMPipelineManager.java:finalizeAndDestroyPipeline(315)) - destroying pipeline:Pipeline[ Id: a68ccee6-5887-4d6d-9d2d-f129c625b686, Nodes: e5a9a54f-d1a0-45e7-8f4f-d5625ac88bbf{ip: 192.168.151.66, host: pr-hdds-2162-v2v4x-1150571016, networkLocation: /default-rack, certSerialId: null}, Type:RATIS, Factor:ONE, State:OPEN]
2019-09-24 22:56:43,034 [EventQueue-StaleNodeForStaleNodeHandler] INFO  pipeline.PipelineStateManager (PipelineStateManager.java:finalizePipeline(123)) - Pipeline Pipeline[ Id: a68ccee6-5887-4d6d-9d2d-f129c625b686, Nodes: e5a9a54f-d1a0-45e7-8f4f-d5625ac88bbf{ip: 192.168.151.66, host: pr-hdds-2162-v2v4x-1150571016, networkLocation: /default-rack, certSerialId: null}, Type:RATIS, Factor:ONE, State:CLOSED] moved to CLOSED state
2019-09-24 22:56:43,506 [ReplicationMonitor] INFO  container.ReplicationManager (ReplicationManager.java:run(225)) - Replication Monitor Thread took 0 milliseconds for processing 0 containers.
2019-09-24 22:56:44,436 [EventQueue-DeadNodeForDeadNodeHandler] INFO  pipeline.SCMPipelineManager (SCMPipelineManager.java:finalizeAndDestroyPipeline(315)) - destroying pipeline:Pipeline[ Id: e7edc268-b035-4203-956f-592e6245275c, Nodes: 37866424-2e21-4e75-b95a-a562e1eae4e3{ip: 192.168.151.66, host: pr-hdds-2162-v2v4x-1150571016, networkLocation: /default-rack, certSerialId: null}, Type:RATIS, Factor:ONE, State:CLOSED]
2019-09-24 22:56:44,450 [grpc-default-executor-3] INFO  impl.RaftServerProxy (RaftServerProxy.java:remove(95)) - 37866424-2e21-4e75-b95a-a562e1eae4e3: remove    LEADER 37866424-2e21-4e75-b95a-a562e1eae4e3@group-592E6245275C:t1, leader=37866424-2e21-4e75-b95a-a562e1eae4e3, voted=37866424-2e21-4e75-b95a-a562e1eae4e3, raftlog=37866424-2e21-4e75-b95a-a562e1eae4e3@group-592E6245275C-SegmentedRaftLog:OPENED:c0,f0,i0, conf=0: [37866424-2e21-4e75-b95a-a562e1eae4e3:192.168.151.66:32788], old=null RUNNING
2019-09-24 22:56:44,450 [grpc-default-executor-3] INFO  impl.RaftServerImpl (RaftServerImpl.java:lambda$shutdown$3(251)) - 37866424-2e21-4e75-b95a-a562e1eae4e3@group-592E6245275C: shutdown
2019-09-24 22:56:44,450 [grpc-default-executor-3] INFO  util.JmxRegister (JmxRegister.java:unregister(73)) - Successfully un-registered JMX Bean with object name Ratis:service=RaftServer,group=group-592E6245275C,id=37866424-2e21-4e75-b95a-a562e1eae4e3
2019-09-24 22:56:44,450 [grpc-default-executor-3] INFO  impl.RoleInfo (RoleInfo.java:shutdownLeaderState(104)) - 37866424-2e21-4e75-b95a-a562e1eae4e3: shutdown LeaderState
2019-09-24 22:56:44,451 [grpc-default-executor-3] INFO  impl.PendingRequests (PendingRequests.java:sendNotLeaderResponses(202)) - 37866424-2e21-4e75-b95a-a562e1eae4e3-PendingRequests: sendNotLeaderResponses
2019-09-24 22:56:44,452 [grpc-default-executor-3] INFO  impl.StateMachineUpdater (StateMachineUpdater.java:stopAndJoin(125)) - 37866424-2e21-4e75-b95a-a562e1eae4e3@group-592E6245275C-StateMachineUpdater: set stopIndex = 0
2019-09-24 22:56:44,454 [grpc-default-executor-3] INFO  impl.RaftServerImpl (ServerState.java:close(385)) - 37866424-2e21-4e75-b95a-a562e1eae4e3@group-592E6245275C: closes. applyIndex: 0
2019-09-24 22:56:44,454 [37866424-2e21-4e75-b95a-a562e1eae4e3@group-592E6245275C-SegmentedRaftLogWorker] INFO  segmented.SegmentedRaftLogWorker (SegmentedRaftLogWorker.java:run(313)) - 37866424-2e21-4e75-b95a-a562e1eae4e3@group-592E6245275C-SegmentedRaftLogWorker was interrupted, exiting. There are 0 tasks remaining in the queue.
2019-09-24 22:56:44,456 [grpc-default-executor-3] INFO  segmented.SegmentedRaftLogWorker (SegmentedRaftLogWorker.java:close(228)) - 37866424-2e21-4e75-b95a-a562e1eae4e3@group-592E6245275C-SegmentedRaftLogWorker close()
2019-09-24 22:56:44,469 [EventQueue-DeadNodeForDeadNodeHandler] INFO  pipeline.PipelineStateManager (PipelineStateManager.java:removePipeline(108)) - Pipeline Pipeline[ Id: e7edc268-b035-4203-956f-592e6245275c, Nodes: 37866424-2e21-4e75-b95a-a562e1eae4e3{ip: 192.168.151.66, host: pr-hdds-2162-v2v4x-1150571016, networkLocation: /default-rack, certSerialId: null}, Type:RATIS, Factor:ONE, State:CLOSED] removed from db
2019-09-24 22:56:45,037 [EventQueue-DeadNodeForDeadNodeHandler] INFO  pipeline.SCMPipelineManager (SCMPipelineManager.java:finalizeAndDestroyPipeline(315)) - destroying pipeline:Pipeline[ Id: a68ccee6-5887-4d6d-9d2d-f129c625b686, Nodes: e5a9a54f-d1a0-45e7-8f4f-d5625ac88bbf{ip: 192.168.151.66, host: pr-hdds-2162-v2v4x-1150571016, networkLocation: /default-rack, certSerialId: null}, Type:RATIS, Factor:ONE, State:CLOSED]
2019-09-24 22:56:45,050 [grpc-default-executor-3] INFO  impl.RaftServerProxy (RaftServerProxy.java:remove(95)) - e5a9a54f-d1a0-45e7-8f4f-d5625ac88bbf: remove    LEADER e5a9a54f-d1a0-45e7-8f4f-d5625ac88bbf@group-F129C625B686:t1, leader=e5a9a54f-d1a0-45e7-8f4f-d5625ac88bbf, voted=e5a9a54f-d1a0-45e7-8f4f-d5625ac88bbf, raftlog=e5a9a54f-d1a0-45e7-8f4f-d5625ac88bbf@group-F129C625B686-SegmentedRaftLog:OPENED:c0,f0,i0, conf=0: [e5a9a54f-d1a0-45e7-8f4f-d5625ac88bbf:192.168.151.66:43692], old=null RUNNING
2019-09-24 22:56:45,051 [grpc-default-executor-3] INFO  impl.RaftServerImpl (RaftServerImpl.java:lambda$shutdown$3(251)) - e5a9a54f-d1a0-45e7-8f4f-d5625ac88bbf@group-F129C625B686: shutdown
2019-09-24 22:56:45,051 [grpc-default-executor-3] INFO  util.JmxRegister (JmxRegister.java:unregister(73)) - Successfully un-registered JMX Bean with object name Ratis:service=RaftServer,group=group-F129C625B686,id=e5a9a54f-d1a0-45e7-8f4f-d5625ac88bbf
2019-09-24 22:56:45,052 [grpc-default-executor-3] INFO  impl.RoleInfo (RoleInfo.java:shutdownLeaderState(104)) - e5a9a54f-d1a0-45e7-8f4f-d5625ac88bbf: shutdown LeaderState
2019-09-24 22:56:45,052 [grpc-default-executor-3] INFO  impl.PendingRequests (PendingRequests.java:sendNotLeaderResponses(202)) - e5a9a54f-d1a0-45e7-8f4f-d5625ac88bbf-PendingRequests: sendNotLeaderResponses
2019-09-24 22:56:45,053 [grpc-default-executor-3] INFO  impl.StateMachineUpdater (StateMachineUpdater.java:stopAndJoin(125)) - e5a9a54f-d1a0-45e7-8f4f-d5625ac88bbf@group-F129C625B686-StateMachineUpdater: set stopIndex = 0
2019-09-24 22:56:45,054 [grpc-default-executor-3] INFO  impl.RaftServerImpl (ServerState.java:close(385)) - e5a9a54f-d1a0-45e7-8f4f-d5625ac88bbf@group-F129C625B686: closes. applyIndex: 0
2019-09-24 22:56:45,055 [e5a9a54f-d1a0-45e7-8f4f-d5625ac88bbf@group-F129C625B686-SegmentedRaftLogWorker] INFO  segmented.SegmentedRaftLogWorker (SegmentedRaftLogWorker.java:run(313)) - e5a9a54f-d1a0-45e7-8f4f-d5625ac88bbf@group-F129C625B686-SegmentedRaftLogWorker was interrupted, exiting. There are 0 tasks remaining in the queue.
2019-09-24 22:56:45,056 [grpc-default-executor-3] INFO  segmented.SegmentedRaftLogWorker (SegmentedRaftLogWorker.java:close(228)) - e5a9a54f-d1a0-45e7-8f4f-d5625ac88bbf@group-F129C625B686-SegmentedRaftLogWorker close()
2019-09-24 22:56:45,067 [EventQueue-DeadNodeForDeadNodeHandler] INFO  pipeline.PipelineStateManager (PipelineStateManager.java:removePipeline(108)) - Pipeline Pipeline[ Id: a68ccee6-5887-4d6d-9d2d-f129c625b686, Nodes: e5a9a54f-d1a0-45e7-8f4f-d5625ac88bbf{ip: 192.168.151.66, host: pr-hdds-2162-v2v4x-1150571016, networkLocation: /default-rack, certSerialId: null}, Type:RATIS, Factor:ONE, State:CLOSED] removed from db
2019-09-24 22:56:45,413 [main] INFO  ozoneimpl.OzoneContainer (OzoneContainer.java:stop(231)) - Attempting to stop container services.
2019-09-24 22:56:45,414 [main] INFO  impl.RaftServerProxy (RaftServerProxy.java:lambda$close$4(314)) - 37866424-2e21-4e75-b95a-a562e1eae4e3: close
2019-09-24 22:56:45,415 [main] INFO  server.GrpcService (GrpcService.java:closeImpl(164)) - 37866424-2e21-4e75-b95a-a562e1eae4e3: shutdown server with port 32788 now
2019-09-24 22:56:45,415 [main] INFO  server.GrpcService (GrpcService.java:closeImpl(172)) - 37866424-2e21-4e75-b95a-a562e1eae4e3: shutdown server with port 32788 successfully
2019-09-24 22:56:45,417 [refreshUsed-/workdir/hadoop-ozone/integration-test/target/test-dir/MiniOzoneClusterImpl-f1e77b2f-0d0c-4b94-9bca-fcbc5d1dd781/datanode-3/data/containers] WARN  fs.CachingGetSpaceUsed (CachingGetSpaceUsed.java:run(183)) - Thread Interrupted waiting to refresh disk information: sleep interrupted
2019-09-24 22:56:45,438 [main] INFO  utils.BackgroundService (BackgroundService.java:shutdown(148)) - Shutting down service BlockDeletingService
2019-09-24 22:56:45,442 [main] INFO  statemachine.DatanodeStateMachine (DatanodeStateMachine.java:stopDaemon(395)) - Ozone container server stopped.
2019-09-24 22:56:45,443 [main] INFO  handler.ContextHandler (ContextHandler.java:doStop(910)) - Stopped o.e.j.w.WebAppContext@437486cd{/,null,UNAVAILABLE}{/hddsDatanode}
2019-09-24 22:56:45,444 [main] INFO  server.AbstractConnector (AbstractConnector.java:doStop(318)) - Stopped ServerConnector@15b642b9{HTTP/1.1,[http/1.1]}{0.0.0.0:0}
2019-09-24 22:56:45,445 [main] INFO  handler.ContextHandler (ContextHandler.java:doStop(910)) - Stopped o.e.j.s.ServletContextHandler@5e7c141d{/static,jar:file:/home/user/.m2/repository/org/apache/hadoop/hadoop-hdds-container-service/0.5.0-SNAPSHOT/hadoop-hdds-container-service-0.5.0-SNAPSHOT.jar!/webapps/static,UNAVAILABLE}
2019-09-24 22:56:45,445 [main] INFO  handler.ContextHandler (ContextHandler.java:doStop(910)) - Stopped o.e.j.s.ServletContextHandler@378cfecf{/logs,file:///workdir/hadoop-ozone/integration-test/target/log,UNAVAILABLE}
2019-09-24 22:56:45,506 [ReplicationMonitor] INFO  container.ReplicationManager (ReplicationManager.java:run(225)) - Replication Monitor Thread took 0 milliseconds for processing 0 containers.
2019-09-24 22:56:45,994 [ForkJoinPool.commonPool-worker-0] INFO  ozoneimpl.OzoneContainer (OzoneContainer.java:stop(231)) - Attempting to stop container services.
2019-09-24 22:56:45,996 [ForkJoinPool.commonPool-worker-0] INFO  impl.RaftServerProxy (RaftServerProxy.java:lambda$close$4(314)) - e5a9a54f-d1a0-45e7-8f4f-d5625ac88bbf: close
2019-09-24 22:56:45,996 [ForkJoinPool.commonPool-worker-0] INFO  server.GrpcService (GrpcService.java:closeImpl(164)) - e5a9a54f-d1a0-45e7-8f4f-d5625ac88bbf: shutdown server with port 43692 now
2019-09-24 22:56:45,998 [ForkJoinPool.commonPool-worker-0] INFO  server.GrpcService (GrpcService.java:closeImpl(172)) - e5a9a54f-d1a0-45e7-8f4f-d5625ac88bbf: shutdown server with port 43692 successfully
2019-09-24 22:56:46,002 [refreshUsed-/workdir/hadoop-ozone/integration-test/target/test-dir/MiniOzoneClusterImpl-f1e77b2f-0d0c-4b94-9bca-fcbc5d1dd781/datanode-0/data/containers] WARN  fs.CachingGetSpaceUsed (CachingGetSpaceUsed.java:run(183)) - Thread Interrupted waiting to refresh disk information: sleep interrupted
2019-09-24 22:56:46,020 [ForkJoinPool.commonPool-worker-0] INFO  utils.BackgroundService (BackgroundService.java:shutdown(148)) - Shutting down service BlockDeletingService
2019-09-24 22:56:46,023 [ForkJoinPool.commonPool-worker-0] INFO  statemachine.DatanodeStateMachine (DatanodeStateMachine.java:stopDaemon(395)) - Ozone container server stopped.
2019-09-24 22:56:46,026 [ForkJoinPool.commonPool-worker-0] INFO  handler.ContextHandler (ContextHandler.java:doStop(910)) - Stopped o.e.j.w.WebAppContext@a66e580{/,null,UNAVAILABLE}{/hddsDatanode}
2019-09-24 22:56:46,027 [ForkJoinPool.commonPool-worker-0] INFO  server.AbstractConnector (AbstractConnector.java:doStop(318)) - Stopped ServerConnector@5b852b49{HTTP/1.1,[http/1.1]}{0.0.0.0:0}
2019-09-24 22:56:46,028 [ForkJoinPool.commonPool-worker-0] INFO  handler.ContextHandler (ContextHandler.java:doStop(910)) - Stopped o.e.j.s.ServletContextHandler@7ff35a3f{/static,jar:file:/home/user/.m2/repository/org/apache/hadoop/hadoop-hdds-container-service/0.5.0-SNAPSHOT/hadoop-hdds-container-service-0.5.0-SNAPSHOT.jar!/webapps/static,UNAVAILABLE}
2019-09-24 22:56:46,029 [ForkJoinPool.commonPool-worker-0] INFO  handler.ContextHandler (ContextHandler.java:doStop(910)) - Stopped o.e.j.s.ServletContextHandler@6d1dcdff{/logs,file:///workdir/hadoop-ozone/integration-test/target/log,UNAVAILABLE}
2019-09-24 22:56:46,030 [main] INFO  ozone.MiniOzoneClusterImpl (MiniOzoneClusterImpl.java:stopSCM(392)) - Stopping the StorageContainerManager
2019-09-24 22:56:46,031 [main] INFO  server.StorageContainerManager (StorageContainerManager.java:stop(808)) - Stopping Replication Manager Service.
2019-09-24 22:56:46,031 [main] INFO  container.ReplicationManager (ReplicationManager.java:stop(203)) - Stopping Replication Monitor Thread.
2019-09-24 22:56:46,031 [main] INFO  server.StorageContainerManager (StorageContainerManager.java:stop(815)) - Stopping Lease Manager of the command watchers
2019-09-24 22:56:46,031 [main] INFO  server.StorageContainerManager (StorageContainerManager.java:stop(822)) - Stopping datanode service RPC server
2019-09-24 22:56:46,032 [main] INFO  server.SCMDatanodeProtocolServer (SCMDatanodeProtocolServer.java:stop(367)) - Stopping the RPC server for DataNodes
2019-09-24 22:56:46,032 [main] INFO  ipc.Server (Server.java:stop(3082)) - Stopping server on 39763
2019-09-24 22:56:46,034 [IPC Server Responder] INFO  ipc.Server (Server.java:run(1319)) - Stopping IPC Server Responder
2019-09-24 22:56:46,034 [IPC Server listener on 39763] INFO  ipc.Server (Server.java:run(1185)) - Stopping IPC Server listener on 39763
2019-09-24 22:56:46,038 [SCM Heartbeat Processing Thread - 0] WARN  node.NodeStateManager (NodeStateManager.java:scheduleNextHealthCheck(646)) - Current Thread is interrupted, shutting down HB processing thread for Node Manager.
2019-09-24 22:56:46,039 [main] INFO  server.StorageContainerManager (StorageContainerManager.java:stop(830)) - Stopping block service RPC server
2019-09-24 22:56:46,039 [main] INFO  server.SCMBlockProtocolServer (SCMBlockProtocolServer.java:stop(155)) - Stopping the RPC server for Block Protocol
2019-09-24 22:56:46,039 [main] INFO  ipc.Server (Server.java:stop(3082)) - Stopping server on 45302
2019-09-24 22:56:46,042 [IPC Server listener on 45302] INFO  ipc.Server (Server.java:run(1185)) - Stopping IPC Server listener on 45302
2019-09-24 22:56:46,042 [main] INFO  server.StorageContainerManager (StorageContainerManager.java:stop(837)) - Stopping the StorageContainerLocationProtocol RPC server
2019-09-24 22:56:46,042 [IPC Server Responder] INFO  ipc.Server (Server.java:run(1319)) - Stopping IPC Server Responder
2019-09-24 22:56:46,042 [main] INFO  server.SCMClientProtocolServer (SCMClientProtocolServer.java:stop(159)) - Stopping the RPC server for Client Protocol
2019-09-24 22:56:46,042 [main] INFO  ipc.Server (Server.java:stop(3082)) - Stopping server on 42768
2019-09-24 22:56:46,045 [IPC Server listener on 42768] INFO  ipc.Server (Server.java:run(1185)) - Stopping IPC Server listener on 42768
2019-09-24 22:56:46,045 [main] INFO  server.StorageContainerManager (StorageContainerManager.java:stop(844)) - Stopping Storage Container Manager HTTP server.
2019-09-24 22:56:46,045 [IPC Server Responder] INFO  ipc.Server (Server.java:run(1319)) - Stopping IPC Server Responder
2019-09-24 22:56:46,046 [main] INFO  handler.ContextHandler (ContextHandler.java:doStop(910)) - Stopped o.e.j.w.WebAppContext@6928f576{/,null,UNAVAILABLE}{/scm}
2019-09-24 22:56:46,047 [main] INFO  server.AbstractConnector (AbstractConnector.java:doStop(318)) - Stopped ServerConnector@548e76f1{HTTP/1.1,[http/1.1]}{0.0.0.0:0}
2019-09-24 22:56:46,047 [main] INFO  handler.ContextHandler (ContextHandler.java:doStop(910)) - Stopped o.e.j.s.ServletContextHandler@3e821657{/static,file:///workdir/hadoop-ozone/integration-test/target/test-classes/webapps/static,UNAVAILABLE}
2019-09-24 22:56:46,047 [main] INFO  handler.ContextHandler (ContextHandler.java:doStop(910)) - Stopped o.e.j.s.ServletContextHandler@6b00f608{/logs,file:///workdir/hadoop-ozone/integration-test/target/log,UNAVAILABLE}
2019-09-24 22:56:46,048 [main] INFO  server.StorageContainerManager (StorageContainerManager.java:stop(855)) - Stopping Block Manager Service.
2019-09-24 22:56:46,049 [main] INFO  utils.BackgroundService (BackgroundService.java:shutdown(148)) - Shutting down service SCMBlockDeletingService
2019-09-24 22:56:46,049 [main] INFO  utils.BackgroundService (BackgroundService.java:shutdown(148)) - Shutting down service SCMBlockDeletingService
2019-09-24 22:56:46,050 [main] INFO  server.StorageContainerManager (StorageContainerManager.java:stop(877)) - Stopping SCM Event Queue.
2019-09-24 22:56:46,058 [main] INFO  impl.MetricsSystemImpl (MetricsSystemImpl.java:stop(210)) - Stopping ratis metrics system...
2019-09-24 22:56:46,066 [prometheus] INFO  impl.MetricsSinkAdapter (MetricsSinkAdapter.java:publishMetricsFromQueue(141)) - prometheus thread interrupted.
2019-09-24 22:56:46,066 [main] INFO  impl.MetricsSystemImpl (MetricsSystemImpl.java:stop(216)) - ratis metrics system stopped.
]]></system-out>
    <system-err><![CDATA[ERROR StatusLogger No Log4j 2 configuration file found. Using default configuration (logging only errors to the console), or user programmatically provided configurations. Set system property 'log4j2.debug' to show Log4j 2 internal initialization logging. See https://logging.apache.org/log4j/2.x/manual/configuration.html for instructions on how to configure Log4j 2
]]></system-err>
  </testcase>
</testsuite>