# JRE version: OpenJDK Runtime Environment (8.0_212-b04) (build 1.8.0_212-b04)
# Java VM: OpenJDK 64-Bit Server VM (25.212-b04 mixed mode linux-amd64 compressed oops)
Heap:
 PSYoungGen      total 611840K, used 325492K [0x00000000d5580000, 0x0000000100000000, 0x0000000100000000)
  eden space 524800K, 62% used [0x00000000d5580000,0x00000000e935d2e8,0x00000000f5600000)
  from space 87040K, 0% used [0x00000000fab00000,0x00000000fab00000,0x0000000100000000)
  to   space 87040K, 0% used [0x00000000f5600000,0x00000000f5600000,0x00000000fab00000)
 ParOldGen       total 1398272K, used 30000K [0x0000000080000000, 0x00000000d5580000, 0x00000000d5580000)
  object space 1398272K, 2% used [0x0000000080000000,0x0000000081d4c0d0,0x00000000d5580000)
 Metaspace       used 65607K, capacity 68390K, committed 68480K, reserved 1110016K
  class space    used 7533K, capacity 8033K, committed 8064K, reserved 1048576K
GC Heap History (10 events):
Event: 5.859 GC heap before
{Heap before GC invocations=3 (full 1):
 PSYoungGen      total 611840K, used 458131K [0x00000000d5580000, 0x0000000100000000, 0x0000000100000000)
  eden space 524800K, 87% used [0x00000000d5580000,0x00000000f14e4f00,0x00000000f5600000)
  from space 87040K, 0% used [0x00000000f5600000,0x00000000f5600000,0x00000000fab00000)
  to   space 87040K, 0% used [0x00000000fab00000,0x00000000fab00000,0x0000000100000000)
 ParOldGen       total 861696K, used 14284K [0x0000000080000000, 0x00000000b4980000, 0x00000000d5580000)
  object space 861696K, 1% used [0x0000000080000000,0x0000000080df3028,0x00000000b4980000)
 Metaspace       used 34688K, capacity 35028K, committed 35416K, reserved 1081344K
  class space    used 3965K, capacity 4060K, committed 4096K, reserved 1048576K
Event: 5.900 GC heap after
Heap after GC invocations=3 (full 1):
 PSYoungGen      total 611840K, used 18929K [0x00000000d5580000, 0x0000000100000000, 0x0000000100000000)
  eden space 524800K, 0% used [0x00000000d5580000,0x00000000d5580000,0x00000000f5600000)
  from space 87040K, 21% used [0x00000000fab00000,0x00000000fbd7c488,0x0000000100000000)
  to   space 87040K, 0% used [0x00000000f5600000,0x00000000f5600000,0x00000000fab00000)
 ParOldGen       total 861696K, used 14284K [0x0000000080000000, 0x00000000b4980000, 0x00000000d5580000)
  object space 861696K, 1% used [0x0000000080000000,0x0000000080df3028,0x00000000b4980000)
 Metaspace       used 34688K, capacity 35028K, committed 35416K, reserved 1081344K
  class space    used 3965K, capacity 4060K, committed 4096K, reserved 1048576K
}
Event: 5.900 GC heap before
{Heap before GC invocations=4 (full 2):
 PSYoungGen      total 611840K, used 18929K [0x00000000d5580000, 0x0000000100000000, 0x0000000100000000)
  eden space 524800K, 0% used [0x00000000d5580000,0x00000000d5580000,0x00000000f5600000)
  from space 87040K, 21% used [0x00000000fab00000,0x00000000fbd7c488,0x0000000100000000)
  to   space 87040K, 0% used [0x00000000f5600000,0x00000000f5600000,0x00000000fab00000)
 ParOldGen       total 861696K, used 14284K [0x0000000080000000, 0x00000000b4980000, 0x00000000d5580000)
  object space 861696K, 1% used [0x0000000080000000,0x0000000080df3028,0x00000000b4980000)
 Metaspace       used 34688K, capacity 35028K, committed 35416K, reserved 1081344K
  class space    used 3965K, capacity 4060K, committed 4096K, reserved 1048576K
Event: 6.025 GC heap after
Heap after GC invocations=4 (full 2):
 PSYoungGen      total 611840K, used 0K [0x00000000d5580000, 0x0000000100000000, 0x0000000100000000)
  eden space 524800K, 0% used [0x00000000d5580000,0x00000000d5580000,0x00000000f5600000)
  from space 87040K, 0% used [0x00000000fab00000,0x00000000fab00000,0x0000000100000000)
  to   space 87040K, 0% used [0x00000000f5600000,0x00000000f5600000,0x00000000fab00000)
 ParOldGen       total 1398272K, used 23476K [0x0000000080000000, 0x00000000d5580000, 0x00000000d5580000)
  object space 1398272K, 1% used [0x0000000080000000,0x00000000816ed098,0x00000000d5580000)
 Metaspace       used 34688K, capacity 35028K, committed 35416K, reserved 1081344K
  class space    used 3965K, capacity 4060K, committed 4096K, reserved 1048576K
}
Event: 12.483 GC heap before
{Heap before GC invocations=5 (full 2):
 PSYoungGen      total 611840K, used 524800K [0x00000000d5580000, 0x0000000100000000, 0x0000000100000000)
  eden space 524800K, 100% used [0x00000000d5580000,0x00000000f5600000,0x00000000f5600000)
  from space 87040K, 0% used [0x00000000fab00000,0x00000000fab00000,0x0000000100000000)
  to   space 87040K, 0% used [0x00000000f5600000,0x00000000f5600000,0x00000000fab00000)
 ParOldGen       total 1398272K, used 23476K [0x0000000080000000, 0x00000000d5580000, 0x00000000d5580000)
  object space 1398272K, 1% used [0x0000000080000000,0x00000000816ed098,0x00000000d5580000)
 Metaspace       used 51300K, capacity 52640K, committed 52736K, reserved 1095680K
  class space    used 6064K, capacity 6318K, committed 6400K, reserved 1048576K
Event: 12.560 GC heap after
Heap after GC invocations=5 (full 2):
 PSYoungGen      total 611840K, used 24421K [0x00000000d5580000, 0x0000000100000000, 0x0000000100000000)
  eden space 524800K, 0% used [0x00000000d5580000,0x00000000d5580000,0x00000000f5600000)
  from space 87040K, 28% used [0x00000000f5600000,0x00000000f6dd9510,0x00000000fab00000)
  to   space 87040K, 0% used [0x00000000fab00000,0x00000000fab00000,0x0000000100000000)
 ParOldGen       total 1398272K, used 23484K [0x0000000080000000, 0x00000000d5580000, 0x00000000d5580000)
  object space 1398272K, 1% used [0x0000000080000000,0x00000000816ef098,0x00000000d5580000)
 Metaspace       used 51300K, capacity 52640K, committed 52736K, reserved 1095680K
  class space    used 6064K, capacity 6318K, committed 6400K, reserved 1048576K
}
Event: 13.618 GC heap before
{Heap before GC invocations=6 (full 2):
 PSYoungGen      total 611840K, used 214999K [0x00000000d5580000, 0x0000000100000000, 0x0000000100000000)
  eden space 524800K, 36% used [0x00000000d5580000,0x00000000e0f9ca30,0x00000000f5600000)
  from space 87040K, 28% used [0x00000000f5600000,0x00000000f6dd9510,0x00000000fab00000)
  to   space 87040K, 0% used [0x00000000fab00000,0x00000000fab00000,0x0000000100000000)
 ParOldGen       total 1398272K, used 23484K [0x0000000080000000, 0x00000000d5580000, 0x00000000d5580000)
  object space 1398272K, 1% used [0x0000000080000000,0x00000000816ef098,0x00000000d5580000)
 Metaspace       used 57476K, capacity 58874K, committed 59008K, reserved 1101824K
  class space    used 6673K, capacity 6959K, committed 7040K, reserved 1048576K
Event: 13.645 GC heap after
Heap after GC invocations=6 (full 2):
 PSYoungGen      total 611840K, used 18554K [0x00000000d5580000, 0x0000000100000000, 0x0000000100000000)
  eden space 524800K, 0% used [0x00000000d5580000,0x00000000d5580000,0x00000000f5600000)
  from space 87040K, 21% used [0x00000000fab00000,0x00000000fbd1eb78,0x0000000100000000)
  to   space 87040K, 0% used [0x00000000f5600000,0x00000000f5600000,0x00000000fab00000)
 ParOldGen       total 1398272K, used 23492K [0x0000000080000000, 0x00000000d5580000, 0x00000000d5580000)
  object space 1398272K, 1% used [0x0000000080000000,0x00000000816f1098,0x00000000d5580000)
 Metaspace       used 57476K, capacity 58874K, committed 59008K, reserved 1101824K
  class space    used 6673K, capacity 6959K, committed 7040K, reserved 1048576K
}
Event: 13.645 GC heap before
{Heap before GC invocations=7 (full 3):
 PSYoungGen      total 611840K, used 18554K [0x00000000d5580000, 0x0000000100000000, 0x0000000100000000)
  eden space 524800K, 0% used [0x00000000d5580000,0x00000000d5580000,0x00000000f5600000)
  from space 87040K, 21% used [0x00000000fab00000,0x00000000fbd1eb78,0x0000000100000000)
  to   space 87040K, 0% used [0x00000000f5600000,0x00000000f5600000,0x00000000fab00000)
 ParOldGen       total 1398272K, used 23492K [0x0000000080000000, 0x00000000d5580000, 0x00000000d5580000)
  object space 1398272K, 1% used [0x0000000080000000,0x00000000816f1098,0x00000000d5580000)
 Metaspace       used 57476K, capacity 58874K, committed 59008K, reserved 1101824K
  class space    used 6673K, capacity 6959K, committed 7040K, reserved 1048576K
Event: 13.901 GC heap after
Heap after GC invocations=7 (full 3):
 PSYoungGen      total 611840K, used 0K [0x00000000d5580000, 0x0000000100000000, 0x0000000100000000)
  eden space 524800K, 0% used [0x00000000d5580000,0x00000000d5580000,0x00000000f5600000)
  from space 87040K, 0% used [0x00000000fab00000,0x00000000fab00000,0x0000000100000000)
  to   space 87040K, 0% used [0x00000000f5600000,0x00000000f5600000,0x00000000fab00000)
 ParOldGen       total 1398272K, used 30000K [0x0000000080000000, 0x00000000d5580000, 0x00000000d5580000)
  object space 1398272K, 2% used [0x0000000080000000,0x0000000081d4c0d0,0x00000000d5580000)
 Metaspace       used 57447K, capacity 58808K, committed 59008K, reserved 1101824K
  class space    used 6663K, capacity 6942K, committed 7040K, reserved 1048576K
}

