# JRE version: OpenJDK Runtime Environment (8.0_212-b04) (build 1.8.0_212-b04)
# Java VM: OpenJDK 64-Bit Server VM (25.212-b04 mixed mode linux-amd64 compressed oops)
Heap:
 PSYoungGen      total 611840K, used 279328K [0x00000000d5580000, 0x0000000100000000, 0x0000000100000000)
  eden space 524800K, 53% used [0x00000000d5580000,0x00000000e6648108,0x00000000f5600000)
  from space 87040K, 0% used [0x00000000fab00000,0x00000000fab00000,0x0000000100000000)
  to   space 87040K, 0% used [0x00000000f5600000,0x00000000f5600000,0x00000000fab00000)
 ParOldGen       total 1398272K, used 28696K [0x0000000080000000, 0x00000000d5580000, 0x00000000d5580000)
  object space 1398272K, 2% used [0x0000000080000000,0x0000000081c063c8,0x00000000d5580000)
 Metaspace       used 64757K, capacity 67400K, committed 67712K, reserved 1110016K
  class space    used 7501K, capacity 7982K, committed 8064K, reserved 1048576K
GC Heap History (10 events):
Event: 13.851 GC heap before
{Heap before GC invocations=3 (full 1):
 PSYoungGen      total 611840K, used 510350K [0x00000000d5580000, 0x0000000100000000, 0x0000000100000000)
  eden space 524800K, 97% used [0x00000000d5580000,0x00000000f47e3828,0x00000000f5600000)
  from space 87040K, 0% used [0x00000000f5600000,0x00000000f5600000,0x00000000fab00000)
  to   space 87040K, 0% used [0x00000000fab00000,0x00000000fab00000,0x0000000100000000)
 ParOldGen       total 893440K, used 14230K [0x0000000080000000, 0x00000000b6880000, 0x00000000d5580000)
  object space 893440K, 1% used [0x0000000080000000,0x0000000080de5988,0x00000000b6880000)
 Metaspace       used 34745K, capacity 35094K, committed 35416K, reserved 1081344K
  class space    used 3963K, capacity 4059K, committed 4096K, reserved 1048576K
Event: 13.883 GC heap after
Heap after GC invocations=3 (full 1):
 PSYoungGen      total 611840K, used 19307K [0x00000000d5580000, 0x0000000100000000, 0x0000000100000000)
  eden space 524800K, 0% used [0x00000000d5580000,0x00000000d5580000,0x00000000f5600000)
  from space 87040K, 22% used [0x00000000fab00000,0x00000000fbddaf80,0x0000000100000000)
  to   space 87040K, 0% used [0x00000000f5600000,0x00000000f5600000,0x00000000fab00000)
 ParOldGen       total 893440K, used 14230K [0x0000000080000000, 0x00000000b6880000, 0x00000000d5580000)
  object space 893440K, 1% used [0x0000000080000000,0x0000000080de5988,0x00000000b6880000)
 Metaspace       used 34745K, capacity 35094K, committed 35416K, reserved 1081344K
  class space    used 3963K, capacity 4059K, committed 4096K, reserved 1048576K
}
Event: 13.883 GC heap before
{Heap before GC invocations=4 (full 2):
 PSYoungGen      total 611840K, used 19307K [0x00000000d5580000, 0x0000000100000000, 0x0000000100000000)
  eden space 524800K, 0% used [0x00000000d5580000,0x00000000d5580000,0x00000000f5600000)
  from space 87040K, 22% used [0x00000000fab00000,0x00000000fbddaf80,0x0000000100000000)
  to   space 87040K, 0% used [0x00000000f5600000,0x00000000f5600000,0x00000000fab00000)
 ParOldGen       total 893440K, used 14230K [0x0000000080000000, 0x00000000b6880000, 0x00000000d5580000)
  object space 893440K, 1% used [0x0000000080000000,0x0000000080de5988,0x00000000b6880000)
 Metaspace       used 34745K, capacity 35094K, committed 35416K, reserved 1081344K
  class space    used 3963K, capacity 4059K, committed 4096K, reserved 1048576K
Event: 14.000 GC heap after
Heap after GC invocations=4 (full 2):
 PSYoungGen      total 611840K, used 0K [0x00000000d5580000, 0x0000000100000000, 0x0000000100000000)
  eden space 524800K, 0% used [0x00000000d5580000,0x00000000d5580000,0x00000000f5600000)
  from space 87040K, 0% used [0x00000000fab00000,0x00000000fab00000,0x0000000100000000)
  to   space 87040K, 0% used [0x00000000f5600000,0x00000000f5600000,0x00000000fab00000)
 ParOldGen       total 1398272K, used 23821K [0x0000000080000000, 0x00000000d5580000, 0x00000000d5580000)
  object space 1398272K, 1% used [0x0000000080000000,0x0000000081743710,0x00000000d5580000)
 Metaspace       used 34745K, capacity 35094K, committed 35416K, reserved 1081344K
  class space    used 3963K, capacity 4059K, committed 4096K, reserved 1048576K
}
Event: 20.339 GC heap before
{Heap before GC invocations=5 (full 2):
 PSYoungGen      total 611840K, used 524800K [0x00000000d5580000, 0x0000000100000000, 0x0000000100000000)
  eden space 524800K, 100% used [0x00000000d5580000,0x00000000f5600000,0x00000000f5600000)
  from space 87040K, 0% used [0x00000000fab00000,0x00000000fab00000,0x0000000100000000)
  to   space 87040K, 0% used [0x00000000f5600000,0x00000000f5600000,0x00000000fab00000)
 ParOldGen       total 1398272K, used 23821K [0x0000000080000000, 0x00000000d5580000, 0x00000000d5580000)
  object space 1398272K, 1% used [0x0000000080000000,0x0000000081743710,0x00000000d5580000)
 Metaspace       used 52585K, capacity 53880K, committed 54144K, reserved 1097728K
  class space    used 6172K, capacity 6412K, committed 6528K, reserved 1048576K
Event: 20.377 GC heap after
Heap after GC invocations=5 (full 2):
 PSYoungGen      total 611840K, used 26720K [0x00000000d5580000, 0x0000000100000000, 0x0000000100000000)
  eden space 524800K, 0% used [0x00000000d5580000,0x00000000d5580000,0x00000000f5600000)
  from space 87040K, 30% used [0x00000000f5600000,0x00000000f70183a0,0x00000000fab00000)
  to   space 87040K, 0% used [0x00000000fab00000,0x00000000fab00000,0x0000000100000000)
 ParOldGen       total 1398272K, used 23829K [0x0000000080000000, 0x00000000d5580000, 0x00000000d5580000)
  object space 1398272K, 1% used [0x0000000080000000,0x0000000081745710,0x00000000d5580000)
 Metaspace       used 52585K, capacity 53880K, committed 54144K, reserved 1097728K
  class space    used 6172K, capacity 6412K, committed 6528K, reserved 1048576K
}
Event: 20.984 GC heap before
{Heap before GC invocations=6 (full 2):
 PSYoungGen      total 611840K, used 132312K [0x00000000d5580000, 0x0000000100000000, 0x0000000100000000)
  eden space 524800K, 20% used [0x00000000d5580000,0x00000000dbc9df98,0x00000000f5600000)
  from space 87040K, 30% used [0x00000000f5600000,0x00000000f70183a0,0x00000000fab00000)
  to   space 87040K, 0% used [0x00000000fab00000,0x00000000fab00000,0x0000000100000000)
 ParOldGen       total 1398272K, used 23829K [0x0000000080000000, 0x00000000d5580000, 0x00000000d5580000)
  object space 1398272K, 1% used [0x0000000080000000,0x0000000081745710,0x00000000d5580000)
 Metaspace       used 57518K, capacity 58874K, committed 59008K, reserved 1101824K
  class space    used 6671K, capacity 6961K, committed 7040K, reserved 1048576K
Event: 21.006 GC heap after
Heap after GC invocations=6 (full 2):
 PSYoungGen      total 611840K, used 16810K [0x00000000d5580000, 0x0000000100000000, 0x0000000100000000)
  eden space 524800K, 0% used [0x00000000d5580000,0x00000000d5580000,0x00000000f5600000)
  from space 87040K, 19% used [0x00000000fab00000,0x00000000fbb6a8c0,0x0000000100000000)
  to   space 87040K, 0% used [0x00000000f5600000,0x00000000f5600000,0x00000000fab00000)
 ParOldGen       total 1398272K, used 23829K [0x0000000080000000, 0x00000000d5580000, 0x00000000d5580000)
  object space 1398272K, 1% used [0x0000000080000000,0x0000000081745710,0x00000000d5580000)
 Metaspace       used 57518K, capacity 58874K, committed 59008K, reserved 1101824K
  class space    used 6671K, capacity 6961K, committed 7040K, reserved 1048576K
}
Event: 21.006 GC heap before
{Heap before GC invocations=7 (full 3):
 PSYoungGen      total 611840K, used 16810K [0x00000000d5580000, 0x0000000100000000, 0x0000000100000000)
  eden space 524800K, 0% used [0x00000000d5580000,0x00000000d5580000,0x00000000f5600000)
  from space 87040K, 19% used [0x00000000fab00000,0x00000000fbb6a8c0,0x0000000100000000)
  to   space 87040K, 0% used [0x00000000f5600000,0x00000000f5600000,0x00000000fab00000)
 ParOldGen       total 1398272K, used 23829K [0x0000000080000000, 0x00000000d5580000, 0x00000000d5580000)
  object space 1398272K, 1% used [0x0000000080000000,0x0000000081745710,0x00000000d5580000)
 Metaspace       used 57518K, capacity 58874K, committed 59008K, reserved 1101824K
  class space    used 6671K, capacity 6961K, committed 7040K, reserved 1048576K
Event: 21.242 GC heap after
Heap after GC invocations=7 (full 3):
 PSYoungGen      total 611840K, used 0K [0x00000000d5580000, 0x0000000100000000, 0x0000000100000000)
  eden space 524800K, 0% used [0x00000000d5580000,0x00000000d5580000,0x00000000f5600000)
  from space 87040K, 0% used [0x00000000fab00000,0x00000000fab00000,0x0000000100000000)
  to   space 87040K, 0% used [0x00000000f5600000,0x00000000f5600000,0x00000000fab00000)
 ParOldGen       total 1398272K, used 28696K [0x0000000080000000, 0x00000000d5580000, 0x00000000d5580000)
  object space 1398272K, 2% used [0x0000000080000000,0x0000000081c063c8,0x00000000d5580000)
 Metaspace       used 57493K, capacity 58814K, committed 59008K, reserved 1101824K
  class space    used 6662K, capacity 6945K, committed 7040K, reserved 1048576K
}

