# JRE version: OpenJDK Runtime Environment (8.0_212-b04) (build 1.8.0_212-b04)
# Java VM: OpenJDK 64-Bit Server VM (25.212-b04 mixed mode linux-amd64 compressed oops)
Heap:
 PSYoungGen      total 531968K, used 305469K [0x00000000d5580000, 0x0000000100000000, 0x0000000100000000)
  eden space 374272K, 52% used [0x00000000d5580000,0x00000000e14b7518,0x00000000ec300000)
  from space 157696K, 69% used [0x00000000f6600000,0x00000000fd118020,0x0000000100000000)
  to   space 162304K, 0% used [0x00000000ec300000,0x00000000ec300000,0x00000000f6180000)
 ParOldGen       total 792576K, used 116299K [0x0000000080000000, 0x00000000b0600000, 0x00000000d5580000)
  object space 792576K, 14% used [0x0000000080000000,0x0000000087192ee8,0x00000000b0600000)
 Metaspace       used 68183K, capacity 70662K, committed 70784K, reserved 1112064K
  class space    used 7309K, capacity 7757K, committed 7808K, reserved 1048576K
GC Heap History (10 events):
Event: 85.789 GC heap before
{Heap before GC invocations=9 (full 3):
 PSYoungGen      total 611840K, used 611829K [0x00000000d5580000, 0x0000000100000000, 0x0000000100000000)
  eden space 524800K, 100% used [0x00000000d5580000,0x00000000f5600000,0x00000000f5600000)
  from space 87040K, 99% used [0x00000000f5600000,0x00000000faafd6f8,0x00000000fab00000)
  to   space 87040K, 0% used [0x00000000fab00000,0x00000000fab00000,0x0000000100000000)
 ParOldGen       total 792576K, used 93841K [0x0000000080000000, 0x00000000b0600000, 0x00000000d5580000)
  object space 792576K, 11% used [0x0000000080000000,0x0000000085ba4550,0x00000000b0600000)
 Metaspace       used 67841K, capacity 70384K, committed 70528K, reserved 1112064K
  class space    used 7304K, capacity 7752K, committed 7808K, reserved 1048576K
Event: 85.975 GC heap after
Heap after GC invocations=9 (full 3):
 PSYoungGen      total 478720K, used 87026K [0x00000000d5580000, 0x0000000100000000, 0x0000000100000000)
  eden space 391680K, 0% used [0x00000000d5580000,0x00000000d5580000,0x00000000ed400000)
  from space 87040K, 99% used [0x00000000fab00000,0x00000000ffffc8e8,0x0000000100000000)
  to   space 153600K, 0% used [0x00000000ed400000,0x00000000ed400000,0x00000000f6a00000)
 ParOldGen       total 792576K, used 110721K [0x0000000080000000, 0x00000000b0600000, 0x00000000d5580000)
  object space 792576K, 13% used [0x0000000080000000,0x0000000086c20550,0x00000000b0600000)
 Metaspace       used 67841K, capacity 70384K, committed 70528K, reserved 1112064K
  class space    used 7304K, capacity 7752K, committed 7808K, reserved 1048576K
}
Event: 92.104 GC heap before
{Heap before GC invocations=10 (full 3):
 PSYoungGen      total 478720K, used 478706K [0x00000000d5580000, 0x0000000100000000, 0x0000000100000000)
  eden space 391680K, 100% used [0x00000000d5580000,0x00000000ed400000,0x00000000ed400000)
  from space 87040K, 99% used [0x00000000fab00000,0x00000000ffffc8e8,0x0000000100000000)
  to   space 153600K, 0% used [0x00000000ed400000,0x00000000ed400000,0x00000000f6a00000)
 ParOldGen       total 792576K, used 110721K [0x0000000080000000, 0x00000000b0600000, 0x00000000d5580000)
  object space 792576K, 13% used [0x0000000080000000,0x0000000086c20550,0x00000000b0600000)
 Metaspace       used 67951K, capacity 70470K, committed 70528K, reserved 1112064K
  class space    used 7307K, capacity 7757K, committed 7808K, reserved 1048576K
Event: 92.220 GC heap after
Heap after GC invocations=10 (full 3):
 PSYoungGen      total 545280K, used 73525K [0x00000000d5580000, 0x0000000100000000, 0x0000000100000000)
  eden space 391680K, 0% used [0x00000000d5580000,0x00000000d5580000,0x00000000ed400000)
  from space 153600K, 47% used [0x00000000ed400000,0x00000000f1bcd6f8,0x00000000f6a00000)
  to   space 145408K, 0% used [0x00000000f7200000,0x00000000f7200000,0x0000000100000000)
 ParOldGen       total 792576K, used 110729K [0x0000000080000000, 0x00000000b0600000, 0x00000000d5580000)
  object space 792576K, 13% used [0x0000000080000000,0x0000000086c22550,0x00000000b0600000)
 Metaspace       used 67951K, capacity 70470K, committed 70528K, reserved 1112064K
  class space    used 7307K, capacity 7757K, committed 7808K, reserved 1048576K
}
Event: 93.950 GC heap before
{Heap before GC invocations=11 (full 3):
 PSYoungGen      total 545280K, used 465205K [0x00000000d5580000, 0x0000000100000000, 0x0000000100000000)
  eden space 391680K, 100% used [0x00000000d5580000,0x00000000ed400000,0x00000000ed400000)
  from space 153600K, 47% used [0x00000000ed400000,0x00000000f1bcd6f8,0x00000000f6a00000)
  to   space 145408K, 0% used [0x00000000f7200000,0x00000000f7200000,0x0000000100000000)
 ParOldGen       total 792576K, used 110729K [0x0000000080000000, 0x00000000b0600000, 0x00000000d5580000)
  object space 792576K, 13% used [0x0000000080000000,0x0000000086c22550,0x00000000b0600000)
 Metaspace       used 68012K, capacity 70534K, committed 70784K, reserved 1112064K
  class space    used 7307K, capacity 7757K, committed 7808K, reserved 1048576K
Event: 94.094 GC heap after
Heap after GC invocations=11 (full 3):
 PSYoungGen      total 513536K, used 134272K [0x00000000d5580000, 0x0000000100000000, 0x0000000100000000)
  eden space 368128K, 0% used [0x00000000d5580000,0x00000000d5580000,0x00000000ebd00000)
  from space 145408K, 92% used [0x00000000f7200000,0x00000000ff520010,0x0000000100000000)
  to   space 165376K, 0% used [0x00000000ebd00000,0x00000000ebd00000,0x00000000f5e80000)
 ParOldGen       total 792576K, used 114463K [0x0000000080000000, 0x00000000b0600000, 0x00000000d5580000)
  object space 792576K, 14% used [0x0000000080000000,0x0000000086fc7eb8,0x00000000b0600000)
 Metaspace       used 68012K, capacity 70534K, committed 70784K, reserved 1112064K
  class space    used 7307K, capacity 7757K, committed 7808K, reserved 1048576K
}
Event: 104.384 GC heap before
{Heap before GC invocations=12 (full 3):
 PSYoungGen      total 513536K, used 502400K [0x00000000d5580000, 0x0000000100000000, 0x0000000100000000)
  eden space 368128K, 100% used [0x00000000d5580000,0x00000000ebd00000,0x00000000ebd00000)
  from space 145408K, 92% used [0x00000000f7200000,0x00000000ff520010,0x0000000100000000)
  to   space 165376K, 0% used [0x00000000ebd00000,0x00000000ebd00000,0x00000000f5e80000)
 ParOldGen       total 792576K, used 114463K [0x0000000080000000, 0x00000000b0600000, 0x00000000d5580000)
  object space 792576K, 14% used [0x0000000080000000,0x0000000086fc7eb8,0x00000000b0600000)
 Metaspace       used 68110K, capacity 70662K, committed 70784K, reserved 1112064K
  class space    used 7307K, capacity 7757K, committed 7808K, reserved 1048576K
Event: 104.479 GC heap after
Heap after GC invocations=12 (full 3):
 PSYoungGen      total 533504K, used 64288K [0x00000000d5580000, 0x0000000100000000, 0x0000000100000000)
  eden space 368128K, 0% used [0x00000000d5580000,0x00000000d5580000,0x00000000ebd00000)
  from space 165376K, 38% used [0x00000000ebd00000,0x00000000efbc8000,0x00000000f5e80000)
  to   space 157696K, 0% used [0x00000000f6600000,0x00000000f6600000,0x0000000100000000)
 ParOldGen       total 792576K, used 115451K [0x0000000080000000, 0x00000000b0600000, 0x00000000d5580000)
  object space 792576K, 14% used [0x0000000080000000,0x00000000870beed8,0x00000000b0600000)
 Metaspace       used 68110K, capacity 70662K, committed 70784K, reserved 1112064K
  class space    used 7307K, capacity 7757K, committed 7808K, reserved 1048576K
}
Event: 108.078 GC heap before
{Heap before GC invocations=13 (full 3):
 PSYoungGen      total 533504K, used 432416K [0x00000000d5580000, 0x0000000100000000, 0x0000000100000000)
  eden space 368128K, 100% used [0x00000000d5580000,0x00000000ebd00000,0x00000000ebd00000)
  from space 165376K, 38% used [0x00000000ebd00000,0x00000000efbc8000,0x00000000f5e80000)
  to   space 157696K, 0% used [0x00000000f6600000,0x00000000f6600000,0x0000000100000000)
 ParOldGen       total 792576K, used 115451K [0x0000000080000000, 0x00000000b0600000, 0x00000000d5580000)
  object space 792576K, 14% used [0x0000000080000000,0x00000000870beed8,0x00000000b0600000)
 Metaspace       used 68143K, capacity 70662K, committed 70784K, reserved 1112064K
  class space    used 7307K, capacity 7757K, committed 7808K, reserved 1048576K
Event: 108.197 GC heap after
Heap after GC invocations=13 (full 3):
 PSYoungGen      total 531968K, used 109664K [0x00000000d5580000, 0x0000000100000000, 0x0000000100000000)
  eden space 374272K, 0% used [0x00000000d5580000,0x00000000d5580000,0x00000000ec300000)
  from space 157696K, 69% used [0x00000000f6600000,0x00000000fd118020,0x0000000100000000)
  to   space 162304K, 0% used [0x00000000ec300000,0x00000000ec300000,0x00000000f6180000)
 ParOldGen       total 792576K, used 116299K [0x0000000080000000, 0x00000000b0600000, 0x00000000d5580000)
  object space 792576K, 14% used [0x0000000080000000,0x0000000087192ee8,0x00000000b0600000)
 Metaspace       used 68143K, capacity 70662K, committed 70784K, reserved 1112064K
  class space    used 7307K, capacity 7757K, committed 7808K, reserved 1048576K
}

