# JRE version: OpenJDK Runtime Environment (8.0_212-b04) (build 1.8.0_212-b04)
# Java VM: OpenJDK 64-Bit Server VM (25.212-b04 mixed mode linux-amd64 compressed oops)
Heap:
 PSYoungGen      total 611840K, used 122186K [0x00000000d5580000, 0x0000000100000000, 0x0000000100000000)
  eden space 524800K, 23% used [0x00000000d5580000,0x00000000dccd2900,0x00000000f5600000)
  from space 87040K, 0% used [0x00000000f5600000,0x00000000f5600000,0x00000000fab00000)
  to   space 87040K, 0% used [0x00000000fab00000,0x00000000fab00000,0x0000000100000000)
 ParOldGen       total 1398272K, used 37966K [0x0000000080000000, 0x00000000d5580000, 0x00000000d5580000)
  object space 1398272K, 2% used [0x0000000080000000,0x00000000825138f0,0x00000000d5580000)
 Metaspace       used 60740K, capacity 62650K, committed 62808K, reserved 1103872K
  class space    used 7061K, capacity 7393K, committed 7512K, reserved 1048576K
GC Heap History (10 events):
Event: 2.335 GC heap before
{Heap before GC invocations=2 (full 1):
 PSYoungGen      total 611840K, used 14266K [0x00000000d5580000, 0x0000000100000000, 0x0000000100000000)
  eden space 524800K, 0% used [0x00000000d5580000,0x00000000d5580000,0x00000000f5600000)
  from space 87040K, 16% used [0x00000000f5600000,0x00000000f63ee828,0x00000000fab00000)
  to   space 87040K, 0% used [0x00000000fab00000,0x00000000fab00000,0x0000000100000000)
 ParOldGen       total 1398272K, used 80K [0x0000000080000000, 0x00000000d5580000, 0x00000000d5580000)
  object space 1398272K, 0% used [0x0000000080000000,0x0000000080014010,0x00000000d5580000)
 Metaspace       used 20820K, capacity 21106K, committed 21248K, reserved 1069056K
  class space    used 2370K, capacity 2482K, committed 2560K, reserved 1048576K
Event: 2.405 GC heap after
Heap after GC invocations=2 (full 1):
 PSYoungGen      total 611840K, used 0K [0x00000000d5580000, 0x0000000100000000, 0x0000000100000000)
  eden space 524800K, 0% used [0x00000000d5580000,0x00000000d5580000,0x00000000f5600000)
  from space 87040K, 0% used [0x00000000f5600000,0x00000000f5600000,0x00000000fab00000)
  to   space 87040K, 0% used [0x00000000fab00000,0x00000000fab00000,0x0000000100000000)
 ParOldGen       total 885760K, used 13726K [0x0000000080000000, 0x00000000b6100000, 0x00000000d5580000)
  object space 885760K, 1% used [0x0000000080000000,0x0000000080d67aa8,0x00000000b6100000)
 Metaspace       used 20820K, capacity 21106K, committed 21248K, reserved 1069056K
  class space    used 2370K, capacity 2482K, committed 2560K, reserved 1048576K
}
Event: 4.847 GC heap before
{Heap before GC invocations=3 (full 1):
 PSYoungGen      total 611840K, used 434995K [0x00000000d5580000, 0x0000000100000000, 0x0000000100000000)
  eden space 524800K, 82% used [0x00000000d5580000,0x00000000efe4cee8,0x00000000f5600000)
  from space 87040K, 0% used [0x00000000f5600000,0x00000000f5600000,0x00000000fab00000)
  to   space 87040K, 0% used [0x00000000fab00000,0x00000000fab00000,0x0000000100000000)
 ParOldGen       total 885760K, used 13726K [0x0000000080000000, 0x00000000b6100000, 0x00000000d5580000)
  object space 885760K, 1% used [0x0000000080000000,0x0000000080d67aa8,0x00000000b6100000)
 Metaspace       used 34787K, capacity 35150K, committed 35416K, reserved 1081344K
  class space    used 3975K, capacity 4123K, committed 4184K, reserved 1048576K
Event: 4.885 GC heap after
Heap after GC invocations=3 (full 1):
 PSYoungGen      total 611840K, used 19233K [0x00000000d5580000, 0x0000000100000000, 0x0000000100000000)
  eden space 524800K, 0% used [0x00000000d5580000,0x00000000d5580000,0x00000000f5600000)
  from space 87040K, 22% used [0x00000000fab00000,0x00000000fbdc8588,0x0000000100000000)
  to   space 87040K, 0% used [0x00000000f5600000,0x00000000f5600000,0x00000000fab00000)
 ParOldGen       total 885760K, used 13726K [0x0000000080000000, 0x00000000b6100000, 0x00000000d5580000)
  object space 885760K, 1% used [0x0000000080000000,0x0000000080d67aa8,0x00000000b6100000)
 Metaspace       used 34787K, capacity 35150K, committed 35416K, reserved 1081344K
  class space    used 3975K, capacity 4123K, committed 4184K, reserved 1048576K
}
Event: 4.885 GC heap before
{Heap before GC invocations=4 (full 2):
 PSYoungGen      total 611840K, used 19233K [0x00000000d5580000, 0x0000000100000000, 0x0000000100000000)
  eden space 524800K, 0% used [0x00000000d5580000,0x00000000d5580000,0x00000000f5600000)
  from space 87040K, 22% used [0x00000000fab00000,0x00000000fbdc8588,0x0000000100000000)
  to   space 87040K, 0% used [0x00000000f5600000,0x00000000f5600000,0x00000000fab00000)
 ParOldGen       total 885760K, used 13726K [0x0000000080000000, 0x00000000b6100000, 0x00000000d5580000)
  object space 885760K, 1% used [0x0000000080000000,0x0000000080d67aa8,0x00000000b6100000)
 Metaspace       used 34787K, capacity 35150K, committed 35416K, reserved 1081344K
  class space    used 3975K, capacity 4123K, committed 4184K, reserved 1048576K
Event: 4.988 GC heap after
Heap after GC invocations=4 (full 2):
 PSYoungGen      total 611840K, used 0K [0x00000000d5580000, 0x0000000100000000, 0x0000000100000000)
  eden space 524800K, 0% used [0x00000000d5580000,0x00000000d5580000,0x00000000f5600000)
  from space 87040K, 0% used [0x00000000fab00000,0x00000000fab00000,0x0000000100000000)
  to   space 87040K, 0% used [0x00000000f5600000,0x00000000f5600000,0x00000000fab00000)
 ParOldGen       total 1398272K, used 23561K [0x0000000080000000, 0x00000000d5580000, 0x00000000d5580000)
  object space 1398272K, 1% used [0x0000000080000000,0x00000000817027d0,0x00000000d5580000)
 Metaspace       used 34787K, capacity 35150K, committed 35416K, reserved 1081344K
  class space    used 3975K, capacity 4123K, committed 4184K, reserved 1048576K
}
Event: 11.563 GC heap before
{Heap before GC invocations=5 (full 2):
 PSYoungGen      total 611840K, used 325073K [0x00000000d5580000, 0x0000000100000000, 0x0000000100000000)
  eden space 524800K, 61% used [0x00000000d5580000,0x00000000e92f4438,0x00000000f5600000)
  from space 87040K, 0% used [0x00000000fab00000,0x00000000fab00000,0x0000000100000000)
  to   space 87040K, 0% used [0x00000000f5600000,0x00000000f5600000,0x00000000fab00000)
 ParOldGen       total 1398272K, used 23561K [0x0000000080000000, 0x00000000d5580000, 0x00000000d5580000)
  object space 1398272K, 1% used [0x0000000080000000,0x00000000817027d0,0x00000000d5580000)
 Metaspace       used 57572K, capacity 58912K, committed 58968K, reserved 1101824K
  class space    used 6698K, capacity 6966K, committed 7000K, reserved 1048576K
Event: 11.640 GC heap after
Heap after GC invocations=5 (full 2):
 PSYoungGen      total 611840K, used 27237K [0x00000000d5580000, 0x0000000100000000, 0x0000000100000000)
  eden space 524800K, 0% used [0x00000000d5580000,0x00000000d5580000,0x00000000f5600000)
  from space 87040K, 31% used [0x00000000f5600000,0x00000000f7099778,0x00000000fab00000)
  to   space 87040K, 0% used [0x00000000fab00000,0x00000000fab00000,0x0000000100000000)
 ParOldGen       total 1398272K, used 23569K [0x0000000080000000, 0x00000000d5580000, 0x00000000d5580000)
  object space 1398272K, 1% used [0x0000000080000000,0x00000000817047d0,0x00000000d5580000)
 Metaspace       used 57572K, capacity 58912K, committed 58968K, reserved 1101824K
  class space    used 6698K, capacity 6966K, committed 7000K, reserved 1048576K
}
Event: 11.640 GC heap before
{Heap before GC invocations=6 (full 3):
 PSYoungGen      total 611840K, used 27237K [0x00000000d5580000, 0x0000000100000000, 0x0000000100000000)
  eden space 524800K, 0% used [0x00000000d5580000,0x00000000d5580000,0x00000000f5600000)
  from space 87040K, 31% used [0x00000000f5600000,0x00000000f7099778,0x00000000fab00000)
  to   space 87040K, 0% used [0x00000000fab00000,0x00000000fab00000,0x0000000100000000)
 ParOldGen       total 1398272K, used 23569K [0x0000000080000000, 0x00000000d5580000, 0x00000000d5580000)
  object space 1398272K, 1% used [0x0000000080000000,0x00000000817047d0,0x00000000d5580000)
 Metaspace       used 57572K, capacity 58912K, committed 58968K, reserved 1101824K
  class space    used 6698K, capacity 6966K, committed 7000K, reserved 1048576K
Event: 11.916 GC heap after
Heap after GC invocations=6 (full 3):
 PSYoungGen      total 611840K, used 0K [0x00000000d5580000, 0x0000000100000000, 0x0000000100000000)
  eden space 524800K, 0% used [0x00000000d5580000,0x00000000d5580000,0x00000000f5600000)
  from space 87040K, 0% used [0x00000000f5600000,0x00000000f5600000,0x00000000fab00000)
  to   space 87040K, 0% used [0x00000000fab00000,0x00000000fab00000,0x0000000100000000)
 ParOldGen       total 1398272K, used 37966K [0x0000000080000000, 0x00000000d5580000, 0x00000000d5580000)
  object space 1398272K, 2% used [0x0000000080000000,0x00000000825138f0,0x00000000d5580000)
 Metaspace       used 57565K, capacity 58898K, committed 58968K, reserved 1101824K
  class space    used 6695K, capacity 6961K, committed 7000K, reserved 1048576K
}

