# JRE version: OpenJDK Runtime Environment (8.0_212-b04) (build 1.8.0_212-b04)
# Java VM: OpenJDK 64-Bit Server VM (25.212-b04 mixed mode linux-amd64 compressed oops)
Heap:
 PSYoungGen      total 571392K, used 353389K [0x00000000d5580000, 0x0000000100000000, 0x0000000100000000)
  eden space 518144K, 57% used [0x00000000d5580000,0x00000000e7a9c268,0x00000000f4f80000)
  from space 53248K, 99% used [0x00000000fa200000,0x00000000fd5ff3f0,0x00000000fd600000)
  to   space 84480K, 0% used [0x00000000f4f80000,0x00000000f4f80000,0x00000000fa200000)
 ParOldGen       total 1398272K, used 55648K [0x0000000080000000, 0x00000000d5580000, 0x00000000d5580000)
  object space 1398272K, 3% used [0x0000000080000000,0x00000000836583b0,0x00000000d5580000)
 Metaspace       used 68768K, capacity 71922K, committed 72024K, reserved 1114112K
  class space    used 7658K, capacity 8231K, committed 8280K, reserved 1048576K
GC Heap History (10 events):
Event: 10.714 GC heap before
{Heap before GC invocations=5 (full 2):
 PSYoungGen      total 611840K, used 524800K [0x00000000d5580000, 0x0000000100000000, 0x0000000100000000)
  eden space 524800K, 100% used [0x00000000d5580000,0x00000000f5600000,0x00000000f5600000)
  from space 87040K, 0% used [0x00000000fab00000,0x00000000fab00000,0x0000000100000000)
  to   space 87040K, 0% used [0x00000000f5600000,0x00000000f5600000,0x00000000fab00000)
 ParOldGen       total 1398272K, used 23590K [0x0000000080000000, 0x00000000d5580000, 0x00000000d5580000)
  object space 1398272K, 1% used [0x0000000080000000,0x0000000081709a68,0x00000000d5580000)
 Metaspace       used 50713K, capacity 52034K, committed 52184K, reserved 1095680K
  class space    used 5983K, capacity 6245K, committed 6360K, reserved 1048576K
Event: 10.763 GC heap after
Heap after GC invocations=5 (full 2):
 PSYoungGen      total 611840K, used 23811K [0x00000000d5580000, 0x0000000100000000, 0x0000000100000000)
  eden space 524800K, 0% used [0x00000000d5580000,0x00000000d5580000,0x00000000f5600000)
  from space 87040K, 27% used [0x00000000f5600000,0x00000000f6d40ca0,0x00000000fab00000)
  to   space 87040K, 0% used [0x00000000fab00000,0x00000000fab00000,0x0000000100000000)
 ParOldGen       total 1398272K, used 23598K [0x0000000080000000, 0x00000000d5580000, 0x00000000d5580000)
  object space 1398272K, 1% used [0x0000000080000000,0x000000008170ba68,0x00000000d5580000)
 Metaspace       used 50713K, capacity 52034K, committed 52184K, reserved 1095680K
  class space    used 5983K, capacity 6245K, committed 6360K, reserved 1048576K
}
Event: 12.466 GC heap before
{Heap before GC invocations=6 (full 2):
 PSYoungGen      total 611840K, used 182104K [0x00000000d5580000, 0x0000000100000000, 0x0000000100000000)
  eden space 524800K, 30% used [0x00000000d5580000,0x00000000df0156f8,0x00000000f5600000)
  from space 87040K, 27% used [0x00000000f5600000,0x00000000f6d40ca0,0x00000000fab00000)
  to   space 87040K, 0% used [0x00000000fab00000,0x00000000fab00000,0x0000000100000000)
 ParOldGen       total 1398272K, used 23598K [0x0000000080000000, 0x00000000d5580000, 0x00000000d5580000)
  object space 1398272K, 1% used [0x0000000080000000,0x000000008170ba68,0x00000000d5580000)
 Metaspace       used 57368K, capacity 58840K, committed 58968K, reserved 1101824K
  class space    used 6623K, capacity 6924K, committed 7000K, reserved 1048576K
Event: 12.515 GC heap after
Heap after GC invocations=6 (full 2):
 PSYoungGen      total 611840K, used 23129K [0x00000000d5580000, 0x0000000100000000, 0x0000000100000000)
  eden space 524800K, 0% used [0x00000000d5580000,0x00000000d5580000,0x00000000f5600000)
  from space 87040K, 26% used [0x00000000fab00000,0x00000000fc196590,0x0000000100000000)
  to   space 87040K, 0% used [0x00000000f5600000,0x00000000f5600000,0x00000000fab00000)
 ParOldGen       total 1398272K, used 23606K [0x0000000080000000, 0x00000000d5580000, 0x00000000d5580000)
  object space 1398272K, 1% used [0x0000000080000000,0x000000008170da68,0x00000000d5580000)
 Metaspace       used 57368K, capacity 58840K, committed 58968K, reserved 1101824K
  class space    used 6623K, capacity 6924K, committed 7000K, reserved 1048576K
}
Event: 12.515 GC heap before
{Heap before GC invocations=7 (full 3):
 PSYoungGen      total 611840K, used 23129K [0x00000000d5580000, 0x0000000100000000, 0x0000000100000000)
  eden space 524800K, 0% used [0x00000000d5580000,0x00000000d5580000,0x00000000f5600000)
  from space 87040K, 26% used [0x00000000fab00000,0x00000000fc196590,0x0000000100000000)
  to   space 87040K, 0% used [0x00000000f5600000,0x00000000f5600000,0x00000000fab00000)
 ParOldGen       total 1398272K, used 23606K [0x0000000080000000, 0x00000000d5580000, 0x00000000d5580000)
  object space 1398272K, 1% used [0x0000000080000000,0x000000008170da68,0x00000000d5580000)
 Metaspace       used 57368K, capacity 58840K, committed 58968K, reserved 1101824K
  class space    used 6623K, capacity 6924K, committed 7000K, reserved 1048576K
Event: 12.800 GC heap after
Heap after GC invocations=7 (full 3):
 PSYoungGen      total 611840K, used 0K [0x00000000d5580000, 0x0000000100000000, 0x0000000100000000)
  eden space 524800K, 0% used [0x00000000d5580000,0x00000000d5580000,0x00000000f5600000)
  from space 87040K, 0% used [0x00000000fab00000,0x00000000fab00000,0x0000000100000000)
  to   space 87040K, 0% used [0x00000000f5600000,0x00000000f5600000,0x00000000fab00000)
 ParOldGen       total 1398272K, used 34423K [0x0000000080000000, 0x00000000d5580000, 0x00000000d5580000)
  object space 1398272K, 2% used [0x0000000080000000,0x000000008219de60,0x00000000d5580000)
 Metaspace       used 57339K, capacity 58756K, committed 58968K, reserved 1101824K
  class space    used 6613K, capacity 6906K, committed 7000K, reserved 1048576K
}
Event: 46.269 GC heap before
{Heap before GC invocations=8 (full 3):
 PSYoungGen      total 611840K, used 524800K [0x00000000d5580000, 0x0000000100000000, 0x0000000100000000)
  eden space 524800K, 100% used [0x00000000d5580000,0x00000000f5600000,0x00000000f5600000)
  from space 87040K, 0% used [0x00000000fab00000,0x00000000fab00000,0x0000000100000000)
  to   space 87040K, 0% used [0x00000000f5600000,0x00000000f5600000,0x00000000fab00000)
 ParOldGen       total 1398272K, used 34423K [0x0000000080000000, 0x00000000d5580000, 0x00000000d5580000)
  object space 1398272K, 2% used [0x0000000080000000,0x000000008219de60,0x00000000d5580000)
 Metaspace       used 65728K, capacity 68610K, committed 68824K, reserved 1110016K
  class space    used 7512K, capacity 8053K, committed 8152K, reserved 1048576K
Event: 46.439 GC heap after
Heap after GC invocations=8 (full 3):
 PSYoungGen      total 602624K, used 77573K [0x00000000d5580000, 0x00000000fd600000, 0x0000000100000000)
  eden space 524800K, 0% used [0x00000000d5580000,0x00000000d5580000,0x00000000f5600000)
  from space 77824K, 99% used [0x00000000f5600000,0x00000000fa1c17c8,0x00000000fa200000)
  to   space 53248K, 0% used [0x00000000fa200000,0x00000000fa200000,0x00000000fd600000)
 ParOldGen       total 1398272K, used 34431K [0x0000000080000000, 0x00000000d5580000, 0x00000000d5580000)
  object space 1398272K, 2% used [0x0000000080000000,0x000000008219fe60,0x00000000d5580000)
 Metaspace       used 65728K, capacity 68610K, committed 68824K, reserved 1110016K
  class space    used 7512K, capacity 8053K, committed 8152K, reserved 1048576K
}
Event: 93.935 GC heap before
{Heap before GC invocations=9 (full 3):
 PSYoungGen      total 602624K, used 602373K [0x00000000d5580000, 0x00000000fd600000, 0x0000000100000000)
  eden space 524800K, 100% used [0x00000000d5580000,0x00000000f5600000,0x00000000f5600000)
  from space 77824K, 99% used [0x00000000f5600000,0x00000000fa1c17c8,0x00000000fa200000)
  to   space 53248K, 0% used [0x00000000fa200000,0x00000000fa200000,0x00000000fd600000)
 ParOldGen       total 1398272K, used 34431K [0x0000000080000000, 0x00000000d5580000, 0x00000000d5580000)
  object space 1398272K, 2% used [0x0000000080000000,0x000000008219fe60,0x00000000d5580000)
 Metaspace       used 67976K, capacity 70978K, committed 71256K, reserved 1112064K
  class space    used 7633K, capacity 8159K, committed 8280K, reserved 1048576K
Event: 94.102 GC heap after
Heap after GC invocations=9 (full 3):
 PSYoungGen      total 571392K, used 53244K [0x00000000d5580000, 0x0000000100000000, 0x0000000100000000)
  eden space 518144K, 0% used [0x00000000d5580000,0x00000000d5580000,0x00000000f4f80000)
  from space 53248K, 99% used [0x00000000fa200000,0x00000000fd5ff3f0,0x00000000fd600000)
  to   space 84480K, 0% used [0x00000000f4f80000,0x00000000f4f80000,0x00000000fa200000)
 ParOldGen       total 1398272K, used 55648K [0x0000000080000000, 0x00000000d5580000, 0x00000000d5580000)
  object space 1398272K, 3% used [0x0000000080000000,0x00000000836583b0,0x00000000d5580000)
 Metaspace       used 67976K, capacity 70978K, committed 71256K, reserved 1112064K
  class space    used 7633K, capacity 8159K, committed 8280K, reserved 1048576K
}

