# JRE version: OpenJDK Runtime Environment (8.0_212-b04) (build 1.8.0_212-b04)
# Java VM: OpenJDK 64-Bit Server VM (25.212-b04 mixed mode linux-amd64 compressed oops)
Heap:
 PSYoungGen      total 532480K, used 449997K [0x00000000d5580000, 0x0000000100000000, 0x0000000100000000)
  eden space 439808K, 81% used [0x00000000d5580000,0x00000000eb2db7f0,0x00000000f0300000)
  from space 92672K, 99% used [0x00000000f0300000,0x00000000f5d17ff0,0x00000000f5d80000)
  to   space 137216K, 0% used [0x00000000f7a00000,0x00000000f7a00000,0x0000000100000000)
 ParOldGen       total 1398272K, used 64158K [0x0000000080000000, 0x00000000d5580000, 0x00000000d5580000)
  object space 1398272K, 4% used [0x0000000080000000,0x0000000083ea7888,0x00000000d5580000)
 Metaspace       used 71781K, capacity 75159K, committed 75520K, reserved 1116160K
  class space    used 7746K, capacity 8330K, committed 8448K, reserved 1048576K
GC Heap History (10 events):
Event: 13.067 GC heap before
{Heap before GC invocations=6 (full 3):
 PSYoungGen      total 611840K, used 34887K [0x00000000d5580000, 0x0000000100000000, 0x0000000100000000)
  eden space 524800K, 0% used [0x00000000d5580000,0x00000000d5580000,0x00000000f5600000)
  from space 87040K, 40% used [0x00000000f5600000,0x00000000f7811d60,0x00000000fab00000)
  to   space 87040K, 0% used [0x00000000fab00000,0x00000000fab00000,0x0000000100000000)
 ParOldGen       total 1398272K, used 23009K [0x0000000080000000, 0x00000000d5580000, 0x00000000d5580000)
  object space 1398272K, 1% used [0x0000000080000000,0x00000000816784e8,0x00000000d5580000)
 Metaspace       used 56950K, capacity 58829K, committed 59008K, reserved 1101824K
  class space    used 6653K, capacity 7011K, committed 7040K, reserved 1048576K
Event: 13.333 GC heap after
Heap after GC invocations=6 (full 3):
 PSYoungGen      total 611840K, used 0K [0x00000000d5580000, 0x0000000100000000, 0x0000000100000000)
  eden space 524800K, 0% used [0x00000000d5580000,0x00000000d5580000,0x00000000f5600000)
  from space 87040K, 0% used [0x00000000f5600000,0x00000000f5600000,0x00000000fab00000)
  to   space 87040K, 0% used [0x00000000fab00000,0x00000000fab00000,0x0000000100000000)
 ParOldGen       total 1398272K, used 44981K [0x0000000080000000, 0x00000000d5580000, 0x00000000d5580000)
  object space 1398272K, 3% used [0x0000000080000000,0x0000000082bed708,0x00000000d5580000)
 Metaspace       used 56834K, capacity 58507K, committed 59008K, reserved 1101824K
  class space    used 6613K, capacity 6938K, committed 7040K, reserved 1048576K
}
Event: 50.108 GC heap before
{Heap before GC invocations=7 (full 3):
 PSYoungGen      total 611840K, used 524800K [0x00000000d5580000, 0x0000000100000000, 0x0000000100000000)
  eden space 524800K, 100% used [0x00000000d5580000,0x00000000f5600000,0x00000000f5600000)
  from space 87040K, 0% used [0x00000000f5600000,0x00000000f5600000,0x00000000fab00000)
  to   space 87040K, 0% used [0x00000000fab00000,0x00000000fab00000,0x0000000100000000)
 ParOldGen       total 1398272K, used 44981K [0x0000000080000000, 0x00000000d5580000, 0x00000000d5580000)
  object space 1398272K, 3% used [0x0000000080000000,0x0000000082bed708,0x00000000d5580000)
 Metaspace       used 66934K, capacity 69949K, committed 70144K, reserved 1112064K
  class space    used 7583K, capacity 8123K, committed 8192K, reserved 1048576K
Event: 50.273 GC heap after
Heap after GC invocations=7 (full 3):
 PSYoungGen      total 611840K, used 79856K [0x00000000d5580000, 0x0000000100000000, 0x0000000100000000)
  eden space 524800K, 0% used [0x00000000d5580000,0x00000000d5580000,0x00000000f5600000)
  from space 87040K, 91% used [0x00000000fab00000,0x00000000ff8fc380,0x0000000100000000)
  to   space 87040K, 0% used [0x00000000f5600000,0x00000000f5600000,0x00000000fab00000)
 ParOldGen       total 1398272K, used 44989K [0x0000000080000000, 0x00000000d5580000, 0x00000000d5580000)
  object space 1398272K, 3% used [0x0000000080000000,0x0000000082bef708,0x00000000d5580000)
 Metaspace       used 66934K, capacity 69949K, committed 70144K, reserved 1112064K
  class space    used 7583K, capacity 8123K, committed 8192K, reserved 1048576K
}
Event: 246.222 GC heap before
{Heap before GC invocations=8 (full 3):
 PSYoungGen      total 611840K, used 604656K [0x00000000d5580000, 0x0000000100000000, 0x0000000100000000)
  eden space 524800K, 100% used [0x00000000d5580000,0x00000000f5600000,0x00000000f5600000)
  from space 87040K, 91% used [0x00000000fab00000,0x00000000ff8fc380,0x0000000100000000)
  to   space 87040K, 0% used [0x00000000f5600000,0x00000000f5600000,0x00000000fab00000)
 ParOldGen       total 1398272K, used 44989K [0x0000000080000000, 0x00000000d5580000, 0x00000000d5580000)
  object space 1398272K, 3% used [0x0000000080000000,0x0000000082bef708,0x00000000d5580000)
 Metaspace       used 69114K, capacity 72225K, committed 72448K, reserved 1114112K
  class space    used 7652K, capacity 8189K, committed 8192K, reserved 1048576K
Event: 246.427 GC heap after
Heap after GC invocations=8 (full 3):
 PSYoungGen      total 611840K, used 87027K [0x00000000d5580000, 0x0000000100000000, 0x0000000100000000)
  eden space 524800K, 0% used [0x00000000d5580000,0x00000000d5580000,0x00000000f5600000)
  from space 87040K, 99% used [0x00000000f5600000,0x00000000faafcc10,0x00000000fab00000)
  to   space 87040K, 0% used [0x00000000fab00000,0x00000000fab00000,0x0000000100000000)
 ParOldGen       total 1398272K, used 49381K [0x0000000080000000, 0x00000000d5580000, 0x00000000d5580000)
  object space 1398272K, 3% used [0x0000000080000000,0x0000000083039708,0x00000000d5580000)
 Metaspace       used 69114K, capacity 72225K, committed 72448K, reserved 1114112K
  class space    used 7652K, capacity 8189K, committed 8192K, reserved 1048576K
}
Event: 323.104 GC heap before
{Heap before GC invocations=9 (full 3):
 PSYoungGen      total 611840K, used 611827K [0x00000000d5580000, 0x0000000100000000, 0x0000000100000000)
  eden space 524800K, 100% used [0x00000000d5580000,0x00000000f5600000,0x00000000f5600000)
  from space 87040K, 99% used [0x00000000f5600000,0x00000000faafcc10,0x00000000fab00000)
  to   space 87040K, 0% used [0x00000000fab00000,0x00000000fab00000,0x0000000100000000)
 ParOldGen       total 1398272K, used 49381K [0x0000000080000000, 0x00000000d5580000, 0x00000000d5580000)
  object space 1398272K, 3% used [0x0000000080000000,0x0000000083039708,0x00000000d5580000)
 Metaspace       used 70722K, capacity 73857K, committed 74112K, reserved 1116160K
  class space    used 7702K, capacity 8229K, committed 8320K, reserved 1048576K
Event: 323.272 GC heap after
Heap after GC invocations=9 (full 3):
 PSYoungGen      total 526848K, used 87033K [0x00000000d5580000, 0x0000000100000000, 0x0000000100000000)
  eden space 439808K, 0% used [0x00000000d5580000,0x00000000d5580000,0x00000000f0300000)
  from space 87040K, 99% used [0x00000000fab00000,0x00000000ffffe4f8,0x0000000100000000)
  to   space 129536K, 0% used [0x00000000f0300000,0x00000000f0300000,0x00000000f8180000)
 ParOldGen       total 1398272K, used 64150K [0x0000000080000000, 0x00000000d5580000, 0x00000000d5580000)
  object space 1398272K, 4% used [0x0000000080000000,0x0000000083ea5888,0x00000000d5580000)
 Metaspace       used 70722K, capacity 73857K, committed 74112K, reserved 1116160K
  class space    used 7702K, capacity 8229K, committed 8320K, reserved 1048576K
}
Event: 365.870 GC heap before
{Heap before GC invocations=10 (full 3):
 PSYoungGen      total 526848K, used 526841K [0x00000000d5580000, 0x0000000100000000, 0x0000000100000000)
  eden space 439808K, 100% used [0x00000000d5580000,0x00000000f0300000,0x00000000f0300000)
  from space 87040K, 99% used [0x00000000fab00000,0x00000000ffffe4f8,0x0000000100000000)
  to   space 129536K, 0% used [0x00000000f0300000,0x00000000f0300000,0x00000000f8180000)
 ParOldGen       total 1398272K, used 64150K [0x0000000080000000, 0x00000000d5580000, 0x00000000d5580000)
  object space 1398272K, 4% used [0x0000000080000000,0x0000000083ea5888,0x00000000d5580000)
 Metaspace       used 71328K, capacity 74609K, committed 74880K, reserved 1116160K
  class space    used 7730K, capacity 8303K, committed 8320K, reserved 1048576K
Event: 366.030 GC heap after
Heap after GC invocations=10 (full 3):
 PSYoungGen      total 532480K, used 92255K [0x00000000d5580000, 0x0000000100000000, 0x0000000100000000)
  eden space 439808K, 0% used [0x00000000d5580000,0x00000000d5580000,0x00000000f0300000)
  from space 92672K, 99% used [0x00000000f0300000,0x00000000f5d17ff0,0x00000000f5d80000)
  to   space 137216K, 0% used [0x00000000f7a00000,0x00000000f7a00000,0x0000000100000000)
 ParOldGen       total 1398272K, used 64158K [0x0000000080000000, 0x00000000d5580000, 0x00000000d5580000)
  object space 1398272K, 4% used [0x0000000080000000,0x0000000083ea7888,0x00000000d5580000)
 Metaspace       used 71328K, capacity 74609K, committed 74880K, reserved 1116160K
  class space    used 7730K, capacity 8303K, committed 8320K, reserved 1048576K
}

