# JRE version: OpenJDK Runtime Environment (8.0_212-b04) (build 1.8.0_212-b04)
# Java VM: OpenJDK 64-Bit Server VM (25.212-b04 mixed mode linux-amd64 compressed oops)
Heap:
 PSYoungGen      total 611840K, used 174706K [0x00000000d5580000, 0x0000000100000000, 0x0000000100000000)
  eden space 524800K, 33% used [0x00000000d5580000,0x00000000e001cb50,0x00000000f5600000)
  from space 87040K, 0% used [0x00000000f5600000,0x00000000f5600000,0x00000000fab00000)
  to   space 87040K, 0% used [0x00000000fab00000,0x00000000fab00000,0x0000000100000000)
 ParOldGen       total 1398272K, used 44519K [0x0000000080000000, 0x00000000d5580000, 0x00000000d5580000)
  object space 1398272K, 3% used [0x0000000080000000,0x0000000082b79c60,0x00000000d5580000)
 Metaspace       used 62825K, capacity 65316K, committed 65368K, reserved 1107968K
  class space    used 7282K, capacity 7754K, committed 7768K, reserved 1048576K
GC Heap History (10 events):
Event: 2.207 GC heap before
{Heap before GC invocations=2 (full 1):
 PSYoungGen      total 611840K, used 14256K [0x00000000d5580000, 0x0000000100000000, 0x0000000100000000)
  eden space 524800K, 0% used [0x00000000d5580000,0x00000000d5580000,0x00000000f5600000)
  from space 87040K, 16% used [0x00000000f5600000,0x00000000f63ec0d8,0x00000000fab00000)
  to   space 87040K, 0% used [0x00000000fab00000,0x00000000fab00000,0x0000000100000000)
 ParOldGen       total 1398272K, used 80K [0x0000000080000000, 0x00000000d5580000, 0x00000000d5580000)
  object space 1398272K, 0% used [0x0000000080000000,0x0000000080014010,0x00000000d5580000)
 Metaspace       used 20811K, capacity 21106K, committed 21248K, reserved 1069056K
  class space    used 2370K, capacity 2482K, committed 2560K, reserved 1048576K
Event: 2.274 GC heap after
Heap after GC invocations=2 (full 1):
 PSYoungGen      total 611840K, used 0K [0x00000000d5580000, 0x0000000100000000, 0x0000000100000000)
  eden space 524800K, 0% used [0x00000000d5580000,0x00000000d5580000,0x00000000f5600000)
  from space 87040K, 0% used [0x00000000f5600000,0x00000000f5600000,0x00000000fab00000)
  to   space 87040K, 0% used [0x00000000fab00000,0x00000000fab00000,0x0000000100000000)
 ParOldGen       total 854016K, used 13734K [0x0000000080000000, 0x00000000b4200000, 0x00000000d5580000)
  object space 854016K, 1% used [0x0000000080000000,0x0000000080d69900,0x00000000b4200000)
 Metaspace       used 20811K, capacity 21106K, committed 21248K, reserved 1069056K
  class space    used 2370K, capacity 2482K, committed 2560K, reserved 1048576K
}
Event: 4.511 GC heap before
{Heap before GC invocations=3 (full 1):
 PSYoungGen      total 611840K, used 434548K [0x00000000d5580000, 0x0000000100000000, 0x0000000100000000)
  eden space 524800K, 82% used [0x00000000d5580000,0x00000000efddd050,0x00000000f5600000)
  from space 87040K, 0% used [0x00000000f5600000,0x00000000f5600000,0x00000000fab00000)
  to   space 87040K, 0% used [0x00000000fab00000,0x00000000fab00000,0x0000000100000000)
 ParOldGen       total 854016K, used 13734K [0x0000000080000000, 0x00000000b4200000, 0x00000000d5580000)
  object space 854016K, 1% used [0x0000000080000000,0x0000000080d69900,0x00000000b4200000)
 Metaspace       used 34755K, capacity 35150K, committed 35416K, reserved 1081344K
  class space    used 3978K, capacity 4123K, committed 4184K, reserved 1048576K
Event: 4.556 GC heap after
Heap after GC invocations=3 (full 1):
 PSYoungGen      total 611840K, used 19147K [0x00000000d5580000, 0x0000000100000000, 0x0000000100000000)
  eden space 524800K, 0% used [0x00000000d5580000,0x00000000d5580000,0x00000000f5600000)
  from space 87040K, 21% used [0x00000000fab00000,0x00000000fbdb2cb8,0x0000000100000000)
  to   space 87040K, 0% used [0x00000000f5600000,0x00000000f5600000,0x00000000fab00000)
 ParOldGen       total 854016K, used 13742K [0x0000000080000000, 0x00000000b4200000, 0x00000000d5580000)
  object space 854016K, 1% used [0x0000000080000000,0x0000000080d6b900,0x00000000b4200000)
 Metaspace       used 34755K, capacity 35150K, committed 35416K, reserved 1081344K
  class space    used 3978K, capacity 4123K, committed 4184K, reserved 1048576K
}
Event: 4.556 GC heap before
{Heap before GC invocations=4 (full 2):
 PSYoungGen      total 611840K, used 19147K [0x00000000d5580000, 0x0000000100000000, 0x0000000100000000)
  eden space 524800K, 0% used [0x00000000d5580000,0x00000000d5580000,0x00000000f5600000)
  from space 87040K, 21% used [0x00000000fab00000,0x00000000fbdb2cb8,0x0000000100000000)
  to   space 87040K, 0% used [0x00000000f5600000,0x00000000f5600000,0x00000000fab00000)
 ParOldGen       total 854016K, used 13742K [0x0000000080000000, 0x00000000b4200000, 0x00000000d5580000)
  object space 854016K, 1% used [0x0000000080000000,0x0000000080d6b900,0x00000000b4200000)
 Metaspace       used 34755K, capacity 35150K, committed 35416K, reserved 1081344K
  class space    used 3978K, capacity 4123K, committed 4184K, reserved 1048576K
Event: 4.681 GC heap after
Heap after GC invocations=4 (full 2):
 PSYoungGen      total 611840K, used 0K [0x00000000d5580000, 0x0000000100000000, 0x0000000100000000)
  eden space 524800K, 0% used [0x00000000d5580000,0x00000000d5580000,0x00000000f5600000)
  from space 87040K, 0% used [0x00000000fab00000,0x00000000fab00000,0x0000000100000000)
  to   space 87040K, 0% used [0x00000000f5600000,0x00000000f5600000,0x00000000fab00000)
 ParOldGen       total 1398272K, used 23579K [0x0000000080000000, 0x00000000d5580000, 0x00000000d5580000)
  object space 1398272K, 1% used [0x0000000080000000,0x0000000081706ed8,0x00000000d5580000)
 Metaspace       used 34755K, capacity 35150K, committed 35416K, reserved 1081344K
  class space    used 3978K, capacity 4123K, committed 4184K, reserved 1048576K
}
Event: 11.403 GC heap before
{Heap before GC invocations=5 (full 2):
 PSYoungGen      total 611840K, used 509217K [0x00000000d5580000, 0x0000000100000000, 0x0000000100000000)
  eden space 524800K, 97% used [0x00000000d5580000,0x00000000f46c8488,0x00000000f5600000)
  from space 87040K, 0% used [0x00000000fab00000,0x00000000fab00000,0x0000000100000000)
  to   space 87040K, 0% used [0x00000000f5600000,0x00000000f5600000,0x00000000fab00000)
 ParOldGen       total 1398272K, used 23579K [0x0000000080000000, 0x00000000d5580000, 0x00000000d5580000)
  object space 1398272K, 1% used [0x0000000080000000,0x0000000081706ed8,0x00000000d5580000)
 Metaspace       used 57475K, capacity 58904K, committed 58968K, reserved 1101824K
  class space    used 6659K, capacity 6956K, committed 7000K, reserved 1048576K
Event: 11.464 GC heap after
Heap after GC invocations=5 (full 2):
 PSYoungGen      total 611840K, used 34159K [0x00000000d5580000, 0x0000000100000000, 0x0000000100000000)
  eden space 524800K, 0% used [0x00000000d5580000,0x00000000d5580000,0x00000000f5600000)
  from space 87040K, 39% used [0x00000000f5600000,0x00000000f775bfa0,0x00000000fab00000)
  to   space 87040K, 0% used [0x00000000fab00000,0x00000000fab00000,0x0000000100000000)
 ParOldGen       total 1398272K, used 23587K [0x0000000080000000, 0x00000000d5580000, 0x00000000d5580000)
  object space 1398272K, 1% used [0x0000000080000000,0x0000000081708ed8,0x00000000d5580000)
 Metaspace       used 57475K, capacity 58904K, committed 58968K, reserved 1101824K
  class space    used 6659K, capacity 6956K, committed 7000K, reserved 1048576K
}
Event: 11.464 GC heap before
{Heap before GC invocations=6 (full 3):
 PSYoungGen      total 611840K, used 34159K [0x00000000d5580000, 0x0000000100000000, 0x0000000100000000)
  eden space 524800K, 0% used [0x00000000d5580000,0x00000000d5580000,0x00000000f5600000)
  from space 87040K, 39% used [0x00000000f5600000,0x00000000f775bfa0,0x00000000fab00000)
  to   space 87040K, 0% used [0x00000000fab00000,0x00000000fab00000,0x0000000100000000)
 ParOldGen       total 1398272K, used 23587K [0x0000000080000000, 0x00000000d5580000, 0x00000000d5580000)
  object space 1398272K, 1% used [0x0000000080000000,0x0000000081708ed8,0x00000000d5580000)
 Metaspace       used 57475K, capacity 58904K, committed 58968K, reserved 1101824K
  class space    used 6659K, capacity 6956K, committed 7000K, reserved 1048576K
Event: 11.701 GC heap after
Heap after GC invocations=6 (full 3):
 PSYoungGen      total 611840K, used 0K [0x00000000d5580000, 0x0000000100000000, 0x0000000100000000)
  eden space 524800K, 0% used [0x00000000d5580000,0x00000000d5580000,0x00000000f5600000)
  from space 87040K, 0% used [0x00000000f5600000,0x00000000f5600000,0x00000000fab00000)
  to   space 87040K, 0% used [0x00000000fab00000,0x00000000fab00000,0x0000000100000000)
 ParOldGen       total 1398272K, used 44519K [0x0000000080000000, 0x00000000d5580000, 0x00000000d5580000)
  object space 1398272K, 3% used [0x0000000080000000,0x0000000082b79c60,0x00000000d5580000)
 Metaspace       used 57422K, capacity 58776K, committed 58968K, reserved 1101824K
  class space    used 6640K, capacity 6924K, committed 7000K, reserved 1048576K
}

