# JRE version: OpenJDK Runtime Environment (8.0_212-b04) (build 1.8.0_212-b04)
# Java VM: OpenJDK 64-Bit Server VM (25.212-b04 mixed mode linux-amd64 compressed oops)
Heap:
 PSYoungGen      total 581120K, used 180427K [0x00000000d5580000, 0x0000000100000000, 0x0000000100000000)
  eden space 549376K, 27% used [0x00000000d5580000,0x00000000de6b4588,0x00000000f6e00000)
  from space 31744K, 99% used [0x00000000f6e00000,0x00000000f8cfe998,0x00000000f8d00000)
  to   space 117760K, 0% used [0x00000000f8d00000,0x00000000f8d00000,0x0000000100000000)
 ParOldGen       total 1398272K, used 869417K [0x0000000080000000, 0x00000000d5580000, 0x00000000d5580000)
  object space 1398272K, 62% used [0x0000000080000000,0x00000000b510a448,0x00000000d5580000)
 Metaspace       used 65702K, capacity 68230K, committed 68352K, reserved 1110016K
  class space    used 7408K, capacity 7865K, committed 7936K, reserved 1048576K
GC Heap History (10 events):
Event: 12.633 GC heap before
{Heap before GC invocations=7 (full 3):
 PSYoungGen      total 611840K, used 28102K [0x00000000d5580000, 0x0000000100000000, 0x0000000100000000)
  eden space 524800K, 0% used [0x00000000d5580000,0x00000000d5580000,0x00000000f5600000)
  from space 87040K, 32% used [0x00000000fab00000,0x00000000fc671b38,0x0000000100000000)
  to   space 87040K, 0% used [0x00000000f5600000,0x00000000f5600000,0x00000000fab00000)
 ParOldGen       total 1362432K, used 23944K [0x0000000080000000, 0x00000000d3280000, 0x00000000d5580000)
  object space 1362432K, 1% used [0x0000000080000000,0x0000000081762158,0x00000000d3280000)
 Metaspace       used 57430K, capacity 58866K, committed 59028K, reserved 1101824K
  class space    used 6623K, capacity 6885K, committed 6912K, reserved 1048576K
Event: 12.911 GC heap after
Heap after GC invocations=7 (full 3):
 PSYoungGen      total 611840K, used 0K [0x00000000d5580000, 0x0000000100000000, 0x0000000100000000)
  eden space 524800K, 0% used [0x00000000d5580000,0x00000000d5580000,0x00000000f5600000)
  from space 87040K, 0% used [0x00000000fab00000,0x00000000fab00000,0x0000000100000000)
  to   space 87040K, 0% used [0x00000000f5600000,0x00000000f5600000,0x00000000fab00000)
 ParOldGen       total 1398272K, used 39436K [0x0000000080000000, 0x00000000d5580000, 0x00000000d5580000)
  object space 1398272K, 2% used [0x0000000080000000,0x0000000082683198,0x00000000d5580000)
 Metaspace       used 57399K, capacity 58784K, committed 59028K, reserved 1101824K
  class space    used 6612K, capacity 6866K, committed 6912K, reserved 1048576K
}
Event: 19.162 GC heap before
{Heap before GC invocations=8 (full 3):
 PSYoungGen      total 611840K, used 338964K [0x00000000d5580000, 0x0000000100000000, 0x0000000100000000)
  eden space 524800K, 64% used [0x00000000d5580000,0x00000000ea085368,0x00000000f5600000)
  from space 87040K, 0% used [0x00000000fab00000,0x00000000fab00000,0x0000000100000000)
  to   space 87040K, 0% used [0x00000000f5600000,0x00000000f5600000,0x00000000fab00000)
 ParOldGen       total 1398272K, used 39436K [0x0000000080000000, 0x00000000d5580000, 0x00000000d5580000)
  object space 1398272K, 2% used [0x0000000080000000,0x0000000082683198,0x00000000d5580000)
 Metaspace       used 59817K, capacity 61694K, committed 61824K, reserved 1103872K
  class space    used 6932K, capacity 7277K, committed 7296K, reserved 1048576K
Event: 19.549 GC heap after
Heap after GC invocations=8 (full 3):
 PSYoungGen      total 533504K, used 8429K [0x00000000d5580000, 0x00000000fab80000, 0x0000000100000000)
  eden space 524800K, 0% used [0x00000000d5580000,0x00000000d5580000,0x00000000f5600000)
  from space 8704K, 96% used [0x00000000f5600000,0x00000000f5e3b7b0,0x00000000f5e80000)
  to   space 31232K, 0% used [0x00000000f8d00000,0x00000000f8d00000,0x00000000fab80000)
 ParOldGen       total 1398272K, used 449044K [0x0000000080000000, 0x00000000d5580000, 0x00000000d5580000)
  object space 1398272K, 32% used [0x0000000080000000,0x000000009b6851b8,0x00000000d5580000)
 Metaspace       used 59817K, capacity 61694K, committed 61824K, reserved 1103872K
  class space    used 6932K, capacity 7277K, committed 7296K, reserved 1048576K
}
Event: 19.825 GC heap before
{Heap before GC invocations=9 (full 3):
 PSYoungGen      total 533504K, used 533229K [0x00000000d5580000, 0x00000000fab80000, 0x0000000100000000)
  eden space 524800K, 100% used [0x00000000d5580000,0x00000000f5600000,0x00000000f5600000)
  from space 8704K, 96% used [0x00000000f5600000,0x00000000f5e3b7b0,0x00000000f5e80000)
  to   space 31232K, 0% used [0x00000000f8d00000,0x00000000f8d00000,0x00000000fab80000)
 ParOldGen       total 1398272K, used 449044K [0x0000000080000000, 0x00000000d5580000, 0x00000000d5580000)
  object space 1398272K, 32% used [0x0000000080000000,0x000000009b6851b8,0x00000000d5580000)
 Metaspace       used 59817K, capacity 61694K, committed 61824K, reserved 1103872K
  class space    used 6932K, capacity 7277K, committed 7296K, reserved 1048576K
Event: 20.265 GC heap after
Heap after GC invocations=9 (full 3):
 PSYoungGen      total 580608K, used 6857K [0x00000000d5580000, 0x0000000100000000, 0x0000000100000000)
  eden space 549376K, 0% used [0x00000000d5580000,0x00000000d5580000,0x00000000f6e00000)
  from space 31232K, 21% used [0x00000000f8d00000,0x00000000f93b2798,0x00000000fab80000)
  to   space 31744K, 0% used [0x00000000f6e00000,0x00000000f6e00000,0x00000000f8d00000)
 ParOldGen       total 1398272K, used 961052K [0x0000000080000000, 0x00000000d5580000, 0x00000000d5580000)
  object space 1398272K, 68% used [0x0000000080000000,0x00000000baa871d8,0x00000000d5580000)
 Metaspace       used 59817K, capacity 61694K, committed 61824K, reserved 1103872K
  class space    used 6932K, capacity 7277K, committed 7296K, reserved 1048576K
}
Event: 20.265 GC heap before
{Heap before GC invocations=10 (full 4):
 PSYoungGen      total 580608K, used 6857K [0x00000000d5580000, 0x0000000100000000, 0x0000000100000000)
  eden space 549376K, 0% used [0x00000000d5580000,0x00000000d5580000,0x00000000f6e00000)
  from space 31232K, 21% used [0x00000000f8d00000,0x00000000f93b2798,0x00000000fab80000)
  to   space 31744K, 0% used [0x00000000f6e00000,0x00000000f6e00000,0x00000000f8d00000)
 ParOldGen       total 1398272K, used 961052K [0x0000000080000000, 0x00000000d5580000, 0x00000000d5580000)
  object space 1398272K, 68% used [0x0000000080000000,0x00000000baa871d8,0x00000000d5580000)
 Metaspace       used 59817K, capacity 61694K, committed 61824K, reserved 1103872K
  class space    used 6932K, capacity 7277K, committed 7296K, reserved 1048576K
Event: 20.528 GC heap after
Heap after GC invocations=10 (full 4):
 PSYoungGen      total 580608K, used 0K [0x00000000d5580000, 0x0000000100000000, 0x0000000100000000)
  eden space 549376K, 0% used [0x00000000d5580000,0x00000000d5580000,0x00000000f6e00000)
  from space 31232K, 0% used [0x00000000f8d00000,0x00000000f8d00000,0x00000000fab80000)
  to   space 31744K, 0% used [0x00000000f6e00000,0x00000000f6e00000,0x00000000f8d00000)
 ParOldGen       total 1398272K, used 547202K [0x0000000080000000, 0x00000000d5580000, 0x00000000d5580000)
  object space 1398272K, 39% used [0x0000000080000000,0x00000000a1660b38,0x00000000d5580000)
 Metaspace       used 59728K, capacity 61454K, committed 61824K, reserved 1103872K
  class space    used 6901K, capacity 7221K, committed 7296K, reserved 1048576K
}
Event: 24.324 GC heap before
{Heap before GC invocations=11 (full 4):
 PSYoungGen      total 580608K, used 549376K [0x00000000d5580000, 0x0000000100000000, 0x0000000100000000)
  eden space 549376K, 100% used [0x00000000d5580000,0x00000000f6e00000,0x00000000f6e00000)
  from space 31232K, 0% used [0x00000000f8d00000,0x00000000f8d00000,0x00000000fab80000)
  to   space 31744K, 0% used [0x00000000f6e00000,0x00000000f6e00000,0x00000000f8d00000)
 ParOldGen       total 1398272K, used 547202K [0x0000000080000000, 0x00000000d5580000, 0x00000000d5580000)
  object space 1398272K, 39% used [0x0000000080000000,0x00000000a1660b38,0x00000000d5580000)
 Metaspace       used 65344K, capacity 67818K, committed 68096K, reserved 1110016K
  class space    used 7408K, capacity 7865K, committed 7936K, reserved 1048576K
Event: 24.444 GC heap after
Heap after GC invocations=11 (full 4):
 PSYoungGen      total 581120K, used 31738K [0x00000000d5580000, 0x0000000100000000, 0x0000000100000000)
  eden space 549376K, 0% used [0x00000000d5580000,0x00000000d5580000,0x00000000f6e00000)
  from space 31744K, 99% used [0x00000000f6e00000,0x00000000f8cfe998,0x00000000f8d00000)
  to   space 117760K, 0% used [0x00000000f8d00000,0x00000000f8d00000,0x0000000100000000)
 ParOldGen       total 1398272K, used 869417K [0x0000000080000000, 0x00000000d5580000, 0x00000000d5580000)
  object space 1398272K, 62% used [0x0000000080000000,0x00000000b510a448,0x00000000d5580000)
 Metaspace       used 65344K, capacity 67818K, committed 68096K, reserved 1110016K
  class space    used 7408K, capacity 7865K, committed 7936K, reserved 1048576K
}

