# JRE version: OpenJDK Runtime Environment (8.0_212-b04) (build 1.8.0_212-b04)
# Java VM: OpenJDK 64-Bit Server VM (25.212-b04 mixed mode linux-amd64 compressed oops)
Heap:
 PSYoungGen      total 602624K, used 139633K [0x00000000d5580000, 0x0000000100000000, 0x0000000100000000)
  eden space 529408K, 12% used [0x00000000d5580000,0x00000000d9675f70,0x00000000f5a80000)
  from space 73216K, 99% used [0x00000000f5a80000,0x00000000fa1e65c0,0x00000000fa200000)
  to   space 93696K, 0% used [0x00000000fa480000,0x00000000fa480000,0x0000000100000000)
 ParOldGen       total 1398272K, used 42257K [0x0000000080000000, 0x00000000d5580000, 0x00000000d5580000)
  object space 1398272K, 3% used [0x0000000080000000,0x00000000829444f0,0x00000000d5580000)
 Metaspace       used 68175K, capacity 71532K, committed 71808K, reserved 1112064K
  class space    used 7642K, capacity 8220K, committed 8320K, reserved 1048576K
GC Heap History (10 events):
Event: 12.808 GC heap before
{Heap before GC invocations=6 (full 2):
 PSYoungGen      total 611840K, used 187394K [0x00000000d5580000, 0x0000000100000000, 0x0000000100000000)
  eden space 524800K, 30% used [0x00000000d5580000,0x00000000df413e80,0x00000000f5600000)
  from space 87040K, 28% used [0x00000000f5600000,0x00000000f6e6cd10,0x00000000fab00000)
  to   space 87040K, 0% used [0x00000000fab00000,0x00000000fab00000,0x0000000100000000)
 ParOldGen       total 1398272K, used 23588K [0x0000000080000000, 0x00000000d5580000, 0x00000000d5580000)
  object space 1398272K, 1% used [0x0000000080000000,0x0000000081709180,0x00000000d5580000)
 Metaspace       used 57211K, capacity 58858K, committed 59008K, reserved 1101824K
  class space    used 6626K, capacity 6949K, committed 7040K, reserved 1048576K
Event: 12.854 GC heap after
Heap after GC invocations=6 (full 2):
 PSYoungGen      total 611840K, used 22499K [0x00000000d5580000, 0x0000000100000000, 0x0000000100000000)
  eden space 524800K, 0% used [0x00000000d5580000,0x00000000d5580000,0x00000000f5600000)
  from space 87040K, 25% used [0x00000000fab00000,0x00000000fc0f8dc8,0x0000000100000000)
  to   space 87040K, 0% used [0x00000000f5600000,0x00000000f5600000,0x00000000fab00000)
 ParOldGen       total 1398272K, used 23596K [0x0000000080000000, 0x00000000d5580000, 0x00000000d5580000)
  object space 1398272K, 1% used [0x0000000080000000,0x000000008170b180,0x00000000d5580000)
 Metaspace       used 57211K, capacity 58858K, committed 59008K, reserved 1101824K
  class space    used 6626K, capacity 6949K, committed 7040K, reserved 1048576K
}
Event: 12.854 GC heap before
{Heap before GC invocations=7 (full 3):
 PSYoungGen      total 611840K, used 22499K [0x00000000d5580000, 0x0000000100000000, 0x0000000100000000)
  eden space 524800K, 0% used [0x00000000d5580000,0x00000000d5580000,0x00000000f5600000)
  from space 87040K, 25% used [0x00000000fab00000,0x00000000fc0f8dc8,0x0000000100000000)
  to   space 87040K, 0% used [0x00000000f5600000,0x00000000f5600000,0x00000000fab00000)
 ParOldGen       total 1398272K, used 23596K [0x0000000080000000, 0x00000000d5580000, 0x00000000d5580000)
  object space 1398272K, 1% used [0x0000000080000000,0x000000008170b180,0x00000000d5580000)
 Metaspace       used 57211K, capacity 58858K, committed 59008K, reserved 1101824K
  class space    used 6626K, capacity 6949K, committed 7040K, reserved 1048576K
Event: 13.149 GC heap after
Heap after GC invocations=7 (full 3):
 PSYoungGen      total 611840K, used 0K [0x00000000d5580000, 0x0000000100000000, 0x0000000100000000)
  eden space 524800K, 0% used [0x00000000d5580000,0x00000000d5580000,0x00000000f5600000)
  from space 87040K, 0% used [0x00000000fab00000,0x00000000fab00000,0x0000000100000000)
  to   space 87040K, 0% used [0x00000000f5600000,0x00000000f5600000,0x00000000fab00000)
 ParOldGen       total 1398272K, used 33865K [0x0000000080000000, 0x00000000d5580000, 0x00000000d5580000)
  object space 1398272K, 2% used [0x0000000080000000,0x0000000082112728,0x00000000d5580000)
 Metaspace       used 57121K, capacity 58610K, committed 59008K, reserved 1101824K
  class space    used 6594K, capacity 6893K, committed 7040K, reserved 1048576K
}
Event: 32.802 GC heap before
{Heap before GC invocations=8 (full 3):
 PSYoungGen      total 611840K, used 524800K [0x00000000d5580000, 0x0000000100000000, 0x0000000100000000)
  eden space 524800K, 100% used [0x00000000d5580000,0x00000000f5600000,0x00000000f5600000)
  from space 87040K, 0% used [0x00000000fab00000,0x00000000fab00000,0x0000000100000000)
  to   space 87040K, 0% used [0x00000000f5600000,0x00000000f5600000,0x00000000fab00000)
 ParOldGen       total 1398272K, used 33865K [0x0000000080000000, 0x00000000d5580000, 0x00000000d5580000)
  object space 1398272K, 2% used [0x0000000080000000,0x0000000082112728,0x00000000d5580000)
 Metaspace       used 65005K, capacity 67886K, committed 68224K, reserved 1110016K
  class space    used 7451K, capacity 7965K, committed 8064K, reserved 1048576K
Event: 33.018 GC heap after
Heap after GC invocations=8 (full 3):
 PSYoungGen      total 611840K, used 87020K [0x00000000d5580000, 0x00000000fee00000, 0x0000000100000000)
  eden space 524800K, 0% used [0x00000000d5580000,0x00000000d5580000,0x00000000f5600000)
  from space 87040K, 99% used [0x00000000f5600000,0x00000000faafb178,0x00000000fab00000)
  to   space 68608K, 0% used [0x00000000fab00000,0x00000000fab00000,0x00000000fee00000)
 ParOldGen       total 1398272K, used 42249K [0x0000000080000000, 0x00000000d5580000, 0x00000000d5580000)
  object space 1398272K, 3% used [0x0000000080000000,0x00000000829424f0,0x00000000d5580000)
 Metaspace       used 65005K, capacity 67886K, committed 68224K, reserved 1110016K
  class space    used 7451K, capacity 7965K, committed 8064K, reserved 1048576K
}
Event: 41.182 GC heap before
{Heap before GC invocations=9 (full 3):
 PSYoungGen      total 611840K, used 611820K [0x00000000d5580000, 0x00000000fee00000, 0x0000000100000000)
  eden space 524800K, 100% used [0x00000000d5580000,0x00000000f5600000,0x00000000f5600000)
  from space 87040K, 99% used [0x00000000f5600000,0x00000000faafb178,0x00000000fab00000)
  to   space 68608K, 0% used [0x00000000fab00000,0x00000000fab00000,0x00000000fee00000)
 ParOldGen       total 1398272K, used 42249K [0x0000000080000000, 0x00000000d5580000, 0x00000000d5580000)
  object space 1398272K, 3% used [0x0000000080000000,0x00000000829424f0,0x00000000d5580000)
 Metaspace       used 66712K, capacity 69960K, committed 70144K, reserved 1112064K
  class space    used 7587K, capacity 8174K, committed 8192K, reserved 1048576K
Event: 41.291 GC heap after
Heap after GC invocations=9 (full 3):
 PSYoungGen      total 598016K, used 55873K [0x00000000d5580000, 0x0000000100000000, 0x0000000100000000)
  eden space 529408K, 0% used [0x00000000d5580000,0x00000000d5580000,0x00000000f5a80000)
  from space 68608K, 81% used [0x00000000fab00000,0x00000000fe1905f8,0x00000000fee00000)
  to   space 82432K, 0% used [0x00000000f5a80000,0x00000000f5a80000,0x00000000fab00000)
 ParOldGen       total 1398272K, used 42257K [0x0000000080000000, 0x00000000d5580000, 0x00000000d5580000)
  object space 1398272K, 3% used [0x0000000080000000,0x00000000829444f0,0x00000000d5580000)
 Metaspace       used 66712K, capacity 69960K, committed 70144K, reserved 1112064K
  class space    used 7587K, capacity 8174K, committed 8192K, reserved 1048576K
}
Event: 84.445 GC heap before
{Heap before GC invocations=10 (full 3):
 PSYoungGen      total 598016K, used 575478K [0x00000000d5580000, 0x0000000100000000, 0x0000000100000000)
  eden space 529408K, 98% used [0x00000000d5580000,0x00000000f50ed2a8,0x00000000f5a80000)
  from space 68608K, 81% used [0x00000000fab00000,0x00000000fe1905f8,0x00000000fee00000)
  to   space 82432K, 0% used [0x00000000f5a80000,0x00000000f5a80000,0x00000000fab00000)
 ParOldGen       total 1398272K, used 42257K [0x0000000080000000, 0x00000000d5580000, 0x00000000d5580000)
  object space 1398272K, 3% used [0x0000000080000000,0x00000000829444f0,0x00000000d5580000)
 Metaspace       used 68036K, capacity 71448K, committed 71552K, reserved 1112064K
  class space    used 7631K, capacity 8218K, committed 8320K, reserved 1048576K
Event: 84.668 GC heap after
Heap after GC invocations=10 (full 3):
 PSYoungGen      total 602624K, used 73113K [0x00000000d5580000, 0x0000000100000000, 0x0000000100000000)
  eden space 529408K, 0% used [0x00000000d5580000,0x00000000d5580000,0x00000000f5a80000)
  from space 73216K, 99% used [0x00000000f5a80000,0x00000000fa1e65c0,0x00000000fa200000)
  to   space 93696K, 0% used [0x00000000fa480000,0x00000000fa480000,0x0000000100000000)
 ParOldGen       total 1398272K, used 42257K [0x0000000080000000, 0x00000000d5580000, 0x00000000d5580000)
  object space 1398272K, 3% used [0x0000000080000000,0x00000000829444f0,0x00000000d5580000)
 Metaspace       used 68036K, capacity 71448K, committed 71552K, reserved 1112064K
  class space    used 7631K, capacity 8218K, committed 8320K, reserved 1048576K
}

