# JRE version: OpenJDK Runtime Environment (8.0_212-b04) (build 1.8.0_212-b04)
# Java VM: OpenJDK 64-Bit Server VM (25.212-b04 mixed mode linux-amd64 compressed oops)
Heap:
 PSYoungGen      total 584192K, used 181705K [0x00000000d5580000, 0x00000000fbf00000, 0x0000000100000000)
  eden space 524800K, 23% used [0x00000000d5580000,0x00000000dcd373a0,0x00000000f5600000)
  from space 59392K, 99% used [0x00000000f5600000,0x00000000f8fbb248,0x00000000f9000000)
  to   space 48128K, 0% used [0x00000000f9000000,0x00000000f9000000,0x00000000fbf00000)
 ParOldGen       total 1398272K, used 28568K [0x0000000080000000, 0x00000000d5580000, 0x00000000d5580000)
  object space 1398272K, 2% used [0x0000000080000000,0x0000000081be62b8,0x00000000d5580000)
 Metaspace       used 69735K, capacity 73126K, committed 73344K, reserved 1114112K
  class space    used 7885K, capacity 8451K, committed 8576K, reserved 1048576K
GC Heap History (10 events):
Event: 5.278 GC heap before
{Heap before GC invocations=4 (full 2):
 PSYoungGen      total 611840K, used 14281K [0x00000000d5580000, 0x0000000100000000, 0x0000000100000000)
  eden space 524800K, 0% used [0x00000000d5580000,0x00000000d5580000,0x00000000f5600000)
  from space 87040K, 16% used [0x00000000fab00000,0x00000000fb8f25b8,0x0000000100000000)
  to   space 87040K, 0% used [0x00000000f5600000,0x00000000f5600000,0x00000000fab00000)
 ParOldGen       total 867840K, used 18679K [0x0000000080000000, 0x00000000b4f80000, 0x00000000d5580000)
  object space 867840K, 2% used [0x0000000080000000,0x000000008123dde8,0x00000000b4f80000)
 Metaspace       used 34788K, capacity 35154K, committed 35456K, reserved 1081344K
  class space    used 3981K, capacity 4101K, committed 4224K, reserved 1048576K
Event: 5.363 GC heap after
Heap after GC invocations=4 (full 2):
 PSYoungGen      total 611840K, used 0K [0x00000000d5580000, 0x0000000100000000, 0x0000000100000000)
  eden space 524800K, 0% used [0x00000000d5580000,0x00000000d5580000,0x00000000f5600000)
  from space 87040K, 0% used [0x00000000fab00000,0x00000000fab00000,0x0000000100000000)
  to   space 87040K, 0% used [0x00000000f5600000,0x00000000f5600000,0x00000000fab00000)
 ParOldGen       total 1398272K, used 22539K [0x0000000080000000, 0x00000000d5580000, 0x00000000d5580000)
  object space 1398272K, 1% used [0x0000000080000000,0x0000000081602e28,0x00000000d5580000)
 Metaspace       used 34788K, capacity 35154K, committed 35456K, reserved 1081344K
  class space    used 3981K, capacity 4101K, committed 4224K, reserved 1048576K
}
Event: 10.964 GC heap before
{Heap before GC invocations=5 (full 2):
 PSYoungGen      total 611840K, used 524800K [0x00000000d5580000, 0x0000000100000000, 0x0000000100000000)
  eden space 524800K, 100% used [0x00000000d5580000,0x00000000f5600000,0x00000000f5600000)
  from space 87040K, 0% used [0x00000000fab00000,0x00000000fab00000,0x0000000100000000)
  to   space 87040K, 0% used [0x00000000f5600000,0x00000000f5600000,0x00000000fab00000)
 ParOldGen       total 1398272K, used 22539K [0x0000000080000000, 0x00000000d5580000, 0x00000000d5580000)
  object space 1398272K, 1% used [0x0000000080000000,0x0000000081602e28,0x00000000d5580000)
 Metaspace       used 53694K, capacity 55068K, committed 55296K, reserved 1097728K
  class space    used 6334K, capacity 6608K, committed 6656K, reserved 1048576K
Event: 11.008 GC heap after
Heap after GC invocations=5 (full 2):
 PSYoungGen      total 611840K, used 26889K [0x00000000d5580000, 0x0000000100000000, 0x0000000100000000)
  eden space 524800K, 0% used [0x00000000d5580000,0x00000000d5580000,0x00000000f5600000)
  from space 87040K, 30% used [0x00000000f5600000,0x00000000f7042688,0x00000000fab00000)
  to   space 87040K, 0% used [0x00000000fab00000,0x00000000fab00000,0x0000000100000000)
 ParOldGen       total 1398272K, used 22547K [0x0000000080000000, 0x00000000d5580000, 0x00000000d5580000)
  object space 1398272K, 1% used [0x0000000080000000,0x0000000081604e28,0x00000000d5580000)
 Metaspace       used 53694K, capacity 55068K, committed 55296K, reserved 1097728K
  class space    used 6334K, capacity 6608K, committed 6656K, reserved 1048576K
}
Event: 11.750 GC heap before
{Heap before GC invocations=6 (full 2):
 PSYoungGen      total 611840K, used 146955K [0x00000000d5580000, 0x0000000100000000, 0x0000000100000000)
  eden space 524800K, 22% used [0x00000000d5580000,0x00000000dcac06a8,0x00000000f5600000)
  from space 87040K, 30% used [0x00000000f5600000,0x00000000f7042688,0x00000000fab00000)
  to   space 87040K, 0% used [0x00000000fab00000,0x00000000fab00000,0x0000000100000000)
 ParOldGen       total 1398272K, used 22547K [0x0000000080000000, 0x00000000d5580000, 0x00000000d5580000)
  object space 1398272K, 1% used [0x0000000080000000,0x0000000081604e28,0x00000000d5580000)
 Metaspace       used 57519K, capacity 58912K, committed 59096K, reserved 1101824K
  class space    used 6690K, capacity 6968K, committed 7040K, reserved 1048576K
Event: 11.774 GC heap after
Heap after GC invocations=6 (full 2):
 PSYoungGen      total 611840K, used 16088K [0x00000000d5580000, 0x0000000100000000, 0x0000000100000000)
  eden space 524800K, 0% used [0x00000000d5580000,0x00000000d5580000,0x00000000f5600000)
  from space 87040K, 18% used [0x00000000fab00000,0x00000000fbab6058,0x0000000100000000)
  to   space 87040K, 0% used [0x00000000f5600000,0x00000000f5600000,0x00000000fab00000)
 ParOldGen       total 1398272K, used 22555K [0x0000000080000000, 0x00000000d5580000, 0x00000000d5580000)
  object space 1398272K, 1% used [0x0000000080000000,0x0000000081606e28,0x00000000d5580000)
 Metaspace       used 57519K, capacity 58912K, committed 59096K, reserved 1101824K
  class space    used 6690K, capacity 6968K, committed 7040K, reserved 1048576K
}
Event: 11.774 GC heap before
{Heap before GC invocations=7 (full 3):
 PSYoungGen      total 611840K, used 16088K [0x00000000d5580000, 0x0000000100000000, 0x0000000100000000)
  eden space 524800K, 0% used [0x00000000d5580000,0x00000000d5580000,0x00000000f5600000)
  from space 87040K, 18% used [0x00000000fab00000,0x00000000fbab6058,0x0000000100000000)
  to   space 87040K, 0% used [0x00000000f5600000,0x00000000f5600000,0x00000000fab00000)
 ParOldGen       total 1398272K, used 22555K [0x0000000080000000, 0x00000000d5580000, 0x00000000d5580000)
  object space 1398272K, 1% used [0x0000000080000000,0x0000000081606e28,0x00000000d5580000)
 Metaspace       used 57519K, capacity 58912K, committed 59096K, reserved 1101824K
  class space    used 6690K, capacity 6968K, committed 7040K, reserved 1048576K
Event: 12.010 GC heap after
Heap after GC invocations=7 (full 3):
 PSYoungGen      total 611840K, used 0K [0x00000000d5580000, 0x0000000100000000, 0x0000000100000000)
  eden space 524800K, 0% used [0x00000000d5580000,0x00000000d5580000,0x00000000f5600000)
  from space 87040K, 0% used [0x00000000fab00000,0x00000000fab00000,0x0000000100000000)
  to   space 87040K, 0% used [0x00000000f5600000,0x00000000f5600000,0x00000000fab00000)
 ParOldGen       total 1398272K, used 28548K [0x0000000080000000, 0x00000000d5580000, 0x00000000d5580000)
  object space 1398272K, 2% used [0x0000000080000000,0x0000000081be1188,0x00000000d5580000)
 Metaspace       used 57448K, capacity 58738K, committed 59096K, reserved 1101824K
  class space    used 6664K, capacity 6923K, committed 7040K, reserved 1048576K
}
Event: 22.884 GC heap before
{Heap before GC invocations=8 (full 3):
 PSYoungGen      total 611840K, used 524800K [0x00000000d5580000, 0x0000000100000000, 0x0000000100000000)
  eden space 524800K, 100% used [0x00000000d5580000,0x00000000f5600000,0x00000000f5600000)
  from space 87040K, 0% used [0x00000000fab00000,0x00000000fab00000,0x0000000100000000)
  to   space 87040K, 0% used [0x00000000f5600000,0x00000000f5600000,0x00000000fab00000)
 ParOldGen       total 1398272K, used 28548K [0x0000000080000000, 0x00000000d5580000, 0x00000000d5580000)
  object space 1398272K, 2% used [0x0000000080000000,0x0000000081be1188,0x00000000d5580000)
 Metaspace       used 68448K, capacity 71624K, committed 71936K, reserved 1112064K
  class space    used 7797K, capacity 8356K, committed 8448K, reserved 1048576K
Event: 22.979 GC heap after
Heap after GC invocations=8 (full 3):
 PSYoungGen      total 584192K, used 59116K [0x00000000d5580000, 0x00000000fbf00000, 0x0000000100000000)
  eden space 524800K, 0% used [0x00000000d5580000,0x00000000d5580000,0x00000000f5600000)
  from space 59392K, 99% used [0x00000000f5600000,0x00000000f8fbb248,0x00000000f9000000)
  to   space 48128K, 0% used [0x00000000f9000000,0x00000000f9000000,0x00000000fbf00000)
 ParOldGen       total 1398272K, used 28568K [0x0000000080000000, 0x00000000d5580000, 0x00000000d5580000)
  object space 1398272K, 2% used [0x0000000080000000,0x0000000081be62b8,0x00000000d5580000)
 Metaspace       used 68448K, capacity 71624K, committed 71936K, reserved 1112064K
  class space    used 7797K, capacity 8356K, committed 8448K, reserved 1048576K
}

