-------------------------------------------------------------------------------
Test set: org.apache.ratis.netty.TestLeaderElectionWithNetty
-------------------------------------------------------------------------------
Tests run: 5, Failures: 0, Errors: 1, Skipped: 0, Time elapsed: 118.206 s <<< FAILURE! - in org.apache.ratis.netty.TestLeaderElectionWithNetty
testBasicLeaderElection(org.apache.ratis.netty.TestLeaderElectionWithNetty)  Time elapsed: 100.022 s  <<< ERROR!
org.junit.runners.model.TestTimedOutException: test timed out after 100 seconds

