-------------------------------------------------------------------------------
Test set: org.apache.ratis.server.simulation.TestRaftWithSimulatedRpc
-------------------------------------------------------------------------------
Tests run: 5, Failures: 0, Errors: 1, Skipped: 0, Time elapsed: 117.645 s <<< FAILURE! - in org.apache.ratis.server.simulation.TestRaftWithSimulatedRpc
testWithLoad(org.apache.ratis.server.simulation.TestRaftWithSimulatedRpc)  Time elapsed: 100.025 s  <<< ERROR!
org.junit.runners.model.TestTimedOutException: test timed out after 100 seconds

