# JRE version: OpenJDK Runtime Environment (8.0_212-b04) (build 1.8.0_212-b04)
# Java VM: OpenJDK 64-Bit Server VM (25.212-b04 mixed mode linux-amd64 compressed oops)
Heap:
 PSYoungGen      total 611840K, used 257165K [0x00000000d5580000, 0x0000000100000000, 0x0000000100000000)
  eden space 524800K, 49% used [0x00000000d5580000,0x00000000e50a3790,0x00000000f5600000)
  from space 87040K, 0% used [0x00000000fab00000,0x00000000fab00000,0x0000000100000000)
  to   space 87040K, 0% used [0x00000000f5600000,0x00000000f5600000,0x00000000fab00000)
 ParOldGen       total 1398272K, used 31925K [0x0000000080000000, 0x00000000d5580000, 0x00000000d5580000)
  object space 1398272K, 2% used [0x0000000080000000,0x0000000081f2d780,0x00000000d5580000)
 Metaspace       used 64367K, capacity 66904K, committed 67072K, reserved 1107968K
  class space    used 7397K, capacity 7838K, committed 7936K, reserved 1048576K
GC Heap History (10 events):
Event: 4.709 GC heap before
{Heap before GC invocations=3 (full 1):
 PSYoungGen      total 611840K, used 434995K [0x00000000d5580000, 0x0000000100000000, 0x0000000100000000)
  eden space 524800K, 82% used [0x00000000d5580000,0x00000000efe4cfe0,0x00000000f5600000)
  from space 87040K, 0% used [0x00000000f5600000,0x00000000f5600000,0x00000000fab00000)
  to   space 87040K, 0% used [0x00000000fab00000,0x00000000fab00000,0x0000000100000000)
 ParOldGen       total 865792K, used 13732K [0x0000000080000000, 0x00000000b4d80000, 0x00000000d5580000)
  object space 865792K, 1% used [0x0000000080000000,0x0000000080d69148,0x00000000b4d80000)
 Metaspace       used 34757K, capacity 35182K, committed 35416K, reserved 1081344K
  class space    used 3973K, capacity 4091K, committed 4096K, reserved 1048576K
Event: 4.743 GC heap after
Heap after GC invocations=3 (full 1):
 PSYoungGen      total 611840K, used 19299K [0x00000000d5580000, 0x0000000100000000, 0x0000000100000000)
  eden space 524800K, 0% used [0x00000000d5580000,0x00000000d5580000,0x00000000f5600000)
  from space 87040K, 22% used [0x00000000fab00000,0x00000000fbdd8f80,0x0000000100000000)
  to   space 87040K, 0% used [0x00000000f5600000,0x00000000f5600000,0x00000000fab00000)
 ParOldGen       total 865792K, used 13732K [0x0000000080000000, 0x00000000b4d80000, 0x00000000d5580000)
  object space 865792K, 1% used [0x0000000080000000,0x0000000080d69148,0x00000000b4d80000)
 Metaspace       used 34757K, capacity 35182K, committed 35416K, reserved 1081344K
  class space    used 3973K, capacity 4091K, committed 4096K, reserved 1048576K
}
Event: 4.743 GC heap before
{Heap before GC invocations=4 (full 2):
 PSYoungGen      total 611840K, used 19299K [0x00000000d5580000, 0x0000000100000000, 0x0000000100000000)
  eden space 524800K, 0% used [0x00000000d5580000,0x00000000d5580000,0x00000000f5600000)
  from space 87040K, 22% used [0x00000000fab00000,0x00000000fbdd8f80,0x0000000100000000)
  to   space 87040K, 0% used [0x00000000f5600000,0x00000000f5600000,0x00000000fab00000)
 ParOldGen       total 865792K, used 13732K [0x0000000080000000, 0x00000000b4d80000, 0x00000000d5580000)
  object space 865792K, 1% used [0x0000000080000000,0x0000000080d69148,0x00000000b4d80000)
 Metaspace       used 34757K, capacity 35182K, committed 35416K, reserved 1081344K
  class space    used 3973K, capacity 4091K, committed 4096K, reserved 1048576K
Event: 4.834 GC heap after
Heap after GC invocations=4 (full 2):
 PSYoungGen      total 611840K, used 0K [0x00000000d5580000, 0x0000000100000000, 0x0000000100000000)
  eden space 524800K, 0% used [0x00000000d5580000,0x00000000d5580000,0x00000000f5600000)
  from space 87040K, 0% used [0x00000000fab00000,0x00000000fab00000,0x0000000100000000)
  to   space 87040K, 0% used [0x00000000f5600000,0x00000000f5600000,0x00000000fab00000)
 ParOldGen       total 1398272K, used 23582K [0x0000000080000000, 0x00000000d5580000, 0x00000000d5580000)
  object space 1398272K, 1% used [0x0000000080000000,0x0000000081707a58,0x00000000d5580000)
 Metaspace       used 34757K, capacity 35182K, committed 35416K, reserved 1081344K
  class space    used 3973K, capacity 4091K, committed 4096K, reserved 1048576K
}
Event: 11.663 GC heap before
{Heap before GC invocations=5 (full 2):
 PSYoungGen      total 611840K, used 524800K [0x00000000d5580000, 0x0000000100000000, 0x0000000100000000)
  eden space 524800K, 100% used [0x00000000d5580000,0x00000000f5600000,0x00000000f5600000)
  from space 87040K, 0% used [0x00000000fab00000,0x00000000fab00000,0x0000000100000000)
  to   space 87040K, 0% used [0x00000000f5600000,0x00000000f5600000,0x00000000fab00000)
 ParOldGen       total 1398272K, used 23582K [0x0000000080000000, 0x00000000d5580000, 0x00000000d5580000)
  object space 1398272K, 1% used [0x0000000080000000,0x0000000081707a58,0x00000000d5580000)
 Metaspace       used 52939K, capacity 54262K, committed 54400K, reserved 1097728K
  class space    used 6182K, capacity 6425K, committed 6528K, reserved 1048576K
Event: 11.736 GC heap after
Heap after GC invocations=5 (full 2):
 PSYoungGen      total 611840K, used 28068K [0x00000000d5580000, 0x0000000100000000, 0x0000000100000000)
  eden space 524800K, 0% used [0x00000000d5580000,0x00000000d5580000,0x00000000f5600000)
  from space 87040K, 32% used [0x00000000f5600000,0x00000000f71692f8,0x00000000fab00000)
  to   space 87040K, 0% used [0x00000000fab00000,0x00000000fab00000,0x0000000100000000)
 ParOldGen       total 1398272K, used 23590K [0x0000000080000000, 0x00000000d5580000, 0x00000000d5580000)
  object space 1398272K, 1% used [0x0000000080000000,0x0000000081709a58,0x00000000d5580000)
 Metaspace       used 52939K, capacity 54262K, committed 54400K, reserved 1097728K
  class space    used 6182K, capacity 6425K, committed 6528K, reserved 1048576K
}
Event: 12.558 GC heap before
{Heap before GC invocations=6 (full 2):
 PSYoungGen      total 611840K, used 152443K [0x00000000d5580000, 0x0000000100000000, 0x0000000100000000)
  eden space 524800K, 23% used [0x00000000d5580000,0x00000000dcef5a78,0x00000000f5600000)
  from space 87040K, 32% used [0x00000000f5600000,0x00000000f71692f8,0x00000000fab00000)
  to   space 87040K, 0% used [0x00000000fab00000,0x00000000fab00000,0x0000000100000000)
 ParOldGen       total 1398272K, used 23590K [0x0000000080000000, 0x00000000d5580000, 0x00000000d5580000)
  object space 1398272K, 1% used [0x0000000080000000,0x0000000081709a58,0x00000000d5580000)
 Metaspace       used 57536K, capacity 58944K, committed 59028K, reserved 1101824K
  class space    used 6643K, capacity 6910K, committed 6912K, reserved 1048576K
Event: 12.594 GC heap after
Heap after GC invocations=6 (full 2):
 PSYoungGen      total 611840K, used 20420K [0x00000000d5580000, 0x0000000100000000, 0x0000000100000000)
  eden space 524800K, 0% used [0x00000000d5580000,0x00000000d5580000,0x00000000f5600000)
  from space 87040K, 23% used [0x00000000fab00000,0x00000000fbef1368,0x0000000100000000)
  to   space 87040K, 0% used [0x00000000f5600000,0x00000000f5600000,0x00000000fab00000)
 ParOldGen       total 1398272K, used 23598K [0x0000000080000000, 0x00000000d5580000, 0x00000000d5580000)
  object space 1398272K, 1% used [0x0000000080000000,0x000000008170ba58,0x00000000d5580000)
 Metaspace       used 57536K, capacity 58944K, committed 59028K, reserved 1101824K
  class space    used 6643K, capacity 6910K, committed 6912K, reserved 1048576K
}
Event: 12.595 GC heap before
{Heap before GC invocations=7 (full 3):
 PSYoungGen      total 611840K, used 20420K [0x00000000d5580000, 0x0000000100000000, 0x0000000100000000)
  eden space 524800K, 0% used [0x00000000d5580000,0x00000000d5580000,0x00000000f5600000)
  from space 87040K, 23% used [0x00000000fab00000,0x00000000fbef1368,0x0000000100000000)
  to   space 87040K, 0% used [0x00000000f5600000,0x00000000f5600000,0x00000000fab00000)
 ParOldGen       total 1398272K, used 23598K [0x0000000080000000, 0x00000000d5580000, 0x00000000d5580000)
  object space 1398272K, 1% used [0x0000000080000000,0x000000008170ba58,0x00000000d5580000)
 Metaspace       used 57536K, capacity 58944K, committed 59028K, reserved 1101824K
  class space    used 6643K, capacity 6910K, committed 6912K, reserved 1048576K
Event: 12.899 GC heap after
Heap after GC invocations=7 (full 3):
 PSYoungGen      total 611840K, used 0K [0x00000000d5580000, 0x0000000100000000, 0x0000000100000000)
  eden space 524800K, 0% used [0x00000000d5580000,0x00000000d5580000,0x00000000f5600000)
  from space 87040K, 0% used [0x00000000fab00000,0x00000000fab00000,0x0000000100000000)
  to   space 87040K, 0% used [0x00000000f5600000,0x00000000f5600000,0x00000000fab00000)
 ParOldGen       total 1398272K, used 31925K [0x0000000080000000, 0x00000000d5580000, 0x00000000d5580000)
  object space 1398272K, 2% used [0x0000000080000000,0x0000000081f2d780,0x00000000d5580000)
 Metaspace       used 57497K, capacity 58848K, committed 59028K, reserved 1101824K
  class space    used 6629K, capacity 6886K, committed 6912K, reserved 1048576K
}

