# JRE version: OpenJDK Runtime Environment (8.0_212-b04) (build 1.8.0_212-b04)
# Java VM: OpenJDK 64-Bit Server VM (25.212-b04 mixed mode linux-amd64 compressed oops)
Heap:
 PSYoungGen      total 611840K, used 176030K [0x00000000d5580000, 0x0000000100000000, 0x0000000100000000)
  eden space 524800K, 33% used [0x00000000d5580000,0x00000000e0167ab0,0x00000000f5600000)
  from space 87040K, 0% used [0x00000000fab00000,0x00000000fab00000,0x0000000100000000)
  to   space 87040K, 0% used [0x00000000f5600000,0x00000000f5600000,0x00000000fab00000)
 ParOldGen       total 1054208K, used 45639K [0x0000000080000000, 0x00000000c0580000, 0x00000000d5580000)
  object space 1054208K, 4% used [0x0000000080000000,0x0000000082c91dd8,0x00000000c0580000)
 Metaspace       used 62700K, capacity 65082K, committed 65408K, reserved 1107968K
  class space    used 7254K, capacity 7715K, committed 7808K, reserved 1048576K
GC Heap History (10 events):
Event: 2.217 GC heap before
{Heap before GC invocations=3 (full 1):
 PSYoungGen      total 611840K, used 6135K [0x00000000d5580000, 0x0000000100000000, 0x0000000100000000)
  eden space 524800K, 0% used [0x00000000d5580000,0x00000000d5580000,0x00000000f5600000)
  from space 87040K, 7% used [0x00000000fab00000,0x00000000fb0fdc88,0x0000000100000000)
  to   space 87040K, 0% used [0x00000000f5600000,0x00000000f5600000,0x00000000fab00000)
 ParOldGen       total 1398272K, used 88K [0x0000000080000000, 0x00000000d5580000, 0x00000000d5580000)
  object space 1398272K, 0% used [0x0000000080000000,0x0000000080016010,0x00000000d5580000)
 Metaspace       used 21223K, capacity 21470K, committed 21628K, reserved 1069056K
  class space    used 2405K, capacity 2516K, committed 2560K, reserved 1048576K
Event: 2.283 GC heap after
Heap after GC invocations=3 (full 1):
 PSYoungGen      total 611840K, used 0K [0x00000000d5580000, 0x0000000100000000, 0x0000000100000000)
  eden space 524800K, 0% used [0x00000000d5580000,0x00000000d5580000,0x00000000f5600000)
  from space 87040K, 0% used [0x00000000fab00000,0x00000000fab00000,0x0000000100000000)
  to   space 87040K, 0% used [0x00000000f5600000,0x00000000f5600000,0x00000000fab00000)
 ParOldGen       total 638464K, used 6106K [0x0000000080000000, 0x00000000a6f80000, 0x00000000d5580000)
  object space 638464K, 0% used [0x0000000080000000,0x00000000805f6a88,0x00000000a6f80000)
 Metaspace       used 21223K, capacity 21470K, committed 21628K, reserved 1069056K
  class space    used 2405K, capacity 2516K, committed 2560K, reserved 1048576K
}
Event: 4.712 GC heap before
{Heap before GC invocations=4 (full 1):
 PSYoungGen      total 611840K, used 411456K [0x00000000d5580000, 0x0000000100000000, 0x0000000100000000)
  eden space 524800K, 78% used [0x00000000d5580000,0x00000000ee750158,0x00000000f5600000)
  from space 87040K, 0% used [0x00000000fab00000,0x00000000fab00000,0x0000000100000000)
  to   space 87040K, 0% used [0x00000000f5600000,0x00000000f5600000,0x00000000fab00000)
 ParOldGen       total 638464K, used 6106K [0x0000000080000000, 0x00000000a6f80000, 0x00000000d5580000)
  object space 638464K, 0% used [0x0000000080000000,0x00000000805f6a88,0x00000000a6f80000)
 Metaspace       used 35384K, capacity 35794K, committed 36048K, reserved 1081344K
  class space    used 4023K, capacity 4167K, committed 4224K, reserved 1048576K
Event: 4.751 GC heap after
Heap after GC invocations=4 (full 1):
 PSYoungGen      total 611840K, used 18362K [0x00000000d5580000, 0x0000000100000000, 0x0000000100000000)
  eden space 524800K, 0% used [0x00000000d5580000,0x00000000d5580000,0x00000000f5600000)
  from space 87040K, 21% used [0x00000000f5600000,0x00000000f67ee830,0x00000000fab00000)
  to   space 87040K, 0% used [0x00000000fab00000,0x00000000fab00000,0x0000000100000000)
 ParOldGen       total 638464K, used 6114K [0x0000000080000000, 0x00000000a6f80000, 0x00000000d5580000)
  object space 638464K, 0% used [0x0000000080000000,0x00000000805f8a88,0x00000000a6f80000)
 Metaspace       used 35384K, capacity 35794K, committed 36048K, reserved 1081344K
  class space    used 4023K, capacity 4167K, committed 4224K, reserved 1048576K
}
Event: 4.751 GC heap before
{Heap before GC invocations=5 (full 2):
 PSYoungGen      total 611840K, used 18362K [0x00000000d5580000, 0x0000000100000000, 0x0000000100000000)
  eden space 524800K, 0% used [0x00000000d5580000,0x00000000d5580000,0x00000000f5600000)
  from space 87040K, 21% used [0x00000000f5600000,0x00000000f67ee830,0x00000000fab00000)
  to   space 87040K, 0% used [0x00000000fab00000,0x00000000fab00000,0x0000000100000000)
 ParOldGen       total 638464K, used 6114K [0x0000000080000000, 0x00000000a6f80000, 0x00000000d5580000)
  object space 638464K, 0% used [0x0000000080000000,0x00000000805f8a88,0x00000000a6f80000)
 Metaspace       used 35384K, capacity 35794K, committed 36048K, reserved 1081344K
  class space    used 4023K, capacity 4167K, committed 4224K, reserved 1048576K
Event: 4.863 GC heap after
Heap after GC invocations=5 (full 2):
 PSYoungGen      total 611840K, used 0K [0x00000000d5580000, 0x0000000100000000, 0x0000000100000000)
  eden space 524800K, 0% used [0x00000000d5580000,0x00000000d5580000,0x00000000f5600000)
  from space 87040K, 0% used [0x00000000f5600000,0x00000000f5600000,0x00000000fab00000)
  to   space 87040K, 0% used [0x00000000fab00000,0x00000000fab00000,0x0000000100000000)
 ParOldGen       total 849408K, used 22945K [0x0000000080000000, 0x00000000b3d80000, 0x00000000d5580000)
  object space 849408K, 2% used [0x0000000080000000,0x00000000816684d0,0x00000000b3d80000)
 Metaspace       used 35384K, capacity 35794K, committed 36048K, reserved 1081344K
  class space    used 4023K, capacity 4167K, committed 4224K, reserved 1048576K
}
Event: 12.080 GC heap before
{Heap before GC invocations=6 (full 2):
 PSYoungGen      total 611840K, used 503890K [0x00000000d5580000, 0x0000000100000000, 0x0000000100000000)
  eden space 524800K, 96% used [0x00000000d5580000,0x00000000f4194b50,0x00000000f5600000)
  from space 87040K, 0% used [0x00000000f5600000,0x00000000f5600000,0x00000000fab00000)
  to   space 87040K, 0% used [0x00000000fab00000,0x00000000fab00000,0x0000000100000000)
 ParOldGen       total 849408K, used 22945K [0x0000000080000000, 0x00000000b3d80000, 0x00000000d5580000)
  object space 849408K, 2% used [0x0000000080000000,0x00000000816684d0,0x00000000b3d80000)
 Metaspace       used 58332K, capacity 59978K, committed 60080K, reserved 1101824K
  class space    used 6759K, capacity 7087K, committed 7168K, reserved 1048576K
Event: 12.163 GC heap after
Heap after GC invocations=6 (full 2):
 PSYoungGen      total 611840K, used 35145K [0x00000000d5580000, 0x0000000100000000, 0x0000000100000000)
  eden space 524800K, 0% used [0x00000000d5580000,0x00000000d5580000,0x00000000f5600000)
  from space 87040K, 40% used [0x00000000fab00000,0x00000000fcd52408,0x0000000100000000)
  to   space 87040K, 0% used [0x00000000f5600000,0x00000000f5600000,0x00000000fab00000)
 ParOldGen       total 849408K, used 22953K [0x0000000080000000, 0x00000000b3d80000, 0x00000000d5580000)
  object space 849408K, 2% used [0x0000000080000000,0x000000008166a4d0,0x00000000b3d80000)
 Metaspace       used 58332K, capacity 59978K, committed 60080K, reserved 1101824K
  class space    used 6759K, capacity 7087K, committed 7168K, reserved 1048576K
}
Event: 12.163 GC heap before
{Heap before GC invocations=7 (full 3):
 PSYoungGen      total 611840K, used 35145K [0x00000000d5580000, 0x0000000100000000, 0x0000000100000000)
  eden space 524800K, 0% used [0x00000000d5580000,0x00000000d5580000,0x00000000f5600000)
  from space 87040K, 40% used [0x00000000fab00000,0x00000000fcd52408,0x0000000100000000)
  to   space 87040K, 0% used [0x00000000f5600000,0x00000000f5600000,0x00000000fab00000)
 ParOldGen       total 849408K, used 22953K [0x0000000080000000, 0x00000000b3d80000, 0x00000000d5580000)
  object space 849408K, 2% used [0x0000000080000000,0x000000008166a4d0,0x00000000b3d80000)
 Metaspace       used 58332K, capacity 59978K, committed 60080K, reserved 1101824K
  class space    used 6759K, capacity 7087K, committed 7168K, reserved 1048576K
Event: 12.450 GC heap after
Heap after GC invocations=7 (full 3):
 PSYoungGen      total 611840K, used 0K [0x00000000d5580000, 0x0000000100000000, 0x0000000100000000)
  eden space 524800K, 0% used [0x00000000d5580000,0x00000000d5580000,0x00000000f5600000)
  from space 87040K, 0% used [0x00000000fab00000,0x00000000fab00000,0x0000000100000000)
  to   space 87040K, 0% used [0x00000000f5600000,0x00000000f5600000,0x00000000fab00000)
 ParOldGen       total 1054208K, used 45639K [0x0000000080000000, 0x00000000c0580000, 0x00000000d5580000)
  object space 1054208K, 4% used [0x0000000080000000,0x0000000082c91dd8,0x00000000c0580000)
 Metaspace       used 58272K, capacity 59822K, committed 60080K, reserved 1101824K
  class space    used 6739K, capacity 7051K, committed 7168K, reserved 1048576K
}

