# JRE version: OpenJDK Runtime Environment (8.0_212-b04) (build 1.8.0_212-b04)
# Java VM: OpenJDK 64-Bit Server VM (25.212-b04 mixed mode linux-amd64 compressed oops)
Heap:
 PSYoungGen      total 487936K, used 374615K [0x00000000d5580000, 0x0000000100000000, 0x0000000100000000)
  eden space 431616K, 73% used [0x00000000d5580000,0x00000000e8c591b0,0x00000000efb00000)
  from space 56320K, 99% used [0x00000000f8d00000,0x00000000fc3fcce8,0x00000000fc400000)
  to   space 133632K, 0% used [0x00000000efb00000,0x00000000efb00000,0x00000000f7d80000)
 ParOldGen       total 1398272K, used 142629K [0x0000000080000000, 0x00000000d5580000, 0x00000000d5580000)
  object space 1398272K, 10% used [0x0000000080000000,0x0000000088b49698,0x00000000d5580000)
 Metaspace       used 70689K, capacity 74360K, committed 74624K, reserved 1116160K
  class space    used 7808K, capacity 8450K, committed 8576K, reserved 1048576K
GC Heap History (10 events):
Event: 19.617 GC heap before
{Heap before GC invocations=5 (full 2):
 PSYoungGen      total 611840K, used 524800K [0x00000000d5580000, 0x0000000100000000, 0x0000000100000000)
  eden space 524800K, 100% used [0x00000000d5580000,0x00000000f5600000,0x00000000f5600000)
  from space 87040K, 0% used [0x00000000fab00000,0x00000000fab00000,0x0000000100000000)
  to   space 87040K, 0% used [0x00000000f5600000,0x00000000f5600000,0x00000000fab00000)
 ParOldGen       total 1398272K, used 23600K [0x0000000080000000, 0x00000000d5580000, 0x00000000d5580000)
  object space 1398272K, 1% used [0x0000000080000000,0x000000008170c2f0,0x00000000d5580000)
 Metaspace       used 56242K, capacity 57638K, committed 57856K, reserved 1099776K
  class space    used 6515K, capacity 6813K, committed 6912K, reserved 1048576K
Event: 19.697 GC heap after
Heap after GC invocations=5 (full 2):
 PSYoungGen      total 611840K, used 32414K [0x00000000d5580000, 0x0000000100000000, 0x0000000100000000)
  eden space 524800K, 0% used [0x00000000d5580000,0x00000000d5580000,0x00000000f5600000)
  from space 87040K, 37% used [0x00000000f5600000,0x00000000f75a7bd8,0x00000000fab00000)
  to   space 87040K, 0% used [0x00000000fab00000,0x00000000fab00000,0x0000000100000000)
 ParOldGen       total 1398272K, used 23608K [0x0000000080000000, 0x00000000d5580000, 0x00000000d5580000)
  object space 1398272K, 1% used [0x0000000080000000,0x000000008170e2f0,0x00000000d5580000)
 Metaspace       used 56242K, capacity 57638K, committed 57856K, reserved 1099776K
  class space    used 6515K, capacity 6813K, committed 6912K, reserved 1048576K
}
Event: 19.887 GC heap before
{Heap before GC invocations=6 (full 2):
 PSYoungGen      total 611840K, used 72217K [0x00000000d5580000, 0x0000000100000000, 0x0000000100000000)
  eden space 524800K, 7% used [0x00000000d5580000,0x00000000d7c5ec08,0x00000000f5600000)
  from space 87040K, 37% used [0x00000000f5600000,0x00000000f75a7bd8,0x00000000fab00000)
  to   space 87040K, 0% used [0x00000000fab00000,0x00000000fab00000,0x0000000100000000)
 ParOldGen       total 1398272K, used 23608K [0x0000000080000000, 0x00000000d5580000, 0x00000000d5580000)
  object space 1398272K, 1% used [0x0000000080000000,0x000000008170e2f0,0x00000000d5580000)
 Metaspace       used 57405K, capacity 58880K, committed 59008K, reserved 1101824K
  class space    used 6654K, capacity 6968K, committed 7040K, reserved 1048576K
Event: 19.911 GC heap after
Heap after GC invocations=6 (full 2):
 PSYoungGen      total 611840K, used 14174K [0x00000000d5580000, 0x0000000100000000, 0x0000000100000000)
  eden space 524800K, 0% used [0x00000000d5580000,0x00000000d5580000,0x00000000f5600000)
  from space 87040K, 16% used [0x00000000fab00000,0x00000000fb8d7980,0x0000000100000000)
  to   space 87040K, 0% used [0x00000000f5600000,0x00000000f5600000,0x00000000fab00000)
 ParOldGen       total 1398272K, used 23608K [0x0000000080000000, 0x00000000d5580000, 0x00000000d5580000)
  object space 1398272K, 1% used [0x0000000080000000,0x000000008170e2f0,0x00000000d5580000)
 Metaspace       used 57405K, capacity 58880K, committed 59008K, reserved 1101824K
  class space    used 6654K, capacity 6968K, committed 7040K, reserved 1048576K
}
Event: 19.911 GC heap before
{Heap before GC invocations=7 (full 3):
 PSYoungGen      total 611840K, used 14174K [0x00000000d5580000, 0x0000000100000000, 0x0000000100000000)
  eden space 524800K, 0% used [0x00000000d5580000,0x00000000d5580000,0x00000000f5600000)
  from space 87040K, 16% used [0x00000000fab00000,0x00000000fb8d7980,0x0000000100000000)
  to   space 87040K, 0% used [0x00000000f5600000,0x00000000f5600000,0x00000000fab00000)
 ParOldGen       total 1398272K, used 23608K [0x0000000080000000, 0x00000000d5580000, 0x00000000d5580000)
  object space 1398272K, 1% used [0x0000000080000000,0x000000008170e2f0,0x00000000d5580000)
 Metaspace       used 57405K, capacity 58880K, committed 59008K, reserved 1101824K
  class space    used 6654K, capacity 6968K, committed 7040K, reserved 1048576K
Event: 20.137 GC heap after
Heap after GC invocations=7 (full 3):
 PSYoungGen      total 611840K, used 0K [0x00000000d5580000, 0x0000000100000000, 0x0000000100000000)
  eden space 524800K, 0% used [0x00000000d5580000,0x00000000d5580000,0x00000000f5600000)
  from space 87040K, 0% used [0x00000000fab00000,0x00000000fab00000,0x0000000100000000)
  to   space 87040K, 0% used [0x00000000f5600000,0x00000000f5600000,0x00000000fab00000)
 ParOldGen       total 1398272K, used 26044K [0x0000000080000000, 0x00000000d5580000, 0x00000000d5580000)
  object space 1398272K, 1% used [0x0000000080000000,0x000000008196f2b8,0x00000000d5580000)
 Metaspace       used 57314K, capacity 58656K, committed 59008K, reserved 1101824K
  class space    used 6621K, capacity 6912K, committed 7040K, reserved 1048576K
}
Event: 98.369 GC heap before
{Heap before GC invocations=8 (full 3):
 PSYoungGen      total 611840K, used 524800K [0x00000000d5580000, 0x0000000100000000, 0x0000000100000000)
  eden space 524800K, 100% used [0x00000000d5580000,0x00000000f5600000,0x00000000f5600000)
  from space 87040K, 0% used [0x00000000fab00000,0x00000000fab00000,0x0000000100000000)
  to   space 87040K, 0% used [0x00000000f5600000,0x00000000f5600000,0x00000000fab00000)
 ParOldGen       total 1398272K, used 26044K [0x0000000080000000, 0x00000000d5580000, 0x00000000d5580000)
  object space 1398272K, 1% used [0x0000000080000000,0x000000008196f2b8,0x00000000d5580000)
 Metaspace       used 66978K, capacity 70052K, committed 70144K, reserved 1112064K
  class space    used 7629K, capacity 8172K, committed 8192K, reserved 1048576K
Event: 98.523 GC heap after
Heap after GC invocations=8 (full 3):
 PSYoungGen      total 581120K, used 56193K [0x00000000d5580000, 0x00000000fc400000, 0x0000000100000000)
  eden space 524800K, 0% used [0x00000000d5580000,0x00000000d5580000,0x00000000f5600000)
  from space 56320K, 99% used [0x00000000f5600000,0x00000000f8ce0588,0x00000000f8d00000)
  to   space 56320K, 0% used [0x00000000f8d00000,0x00000000f8d00000,0x00000000fc400000)
 ParOldGen       total 1398272K, used 26052K [0x0000000080000000, 0x00000000d5580000, 0x00000000d5580000)
  object space 1398272K, 1% used [0x0000000080000000,0x00000000819712b8,0x00000000d5580000)
 Metaspace       used 66978K, capacity 70052K, committed 70144K, reserved 1112064K
  class space    used 7629K, capacity 8172K, committed 8192K, reserved 1048576K
}
Event: 507.285 GC heap before
{Heap before GC invocations=9 (full 3):
 PSYoungGen      total 581120K, used 580993K [0x00000000d5580000, 0x00000000fc400000, 0x0000000100000000)
  eden space 524800K, 100% used [0x00000000d5580000,0x00000000f5600000,0x00000000f5600000)
  from space 56320K, 99% used [0x00000000f5600000,0x00000000f8ce0588,0x00000000f8d00000)
  to   space 56320K, 0% used [0x00000000f8d00000,0x00000000f8d00000,0x00000000fc400000)
 ParOldGen       total 1398272K, used 26052K [0x0000000080000000, 0x00000000d5580000, 0x00000000d5580000)
  object space 1398272K, 1% used [0x0000000080000000,0x00000000819712b8,0x00000000d5580000)
 Metaspace       used 69863K, capacity 73358K, committed 73472K, reserved 1114112K
  class space    used 7771K, capacity 8391K, committed 8448K, reserved 1048576K
Event: 507.627 GC heap after
Heap after GC invocations=9 (full 3):
 PSYoungGen      total 487936K, used 56307K [0x00000000d5580000, 0x0000000100000000, 0x0000000100000000)
  eden space 431616K, 0% used [0x00000000d5580000,0x00000000d5580000,0x00000000efb00000)
  from space 56320K, 99% used [0x00000000f8d00000,0x00000000fc3fcce8,0x00000000fc400000)
  to   space 133632K, 0% used [0x00000000efb00000,0x00000000efb00000,0x00000000f7d80000)
 ParOldGen       total 1398272K, used 142629K [0x0000000080000000, 0x00000000d5580000, 0x00000000d5580000)
  object space 1398272K, 10% used [0x0000000080000000,0x0000000088b49698,0x00000000d5580000)
 Metaspace       used 69863K, capacity 73358K, committed 73472K, reserved 1114112K
  class space    used 7771K, capacity 8391K, committed 8448K, reserved 1048576K
}

