# JRE version: OpenJDK Runtime Environment (8.0_212-b04) (build 1.8.0_212-b04)
# Java VM: OpenJDK 64-Bit Server VM (25.212-b04 mixed mode linux-amd64 compressed oops)
Heap:
 PSYoungGen      total 573952K, used 330778K [0x00000000d5580000, 0x0000000100000000, 0x0000000100000000)
  eden space 500224K, 51% used [0x00000000d5580000,0x00000000e508b2b0,0x00000000f3e00000)
  from space 73728K, 99% used [0x00000000fab00000,0x00000000ff2fb8c8,0x00000000ff300000)
  to   space 99328K, 0% used [0x00000000f3e00000,0x00000000f3e00000,0x00000000f9f00000)
 ParOldGen       total 1398272K, used 48247K [0x0000000080000000, 0x00000000d5580000, 0x00000000d5580000)
  object space 1398272K, 3% used [0x0000000080000000,0x0000000082f1df88,0x00000000d5580000)
 Metaspace       used 68759K, capacity 71828K, committed 71936K, reserved 1114112K
  class space    used 7631K, capacity 8192K, committed 8192K, reserved 1048576K
GC Heap History (10 events):
Event: 14.601 GC heap before
{Heap before GC invocations=5 (full 2):
 PSYoungGen      total 611840K, used 524800K [0x00000000d5580000, 0x0000000100000000, 0x0000000100000000)
  eden space 524800K, 100% used [0x00000000d5580000,0x00000000f5600000,0x00000000f5600000)
  from space 87040K, 0% used [0x00000000fab00000,0x00000000fab00000,0x0000000100000000)
  to   space 87040K, 0% used [0x00000000f5600000,0x00000000f5600000,0x00000000fab00000)
 ParOldGen       total 1398272K, used 23597K [0x0000000080000000, 0x00000000d5580000, 0x00000000d5580000)
  object space 1398272K, 1% used [0x0000000080000000,0x000000008170b740,0x00000000d5580000)
 Metaspace       used 53136K, capacity 54442K, committed 54656K, reserved 1097728K
  class space    used 6214K, capacity 6449K, committed 6528K, reserved 1048576K
Event: 14.675 GC heap after
Heap after GC invocations=5 (full 2):
 PSYoungGen      total 611840K, used 27204K [0x00000000d5580000, 0x0000000100000000, 0x0000000100000000)
  eden space 524800K, 0% used [0x00000000d5580000,0x00000000d5580000,0x00000000f5600000)
  from space 87040K, 31% used [0x00000000f5600000,0x00000000f7091240,0x00000000fab00000)
  to   space 87040K, 0% used [0x00000000fab00000,0x00000000fab00000,0x0000000100000000)
 ParOldGen       total 1398272K, used 23605K [0x0000000080000000, 0x00000000d5580000, 0x00000000d5580000)
  object space 1398272K, 1% used [0x0000000080000000,0x000000008170d740,0x00000000d5580000)
 Metaspace       used 53136K, capacity 54442K, committed 54656K, reserved 1097728K
  class space    used 6214K, capacity 6449K, committed 6528K, reserved 1048576K
}
Event: 15.368 GC heap before
{Heap before GC invocations=6 (full 2):
 PSYoungGen      total 611840K, used 124486K [0x00000000d5580000, 0x0000000100000000, 0x0000000100000000)
  eden space 524800K, 18% used [0x00000000d5580000,0x00000000db4808e8,0x00000000f5600000)
  from space 87040K, 31% used [0x00000000f5600000,0x00000000f7091240,0x00000000fab00000)
  to   space 87040K, 0% used [0x00000000fab00000,0x00000000fab00000,0x0000000100000000)
 ParOldGen       total 1398272K, used 23605K [0x0000000080000000, 0x00000000d5580000, 0x00000000d5580000)
  object space 1398272K, 1% used [0x0000000080000000,0x000000008170d740,0x00000000d5580000)
 Metaspace       used 57344K, capacity 58912K, committed 59008K, reserved 1101824K
  class space    used 6649K, capacity 6974K, committed 7040K, reserved 1048576K
Event: 15.401 GC heap after
Heap after GC invocations=6 (full 2):
 PSYoungGen      total 611840K, used 17144K [0x00000000d5580000, 0x0000000100000000, 0x0000000100000000)
  eden space 524800K, 0% used [0x00000000d5580000,0x00000000d5580000,0x00000000f5600000)
  from space 87040K, 19% used [0x00000000fab00000,0x00000000fbbbe060,0x0000000100000000)
  to   space 87040K, 0% used [0x00000000f5600000,0x00000000f5600000,0x00000000fab00000)
 ParOldGen       total 1398272K, used 23613K [0x0000000080000000, 0x00000000d5580000, 0x00000000d5580000)
  object space 1398272K, 1% used [0x0000000080000000,0x000000008170f740,0x00000000d5580000)
 Metaspace       used 57344K, capacity 58912K, committed 59008K, reserved 1101824K
  class space    used 6649K, capacity 6974K, committed 7040K, reserved 1048576K
}
Event: 15.402 GC heap before
{Heap before GC invocations=7 (full 3):
 PSYoungGen      total 611840K, used 17144K [0x00000000d5580000, 0x0000000100000000, 0x0000000100000000)
  eden space 524800K, 0% used [0x00000000d5580000,0x00000000d5580000,0x00000000f5600000)
  from space 87040K, 19% used [0x00000000fab00000,0x00000000fbbbe060,0x0000000100000000)
  to   space 87040K, 0% used [0x00000000f5600000,0x00000000f5600000,0x00000000fab00000)
 ParOldGen       total 1398272K, used 23613K [0x0000000080000000, 0x00000000d5580000, 0x00000000d5580000)
  object space 1398272K, 1% used [0x0000000080000000,0x000000008170f740,0x00000000d5580000)
 Metaspace       used 57344K, capacity 58912K, committed 59008K, reserved 1101824K
  class space    used 6649K, capacity 6974K, committed 7040K, reserved 1048576K
Event: 15.640 GC heap after
Heap after GC invocations=7 (full 3):
 PSYoungGen      total 611840K, used 0K [0x00000000d5580000, 0x0000000100000000, 0x0000000100000000)
  eden space 524800K, 0% used [0x00000000d5580000,0x00000000d5580000,0x00000000f5600000)
  from space 87040K, 0% used [0x00000000fab00000,0x00000000fab00000,0x0000000100000000)
  to   space 87040K, 0% used [0x00000000f5600000,0x00000000f5600000,0x00000000fab00000)
 ParOldGen       total 1398272K, used 28815K [0x0000000080000000, 0x00000000d5580000, 0x00000000d5580000)
  object space 1398272K, 2% used [0x0000000080000000,0x0000000081c23de8,0x00000000d5580000)
 Metaspace       used 57261K, capacity 58682K, committed 59008K, reserved 1101824K
  class space    used 6620K, capacity 6923K, committed 7040K, reserved 1048576K
}
Event: 54.312 GC heap before
{Heap before GC invocations=8 (full 3):
 PSYoungGen      total 611840K, used 524800K [0x00000000d5580000, 0x0000000100000000, 0x0000000100000000)
  eden space 524800K, 100% used [0x00000000d5580000,0x00000000f5600000,0x00000000f5600000)
  from space 87040K, 0% used [0x00000000fab00000,0x00000000fab00000,0x0000000100000000)
  to   space 87040K, 0% used [0x00000000f5600000,0x00000000f5600000,0x00000000fab00000)
 ParOldGen       total 1398272K, used 28821K [0x0000000080000000, 0x00000000d5580000, 0x00000000d5580000)
  object space 1398272K, 2% used [0x0000000080000000,0x0000000081c25588,0x00000000d5580000)
 Metaspace       used 66284K, capacity 69048K, committed 69248K, reserved 1110016K
  class space    used 7529K, capacity 8020K, committed 8064K, reserved 1048576K
Event: 54.501 GC heap after
Heap after GC invocations=8 (full 3):
 PSYoungGen      total 611840K, used 87012K [0x00000000d5580000, 0x00000000ff300000, 0x0000000100000000)
  eden space 524800K, 0% used [0x00000000d5580000,0x00000000d5580000,0x00000000f5600000)
  from space 87040K, 99% used [0x00000000f5600000,0x00000000faaf9240,0x00000000fab00000)
  to   space 73728K, 0% used [0x00000000fab00000,0x00000000fab00000,0x00000000ff300000)
 ParOldGen       total 1398272K, used 40039K [0x0000000080000000, 0x00000000d5580000, 0x00000000d5580000)
  object space 1398272K, 2% used [0x0000000080000000,0x0000000082719e68,0x00000000d5580000)
 Metaspace       used 66284K, capacity 69048K, committed 69248K, reserved 1110016K
  class space    used 7529K, capacity 8020K, committed 8064K, reserved 1048576K
}
Event: 109.397 GC heap before
{Heap before GC invocations=9 (full 3):
 PSYoungGen      total 611840K, used 611812K [0x00000000d5580000, 0x00000000ff300000, 0x0000000100000000)
  eden space 524800K, 100% used [0x00000000d5580000,0x00000000f5600000,0x00000000f5600000)
  from space 87040K, 99% used [0x00000000f5600000,0x00000000faaf9240,0x00000000fab00000)
  to   space 73728K, 0% used [0x00000000fab00000,0x00000000fab00000,0x00000000ff300000)
 ParOldGen       total 1398272K, used 40039K [0x0000000080000000, 0x00000000d5580000, 0x00000000d5580000)
  object space 1398272K, 2% used [0x0000000080000000,0x0000000082719e68,0x00000000d5580000)
 Metaspace       used 68298K, capacity 71232K, committed 71424K, reserved 1112064K
  class space    used 7624K, capacity 8180K, committed 8192K, reserved 1048576K
Event: 109.558 GC heap after
Heap after GC invocations=9 (full 3):
 PSYoungGen      total 573952K, used 73710K [0x00000000d5580000, 0x0000000100000000, 0x0000000100000000)
  eden space 500224K, 0% used [0x00000000d5580000,0x00000000d5580000,0x00000000f3e00000)
  from space 73728K, 99% used [0x00000000fab00000,0x00000000ff2fb8c8,0x00000000ff300000)
  to   space 99328K, 0% used [0x00000000f3e00000,0x00000000f3e00000,0x00000000f9f00000)
 ParOldGen       total 1398272K, used 48247K [0x0000000080000000, 0x00000000d5580000, 0x00000000d5580000)
  object space 1398272K, 3% used [0x0000000080000000,0x0000000082f1df88,0x00000000d5580000)
 Metaspace       used 68298K, capacity 71232K, committed 71424K, reserved 1112064K
  class space    used 7624K, capacity 8180K, committed 8192K, reserved 1048576K
}

