# JRE version: OpenJDK Runtime Environment (8.0_212-b04) (build 1.8.0_212-b04)
# Java VM: OpenJDK 64-Bit Server VM (25.212-b04 mixed mode linux-amd64 compressed oops)
Heap:
 PSYoungGen      total 611840K, used 362079K [0x00000000d5580000, 0x0000000100000000, 0x0000000100000000)
  eden space 524800K, 68% used [0x00000000d5580000,0x00000000eb717fa8,0x00000000f5600000)
  from space 87040K, 0% used [0x00000000fab00000,0x00000000fab00000,0x0000000100000000)
  to   space 87040K, 0% used [0x00000000f5600000,0x00000000f5600000,0x00000000fab00000)
 ParOldGen       total 1398272K, used 28812K [0x0000000080000000, 0x00000000d5580000, 0x00000000d5580000)
  object space 1398272K, 2% used [0x0000000080000000,0x0000000081c23040,0x00000000d5580000)
 Metaspace       used 63710K, capacity 66226K, committed 66432K, reserved 1107968K
  class space    used 7321K, capacity 7771K, committed 7808K, reserved 1048576K
GC Heap History (10 events):
Event: 6.909 GC heap before
{Heap before GC invocations=3 (full 1):
 PSYoungGen      total 611840K, used 478886K [0x00000000d5580000, 0x0000000100000000, 0x0000000100000000)
  eden space 524800K, 91% used [0x00000000d5580000,0x00000000f2929868,0x00000000f5600000)
  from space 87040K, 0% used [0x00000000f5600000,0x00000000f5600000,0x00000000fab00000)
  to   space 87040K, 0% used [0x00000000fab00000,0x00000000fab00000,0x0000000100000000)
 ParOldGen       total 873472K, used 13748K [0x0000000080000000, 0x00000000b5500000, 0x00000000d5580000)
  object space 873472K, 1% used [0x0000000080000000,0x0000000080d6d3b8,0x00000000b5500000)
 Metaspace       used 34730K, capacity 35118K, committed 35416K, reserved 1081344K
  class space    used 3972K, capacity 4091K, committed 4096K, reserved 1048576K
Event: 6.941 GC heap after
Heap after GC invocations=3 (full 1):
 PSYoungGen      total 611840K, used 19199K [0x00000000d5580000, 0x0000000100000000, 0x0000000100000000)
  eden space 524800K, 0% used [0x00000000d5580000,0x00000000d5580000,0x00000000f5600000)
  from space 87040K, 22% used [0x00000000fab00000,0x00000000fbdbfcc8,0x0000000100000000)
  to   space 87040K, 0% used [0x00000000f5600000,0x00000000f5600000,0x00000000fab00000)
 ParOldGen       total 873472K, used 13748K [0x0000000080000000, 0x00000000b5500000, 0x00000000d5580000)
  object space 873472K, 1% used [0x0000000080000000,0x0000000080d6d3b8,0x00000000b5500000)
 Metaspace       used 34730K, capacity 35118K, committed 35416K, reserved 1081344K
  class space    used 3972K, capacity 4091K, committed 4096K, reserved 1048576K
}
Event: 6.941 GC heap before
{Heap before GC invocations=4 (full 2):
 PSYoungGen      total 611840K, used 19199K [0x00000000d5580000, 0x0000000100000000, 0x0000000100000000)
  eden space 524800K, 0% used [0x00000000d5580000,0x00000000d5580000,0x00000000f5600000)
  from space 87040K, 22% used [0x00000000fab00000,0x00000000fbdbfcc8,0x0000000100000000)
  to   space 87040K, 0% used [0x00000000f5600000,0x00000000f5600000,0x00000000fab00000)
 ParOldGen       total 873472K, used 13748K [0x0000000080000000, 0x00000000b5500000, 0x00000000d5580000)
  object space 873472K, 1% used [0x0000000080000000,0x0000000080d6d3b8,0x00000000b5500000)
 Metaspace       used 34730K, capacity 35118K, committed 35416K, reserved 1081344K
  class space    used 3972K, capacity 4091K, committed 4096K, reserved 1048576K
Event: 7.049 GC heap after
Heap after GC invocations=4 (full 2):
 PSYoungGen      total 611840K, used 0K [0x00000000d5580000, 0x0000000100000000, 0x0000000100000000)
  eden space 524800K, 0% used [0x00000000d5580000,0x00000000d5580000,0x00000000f5600000)
  from space 87040K, 0% used [0x00000000fab00000,0x00000000fab00000,0x0000000100000000)
  to   space 87040K, 0% used [0x00000000f5600000,0x00000000f5600000,0x00000000fab00000)
 ParOldGen       total 1398272K, used 23565K [0x0000000080000000, 0x00000000d5580000, 0x00000000d5580000)
  object space 1398272K, 1% used [0x0000000080000000,0x0000000081703690,0x00000000d5580000)
 Metaspace       used 34730K, capacity 35118K, committed 35416K, reserved 1081344K
  class space    used 3972K, capacity 4091K, committed 4096K, reserved 1048576K
}
Event: 14.924 GC heap before
{Heap before GC invocations=5 (full 2):
 PSYoungGen      total 611840K, used 524800K [0x00000000d5580000, 0x0000000100000000, 0x0000000100000000)
  eden space 524800K, 100% used [0x00000000d5580000,0x00000000f5600000,0x00000000f5600000)
  from space 87040K, 0% used [0x00000000fab00000,0x00000000fab00000,0x0000000100000000)
  to   space 87040K, 0% used [0x00000000f5600000,0x00000000f5600000,0x00000000fab00000)
 ParOldGen       total 1398272K, used 23565K [0x0000000080000000, 0x00000000d5580000, 0x00000000d5580000)
  object space 1398272K, 1% used [0x0000000080000000,0x0000000081703690,0x00000000d5580000)
 Metaspace       used 53515K, capacity 55082K, committed 55296K, reserved 1097728K
  class space    used 6290K, capacity 6619K, committed 6656K, reserved 1048576K
Event: 14.980 GC heap after
Heap after GC invocations=5 (full 2):
 PSYoungGen      total 611840K, used 27856K [0x00000000d5580000, 0x0000000100000000, 0x0000000100000000)
  eden space 524800K, 0% used [0x00000000d5580000,0x00000000d5580000,0x00000000f5600000)
  from space 87040K, 32% used [0x00000000f5600000,0x00000000f71341e8,0x00000000fab00000)
  to   space 87040K, 0% used [0x00000000fab00000,0x00000000fab00000,0x0000000100000000)
 ParOldGen       total 1398272K, used 23573K [0x0000000080000000, 0x00000000d5580000, 0x00000000d5580000)
  object space 1398272K, 1% used [0x0000000080000000,0x0000000081705690,0x00000000d5580000)
 Metaspace       used 53515K, capacity 55082K, committed 55296K, reserved 1097728K
  class space    used 6290K, capacity 6619K, committed 6656K, reserved 1048576K
}
Event: 15.633 GC heap before
{Heap before GC invocations=6 (full 2):
 PSYoungGen      total 611840K, used 137170K [0x00000000d5580000, 0x0000000100000000, 0x0000000100000000)
  eden space 524800K, 20% used [0x00000000d5580000,0x00000000dc0408c8,0x00000000f5600000)
  from space 87040K, 32% used [0x00000000f5600000,0x00000000f71341e8,0x00000000fab00000)
  to   space 87040K, 0% used [0x00000000fab00000,0x00000000fab00000,0x0000000100000000)
 ParOldGen       total 1398272K, used 23573K [0x0000000080000000, 0x00000000d5580000, 0x00000000d5580000)
  object space 1398272K, 1% used [0x0000000080000000,0x0000000081705690,0x00000000d5580000)
 Metaspace       used 57183K, capacity 58764K, committed 59008K, reserved 1101824K
  class space    used 6632K, capacity 6946K, committed 7040K, reserved 1048576K
Event: 15.668 GC heap after
Heap after GC invocations=6 (full 2):
 PSYoungGen      total 611840K, used 17201K [0x00000000d5580000, 0x0000000100000000, 0x0000000100000000)
  eden space 524800K, 0% used [0x00000000d5580000,0x00000000d5580000,0x00000000f5600000)
  from space 87040K, 19% used [0x00000000fab00000,0x00000000fbbcc6d8,0x0000000100000000)
  to   space 87040K, 0% used [0x00000000f5600000,0x00000000f5600000,0x00000000fab00000)
 ParOldGen       total 1398272K, used 23581K [0x0000000080000000, 0x00000000d5580000, 0x00000000d5580000)
  object space 1398272K, 1% used [0x0000000080000000,0x0000000081707690,0x00000000d5580000)
 Metaspace       used 57183K, capacity 58764K, committed 59008K, reserved 1101824K
  class space    used 6632K, capacity 6946K, committed 7040K, reserved 1048576K
}
Event: 15.668 GC heap before
{Heap before GC invocations=7 (full 3):
 PSYoungGen      total 611840K, used 17201K [0x00000000d5580000, 0x0000000100000000, 0x0000000100000000)
  eden space 524800K, 0% used [0x00000000d5580000,0x00000000d5580000,0x00000000f5600000)
  from space 87040K, 19% used [0x00000000fab00000,0x00000000fbbcc6d8,0x0000000100000000)
  to   space 87040K, 0% used [0x00000000f5600000,0x00000000f5600000,0x00000000fab00000)
 ParOldGen       total 1398272K, used 23581K [0x0000000080000000, 0x00000000d5580000, 0x00000000d5580000)
  object space 1398272K, 1% used [0x0000000080000000,0x0000000081707690,0x00000000d5580000)
 Metaspace       used 57183K, capacity 58764K, committed 59008K, reserved 1101824K
  class space    used 6632K, capacity 6946K, committed 7040K, reserved 1048576K
Event: 15.960 GC heap after
Heap after GC invocations=7 (full 3):
 PSYoungGen      total 611840K, used 0K [0x00000000d5580000, 0x0000000100000000, 0x0000000100000000)
  eden space 524800K, 0% used [0x00000000d5580000,0x00000000d5580000,0x00000000f5600000)
  from space 87040K, 0% used [0x00000000fab00000,0x00000000fab00000,0x0000000100000000)
  to   space 87040K, 0% used [0x00000000f5600000,0x00000000f5600000,0x00000000fab00000)
 ParOldGen       total 1398272K, used 28812K [0x0000000080000000, 0x00000000d5580000, 0x00000000d5580000)
  object space 1398272K, 2% used [0x0000000080000000,0x0000000081c23040,0x00000000d5580000)
 Metaspace       used 57095K, capacity 58540K, committed 59008K, reserved 1101824K
  class space    used 6600K, capacity 6892K, committed 7040K, reserved 1048576K
}

