# JRE version: OpenJDK Runtime Environment (8.0_212-b04) (build 1.8.0_212-b04)
# Java VM: OpenJDK 64-Bit Server VM (25.212-b04 mixed mode linux-amd64 compressed oops)
Heap:
 PSYoungGen      total 587264K, used 424377K [0x00000000d5580000, 0x00000000fc600000, 0x0000000100000000)
  eden space 524800K, 69% used [0x00000000d5580000,0x00000000eb762dd8,0x00000000f5600000)
  from space 62464K, 99% used [0x00000000f5600000,0x00000000f928b9a0,0x00000000f9300000)
  to   space 52224K, 0% used [0x00000000f9300000,0x00000000f9300000,0x00000000fc600000)
 ParOldGen       total 1398272K, used 27342K [0x0000000080000000, 0x00000000d5580000, 0x00000000d5580000)
  object space 1398272K, 1% used [0x0000000080000000,0x0000000081ab38e8,0x00000000d5580000)
 Metaspace       used 71309K, capacity 74968K, committed 75136K, reserved 1116160K
  class space    used 7935K, capacity 8552K, committed 8576K, reserved 1048576K
GC Heap History (10 events):
Event: 5.985 GC heap before
{Heap before GC invocations=4 (full 2):
 PSYoungGen      total 611840K, used 14283K [0x00000000d5580000, 0x0000000100000000, 0x0000000100000000)
  eden space 524800K, 0% used [0x00000000d5580000,0x00000000d5580000,0x00000000f5600000)
  from space 87040K, 16% used [0x00000000fab00000,0x00000000fb8f2c90,0x0000000100000000)
  to   space 87040K, 0% used [0x00000000f5600000,0x00000000f5600000,0x00000000fab00000)
 ParOldGen       total 891392K, used 18679K [0x0000000080000000, 0x00000000b6680000, 0x00000000d5580000)
  object space 891392K, 2% used [0x0000000080000000,0x000000008123de08,0x00000000b6680000)
 Metaspace       used 34787K, capacity 35154K, committed 35456K, reserved 1081344K
  class space    used 3971K, capacity 4101K, committed 4224K, reserved 1048576K
Event: 6.082 GC heap after
Heap after GC invocations=4 (full 2):
 PSYoungGen      total 611840K, used 0K [0x00000000d5580000, 0x0000000100000000, 0x0000000100000000)
  eden space 524800K, 0% used [0x00000000d5580000,0x00000000d5580000,0x00000000f5600000)
  from space 87040K, 0% used [0x00000000fab00000,0x00000000fab00000,0x0000000100000000)
  to   space 87040K, 0% used [0x00000000f5600000,0x00000000f5600000,0x00000000fab00000)
 ParOldGen       total 1398272K, used 22542K [0x0000000080000000, 0x00000000d5580000, 0x00000000d5580000)
  object space 1398272K, 1% used [0x0000000080000000,0x0000000081603978,0x00000000d5580000)
 Metaspace       used 34787K, capacity 35154K, committed 35456K, reserved 1081344K
  class space    used 3971K, capacity 4101K, committed 4224K, reserved 1048576K
}
Event: 11.890 GC heap before
{Heap before GC invocations=5 (full 2):
 PSYoungGen      total 611840K, used 524800K [0x00000000d5580000, 0x0000000100000000, 0x0000000100000000)
  eden space 524800K, 100% used [0x00000000d5580000,0x00000000f5600000,0x00000000f5600000)
  from space 87040K, 0% used [0x00000000fab00000,0x00000000fab00000,0x0000000100000000)
  to   space 87040K, 0% used [0x00000000f5600000,0x00000000f5600000,0x00000000fab00000)
 ParOldGen       total 1398272K, used 22542K [0x0000000080000000, 0x00000000d5580000, 0x00000000d5580000)
  object space 1398272K, 1% used [0x0000000080000000,0x0000000081603978,0x00000000d5580000)
 Metaspace       used 54928K, capacity 56400K, committed 56704K, reserved 1099776K
  class space    used 6442K, capacity 6722K, committed 6784K, reserved 1048576K
Event: 11.959 GC heap after
Heap after GC invocations=5 (full 2):
 PSYoungGen      total 611840K, used 28202K [0x00000000d5580000, 0x0000000100000000, 0x0000000100000000)
  eden space 524800K, 0% used [0x00000000d5580000,0x00000000d5580000,0x00000000f5600000)
  from space 87040K, 32% used [0x00000000f5600000,0x00000000f718a870,0x00000000fab00000)
  to   space 87040K, 0% used [0x00000000fab00000,0x00000000fab00000,0x0000000100000000)
 ParOldGen       total 1398272K, used 22550K [0x0000000080000000, 0x00000000d5580000, 0x00000000d5580000)
  object space 1398272K, 1% used [0x0000000080000000,0x0000000081605978,0x00000000d5580000)
 Metaspace       used 54928K, capacity 56400K, committed 56704K, reserved 1099776K
  class space    used 6442K, capacity 6722K, committed 6784K, reserved 1048576K
}
Event: 12.448 GC heap before
{Heap before GC invocations=6 (full 2):
 PSYoungGen      total 611840K, used 75573K [0x00000000d5580000, 0x0000000100000000, 0x0000000100000000)
  eden space 524800K, 9% used [0x00000000d5580000,0x00000000d83c2ea8,0x00000000f5600000)
  from space 87040K, 32% used [0x00000000f5600000,0x00000000f718a870,0x00000000fab00000)
  to   space 87040K, 0% used [0x00000000fab00000,0x00000000fab00000,0x0000000100000000)
 ParOldGen       total 1398272K, used 22550K [0x0000000080000000, 0x00000000d5580000, 0x00000000d5580000)
  object space 1398272K, 1% used [0x0000000080000000,0x0000000081605978,0x00000000d5580000)
 Metaspace       used 57590K, capacity 58984K, committed 59096K, reserved 1101824K
  class space    used 6703K, capacity 6984K, committed 7040K, reserved 1048576K
Event: 12.478 GC heap after
Heap after GC invocations=6 (full 2):
 PSYoungGen      total 611840K, used 14748K [0x00000000d5580000, 0x0000000100000000, 0x0000000100000000)
  eden space 524800K, 0% used [0x00000000d5580000,0x00000000d5580000,0x00000000f5600000)
  from space 87040K, 16% used [0x00000000fab00000,0x00000000fb9673d8,0x0000000100000000)
  to   space 87040K, 0% used [0x00000000f5600000,0x00000000f5600000,0x00000000fab00000)
 ParOldGen       total 1398272K, used 22558K [0x0000000080000000, 0x00000000d5580000, 0x00000000d5580000)
  object space 1398272K, 1% used [0x0000000080000000,0x0000000081607978,0x00000000d5580000)
 Metaspace       used 57590K, capacity 58984K, committed 59096K, reserved 1101824K
  class space    used 6703K, capacity 6984K, committed 7040K, reserved 1048576K
}
Event: 12.479 GC heap before
{Heap before GC invocations=7 (full 3):
 PSYoungGen      total 611840K, used 14748K [0x00000000d5580000, 0x0000000100000000, 0x0000000100000000)
  eden space 524800K, 0% used [0x00000000d5580000,0x00000000d5580000,0x00000000f5600000)
  from space 87040K, 16% used [0x00000000fab00000,0x00000000fb9673d8,0x0000000100000000)
  to   space 87040K, 0% used [0x00000000f5600000,0x00000000f5600000,0x00000000fab00000)
 ParOldGen       total 1398272K, used 22558K [0x0000000080000000, 0x00000000d5580000, 0x00000000d5580000)
  object space 1398272K, 1% used [0x0000000080000000,0x0000000081607978,0x00000000d5580000)
 Metaspace       used 57590K, capacity 58984K, committed 59096K, reserved 1101824K
  class space    used 6703K, capacity 6984K, committed 7040K, reserved 1048576K
Event: 12.751 GC heap after
Heap after GC invocations=7 (full 3):
 PSYoungGen      total 611840K, used 0K [0x00000000d5580000, 0x0000000100000000, 0x0000000100000000)
  eden space 524800K, 0% used [0x00000000d5580000,0x00000000d5580000,0x00000000f5600000)
  from space 87040K, 0% used [0x00000000fab00000,0x00000000fab00000,0x0000000100000000)
  to   space 87040K, 0% used [0x00000000f5600000,0x00000000f5600000,0x00000000fab00000)
 ParOldGen       total 1398272K, used 27334K [0x0000000080000000, 0x00000000d5580000, 0x00000000d5580000)
  object space 1398272K, 1% used [0x0000000080000000,0x0000000081ab18e8,0x00000000d5580000)
 Metaspace       used 57489K, capacity 58730K, committed 59096K, reserved 1101824K
  class space    used 6666K, capacity 6921K, committed 7040K, reserved 1048576K
}
Event: 22.230 GC heap before
{Heap before GC invocations=8 (full 3):
 PSYoungGen      total 611840K, used 524800K [0x00000000d5580000, 0x0000000100000000, 0x0000000100000000)
  eden space 524800K, 100% used [0x00000000d5580000,0x00000000f5600000,0x00000000f5600000)
  from space 87040K, 0% used [0x00000000fab00000,0x00000000fab00000,0x0000000100000000)
  to   space 87040K, 0% used [0x00000000f5600000,0x00000000f5600000,0x00000000fab00000)
 ParOldGen       total 1398272K, used 27334K [0x0000000080000000, 0x00000000d5580000, 0x00000000d5580000)
  object space 1398272K, 1% used [0x0000000080000000,0x0000000081ab18e8,0x00000000d5580000)
 Metaspace       used 68470K, capacity 71824K, committed 71936K, reserved 1112064K
  class space    used 7830K, capacity 8422K, committed 8448K, reserved 1048576K
Event: 22.322 GC heap after
Heap after GC invocations=8 (full 3):
 PSYoungGen      total 587264K, used 61998K [0x00000000d5580000, 0x00000000fc600000, 0x0000000100000000)
  eden space 524800K, 0% used [0x00000000d5580000,0x00000000d5580000,0x00000000f5600000)
  from space 62464K, 99% used [0x00000000f5600000,0x00000000f928b9a0,0x00000000f9300000)
  to   space 52224K, 0% used [0x00000000f9300000,0x00000000f9300000,0x00000000fc600000)
 ParOldGen       total 1398272K, used 27342K [0x0000000080000000, 0x00000000d5580000, 0x00000000d5580000)
  object space 1398272K, 1% used [0x0000000080000000,0x0000000081ab38e8,0x00000000d5580000)
 Metaspace       used 68470K, capacity 71824K, committed 71936K, reserved 1112064K
  class space    used 7830K, capacity 8422K, committed 8448K, reserved 1048576K
}

