# JRE version: OpenJDK Runtime Environment (8.0_212-b04) (build 1.8.0_212-b04)
# Java VM: OpenJDK 64-Bit Server VM (25.212-b04 mixed mode linux-amd64 compressed oops)
Heap:
 PSYoungGen      total 516608K, used 255873K [0x00000000d5580000, 0x00000000ffa80000, 0x0000000100000000)
  eden space 339456K, 44% used [0x00000000d5580000,0x00000000de878548,0x00000000ea100000)
  from space 177152K, 59% used [0x00000000f4d80000,0x00000000fb468000,0x00000000ffa80000)
  to   space 176640K, 0% used [0x00000000ea100000,0x00000000ea100000,0x00000000f4d80000)
 ParOldGen       total 1398272K, used 201512K [0x0000000080000000, 0x00000000d5580000, 0x00000000d5580000)
  object space 1398272K, 14% used [0x0000000080000000,0x000000008c4ca2f0,0x00000000d5580000)
 Metaspace       used 67763K, capacity 70340K, committed 70528K, reserved 1112064K
  class space    used 7278K, capacity 7732K, committed 7808K, reserved 1048576K
GC Heap History (10 events):
Event: 50.149 GC heap before
{Heap before GC invocations=11 (full 3):
 PSYoungGen      total 499712K, used 340614K [0x00000000d5580000, 0x0000000100000000, 0x0000000100000000)
  eden space 300544K, 99% used [0x00000000d5580000,0x00000000e7ad4150,0x00000000e7b00000)
  from space 199168K, 20% used [0x00000000e7b00000,0x00000000ea24d6f8,0x00000000f3d80000)
  to   space 190976K, 0% used [0x00000000f4580000,0x00000000f4580000,0x0000000100000000)
 ParOldGen       total 1398272K, used 195422K [0x0000000080000000, 0x00000000d5580000, 0x00000000d5580000)
  object space 1398272K, 13% used [0x0000000080000000,0x000000008bed7988,0x00000000d5580000)
 Metaspace       used 67527K, capacity 70076K, committed 70272K, reserved 1112064K
  class space    used 7274K, capacity 7730K, committed 7808K, reserved 1048576K
Event: 50.287 GC heap after
Heap after GC invocations=11 (full 3):
 PSYoungGen      total 476160K, used 88802K [0x00000000d5580000, 0x00000000fe900000, 0x0000000100000000)
  eden space 308736K, 0% used [0x00000000d5580000,0x00000000d5580000,0x00000000e8300000)
  from space 167424K, 53% used [0x00000000f4580000,0x00000000f9c388c8,0x00000000fe900000)
  to   space 183296K, 0% used [0x00000000e8300000,0x00000000e8300000,0x00000000f3600000)
 ParOldGen       total 1398272K, used 195430K [0x0000000080000000, 0x00000000d5580000, 0x00000000d5580000)
  object space 1398272K, 13% used [0x0000000080000000,0x000000008bed9988,0x00000000d5580000)
 Metaspace       used 67527K, capacity 70076K, committed 70272K, reserved 1112064K
  class space    used 7274K, capacity 7730K, committed 7808K, reserved 1048576K
}
Event: 52.899 GC heap before
{Heap before GC invocations=12 (full 3):
 PSYoungGen      total 476160K, used 397197K [0x00000000d5580000, 0x00000000fe900000, 0x0000000100000000)
  eden space 308736K, 99% used [0x00000000d5580000,0x00000000e82aac38,0x00000000e8300000)
  from space 167424K, 53% used [0x00000000f4580000,0x00000000f9c388c8,0x00000000fe900000)
  to   space 183296K, 0% used [0x00000000e8300000,0x00000000e8300000,0x00000000f3600000)
 ParOldGen       total 1398272K, used 195430K [0x0000000080000000, 0x00000000d5580000, 0x00000000d5580000)
  object space 1398272K, 13% used [0x0000000080000000,0x000000008bed9988,0x00000000d5580000)
 Metaspace       used 67560K, capacity 70076K, committed 70272K, reserved 1112064K
  class space    used 7275K, capacity 7730K, committed 7808K, reserved 1048576K
Event: 53.073 GC heap after
Heap after GC invocations=12 (full 3):
 PSYoungGen      total 492032K, used 99200K [0x00000000d5580000, 0x0000000100000000, 0x0000000100000000)
  eden space 308736K, 0% used [0x00000000d5580000,0x00000000d5580000,0x00000000e8300000)
  from space 183296K, 54% used [0x00000000e8300000,0x00000000ee3e0000,0x00000000f3600000)
  to   space 181248K, 0% used [0x00000000f4f00000,0x00000000f4f00000,0x0000000100000000)
 ParOldGen       total 1398272K, used 198988K [0x0000000080000000, 0x00000000d5580000, 0x00000000d5580000)
  object space 1398272K, 14% used [0x0000000080000000,0x000000008c2532b0,0x00000000d5580000)
 Metaspace       used 67560K, capacity 70076K, committed 70272K, reserved 1112064K
  class space    used 7275K, capacity 7730K, committed 7808K, reserved 1048576K
}
Event: 55.291 GC heap before
{Heap before GC invocations=13 (full 3):
 PSYoungGen      total 492032K, used 407936K [0x00000000d5580000, 0x0000000100000000, 0x0000000100000000)
  eden space 308736K, 100% used [0x00000000d5580000,0x00000000e8300000,0x00000000e8300000)
  from space 183296K, 54% used [0x00000000e8300000,0x00000000ee3e0000,0x00000000f3600000)
  to   space 181248K, 0% used [0x00000000f4f00000,0x00000000f4f00000,0x0000000100000000)
 ParOldGen       total 1398272K, used 198988K [0x0000000080000000, 0x00000000d5580000, 0x00000000d5580000)
  object space 1398272K, 14% used [0x0000000080000000,0x000000008c2532b0,0x00000000d5580000)
 Metaspace       used 67683K, capacity 70204K, committed 70528K, reserved 1112064K
  class space    used 7275K, capacity 7730K, committed 7808K, reserved 1048576K
Event: 55.421 GC heap after
Heap after GC invocations=13 (full 3):
 PSYoungGen      total 513536K, used 105632K [0x00000000d5580000, 0x00000000ffe00000, 0x0000000100000000)
  eden space 334336K, 0% used [0x00000000d5580000,0x00000000d5580000,0x00000000e9c00000)
  from space 179200K, 58% used [0x00000000f4f00000,0x00000000fb628010,0x00000000ffe00000)
  to   space 181248K, 0% used [0x00000000e9c00000,0x00000000e9c00000,0x00000000f4d00000)
 ParOldGen       total 1398272K, used 200368K [0x0000000080000000, 0x00000000d5580000, 0x00000000d5580000)
  object space 1398272K, 14% used [0x0000000080000000,0x000000008c3ac2c0,0x00000000d5580000)
 Metaspace       used 67683K, capacity 70204K, committed 70528K, reserved 1112064K
  class space    used 7275K, capacity 7730K, committed 7808K, reserved 1048576K
}
Event: 58.555 GC heap before
{Heap before GC invocations=14 (full 3):
 PSYoungGen      total 513536K, used 439138K [0x00000000d5580000, 0x00000000ffe00000, 0x0000000100000000)
  eden space 334336K, 99% used [0x00000000d5580000,0x00000000e9b30a78,0x00000000e9c00000)
  from space 179200K, 58% used [0x00000000f4f00000,0x00000000fb628010,0x00000000ffe00000)
  to   space 181248K, 0% used [0x00000000e9c00000,0x00000000e9c00000,0x00000000f4d00000)
 ParOldGen       total 1398272K, used 200368K [0x0000000080000000, 0x00000000d5580000, 0x00000000d5580000)
  object space 1398272K, 14% used [0x0000000080000000,0x000000008c3ac2c0,0x00000000d5580000)
 Metaspace       used 67698K, capacity 70204K, committed 70528K, reserved 1112064K
  class space    used 7275K, capacity 7730K, committed 7808K, reserved 1048576K
Event: 58.701 GC heap after
Heap after GC invocations=14 (full 3):
 PSYoungGen      total 515584K, used 98592K [0x00000000d5580000, 0x00000000ffb00000, 0x0000000100000000)
  eden space 334336K, 0% used [0x00000000d5580000,0x00000000d5580000,0x00000000e9c00000)
  from space 181248K, 54% used [0x00000000e9c00000,0x00000000efc48010,0x00000000f4d00000)
  to   space 177664K, 0% used [0x00000000f4d80000,0x00000000f4d80000,0x00000000ffb00000)
 ParOldGen       total 1398272K, used 200800K [0x0000000080000000, 0x00000000d5580000, 0x00000000d5580000)
  object space 1398272K, 14% used [0x0000000080000000,0x000000008c4182e0,0x00000000d5580000)
 Metaspace       used 67698K, capacity 70204K, committed 70528K, reserved 1112064K
  class space    used 7275K, capacity 7730K, committed 7808K, reserved 1048576K
}
Event: 61.394 GC heap before
{Heap before GC invocations=15 (full 3):
 PSYoungGen      total 515584K, used 432792K [0x00000000d5580000, 0x00000000ffb00000, 0x0000000100000000)
  eden space 334336K, 99% used [0x00000000d5580000,0x00000000e9bde1b8,0x00000000e9c00000)
  from space 181248K, 54% used [0x00000000e9c00000,0x00000000efc48010,0x00000000f4d00000)
  to   space 177664K, 0% used [0x00000000f4d80000,0x00000000f4d80000,0x00000000ffb00000)
 ParOldGen       total 1398272K, used 200800K [0x0000000080000000, 0x00000000d5580000, 0x00000000d5580000)
  object space 1398272K, 14% used [0x0000000080000000,0x000000008c4182e0,0x00000000d5580000)
 Metaspace       used 67710K, capacity 70204K, committed 70528K, reserved 1112064K
  class space    used 7275K, capacity 7730K, committed 7808K, reserved 1048576K
Event: 61.544 GC heap after
Heap after GC invocations=15 (full 3):
 PSYoungGen      total 516608K, used 105376K [0x00000000d5580000, 0x00000000ffa80000, 0x0000000100000000)
  eden space 339456K, 0% used [0x00000000d5580000,0x00000000d5580000,0x00000000ea100000)
  from space 177152K, 59% used [0x00000000f4d80000,0x00000000fb468000,0x00000000ffa80000)
  to   space 176640K, 0% used [0x00000000ea100000,0x00000000ea100000,0x00000000f4d80000)
 ParOldGen       total 1398272K, used 201512K [0x0000000080000000, 0x00000000d5580000, 0x00000000d5580000)
  object space 1398272K, 14% used [0x0000000080000000,0x000000008c4ca2f0,0x00000000d5580000)
 Metaspace       used 67710K, capacity 70204K, committed 70528K, reserved 1112064K
  class space    used 7275K, capacity 7730K, committed 7808K, reserved 1048576K
}

