# JRE version: OpenJDK Runtime Environment (8.0_212-b04) (build 1.8.0_212-b04)
# Java VM: OpenJDK 64-Bit Server VM (25.212-b04 mixed mode linux-amd64 compressed oops)
Heap:
 PSYoungGen      total 611840K, used 291302K [0x00000000d5580000, 0x0000000100000000, 0x0000000100000000)
  eden space 524800K, 55% used [0x00000000d5580000,0x00000000e71f98d0,0x00000000f5600000)
  from space 87040K, 0% used [0x00000000f5600000,0x00000000f5600000,0x00000000fab00000)
  to   space 87040K, 0% used [0x00000000fab00000,0x00000000fab00000,0x0000000100000000)
 ParOldGen       total 1398272K, used 44540K [0x0000000080000000, 0x00000000d5580000, 0x00000000d5580000)
  object space 1398272K, 3% used [0x0000000080000000,0x0000000082b7f1d0,0x00000000d5580000)
 Metaspace       used 64288K, capacity 66852K, committed 67072K, reserved 1107968K
  class space    used 7370K, capacity 7852K, committed 7936K, reserved 1048576K
GC Heap History (10 events):
Event: 2.429 GC heap before
{Heap before GC invocations=2 (full 1):
 PSYoungGen      total 611840K, used 14275K [0x00000000d5580000, 0x0000000100000000, 0x0000000100000000)
  eden space 524800K, 0% used [0x00000000d5580000,0x00000000d5580000,0x00000000f5600000)
  from space 87040K, 16% used [0x00000000f5600000,0x00000000f63f0e30,0x00000000fab00000)
  to   space 87040K, 0% used [0x00000000fab00000,0x00000000fab00000,0x0000000100000000)
 ParOldGen       total 1398272K, used 80K [0x0000000080000000, 0x00000000d5580000, 0x00000000d5580000)
  object space 1398272K, 0% used [0x0000000080000000,0x0000000080014010,0x00000000d5580000)
 Metaspace       used 20844K, capacity 21098K, committed 21248K, reserved 1069056K
  class space    used 2368K, capacity 2482K, committed 2560K, reserved 1048576K
Event: 2.538 GC heap after
Heap after GC invocations=2 (full 1):
 PSYoungGen      total 611840K, used 0K [0x00000000d5580000, 0x0000000100000000, 0x0000000100000000)
  eden space 524800K, 0% used [0x00000000d5580000,0x00000000d5580000,0x00000000f5600000)
  from space 87040K, 0% used [0x00000000f5600000,0x00000000f5600000,0x00000000fab00000)
  to   space 87040K, 0% used [0x00000000fab00000,0x00000000fab00000,0x0000000100000000)
 ParOldGen       total 911872K, used 13744K [0x0000000080000000, 0x00000000b7a80000, 0x00000000d5580000)
  object space 911872K, 1% used [0x0000000080000000,0x0000000080d6c200,0x00000000b7a80000)
 Metaspace       used 20844K, capacity 21098K, committed 21248K, reserved 1069056K
  class space    used 2368K, capacity 2482K, committed 2560K, reserved 1048576K
}
Event: 4.777 GC heap before
{Heap before GC invocations=3 (full 1):
 PSYoungGen      total 611840K, used 445491K [0x00000000d5580000, 0x0000000100000000, 0x0000000100000000)
  eden space 524800K, 84% used [0x00000000d5580000,0x00000000f088cf30,0x00000000f5600000)
  from space 87040K, 0% used [0x00000000f5600000,0x00000000f5600000,0x00000000fab00000)
  to   space 87040K, 0% used [0x00000000fab00000,0x00000000fab00000,0x0000000100000000)
 ParOldGen       total 911872K, used 13744K [0x0000000080000000, 0x00000000b7a80000, 0x00000000d5580000)
  object space 911872K, 1% used [0x0000000080000000,0x0000000080d6c200,0x00000000b7a80000)
 Metaspace       used 34717K, capacity 35078K, committed 35416K, reserved 1081344K
  class space    used 3967K, capacity 4059K, committed 4096K, reserved 1048576K
Event: 4.819 GC heap after
Heap after GC invocations=3 (full 1):
 PSYoungGen      total 611840K, used 19190K [0x00000000d5580000, 0x0000000100000000, 0x0000000100000000)
  eden space 524800K, 0% used [0x00000000d5580000,0x00000000d5580000,0x00000000f5600000)
  from space 87040K, 22% used [0x00000000fab00000,0x00000000fbdbd8b0,0x0000000100000000)
  to   space 87040K, 0% used [0x00000000f5600000,0x00000000f5600000,0x00000000fab00000)
 ParOldGen       total 911872K, used 13744K [0x0000000080000000, 0x00000000b7a80000, 0x00000000d5580000)
  object space 911872K, 1% used [0x0000000080000000,0x0000000080d6c200,0x00000000b7a80000)
 Metaspace       used 34717K, capacity 35078K, committed 35416K, reserved 1081344K
  class space    used 3967K, capacity 4059K, committed 4096K, reserved 1048576K
}
Event: 4.819 GC heap before
{Heap before GC invocations=4 (full 2):
 PSYoungGen      total 611840K, used 19190K [0x00000000d5580000, 0x0000000100000000, 0x0000000100000000)
  eden space 524800K, 0% used [0x00000000d5580000,0x00000000d5580000,0x00000000f5600000)
  from space 87040K, 22% used [0x00000000fab00000,0x00000000fbdbd8b0,0x0000000100000000)
  to   space 87040K, 0% used [0x00000000f5600000,0x00000000f5600000,0x00000000fab00000)
 ParOldGen       total 911872K, used 13744K [0x0000000080000000, 0x00000000b7a80000, 0x00000000d5580000)
  object space 911872K, 1% used [0x0000000080000000,0x0000000080d6c200,0x00000000b7a80000)
 Metaspace       used 34717K, capacity 35078K, committed 35416K, reserved 1081344K
  class space    used 3967K, capacity 4059K, committed 4096K, reserved 1048576K
Event: 4.929 GC heap after
Heap after GC invocations=4 (full 2):
 PSYoungGen      total 611840K, used 0K [0x00000000d5580000, 0x0000000100000000, 0x0000000100000000)
  eden space 524800K, 0% used [0x00000000d5580000,0x00000000d5580000,0x00000000f5600000)
  from space 87040K, 0% used [0x00000000fab00000,0x00000000fab00000,0x0000000100000000)
  to   space 87040K, 0% used [0x00000000f5600000,0x00000000f5600000,0x00000000fab00000)
 ParOldGen       total 1398272K, used 23571K [0x0000000080000000, 0x00000000d5580000, 0x00000000d5580000)
  object space 1398272K, 1% used [0x0000000080000000,0x0000000081704d90,0x00000000d5580000)
 Metaspace       used 34717K, capacity 35078K, committed 35416K, reserved 1081344K
  class space    used 3967K, capacity 4059K, committed 4096K, reserved 1048576K
}
Event: 12.051 GC heap before
{Heap before GC invocations=5 (full 2):
 PSYoungGen      total 611840K, used 522551K [0x00000000d5580000, 0x0000000100000000, 0x0000000100000000)
  eden space 524800K, 99% used [0x00000000d5580000,0x00000000f53cdf58,0x00000000f5600000)
  from space 87040K, 0% used [0x00000000fab00000,0x00000000fab00000,0x0000000100000000)
  to   space 87040K, 0% used [0x00000000f5600000,0x00000000f5600000,0x00000000fab00000)
 ParOldGen       total 1398272K, used 23571K [0x0000000080000000, 0x00000000d5580000, 0x00000000d5580000)
  object space 1398272K, 1% used [0x0000000080000000,0x0000000081704d90,0x00000000d5580000)
 Metaspace       used 57402K, capacity 58844K, committed 59028K, reserved 1101824K
  class space    used 6640K, capacity 6906K, committed 6912K, reserved 1048576K
Event: 12.130 GC heap after
Heap after GC invocations=5 (full 2):
 PSYoungGen      total 611840K, used 34042K [0x00000000d5580000, 0x0000000100000000, 0x0000000100000000)
  eden space 524800K, 0% used [0x00000000d5580000,0x00000000d5580000,0x00000000f5600000)
  from space 87040K, 39% used [0x00000000f5600000,0x00000000f773e970,0x00000000fab00000)
  to   space 87040K, 0% used [0x00000000fab00000,0x00000000fab00000,0x0000000100000000)
 ParOldGen       total 1398272K, used 23579K [0x0000000080000000, 0x00000000d5580000, 0x00000000d5580000)
  object space 1398272K, 1% used [0x0000000080000000,0x0000000081706d90,0x00000000d5580000)
 Metaspace       used 57402K, capacity 58844K, committed 59028K, reserved 1101824K
  class space    used 6640K, capacity 6906K, committed 6912K, reserved 1048576K
}
Event: 12.130 GC heap before
{Heap before GC invocations=6 (full 3):
 PSYoungGen      total 611840K, used 34042K [0x00000000d5580000, 0x0000000100000000, 0x0000000100000000)
  eden space 524800K, 0% used [0x00000000d5580000,0x00000000d5580000,0x00000000f5600000)
  from space 87040K, 39% used [0x00000000f5600000,0x00000000f773e970,0x00000000fab00000)
  to   space 87040K, 0% used [0x00000000fab00000,0x00000000fab00000,0x0000000100000000)
 ParOldGen       total 1398272K, used 23579K [0x0000000080000000, 0x00000000d5580000, 0x00000000d5580000)
  object space 1398272K, 1% used [0x0000000080000000,0x0000000081706d90,0x00000000d5580000)
 Metaspace       used 57402K, capacity 58844K, committed 59028K, reserved 1101824K
  class space    used 6640K, capacity 6906K, committed 6912K, reserved 1048576K
Event: 12.382 GC heap after
Heap after GC invocations=6 (full 3):
 PSYoungGen      total 611840K, used 0K [0x00000000d5580000, 0x0000000100000000, 0x0000000100000000)
  eden space 524800K, 0% used [0x00000000d5580000,0x00000000d5580000,0x00000000f5600000)
  from space 87040K, 0% used [0x00000000f5600000,0x00000000f5600000,0x00000000fab00000)
  to   space 87040K, 0% used [0x00000000fab00000,0x00000000fab00000,0x0000000100000000)
 ParOldGen       total 1398272K, used 44540K [0x0000000080000000, 0x00000000d5580000, 0x00000000d5580000)
  object space 1398272K, 3% used [0x0000000080000000,0x0000000082b7f1d0,0x00000000d5580000)
 Metaspace       used 57365K, capacity 58756K, committed 59028K, reserved 1101824K
  class space    used 6627K, capacity 6884K, committed 6912K, reserved 1048576K
}

