# JRE version: OpenJDK Runtime Environment (8.0_212-b04) (build 1.8.0_212-b04)
# Java VM: OpenJDK 64-Bit Server VM (25.212-b04 mixed mode linux-amd64 compressed oops)
Heap:
 PSYoungGen      total 611840K, used 274339K [0x00000000d5580000, 0x0000000100000000, 0x0000000100000000)
  eden space 524800K, 52% used [0x00000000d5580000,0x00000000e6168c48,0x00000000f5600000)
  from space 87040K, 0% used [0x00000000fab00000,0x00000000fab00000,0x0000000100000000)
  to   space 87040K, 0% used [0x00000000f5600000,0x00000000f5600000,0x00000000fab00000)
 ParOldGen       total 1398272K, used 28425K [0x0000000080000000, 0x00000000d5580000, 0x00000000d5580000)
  object space 1398272K, 2% used [0x0000000080000000,0x0000000081bc26a0,0x00000000d5580000)
 Metaspace       used 64504K, capacity 66940K, committed 67072K, reserved 1107968K
  class space    used 7454K, capacity 7902K, committed 7936K, reserved 1048576K
GC Heap History (10 events):
Event: 4.792 GC heap before
{Heap before GC invocations=3 (full 1):
 PSYoungGen      total 611840K, used 481740K [0x00000000d5580000, 0x0000000100000000, 0x0000000100000000)
  eden space 524800K, 91% used [0x00000000d5580000,0x00000000f2bf3010,0x00000000f5600000)
  from space 87040K, 0% used [0x00000000f5600000,0x00000000f5600000,0x00000000fab00000)
  to   space 87040K, 0% used [0x00000000fab00000,0x00000000fab00000,0x0000000100000000)
 ParOldGen       total 886784K, used 14232K [0x0000000080000000, 0x00000000b6200000, 0x00000000d5580000)
  object space 886784K, 1% used [0x0000000080000000,0x0000000080de6370,0x00000000b6200000)
 Metaspace       used 34776K, capacity 35118K, committed 35416K, reserved 1081344K
  class space    used 3970K, capacity 4091K, committed 4096K, reserved 1048576K
Event: 4.831 GC heap after
Heap after GC invocations=3 (full 1):
 PSYoungGen      total 611840K, used 19364K [0x00000000d5580000, 0x0000000100000000, 0x0000000100000000)
  eden space 524800K, 0% used [0x00000000d5580000,0x00000000d5580000,0x00000000f5600000)
  from space 87040K, 22% used [0x00000000fab00000,0x00000000fbde9198,0x0000000100000000)
  to   space 87040K, 0% used [0x00000000f5600000,0x00000000f5600000,0x00000000fab00000)
 ParOldGen       total 886784K, used 14240K [0x0000000080000000, 0x00000000b6200000, 0x00000000d5580000)
  object space 886784K, 1% used [0x0000000080000000,0x0000000080de8370,0x00000000b6200000)
 Metaspace       used 34776K, capacity 35118K, committed 35416K, reserved 1081344K
  class space    used 3970K, capacity 4091K, committed 4096K, reserved 1048576K
}
Event: 4.831 GC heap before
{Heap before GC invocations=4 (full 2):
 PSYoungGen      total 611840K, used 19364K [0x00000000d5580000, 0x0000000100000000, 0x0000000100000000)
  eden space 524800K, 0% used [0x00000000d5580000,0x00000000d5580000,0x00000000f5600000)
  from space 87040K, 22% used [0x00000000fab00000,0x00000000fbde9198,0x0000000100000000)
  to   space 87040K, 0% used [0x00000000f5600000,0x00000000f5600000,0x00000000fab00000)
 ParOldGen       total 886784K, used 14240K [0x0000000080000000, 0x00000000b6200000, 0x00000000d5580000)
  object space 886784K, 1% used [0x0000000080000000,0x0000000080de8370,0x00000000b6200000)
 Metaspace       used 34776K, capacity 35118K, committed 35416K, reserved 1081344K
  class space    used 3970K, capacity 4091K, committed 4096K, reserved 1048576K
Event: 4.952 GC heap after
Heap after GC invocations=4 (full 2):
 PSYoungGen      total 611840K, used 0K [0x00000000d5580000, 0x0000000100000000, 0x0000000100000000)
  eden space 524800K, 0% used [0x00000000d5580000,0x00000000d5580000,0x00000000f5600000)
  from space 87040K, 0% used [0x00000000fab00000,0x00000000fab00000,0x0000000100000000)
  to   space 87040K, 0% used [0x00000000f5600000,0x00000000f5600000,0x00000000fab00000)
 ParOldGen       total 1398272K, used 23873K [0x0000000080000000, 0x00000000d5580000, 0x00000000d5580000)
  object space 1398272K, 1% used [0x0000000080000000,0x00000000817504e8,0x00000000d5580000)
 Metaspace       used 34776K, capacity 35118K, committed 35416K, reserved 1081344K
  class space    used 3970K, capacity 4091K, committed 4096K, reserved 1048576K
}
Event: 11.543 GC heap before
{Heap before GC invocations=5 (full 2):
 PSYoungGen      total 611840K, used 524800K [0x00000000d5580000, 0x0000000100000000, 0x0000000100000000)
  eden space 524800K, 100% used [0x00000000d5580000,0x00000000f5600000,0x00000000f5600000)
  from space 87040K, 0% used [0x00000000fab00000,0x00000000fab00000,0x0000000100000000)
  to   space 87040K, 0% used [0x00000000f5600000,0x00000000f5600000,0x00000000fab00000)
 ParOldGen       total 1398272K, used 23873K [0x0000000080000000, 0x00000000d5580000, 0x00000000d5580000)
  object space 1398272K, 1% used [0x0000000080000000,0x00000000817504e8,0x00000000d5580000)
 Metaspace       used 52915K, capacity 54226K, committed 54400K, reserved 1097728K
  class space    used 6213K, capacity 6445K, committed 6528K, reserved 1048576K
Event: 11.597 GC heap after
Heap after GC invocations=5 (full 2):
 PSYoungGen      total 611840K, used 26218K [0x00000000d5580000, 0x0000000100000000, 0x0000000100000000)
  eden space 524800K, 0% used [0x00000000d5580000,0x00000000d5580000,0x00000000f5600000)
  from space 87040K, 30% used [0x00000000f5600000,0x00000000f6f9a8b8,0x00000000fab00000)
  to   space 87040K, 0% used [0x00000000fab00000,0x00000000fab00000,0x0000000100000000)
 ParOldGen       total 1398272K, used 23881K [0x0000000080000000, 0x00000000d5580000, 0x00000000d5580000)
  object space 1398272K, 1% used [0x0000000080000000,0x00000000817524e8,0x00000000d5580000)
 Metaspace       used 52915K, capacity 54226K, committed 54400K, reserved 1097728K
  class space    used 6213K, capacity 6445K, committed 6528K, reserved 1048576K
}
Event: 12.225 GC heap before
{Heap before GC invocations=6 (full 2):
 PSYoungGen      total 611840K, used 177297K [0x00000000d5580000, 0x0000000100000000, 0x0000000100000000)
  eden space 524800K, 28% used [0x00000000d5580000,0x00000000de909de0,0x00000000f5600000)
  from space 87040K, 30% used [0x00000000f5600000,0x00000000f6f9a8b8,0x00000000fab00000)
  to   space 87040K, 0% used [0x00000000fab00000,0x00000000fab00000,0x0000000100000000)
 ParOldGen       total 1398272K, used 23881K [0x0000000080000000, 0x00000000d5580000, 0x00000000d5580000)
  object space 1398272K, 1% used [0x0000000080000000,0x00000000817524e8,0x00000000d5580000)
 Metaspace       used 57493K, capacity 58844K, committed 59008K, reserved 1101824K
  class space    used 6672K, capacity 6932K, committed 7040K, reserved 1048576K
Event: 12.250 GC heap after
Heap after GC invocations=6 (full 2):
 PSYoungGen      total 611840K, used 16415K [0x00000000d5580000, 0x0000000100000000, 0x0000000100000000)
  eden space 524800K, 0% used [0x00000000d5580000,0x00000000d5580000,0x00000000f5600000)
  from space 87040K, 18% used [0x00000000fab00000,0x00000000fbb07d58,0x0000000100000000)
  to   space 87040K, 0% used [0x00000000f5600000,0x00000000f5600000,0x00000000fab00000)
 ParOldGen       total 1398272K, used 23889K [0x0000000080000000, 0x00000000d5580000, 0x00000000d5580000)
  object space 1398272K, 1% used [0x0000000080000000,0x00000000817544e8,0x00000000d5580000)
 Metaspace       used 57493K, capacity 58844K, committed 59008K, reserved 1101824K
  class space    used 6672K, capacity 6932K, committed 7040K, reserved 1048576K
}
Event: 12.250 GC heap before
{Heap before GC invocations=7 (full 3):
 PSYoungGen      total 611840K, used 16415K [0x00000000d5580000, 0x0000000100000000, 0x0000000100000000)
  eden space 524800K, 0% used [0x00000000d5580000,0x00000000d5580000,0x00000000f5600000)
  from space 87040K, 18% used [0x00000000fab00000,0x00000000fbb07d58,0x0000000100000000)
  to   space 87040K, 0% used [0x00000000f5600000,0x00000000f5600000,0x00000000fab00000)
 ParOldGen       total 1398272K, used 23889K [0x0000000080000000, 0x00000000d5580000, 0x00000000d5580000)
  object space 1398272K, 1% used [0x0000000080000000,0x00000000817544e8,0x00000000d5580000)
 Metaspace       used 57493K, capacity 58844K, committed 59008K, reserved 1101824K
  class space    used 6672K, capacity 6932K, committed 7040K, reserved 1048576K
Event: 12.461 GC heap after
Heap after GC invocations=7 (full 3):
 PSYoungGen      total 611840K, used 0K [0x00000000d5580000, 0x0000000100000000, 0x0000000100000000)
  eden space 524800K, 0% used [0x00000000d5580000,0x00000000d5580000,0x00000000f5600000)
  from space 87040K, 0% used [0x00000000fab00000,0x00000000fab00000,0x0000000100000000)
  to   space 87040K, 0% used [0x00000000f5600000,0x00000000f5600000,0x00000000fab00000)
 ParOldGen       total 1398272K, used 28425K [0x0000000080000000, 0x00000000d5580000, 0x00000000d5580000)
  object space 1398272K, 2% used [0x0000000080000000,0x0000000081bc26a0,0x00000000d5580000)
 Metaspace       used 57467K, capacity 58782K, committed 59008K, reserved 1101824K
  class space    used 6662K, capacity 6915K, committed 7040K, reserved 1048576K
}

