# JRE version: OpenJDK Runtime Environment (8.0_212-b04) (build 1.8.0_212-b04)
# Java VM: OpenJDK 64-Bit Server VM (25.212-b04 mixed mode linux-amd64 compressed oops)
Heap:
 PSYoungGen      total 611840K, used 326129K [0x00000000d5580000, 0x0000000100000000, 0x0000000100000000)
  eden space 524800K, 62% used [0x00000000d5580000,0x00000000e93fc4e8,0x00000000f5600000)
  from space 87040K, 0% used [0x00000000fab00000,0x00000000fab00000,0x0000000100000000)
  to   space 87040K, 0% used [0x00000000f5600000,0x00000000f5600000,0x00000000fab00000)
 ParOldGen       total 1398272K, used 28061K [0x0000000080000000, 0x00000000d5580000, 0x00000000d5580000)
  object space 1398272K, 2% used [0x0000000080000000,0x0000000081b67798,0x00000000d5580000)
 Metaspace       used 66575K, capacity 69534K, committed 69632K, reserved 1110016K
  class space    used 7628K, capacity 8183K, committed 8192K, reserved 1048576K
GC Heap History (10 events):
Event: 5.255 GC heap before
{Heap before GC invocations=3 (full 1):
 PSYoungGen      total 611840K, used 409408K [0x00000000d5580000, 0x0000000100000000, 0x0000000100000000)
  eden space 524800K, 78% used [0x00000000d5580000,0x00000000ee5501f8,0x00000000f5600000)
  from space 87040K, 0% used [0x00000000f5600000,0x00000000f5600000,0x00000000fab00000)
  to   space 87040K, 0% used [0x00000000fab00000,0x00000000fab00000,0x0000000100000000)
 ParOldGen       total 894464K, used 18610K [0x0000000080000000, 0x00000000b6980000, 0x00000000d5580000)
  object space 894464K, 2% used [0x0000000080000000,0x000000008122cbc8,0x00000000b6980000)
 Metaspace       used 34791K, capacity 35154K, committed 35456K, reserved 1081344K
  class space    used 3978K, capacity 4101K, committed 4224K, reserved 1048576K
Event: 5.281 GC heap after
Heap after GC invocations=3 (full 1):
 PSYoungGen      total 611840K, used 14278K [0x00000000d5580000, 0x0000000100000000, 0x0000000100000000)
  eden space 524800K, 0% used [0x00000000d5580000,0x00000000d5580000,0x00000000f5600000)
  from space 87040K, 16% used [0x00000000fab00000,0x00000000fb8f1970,0x0000000100000000)
  to   space 87040K, 0% used [0x00000000f5600000,0x00000000f5600000,0x00000000fab00000)
 ParOldGen       total 894464K, used 18682K [0x0000000080000000, 0x00000000b6980000, 0x00000000d5580000)
  object space 894464K, 2% used [0x0000000080000000,0x000000008123ebd8,0x00000000b6980000)
 Metaspace       used 34791K, capacity 35154K, committed 35456K, reserved 1081344K
  class space    used 3978K, capacity 4101K, committed 4224K, reserved 1048576K
}
Event: 5.281 GC heap before
{Heap before GC invocations=4 (full 2):
 PSYoungGen      total 611840K, used 14278K [0x00000000d5580000, 0x0000000100000000, 0x0000000100000000)
  eden space 524800K, 0% used [0x00000000d5580000,0x00000000d5580000,0x00000000f5600000)
  from space 87040K, 16% used [0x00000000fab00000,0x00000000fb8f1970,0x0000000100000000)
  to   space 87040K, 0% used [0x00000000f5600000,0x00000000f5600000,0x00000000fab00000)
 ParOldGen       total 894464K, used 18682K [0x0000000080000000, 0x00000000b6980000, 0x00000000d5580000)
  object space 894464K, 2% used [0x0000000080000000,0x000000008123ebd8,0x00000000b6980000)
 Metaspace       used 34791K, capacity 35154K, committed 35456K, reserved 1081344K
  class space    used 3978K, capacity 4101K, committed 4224K, reserved 1048576K
Event: 5.388 GC heap after
Heap after GC invocations=4 (full 2):
 PSYoungGen      total 611840K, used 0K [0x00000000d5580000, 0x0000000100000000, 0x0000000100000000)
  eden space 524800K, 0% used [0x00000000d5580000,0x00000000d5580000,0x00000000f5600000)
  from space 87040K, 0% used [0x00000000fab00000,0x00000000fab00000,0x0000000100000000)
  to   space 87040K, 0% used [0x00000000f5600000,0x00000000f5600000,0x00000000fab00000)
 ParOldGen       total 1398272K, used 22477K [0x0000000080000000, 0x00000000d5580000, 0x00000000d5580000)
  object space 1398272K, 1% used [0x0000000080000000,0x00000000815f35b8,0x00000000d5580000)
 Metaspace       used 34791K, capacity 35154K, committed 35456K, reserved 1081344K
  class space    used 3978K, capacity 4101K, committed 4224K, reserved 1048576K
}
Event: 10.902 GC heap before
{Heap before GC invocations=5 (full 2):
 PSYoungGen      total 611840K, used 524800K [0x00000000d5580000, 0x0000000100000000, 0x0000000100000000)
  eden space 524800K, 100% used [0x00000000d5580000,0x00000000f5600000,0x00000000f5600000)
  from space 87040K, 0% used [0x00000000fab00000,0x00000000fab00000,0x0000000100000000)
  to   space 87040K, 0% used [0x00000000f5600000,0x00000000f5600000,0x00000000fab00000)
 ParOldGen       total 1398272K, used 22477K [0x0000000080000000, 0x00000000d5580000, 0x00000000d5580000)
  object space 1398272K, 1% used [0x0000000080000000,0x00000000815f35b8,0x00000000d5580000)
 Metaspace       used 53483K, capacity 54714K, committed 54912K, reserved 1097728K
  class space    used 6260K, capacity 6495K, committed 6528K, reserved 1048576K
Event: 10.956 GC heap after
Heap after GC invocations=5 (full 2):
 PSYoungGen      total 611840K, used 26199K [0x00000000d5580000, 0x0000000100000000, 0x0000000100000000)
  eden space 524800K, 0% used [0x00000000d5580000,0x00000000d5580000,0x00000000f5600000)
  from space 87040K, 30% used [0x00000000f5600000,0x00000000f6f95cd0,0x00000000fab00000)
  to   space 87040K, 0% used [0x00000000fab00000,0x00000000fab00000,0x0000000100000000)
 ParOldGen       total 1398272K, used 22485K [0x0000000080000000, 0x00000000d5580000, 0x00000000d5580000)
  object space 1398272K, 1% used [0x0000000080000000,0x00000000815f55b8,0x00000000d5580000)
 Metaspace       used 53483K, capacity 54714K, committed 54912K, reserved 1097728K
  class space    used 6260K, capacity 6495K, committed 6528K, reserved 1048576K
}
Event: 11.716 GC heap before
{Heap before GC invocations=6 (full 2):
 PSYoungGen      total 611840K, used 146636K [0x00000000d5580000, 0x0000000100000000, 0x0000000100000000)
  eden space 524800K, 22% used [0x00000000d5580000,0x00000000dcb1d460,0x00000000f5600000)
  from space 87040K, 30% used [0x00000000f5600000,0x00000000f6f95cd0,0x00000000fab00000)
  to   space 87040K, 0% used [0x00000000fab00000,0x00000000fab00000,0x0000000100000000)
 ParOldGen       total 1398272K, used 22485K [0x0000000080000000, 0x00000000d5580000, 0x00000000d5580000)
  object space 1398272K, 1% used [0x0000000080000000,0x00000000815f55b8,0x00000000d5580000)
 Metaspace       used 57523K, capacity 58928K, committed 59096K, reserved 1101824K
  class space    used 6692K, capacity 6972K, committed 7040K, reserved 1048576K
Event: 11.742 GC heap after
Heap after GC invocations=6 (full 2):
 PSYoungGen      total 611840K, used 15490K [0x00000000d5580000, 0x0000000100000000, 0x0000000100000000)
  eden space 524800K, 0% used [0x00000000d5580000,0x00000000d5580000,0x00000000f5600000)
  from space 87040K, 17% used [0x00000000fab00000,0x00000000fba20930,0x0000000100000000)
  to   space 87040K, 0% used [0x00000000f5600000,0x00000000f5600000,0x00000000fab00000)
 ParOldGen       total 1398272K, used 22493K [0x0000000080000000, 0x00000000d5580000, 0x00000000d5580000)
  object space 1398272K, 1% used [0x0000000080000000,0x00000000815f75b8,0x00000000d5580000)
 Metaspace       used 57523K, capacity 58928K, committed 59096K, reserved 1101824K
  class space    used 6692K, capacity 6972K, committed 7040K, reserved 1048576K
}
Event: 11.742 GC heap before
{Heap before GC invocations=7 (full 3):
 PSYoungGen      total 611840K, used 15490K [0x00000000d5580000, 0x0000000100000000, 0x0000000100000000)
  eden space 524800K, 0% used [0x00000000d5580000,0x00000000d5580000,0x00000000f5600000)
  from space 87040K, 17% used [0x00000000fab00000,0x00000000fba20930,0x0000000100000000)
  to   space 87040K, 0% used [0x00000000f5600000,0x00000000f5600000,0x00000000fab00000)
 ParOldGen       total 1398272K, used 22493K [0x0000000080000000, 0x00000000d5580000, 0x00000000d5580000)
  object space 1398272K, 1% used [0x0000000080000000,0x00000000815f75b8,0x00000000d5580000)
 Metaspace       used 57523K, capacity 58928K, committed 59096K, reserved 1101824K
  class space    used 6692K, capacity 6972K, committed 7040K, reserved 1048576K
Event: 12.010 GC heap after
Heap after GC invocations=7 (full 3):
 PSYoungGen      total 611840K, used 0K [0x00000000d5580000, 0x0000000100000000, 0x0000000100000000)
  eden space 524800K, 0% used [0x00000000d5580000,0x00000000d5580000,0x00000000f5600000)
  from space 87040K, 0% used [0x00000000fab00000,0x00000000fab00000,0x0000000100000000)
  to   space 87040K, 0% used [0x00000000f5600000,0x00000000f5600000,0x00000000fab00000)
 ParOldGen       total 1398272K, used 28061K [0x0000000080000000, 0x00000000d5580000, 0x00000000d5580000)
  object space 1398272K, 2% used [0x0000000080000000,0x0000000081b67798,0x00000000d5580000)
 Metaspace       used 57446K, capacity 58742K, committed 59096K, reserved 1101824K
  class space    used 6664K, capacity 6923K, committed 7040K, reserved 1048576K
}

