rm: cannot remove '/workdir/hadoop-ozone/dist/target/ozone-0.5.0-SNAPSHOT/compose/result/*': No such file or directory
Executing test in /workdir/hadoop-ozone/dist/target/ozone-0.5.0-SNAPSHOT/compose/ozones3-haproxy
Removing network ozones3-haproxy_default
Network ozones3-haproxy_default not found.
Creating network "ozones3-haproxy_default" with the default driver
Pulling scm (apache/ozone-runner:20190717-1)...
20190717-1: Pulling from apache/ozone-runner
Digest: sha256:00bb9519e6d236c50761dcc9c668ce7f04a74f160b916bf3baeaa26232389a69
Status: Downloaded newer image for apache/ozone-runner:20190717-1
Pulling s3g (haproxy:latest)...
latest: Pulling from library/haproxy
Digest: sha256:01bd1080680de35fb5125fed1e2df0a622d3aabfa77b35feeba22a650e6ad6d0
Status: Downloaded newer image for haproxy:latest
Creating ozones3-haproxy_om_1 ... 
Creating ozones3-haproxy_s3g_1 ... 
Creating ozones3-haproxy_s3g1_1 ... 
Creating ozones3-haproxy_s3g3_1 ... 
Creating ozones3-haproxy_s3g2_1 ... 
Creating ozones3-haproxy_scm_1  ... 
Creating ozones3-haproxy_datanode_1 ... 
Creating ozones3-haproxy_datanode_2 ... 
Creating ozones3-haproxy_datanode_3 ... 
[9A[2KCreating ozones3-haproxy_om_1       ... [32mdone[0m[9B[7A[2KCreating ozones3-haproxy_s3g1_1     ... [32mdone[0m[7B[8A[2KCreating ozones3-haproxy_s3g_1      ... [32mdone[0m[8B[6A[2KCreating ozones3-haproxy_s3g3_1     ... [32mdone[0m[6B[5A[2KCreating ozones3-haproxy_s3g2_1     ... [32mdone[0m[5B[3A[2KCreating ozones3-haproxy_datanode_1 ... [32mdone[0m[3B[2A[2KCreating ozones3-haproxy_datanode_2 ... [32mdone[0m[2B[4A[2KCreating ozones3-haproxy_scm_1      ... [32mdone[0m[4B[1A[2KCreating ozones3-haproxy_datanode_3 ... [32mdone[0m[1BWARNING! Datanodes are not started successfully. Please check the docker-compose files
==============================================================================
ozones3-haproxy-basic :: Smoketest ozone cluster startup                      
==============================================================================
Check webui static resources                                          | FAIL |
7 != 0
------------------------------------------------------------------------------
Start freon testing                                                   | FAIL |
255 != 0
------------------------------------------------------------------------------
ozones3-haproxy-basic :: Smoketest ozone cluster startup              | FAIL |
2 critical tests, 0 passed, 2 failed
2 tests total, 0 passed, 2 failed
==============================================================================
Output:  /tmp/smoketest/ozones3-haproxy/result/robot-ozones3-haproxy-ozones3-haproxy-basic-scm.xml
Connection pool is full, discarding connection: 0.0.0.0
Connection pool is full, discarding connection: 0.0.0.0
Connection pool is full, discarding connection: 0.0.0.0
Connection pool is full, discarding connection: 0.0.0.0
Stopping ozones3-haproxy_datanode_3 ... 
Stopping ozones3-haproxy_datanode_2 ... 
Stopping ozones3-haproxy_datanode_1 ... 
Stopping ozones3-haproxy_scm_1      ... 
Stopping ozones3-haproxy_s3g2_1     ... 
Stopping ozones3-haproxy_s3g1_1     ... 
Stopping ozones3-haproxy_s3g3_1     ... 
Stopping ozones3-haproxy_s3g_1      ... 
Stopping ozones3-haproxy_om_1       ... 
[1A[2KStopping ozones3-haproxy_om_1       ... [32mdone[0m[1B[7A[2KStopping ozones3-haproxy_datanode_1 ... [32mdone[0m[7B[9A[2KStopping ozones3-haproxy_datanode_3 ... [32mdone[0m[9B[8A[2KStopping ozones3-haproxy_datanode_2 ... [32mdone[0m[8B[5A[2KStopping ozones3-haproxy_s3g2_1     ... [32mdone[0m[5B[3A[2KStopping ozones3-haproxy_s3g3_1     ... [32mdone[0m[3B[6A[2KStopping ozones3-haproxy_scm_1      ... [32mdone[0m[6B[4A[2KStopping ozones3-haproxy_s3g1_1     ... [32mdone[0m[4B[2A[2KStopping ozones3-haproxy_s3g_1      ... [32mdone[0m[2BRemoving ozones3-haproxy_datanode_3 ... 
Removing ozones3-haproxy_datanode_2 ... 
Removing ozones3-haproxy_datanode_1 ... 
Removing ozones3-haproxy_scm_1      ... 
Removing ozones3-haproxy_s3g2_1     ... 
Removing ozones3-haproxy_s3g1_1     ... 
Removing ozones3-haproxy_s3g3_1     ... 
Removing ozones3-haproxy_s3g_1      ... 
Removing ozones3-haproxy_om_1       ... 
[7A[2KRemoving ozones3-haproxy_datanode_1 ... [32mdone[0m[7B[9A[2KRemoving ozones3-haproxy_datanode_3 ... [32mdone[0m[9B[5A[2KRemoving ozones3-haproxy_s3g2_1     ... [32mdone[0m[5B[4A[2KRemoving ozones3-haproxy_s3g1_1     ... [32mdone[0m[4B[8A[2KRemoving ozones3-haproxy_datanode_2 ... [32mdone[0m[8B[2A[2KRemoving ozones3-haproxy_s3g_1      ... [32mdone[0m[2B[3A[2KRemoving ozones3-haproxy_s3g3_1     ... [32mdone[0m[3B[6A[2KRemoving ozones3-haproxy_scm_1      ... [32mdone[0m[6B[1A[2KRemoving ozones3-haproxy_om_1       ... [32mdone[0m[1BRemoving network ozones3-haproxy_default
Log:     /workdir/hadoop-ozone/dist/target/ozone-0.5.0-SNAPSHOT/compose/ozones3-haproxy/result/log.html
Report:  /workdir/hadoop-ozone/dist/target/ozone-0.5.0-SNAPSHOT/compose/ozones3-haproxy/result/report.html
ERROR: Test execution of /workdir/hadoop-ozone/dist/target/ozone-0.5.0-SNAPSHOT/compose/ozones3-haproxy is FAILED!!!!
Executing test in /workdir/hadoop-ozone/dist/target/ozone-0.5.0-SNAPSHOT/compose/ozones3
Removing network ozones3_default
Network ozones3_default not found.
Creating network "ozones3_default" with the default driver
Creating ozones3_scm_1 ... 
Creating ozones3_datanode_1 ... 
Creating ozones3_datanode_2 ... 
Creating ozones3_datanode_3 ... 
Creating ozones3_s3g_1      ... 
Creating ozones3_om_1       ... 
[4A[2KCreating ozones3_datanode_2 ... [32mdone[0m[4B[5A[2KCreating ozones3_datanode_1 ... [32mdone[0m[5B[6A[2KCreating ozones3_scm_1      ... [32mdone[0m[6B[3A[2KCreating ozones3_datanode_3 ... [32mdone[0m[3B[2A[2KCreating ozones3_s3g_1      ... [32mdone[0m[2B[1A[2KCreating ozones3_om_1       ... [32mdone[0m[1BWARNING! Datanodes are not started successfully. Please check the docker-compose files
==============================================================================
ozones3-basic :: Smoketest ozone cluster startup                              
==============================================================================
Check webui static resources                                          | FAIL |
7 != 0
------------------------------------------------------------------------------
Start freon testing                                                   | FAIL |
255 != 0
------------------------------------------------------------------------------
ozones3-basic :: Smoketest ozone cluster startup                      | FAIL |
2 critical tests, 0 passed, 2 failed
2 tests total, 0 passed, 2 failed
==============================================================================
Output:  /tmp/smoketest/ozones3/result/robot-ozones3-ozones3-basic-scm.xml
==============================================================================
ozones3-s3                                                                    
==============================================================================
ozones3-s3.Awss3 :: S3 gateway test with aws cli                              
==============================================================================
File upload and directory list                                        | FAIL |
Parent suite setup failed:
255 != 0
------------------------------------------------------------------------------
ozones3-s3.Awss3 :: S3 gateway test with aws cli                      | FAIL |
Suite setup failed:
255 != 0

1 critical test, 0 passed, 1 failed
1 test total, 0 passed, 1 failed
==============================================================================
ozones3-s3.Bucketcreate :: S3 gateway test with aws cli                       
==============================================================================
Create bucket which already exists                                    | FAIL |
Setup failed:
255 != 0
------------------------------------------------------------------------------
ozones3-s3.Bucketcreate :: S3 gateway test with aws cli               | FAIL |
1 critical test, 0 passed, 1 failed
1 test total, 0 passed, 1 failed
==============================================================================
ozones3-s3.Buckethead :: S3 gateway test with aws cli                         
==============================================================================
Head Bucket not existent                                              | FAIL |
Setup failed:
255 != 0
------------------------------------------------------------------------------
ozones3-s3.Buckethead :: S3 gateway test with aws cli                 | FAIL |
1 critical test, 0 passed, 1 failed
1 test total, 0 passed, 1 failed
==============================================================================
ozones3-s3.Bucketlist :: S3 gateway test with aws cli                         
==============================================================================
List buckets                                                          | FAIL |
Setup failed:
255 != 0
------------------------------------------------------------------------------
ozones3-s3.Bucketlist :: S3 gateway test with aws cli                 | FAIL |
1 critical test, 0 passed, 1 failed
1 test total, 0 passed, 1 failed
==============================================================================
ozones3-s3.MultipartUpload :: S3 gateway test with aws cli                    
==============================================================================
Test Multipart Upload                                                 | FAIL |
Setup failed:
255 != 0
------------------------------------------------------------------------------
Test Multipart Upload Complete                                        | FAIL |
Setup failed:
255 != 0
------------------------------------------------------------------------------
Test Multipart Upload Complete Entity too small                       | FAIL |
Setup failed:
255 != 0
------------------------------------------------------------------------------
Test Multipart Upload Complete Invalid part                           | FAIL |
Setup failed:
255 != 0
------------------------------------------------------------------------------
Test abort Multipart upload                                           | FAIL |
Setup failed:
255 != 0
------------------------------------------------------------------------------
Test abort Multipart upload with invalid uploadId                     | FAIL |
Setup failed:
255 != 0
------------------------------------------------------------------------------
Upload part with Incorrect uploadID                                   | FAIL |
Setup failed:
255 != 0
------------------------------------------------------------------------------
Test list parts                                                       | FAIL |
Setup failed:
255 != 0
------------------------------------------------------------------------------
Test Multipart Upload with the simplified aws s3 cp API               | FAIL |
Setup failed:
255 != 0
------------------------------------------------------------------------------
ozones3-s3.MultipartUpload :: S3 gateway test with aws cli            | FAIL |
9 critical tests, 0 passed, 9 failed
9 tests total, 0 passed, 9 failed
==============================================================================
ozones3-s3.Objectcopy :: S3 gateway test with aws cli                         
==============================================================================
Copy Object Happy Scenario                                            | FAIL |
Setup failed:
255 != 0
------------------------------------------------------------------------------
Copy Object Where Bucket is not available                             | FAIL |
Setup failed:
255 != 0
------------------------------------------------------------------------------
Copy Object Where both source and dest are same with change to sto... | FAIL |
Setup failed:
255 != 0
------------------------------------------------------------------------------
Copy Object Where Key not available                                   | FAIL |
Setup failed:
255 != 0
------------------------------------------------------------------------------
ozones3-s3.Objectcopy :: S3 gateway test with aws cli                 | FAIL |
4 critical tests, 0 passed, 4 failed
4 tests total, 0 passed, 4 failed
==============================================================================
ozones3-s3.Objectdelete :: S3 gateway test with aws cli                       
==============================================================================
Delete file with s3api                                                | FAIL |
Setup failed:
255 != 0
------------------------------------------------------------------------------
Delete file with s3api, file doesn't exist                            | FAIL |
Setup failed:
255 != 0
------------------------------------------------------------------------------
Delete dir with s3api                                                 | FAIL |
Setup failed:
255 != 0
------------------------------------------------------------------------------
Delete file with s3api, file doesn't exist, prefix of a real file     | FAIL |
Setup failed:
255 != 0
------------------------------------------------------------------------------
Delete file with s3api, bucket doesn't exist                          | FAIL |
Setup failed:
255 != 0
------------------------------------------------------------------------------
ozones3-s3.Objectdelete :: S3 gateway test with aws cli               | FAIL |
5 critical tests, 0 passed, 5 failed
5 tests total, 0 passed, 5 failed
==============================================================================
ozones3-s3.Objectmultidelete :: S3 gateway test with aws cli                  
==============================================================================
Delete file with multi delete                                         | FAIL |
Setup failed:
255 != 0
------------------------------------------------------------------------------
ozones3-s3.Objectmultidelete :: S3 gateway test with aws cli          | FAIL |
1 critical test, 0 passed, 1 failed
1 test total, 0 passed, 1 failed
==============================================================================
ozones3-s3.Objectputget :: S3 gateway test with aws cli                       
==============================================================================
Put object to s3                                                      | FAIL |
Setup failed:
255 != 0
------------------------------------------------------------------------------
Get object from s3                                                    | FAIL |
Setup failed:
255 != 0
------------------------------------------------------------------------------
Get Partial object from s3 with both start and endoffset              | FAIL |
Setup failed:
255 != 0
------------------------------------------------------------------------------
Get Partial object from s3 with both start and endoffset(start off... | FAIL |
Setup failed:
255 != 0
------------------------------------------------------------------------------
Get Partial object from s3 with both start and endoffset(end offse... | FAIL |
Setup failed:
255 != 0
------------------------------------------------------------------------------
Get Partial object from s3 with only start offset                     | FAIL |
Setup failed:
255 != 0
------------------------------------------------------------------------------
Get Partial object from s3 with both start and endoffset which are... | FAIL |
Setup failed:
255 != 0
------------------------------------------------------------------------------
Get Partial object from s3 to get last n bytes                        | FAIL |
Setup failed:
255 != 0
------------------------------------------------------------------------------
Incorrect values for end and start offset                             | FAIL |
Setup failed:
255 != 0
------------------------------------------------------------------------------
Zero byte file                                                        | FAIL |
Setup failed:
255 != 0
------------------------------------------------------------------------------
ozones3-s3.Objectputget :: S3 gateway test with aws cli               | FAIL |
10 critical tests, 0 passed, 10 failed
10 tests total, 0 passed, 10 failed
==============================================================================
ozones3-s3.Webui :: S3 gateway web ui test                                    
==============================================================================
S3 Gateway Web UI                                                     | FAIL |
Parent suite setup failed:
255 != 0
------------------------------------------------------------------------------
ozones3-s3.Webui :: S3 gateway web ui test                            | FAIL |
Suite setup failed:
255 != 0

1 critical test, 0 passed, 1 failed
1 test total, 0 passed, 1 failed
==============================================================================
ozones3-s3                                                            | FAIL |
34 critical tests, 0 passed, 34 failed
34 tests total, 0 passed, 34 failed
==============================================================================
Output:  /tmp/smoketest/ozones3/result/robot-ozones3-ozones3-s3-scm.xml
Stopping ozones3_datanode_3 ... 
Stopping ozones3_scm_1      ... 
Stopping ozones3_datanode_1 ... 
Stopping ozones3_datanode_2 ... 
Stopping ozones3_s3g_1      ... 
[5A[2KStopping ozones3_datanode_3 ... [32mdone[0m[5B[4A[2KStopping ozones3_scm_1      ... [32mdone[0m[4B[1A[2KStopping ozones3_s3g_1      ... [32mdone[0m[1B[2A[2KStopping ozones3_datanode_2 ... [32mdone[0m[2B[3A[2KStopping ozones3_datanode_1 ... [32mdone[0m[3BRemoving ozones3_datanode_3 ... 
Removing ozones3_om_1       ... 
Removing ozones3_scm_1      ... 
Removing ozones3_datanode_1 ... 
Removing ozones3_datanode_2 ... 
Removing ozones3_s3g_1      ... 
[3A[2KRemoving ozones3_datanode_1 ... [32mdone[0m[3B[1A[2KRemoving ozones3_s3g_1      ... [32mdone[0m[1B[2A[2KRemoving ozones3_datanode_2 ... [32mdone[0m[2B[6A[2KRemoving ozones3_datanode_3 ... [32mdone[0m[6B[4A[2KRemoving ozones3_scm_1      ... [32mdone[0m[4B[5A[2KRemoving ozones3_om_1       ... [32mdone[0m[5BRemoving network ozones3_default
Log:     /workdir/hadoop-ozone/dist/target/ozone-0.5.0-SNAPSHOT/compose/ozones3/result/log.html
Report:  /workdir/hadoop-ozone/dist/target/ozone-0.5.0-SNAPSHOT/compose/ozones3/result/report.html
ERROR: Test execution of /workdir/hadoop-ozone/dist/target/ozone-0.5.0-SNAPSHOT/compose/ozones3 is FAILED!!!!
Executing test in /workdir/hadoop-ozone/dist/target/ozone-0.5.0-SNAPSHOT/compose/ozone
Removing network ozone_default
Network ozone_default not found.
Creating network "ozone_default" with the default driver
Creating ozone_om_1 ... 
Creating ozone_datanode_1 ... 
Creating ozone_datanode_2 ... 
Creating ozone_datanode_3 ... 
Creating ozone_scm_1      ... 
[5A[2KCreating ozone_om_1       ... [32mdone[0m[5B[1A[2KCreating ozone_scm_1      ... [32mdone[0m[1B[2A[2KCreating ozone_datanode_3 ... [32mdone[0m[2B[4A[2KCreating ozone_datanode_1 ... [32mdone[0m[4B[3A[2KCreating ozone_datanode_2 ... [32mdone[0m[3BWARNING! Datanodes are not started successfully. Please check the docker-compose files
==============================================================================
ozone-auditparser                                                             
==============================================================================
ozone-auditparser.Auditparser :: Smoketest ozone cluster startup              
==============================================================================
Initiating freon to generate data                                     | FAIL |
255 != 0
------------------------------------------------------------------------------
Testing audit parser                                                  | FAIL |
'' does not contain 'ALLOCATE_KEY'
------------------------------------------------------------------------------
ozone-auditparser.Auditparser :: Smoketest ozone cluster startup      | FAIL |
2 critical tests, 0 passed, 2 failed
2 tests total, 0 passed, 2 failed
==============================================================================
ozone-auditparser                                                     | FAIL |
2 critical tests, 0 passed, 2 failed
2 tests total, 0 passed, 2 failed
==============================================================================
Output:  /tmp/smoketest/ozone/result/robot-ozone-ozone-auditparser-om.xml
==============================================================================
ozone-basic :: Smoketest ozone cluster startup                                
==============================================================================
Check webui static resources                                          | FAIL |
7 != 0
------------------------------------------------------------------------------
Start freon testing                                                   | FAIL |
255 != 0
------------------------------------------------------------------------------
ozone-basic :: Smoketest ozone cluster startup                        | FAIL |
2 critical tests, 0 passed, 2 failed
2 tests total, 0 passed, 2 failed
==============================================================================
Output:  /tmp/smoketest/ozone/result/robot-ozone-ozone-basic-scm.xml
Stopping ozone_scm_1 ... 
Stopping ozone_om_1  ... 
[1A[2KStopping ozone_om_1  ... [32mdone[0m[1B[2A[2KStopping ozone_scm_1 ... [32mdone[0m[2BRemoving ozone_datanode_2 ... 
Removing ozone_datanode_1 ... 
Removing ozone_datanode_3 ... 
Removing ozone_scm_1      ... 
Removing ozone_om_1       ... 
[1A[2KRemoving ozone_om_1       ... [32mdone[0m[1B[4A[2KRemoving ozone_datanode_1 ... [32mdone[0m[4B[2A[2KRemoving ozone_scm_1      ... [32mdone[0m[2B[5A[2KRemoving ozone_datanode_2 ... [32mdone[0m[5B[3A[2KRemoving ozone_datanode_3 ... [32mdone[0m[3BRemoving network ozone_default
Log:     /workdir/hadoop-ozone/dist/target/ozone-0.5.0-SNAPSHOT/compose/ozone/result/log.html
Report:  /workdir/hadoop-ozone/dist/target/ozone-0.5.0-SNAPSHOT/compose/ozone/result/report.html
ERROR: Test execution of /workdir/hadoop-ozone/dist/target/ozone-0.5.0-SNAPSHOT/compose/ozone is FAILED!!!!
Executing test in /workdir/hadoop-ozone/dist/target/ozone-0.5.0-SNAPSHOT/compose/ozone-mr/hadoop27
Removing network hadoop27_default
Network hadoop27_default not found.
Creating network "hadoop27_default" with the default driver
Pulling nm (flokkr/hadoop:2.7.7)...
2.7.7: Pulling from flokkr/hadoop
Digest: sha256:594a1cc971f4e91218132f2027617859d4624a55bda01bc43ec07545022ac6c9
Status: Downloaded newer image for flokkr/hadoop:2.7.7
Creating hadoop27_scm_1 ... 
Creating hadoop27_rm_1  ... 
Creating hadoop27_s3g_1 ... 
Creating hadoop27_datanode_1 ... 
Creating hadoop27_datanode_2 ... 
Creating hadoop27_datanode_3 ... 
Creating hadoop27_om_1       ... 
Creating hadoop27_nm_1       ... 
[8A[2KCreating hadoop27_scm_1      ... [32mdone[0m[8B[7A[2KCreating hadoop27_rm_1       ... [32mdone[0m[7B[4A[2KCreating hadoop27_datanode_2 ... [32mdone[0m[4B[2A[2KCreating hadoop27_om_1       ... [32mdone[0m[2B[1A[2KCreating hadoop27_nm_1       ... [32mdone[0m[1B[3A[2KCreating hadoop27_datanode_3 ... [32mdone[0m[3B[5A[2KCreating hadoop27_datanode_1 ... [32mdone[0m[5B[6A[2KCreating hadoop27_s3g_1      ... [32mdone[0m[6BWARNING! Datanodes are not started successfully. Please check the docker-compose files
==============================================================================
hadoop27-createmrenv :: Create directories required for MR test               
==============================================================================
Create test volume, bucket and key                                    | FAIL |
Test timeout 2 minutes exceeded.
------------------------------------------------------------------------------
Create user dir for hadoop                                            | FAIL |
1 != 0
------------------------------------------------------------------------------
hadoop27-createmrenv :: Create directories required for MR test       | FAIL |
2 critical tests, 0 passed, 2 failed
2 tests total, 0 passed, 2 failed
==============================================================================
Output:  /tmp/smoketest/hadoop27/result/robot-hadoop27-hadoop27-createmrenv-scm.xml
fetch http://dl-cdn.alpinelinux.org/alpine/v3.8/main/x86_64/APKINDEX.tar.gz
fetch http://dl-cdn.alpinelinux.org/alpine/v3.8/community/x86_64/APKINDEX.tar.gz
(1/7) Installing libbz2 (1.0.6-r7)
(2/7) Installing libffi (3.2.1-r4)
(3/7) Installing gdbm (1.13-r1)
(4/7) Installing sqlite-libs (3.25.3-r1)
(5/7) Installing python2 (2.7.15-r2)
(6/7) Installing py-setuptools (39.1.0-r0)
(7/7) Installing py2-pip (10.0.1-r0)
Executing busybox-1.28.4-r0.trigger
Executing glibc-bin-2.27-r0.trigger
OK: 93 MiB in 45 packages
Collecting robotframework
  Downloading https://files.pythonhosted.org/packages/22/0f/1b9ffa0c4e59789b50e6034866e823b7d4a5c7eaedad7bfd0bba42f2aa9d/robotframework-3.1.2-py2.py3-none-any.whl (602kB)
Installing collected packages: robotframework
Successfully installed robotframework-3.1.2
You are using pip version 10.0.1, however version 19.2.3 is available.
You should consider upgrading via the 'pip install --upgrade pip' command.
==============================================================================
hadoop27-hadoopo3fs :: Test ozone fs with hadoopfs                            
==============================================================================
Test hadoop dfs                                                       | FAIL |
1 != 0
------------------------------------------------------------------------------
hadoop27-hadoopo3fs :: Test ozone fs with hadoopfs                    | FAIL |
1 critical test, 0 passed, 1 failed
1 test total, 0 passed, 1 failed
==============================================================================
Output:  /tmp/smoketest/hadoop27/result/robot-hadoop27-hadoop27-hadoopo3fs-rm.xml
==============================================================================
hadoop27-mapreduce :: Execute MR jobs                                         
==============================================================================
Execute PI calculation                                                | FAIL |
255 != 0
------------------------------------------------------------------------------
Execute WordCount                                                     | FAIL |
255 != 0
------------------------------------------------------------------------------
hadoop27-mapreduce :: Execute MR jobs                                 | FAIL |
2 critical tests, 0 passed, 2 failed
2 tests total, 0 passed, 2 failed
==============================================================================
Output:  /tmp/smoketest/hadoop27/result/robot-hadoop27-hadoop27-mapreduce-rm.xml
Connection pool is full, discarding connection: 0.0.0.0
Connection pool is full, discarding connection: 0.0.0.0
Stopping hadoop27_datanode_1 ... 
Stopping hadoop27_datanode_3 ... 
Stopping hadoop27_nm_1       ... 
Stopping hadoop27_datanode_2 ... 
Stopping hadoop27_s3g_1      ... 
Stopping hadoop27_scm_1      ... 
Stopping hadoop27_rm_1       ... 
[5A[2KStopping hadoop27_nm_1       ... [32mdone[0m[5B[1A[2KStopping hadoop27_rm_1       ... [32mdone[0m[1B[2A[2KStopping hadoop27_scm_1      ... [32mdone[0m[2B[4A[2KStopping hadoop27_datanode_2 ... [32mdone[0m[4B[3A[2KStopping hadoop27_s3g_1      ... [32mdone[0m[3B[7A[2KStopping hadoop27_datanode_1 ... [32mdone[0m[7B[6A[2KStopping hadoop27_datanode_3 ... [32mdone[0m[6BRemoving hadoop27_datanode_1 ... 
Removing hadoop27_datanode_3 ... 
Removing hadoop27_om_1       ... 
Removing hadoop27_nm_1       ... 
Removing hadoop27_datanode_2 ... 
Removing hadoop27_s3g_1      ... 
Removing hadoop27_scm_1      ... 
Removing hadoop27_rm_1       ... 
[4A[2KRemoving hadoop27_datanode_2 ... [32mdone[0m[4B[2A[2KRemoving hadoop27_scm_1      ... [32mdone[0m[2B[7A[2KRemoving hadoop27_datanode_3 ... [32mdone[0m[7B[3A[2KRemoving hadoop27_s3g_1      ... [32mdone[0m[3B[5A[2KRemoving hadoop27_nm_1       ... [32mdone[0m[5B[8A[2KRemoving hadoop27_datanode_1 ... [32mdone[0m[8B[6A[2KRemoving hadoop27_om_1       ... [32mdone[0m[6B[1A[2KRemoving hadoop27_rm_1       ... [32mdone[0m[1BRemoving network hadoop27_default
Log:     /workdir/hadoop-ozone/dist/target/ozone-0.5.0-SNAPSHOT/compose/ozone-mr/hadoop27/result/log.html
Report:  /workdir/hadoop-ozone/dist/target/ozone-0.5.0-SNAPSHOT/compose/ozone-mr/hadoop27/result/report.html
ERROR: Test execution of /workdir/hadoop-ozone/dist/target/ozone-0.5.0-SNAPSHOT/compose/ozone-mr/hadoop27 is FAILED!!!!
Executing test in /workdir/hadoop-ozone/dist/target/ozone-0.5.0-SNAPSHOT/compose/ozone-mr/hadoop32
Removing network hadoop32_default
Network hadoop32_default not found.
Creating network "hadoop32_default" with the default driver
Pulling nm (apache/hadoop:3)...
3: Pulling from apache/hadoop
Digest: sha256:5cba355fd83de1bcce907abaa7f8ac3cfbc2ab74a09785ecdc892392883344f6
Status: Downloaded newer image for apache/hadoop:3
Creating hadoop32_scm_1 ... 
Creating hadoop32_rm_1  ... 
Creating hadoop32_datanode_1 ... 
Creating hadoop32_datanode_2 ... 
Creating hadoop32_datanode_3 ... 
Creating hadoop32_om_1       ... 
Creating hadoop32_nm_1       ... 
Creating hadoop32_s3g_1      ... 
[4A[2KCreating hadoop32_datanode_3 ... [32mdone[0m[4B[7A[2KCreating hadoop32_rm_1       ... [32mdone[0m[7B[1A[2KCreating hadoop32_s3g_1      ... [32mdone[0m[1B[8A[2KCreating hadoop32_scm_1      ... [32mdone[0m[8B[3A[2KCreating hadoop32_om_1       ... [32mdone[0m[3B[2A[2KCreating hadoop32_nm_1       ... [32mdone[0m[2B[5A[2KCreating hadoop32_datanode_2 ... [32mdone[0m[5B[6A[2KCreating hadoop32_datanode_1 ... [32mdone[0m[6BWARNING! Datanodes are not started successfully. Please check the docker-compose files
==============================================================================
hadoop32-createmrenv :: Create directories required for MR test               
==============================================================================
Create test volume, bucket and key                                    | FAIL |
Test timeout 2 minutes exceeded.
------------------------------------------------------------------------------
Create user dir for hadoop                                            | FAIL |
1 != 0
------------------------------------------------------------------------------
hadoop32-createmrenv :: Create directories required for MR test       | FAIL |
2 critical tests, 0 passed, 2 failed
2 tests total, 0 passed, 2 failed
==============================================================================
Output:  /tmp/smoketest/hadoop32/result/robot-hadoop32-hadoop32-createmrenv-scm.xml
==============================================================================
hadoop32-hadoopo3fs :: Test ozone fs with hadoopfs                            
==============================================================================
Test hadoop dfs                                                       | FAIL |
1 != 0
------------------------------------------------------------------------------
hadoop32-hadoopo3fs :: Test ozone fs with hadoopfs                    | FAIL |
1 critical test, 0 passed, 1 failed
1 test total, 0 passed, 1 failed
==============================================================================
Output:  /tmp/smoketest/hadoop32/result/robot-hadoop32-hadoop32-hadoopo3fs-rm.xml
==============================================================================
hadoop32-mapreduce :: Execute MR jobs                                         
==============================================================================
Execute PI calculation                                                | FAIL |
255 != 0
------------------------------------------------------------------------------
Execute WordCount                                                     | FAIL |
255 != 0
------------------------------------------------------------------------------
hadoop32-mapreduce :: Execute MR jobs                                 | FAIL |
2 critical tests, 0 passed, 2 failed
2 tests total, 0 passed, 2 failed
==============================================================================
Output:  /tmp/smoketest/hadoop32/result/robot-hadoop32-hadoop32-mapreduce-rm.xml
Connection pool is full, discarding connection: 0.0.0.0
Connection pool is full, discarding connection: 0.0.0.0
Stopping hadoop32_datanode_1 ... 
Stopping hadoop32_nm_1       ... 
Stopping hadoop32_datanode_2 ... 
Stopping hadoop32_scm_1      ... 
Stopping hadoop32_s3g_1      ... 
Stopping hadoop32_datanode_3 ... 
Stopping hadoop32_rm_1       ... 
[6A[2KStopping hadoop32_nm_1       ... [32mdone[0m[6B[4A[2KStopping hadoop32_scm_1      ... [32mdone[0m[4B[1A[2KStopping hadoop32_rm_1       ... [32mdone[0m[1B[7A[2KStopping hadoop32_datanode_1 ... [32mdone[0m[7B[2A[2KStopping hadoop32_datanode_3 ... [32mdone[0m[2B[3A[2KStopping hadoop32_s3g_1      ... [32mdone[0m[3B[5A[2KStopping hadoop32_datanode_2 ... [32mdone[0m[5BRemoving hadoop32_datanode_1 ... 
Removing hadoop32_nm_1       ... 
Removing hadoop32_datanode_2 ... 
Removing hadoop32_scm_1      ... 
Removing hadoop32_om_1       ... 
Removing hadoop32_s3g_1      ... 
Removing hadoop32_datanode_3 ... 
Removing hadoop32_rm_1       ... 
[7A[2KRemoving hadoop32_nm_1       ... [32mdone[0m[7B[4A[2KRemoving hadoop32_om_1       ... [32mdone[0m[4B[3A[2KRemoving hadoop32_s3g_1      ... [32mdone[0m[3B[1A[2KRemoving hadoop32_rm_1       ... [32mdone[0m[1B[8A[2KRemoving hadoop32_datanode_1 ... [32mdone[0m[8B[6A[2KRemoving hadoop32_datanode_2 ... [32mdone[0m[6B[2A[2KRemoving hadoop32_datanode_3 ... [32mdone[0m[2B[5A[2KRemoving hadoop32_scm_1      ... [32mdone[0m[5BRemoving network hadoop32_default
Log:     /workdir/hadoop-ozone/dist/target/ozone-0.5.0-SNAPSHOT/compose/ozone-mr/hadoop32/result/log.html
Report:  /workdir/hadoop-ozone/dist/target/ozone-0.5.0-SNAPSHOT/compose/ozone-mr/hadoop32/result/report.html
ERROR: Test execution of /workdir/hadoop-ozone/dist/target/ozone-0.5.0-SNAPSHOT/compose/ozone-mr/hadoop32 is FAILED!!!!
Executing test in /workdir/hadoop-ozone/dist/target/ozone-0.5.0-SNAPSHOT/compose/ozone-mr/hadoop31
Removing network hadoop31_default
Network hadoop31_default not found.
Creating network "hadoop31_default" with the default driver
Pulling nm (flokkr/hadoop:3.1.2)...
3.1.2: Pulling from flokkr/hadoop
Digest: sha256:aaed24f2f15ef520340c98c99c96c62056e018fdfe4591b8dfdfa8fd50636dc1
Status: Downloaded newer image for flokkr/hadoop:3.1.2
Creating hadoop31_rm_1 ... 
Creating hadoop31_scm_1 ... 
Creating hadoop31_datanode_1 ... 
Creating hadoop31_om_1       ... 
Creating hadoop31_nm_1       ... 
Creating hadoop31_datanode_2 ... 
Creating hadoop31_s3g_1      ... 
Creating hadoop31_datanode_3 ... 
[8A[2KCreating hadoop31_rm_1       ... [32mdone[0m[8B[7A[2KCreating hadoop31_scm_1      ... [32mdone[0m[7B[1A[2KCreating hadoop31_s3g_1      ... [32mdone[0m[1B[3A[2KCreating hadoop31_om_1       ... [32mdone[0m[3B[6A[2KCreating hadoop31_datanode_1 ... [32mdone[0m[6B[2A[2KCreating hadoop31_nm_1       ... [32mdone[0m[2B[4A[2KCreating hadoop31_datanode_3 ... [32mdone[0m[4B[5A[2KCreating hadoop31_datanode_2 ... [32mdone[0m[5BWARNING! Datanodes are not started successfully. Please check the docker-compose files
==============================================================================
hadoop31-createmrenv :: Create directories required for MR test               
==============================================================================
Create test volume, bucket and key                                    | FAIL |
Test timeout 2 minutes exceeded.
------------------------------------------------------------------------------
Create user dir for hadoop                                            | FAIL |
1 != 0
------------------------------------------------------------------------------
hadoop31-createmrenv :: Create directories required for MR test       | FAIL |
2 critical tests, 0 passed, 2 failed
2 tests total, 0 passed, 2 failed
==============================================================================
Output:  /tmp/smoketest/hadoop31/result/robot-hadoop31-hadoop31-createmrenv-scm.xml
fetch http://dl-cdn.alpinelinux.org/alpine/v3.8/main/x86_64/APKINDEX.tar.gz
fetch http://dl-cdn.alpinelinux.org/alpine/v3.8/community/x86_64/APKINDEX.tar.gz
(1/7) Installing libbz2 (1.0.6-r7)
(2/7) Installing libffi (3.2.1-r4)
(3/7) Installing gdbm (1.13-r1)
(4/7) Installing sqlite-libs (3.25.3-r1)
(5/7) Installing python2 (2.7.15-r2)
(6/7) Installing py-setuptools (39.1.0-r0)
(7/7) Installing py2-pip (10.0.1-r0)
Executing busybox-1.28.4-r0.trigger
Executing glibc-bin-2.27-r0.trigger
OK: 93 MiB in 45 packages
Collecting robotframework
  Downloading https://files.pythonhosted.org/packages/22/0f/1b9ffa0c4e59789b50e6034866e823b7d4a5c7eaedad7bfd0bba42f2aa9d/robotframework-3.1.2-py2.py3-none-any.whl (602kB)
Installing collected packages: robotframework
Successfully installed robotframework-3.1.2
You are using pip version 10.0.1, however version 19.2.3 is available.
You should consider upgrading via the 'pip install --upgrade pip' command.
==============================================================================
hadoop31-hadoopo3fs :: Test ozone fs with hadoopfs                            
==============================================================================
Test hadoop dfs                                                       | FAIL |
1 != 0
------------------------------------------------------------------------------
hadoop31-hadoopo3fs :: Test ozone fs with hadoopfs                    | FAIL |
1 critical test, 0 passed, 1 failed
1 test total, 0 passed, 1 failed
==============================================================================
Output:  /tmp/smoketest/hadoop31/result/robot-hadoop31-hadoop31-hadoopo3fs-rm.xml
==============================================================================
hadoop31-mapreduce :: Execute MR jobs                                         
==============================================================================
Execute PI calculation                                                | FAIL |
255 != 0
------------------------------------------------------------------------------
Execute WordCount                                                     | FAIL |
255 != 0
------------------------------------------------------------------------------
hadoop31-mapreduce :: Execute MR jobs                                 | FAIL |
2 critical tests, 0 passed, 2 failed
2 tests total, 0 passed, 2 failed
==============================================================================
Output:  /tmp/smoketest/hadoop31/result/robot-hadoop31-hadoop31-mapreduce-rm.xml
Connection pool is full, discarding connection: 0.0.0.0
Stopping hadoop31_datanode_1 ... 
Stopping hadoop31_datanode_3 ... 
Stopping hadoop31_nm_1       ... 
Stopping hadoop31_datanode_2 ... 
Stopping hadoop31_s3g_1      ... 
Stopping hadoop31_scm_1      ... 
Stopping hadoop31_rm_1       ... 
[2A[2KStopping hadoop31_scm_1      ... [32mdone[0m[2B[1A[2KStopping hadoop31_rm_1       ... [32mdone[0m[1B[5A[2KStopping hadoop31_nm_1       ... [32mdone[0m[5B[7A[2KStopping hadoop31_datanode_1 ... [32mdone[0m[7B[3A[2KStopping hadoop31_s3g_1      ... [32mdone[0m[3B[6A[2KStopping hadoop31_datanode_3 ... [32mdone[0m[6B[4A[2KStopping hadoop31_datanode_2 ... [32mdone[0m[4BRemoving hadoop31_datanode_1 ... 
Removing hadoop31_datanode_3 ... 
Removing hadoop31_nm_1       ... 
Removing hadoop31_datanode_2 ... 
Removing hadoop31_om_1       ... 
Removing hadoop31_s3g_1      ... 
Removing hadoop31_scm_1      ... 
Removing hadoop31_rm_1       ... 
[6A[2KRemoving hadoop31_nm_1       ... [32mdone[0m[6B[5A[2KRemoving hadoop31_datanode_2 ... [32mdone[0m[5B[4A[2KRemoving hadoop31_om_1       ... [32mdone[0m[4B[1A[2KRemoving hadoop31_rm_1       ... [32mdone[0m[1B[8A[2KRemoving hadoop31_datanode_1 ... [32mdone[0m[8B[7A[2KRemoving hadoop31_datanode_3 ... [32mdone[0m[7B[3A[2KRemoving hadoop31_s3g_1      ... [32mdone[0m[3B[2A[2KRemoving hadoop31_scm_1      ... [32mdone[0m[2BRemoving network hadoop31_default
Log:     /workdir/hadoop-ozone/dist/target/ozone-0.5.0-SNAPSHOT/compose/ozone-mr/hadoop31/result/log.html
Report:  /workdir/hadoop-ozone/dist/target/ozone-0.5.0-SNAPSHOT/compose/ozone-mr/hadoop31/result/report.html
ERROR: Test execution of /workdir/hadoop-ozone/dist/target/ozone-0.5.0-SNAPSHOT/compose/ozone-mr/hadoop31 is FAILED!!!!
Executing test in /workdir/hadoop-ozone/dist/target/ozone-0.5.0-SNAPSHOT/compose/ozone-topology
Removing network ozone-topology_net
Network ozone-topology_net not found.
Creating network "ozone-topology_net" with driver "bridge"
Creating ozone-topology_datanode_3_1 ... 
Creating ozone-topology_datanode_1_1 ... 
Creating ozone-topology_datanode_2_1 ... 
Creating ozone-topology_scm_1        ... 
Creating ozone-topology_om_1         ... 
Creating ozone-topology_datanode_4_1 ... 
[3A[2KCreating ozone-topology_scm_1        ... [32mdone[0m[3B[6A[2KCreating ozone-topology_datanode_3_1 ... [32mdone[0m[6B[4A[2KCreating ozone-topology_datanode_2_1 ... [32mdone[0m[4B[5A[2KCreating ozone-topology_datanode_1_1 ... [32mdone[0m[5B[2A[2KCreating ozone-topology_om_1         ... [32mdone[0m[2B[1A[2KCreating ozone-topology_datanode_4_1 ... [32mdone[0m[1BWARNING! Datanodes are not started successfully. Please check the docker-compose files
==============================================================================
ozone-topology-auditparser                                                    
==============================================================================
ozone-topology-auditparser.Auditparser :: Smoketest ozone cluster startup     
==============================================================================
Initiating freon to generate data                                     | FAIL |
255 != 0
------------------------------------------------------------------------------
Testing audit parser                                                  | FAIL |
'' does not contain 'ALLOCATE_KEY'
------------------------------------------------------------------------------
ozone-topology-auditparser.Auditparser :: Smoketest ozone cluster ... | FAIL |
2 critical tests, 0 passed, 2 failed
2 tests total, 0 passed, 2 failed
==============================================================================
ozone-topology-auditparser                                            | FAIL |
2 critical tests, 0 passed, 2 failed
2 tests total, 0 passed, 2 failed
==============================================================================
Output:  /tmp/smoketest/ozone-topology/result/robot-ozone-topology-ozone-topology-auditparser-om.xml
==============================================================================
ozone-topology-basic :: Smoketest ozone cluster startup                       
==============================================================================
Check webui static resources                                          | FAIL |
7 != 0
------------------------------------------------------------------------------
Start freon testing                                                   | FAIL |
255 != 0
------------------------------------------------------------------------------
ozone-topology-basic :: Smoketest ozone cluster startup               | FAIL |
2 critical tests, 0 passed, 2 failed
2 tests total, 0 passed, 2 failed
==============================================================================
Output:  /tmp/smoketest/ozone-topology/result/robot-ozone-topology-ozone-topology-basic-scm.xml
==============================================================================
ozone-topology-scmcli :: Smoketest ozone cluster startup                      
==============================================================================
Run printTopology                                                     | FAIL |
255 != 0
------------------------------------------------------------------------------
Run printTopology -o                                                  | FAIL |
255 != 0
------------------------------------------------------------------------------
ozone-topology-scmcli :: Smoketest ozone cluster startup              | FAIL |
2 critical tests, 0 passed, 2 failed
2 tests total, 0 passed, 2 failed
==============================================================================
Output:  /tmp/smoketest/ozone-topology/result/robot-ozone-topology-ozone-topology-scmcli-scm.xml
Stopping ozone-topology_datanode_4_1 ... 
Stopping ozone-topology_om_1         ... 
Stopping ozone-topology_datanode_2_1 ... 
Stopping ozone-topology_datanode_1_1 ... 
Stopping ozone-topology_datanode_3_1 ... 
Stopping ozone-topology_scm_1        ... 
[5A[2KStopping ozone-topology_om_1         ... [32mdone[0m[5B[1A[2KStopping ozone-topology_scm_1        ... [32mdone[0m[1B[4A[2KStopping ozone-topology_datanode_2_1 ... [32mdone[0m[4B[3A[2KStopping ozone-topology_datanode_1_1 ... [32mdone[0m[3B[6A[2KStopping ozone-topology_datanode_4_1 ... [32mdone[0m[6B[2A[2KStopping ozone-topology_datanode_3_1 ... [32mdone[0m[2BRemoving ozone-topology_datanode_4_1 ... 
Removing ozone-topology_om_1         ... 
Removing ozone-topology_datanode_2_1 ... 
Removing ozone-topology_datanode_1_1 ... 
Removing ozone-topology_datanode_3_1 ... 
Removing ozone-topology_scm_1        ... 
[1A[2KRemoving ozone-topology_scm_1        ... [32mdone[0m[1B[4A[2KRemoving ozone-topology_datanode_2_1 ... [32mdone[0m[4B[6A[2KRemoving ozone-topology_datanode_4_1 ... [32mdone[0m[6B[2A[2KRemoving ozone-topology_datanode_3_1 ... [32mdone[0m[2B[5A[2KRemoving ozone-topology_om_1         ... [32mdone[0m[5B[3A[2KRemoving ozone-topology_datanode_1_1 ... [32mdone[0m[3BRemoving network ozone-topology_net
Log:     /workdir/hadoop-ozone/dist/target/ozone-0.5.0-SNAPSHOT/compose/ozone-topology/result/log.html
Report:  /workdir/hadoop-ozone/dist/target/ozone-0.5.0-SNAPSHOT/compose/ozone-topology/result/report.html
ERROR: Test execution of /workdir/hadoop-ozone/dist/target/ozone-0.5.0-SNAPSHOT/compose/ozone-topology is FAILED!!!!
Executing test in /workdir/hadoop-ozone/dist/target/ozone-0.5.0-SNAPSHOT/compose/ozoneperf
Removing network ozoneperf_default
Network ozoneperf_default not found.
Creating network "ozoneperf_default" with the default driver
Pulling jaeger (jaegertracing/all-in-one:latest)...
latest: Pulling from jaegertracing/all-in-one
Digest: sha256:3cfb1fa91ba6c837c569edc5c4fed8e4a60986b0d1bd7a6aa35d1006bae1150e
Status: Downloaded newer image for jaegertracing/all-in-one:latest
Pulling grafana (grafana/grafana:)...
latest: Pulling from grafana/grafana
Digest: sha256:f458ea6aaf4b04485bbb86c686a9435e133cefa7644c46513955104a667b2ab1
Status: Downloaded newer image for grafana/grafana:latest
Pulling prometheus (prom/prometheus:)...
latest: Pulling from prom/prometheus
Digest: sha256:cd93b8711bb92eb9c437d74217311519e0a93bc55779aa664325dc83cd13cb32
Status: Downloaded newer image for prom/prometheus:latest
Creating ozoneperf_datanode_1 ... 
Creating ozoneperf_datanode_2 ... 
Creating ozoneperf_datanode_3 ... 
Creating ozoneperf_s3g_1      ... 
Creating ozoneperf_grafana_1  ... 
Creating ozoneperf_freon_1    ... 
Creating ozoneperf_om_1       ... 
Creating ozoneperf_jaeger_1   ... 
Creating ozoneperf_scm_1      ... 
Creating ozoneperf_prometheus_1 ... 
[8A[2KCreating ozoneperf_datanode_3   ... [32mdone[0m[8B[10A[2KCreating ozoneperf_datanode_1   ... [32mdone[0m[10B[6A[2KCreating ozoneperf_grafana_1    ... [32mdone[0m[6B[9A[2KCreating ozoneperf_datanode_2   ... [32mdone[0m[9B[7A[2KCreating ozoneperf_s3g_1        ... [32mdone[0m[7B[3A[2KCreating ozoneperf_jaeger_1     ... [32mdone[0m[3B[2A[2KCreating ozoneperf_scm_1        ... [32mdone[0m[2B[1A[2KCreating ozoneperf_prometheus_1 ... [32mdone[0m[1B[4A[2KCreating ozoneperf_om_1         ... [32mdone[0m[4B[5A[2KCreating ozoneperf_freon_1      ... [32mdone[0m[5BWARNING! Datanodes are not started successfully. Please check the docker-compose files
==============================================================================
ozoneperf-basic :: Smoketest ozone cluster startup                            
==============================================================================
Check webui static resources                                          | FAIL |
7 != 0
------------------------------------------------------------------------------
Start freon testing                                                   | FAIL |
255 != 0
------------------------------------------------------------------------------
ozoneperf-basic :: Smoketest ozone cluster startup                    | FAIL |
2 critical tests, 0 passed, 2 failed
2 tests total, 0 passed, 2 failed
==============================================================================
Output:  /tmp/smoketest/ozoneperf/result/robot-ozoneperf-ozoneperf-basic-scm.xml
Connection pool is full, discarding connection: 0.0.0.0
Stopping ozoneperf_prometheus_1 ... 
Stopping ozoneperf_scm_1        ... 
Stopping ozoneperf_jaeger_1     ... 
Stopping ozoneperf_om_1         ... 
Stopping ozoneperf_s3g_1        ... 
Stopping ozoneperf_datanode_2   ... 
Stopping ozoneperf_grafana_1    ... 
Stopping ozoneperf_datanode_1   ... 
Stopping ozoneperf_datanode_3   ... 
[7A[2KStopping ozoneperf_jaeger_1     ... [32mdone[0m[7B[6A[2KStopping ozoneperf_om_1         ... [32mdone[0m[6B[5A[2KStopping ozoneperf_s3g_1        ... [32mdone[0m[5B[9A[2KStopping ozoneperf_prometheus_1 ... [32mdone[0m[9B[4A[2KStopping ozoneperf_datanode_2   ... [32mdone[0m[4B[8A[2KStopping ozoneperf_scm_1        ... [32mdone[0m[8B[3A[2KStopping ozoneperf_grafana_1    ... [32mdone[0m[3B[2A[2KStopping ozoneperf_datanode_1   ... [32mdone[0m[2B[1A[2KStopping ozoneperf_datanode_3   ... [32mdone[0m[1BRemoving ozoneperf_prometheus_1 ... 
Removing ozoneperf_scm_1        ... 
Removing ozoneperf_freon_1      ... 
Removing ozoneperf_jaeger_1     ... 
Removing ozoneperf_om_1         ... 
Removing ozoneperf_s3g_1        ... 
Removing ozoneperf_datanode_2   ... 
Removing ozoneperf_grafana_1    ... 
Removing ozoneperf_datanode_1   ... 
Removing ozoneperf_datanode_3   ... 
[4A[2KRemoving ozoneperf_datanode_2   ... [32mdone[0m[4B[1A[2KRemoving ozoneperf_datanode_3   ... [32mdone[0m[1B[10A[2KRemoving ozoneperf_prometheus_1 ... [32mdone[0m[10B[5A[2KRemoving ozoneperf_s3g_1        ... [32mdone[0m[5B[8A[2KRemoving ozoneperf_freon_1      ... [32mdone[0m[8B[7A[2KRemoving ozoneperf_jaeger_1     ... [32mdone[0m[7B[9A[2KRemoving ozoneperf_scm_1        ... [32mdone[0m[9B[2A[2KRemoving ozoneperf_datanode_1   ... [32mdone[0m[2B[6A[2KRemoving ozoneperf_om_1         ... [32mdone[0m[6B[3A[2KRemoving ozoneperf_grafana_1    ... [32mdone[0m[3BRemoving network ozoneperf_default
Log:     /workdir/hadoop-ozone/dist/target/ozone-0.5.0-SNAPSHOT/compose/ozoneperf/result/log.html
Report:  /workdir/hadoop-ozone/dist/target/ozone-0.5.0-SNAPSHOT/compose/ozoneperf/result/report.html
ERROR: Test execution of /workdir/hadoop-ozone/dist/target/ozone-0.5.0-SNAPSHOT/compose/ozoneperf is FAILED!!!!
Executing test in /workdir/hadoop-ozone/dist/target/ozone-0.5.0-SNAPSHOT/compose/ozone-recon
Removing network ozone-recon_default
Network ozone-recon_default not found.
Creating network "ozone-recon_default" with the default driver
Creating ozone-recon_scm_1 ... 
Creating ozone-recon_recon_1 ... 
Creating ozone-recon_datanode_1 ... 
Creating ozone-recon_datanode_2 ... 
Creating ozone-recon_datanode_3 ... 
Creating ozone-recon_om_1       ... 
[6A[2KCreating ozone-recon_scm_1      ... [32mdone[0m[6B[5A[2KCreating ozone-recon_recon_1    ... [32mdone[0m[5B[4A[2KCreating ozone-recon_datanode_1 ... [32mdone[0m[4B[3A[2KCreating ozone-recon_datanode_2 ... [32mdone[0m[3B[1A[2KCreating ozone-recon_om_1       ... [32mdone[0m[1B[2A[2KCreating ozone-recon_datanode_3 ... [32mdone[0m[2BWARNING! Datanodes are not started successfully. Please check the docker-compose files
==============================================================================
ozone-recon-basic :: Smoketest ozone cluster startup                          
==============================================================================
Check webui static resources                                          | FAIL |
7 != 0
------------------------------------------------------------------------------
Start freon testing                                                   | FAIL |
255 != 0
------------------------------------------------------------------------------
ozone-recon-basic :: Smoketest ozone cluster startup                  | FAIL |
2 critical tests, 0 passed, 2 failed
2 tests total, 0 passed, 2 failed
==============================================================================
Output:  /tmp/smoketest/ozone-recon/result/robot-ozone-recon-ozone-recon-basic-scm.xml
Connection pool is full, discarding connection: 0.0.0.0
Stopping ozone-recon_datanode_3 ... 
Stopping ozone-recon_datanode_2 ... 
Stopping ozone-recon_om_1       ... 
Stopping ozone-recon_recon_1    ... 
Stopping ozone-recon_datanode_1 ... 
Stopping ozone-recon_scm_1      ... 
[3A[2KStopping ozone-recon_recon_1    ... [32mdone[0m[3B[1A[2KStopping ozone-recon_scm_1      ... [32mdone[0m[1B[4A[2KStopping ozone-recon_om_1       ... [32mdone[0m[4B[2A[2KStopping ozone-recon_datanode_1 ... [32mdone[0m[2B[6A[2KStopping ozone-recon_datanode_3 ... [32mdone[0m[6B[5A[2KStopping ozone-recon_datanode_2 ... [32mdone[0m[5BRemoving ozone-recon_datanode_3 ... 
Removing ozone-recon_datanode_2 ... 
Removing ozone-recon_om_1       ... 
Removing ozone-recon_recon_1    ... 
Removing ozone-recon_datanode_1 ... 
Removing ozone-recon_scm_1      ... 
[3A[2KRemoving ozone-recon_recon_1    ... [32mdone[0m[3B[1A[2KRemoving ozone-recon_scm_1      ... [32mdone[0m[1B[5A[2KRemoving ozone-recon_datanode_2 ... [32mdone[0m[5B[4A[2KRemoving ozone-recon_om_1       ... [32mdone[0m[4B[6A[2KRemoving ozone-recon_datanode_3 ... [32mdone[0m[6B[2A[2KRemoving ozone-recon_datanode_1 ... [32mdone[0m[2BRemoving network ozone-recon_default
Log:     /workdir/hadoop-ozone/dist/target/ozone-0.5.0-SNAPSHOT/compose/ozone-recon/result/log.html
Report:  /workdir/hadoop-ozone/dist/target/ozone-0.5.0-SNAPSHOT/compose/ozone-recon/result/report.html
ERROR: Test execution of /workdir/hadoop-ozone/dist/target/ozone-0.5.0-SNAPSHOT/compose/ozone-recon is FAILED!!!!
Executing test in /workdir/hadoop-ozone/dist/target/ozone-0.5.0-SNAPSHOT/compose/ozonesecure
Removing network ozonesecure_default
Network ozonesecure_default not found.
Creating network "ozonesecure_default" with the default driver
Building kdc
Step 1/16 : FROM openjdk:8u191-jdk-alpine3.9
8u191-jdk-alpine3.9: Pulling from library/openjdk
Digest: sha256:d2e2716147d1f7fe73b1a9f72a9cff7a7aa92d32eb8de4fffbfddc596e004984
Status: Downloaded newer image for openjdk:8u191-jdk-alpine3.9
 ---> e9ea51023687
Step 2/16 : RUN apk add --update bash ca-certificates openssl krb5-server krb5 && rm -rf /var/cache/apk/* && update-ca-certificates
 ---> Running in fb05c2bd7374
fetch http://dl-cdn.alpinelinux.org/alpine/v3.9/main/x86_64/APKINDEX.tar.gz
fetch http://dl-cdn.alpinelinux.org/alpine/v3.9/community/x86_64/APKINDEX.tar.gz
(1/15) Installing ncurses-terminfo-base (6.1_p20190105-r0)
(2/15) Installing ncurses-terminfo (6.1_p20190105-r0)
(3/15) Installing ncurses-libs (6.1_p20190105-r0)
(4/15) Installing readline (7.0.003-r1)
(5/15) Installing bash (4.4.19-r1)
Executing bash-4.4.19-r1.post-install
(6/15) Installing e2fsprogs-libs (1.44.5-r0)
(7/15) Installing krb5 (1.15.5-r0)
(8/15) Installing libev (4.25-r0)
(9/15) Installing libverto-libev (0.3.0-r1)
(10/15) Installing db (5.3.28-r1)
(11/15) Installing libsasl (2.1.27-r1)
(12/15) Installing libldap (2.4.48-r0)
(13/15) Installing krb5-server-ldap (1.15.5-r0)
(14/15) Installing krb5-server (1.15.5-r0)
(15/15) Installing openssl (1.1.1b-r1)
Executing busybox-1.29.3-r10.trigger
OK: 117 MiB in 69 packages
[91mWARNING: ca-certificates.crt does not contain exactly one certificate or CRL: skipping
[0m ---> 1522435332cd
Step 3/16 : RUN wget -O /usr/local/bin/dumb-init https://github.com/Yelp/dumb-init/releases/download/v1.2.0/dumb-init_1.2.0_amd64
 ---> Running in 189e7f759b91
[91mConnecting to github.com (192.30.255.112:443)
[0m[91mConnecting to github-production-release-asset-2e65be.s3.amazonaws.com (52.216.115.59:443)
[0m[91mdumb-init            100% |********************************| 46400  0:00:00 ETA

[0m ---> 714c7e205a0d
Step 4/16 : RUN chmod +x /usr/local/bin/dumb-init
 ---> Running in 4702cafdee02
 ---> 9c4e9286cc0e
Step 5/16 : RUN wget -O /root/issuer https://github.com/ajayydv/docker/raw/kdc/issuer
 ---> Running in f04bcf6a127c
[91mConnecting to github.com (192.30.255.112:443)
[0m[91mConnecting to raw.githubusercontent.com (151.101.128.133:443)
[0m[91missuer               100% |********************************| 6586k  0:00:00 ETA

[0m ---> 8a151af998c1
Step 6/16 : RUN chmod +x /root/issuer
 ---> Running in ff8436e3537e
 ---> 27158e6cefa7
Step 7/16 : WORKDIR /opt
 ---> 0b1b72d66d6a
Step 8/16 : ADD krb5.conf /etc/
 ---> 8a23a590aef6
Step 9/16 : ADD kadm5.acl /var/lib/krb5kdc/kadm5.acl
 ---> 1f883d72fa12
Step 10/16 : RUN kdb5_util create -s -P Welcome1
 ---> Running in 337d6b0e5c4a
Loading random data
Initializing database '/var/lib/krb5kdc/principal' for realm 'EXAMPLE.COM',
master key name 'K/M@EXAMPLE.COM'
 ---> 7849cfac63d0
Step 11/16 : RUN kadmin.local -q "addprinc -randkey admin/admin@EXAMPLE.COM"
 ---> Running in 5c41b1802617
Authenticating as principal root/admin@EXAMPLE.COM with password.
[91mWARNING: no policy specified for admin/admin@EXAMPLE.COM; defaulting to no policy
[0mPrincipal "admin/admin@EXAMPLE.COM" created.
 ---> 63f218d1d6e6
Step 12/16 : RUN kadmin.local -q "ktadd -k /tmp/admin.keytab admin/admin@EXAMPLE.COM"
 ---> Running in 7e2a14ee3e9b
Authenticating as principal root/admin@EXAMPLE.COM with password.
Entry for principal admin/admin@EXAMPLE.COM with kvno 2, encryption type aes256-cts-hmac-sha1-96 added to keytab WRFILE:/tmp/admin.keytab.
Entry for principal admin/admin@EXAMPLE.COM with kvno 2, encryption type aes128-cts-hmac-sha1-96 added to keytab WRFILE:/tmp/admin.keytab.
 ---> 3dbf17740aa6
Step 13/16 : ADD launcher.sh .
 ---> 5294d304fb75
Step 14/16 : RUN chmod +x /opt/launcher.sh
 ---> Running in ef3c617313f8
 ---> b47fb09cd0cd
Step 15/16 : RUN mkdir -p /data
 ---> Running in 8a5fee02c4da
 ---> 559f62469a98
Step 16/16 : ENTRYPOINT ["/usr/local/bin/dumb-init", "--", "/opt/launcher.sh"]
 ---> Running in 1eb4a82485f1
 ---> bc75bc03aed2
Removing intermediate container 1eb4a82485f1
Removing intermediate container fb05c2bd7374
Removing intermediate container 189e7f759b91
Removing intermediate container 3ba439aefcfa
Removing intermediate container 337d6b0e5c4a
Removing intermediate container 7e2a14ee3e9b
Removing intermediate container ef3c617313f8
Removing intermediate container 8a5fee02c4da
Removing intermediate container 4702cafdee02
Removing intermediate container f04bcf6a127c
Removing intermediate container ff8436e3537e
Removing intermediate container 5c41b1802617
[Warning] One or more build-args [buildno] were not consumed
Successfully built bc75bc03aed2
Successfully tagged ozonesecure_kdc:latest
Image for service kdc was built because it did not already exist. To rebuild this image you must use `docker-compose build` or `docker-compose up --build`.
Creating ozonesecure_kdc_1 ... 
Creating ozonesecure_kms_1 ... 
Creating ozonesecure_scm_1 ... 
Creating ozonesecure_recon_1 ... 
Creating ozonesecure_datanode_1 ... 
Creating ozonesecure_datanode_2 ... 
Creating ozonesecure_datanode_3 ... 
Creating ozonesecure_s3g_1      ... 
Creating ozonesecure_om_1       ... 
[9A[2KCreating ozonesecure_kdc_1      ... [32mdone[0m[9B[8A[2KCreating ozonesecure_kms_1      ... [32mdone[0m[8B[2A[2KCreating ozonesecure_s3g_1      ... [32mdone[0m[2B[5A[2KCreating ozonesecure_datanode_1 ... [32mdone[0m[5B[4A[2KCreating ozonesecure_datanode_2 ... [32mdone[0m[4B[3A[2KCreating ozonesecure_datanode_3 ... [32mdone[0m[3B[1A[2KCreating ozonesecure_om_1       ... [32mdone[0m[1B[7A[2KCreating ozonesecure_scm_1      ... [32mdone[0m[7B[6A[2KCreating ozonesecure_recon_1    ... [32mdone[0m[6Bkinit: Cannot contact any KDC for realm 'EXAMPLE.COM' while getting initial credentials
kinit: Cannot contact any KDC for realm 'EXAMPLE.COM' while getting initial credentials
kinit: Cannot contact any KDC for realm 'EXAMPLE.COM' while getting initial credentials
kinit: Cannot contact any KDC for realm 'EXAMPLE.COM' while getting initial credentials
kinit: Cannot contact any KDC for realm 'EXAMPLE.COM' while getting initial credentials
kinit: Cannot contact any KDC for realm 'EXAMPLE.COM' while getting initial credentials
kinit: Cannot contact any KDC for realm 'EXAMPLE.COM' while getting initial credentials
WARNING! Datanodes are not started successfully. Please check the docker-compose files
==============================================================================
ozonesecure-kinit :: Kinit test user                                          
==============================================================================
Kinit                                                                 | PASS |
------------------------------------------------------------------------------
ozonesecure-kinit :: Kinit test user                                  | PASS |
1 critical test, 1 passed, 0 failed
1 test total, 1 passed, 0 failed
==============================================================================
Output:  /tmp/smoketest/ozonesecure/result/robot-ozonesecure-ozonesecure-kinit-scm.xml
==============================================================================
ozonesecure-basic                                                             
==============================================================================
ozonesecure-basic.Basic :: Smoketest ozone cluster startup                    
==============================================================================
Check webui static resources                                          | FAIL |
7 != 0
------------------------------------------------------------------------------
Start freon testing                                                   | FAIL |
255 != 0
------------------------------------------------------------------------------
ozonesecure-basic.Basic :: Smoketest ozone cluster startup            | FAIL |
2 critical tests, 0 passed, 2 failed
2 tests total, 0 passed, 2 failed
==============================================================================
ozonesecure-basic.Ozone-Shell :: Test ozone shell CLI usage                   
==============================================================================
RpcClient with port                                                   | FAIL |
255 != 0
------------------------------------------------------------------------------
RpcClient volume acls                                                 | FAIL |
255 != 0
------------------------------------------------------------------------------
RpcClient bucket acls                                                 | FAIL |
255 != 0
------------------------------------------------------------------------------
RpcClient key acls                                                    | FAIL |
255 != 0
------------------------------------------------------------------------------
RpcClient without host                                                | FAIL |
Test timeout 2 minutes exceeded.
------------------------------------------------------------------------------
RpcClient without scheme                                              | FAIL |
255 != 0
------------------------------------------------------------------------------
ozonesecure-basic.Ozone-Shell :: Test ozone shell CLI usage           | FAIL |
6 critical tests, 0 passed, 6 failed
6 tests total, 0 passed, 6 failed
==============================================================================
ozonesecure-basic                                                     | FAIL |
8 critical tests, 0 passed, 8 failed
8 tests total, 0 passed, 8 failed
==============================================================================
Output:  /tmp/smoketest/ozonesecure/result/robot-ozonesecure-ozonesecure-basic-scm.xml
==============================================================================
ozonesecure-security                                                          
==============================================================================
ozonesecure-security.Ozone-Secure-Fs :: Smoke test to start cluster with do...
==============================================================================
Create volume bucket with wrong credentials                           | FAIL |
'WARNING: An illegal reflective access operation has occurred
WARNING: Illegal reflective access by org.apache.hadoop.security.authentication.util.KerberosUtil (file:/opt/hadoop/share/ozone/lib/hadoop-auth-3.2.0.jar) to method sun.security.krb5.Config.getInstance()
WARNING: Please consider reporting this to the maintainers of org.apache.hadoop.security.authentication.util.KerberosUtil
WARNING: Use --illegal-access=warn to enable warnings of further illegal reflective access operations
WARNING: All illegal access operations will be denied in a future release
om' does not contain 'Client cannot authenticate via'
------------------------------------------------------------------------------
Create volume bucket with credentials                                 | FAIL |
255 != 0
------------------------------------------------------------------------------
Check volume from ozonefs                                             | FAIL |
1 != 0
------------------------------------------------------------------------------
Test Volume Acls                                                      | FAIL |
255 != 0
------------------------------------------------------------------------------
Test Bucket Acls                                                      | FAIL |
255 != 0
------------------------------------------------------------------------------
Test key Acls                                                         | FAIL |
255 != 0
------------------------------------------------------------------------------
Test native authorizer                                                | FAIL |
255 != 0
------------------------------------------------------------------------------
ozonesecure-security.Ozone-Secure-Fs :: Smoke test to start cluste... | FAIL |
7 critical tests, 0 passed, 7 failed
7 tests total, 0 passed, 7 failed
==============================================================================
ozonesecure-security.Ozone-Secure-S3 :: Smoke test to start cluster with do...
==============================================================================
Secure S3 test Success                                                | FAIL |
255 != 0
------------------------------------------------------------------------------
Secure S3 test Failure                                                | PASS |
------------------------------------------------------------------------------
ozonesecure-security.Ozone-Secure-S3 :: Smoke test to start cluste... | FAIL |
2 critical tests, 1 passed, 1 failed
2 tests total, 1 passed, 1 failed
==============================================================================
ozonesecure-security                                                  | FAIL |
9 critical tests, 1 passed, 8 failed
9 tests total, 1 passed, 8 failed
==============================================================================
Output:  /tmp/smoketest/ozonesecure/result/robot-ozonesecure-ozonesecure-security-scm.xml
==============================================================================
ozonesecure-ozonefs :: Ozonefs test                                           
==============================================================================
Create volume and bucket                                              | FAIL |
255 != 0
------------------------------------------------------------------------------
Check volume from ozonefs                                             | FAIL |
1 != 0
------------------------------------------------------------------------------
Run ozoneFS tests                                                     | FAIL |
1 != 0
------------------------------------------------------------------------------
ozonesecure-ozonefs :: Ozonefs test                                   | FAIL |
3 critical tests, 0 passed, 3 failed
3 tests total, 0 passed, 3 failed
==============================================================================
Output:  /tmp/smoketest/ozonesecure/result/robot-ozonesecure-ozonesecure-ozonefs-scm.xml
==============================================================================
ozonesecure-s3                                                                
==============================================================================
ozonesecure-s3.Awss3 :: S3 gateway test with aws cli                          
==============================================================================
File upload and directory list                                        | FAIL |
Parent suite setup failed:
255 != 0
------------------------------------------------------------------------------
ozonesecure-s3.Awss3 :: S3 gateway test with aws cli                  | FAIL |
Suite setup failed:
255 != 0

1 critical test, 0 passed, 1 failed
1 test total, 0 passed, 1 failed
==============================================================================
ozonesecure-s3.Bucketcreate :: S3 gateway test with aws cli                   
==============================================================================
Create bucket which already exists                                    | FAIL |
Setup failed:
255 != 0
------------------------------------------------------------------------------
ozonesecure-s3.Bucketcreate :: S3 gateway test with aws cli           | FAIL |
1 critical test, 0 passed, 1 failed
1 test total, 0 passed, 1 failed
==============================================================================
ozonesecure-s3.Buckethead :: S3 gateway test with aws cli                     
==============================================================================
Head Bucket not existent                                              | FAIL |
Setup failed:
255 != 0
------------------------------------------------------------------------------
ozonesecure-s3.Buckethead :: S3 gateway test with aws cli             | FAIL |
1 critical test, 0 passed, 1 failed
1 test total, 0 passed, 1 failed
==============================================================================
ozonesecure-s3.Bucketlist :: S3 gateway test with aws cli                     
==============================================================================
List buckets                                                          | FAIL |
Setup failed:
255 != 0
------------------------------------------------------------------------------
ozonesecure-s3.Bucketlist :: S3 gateway test with aws cli             | FAIL |
1 critical test, 0 passed, 1 failed
1 test total, 0 passed, 1 failed
==============================================================================
ozonesecure-s3.MultipartUpload :: S3 gateway test with aws cli                
==============================================================================
Test Multipart Upload                                                 | FAIL |
Setup failed:
255 != 0
------------------------------------------------------------------------------
Test Multipart Upload Complete                                        | FAIL |
Setup failed:
255 != 0
------------------------------------------------------------------------------
Test Multipart Upload Complete Entity too small                       | FAIL |
Setup failed:
255 != 0
------------------------------------------------------------------------------
Test Multipart Upload Complete Invalid part                           | FAIL |
Setup failed:
255 != 0
------------------------------------------------------------------------------
Test abort Multipart upload                                           | FAIL |
Setup failed:
255 != 0
------------------------------------------------------------------------------
Test abort Multipart upload with invalid uploadId                     | FAIL |
Setup failed:
255 != 0
------------------------------------------------------------------------------
Upload part with Incorrect uploadID                                   | FAIL |
Setup failed:
255 != 0
------------------------------------------------------------------------------
Test list parts                                                       | FAIL |
Setup failed:
255 != 0
------------------------------------------------------------------------------
Test Multipart Upload with the simplified aws s3 cp API               | FAIL |
Setup failed:
255 != 0
------------------------------------------------------------------------------
ozonesecure-s3.MultipartUpload :: S3 gateway test with aws cli        | FAIL |
9 critical tests, 0 passed, 9 failed
9 tests total, 0 passed, 9 failed
==============================================================================
ozonesecure-s3.Objectcopy :: S3 gateway test with aws cli                     
==============================================================================
Copy Object Happy Scenario                                            | FAIL |
Setup failed:
255 != 0
------------------------------------------------------------------------------
Copy Object Where Bucket is not available                             | FAIL |
Setup failed:
255 != 0
------------------------------------------------------------------------------
Copy Object Where both source and dest are same with change to sto... | FAIL |
Setup failed:
255 != 0
------------------------------------------------------------------------------
Copy Object Where Key not available                                   | FAIL |
Setup failed:
255 != 0
------------------------------------------------------------------------------
ozonesecure-s3.Objectcopy :: S3 gateway test with aws cli             | FAIL |
4 critical tests, 0 passed, 4 failed
4 tests total, 0 passed, 4 failed
==============================================================================
ozonesecure-s3.Objectdelete :: S3 gateway test with aws cli                   
==============================================================================
Delete file with s3api                                                | FAIL |
Setup failed:
255 != 0
------------------------------------------------------------------------------
Delete file with s3api, file doesn't exist                            | FAIL |
Setup failed:
255 != 0
------------------------------------------------------------------------------
Delete dir with s3api                                                 | FAIL |
Setup failed:
255 != 0
------------------------------------------------------------------------------
Delete file with s3api, file doesn't exist, prefix of a real file     | FAIL |
Setup failed:
255 != 0
------------------------------------------------------------------------------
Delete file with s3api, bucket doesn't exist                          | FAIL |
Setup failed:
255 != 0
------------------------------------------------------------------------------
ozonesecure-s3.Objectdelete :: S3 gateway test with aws cli           | FAIL |
5 critical tests, 0 passed, 5 failed
5 tests total, 0 passed, 5 failed
==============================================================================
ozonesecure-s3.Objectmultidelete :: S3 gateway test with aws cli              
==============================================================================
Delete file with multi delete                                         | FAIL |
Setup failed:
255 != 0
------------------------------------------------------------------------------
ozonesecure-s3.Objectmultidelete :: S3 gateway test with aws cli      | FAIL |
1 critical test, 0 passed, 1 failed
1 test total, 0 passed, 1 failed
==============================================================================
ozonesecure-s3.Objectputget :: S3 gateway test with aws cli                   
==============================================================================
Put object to s3                                                      | FAIL |
Setup failed:
255 != 0
------------------------------------------------------------------------------
Get object from s3                                                    | FAIL |
Setup failed:
255 != 0
------------------------------------------------------------------------------
Get Partial object from s3 with both start and endoffset              | FAIL |
Setup failed:
255 != 0
------------------------------------------------------------------------------
Get Partial object from s3 with both start and endoffset(start off... | FAIL |
Setup failed:
255 != 0
------------------------------------------------------------------------------
Get Partial object from s3 with both start and endoffset(end offse... | FAIL |
Setup failed:
255 != 0
------------------------------------------------------------------------------
Get Partial object from s3 with only start offset                     | FAIL |
Setup failed:
255 != 0
------------------------------------------------------------------------------
Get Partial object from s3 with both start and endoffset which are... | FAIL |
Setup failed:
255 != 0
------------------------------------------------------------------------------
Get Partial object from s3 to get last n bytes                        | FAIL |
Setup failed:
255 != 0
------------------------------------------------------------------------------
Incorrect values for end and start offset                             | FAIL |
Setup failed:
255 != 0
------------------------------------------------------------------------------
Zero byte file                                                        | FAIL |
Setup failed:
255 != 0
------------------------------------------------------------------------------
ozonesecure-s3.Objectputget :: S3 gateway test with aws cli           | FAIL |
10 critical tests, 0 passed, 10 failed
10 tests total, 0 passed, 10 failed
==============================================================================
ozonesecure-s3.Webui :: S3 gateway web ui test                                
==============================================================================
S3 Gateway Web UI                                                     | FAIL |
Parent suite setup failed:
255 != 0
------------------------------------------------------------------------------
ozonesecure-s3.Webui :: S3 gateway web ui test                        | FAIL |
Suite setup failed:
255 != 0

1 critical test, 0 passed, 1 failed
1 test total, 0 passed, 1 failed
==============================================================================
ozonesecure-s3                                                        | FAIL |
34 critical tests, 0 passed, 34 failed
34 tests total, 0 passed, 34 failed
==============================================================================
Output:  /tmp/smoketest/ozonesecure/result/robot-ozonesecure-ozonesecure-s3-s3g.xml
Connection pool is full, discarding connection: 0.0.0.0
Connection pool is full, discarding connection: 0.0.0.0
Connection pool is full, discarding connection: 0.0.0.0
Stopping ozonesecure_s3g_1 ... 
Stopping ozonesecure_scm_1 ... 
Stopping ozonesecure_kms_1 ... 
Stopping ozonesecure_kdc_1 ... 
[1A[2KStopping ozonesecure_kdc_1 ... [32mdone[0m[1B[2A[2KStopping ozonesecure_kms_1 ... [32mdone[0m[2B[4A[2KStopping ozonesecure_s3g_1 ... [32mdone[0m[4B[3A[2KStopping ozonesecure_scm_1 ... [32mdone[0m[3BRemoving ozonesecure_om_1       ... 
Removing ozonesecure_datanode_3 ... 
Removing ozonesecure_datanode_1 ... 
Removing ozonesecure_datanode_2 ... 
Removing ozonesecure_s3g_1      ... 
Removing ozonesecure_recon_1    ... 
Removing ozonesecure_scm_1      ... 
Removing ozonesecure_kms_1      ... 
Removing ozonesecure_kdc_1      ... 
[1A[2KRemoving ozonesecure_kdc_1      ... [32mdone[0m[1B[4A[2KRemoving ozonesecure_recon_1    ... [32mdone[0m[4B[5A[2KRemoving ozonesecure_s3g_1      ... [32mdone[0m[5B[2A[2KRemoving ozonesecure_kms_1      ... [32mdone[0m[2B[6A[2KRemoving ozonesecure_datanode_2 ... [32mdone[0m[6B[7A[2KRemoving ozonesecure_datanode_1 ... [32mdone[0m[7B[3A[2KRemoving ozonesecure_scm_1      ... [32mdone[0m[3B[8A[2KRemoving ozonesecure_datanode_3 ... [32mdone[0m[8B[9A[2KRemoving ozonesecure_om_1       ... [32mdone[0m[9BRemoving network ozonesecure_default
Log:     /workdir/hadoop-ozone/dist/target/ozone-0.5.0-SNAPSHOT/compose/ozonesecure/result/log.html
Report:  /workdir/hadoop-ozone/dist/target/ozone-0.5.0-SNAPSHOT/compose/ozonesecure/result/report.html
ERROR: Test execution of /workdir/hadoop-ozone/dist/target/ozone-0.5.0-SNAPSHOT/compose/ozonesecure is FAILED!!!!
Log:     /workdir/hadoop-ozone/dist/target/ozone-0.5.0-SNAPSHOT/compose/result/log.html
Report:  /workdir/hadoop-ozone/dist/target/ozone-0.5.0-SNAPSHOT/compose/result/report.html
