-------------------------------------------------------------------------------
Test set: org.apache.hadoop.ozone.container.common.impl.TestContainerPersistence
-------------------------------------------------------------------------------
Tests run: 18, Failures: 0, Errors: 1, Skipped: 0, Time elapsed: 357.397 s <<< FAILURE! - in org.apache.hadoop.ozone.container.common.impl.TestContainerPersistence
testMultipleWriteSingleRead(org.apache.hadoop.ozone.container.common.impl.TestContainerPersistence)  Time elapsed: 302.024 s  <<< ERROR!
java.lang.Exception: test timed out after 300000 milliseconds
	at sun.nio.ch.FileDispatcherImpl.force0(Native Method)
	at sun.nio.ch.FileDispatcherImpl.force(FileDispatcherImpl.java:80)
	at sun.nio.ch.FileChannelImpl.force(FileChannelImpl.java:388)
	at org.apache.hadoop.ozone.container.keyvalue.helpers.ChunkUtils.closeFile(ChunkUtils.java:338)
	at org.apache.hadoop.ozone.container.keyvalue.helpers.ChunkUtils.lambda$writeData$0(ChunkUtils.java:124)
	at org.apache.hadoop.ozone.container.keyvalue.helpers.ChunkUtils$$Lambda$14/1275739366.get(Unknown Source)
	at org.apache.hadoop.ozone.container.keyvalue.helpers.ChunkUtils.processFileExclusively(ChunkUtils.java:326)
	at org.apache.hadoop.ozone.container.keyvalue.helpers.ChunkUtils.writeData(ChunkUtils.java:95)
	at org.apache.hadoop.ozone.container.keyvalue.impl.ChunkManagerImpl.writeChunk(ChunkManagerImpl.java:149)
	at org.apache.hadoop.ozone.container.common.impl.TestContainerPersistence.testMultipleWriteSingleRead(TestContainerPersistence.java:537)
	at sun.reflect.NativeMethodAccessorImpl.invoke0(Native Method)
	at sun.reflect.NativeMethodAccessorImpl.invoke(NativeMethodAccessorImpl.java:62)
	at sun.reflect.DelegatingMethodAccessorImpl.invoke(DelegatingMethodAccessorImpl.java:43)
	at java.lang.reflect.Method.invoke(Method.java:498)
	at org.junit.runners.model.FrameworkMethod$1.runReflectiveCall(FrameworkMethod.java:47)
	at org.junit.internal.runners.model.ReflectiveCallable.run(ReflectiveCallable.java:12)
	at org.junit.runners.model.FrameworkMethod.invokeExplosively(FrameworkMethod.java:44)
	at org.junit.internal.runners.statements.InvokeMethod.evaluate(InvokeMethod.java:17)
	at org.junit.internal.runners.statements.RunBefores.evaluate(RunBefores.java:26)
	at org.junit.internal.runners.statements.RunAfters.evaluate(RunAfters.java:27)
	at org.junit.rules.ExpectedException$ExpectedExceptionStatement.evaluate(ExpectedException.java:168)
	at org.junit.internal.runners.statements.FailOnTimeout$StatementThread.run(FailOnTimeout.java:74)

