# JRE version: OpenJDK Runtime Environment (8.0_212-b04) (build 1.8.0_212-b04)
# Java VM: OpenJDK 64-Bit Server VM (25.212-b04 mixed mode linux-amd64 compressed oops)
Heap:
 PSYoungGen      total 484352K, used 296134K [0x00000000d5580000, 0x00000000fff00000, 0x0000000100000000)
  eden space 386560K, 51% used [0x00000000d5580000,0x00000000e1735b00,0x00000000ecf00000)
  from space 97792K, 99% used [0x00000000ed300000,0x00000000f327be98,0x00000000f3280000)
  to   space 155648K, 0% used [0x00000000f6700000,0x00000000f6700000,0x00000000fff00000)
 ParOldGen       total 1398272K, used 72192K [0x0000000080000000, 0x00000000d5580000, 0x00000000d5580000)
  object space 1398272K, 5% used [0x0000000080000000,0x0000000084680220,0x00000000d5580000)
 Metaspace       used 72111K, capacity 75684K, committed 75776K, reserved 1116160K
  class space    used 7756K, capacity 8372K, committed 8448K, reserved 1048576K
GC Heap History (10 events):
Event: 248.596 GC heap before
{Heap before GC invocations=8 (full 3):
 PSYoungGen      total 611840K, used 611838K [0x00000000d5580000, 0x0000000100000000, 0x0000000100000000)
  eden space 524800K, 100% used [0x00000000d5580000,0x00000000f5600000,0x00000000f5600000)
  from space 87040K, 99% used [0x00000000fab00000,0x00000000fffffbc0,0x0000000100000000)
  to   space 87040K, 0% used [0x00000000f5600000,0x00000000f5600000,0x00000000fab00000)
 ParOldGen       total 1398272K, used 55638K [0x0000000080000000, 0x00000000d5580000, 0x00000000d5580000)
  object space 1398272K, 3% used [0x0000000080000000,0x00000000836559d8,0x00000000d5580000)
 Metaspace       used 69459K, capacity 72684K, committed 72832K, reserved 1114112K
  class space    used 7669K, capacity 8246K, committed 8320K, reserved 1048576K
Event: 248.758 GC heap after
Heap after GC invocations=8 (full 3):
 PSYoungGen      total 611840K, used 87037K [0x00000000d5580000, 0x0000000100000000, 0x0000000100000000)
  eden space 524800K, 0% used [0x00000000d5580000,0x00000000d5580000,0x00000000f5600000)
  from space 87040K, 99% used [0x00000000f5600000,0x00000000faaff428,0x00000000fab00000)
  to   space 87040K, 0% used [0x00000000fab00000,0x00000000fab00000,0x0000000100000000)
 ParOldGen       total 1398272K, used 56950K [0x0000000080000000, 0x00000000d5580000, 0x00000000d5580000)
  object space 1398272K, 4% used [0x0000000080000000,0x000000008379da08,0x00000000d5580000)
 Metaspace       used 69459K, capacity 72684K, committed 72832K, reserved 1114112K
  class space    used 7669K, capacity 8246K, committed 8320K, reserved 1048576K
}
Event: 315.669 GC heap before
{Heap before GC invocations=9 (full 3):
 PSYoungGen      total 611840K, used 611837K [0x00000000d5580000, 0x0000000100000000, 0x0000000100000000)
  eden space 524800K, 100% used [0x00000000d5580000,0x00000000f5600000,0x00000000f5600000)
  from space 87040K, 99% used [0x00000000f5600000,0x00000000faaff428,0x00000000fab00000)
  to   space 87040K, 0% used [0x00000000fab00000,0x00000000fab00000,0x0000000100000000)
 ParOldGen       total 1398272K, used 56950K [0x0000000080000000, 0x00000000d5580000, 0x00000000d5580000)
  object space 1398272K, 4% used [0x0000000080000000,0x000000008379da08,0x00000000d5580000)
 Metaspace       used 70515K, capacity 73826K, committed 74112K, reserved 1116160K
  class space    used 7698K, capacity 8283K, committed 8320K, reserved 1048576K
Event: 315.880 GC heap after
Heap after GC invocations=9 (full 3):
 PSYoungGen      total 516608K, used 87034K [0x00000000d5580000, 0x0000000100000000, 0x0000000100000000)
  eden space 429568K, 0% used [0x00000000d5580000,0x00000000d5580000,0x00000000ef900000)
  from space 87040K, 99% used [0x00000000fab00000,0x00000000ffffe828,0x0000000100000000)
  to   space 134656K, 0% used [0x00000000ef900000,0x00000000ef900000,0x00000000f7c80000)
 ParOldGen       total 1398272K, used 72168K [0x0000000080000000, 0x00000000d5580000, 0x00000000d5580000)
  object space 1398272K, 5% used [0x0000000080000000,0x000000008467a220,0x00000000d5580000)
 Metaspace       used 70515K, capacity 73826K, committed 74112K, reserved 1116160K
  class space    used 7698K, capacity 8283K, committed 8320K, reserved 1048576K
}
Event: 374.887 GC heap before
{Heap before GC invocations=10 (full 3):
 PSYoungGen      total 516608K, used 516602K [0x00000000d5580000, 0x0000000100000000, 0x0000000100000000)
  eden space 429568K, 100% used [0x00000000d5580000,0x00000000ef900000,0x00000000ef900000)
  from space 87040K, 99% used [0x00000000fab00000,0x00000000ffffe828,0x0000000100000000)
  to   space 134656K, 0% used [0x00000000ef900000,0x00000000ef900000,0x00000000f7c80000)
 ParOldGen       total 1398272K, used 72168K [0x0000000080000000, 0x00000000d5580000, 0x00000000d5580000)
  object space 1398272K, 5% used [0x0000000080000000,0x000000008467a220,0x00000000d5580000)
 Metaspace       used 71418K, capacity 74956K, committed 75264K, reserved 1116160K
  class space    used 7744K, capacity 8350K, committed 8448K, reserved 1048576K
Event: 375.090 GC heap after
Heap after GC invocations=10 (full 3):
 PSYoungGen      total 536064K, used 111028K [0x00000000d5580000, 0x0000000100000000, 0x0000000100000000)
  eden space 424960K, 0% used [0x00000000d5580000,0x00000000d5580000,0x00000000ef480000)
  from space 111104K, 99% used [0x00000000ef900000,0x00000000f656d130,0x00000000f6580000)
  to   space 150528K, 0% used [0x00000000f6d00000,0x00000000f6d00000,0x0000000100000000)
 ParOldGen       total 1398272K, used 72176K [0x0000000080000000, 0x00000000d5580000, 0x00000000d5580000)
  object space 1398272K, 5% used [0x0000000080000000,0x000000008467c220,0x00000000d5580000)
 Metaspace       used 71418K, capacity 74956K, committed 75264K, reserved 1116160K
  class space    used 7744K, capacity 8350K, committed 8448K, reserved 1048576K
}
Event: 420.674 GC heap before
{Heap before GC invocations=11 (full 3):
 PSYoungGen      total 536064K, used 535988K [0x00000000d5580000, 0x0000000100000000, 0x0000000100000000)
  eden space 424960K, 100% used [0x00000000d5580000,0x00000000ef480000,0x00000000ef480000)
  from space 111104K, 99% used [0x00000000ef900000,0x00000000f656d130,0x00000000f6580000)
  to   space 150528K, 0% used [0x00000000f6d00000,0x00000000f6d00000,0x0000000100000000)
 ParOldGen       total 1398272K, used 72176K [0x0000000080000000, 0x00000000d5580000, 0x00000000d5580000)
  object space 1398272K, 5% used [0x0000000080000000,0x000000008467c220,0x00000000d5580000)
 Metaspace       used 71697K, capacity 75226K, committed 75520K, reserved 1116160K
  class space    used 7745K, capacity 8351K, committed 8448K, reserved 1048576K
Event: 420.865 GC heap after
Heap after GC invocations=11 (full 3):
 PSYoungGen      total 541184K, used 97457K [0x00000000d5580000, 0x0000000100000000, 0x0000000100000000)
  eden space 390656K, 0% used [0x00000000d5580000,0x00000000d5580000,0x00000000ed300000)
  from space 150528K, 64% used [0x00000000f6d00000,0x00000000fcc2c690,0x0000000100000000)
  to   space 154112K, 0% used [0x00000000ed300000,0x00000000ed300000,0x00000000f6980000)
 ParOldGen       total 1398272K, used 72184K [0x0000000080000000, 0x00000000d5580000, 0x00000000d5580000)
  object space 1398272K, 5% used [0x0000000080000000,0x000000008467e220,0x00000000d5580000)
 Metaspace       used 71697K, capacity 75226K, committed 75520K, reserved 1116160K
  class space    used 7745K, capacity 8351K, committed 8448K, reserved 1048576K
}
Event: 592.991 GC heap before
{Heap before GC invocations=12 (full 3):
 PSYoungGen      total 541184K, used 488113K [0x00000000d5580000, 0x0000000100000000, 0x0000000100000000)
  eden space 390656K, 100% used [0x00000000d5580000,0x00000000ed300000,0x00000000ed300000)
  from space 150528K, 64% used [0x00000000f6d00000,0x00000000fcc2c690,0x0000000100000000)
  to   space 154112K, 0% used [0x00000000ed300000,0x00000000ed300000,0x00000000f6980000)
 ParOldGen       total 1398272K, used 72184K [0x0000000080000000, 0x00000000d5580000, 0x00000000d5580000)
  object space 1398272K, 5% used [0x0000000080000000,0x000000008467e220,0x00000000d5580000)
 Metaspace       used 72017K, capacity 75600K, committed 75776K, reserved 1116160K
  class space    used 7755K, capacity 8370K, committed 8448K, reserved 1048576K
Event: 593.188 GC heap after
Heap after GC invocations=12 (full 3):
 PSYoungGen      total 484352K, used 97775K [0x00000000d5580000, 0x00000000fff00000, 0x0000000100000000)
  eden space 386560K, 0% used [0x00000000d5580000,0x00000000d5580000,0x00000000ecf00000)
  from space 97792K, 99% used [0x00000000ed300000,0x00000000f327be98,0x00000000f3280000)
  to   space 155648K, 0% used [0x00000000f6700000,0x00000000f6700000,0x00000000fff00000)
 ParOldGen       total 1398272K, used 72192K [0x0000000080000000, 0x00000000d5580000, 0x00000000d5580000)
  object space 1398272K, 5% used [0x0000000080000000,0x0000000084680220,0x00000000d5580000)
 Metaspace       used 72017K, capacity 75600K, committed 75776K, reserved 1116160K
  class space    used 7755K, capacity 8370K, committed 8448K, reserved 1048576K
}

