# JRE version: OpenJDK Runtime Environment (8.0_212-b04) (build 1.8.0_212-b04)
# Java VM: OpenJDK 64-Bit Server VM (25.212-b04 mixed mode linux-amd64 compressed oops)
Heap:
 PSYoungGen      total 611840K, used 366553K [0x00000000d5580000, 0x0000000100000000, 0x0000000100000000)
  eden space 524800K, 58% used [0x00000000d5580000,0x00000000e80a8b90,0x00000000f5600000)
  from space 87040K, 69% used [0x00000000fab00000,0x00000000fe5cdb90,0x0000000100000000)
  to   space 87040K, 0% used [0x00000000f5600000,0x00000000f5600000,0x00000000fab00000)
 ParOldGen       total 1398272K, used 44492K [0x0000000080000000, 0x00000000d5580000, 0x00000000d5580000)
  object space 1398272K, 3% used [0x0000000080000000,0x0000000082b73088,0x00000000d5580000)
 Metaspace       used 65628K, capacity 68380K, committed 68440K, reserved 1110016K
  class space    used 7478K, capacity 7986K, committed 8024K, reserved 1048576K
GC Heap History (10 events):
Event: 4.542 GC heap before
{Heap before GC invocations=3 (full 1):
 PSYoungGen      total 611840K, used 434996K [0x00000000d5580000, 0x0000000100000000, 0x0000000100000000)
  eden space 524800K, 82% used [0x00000000d5580000,0x00000000efe4d0f8,0x00000000f5600000)
  from space 87040K, 0% used [0x00000000f5600000,0x00000000f5600000,0x00000000fab00000)
  to   space 87040K, 0% used [0x00000000fab00000,0x00000000fab00000,0x0000000100000000)
 ParOldGen       total 878592K, used 13742K [0x0000000080000000, 0x00000000b5a00000, 0x00000000d5580000)
  object space 878592K, 1% used [0x0000000080000000,0x0000000080d6bbf8,0x00000000b5a00000)
 Metaspace       used 34728K, capacity 35150K, committed 35416K, reserved 1081344K
  class space    used 3976K, capacity 4123K, committed 4184K, reserved 1048576K
Event: 4.578 GC heap after
Heap after GC invocations=3 (full 1):
 PSYoungGen      total 611840K, used 19193K [0x00000000d5580000, 0x0000000100000000, 0x0000000100000000)
  eden space 524800K, 0% used [0x00000000d5580000,0x00000000d5580000,0x00000000f5600000)
  from space 87040K, 22% used [0x00000000fab00000,0x00000000fbdbe598,0x0000000100000000)
  to   space 87040K, 0% used [0x00000000f5600000,0x00000000f5600000,0x00000000fab00000)
 ParOldGen       total 878592K, used 13750K [0x0000000080000000, 0x00000000b5a00000, 0x00000000d5580000)
  object space 878592K, 1% used [0x0000000080000000,0x0000000080d6dbf8,0x00000000b5a00000)
 Metaspace       used 34728K, capacity 35150K, committed 35416K, reserved 1081344K
  class space    used 3976K, capacity 4123K, committed 4184K, reserved 1048576K
}
Event: 4.578 GC heap before
{Heap before GC invocations=4 (full 2):
 PSYoungGen      total 611840K, used 19193K [0x00000000d5580000, 0x0000000100000000, 0x0000000100000000)
  eden space 524800K, 0% used [0x00000000d5580000,0x00000000d5580000,0x00000000f5600000)
  from space 87040K, 22% used [0x00000000fab00000,0x00000000fbdbe598,0x0000000100000000)
  to   space 87040K, 0% used [0x00000000f5600000,0x00000000f5600000,0x00000000fab00000)
 ParOldGen       total 878592K, used 13750K [0x0000000080000000, 0x00000000b5a00000, 0x00000000d5580000)
  object space 878592K, 1% used [0x0000000080000000,0x0000000080d6dbf8,0x00000000b5a00000)
 Metaspace       used 34728K, capacity 35150K, committed 35416K, reserved 1081344K
  class space    used 3976K, capacity 4123K, committed 4184K, reserved 1048576K
Event: 4.704 GC heap after
Heap after GC invocations=4 (full 2):
 PSYoungGen      total 611840K, used 0K [0x00000000d5580000, 0x0000000100000000, 0x0000000100000000)
  eden space 524800K, 0% used [0x00000000d5580000,0x00000000d5580000,0x00000000f5600000)
  from space 87040K, 0% used [0x00000000fab00000,0x00000000fab00000,0x0000000100000000)
  to   space 87040K, 0% used [0x00000000f5600000,0x00000000f5600000,0x00000000fab00000)
 ParOldGen       total 1398272K, used 23556K [0x0000000080000000, 0x00000000d5580000, 0x00000000d5580000)
  object space 1398272K, 1% used [0x0000000080000000,0x0000000081701260,0x00000000d5580000)
 Metaspace       used 34728K, capacity 35150K, committed 35416K, reserved 1081344K
  class space    used 3976K, capacity 4123K, committed 4184K, reserved 1048576K
}
Event: 11.938 GC heap before
{Heap before GC invocations=5 (full 2):
 PSYoungGen      total 611840K, used 520209K [0x00000000d5580000, 0x0000000100000000, 0x0000000100000000)
  eden space 524800K, 99% used [0x00000000d5580000,0x00000000f5184530,0x00000000f5600000)
  from space 87040K, 0% used [0x00000000fab00000,0x00000000fab00000,0x0000000100000000)
  to   space 87040K, 0% used [0x00000000f5600000,0x00000000f5600000,0x00000000fab00000)
 ParOldGen       total 1398272K, used 23556K [0x0000000080000000, 0x00000000d5580000, 0x00000000d5580000)
  object space 1398272K, 1% used [0x0000000080000000,0x0000000081701260,0x00000000d5580000)
 Metaspace       used 57343K, capacity 58744K, committed 58968K, reserved 1101824K
  class space    used 6645K, capacity 6910K, committed 7000K, reserved 1048576K
Event: 12.019 GC heap after
Heap after GC invocations=5 (full 2):
 PSYoungGen      total 611840K, used 33978K [0x00000000d5580000, 0x0000000100000000, 0x0000000100000000)
  eden space 524800K, 0% used [0x00000000d5580000,0x00000000d5580000,0x00000000f5600000)
  from space 87040K, 39% used [0x00000000f5600000,0x00000000f772ebe0,0x00000000fab00000)
  to   space 87040K, 0% used [0x00000000fab00000,0x00000000fab00000,0x0000000100000000)
 ParOldGen       total 1398272K, used 23556K [0x0000000080000000, 0x00000000d5580000, 0x00000000d5580000)
  object space 1398272K, 1% used [0x0000000080000000,0x0000000081701260,0x00000000d5580000)
 Metaspace       used 57343K, capacity 58744K, committed 58968K, reserved 1101824K
  class space    used 6645K, capacity 6910K, committed 7000K, reserved 1048576K
}
Event: 12.019 GC heap before
{Heap before GC invocations=6 (full 3):
 PSYoungGen      total 611840K, used 33978K [0x00000000d5580000, 0x0000000100000000, 0x0000000100000000)
  eden space 524800K, 0% used [0x00000000d5580000,0x00000000d5580000,0x00000000f5600000)
  from space 87040K, 39% used [0x00000000f5600000,0x00000000f772ebe0,0x00000000fab00000)
  to   space 87040K, 0% used [0x00000000fab00000,0x00000000fab00000,0x0000000100000000)
 ParOldGen       total 1398272K, used 23556K [0x0000000080000000, 0x00000000d5580000, 0x00000000d5580000)
  object space 1398272K, 1% used [0x0000000080000000,0x0000000081701260,0x00000000d5580000)
 Metaspace       used 57343K, capacity 58744K, committed 58968K, reserved 1101824K
  class space    used 6645K, capacity 6910K, committed 7000K, reserved 1048576K
Event: 12.319 GC heap after
Heap after GC invocations=6 (full 3):
 PSYoungGen      total 611840K, used 0K [0x00000000d5580000, 0x0000000100000000, 0x0000000100000000)
  eden space 524800K, 0% used [0x00000000d5580000,0x00000000d5580000,0x00000000f5600000)
  from space 87040K, 0% used [0x00000000f5600000,0x00000000f5600000,0x00000000fab00000)
  to   space 87040K, 0% used [0x00000000fab00000,0x00000000fab00000,0x0000000100000000)
 ParOldGen       total 1398272K, used 44492K [0x0000000080000000, 0x00000000d5580000, 0x00000000d5580000)
  object space 1398272K, 3% used [0x0000000080000000,0x0000000082b73088,0x00000000d5580000)
 Metaspace       used 57299K, capacity 58638K, committed 58968K, reserved 1101824K
  class space    used 6629K, capacity 6883K, committed 7000K, reserved 1048576K
}
Event: 25.323 GC heap before
{Heap before GC invocations=7 (full 3):
 PSYoungGen      total 611840K, used 489572K [0x00000000d5580000, 0x0000000100000000, 0x0000000100000000)
  eden space 524800K, 93% used [0x00000000d5580000,0x00000000f3399118,0x00000000f5600000)
  from space 87040K, 0% used [0x00000000f5600000,0x00000000f5600000,0x00000000fab00000)
  to   space 87040K, 0% used [0x00000000fab00000,0x00000000fab00000,0x0000000100000000)
 ParOldGen       total 1398272K, used 44492K [0x0000000080000000, 0x00000000d5580000, 0x00000000d5580000)
  object space 1398272K, 3% used [0x0000000080000000,0x0000000082b73088,0x00000000d5580000)
 Metaspace       used 65281K, capacity 67908K, committed 68184K, reserved 1110016K
  class space    used 7456K, capacity 7930K, committed 8024K, reserved 1048576K
Event: 25.444 GC heap after
Heap after GC invocations=7 (full 3):
 PSYoungGen      total 611840K, used 60214K [0x00000000d5580000, 0x0000000100000000, 0x0000000100000000)
  eden space 524800K, 0% used [0x00000000d5580000,0x00000000d5580000,0x00000000f5600000)
  from space 87040K, 69% used [0x00000000fab00000,0x00000000fe5cdb90,0x0000000100000000)
  to   space 87040K, 0% used [0x00000000f5600000,0x00000000f5600000,0x00000000fab00000)
 ParOldGen       total 1398272K, used 44492K [0x0000000080000000, 0x00000000d5580000, 0x00000000d5580000)
  object space 1398272K, 3% used [0x0000000080000000,0x0000000082b73088,0x00000000d5580000)
 Metaspace       used 65281K, capacity 67908K, committed 68184K, reserved 1110016K
  class space    used 7456K, capacity 7930K, committed 8024K, reserved 1048576K
}

