# JRE version: OpenJDK Runtime Environment (8.0_212-b04) (build 1.8.0_212-b04)
# Java VM: OpenJDK 64-Bit Server VM (25.212-b04 mixed mode linux-amd64 compressed oops)
Heap:
 PSYoungGen      total 611840K, used 166606K [0x00000000d5580000, 0x0000000100000000, 0x0000000100000000)
  eden space 524800K, 25% used [0x00000000d5580000,0x00000000dd7fac68,0x00000000f5600000)
  from space 87040K, 37% used [0x00000000f5600000,0x00000000f7638ed0,0x00000000fab00000)
  to   space 87040K, 0% used [0x00000000fab00000,0x00000000fab00000,0x0000000100000000)
 ParOldGen       total 1398272K, used 23287K [0x0000000080000000, 0x00000000d5580000, 0x00000000d5580000)
  object space 1398272K, 1% used [0x0000000080000000,0x00000000816bdd40,0x00000000d5580000)
 Metaspace       used 56392K, capacity 58208K, committed 58368K, reserved 1101824K
  class space    used 6522K, capacity 6880K, committed 6912K, reserved 1048576K
GC Heap History (10 events):
Event: 2.127 GC heap before
{Heap before GC invocations=1 (full 0):
 PSYoungGen      total 611840K, used 220418K [0x00000000d5580000, 0x0000000100000000, 0x0000000100000000)
  eden space 524800K, 42% used [0x00000000d5580000,0x00000000e2cc0900,0x00000000f5600000)
  from space 87040K, 0% used [0x00000000fab00000,0x00000000fab00000,0x0000000100000000)
  to   space 87040K, 0% used [0x00000000f5600000,0x00000000f5600000,0x00000000fab00000)
 ParOldGen       total 1398272K, used 0K [0x0000000080000000, 0x00000000d5580000, 0x00000000d5580000)
  object space 1398272K, 0% used [0x0000000080000000,0x0000000080000000,0x00000000d5580000)
 Metaspace       used 20743K, capacity 21002K, committed 21248K, reserved 1069056K
  class space    used 2402K, capacity 2495K, committed 2560K, reserved 1048576K
Event: 2.168 GC heap after
Heap after GC invocations=1 (full 0):
 PSYoungGen      total 611840K, used 17685K [0x00000000d5580000, 0x0000000100000000, 0x0000000100000000)
  eden space 524800K, 0% used [0x00000000d5580000,0x00000000d5580000,0x00000000f5600000)
  from space 87040K, 20% used [0x00000000f5600000,0x00000000f6745788,0x00000000fab00000)
  to   space 87040K, 0% used [0x00000000fab00000,0x00000000fab00000,0x0000000100000000)
 ParOldGen       total 1398272K, used 16K [0x0000000080000000, 0x00000000d5580000, 0x00000000d5580000)
  object space 1398272K, 0% used [0x0000000080000000,0x0000000080004000,0x00000000d5580000)
 Metaspace       used 20743K, capacity 21002K, committed 21248K, reserved 1069056K
  class space    used 2402K, capacity 2495K, committed 2560K, reserved 1048576K
}
Event: 2.168 GC heap before
{Heap before GC invocations=2 (full 1):
 PSYoungGen      total 611840K, used 17685K [0x00000000d5580000, 0x0000000100000000, 0x0000000100000000)
  eden space 524800K, 0% used [0x00000000d5580000,0x00000000d5580000,0x00000000f5600000)
  from space 87040K, 20% used [0x00000000f5600000,0x00000000f6745788,0x00000000fab00000)
  to   space 87040K, 0% used [0x00000000fab00000,0x00000000fab00000,0x0000000100000000)
 ParOldGen       total 1398272K, used 16K [0x0000000080000000, 0x00000000d5580000, 0x00000000d5580000)
  object space 1398272K, 0% used [0x0000000080000000,0x0000000080004000,0x00000000d5580000)
 Metaspace       used 20743K, capacity 21002K, committed 21248K, reserved 1069056K
  class space    used 2402K, capacity 2495K, committed 2560K, reserved 1048576K
Event: 2.275 GC heap after
Heap after GC invocations=2 (full 1):
 PSYoungGen      total 611840K, used 0K [0x00000000d5580000, 0x0000000100000000, 0x0000000100000000)
  eden space 524800K, 0% used [0x00000000d5580000,0x00000000d5580000,0x00000000f5600000)
  from space 87040K, 0% used [0x00000000f5600000,0x00000000f5600000,0x00000000fab00000)
  to   space 87040K, 0% used [0x00000000fab00000,0x00000000fab00000,0x0000000100000000)
 ParOldGen       total 918528K, used 17028K [0x0000000080000000, 0x00000000b8100000, 0x00000000d5580000)
  object space 918528K, 1% used [0x0000000080000000,0x00000000810a1168,0x00000000b8100000)
 Metaspace       used 20743K, capacity 21002K, committed 21248K, reserved 1069056K
  class space    used 2402K, capacity 2495K, committed 2560K, reserved 1048576K
}
Event: 4.227 GC heap before
{Heap before GC invocations=3 (full 1):
 PSYoungGen      total 611840K, used 438217K [0x00000000d5580000, 0x0000000100000000, 0x0000000100000000)
  eden space 524800K, 83% used [0x00000000d5580000,0x00000000f0172618,0x00000000f5600000)
  from space 87040K, 0% used [0x00000000f5600000,0x00000000f5600000,0x00000000fab00000)
  to   space 87040K, 0% used [0x00000000fab00000,0x00000000fab00000,0x0000000100000000)
 ParOldGen       total 918528K, used 17028K [0x0000000080000000, 0x00000000b8100000, 0x00000000d5580000)
  object space 918528K, 1% used [0x0000000080000000,0x00000000810a1168,0x00000000b8100000)
 Metaspace       used 34597K, capacity 34956K, committed 35416K, reserved 1081344K
  class space    used 3952K, capacity 4060K, committed 4096K, reserved 1048576K
Event: 4.253 GC heap after
Heap after GC invocations=3 (full 1):
 PSYoungGen      total 611840K, used 15601K [0x00000000d5580000, 0x0000000100000000, 0x0000000100000000)
  eden space 524800K, 0% used [0x00000000d5580000,0x00000000d5580000,0x00000000f5600000)
  from space 87040K, 17% used [0x00000000fab00000,0x00000000fba3c790,0x0000000100000000)
  to   space 87040K, 0% used [0x00000000f5600000,0x00000000f5600000,0x00000000fab00000)
 ParOldGen       total 918528K, used 17100K [0x0000000080000000, 0x00000000b8100000, 0x00000000d5580000)
  object space 918528K, 1% used [0x0000000080000000,0x00000000810b3178,0x00000000b8100000)
 Metaspace       used 34597K, capacity 34956K, committed 35416K, reserved 1081344K
  class space    used 3952K, capacity 4060K, committed 4096K, reserved 1048576K
}
Event: 4.253 GC heap before
{Heap before GC invocations=4 (full 2):
 PSYoungGen      total 611840K, used 15601K [0x00000000d5580000, 0x0000000100000000, 0x0000000100000000)
  eden space 524800K, 0% used [0x00000000d5580000,0x00000000d5580000,0x00000000f5600000)
  from space 87040K, 17% used [0x00000000fab00000,0x00000000fba3c790,0x0000000100000000)
  to   space 87040K, 0% used [0x00000000f5600000,0x00000000f5600000,0x00000000fab00000)
 ParOldGen       total 918528K, used 17100K [0x0000000080000000, 0x00000000b8100000, 0x00000000d5580000)
  object space 918528K, 1% used [0x0000000080000000,0x00000000810b3178,0x00000000b8100000)
 Metaspace       used 34597K, capacity 34956K, committed 35416K, reserved 1081344K
  class space    used 3952K, capacity 4060K, committed 4096K, reserved 1048576K
Event: 4.333 GC heap after
Heap after GC invocations=4 (full 2):
 PSYoungGen      total 611840K, used 0K [0x00000000d5580000, 0x0000000100000000, 0x0000000100000000)
  eden space 524800K, 0% used [0x00000000d5580000,0x00000000d5580000,0x00000000f5600000)
  from space 87040K, 0% used [0x00000000fab00000,0x00000000fab00000,0x0000000100000000)
  to   space 87040K, 0% used [0x00000000f5600000,0x00000000f5600000,0x00000000fab00000)
 ParOldGen       total 1398272K, used 23279K [0x0000000080000000, 0x00000000d5580000, 0x00000000d5580000)
  object space 1398272K, 1% used [0x0000000080000000,0x00000000816bbd40,0x00000000d5580000)
 Metaspace       used 34597K, capacity 34956K, committed 35416K, reserved 1081344K
  class space    used 3952K, capacity 4060K, committed 4096K, reserved 1048576K
}
Event: 32.978 GC heap before
{Heap before GC invocations=5 (full 2):
 PSYoungGen      total 611840K, used 524800K [0x00000000d5580000, 0x0000000100000000, 0x0000000100000000)
  eden space 524800K, 100% used [0x00000000d5580000,0x00000000f5600000,0x00000000f5600000)
  from space 87040K, 0% used [0x00000000fab00000,0x00000000fab00000,0x0000000100000000)
  to   space 87040K, 0% used [0x00000000f5600000,0x00000000f5600000,0x00000000fab00000)
 ParOldGen       total 1398272K, used 23279K [0x0000000080000000, 0x00000000d5580000, 0x00000000d5580000)
  object space 1398272K, 1% used [0x0000000080000000,0x00000000816bbd40,0x00000000d5580000)
 Metaspace       used 55916K, capacity 57612K, committed 57856K, reserved 1099776K
  class space    used 6497K, capacity 6808K, committed 6912K, reserved 1048576K
Event: 33.048 GC heap after
Heap after GC invocations=5 (full 2):
 PSYoungGen      total 611840K, used 32995K [0x00000000d5580000, 0x0000000100000000, 0x0000000100000000)
  eden space 524800K, 0% used [0x00000000d5580000,0x00000000d5580000,0x00000000f5600000)
  from space 87040K, 37% used [0x00000000f5600000,0x00000000f7638ed0,0x00000000fab00000)
  to   space 87040K, 0% used [0x00000000fab00000,0x00000000fab00000,0x0000000100000000)
 ParOldGen       total 1398272K, used 23287K [0x0000000080000000, 0x00000000d5580000, 0x00000000d5580000)
  object space 1398272K, 1% used [0x0000000080000000,0x00000000816bdd40,0x00000000d5580000)
 Metaspace       used 55916K, capacity 57612K, committed 57856K, reserved 1099776K
  class space    used 6497K, capacity 6808K, committed 6912K, reserved 1048576K
}

