# JRE version: OpenJDK Runtime Environment (8.0_212-b04) (build 1.8.0_212-b04)
# Java VM: OpenJDK 64-Bit Server VM (25.212-b04 mixed mode linux-amd64 compressed oops)
Heap:
 PSYoungGen      total 611840K, used 200318K [0x00000000d5580000, 0x0000000100000000, 0x0000000100000000)
  eden space 524800K, 38% used [0x00000000d5580000,0x00000000e191fa70,0x00000000f5600000)
  from space 87040K, 0% used [0x00000000f5600000,0x00000000f5600000,0x00000000fab00000)
  to   space 87040K, 0% used [0x00000000fab00000,0x00000000fab00000,0x0000000100000000)
 ParOldGen       total 1398272K, used 39364K [0x0000000080000000, 0x00000000d5580000, 0x00000000d5580000)
  object space 1398272K, 2% used [0x0000000080000000,0x00000000826711d0,0x00000000d5580000)
 Metaspace       used 64355K, capacity 66890K, committed 67072K, reserved 1107968K
  class space    used 7359K, capacity 7831K, committed 7936K, reserved 1048576K
GC Heap History (10 events):
Event: 2.048 GC heap before
{Heap before GC invocations=2 (full 1):
 PSYoungGen      total 611840K, used 14315K [0x00000000d5580000, 0x0000000100000000, 0x0000000100000000)
  eden space 524800K, 0% used [0x00000000d5580000,0x00000000d5580000,0x00000000f5600000)
  from space 87040K, 16% used [0x00000000f5600000,0x00000000f63faf90,0x00000000fab00000)
  to   space 87040K, 0% used [0x00000000fab00000,0x00000000fab00000,0x0000000100000000)
 ParOldGen       total 1398272K, used 80K [0x0000000080000000, 0x00000000d5580000, 0x00000000d5580000)
  object space 1398272K, 0% used [0x0000000080000000,0x0000000080014010,0x00000000d5580000)
 Metaspace       used 20783K, capacity 21016K, committed 21248K, reserved 1069056K
  class space    used 2341K, capacity 2451K, committed 2560K, reserved 1048576K
Event: 2.124 GC heap after
Heap after GC invocations=2 (full 1):
 PSYoungGen      total 611840K, used 0K [0x00000000d5580000, 0x0000000100000000, 0x0000000100000000)
  eden space 524800K, 0% used [0x00000000d5580000,0x00000000d5580000,0x00000000f5600000)
  from space 87040K, 0% used [0x00000000f5600000,0x00000000f5600000,0x00000000fab00000)
  to   space 87040K, 0% used [0x00000000fab00000,0x00000000fab00000,0x0000000100000000)
 ParOldGen       total 878080K, used 13735K [0x0000000080000000, 0x00000000b5980000, 0x00000000d5580000)
  object space 878080K, 1% used [0x0000000080000000,0x0000000080d69df8,0x00000000b5980000)
 Metaspace       used 20783K, capacity 21016K, committed 21248K, reserved 1069056K
  class space    used 2341K, capacity 2451K, committed 2560K, reserved 1048576K
}
Event: 4.216 GC heap before
{Heap before GC invocations=3 (full 1):
 PSYoungGen      total 611840K, used 415048K [0x00000000d5580000, 0x0000000100000000, 0x0000000100000000)
  eden space 524800K, 79% used [0x00000000d5580000,0x00000000eead20e8,0x00000000f5600000)
  from space 87040K, 0% used [0x00000000f5600000,0x00000000f5600000,0x00000000fab00000)
  to   space 87040K, 0% used [0x00000000fab00000,0x00000000fab00000,0x0000000100000000)
 ParOldGen       total 878080K, used 13735K [0x0000000080000000, 0x00000000b5980000, 0x00000000d5580000)
  object space 878080K, 1% used [0x0000000080000000,0x0000000080d69df8,0x00000000b5980000)
 Metaspace       used 34718K, capacity 35176K, committed 35416K, reserved 1081344K
  class space    used 3962K, capacity 4092K, committed 4096K, reserved 1048576K
Event: 4.255 GC heap after
Heap after GC invocations=3 (full 1):
 PSYoungGen      total 611840K, used 18632K [0x00000000d5580000, 0x0000000100000000, 0x0000000100000000)
  eden space 524800K, 0% used [0x00000000d5580000,0x00000000d5580000,0x00000000f5600000)
  from space 87040K, 21% used [0x00000000fab00000,0x00000000fbd322b0,0x0000000100000000)
  to   space 87040K, 0% used [0x00000000f5600000,0x00000000f5600000,0x00000000fab00000)
 ParOldGen       total 878080K, used 13735K [0x0000000080000000, 0x00000000b5980000, 0x00000000d5580000)
  object space 878080K, 1% used [0x0000000080000000,0x0000000080d69df8,0x00000000b5980000)
 Metaspace       used 34718K, capacity 35176K, committed 35416K, reserved 1081344K
  class space    used 3962K, capacity 4092K, committed 4096K, reserved 1048576K
}
Event: 4.255 GC heap before
{Heap before GC invocations=4 (full 2):
 PSYoungGen      total 611840K, used 18632K [0x00000000d5580000, 0x0000000100000000, 0x0000000100000000)
  eden space 524800K, 0% used [0x00000000d5580000,0x00000000d5580000,0x00000000f5600000)
  from space 87040K, 21% used [0x00000000fab00000,0x00000000fbd322b0,0x0000000100000000)
  to   space 87040K, 0% used [0x00000000f5600000,0x00000000f5600000,0x00000000fab00000)
 ParOldGen       total 878080K, used 13735K [0x0000000080000000, 0x00000000b5980000, 0x00000000d5580000)
  object space 878080K, 1% used [0x0000000080000000,0x0000000080d69df8,0x00000000b5980000)
 Metaspace       used 34718K, capacity 35176K, committed 35416K, reserved 1081344K
  class space    used 3962K, capacity 4092K, committed 4096K, reserved 1048576K
Event: 4.381 GC heap after
Heap after GC invocations=4 (full 2):
 PSYoungGen      total 611840K, used 0K [0x00000000d5580000, 0x0000000100000000, 0x0000000100000000)
  eden space 524800K, 0% used [0x00000000d5580000,0x00000000d5580000,0x00000000f5600000)
  from space 87040K, 0% used [0x00000000fab00000,0x00000000fab00000,0x0000000100000000)
  to   space 87040K, 0% used [0x00000000f5600000,0x00000000f5600000,0x00000000fab00000)
 ParOldGen       total 1398272K, used 22895K [0x0000000080000000, 0x00000000d5580000, 0x00000000d5580000)
  object space 1398272K, 1% used [0x0000000080000000,0x000000008165bcb8,0x00000000d5580000)
 Metaspace       used 34718K, capacity 35176K, committed 35416K, reserved 1081344K
  class space    used 3962K, capacity 4092K, committed 4096K, reserved 1048576K
}
Event: 10.586 GC heap before
{Heap before GC invocations=5 (full 2):
 PSYoungGen      total 611840K, used 414513K [0x00000000d5580000, 0x0000000100000000, 0x0000000100000000)
  eden space 524800K, 78% used [0x00000000d5580000,0x00000000eea4c5d0,0x00000000f5600000)
  from space 87040K, 0% used [0x00000000fab00000,0x00000000fab00000,0x0000000100000000)
  to   space 87040K, 0% used [0x00000000f5600000,0x00000000f5600000,0x00000000fab00000)
 ParOldGen       total 1398272K, used 22895K [0x0000000080000000, 0x00000000d5580000, 0x00000000d5580000)
  object space 1398272K, 1% used [0x0000000080000000,0x000000008165bcb8,0x00000000d5580000)
 Metaspace       used 57314K, capacity 58806K, committed 59008K, reserved 1101824K
  class space    used 6659K, capacity 6933K, committed 7040K, reserved 1048576K
Event: 10.646 GC heap after
Heap after GC invocations=5 (full 2):
 PSYoungGen      total 611840K, used 29213K [0x00000000d5580000, 0x0000000100000000, 0x0000000100000000)
  eden space 524800K, 0% used [0x00000000d5580000,0x00000000d5580000,0x00000000f5600000)
  from space 87040K, 33% used [0x00000000f5600000,0x00000000f72876c0,0x00000000fab00000)
  to   space 87040K, 0% used [0x00000000fab00000,0x00000000fab00000,0x0000000100000000)
 ParOldGen       total 1398272K, used 22903K [0x0000000080000000, 0x00000000d5580000, 0x00000000d5580000)
  object space 1398272K, 1% used [0x0000000080000000,0x000000008165dcb8,0x00000000d5580000)
 Metaspace       used 57314K, capacity 58806K, committed 59008K, reserved 1101824K
  class space    used 6659K, capacity 6933K, committed 7040K, reserved 1048576K
}
Event: 10.646 GC heap before
{Heap before GC invocations=6 (full 3):
 PSYoungGen      total 611840K, used 29213K [0x00000000d5580000, 0x0000000100000000, 0x0000000100000000)
  eden space 524800K, 0% used [0x00000000d5580000,0x00000000d5580000,0x00000000f5600000)
  from space 87040K, 33% used [0x00000000f5600000,0x00000000f72876c0,0x00000000fab00000)
  to   space 87040K, 0% used [0x00000000fab00000,0x00000000fab00000,0x0000000100000000)
 ParOldGen       total 1398272K, used 22903K [0x0000000080000000, 0x00000000d5580000, 0x00000000d5580000)
  object space 1398272K, 1% used [0x0000000080000000,0x000000008165dcb8,0x00000000d5580000)
 Metaspace       used 57314K, capacity 58806K, committed 59008K, reserved 1101824K
  class space    used 6659K, capacity 6933K, committed 7040K, reserved 1048576K
Event: 10.889 GC heap after
Heap after GC invocations=6 (full 3):
 PSYoungGen      total 611840K, used 0K [0x00000000d5580000, 0x0000000100000000, 0x0000000100000000)
  eden space 524800K, 0% used [0x00000000d5580000,0x00000000d5580000,0x00000000f5600000)
  from space 87040K, 0% used [0x00000000f5600000,0x00000000f5600000,0x00000000fab00000)
  to   space 87040K, 0% used [0x00000000fab00000,0x00000000fab00000,0x0000000100000000)
 ParOldGen       total 1398272K, used 39364K [0x0000000080000000, 0x00000000d5580000, 0x00000000d5580000)
  object space 1398272K, 2% used [0x0000000080000000,0x00000000826711d0,0x00000000d5580000)
 Metaspace       used 57314K, capacity 58806K, committed 59008K, reserved 1101824K
  class space    used 6659K, capacity 6933K, committed 7040K, reserved 1048576K
}

