# JRE version: OpenJDK Runtime Environment (8.0_212-b04) (build 1.8.0_212-b04)
# Java VM: OpenJDK 64-Bit Server VM (25.212-b04 mixed mode linux-amd64 compressed oops)
Heap:
 PSYoungGen      total 542208K, used 451606K [0x00000000d5580000, 0x0000000100000000, 0x0000000100000000)
  eden space 422912K, 78% used [0x00000000d5580000,0x00000000e9a7f150,0x00000000ef280000)
  from space 119296K, 99% used [0x00000000ef700000,0x00000000f6b06940,0x00000000f6b80000)
  to   space 152064K, 0% used [0x00000000f6b80000,0x00000000f6b80000,0x0000000100000000)
 ParOldGen       total 1398272K, used 98132K [0x0000000080000000, 0x00000000d5580000, 0x00000000d5580000)
  object space 1398272K, 7% used [0x0000000080000000,0x0000000085fd52a8,0x00000000d5580000)
 Metaspace       used 72352K, capacity 76168K, committed 76416K, reserved 1118208K
  class space    used 7872K, capacity 8544K, committed 8576K, reserved 1048576K
GC Heap History (10 events):
Event: 11.775 GC heap before
{Heap before GC invocations=6 (full 3):
 PSYoungGen      total 611840K, used 34142K [0x00000000d5580000, 0x0000000100000000, 0x0000000100000000)
  eden space 524800K, 0% used [0x00000000d5580000,0x00000000d5580000,0x00000000f5600000)
  from space 87040K, 39% used [0x00000000f5600000,0x00000000f7757a08,0x00000000fab00000)
  to   space 87040K, 0% used [0x00000000fab00000,0x00000000fab00000,0x0000000100000000)
 ParOldGen       total 1398272K, used 23588K [0x0000000080000000, 0x00000000d5580000, 0x00000000d5580000)
  object space 1398272K, 1% used [0x0000000080000000,0x0000000081709200,0x00000000d5580000)
 Metaspace       used 57419K, capacity 58832K, committed 59028K, reserved 1101824K
  class space    used 6642K, capacity 6902K, committed 6912K, reserved 1048576K
Event: 12.074 GC heap after
Heap after GC invocations=6 (full 3):
 PSYoungGen      total 611840K, used 0K [0x00000000d5580000, 0x0000000100000000, 0x0000000100000000)
  eden space 524800K, 0% used [0x00000000d5580000,0x00000000d5580000,0x00000000f5600000)
  from space 87040K, 0% used [0x00000000f5600000,0x00000000f5600000,0x00000000fab00000)
  to   space 87040K, 0% used [0x00000000fab00000,0x00000000fab00000,0x0000000100000000)
 ParOldGen       total 1398272K, used 44614K [0x0000000080000000, 0x00000000d5580000, 0x00000000d5580000)
  object space 1398272K, 3% used [0x0000000080000000,0x0000000082b91ba0,0x00000000d5580000)
 Metaspace       used 57387K, capacity 58758K, committed 59028K, reserved 1101824K
  class space    used 6631K, capacity 6883K, committed 6912K, reserved 1048576K
}
Event: 103.801 GC heap before
{Heap before GC invocations=7 (full 3):
 PSYoungGen      total 611840K, used 524800K [0x00000000d5580000, 0x0000000100000000, 0x0000000100000000)
  eden space 524800K, 100% used [0x00000000d5580000,0x00000000f5600000,0x00000000f5600000)
  from space 87040K, 0% used [0x00000000f5600000,0x00000000f5600000,0x00000000fab00000)
  to   space 87040K, 0% used [0x00000000fab00000,0x00000000fab00000,0x0000000100000000)
 ParOldGen       total 1398272K, used 44614K [0x0000000080000000, 0x00000000d5580000, 0x00000000d5580000)
  object space 1398272K, 3% used [0x0000000080000000,0x0000000082b91ba0,0x00000000d5580000)
 Metaspace       used 66656K, capacity 69726K, committed 69888K, reserved 1112064K
  class space    used 7622K, capacity 8151K, committed 8192K, reserved 1048576K
Event: 103.892 GC heap after
Heap after GC invocations=7 (full 3):
 PSYoungGen      total 611840K, used 45664K [0x00000000d5580000, 0x0000000100000000, 0x0000000100000000)
  eden space 524800K, 0% used [0x00000000d5580000,0x00000000d5580000,0x00000000f5600000)
  from space 87040K, 52% used [0x00000000fab00000,0x00000000fd7981d0,0x0000000100000000)
  to   space 87040K, 0% used [0x00000000f5600000,0x00000000f5600000,0x00000000fab00000)
 ParOldGen       total 1398272K, used 44622K [0x0000000080000000, 0x00000000d5580000, 0x00000000d5580000)
  object space 1398272K, 3% used [0x0000000080000000,0x0000000082b93ba0,0x00000000d5580000)
 Metaspace       used 66656K, capacity 69726K, committed 69888K, reserved 1112064K
  class space    used 7622K, capacity 8151K, committed 8192K, reserved 1048576K
}
Event: 338.470 GC heap before
{Heap before GC invocations=8 (full 3):
 PSYoungGen      total 611840K, used 570464K [0x00000000d5580000, 0x0000000100000000, 0x0000000100000000)
  eden space 524800K, 100% used [0x00000000d5580000,0x00000000f5600000,0x00000000f5600000)
  from space 87040K, 52% used [0x00000000fab00000,0x00000000fd7981d0,0x0000000100000000)
  to   space 87040K, 0% used [0x00000000f5600000,0x00000000f5600000,0x00000000fab00000)
 ParOldGen       total 1398272K, used 44622K [0x0000000080000000, 0x00000000d5580000, 0x00000000d5580000)
  object space 1398272K, 3% used [0x0000000080000000,0x0000000082b93ba0,0x00000000d5580000)
 Metaspace       used 69233K, capacity 72532K, committed 72704K, reserved 1114112K
  class space    used 7722K, capacity 8326K, committed 8448K, reserved 1048576K
Event: 338.671 GC heap after
Heap after GC invocations=8 (full 3):
 PSYoungGen      total 611840K, used 87010K [0x00000000d5580000, 0x0000000100000000, 0x0000000100000000)
  eden space 524800K, 0% used [0x00000000d5580000,0x00000000d5580000,0x00000000f5600000)
  from space 87040K, 99% used [0x00000000f5600000,0x00000000faaf88e8,0x00000000fab00000)
  to   space 87040K, 0% used [0x00000000fab00000,0x00000000fab00000,0x0000000100000000)
 ParOldGen       total 1398272K, used 56126K [0x0000000080000000, 0x00000000d5580000, 0x00000000d5580000)
  object space 1398272K, 4% used [0x0000000080000000,0x00000000836cf888,0x00000000d5580000)
 Metaspace       used 69233K, capacity 72532K, committed 72704K, reserved 1114112K
  class space    used 7722K, capacity 8326K, committed 8448K, reserved 1048576K
}
Event: 600.833 GC heap before
{Heap before GC invocations=9 (full 3):
 PSYoungGen      total 611840K, used 611810K [0x00000000d5580000, 0x0000000100000000, 0x0000000100000000)
  eden space 524800K, 100% used [0x00000000d5580000,0x00000000f5600000,0x00000000f5600000)
  from space 87040K, 99% used [0x00000000f5600000,0x00000000faaf88e8,0x00000000fab00000)
  to   space 87040K, 0% used [0x00000000fab00000,0x00000000fab00000,0x0000000100000000)
 ParOldGen       total 1398272K, used 56126K [0x0000000080000000, 0x00000000d5580000, 0x00000000d5580000)
  object space 1398272K, 4% used [0x0000000080000000,0x00000000836cf888,0x00000000d5580000)
 Metaspace       used 70611K, capacity 74166K, committed 74240K, reserved 1116160K
  class space    used 7799K, capacity 8433K, committed 8448K, reserved 1048576K
Event: 601.072 GC heap after
Heap after GC invocations=9 (full 3):
 PSYoungGen      total 514560K, used 87032K [0x00000000d5580000, 0x0000000100000000, 0x0000000100000000)
  eden space 427520K, 0% used [0x00000000d5580000,0x00000000d5580000,0x00000000ef700000)
  from space 87040K, 99% used [0x00000000fab00000,0x00000000ffffe3a8,0x0000000100000000)
  to   space 135680K, 0% used [0x00000000ef700000,0x00000000ef700000,0x00000000f7b80000)
 ParOldGen       total 1398272K, used 98132K [0x0000000080000000, 0x00000000d5580000, 0x00000000d5580000)
  object space 1398272K, 7% used [0x0000000080000000,0x0000000085fd52a8,0x00000000d5580000)
 Metaspace       used 70611K, capacity 74166K, committed 74240K, reserved 1116160K
  class space    used 7799K, capacity 8433K, committed 8448K, reserved 1048576K
}
Event: 736.493 GC heap before
{Heap before GC invocations=10 (full 3):
 PSYoungGen      total 514560K, used 514552K [0x00000000d5580000, 0x0000000100000000, 0x0000000100000000)
  eden space 427520K, 100% used [0x00000000d5580000,0x00000000ef700000,0x00000000ef700000)
  from space 87040K, 99% used [0x00000000fab00000,0x00000000ffffe3a8,0x0000000100000000)
  to   space 135680K, 0% used [0x00000000ef700000,0x00000000ef700000,0x00000000f7b80000)
 ParOldGen       total 1398272K, used 98132K [0x0000000080000000, 0x00000000d5580000, 0x00000000d5580000)
  object space 1398272K, 7% used [0x0000000080000000,0x0000000085fd52a8,0x00000000d5580000)
 Metaspace       used 71818K, capacity 75582K, committed 75648K, reserved 1116160K
  class space    used 7866K, capacity 8535K, committed 8576K, reserved 1048576K
Event: 736.695 GC heap after
Heap after GC invocations=10 (full 3):
 PSYoungGen      total 542208K, used 118810K [0x00000000d5580000, 0x0000000100000000, 0x0000000100000000)
  eden space 422912K, 0% used [0x00000000d5580000,0x00000000d5580000,0x00000000ef280000)
  from space 119296K, 99% used [0x00000000ef700000,0x00000000f6b06940,0x00000000f6b80000)
  to   space 152064K, 0% used [0x00000000f6b80000,0x00000000f6b80000,0x0000000100000000)
 ParOldGen       total 1398272K, used 98132K [0x0000000080000000, 0x00000000d5580000, 0x00000000d5580000)
  object space 1398272K, 7% used [0x0000000080000000,0x0000000085fd52a8,0x00000000d5580000)
 Metaspace       used 71818K, capacity 75582K, committed 75648K, reserved 1116160K
  class space    used 7866K, capacity 8535K, committed 8576K, reserved 1048576K
}

