# JRE version: OpenJDK Runtime Environment (8.0_212-b04) (build 1.8.0_212-b04)
# Java VM: OpenJDK 64-Bit Server VM (25.212-b04 mixed mode linux-amd64 compressed oops)
Heap:
 PSYoungGen      total 513024K, used 331431K [0x00000000d5580000, 0x00000000feb00000, 0x0000000100000000)
  eden space 343040K, 96% used [0x00000000d5580000,0x00000000e9929d48,0x00000000ea480000)
  from space 169984K, 0% used [0x00000000ea480000,0x00000000ea480000,0x00000000f4a80000)
  to   space 162816K, 0% used [0x00000000f4c00000,0x00000000f4c00000,0x00000000feb00000)
 ParOldGen       total 1398272K, used 130352K [0x0000000080000000, 0x00000000d5580000, 0x00000000d5580000)
  object space 1398272K, 9% used [0x0000000080000000,0x0000000087f4c3e0,0x00000000d5580000)
 Metaspace       used 75436K, capacity 79088K, committed 79232K, reserved 1120256K
  class space    used 8101K, capacity 8706K, committed 8832K, reserved 1048576K
GC Heap History (10 events):
Event: 279.386 GC heap before
{Heap before GC invocations=28 (full 10):
 PSYoungGen      total 478208K, used 46682K [0x00000000d5580000, 0x00000000fdd80000, 0x0000000100000000)
  eden space 311296K, 0% used [0x00000000d5580000,0x00000000d5580000,0x00000000e8580000)
  from space 166912K, 27% used [0x00000000f3a80000,0x00000000f6816938,0x00000000fdd80000)
  to   space 176128K, 0% used [0x00000000e8580000,0x00000000e8580000,0x00000000f3180000)
 ParOldGen       total 1398272K, used 102243K [0x0000000080000000, 0x00000000d5580000, 0x00000000d5580000)
  object space 1398272K, 7% used [0x0000000080000000,0x00000000863d8c88,0x00000000d5580000)
 Metaspace       used 72653K, capacity 76060K, committed 76160K, reserved 1116160K
  class space    used 7976K, capacity 8570K, committed 8576K, reserved 1048576K
Event: 279.907 GC heap after
Heap after GC invocations=28 (full 10):
 PSYoungGen      total 478208K, used 0K [0x00000000d5580000, 0x00000000fdd80000, 0x0000000100000000)
  eden space 311296K, 0% used [0x00000000d5580000,0x00000000d5580000,0x00000000e8580000)
  from space 166912K, 0% used [0x00000000f3a80000,0x00000000f3a80000,0x00000000fdd80000)
  to   space 176128K, 0% used [0x00000000e8580000,0x00000000e8580000,0x00000000f3180000)
 ParOldGen       total 1398272K, used 133463K [0x0000000080000000, 0x00000000d5580000, 0x00000000d5580000)
  object space 1398272K, 9% used [0x0000000080000000,0x0000000088255c60,0x00000000d5580000)
 Metaspace       used 72653K, capacity 76060K, committed 76160K, reserved 1116160K
  class space    used 7976K, capacity 8570K, committed 8576K, reserved 1048576K
}
Event: 294.188 GC heap before
{Heap before GC invocations=29 (full 10):
 PSYoungGen      total 478208K, used 311296K [0x00000000d5580000, 0x00000000fdd80000, 0x0000000100000000)
  eden space 311296K, 100% used [0x00000000d5580000,0x00000000e8580000,0x00000000e8580000)
  from space 166912K, 0% used [0x00000000f3a80000,0x00000000f3a80000,0x00000000fdd80000)
  to   space 176128K, 0% used [0x00000000e8580000,0x00000000e8580000,0x00000000f3180000)
 ParOldGen       total 1398272K, used 133463K [0x0000000080000000, 0x00000000d5580000, 0x00000000d5580000)
  object space 1398272K, 9% used [0x0000000080000000,0x0000000088255c60,0x00000000d5580000)
 Metaspace       used 74082K, capacity 77646K, committed 77824K, reserved 1118208K
  class space    used 8046K, capacity 8651K, committed 8704K, reserved 1048576K
Event: 294.314 GC heap after
Heap after GC invocations=29 (full 10):
 PSYoungGen      total 487424K, used 52108K [0x00000000d5580000, 0x00000000fed00000, 0x0000000100000000)
  eden space 311296K, 0% used [0x00000000d5580000,0x00000000d5580000,0x00000000e8580000)
  from space 176128K, 29% used [0x00000000e8580000,0x00000000eb863118,0x00000000f3180000)
  to   space 166400K, 0% used [0x00000000f4a80000,0x00000000f4a80000,0x00000000fed00000)
 ParOldGen       total 1398272K, used 133471K [0x0000000080000000, 0x00000000d5580000, 0x00000000d5580000)
  object space 1398272K, 9% used [0x0000000080000000,0x0000000088257c60,0x00000000d5580000)
 Metaspace       used 74082K, capacity 77646K, committed 77824K, reserved 1118208K
  class space    used 8046K, capacity 8651K, committed 8704K, reserved 1048576K
}
Event: 300.802 GC heap before
{Heap before GC invocations=30 (full 10):
 PSYoungGen      total 487424K, used 359728K [0x00000000d5580000, 0x00000000fed00000, 0x0000000100000000)
  eden space 311296K, 98% used [0x00000000d5580000,0x00000000e81e9248,0x00000000e8580000)
  from space 176128K, 29% used [0x00000000e8580000,0x00000000eb863118,0x00000000f3180000)
  to   space 166400K, 0% used [0x00000000f4a80000,0x00000000f4a80000,0x00000000fed00000)
 ParOldGen       total 1398272K, used 133471K [0x0000000080000000, 0x00000000d5580000, 0x00000000d5580000)
  object space 1398272K, 9% used [0x0000000080000000,0x0000000088257c60,0x00000000d5580000)
 Metaspace       used 74737K, capacity 78336K, committed 78592K, reserved 1120256K
  class space    used 8075K, capacity 8666K, committed 8704K, reserved 1048576K
Event: 300.904 GC heap after
Heap after GC invocations=30 (full 10):
 PSYoungGen      total 509440K, used 98535K [0x00000000d5580000, 0x00000000ff900000, 0x0000000100000000)
  eden space 343040K, 0% used [0x00000000d5580000,0x00000000d5580000,0x00000000ea480000)
  from space 166400K, 59% used [0x00000000f4a80000,0x00000000faab9cc0,0x00000000fed00000)
  to   space 169984K, 0% used [0x00000000ea480000,0x00000000ea480000,0x00000000f4a80000)
 ParOldGen       total 1398272K, used 133471K [0x0000000080000000, 0x00000000d5580000, 0x00000000d5580000)
  object space 1398272K, 9% used [0x0000000080000000,0x0000000088257c60,0x00000000d5580000)
 Metaspace       used 74737K, capacity 78336K, committed 78592K, reserved 1120256K
  class space    used 8075K, capacity 8666K, committed 8704K, reserved 1048576K
}
Event: 301.689 GC heap before
{Heap before GC invocations=31 (full 10):
 PSYoungGen      total 509440K, used 195730K [0x00000000d5580000, 0x00000000ff900000, 0x0000000100000000)
  eden space 343040K, 28% used [0x00000000d5580000,0x00000000db46ab78,0x00000000ea480000)
  from space 166400K, 59% used [0x00000000f4a80000,0x00000000faab9cc0,0x00000000fed00000)
  to   space 169984K, 0% used [0x00000000ea480000,0x00000000ea480000,0x00000000f4a80000)
 ParOldGen       total 1398272K, used 133471K [0x0000000080000000, 0x00000000d5580000, 0x00000000d5580000)
  object space 1398272K, 9% used [0x0000000080000000,0x0000000088257c60,0x00000000d5580000)
 Metaspace       used 74778K, capacity 78412K, committed 78592K, reserved 1120256K
  class space    used 8076K, capacity 8668K, committed 8704K, reserved 1048576K
Event: 301.738 GC heap after
Heap after GC invocations=31 (full 10):
 PSYoungGen      total 513024K, used 44201K [0x00000000d5580000, 0x00000000feb00000, 0x0000000100000000)
  eden space 343040K, 0% used [0x00000000d5580000,0x00000000d5580000,0x00000000ea480000)
  from space 169984K, 26% used [0x00000000ea480000,0x00000000ecfaa4b8,0x00000000f4a80000)
  to   space 162816K, 0% used [0x00000000f4c00000,0x00000000f4c00000,0x00000000feb00000)
 ParOldGen       total 1398272K, used 133471K [0x0000000080000000, 0x00000000d5580000, 0x00000000d5580000)
  object space 1398272K, 9% used [0x0000000080000000,0x0000000088257c60,0x00000000d5580000)
 Metaspace       used 74778K, capacity 78412K, committed 78592K, reserved 1120256K
  class space    used 8076K, capacity 8668K, committed 8704K, reserved 1048576K
}
Event: 301.738 GC heap before
{Heap before GC invocations=32 (full 11):
 PSYoungGen      total 513024K, used 44201K [0x00000000d5580000, 0x00000000feb00000, 0x0000000100000000)
  eden space 343040K, 0% used [0x00000000d5580000,0x00000000d5580000,0x00000000ea480000)
  from space 169984K, 26% used [0x00000000ea480000,0x00000000ecfaa4b8,0x00000000f4a80000)
  to   space 162816K, 0% used [0x00000000f4c00000,0x00000000f4c00000,0x00000000feb00000)
 ParOldGen       total 1398272K, used 133471K [0x0000000080000000, 0x00000000d5580000, 0x00000000d5580000)
  object space 1398272K, 9% used [0x0000000080000000,0x0000000088257c60,0x00000000d5580000)
 Metaspace       used 74778K, capacity 78412K, committed 78592K, reserved 1120256K
  class space    used 8076K, capacity 8668K, committed 8704K, reserved 1048576K
Event: 302.150 GC heap after
Heap after GC invocations=32 (full 11):
 PSYoungGen      total 513024K, used 0K [0x00000000d5580000, 0x00000000feb00000, 0x0000000100000000)
  eden space 343040K, 0% used [0x00000000d5580000,0x00000000d5580000,0x00000000ea480000)
  from space 169984K, 0% used [0x00000000ea480000,0x00000000ea480000,0x00000000f4a80000)
  to   space 162816K, 0% used [0x00000000f4c00000,0x00000000f4c00000,0x00000000feb00000)
 ParOldGen       total 1398272K, used 130352K [0x0000000080000000, 0x00000000d5580000, 0x00000000d5580000)
  object space 1398272K, 9% used [0x0000000080000000,0x0000000087f4c3e0,0x00000000d5580000)
 Metaspace       used 74778K, capacity 78412K, committed 78592K, reserved 1120256K
  class space    used 8076K, capacity 8668K, committed 8704K, reserved 1048576K
}

