# JRE version: OpenJDK Runtime Environment (8.0_212-b04) (build 1.8.0_212-b04)
# Java VM: OpenJDK 64-Bit Server VM (25.212-b04 mixed mode linux-amd64 compressed oops)
Heap:
 PSYoungGen      total 611840K, used 348556K [0x00000000d5580000, 0x0000000100000000, 0x0000000100000000)
  eden space 524800K, 66% used [0x00000000d5580000,0x00000000ea9e3338,0x00000000f5600000)
  from space 87040K, 0% used [0x00000000fab00000,0x00000000fab00000,0x0000000100000000)
  to   space 87040K, 0% used [0x00000000f5600000,0x00000000f5600000,0x00000000fab00000)
 ParOldGen       total 547840K, used 22983K [0x0000000080000000, 0x00000000a1700000, 0x00000000d5580000)
  object space 547840K, 4% used [0x0000000080000000,0x0000000081671c70,0x00000000a1700000)
 Metaspace       used 51511K, capacity 52858K, committed 52992K, reserved 1095680K
  class space    used 6099K, capacity 6375K, committed 6400K, reserved 1048576K
GC Heap History (8 events):
Event: 21.358 GC heap before
{Heap before GC invocations=1 (full 0):
 PSYoungGen      total 611840K, used 188929K [0x00000000d5580000, 0x0000000100000000, 0x0000000100000000)
  eden space 524800K, 36% used [0x00000000d5580000,0x00000000e0e004c0,0x00000000f5600000)
  from space 87040K, 0% used [0x00000000fab00000,0x00000000fab00000,0x0000000100000000)
  to   space 87040K, 0% used [0x00000000f5600000,0x00000000f5600000,0x00000000fab00000)
 ParOldGen       total 1398272K, used 0K [0x0000000080000000, 0x00000000d5580000, 0x00000000d5580000)
  object space 1398272K, 0% used [0x0000000080000000,0x0000000080000000,0x00000000d5580000)
 Metaspace       used 20876K, capacity 21138K, committed 21248K, reserved 1069056K
  class space    used 2355K, capacity 2450K, committed 2560K, reserved 1048576K
Event: 21.412 GC heap after
Heap after GC invocations=1 (full 0):
 PSYoungGen      total 611840K, used 14112K [0x00000000d5580000, 0x0000000100000000, 0x0000000100000000)
  eden space 524800K, 0% used [0x00000000d5580000,0x00000000d5580000,0x00000000f5600000)
  from space 87040K, 16% used [0x00000000f5600000,0x00000000f63c8270,0x00000000fab00000)
  to   space 87040K, 0% used [0x00000000fab00000,0x00000000fab00000,0x0000000100000000)
 ParOldGen       total 1398272K, used 80K [0x0000000080000000, 0x00000000d5580000, 0x00000000d5580000)
  object space 1398272K, 0% used [0x0000000080000000,0x0000000080014010,0x00000000d5580000)
 Metaspace       used 20876K, capacity 21138K, committed 21248K, reserved 1069056K
  class space    used 2355K, capacity 2450K, committed 2560K, reserved 1048576K
}
Event: 21.412 GC heap before
{Heap before GC invocations=2 (full 1):
 PSYoungGen      total 611840K, used 14112K [0x00000000d5580000, 0x0000000100000000, 0x0000000100000000)
  eden space 524800K, 0% used [0x00000000d5580000,0x00000000d5580000,0x00000000f5600000)
  from space 87040K, 16% used [0x00000000f5600000,0x00000000f63c8270,0x00000000fab00000)
  to   space 87040K, 0% used [0x00000000fab00000,0x00000000fab00000,0x0000000100000000)
 ParOldGen       total 1398272K, used 80K [0x0000000080000000, 0x00000000d5580000, 0x00000000d5580000)
  object space 1398272K, 0% used [0x0000000080000000,0x0000000080014010,0x00000000d5580000)
 Metaspace       used 20876K, capacity 21138K, committed 21248K, reserved 1069056K
  class space    used 2355K, capacity 2450K, committed 2560K, reserved 1048576K
Event: 21.501 GC heap after
Heap after GC invocations=2 (full 1):
 PSYoungGen      total 611840K, used 0K [0x00000000d5580000, 0x0000000100000000, 0x0000000100000000)
  eden space 524800K, 0% used [0x00000000d5580000,0x00000000d5580000,0x00000000f5600000)
  from space 87040K, 0% used [0x00000000f5600000,0x00000000f5600000,0x00000000fab00000)
  to   space 87040K, 0% used [0x00000000fab00000,0x00000000fab00000,0x0000000100000000)
 ParOldGen       total 538624K, used 13588K [0x0000000080000000, 0x00000000a0e00000, 0x00000000d5580000)
  object space 538624K, 2% used [0x0000000080000000,0x0000000080d45030,0x00000000a0e00000)
 Metaspace       used 20876K, capacity 21138K, committed 21248K, reserved 1069056K
  class space    used 2355K, capacity 2450K, committed 2560K, reserved 1048576K
}
Event: 40.544 GC heap before
{Heap before GC invocations=3 (full 1):
 PSYoungGen      total 611840K, used 427724K [0x00000000d5580000, 0x0000000100000000, 0x0000000100000000)
  eden space 524800K, 81% used [0x00000000d5580000,0x00000000ef733290,0x00000000f5600000)
  from space 87040K, 0% used [0x00000000f5600000,0x00000000f5600000,0x00000000fab00000)
  to   space 87040K, 0% used [0x00000000fab00000,0x00000000fab00000,0x0000000100000000)
 ParOldGen       total 538624K, used 13588K [0x0000000080000000, 0x00000000a0e00000, 0x00000000d5580000)
  object space 538624K, 2% used [0x0000000080000000,0x0000000080d45030,0x00000000a0e00000)
 Metaspace       used 34794K, capacity 35332K, committed 35416K, reserved 1081344K
  class space    used 3971K, capacity 4096K, committed 4096K, reserved 1048576K
Event: 40.591 GC heap after
Heap after GC invocations=3 (full 1):
 PSYoungGen      total 611840K, used 18730K [0x00000000d5580000, 0x0000000100000000, 0x0000000100000000)
  eden space 524800K, 0% used [0x00000000d5580000,0x00000000d5580000,0x00000000f5600000)
  from space 87040K, 21% used [0x00000000fab00000,0x00000000fbd4ab80,0x0000000100000000)
  to   space 87040K, 0% used [0x00000000f5600000,0x00000000f5600000,0x00000000fab00000)
 ParOldGen       total 538624K, used 13588K [0x0000000080000000, 0x00000000a0e00000, 0x00000000d5580000)
  object space 538624K, 2% used [0x0000000080000000,0x0000000080d45030,0x00000000a0e00000)
 Metaspace       used 34794K, capacity 35332K, committed 35416K, reserved 1081344K
  class space    used 3971K, capacity 4096K, committed 4096K, reserved 1048576K
}
Event: 40.591 GC heap before
{Heap before GC invocations=4 (full 2):
 PSYoungGen      total 611840K, used 18730K [0x00000000d5580000, 0x0000000100000000, 0x0000000100000000)
  eden space 524800K, 0% used [0x00000000d5580000,0x00000000d5580000,0x00000000f5600000)
  from space 87040K, 21% used [0x00000000fab00000,0x00000000fbd4ab80,0x0000000100000000)
  to   space 87040K, 0% used [0x00000000f5600000,0x00000000f5600000,0x00000000fab00000)
 ParOldGen       total 538624K, used 13588K [0x0000000080000000, 0x00000000a0e00000, 0x00000000d5580000)
  object space 538624K, 2% used [0x0000000080000000,0x0000000080d45030,0x00000000a0e00000)
 Metaspace       used 34794K, capacity 35332K, committed 35416K, reserved 1081344K
  class space    used 3971K, capacity 4096K, committed 4096K, reserved 1048576K
Event: 40.683 GC heap after
Heap after GC invocations=4 (full 2):
 PSYoungGen      total 611840K, used 0K [0x00000000d5580000, 0x0000000100000000, 0x0000000100000000)
  eden space 524800K, 0% used [0x00000000d5580000,0x00000000d5580000,0x00000000f5600000)
  from space 87040K, 0% used [0x00000000fab00000,0x00000000fab00000,0x0000000100000000)
  to   space 87040K, 0% used [0x00000000f5600000,0x00000000f5600000,0x00000000fab00000)
 ParOldGen       total 547840K, used 22983K [0x0000000080000000, 0x00000000a1700000, 0x00000000d5580000)
  object space 547840K, 4% used [0x0000000080000000,0x0000000081671c70,0x00000000a1700000)
 Metaspace       used 34794K, capacity 35332K, committed 35416K, reserved 1081344K
  class space    used 3971K, capacity 4096K, committed 4096K, reserved 1048576K
}

