# JRE version: OpenJDK Runtime Environment (8.0_212-b04) (build 1.8.0_212-b04)
# Java VM: OpenJDK 64-Bit Server VM (25.212-b04 mixed mode linux-amd64 compressed oops)
Heap:
 PSYoungGen      total 611840K, used 394625K [0x00000000d5580000, 0x0000000100000000, 0x0000000100000000)
  eden space 524800K, 75% used [0x00000000d5580000,0x00000000ed6e0798,0x00000000f5600000)
  from space 87040K, 0% used [0x00000000f5600000,0x00000000f5600000,0x00000000fab00000)
  to   space 87040K, 0% used [0x00000000fab00000,0x00000000fab00000,0x0000000100000000)
 ParOldGen       total 1398272K, used 38011K [0x0000000080000000, 0x00000000d5580000, 0x00000000d5580000)
  object space 1398272K, 2% used [0x0000000080000000,0x000000008251ec00,0x00000000d5580000)
 Metaspace       used 63692K, capacity 65956K, committed 66048K, reserved 1107968K
  class space    used 7245K, capacity 7674K, committed 7680K, reserved 1048576K
GC Heap History (10 events):
Event: 13.308 GC heap before
{Heap before GC invocations=2 (full 1):
 PSYoungGen      total 611840K, used 14404K [0x00000000d5580000, 0x0000000100000000, 0x0000000100000000)
  eden space 524800K, 0% used [0x00000000d5580000,0x00000000d5580000,0x00000000f5600000)
  from space 87040K, 16% used [0x00000000f5600000,0x00000000f6411348,0x00000000fab00000)
  to   space 87040K, 0% used [0x00000000fab00000,0x00000000fab00000,0x0000000100000000)
 ParOldGen       total 1398272K, used 80K [0x0000000080000000, 0x00000000d5580000, 0x00000000d5580000)
  object space 1398272K, 0% used [0x0000000080000000,0x0000000080014010,0x00000000d5580000)
 Metaspace       used 20826K, capacity 21074K, committed 21248K, reserved 1069056K
  class space    used 2362K, capacity 2450K, committed 2560K, reserved 1048576K
Event: 13.388 GC heap after
Heap after GC invocations=2 (full 1):
 PSYoungGen      total 611840K, used 0K [0x00000000d5580000, 0x0000000100000000, 0x0000000100000000)
  eden space 524800K, 0% used [0x00000000d5580000,0x00000000d5580000,0x00000000f5600000)
  from space 87040K, 0% used [0x00000000f5600000,0x00000000f5600000,0x00000000fab00000)
  to   space 87040K, 0% used [0x00000000fab00000,0x00000000fab00000,0x0000000100000000)
 ParOldGen       total 841728K, used 13853K [0x0000000080000000, 0x00000000b3600000, 0x00000000d5580000)
  object space 841728K, 1% used [0x0000000080000000,0x0000000080d877a8,0x00000000b3600000)
 Metaspace       used 20826K, capacity 21074K, committed 21248K, reserved 1069056K
  class space    used 2362K, capacity 2450K, committed 2560K, reserved 1048576K
}
Event: 16.059 GC heap before
{Heap before GC invocations=3 (full 1):
 PSYoungGen      total 611840K, used 434802K [0x00000000d5580000, 0x0000000100000000, 0x0000000100000000)
  eden space 524800K, 82% used [0x00000000d5580000,0x00000000efe1ca50,0x00000000f5600000)
  from space 87040K, 0% used [0x00000000f5600000,0x00000000f5600000,0x00000000fab00000)
  to   space 87040K, 0% used [0x00000000fab00000,0x00000000fab00000,0x0000000100000000)
 ParOldGen       total 841728K, used 13853K [0x0000000080000000, 0x00000000b3600000, 0x00000000d5580000)
  object space 841728K, 1% used [0x0000000080000000,0x0000000080d877a8,0x00000000b3600000)
 Metaspace       used 34766K, capacity 35118K, committed 35416K, reserved 1081344K
  class space    used 3973K, capacity 4091K, committed 4096K, reserved 1048576K
Event: 16.098 GC heap after
Heap after GC invocations=3 (full 1):
 PSYoungGen      total 611840K, used 19335K [0x00000000d5580000, 0x0000000100000000, 0x0000000100000000)
  eden space 524800K, 0% used [0x00000000d5580000,0x00000000d5580000,0x00000000f5600000)
  from space 87040K, 22% used [0x00000000fab00000,0x00000000fbde1c98,0x0000000100000000)
  to   space 87040K, 0% used [0x00000000f5600000,0x00000000f5600000,0x00000000fab00000)
 ParOldGen       total 841728K, used 13853K [0x0000000080000000, 0x00000000b3600000, 0x00000000d5580000)
  object space 841728K, 1% used [0x0000000080000000,0x0000000080d877a8,0x00000000b3600000)
 Metaspace       used 34766K, capacity 35118K, committed 35416K, reserved 1081344K
  class space    used 3973K, capacity 4091K, committed 4096K, reserved 1048576K
}
Event: 16.098 GC heap before
{Heap before GC invocations=4 (full 2):
 PSYoungGen      total 611840K, used 19335K [0x00000000d5580000, 0x0000000100000000, 0x0000000100000000)
  eden space 524800K, 0% used [0x00000000d5580000,0x00000000d5580000,0x00000000f5600000)
  from space 87040K, 22% used [0x00000000fab00000,0x00000000fbde1c98,0x0000000100000000)
  to   space 87040K, 0% used [0x00000000f5600000,0x00000000f5600000,0x00000000fab00000)
 ParOldGen       total 841728K, used 13853K [0x0000000080000000, 0x00000000b3600000, 0x00000000d5580000)
  object space 841728K, 1% used [0x0000000080000000,0x0000000080d877a8,0x00000000b3600000)
 Metaspace       used 34766K, capacity 35118K, committed 35416K, reserved 1081344K
  class space    used 3973K, capacity 4091K, committed 4096K, reserved 1048576K
Event: 16.200 GC heap after
Heap after GC invocations=4 (full 2):
 PSYoungGen      total 611840K, used 0K [0x00000000d5580000, 0x0000000100000000, 0x0000000100000000)
  eden space 524800K, 0% used [0x00000000d5580000,0x00000000d5580000,0x00000000f5600000)
  from space 87040K, 0% used [0x00000000fab00000,0x00000000fab00000,0x0000000100000000)
  to   space 87040K, 0% used [0x00000000f5600000,0x00000000f5600000,0x00000000fab00000)
 ParOldGen       total 1398272K, used 23739K [0x0000000080000000, 0x00000000d5580000, 0x00000000d5580000)
  object space 1398272K, 1% used [0x0000000080000000,0x000000008172ecb0,0x00000000d5580000)
 Metaspace       used 34766K, capacity 35118K, committed 35416K, reserved 1081344K
  class space    used 3973K, capacity 4091K, committed 4096K, reserved 1048576K
}
Event: 22.624 GC heap before
{Heap before GC invocations=5 (full 2):
 PSYoungGen      total 611840K, used 328640K [0x00000000d5580000, 0x0000000100000000, 0x0000000100000000)
  eden space 524800K, 62% used [0x00000000d5580000,0x00000000e9670218,0x00000000f5600000)
  from space 87040K, 0% used [0x00000000fab00000,0x00000000fab00000,0x0000000100000000)
  to   space 87040K, 0% used [0x00000000f5600000,0x00000000f5600000,0x00000000fab00000)
 ParOldGen       total 1398272K, used 23739K [0x0000000080000000, 0x00000000d5580000, 0x00000000d5580000)
  object space 1398272K, 1% used [0x0000000080000000,0x000000008172ecb0,0x00000000d5580000)
 Metaspace       used 57596K, capacity 58920K, committed 59008K, reserved 1101824K
  class space    used 6697K, capacity 6966K, committed 7040K, reserved 1048576K
Event: 22.681 GC heap after
Heap after GC invocations=5 (full 2):
 PSYoungGen      total 611840K, used 27208K [0x00000000d5580000, 0x0000000100000000, 0x0000000100000000)
  eden space 524800K, 0% used [0x00000000d5580000,0x00000000d5580000,0x00000000f5600000)
  from space 87040K, 31% used [0x00000000f5600000,0x00000000f7092128,0x00000000fab00000)
  to   space 87040K, 0% used [0x00000000fab00000,0x00000000fab00000,0x0000000100000000)
 ParOldGen       total 1398272K, used 23747K [0x0000000080000000, 0x00000000d5580000, 0x00000000d5580000)
  object space 1398272K, 1% used [0x0000000080000000,0x0000000081730cb0,0x00000000d5580000)
 Metaspace       used 57596K, capacity 58920K, committed 59008K, reserved 1101824K
  class space    used 6697K, capacity 6966K, committed 7040K, reserved 1048576K
}
Event: 22.681 GC heap before
{Heap before GC invocations=6 (full 3):
 PSYoungGen      total 611840K, used 27208K [0x00000000d5580000, 0x0000000100000000, 0x0000000100000000)
  eden space 524800K, 0% used [0x00000000d5580000,0x00000000d5580000,0x00000000f5600000)
  from space 87040K, 31% used [0x00000000f5600000,0x00000000f7092128,0x00000000fab00000)
  to   space 87040K, 0% used [0x00000000fab00000,0x00000000fab00000,0x0000000100000000)
 ParOldGen       total 1398272K, used 23747K [0x0000000080000000, 0x00000000d5580000, 0x00000000d5580000)
  object space 1398272K, 1% used [0x0000000080000000,0x0000000081730cb0,0x00000000d5580000)
 Metaspace       used 57596K, capacity 58920K, committed 59008K, reserved 1101824K
  class space    used 6697K, capacity 6966K, committed 7040K, reserved 1048576K
Event: 22.888 GC heap after
Heap after GC invocations=6 (full 3):
 PSYoungGen      total 611840K, used 0K [0x00000000d5580000, 0x0000000100000000, 0x0000000100000000)
  eden space 524800K, 0% used [0x00000000d5580000,0x00000000d5580000,0x00000000f5600000)
  from space 87040K, 0% used [0x00000000f5600000,0x00000000f5600000,0x00000000fab00000)
  to   space 87040K, 0% used [0x00000000fab00000,0x00000000fab00000,0x0000000100000000)
 ParOldGen       total 1398272K, used 38011K [0x0000000080000000, 0x00000000d5580000, 0x00000000d5580000)
  object space 1398272K, 2% used [0x0000000080000000,0x000000008251ec00,0x00000000d5580000)
 Metaspace       used 57589K, capacity 58906K, committed 59008K, reserved 1101824K
  class space    used 6694K, capacity 6961K, committed 7040K, reserved 1048576K
}

