# JRE version: OpenJDK Runtime Environment (8.0_212-b04) (build 1.8.0_212-b04)
# Java VM: OpenJDK 64-Bit Server VM (25.212-b04 mixed mode linux-amd64 compressed oops)
Heap:
 PSYoungGen      total 611840K, used 253602K [0x00000000d5580000, 0x0000000100000000, 0x0000000100000000)
  eden space 524800K, 33% used [0x00000000d5580000,0x00000000e0233898,0x00000000f5600000)
  from space 87040K, 88% used [0x00000000fab00000,0x00000000ff5f5258,0x0000000100000000)
  to   space 87040K, 0% used [0x00000000f5600000,0x00000000f5600000,0x00000000fab00000)
 ParOldGen       total 1398272K, used 44617K [0x0000000080000000, 0x00000000d5580000, 0x00000000d5580000)
  object space 1398272K, 3% used [0x0000000080000000,0x0000000082b92628,0x00000000d5580000)
 Metaspace       used 65509K, capacity 68292K, committed 68440K, reserved 1110016K
  class space    used 7494K, capacity 7994K, committed 8024K, reserved 1048576K
GC Heap History (10 events):
Event: 4.235 GC heap before
{Heap before GC invocations=3 (full 1):
 PSYoungGen      total 611840K, used 434548K [0x00000000d5580000, 0x0000000100000000, 0x0000000100000000)
  eden space 524800K, 82% used [0x00000000d5580000,0x00000000efddd030,0x00000000f5600000)
  from space 87040K, 0% used [0x00000000f5600000,0x00000000f5600000,0x00000000fab00000)
  to   space 87040K, 0% used [0x00000000fab00000,0x00000000fab00000,0x0000000100000000)
 ParOldGen       total 858624K, used 13743K [0x0000000080000000, 0x00000000b4680000, 0x00000000d5580000)
  object space 858624K, 1% used [0x0000000080000000,0x0000000080d6be00,0x00000000b4680000)
 Metaspace       used 34751K, capacity 35150K, committed 35416K, reserved 1081344K
  class space    used 3977K, capacity 4123K, committed 4184K, reserved 1048576K
Event: 4.270 GC heap after
Heap after GC invocations=3 (full 1):
 PSYoungGen      total 611840K, used 19221K [0x00000000d5580000, 0x0000000100000000, 0x0000000100000000)
  eden space 524800K, 0% used [0x00000000d5580000,0x00000000d5580000,0x00000000f5600000)
  from space 87040K, 22% used [0x00000000fab00000,0x00000000fbdc5468,0x0000000100000000)
  to   space 87040K, 0% used [0x00000000f5600000,0x00000000f5600000,0x00000000fab00000)
 ParOldGen       total 858624K, used 13743K [0x0000000080000000, 0x00000000b4680000, 0x00000000d5580000)
  object space 858624K, 1% used [0x0000000080000000,0x0000000080d6be00,0x00000000b4680000)
 Metaspace       used 34751K, capacity 35150K, committed 35416K, reserved 1081344K
  class space    used 3977K, capacity 4123K, committed 4184K, reserved 1048576K
}
Event: 4.270 GC heap before
{Heap before GC invocations=4 (full 2):
 PSYoungGen      total 611840K, used 19221K [0x00000000d5580000, 0x0000000100000000, 0x0000000100000000)
  eden space 524800K, 0% used [0x00000000d5580000,0x00000000d5580000,0x00000000f5600000)
  from space 87040K, 22% used [0x00000000fab00000,0x00000000fbdc5468,0x0000000100000000)
  to   space 87040K, 0% used [0x00000000f5600000,0x00000000f5600000,0x00000000fab00000)
 ParOldGen       total 858624K, used 13743K [0x0000000080000000, 0x00000000b4680000, 0x00000000d5580000)
  object space 858624K, 1% used [0x0000000080000000,0x0000000080d6be00,0x00000000b4680000)
 Metaspace       used 34751K, capacity 35150K, committed 35416K, reserved 1081344K
  class space    used 3977K, capacity 4123K, committed 4184K, reserved 1048576K
Event: 4.367 GC heap after
Heap after GC invocations=4 (full 2):
 PSYoungGen      total 611840K, used 0K [0x00000000d5580000, 0x0000000100000000, 0x0000000100000000)
  eden space 524800K, 0% used [0x00000000d5580000,0x00000000d5580000,0x00000000f5600000)
  from space 87040K, 0% used [0x00000000fab00000,0x00000000fab00000,0x0000000100000000)
  to   space 87040K, 0% used [0x00000000f5600000,0x00000000f5600000,0x00000000fab00000)
 ParOldGen       total 1398272K, used 23572K [0x0000000080000000, 0x00000000d5580000, 0x00000000d5580000)
  object space 1398272K, 1% used [0x0000000080000000,0x0000000081705340,0x00000000d5580000)
 Metaspace       used 34751K, capacity 35150K, committed 35416K, reserved 1081344K
  class space    used 3977K, capacity 4123K, committed 4184K, reserved 1048576K
}
Event: 10.853 GC heap before
{Heap before GC invocations=5 (full 2):
 PSYoungGen      total 611840K, used 498123K [0x00000000d5580000, 0x0000000100000000, 0x0000000100000000)
  eden space 524800K, 94% used [0x00000000d5580000,0x00000000f3bf2cc8,0x00000000f5600000)
  from space 87040K, 0% used [0x00000000fab00000,0x00000000fab00000,0x0000000100000000)
  to   space 87040K, 0% used [0x00000000f5600000,0x00000000f5600000,0x00000000fab00000)
 ParOldGen       total 1398272K, used 23572K [0x0000000080000000, 0x00000000d5580000, 0x00000000d5580000)
  object space 1398272K, 1% used [0x0000000080000000,0x0000000081705340,0x00000000d5580000)
 Metaspace       used 57447K, capacity 58868K, committed 58968K, reserved 1101824K
  class space    used 6659K, capacity 6948K, committed 7000K, reserved 1048576K
Event: 10.915 GC heap after
Heap after GC invocations=5 (full 2):
 PSYoungGen      total 611840K, used 34213K [0x00000000d5580000, 0x0000000100000000, 0x0000000100000000)
  eden space 524800K, 0% used [0x00000000d5580000,0x00000000d5580000,0x00000000f5600000)
  from space 87040K, 39% used [0x00000000f5600000,0x00000000f77694c0,0x00000000fab00000)
  to   space 87040K, 0% used [0x00000000fab00000,0x00000000fab00000,0x0000000100000000)
 ParOldGen       total 1398272K, used 23580K [0x0000000080000000, 0x00000000d5580000, 0x00000000d5580000)
  object space 1398272K, 1% used [0x0000000080000000,0x0000000081707340,0x00000000d5580000)
 Metaspace       used 57447K, capacity 58868K, committed 58968K, reserved 1101824K
  class space    used 6659K, capacity 6948K, committed 7000K, reserved 1048576K
}
Event: 10.915 GC heap before
{Heap before GC invocations=6 (full 3):
 PSYoungGen      total 611840K, used 34213K [0x00000000d5580000, 0x0000000100000000, 0x0000000100000000)
  eden space 524800K, 0% used [0x00000000d5580000,0x00000000d5580000,0x00000000f5600000)
  from space 87040K, 39% used [0x00000000f5600000,0x00000000f77694c0,0x00000000fab00000)
  to   space 87040K, 0% used [0x00000000fab00000,0x00000000fab00000,0x0000000100000000)
 ParOldGen       total 1398272K, used 23580K [0x0000000080000000, 0x00000000d5580000, 0x00000000d5580000)
  object space 1398272K, 1% used [0x0000000080000000,0x0000000081707340,0x00000000d5580000)
 Metaspace       used 57447K, capacity 58868K, committed 58968K, reserved 1101824K
  class space    used 6659K, capacity 6948K, committed 7000K, reserved 1048576K
Event: 11.179 GC heap after
Heap after GC invocations=6 (full 3):
 PSYoungGen      total 611840K, used 0K [0x00000000d5580000, 0x0000000100000000, 0x0000000100000000)
  eden space 524800K, 0% used [0x00000000d5580000,0x00000000d5580000,0x00000000f5600000)
  from space 87040K, 0% used [0x00000000f5600000,0x00000000f5600000,0x00000000fab00000)
  to   space 87040K, 0% used [0x00000000fab00000,0x00000000fab00000,0x0000000100000000)
 ParOldGen       total 1398272K, used 44609K [0x0000000080000000, 0x00000000d5580000, 0x00000000d5580000)
  object space 1398272K, 3% used [0x0000000080000000,0x0000000082b90628,0x00000000d5580000)
 Metaspace       used 57407K, capacity 58776K, committed 58968K, reserved 1101824K
  class space    used 6645K, capacity 6924K, committed 7000K, reserved 1048576K
}
Event: 24.218 GC heap before
{Heap before GC invocations=7 (full 3):
 PSYoungGen      total 611840K, used 522961K [0x00000000d5580000, 0x0000000100000000, 0x0000000100000000)
  eden space 524800K, 99% used [0x00000000d5580000,0x00000000f54345d8,0x00000000f5600000)
  from space 87040K, 0% used [0x00000000f5600000,0x00000000f5600000,0x00000000fab00000)
  to   space 87040K, 0% used [0x00000000fab00000,0x00000000fab00000,0x0000000100000000)
 ParOldGen       total 1398272K, used 44609K [0x0000000080000000, 0x00000000d5580000, 0x00000000d5580000)
  object space 1398272K, 3% used [0x0000000080000000,0x0000000082b90628,0x00000000d5580000)
 Metaspace       used 65454K, capacity 68292K, committed 68440K, reserved 1110016K
  class space    used 7494K, capacity 7994K, committed 8024K, reserved 1048576K
Event: 24.325 GC heap after
Heap after GC invocations=7 (full 3):
 PSYoungGen      total 611840K, used 76756K [0x00000000d5580000, 0x0000000100000000, 0x0000000100000000)
  eden space 524800K, 0% used [0x00000000d5580000,0x00000000d5580000,0x00000000f5600000)
  from space 87040K, 88% used [0x00000000fab00000,0x00000000ff5f5258,0x0000000100000000)
  to   space 87040K, 0% used [0x00000000f5600000,0x00000000f5600000,0x00000000fab00000)
 ParOldGen       total 1398272K, used 44617K [0x0000000080000000, 0x00000000d5580000, 0x00000000d5580000)
  object space 1398272K, 3% used [0x0000000080000000,0x0000000082b92628,0x00000000d5580000)
 Metaspace       used 65454K, capacity 68292K, committed 68440K, reserved 1110016K
  class space    used 7494K, capacity 7994K, committed 8024K, reserved 1048576K
}

