# JRE version: OpenJDK Runtime Environment (8.0_212-b04) (build 1.8.0_212-b04)
# Java VM: OpenJDK 64-Bit Server VM (25.212-b04 mixed mode linux-amd64 compressed oops)
Heap:
 PSYoungGen      total 596992K, used 136952K [0x00000000d5580000, 0x0000000100000000, 0x0000000100000000)
  eden space 539648K, 17% used [0x00000000d5580000,0x00000000db03ccf0,0x00000000f6480000)
  from space 57344K, 76% used [0x00000000fab00000,0x00000000fd6016e8,0x00000000fe300000)
  to   space 72192K, 0% used [0x00000000f6480000,0x00000000f6480000,0x00000000fab00000)
 ParOldGen       total 1398272K, used 35779K [0x0000000080000000, 0x00000000d5580000, 0x00000000d5580000)
  object space 1398272K, 2% used [0x0000000080000000,0x00000000822f0d38,0x00000000d5580000)
 Metaspace       used 81511K, capacity 85272K, committed 85504K, reserved 1124352K
  class space    used 9255K, capacity 9930K, committed 9984K, reserved 1048576K
GC Heap History (10 events):
Event: 6.822 GC heap before
{Heap before GC invocations=5 (full 2):
 PSYoungGen      total 611840K, used 524800K [0x00000000d5580000, 0x0000000100000000, 0x0000000100000000)
  eden space 524800K, 100% used [0x00000000d5580000,0x00000000f5600000,0x00000000f5600000)
  from space 87040K, 0% used [0x00000000fab00000,0x00000000fab00000,0x0000000100000000)
  to   space 87040K, 0% used [0x00000000f5600000,0x00000000f5600000,0x00000000fab00000)
 ParOldGen       total 1398272K, used 24196K [0x0000000080000000, 0x00000000d5580000, 0x00000000d5580000)
  object space 1398272K, 1% used [0x0000000080000000,0x00000000817a11b8,0x00000000d5580000)
 Metaspace       used 49399K, capacity 50208K, committed 50432K, reserved 1093632K
  class space    used 5879K, capacity 6084K, committed 6144K, reserved 1048576K
Event: 6.857 GC heap after
Heap after GC invocations=5 (full 2):
 PSYoungGen      total 611840K, used 21841K [0x00000000d5580000, 0x0000000100000000, 0x0000000100000000)
  eden space 524800K, 0% used [0x00000000d5580000,0x00000000d5580000,0x00000000f5600000)
  from space 87040K, 25% used [0x00000000f5600000,0x00000000f6b546d8,0x00000000fab00000)
  to   space 87040K, 0% used [0x00000000fab00000,0x00000000fab00000,0x0000000100000000)
 ParOldGen       total 1398272K, used 24204K [0x0000000080000000, 0x00000000d5580000, 0x00000000d5580000)
  object space 1398272K, 1% used [0x0000000080000000,0x00000000817a31b8,0x00000000d5580000)
 Metaspace       used 49399K, capacity 50208K, committed 50432K, reserved 1093632K
  class space    used 5879K, capacity 6084K, committed 6144K, reserved 1048576K
}
Event: 10.869 GC heap before
{Heap before GC invocations=6 (full 2):
 PSYoungGen      total 611840K, used 333076K [0x00000000d5580000, 0x0000000100000000, 0x0000000100000000)
  eden space 524800K, 59% used [0x00000000d5580000,0x00000000e8570c20,0x00000000f5600000)
  from space 87040K, 25% used [0x00000000f5600000,0x00000000f6b546d8,0x00000000fab00000)
  to   space 87040K, 0% used [0x00000000fab00000,0x00000000fab00000,0x0000000100000000)
 ParOldGen       total 1398272K, used 24204K [0x0000000080000000, 0x00000000d5580000, 0x00000000d5580000)
  object space 1398272K, 1% used [0x0000000080000000,0x00000000817a31b8,0x00000000d5580000)
 Metaspace       used 57741K, capacity 58880K, committed 59008K, reserved 1101824K
  class space    used 6947K, capacity 7174K, committed 7296K, reserved 1048576K
Event: 10.906 GC heap after
Heap after GC invocations=6 (full 2):
 PSYoungGen      total 611840K, used 19650K [0x00000000d5580000, 0x0000000100000000, 0x0000000100000000)
  eden space 524800K, 0% used [0x00000000d5580000,0x00000000d5580000,0x00000000f5600000)
  from space 87040K, 22% used [0x00000000fab00000,0x00000000fbe30920,0x0000000100000000)
  to   space 87040K, 0% used [0x00000000f5600000,0x00000000f5600000,0x00000000fab00000)
 ParOldGen       total 1398272K, used 24212K [0x0000000080000000, 0x00000000d5580000, 0x00000000d5580000)
  object space 1398272K, 1% used [0x0000000080000000,0x00000000817a51b8,0x00000000d5580000)
 Metaspace       used 57741K, capacity 58880K, committed 59008K, reserved 1101824K
  class space    used 6947K, capacity 7174K, committed 7296K, reserved 1048576K
}
Event: 10.906 GC heap before
{Heap before GC invocations=7 (full 3):
 PSYoungGen      total 611840K, used 19650K [0x00000000d5580000, 0x0000000100000000, 0x0000000100000000)
  eden space 524800K, 0% used [0x00000000d5580000,0x00000000d5580000,0x00000000f5600000)
  from space 87040K, 22% used [0x00000000fab00000,0x00000000fbe30920,0x0000000100000000)
  to   space 87040K, 0% used [0x00000000f5600000,0x00000000f5600000,0x00000000fab00000)
 ParOldGen       total 1398272K, used 24212K [0x0000000080000000, 0x00000000d5580000, 0x00000000d5580000)
  object space 1398272K, 1% used [0x0000000080000000,0x00000000817a51b8,0x00000000d5580000)
 Metaspace       used 57741K, capacity 58880K, committed 59008K, reserved 1101824K
  class space    used 6947K, capacity 7174K, committed 7296K, reserved 1048576K
Event: 11.194 GC heap after
Heap after GC invocations=7 (full 3):
 PSYoungGen      total 611840K, used 0K [0x00000000d5580000, 0x0000000100000000, 0x0000000100000000)
  eden space 524800K, 0% used [0x00000000d5580000,0x00000000d5580000,0x00000000f5600000)
  from space 87040K, 0% used [0x00000000fab00000,0x00000000fab00000,0x0000000100000000)
  to   space 87040K, 0% used [0x00000000f5600000,0x00000000f5600000,0x00000000fab00000)
 ParOldGen       total 1398272K, used 32195K [0x0000000080000000, 0x00000000d5580000, 0x00000000d5580000)
  object space 1398272K, 2% used [0x0000000080000000,0x0000000081f70cd8,0x00000000d5580000)
 Metaspace       used 57658K, capacity 58676K, committed 59008K, reserved 1101824K
  class space    used 6917K, capacity 7122K, committed 7296K, reserved 1048576K
}
Event: 19.528 GC heap before
{Heap before GC invocations=8 (full 3):
 PSYoungGen      total 611840K, used 524591K [0x00000000d5580000, 0x0000000100000000, 0x0000000100000000)
  eden space 524800K, 99% used [0x00000000d5580000,0x00000000f55cbe18,0x00000000f5600000)
  from space 87040K, 0% used [0x00000000fab00000,0x00000000fab00000,0x0000000100000000)
  to   space 87040K, 0% used [0x00000000f5600000,0x00000000f5600000,0x00000000fab00000)
 ParOldGen       total 1398272K, used 32195K [0x0000000080000000, 0x00000000d5580000, 0x00000000d5580000)
  object space 1398272K, 2% used [0x0000000080000000,0x0000000081f70cd8,0x00000000d5580000)
 Metaspace       used 76730K, capacity 79730K, committed 80000K, reserved 1120256K
  class space    used 8976K, capacity 9545K, committed 9600K, reserved 1048576K
Event: 19.595 GC heap after
Heap after GC invocations=8 (full 3):
 PSYoungGen      total 611840K, used 87031K [0x00000000d5580000, 0x00000000fe300000, 0x0000000100000000)
  eden space 524800K, 0% used [0x00000000d5580000,0x00000000d5580000,0x00000000f5600000)
  from space 87040K, 99% used [0x00000000f5600000,0x00000000faafdfd0,0x00000000fab00000)
  to   space 57344K, 0% used [0x00000000fab00000,0x00000000fab00000,0x00000000fe300000)
 ParOldGen       total 1398272K, used 35771K [0x0000000080000000, 0x00000000d5580000, 0x00000000d5580000)
  object space 1398272K, 2% used [0x0000000080000000,0x00000000822eed38,0x00000000d5580000)
 Metaspace       used 76730K, capacity 79730K, committed 80000K, reserved 1120256K
  class space    used 8976K, capacity 9545K, committed 9600K, reserved 1048576K
}
Event: 25.111 GC heap before
{Heap before GC invocations=9 (full 3):
 PSYoungGen      total 611840K, used 611439K [0x00000000d5580000, 0x00000000fe300000, 0x0000000100000000)
  eden space 524800K, 99% used [0x00000000d5580000,0x00000000f559dca8,0x00000000f5600000)
  from space 87040K, 99% used [0x00000000f5600000,0x00000000faafdfd0,0x00000000fab00000)
  to   space 57344K, 0% used [0x00000000fab00000,0x00000000fab00000,0x00000000fe300000)
 ParOldGen       total 1398272K, used 35771K [0x0000000080000000, 0x00000000d5580000, 0x00000000d5580000)
  object space 1398272K, 2% used [0x0000000080000000,0x00000000822eed38,0x00000000d5580000)
 Metaspace       used 81260K, capacity 84964K, committed 85248K, reserved 1124352K
  class space    used 9239K, capacity 9886K, committed 9984K, reserved 1048576K
Event: 25.146 GC heap after
Heap after GC invocations=9 (full 3):
 PSYoungGen      total 596992K, used 44037K [0x00000000d5580000, 0x0000000100000000, 0x0000000100000000)
  eden space 539648K, 0% used [0x00000000d5580000,0x00000000d5580000,0x00000000f6480000)
  from space 57344K, 76% used [0x00000000fab00000,0x00000000fd6016e8,0x00000000fe300000)
  to   space 72192K, 0% used [0x00000000f6480000,0x00000000f6480000,0x00000000fab00000)
 ParOldGen       total 1398272K, used 35779K [0x0000000080000000, 0x00000000d5580000, 0x00000000d5580000)
  object space 1398272K, 2% used [0x0000000080000000,0x00000000822f0d38,0x00000000d5580000)
 Metaspace       used 81260K, capacity 84964K, committed 85248K, reserved 1124352K
  class space    used 9239K, capacity 9886K, committed 9984K, reserved 1048576K
}

