# JRE version: OpenJDK Runtime Environment (8.0_212-b04) (build 1.8.0_212-b04)
# Java VM: OpenJDK 64-Bit Server VM (25.212-b04 mixed mode linux-amd64 compressed oops)
Heap:
 PSYoungGen      total 611840K, used 453870K [0x00000000d5580000, 0x0000000100000000, 0x0000000100000000)
  eden space 524800K, 69% used [0x00000000d5580000,0x00000000ebbc1e40,0x00000000f5600000)
  from space 87040K, 99% used [0x00000000f5600000,0x00000000faaf9b50,0x00000000fab00000)
  to   space 87040K, 0% used [0x00000000fab00000,0x00000000fab00000,0x0000000100000000)
 ParOldGen       total 1398272K, used 85940K [0x0000000080000000, 0x00000000d5580000, 0x00000000d5580000)
  object space 1398272K, 6% used [0x0000000080000000,0x00000000853ed038,0x00000000d5580000)
 Metaspace       used 71084K, capacity 74810K, committed 75008K, reserved 1116160K
  class space    used 7940K, capacity 8577K, committed 8704K, reserved 1048576K
GC Heap History (10 events):
Event: 4.257 GC heap before
{Heap before GC invocations=4 (full 2):
 PSYoungGen      total 611840K, used 14371K [0x00000000d5580000, 0x0000000100000000, 0x0000000100000000)
  eden space 524800K, 0% used [0x00000000d5580000,0x00000000d5580000,0x00000000f5600000)
  from space 87040K, 16% used [0x00000000fab00000,0x00000000fb908d90,0x0000000100000000)
  to   space 87040K, 0% used [0x00000000f5600000,0x00000000f5600000,0x00000000fab00000)
 ParOldGen       total 952832K, used 18601K [0x0000000080000000, 0x00000000ba280000, 0x00000000d5580000)
  object space 952832K, 1% used [0x0000000080000000,0x000000008122a7f0,0x00000000ba280000)
 Metaspace       used 34792K, capacity 35154K, committed 35456K, reserved 1081344K
  class space    used 3976K, capacity 4101K, committed 4224K, reserved 1048576K
Event: 4.336 GC heap after
Heap after GC invocations=4 (full 2):
 PSYoungGen      total 611840K, used 0K [0x00000000d5580000, 0x0000000100000000, 0x0000000100000000)
  eden space 524800K, 0% used [0x00000000d5580000,0x00000000d5580000,0x00000000f5600000)
  from space 87040K, 0% used [0x00000000fab00000,0x00000000fab00000,0x0000000100000000)
  to   space 87040K, 0% used [0x00000000f5600000,0x00000000f5600000,0x00000000fab00000)
 ParOldGen       total 1398272K, used 22535K [0x0000000080000000, 0x00000000d5580000, 0x00000000d5580000)
  object space 1398272K, 1% used [0x0000000080000000,0x0000000081601c98,0x00000000d5580000)
 Metaspace       used 34792K, capacity 35154K, committed 35456K, reserved 1081344K
  class space    used 3976K, capacity 4101K, committed 4224K, reserved 1048576K
}
Event: 9.604 GC heap before
{Heap before GC invocations=5 (full 2):
 PSYoungGen      total 611840K, used 524800K [0x00000000d5580000, 0x0000000100000000, 0x0000000100000000)
  eden space 524800K, 100% used [0x00000000d5580000,0x00000000f5600000,0x00000000f5600000)
  from space 87040K, 0% used [0x00000000fab00000,0x00000000fab00000,0x0000000100000000)
  to   space 87040K, 0% used [0x00000000f5600000,0x00000000f5600000,0x00000000fab00000)
 ParOldGen       total 1398272K, used 22535K [0x0000000080000000, 0x00000000d5580000, 0x00000000d5580000)
  object space 1398272K, 1% used [0x0000000080000000,0x0000000081601c98,0x00000000d5580000)
 Metaspace       used 50870K, capacity 52054K, committed 52096K, reserved 1095680K
  class space    used 5990K, capacity 6243K, committed 6272K, reserved 1048576K
Event: 9.632 GC heap after
Heap after GC invocations=5 (full 2):
 PSYoungGen      total 611840K, used 23596K [0x00000000d5580000, 0x0000000100000000, 0x0000000100000000)
  eden space 524800K, 0% used [0x00000000d5580000,0x00000000d5580000,0x00000000f5600000)
  from space 87040K, 27% used [0x00000000f5600000,0x00000000f6d0b158,0x00000000fab00000)
  to   space 87040K, 0% used [0x00000000fab00000,0x00000000fab00000,0x0000000100000000)
 ParOldGen       total 1398272K, used 22543K [0x0000000080000000, 0x00000000d5580000, 0x00000000d5580000)
  object space 1398272K, 1% used [0x0000000080000000,0x0000000081603c98,0x00000000d5580000)
 Metaspace       used 50870K, capacity 52054K, committed 52096K, reserved 1095680K
  class space    used 5990K, capacity 6243K, committed 6272K, reserved 1048576K
}
Event: 10.558 GC heap before
{Heap before GC invocations=6 (full 2):
 PSYoungGen      total 611840K, used 171624K [0x00000000d5580000, 0x0000000100000000, 0x0000000100000000)
  eden space 524800K, 28% used [0x00000000d5580000,0x00000000de60f098,0x00000000f5600000)
  from space 87040K, 27% used [0x00000000f5600000,0x00000000f6d0b158,0x00000000fab00000)
  to   space 87040K, 0% used [0x00000000fab00000,0x00000000fab00000,0x0000000100000000)
 ParOldGen       total 1398272K, used 22543K [0x0000000080000000, 0x00000000d5580000, 0x00000000d5580000)
  object space 1398272K, 1% used [0x0000000080000000,0x0000000081603c98,0x00000000d5580000)
 Metaspace       used 57565K, capacity 58920K, committed 59096K, reserved 1101824K
  class space    used 6691K, capacity 6952K, committed 7040K, reserved 1048576K
Event: 10.587 GC heap after
Heap after GC invocations=6 (full 2):
 PSYoungGen      total 611840K, used 18604K [0x00000000d5580000, 0x0000000100000000, 0x0000000100000000)
  eden space 524800K, 0% used [0x00000000d5580000,0x00000000d5580000,0x00000000f5600000)
  from space 87040K, 21% used [0x00000000fab00000,0x00000000fbd2b1c8,0x0000000100000000)
  to   space 87040K, 0% used [0x00000000f5600000,0x00000000f5600000,0x00000000fab00000)
 ParOldGen       total 1398272K, used 22551K [0x0000000080000000, 0x00000000d5580000, 0x00000000d5580000)
  object space 1398272K, 1% used [0x0000000080000000,0x0000000081605c98,0x00000000d5580000)
 Metaspace       used 57565K, capacity 58920K, committed 59096K, reserved 1101824K
  class space    used 6691K, capacity 6952K, committed 7040K, reserved 1048576K
}
Event: 10.587 GC heap before
{Heap before GC invocations=7 (full 3):
 PSYoungGen      total 611840K, used 18604K [0x00000000d5580000, 0x0000000100000000, 0x0000000100000000)
  eden space 524800K, 0% used [0x00000000d5580000,0x00000000d5580000,0x00000000f5600000)
  from space 87040K, 21% used [0x00000000fab00000,0x00000000fbd2b1c8,0x0000000100000000)
  to   space 87040K, 0% used [0x00000000f5600000,0x00000000f5600000,0x00000000fab00000)
 ParOldGen       total 1398272K, used 22551K [0x0000000080000000, 0x00000000d5580000, 0x00000000d5580000)
  object space 1398272K, 1% used [0x0000000080000000,0x0000000081605c98,0x00000000d5580000)
 Metaspace       used 57565K, capacity 58920K, committed 59096K, reserved 1101824K
  class space    used 6691K, capacity 6952K, committed 7040K, reserved 1048576K
Event: 10.854 GC heap after
Heap after GC invocations=7 (full 3):
 PSYoungGen      total 611840K, used 0K [0x00000000d5580000, 0x0000000100000000, 0x0000000100000000)
  eden space 524800K, 0% used [0x00000000d5580000,0x00000000d5580000,0x00000000f5600000)
  from space 87040K, 0% used [0x00000000fab00000,0x00000000fab00000,0x0000000100000000)
  to   space 87040K, 0% used [0x00000000f5600000,0x00000000f5600000,0x00000000fab00000)
 ParOldGen       total 1398272K, used 30921K [0x0000000080000000, 0x00000000d5580000, 0x00000000d5580000)
  object space 1398272K, 2% used [0x0000000080000000,0x0000000081e32448,0x00000000d5580000)
 Metaspace       used 57519K, capacity 58806K, committed 59096K, reserved 1101824K
  class space    used 6675K, capacity 6923K, committed 7040K, reserved 1048576K
}
Event: 23.790 GC heap before
{Heap before GC invocations=8 (full 3):
 PSYoungGen      total 611840K, used 518426K [0x00000000d5580000, 0x0000000100000000, 0x0000000100000000)
  eden space 524800K, 98% used [0x00000000d5580000,0x00000000f4fc6808,0x00000000f5600000)
  from space 87040K, 0% used [0x00000000fab00000,0x00000000fab00000,0x0000000100000000)
  to   space 87040K, 0% used [0x00000000f5600000,0x00000000f5600000,0x00000000fab00000)
 ParOldGen       total 1398272K, used 30921K [0x0000000080000000, 0x00000000d5580000, 0x00000000d5580000)
  object space 1398272K, 2% used [0x0000000080000000,0x0000000081e32448,0x00000000d5580000)
 Metaspace       used 67362K, capacity 70714K, committed 70912K, reserved 1112064K
  class space    used 7732K, capacity 8345K, committed 8448K, reserved 1048576K
Event: 23.852 GC heap after
Heap after GC invocations=8 (full 3):
 PSYoungGen      total 611840K, used 87014K [0x00000000d5580000, 0x0000000100000000, 0x0000000100000000)
  eden space 524800K, 0% used [0x00000000d5580000,0x00000000d5580000,0x00000000f5600000)
  from space 87040K, 99% used [0x00000000f5600000,0x00000000faaf9b50,0x00000000fab00000)
  to   space 87040K, 0% used [0x00000000fab00000,0x00000000fab00000,0x0000000100000000)
 ParOldGen       total 1398272K, used 85940K [0x0000000080000000, 0x00000000d5580000, 0x00000000d5580000)
  object space 1398272K, 6% used [0x0000000080000000,0x00000000853ed038,0x00000000d5580000)
 Metaspace       used 67362K, capacity 70714K, committed 70912K, reserved 1112064K
  class space    used 7732K, capacity 8345K, committed 8448K, reserved 1048576K
}

