# JRE version: OpenJDK Runtime Environment (8.0_212-b04) (build 1.8.0_212-b04)
# Java VM: OpenJDK 64-Bit Server VM (25.212-b04 mixed mode linux-amd64 compressed oops)
Heap:
 PSYoungGen      total 611840K, used 587141K [0x00000000d5580000, 0x00000000fe000000, 0x0000000100000000)
  eden space 524800K, 95% used [0x00000000d5580000,0x00000000f3de4b18,0x00000000f5600000)
  from space 87040K, 99% used [0x00000000f5600000,0x00000000faafcad8,0x00000000fab00000)
  to   space 54272K, 0% used [0x00000000fab00000,0x00000000fab00000,0x00000000fe000000)
 ParOldGen       total 1398272K, used 34772K [0x0000000080000000, 0x00000000d5580000, 0x00000000d5580000)
  object space 1398272K, 2% used [0x0000000080000000,0x00000000821f5320,0x00000000d5580000)
 Metaspace       used 80865K, capacity 84575K, committed 84608K, reserved 1124352K
  class space    used 9180K, capacity 9828K, committed 9856K, reserved 1048576K
GC Heap History (10 events):
Event: 3.562 GC heap before
{Heap before GC invocations=4 (full 2):
 PSYoungGen      total 611840K, used 19417K [0x00000000d5580000, 0x0000000100000000, 0x0000000100000000)
  eden space 524800K, 0% used [0x00000000d5580000,0x00000000d5580000,0x00000000f5600000)
  from space 87040K, 22% used [0x00000000fab00000,0x00000000fbdf67f0,0x0000000100000000)
  to   space 87040K, 0% used [0x00000000f5600000,0x00000000f5600000,0x00000000fab00000)
 ParOldGen       total 899072K, used 13612K [0x0000000080000000, 0x00000000b6e00000, 0x00000000d5580000)
  object space 899072K, 1% used [0x0000000080000000,0x0000000080d4b120,0x00000000b6e00000)
 Metaspace       used 34841K, capacity 35114K, committed 35416K, reserved 1081344K
  class space    used 4202K, capacity 4321K, committed 4352K, reserved 1048576K
Event: 3.680 GC heap after
Heap after GC invocations=4 (full 2):
 PSYoungGen      total 611840K, used 0K [0x00000000d5580000, 0x0000000100000000, 0x0000000100000000)
  eden space 524800K, 0% used [0x00000000d5580000,0x00000000d5580000,0x00000000f5600000)
  from space 87040K, 0% used [0x00000000fab00000,0x00000000fab00000,0x0000000100000000)
  to   space 87040K, 0% used [0x00000000f5600000,0x00000000f5600000,0x00000000fab00000)
 ParOldGen       total 1398272K, used 24239K [0x0000000080000000, 0x00000000d5580000, 0x00000000d5580000)
  object space 1398272K, 1% used [0x0000000080000000,0x00000000817abed0,0x00000000d5580000)
 Metaspace       used 34841K, capacity 35114K, committed 35416K, reserved 1081344K
  class space    used 4202K, capacity 4321K, committed 4352K, reserved 1048576K
}
Event: 6.619 GC heap before
{Heap before GC invocations=5 (full 2):
 PSYoungGen      total 611840K, used 524800K [0x00000000d5580000, 0x0000000100000000, 0x0000000100000000)
  eden space 524800K, 100% used [0x00000000d5580000,0x00000000f5600000,0x00000000f5600000)
  from space 87040K, 0% used [0x00000000fab00000,0x00000000fab00000,0x0000000100000000)
  to   space 87040K, 0% used [0x00000000f5600000,0x00000000f5600000,0x00000000fab00000)
 ParOldGen       total 1398272K, used 24239K [0x0000000080000000, 0x00000000d5580000, 0x00000000d5580000)
  object space 1398272K, 1% used [0x0000000080000000,0x00000000817abed0,0x00000000d5580000)
 Metaspace       used 49357K, capacity 50204K, committed 50432K, reserved 1093632K
  class space    used 5879K, capacity 6084K, committed 6144K, reserved 1048576K
Event: 6.680 GC heap after
Heap after GC invocations=5 (full 2):
 PSYoungGen      total 611840K, used 20204K [0x00000000d5580000, 0x0000000100000000, 0x0000000100000000)
  eden space 524800K, 0% used [0x00000000d5580000,0x00000000d5580000,0x00000000f5600000)
  from space 87040K, 23% used [0x00000000f5600000,0x00000000f69bb3d0,0x00000000fab00000)
  to   space 87040K, 0% used [0x00000000fab00000,0x00000000fab00000,0x0000000100000000)
 ParOldGen       total 1398272K, used 24247K [0x0000000080000000, 0x00000000d5580000, 0x00000000d5580000)
  object space 1398272K, 1% used [0x0000000080000000,0x00000000817aded0,0x00000000d5580000)
 Metaspace       used 49357K, capacity 50204K, committed 50432K, reserved 1093632K
  class space    used 5879K, capacity 6084K, committed 6144K, reserved 1048576K
}
Event: 11.062 GC heap before
{Heap before GC invocations=6 (full 2):
 PSYoungGen      total 611840K, used 329831K [0x00000000d5580000, 0x0000000100000000, 0x0000000100000000)
  eden space 524800K, 58% used [0x00000000d5580000,0x00000000e83de868,0x00000000f5600000)
  from space 87040K, 23% used [0x00000000f5600000,0x00000000f69bb3d0,0x00000000fab00000)
  to   space 87040K, 0% used [0x00000000fab00000,0x00000000fab00000,0x0000000100000000)
 ParOldGen       total 1398272K, used 24247K [0x0000000080000000, 0x00000000d5580000, 0x00000000d5580000)
  object space 1398272K, 1% used [0x0000000080000000,0x00000000817aded0,0x00000000d5580000)
 Metaspace       used 57731K, capacity 58905K, committed 59028K, reserved 1101824K
  class space    used 6942K, capacity 7168K, committed 7168K, reserved 1048576K
Event: 11.110 GC heap after
Heap after GC invocations=6 (full 2):
 PSYoungGen      total 611840K, used 19833K [0x00000000d5580000, 0x0000000100000000, 0x0000000100000000)
  eden space 524800K, 0% used [0x00000000d5580000,0x00000000d5580000,0x00000000f5600000)
  from space 87040K, 22% used [0x00000000fab00000,0x00000000fbe5e720,0x0000000100000000)
  to   space 87040K, 0% used [0x00000000f5600000,0x00000000f5600000,0x00000000fab00000)
 ParOldGen       total 1398272K, used 24255K [0x0000000080000000, 0x00000000d5580000, 0x00000000d5580000)
  object space 1398272K, 1% used [0x0000000080000000,0x00000000817afed0,0x00000000d5580000)
 Metaspace       used 57731K, capacity 58905K, committed 59028K, reserved 1101824K
  class space    used 6942K, capacity 7168K, committed 7168K, reserved 1048576K
}
Event: 11.110 GC heap before
{Heap before GC invocations=7 (full 3):
 PSYoungGen      total 611840K, used 19833K [0x00000000d5580000, 0x0000000100000000, 0x0000000100000000)
  eden space 524800K, 0% used [0x00000000d5580000,0x00000000d5580000,0x00000000f5600000)
  from space 87040K, 22% used [0x00000000fab00000,0x00000000fbe5e720,0x0000000100000000)
  to   space 87040K, 0% used [0x00000000f5600000,0x00000000f5600000,0x00000000fab00000)
 ParOldGen       total 1398272K, used 24255K [0x0000000080000000, 0x00000000d5580000, 0x00000000d5580000)
  object space 1398272K, 1% used [0x0000000080000000,0x00000000817afed0,0x00000000d5580000)
 Metaspace       used 57731K, capacity 58905K, committed 59028K, reserved 1101824K
  class space    used 6942K, capacity 7168K, committed 7168K, reserved 1048576K
Event: 11.423 GC heap after
Heap after GC invocations=7 (full 3):
 PSYoungGen      total 611840K, used 0K [0x00000000d5580000, 0x0000000100000000, 0x0000000100000000)
  eden space 524800K, 0% used [0x00000000d5580000,0x00000000d5580000,0x00000000f5600000)
  from space 87040K, 0% used [0x00000000fab00000,0x00000000fab00000,0x0000000100000000)
  to   space 87040K, 0% used [0x00000000f5600000,0x00000000f5600000,0x00000000fab00000)
 ParOldGen       total 1398272K, used 32412K [0x0000000080000000, 0x00000000d5580000, 0x00000000d5580000)
  object space 1398272K, 2% used [0x0000000080000000,0x0000000081fa71a8,0x00000000d5580000)
 Metaspace       used 57656K, capacity 58723K, committed 59028K, reserved 1101824K
  class space    used 6915K, capacity 7121K, committed 7168K, reserved 1048576K
}
Event: 21.349 GC heap before
{Heap before GC invocations=8 (full 3):
 PSYoungGen      total 611840K, used 524415K [0x00000000d5580000, 0x0000000100000000, 0x0000000100000000)
  eden space 524800K, 99% used [0x00000000d5580000,0x00000000f559fc48,0x00000000f5600000)
  from space 87040K, 0% used [0x00000000fab00000,0x00000000fab00000,0x0000000100000000)
  to   space 87040K, 0% used [0x00000000f5600000,0x00000000f5600000,0x00000000fab00000)
 ParOldGen       total 1398272K, used 32412K [0x0000000080000000, 0x00000000d5580000, 0x00000000d5580000)
  object space 1398272K, 2% used [0x0000000080000000,0x0000000081fa71a8,0x00000000d5580000)
 Metaspace       used 76514K, capacity 79413K, committed 79744K, reserved 1120256K
  class space    used 8931K, capacity 9489K, committed 9600K, reserved 1048576K
Event: 21.480 GC heap after
Heap after GC invocations=8 (full 3):
 PSYoungGen      total 611840K, used 87026K [0x00000000d5580000, 0x00000000fe000000, 0x0000000100000000)
  eden space 524800K, 0% used [0x00000000d5580000,0x00000000d5580000,0x00000000f5600000)
  from space 87040K, 99% used [0x00000000f5600000,0x00000000faafcad8,0x00000000fab00000)
  to   space 54272K, 0% used [0x00000000fab00000,0x00000000fab00000,0x00000000fe000000)
 ParOldGen       total 1398272K, used 34772K [0x0000000080000000, 0x00000000d5580000, 0x00000000d5580000)
  object space 1398272K, 2% used [0x0000000080000000,0x00000000821f5320,0x00000000d5580000)
 Metaspace       used 76514K, capacity 79413K, committed 79744K, reserved 1120256K
  class space    used 8931K, capacity 9489K, committed 9600K, reserved 1048576K
}

