# JRE version: OpenJDK Runtime Environment (8.0_212-b04) (build 1.8.0_212-b04)
# Java VM: OpenJDK 64-Bit Server VM (25.212-b04 mixed mode linux-amd64 compressed oops)
Heap:
 PSYoungGen      total 611840K, used 178436K [0x00000000d5580000, 0x0000000100000000, 0x0000000100000000)
  eden space 524800K, 34% used [0x00000000d5580000,0x00000000e03c1320,0x00000000f5600000)
  from space 87040K, 0% used [0x00000000f5600000,0x00000000f5600000,0x00000000fab00000)
  to   space 87040K, 0% used [0x00000000fab00000,0x00000000fab00000,0x0000000100000000)
 ParOldGen       total 892928K, used 11968K [0x0000000080000000, 0x00000000b6800000, 0x00000000d5580000)
  object space 892928K, 1% used [0x0000000080000000,0x0000000080bb0260,0x00000000b6800000)
 Metaspace       used 26407K, capacity 26728K, committed 27264K, reserved 1073152K
  class space    used 2980K, capacity 3085K, committed 3200K, reserved 1048576K
GC Heap History (4 events):
Event: 2.047 GC heap before
{Heap before GC invocations=1 (full 0):
 PSYoungGen      total 611840K, used 199425K [0x00000000d5580000, 0x0000000100000000, 0x0000000100000000)
  eden space 524800K, 38% used [0x00000000d5580000,0x00000000e1840530,0x00000000f5600000)
  from space 87040K, 0% used [0x00000000fab00000,0x00000000fab00000,0x0000000100000000)
  to   space 87040K, 0% used [0x00000000f5600000,0x00000000f5600000,0x00000000fab00000)
 ParOldGen       total 1398272K, used 0K [0x0000000080000000, 0x00000000d5580000, 0x00000000d5580000)
  object space 1398272K, 0% used [0x0000000080000000,0x0000000080000000,0x00000000d5580000)
 Metaspace       used 20759K, capacity 20984K, committed 21248K, reserved 1069056K
  class space    used 2351K, capacity 2443K, committed 2560K, reserved 1048576K
Event: 2.077 GC heap after
Heap after GC invocations=1 (full 0):
 PSYoungGen      total 611840K, used 12415K [0x00000000d5580000, 0x0000000100000000, 0x0000000100000000)
  eden space 524800K, 0% used [0x00000000d5580000,0x00000000d5580000,0x00000000f5600000)
  from space 87040K, 14% used [0x00000000f5600000,0x00000000f621fe48,0x00000000fab00000)
  to   space 87040K, 0% used [0x00000000fab00000,0x00000000fab00000,0x0000000100000000)
 ParOldGen       total 1398272K, used 72K [0x0000000080000000, 0x00000000d5580000, 0x00000000d5580000)
  object space 1398272K, 0% used [0x0000000080000000,0x0000000080012010,0x00000000d5580000)
 Metaspace       used 20759K, capacity 20984K, committed 21248K, reserved 1069056K
  class space    used 2351K, capacity 2443K, committed 2560K, reserved 1048576K
}
Event: 2.077 GC heap before
{Heap before GC invocations=2 (full 1):
 PSYoungGen      total 611840K, used 12415K [0x00000000d5580000, 0x0000000100000000, 0x0000000100000000)
  eden space 524800K, 0% used [0x00000000d5580000,0x00000000d5580000,0x00000000f5600000)
  from space 87040K, 14% used [0x00000000f5600000,0x00000000f621fe48,0x00000000fab00000)
  to   space 87040K, 0% used [0x00000000fab00000,0x00000000fab00000,0x0000000100000000)
 ParOldGen       total 1398272K, used 72K [0x0000000080000000, 0x00000000d5580000, 0x00000000d5580000)
  object space 1398272K, 0% used [0x0000000080000000,0x0000000080012010,0x00000000d5580000)
 Metaspace       used 20759K, capacity 20984K, committed 21248K, reserved 1069056K
  class space    used 2351K, capacity 2443K, committed 2560K, reserved 1048576K
Event: 2.143 GC heap after
Heap after GC invocations=2 (full 1):
 PSYoungGen      total 611840K, used 0K [0x00000000d5580000, 0x0000000100000000, 0x0000000100000000)
  eden space 524800K, 0% used [0x00000000d5580000,0x00000000d5580000,0x00000000f5600000)
  from space 87040K, 0% used [0x00000000f5600000,0x00000000f5600000,0x00000000fab00000)
  to   space 87040K, 0% used [0x00000000fab00000,0x00000000fab00000,0x0000000100000000)
 ParOldGen       total 892928K, used 11968K [0x0000000080000000, 0x00000000b6800000, 0x00000000d5580000)
  object space 892928K, 1% used [0x0000000080000000,0x0000000080bb0260,0x00000000b6800000)
 Metaspace       used 20759K, capacity 20984K, committed 21248K, reserved 1069056K
  class space    used 2351K, capacity 2443K, committed 2560K, reserved 1048576K
}

