# JRE version: OpenJDK Runtime Environment (8.0_212-b04) (build 1.8.0_212-b04)
# Java VM: OpenJDK 64-Bit Server VM (25.212-b04 mixed mode linux-amd64 compressed oops)
Heap:
 PSYoungGen      total 611840K, used 329457K [0x00000000d5580000, 0x0000000100000000, 0x0000000100000000)
  eden space 524800K, 62% used [0x00000000d5580000,0x00000000e973c400,0x00000000f5600000)
  from space 87040K, 0% used [0x00000000fab00000,0x00000000fab00000,0x0000000100000000)
  to   space 87040K, 0% used [0x00000000f5600000,0x00000000f5600000,0x00000000fab00000)
 ParOldGen       total 1398272K, used 29700K [0x0000000080000000, 0x00000000d5580000, 0x00000000d5580000)
  object space 1398272K, 2% used [0x0000000080000000,0x0000000081d01158,0x00000000d5580000)
 Metaspace       used 67612K, capacity 70062K, committed 70272K, reserved 1112064K
  class space    used 7781K, capacity 8215K, committed 8320K, reserved 1048576K
GC Heap History (10 events):
Event: 4.788 GC heap before
{Heap before GC invocations=3 (full 1):
 PSYoungGen      total 611840K, used 467358K [0x00000000d5580000, 0x0000000100000000, 0x0000000100000000)
  eden space 524800K, 89% used [0x00000000d5580000,0x00000000f1de7998,0x00000000f5600000)
  from space 87040K, 0% used [0x00000000f5600000,0x00000000f5600000,0x00000000fab00000)
  to   space 87040K, 0% used [0x00000000fab00000,0x00000000fab00000,0x0000000100000000)
 ParOldGen       total 879104K, used 14291K [0x0000000080000000, 0x00000000b5a80000, 0x00000000d5580000)
  object space 879104K, 1% used [0x0000000080000000,0x0000000080df4fd8,0x00000000b5a80000)
 Metaspace       used 34728K, capacity 35086K, committed 35416K, reserved 1081344K
  class space    used 3962K, capacity 4059K, committed 4096K, reserved 1048576K
Event: 4.830 GC heap after
Heap after GC invocations=3 (full 1):
 PSYoungGen      total 611840K, used 19030K [0x00000000d5580000, 0x0000000100000000, 0x0000000100000000)
  eden space 524800K, 0% used [0x00000000d5580000,0x00000000d5580000,0x00000000f5600000)
  from space 87040K, 21% used [0x00000000fab00000,0x00000000fbd958a8,0x0000000100000000)
  to   space 87040K, 0% used [0x00000000f5600000,0x00000000f5600000,0x00000000fab00000)
 ParOldGen       total 879104K, used 14291K [0x0000000080000000, 0x00000000b5a80000, 0x00000000d5580000)
  object space 879104K, 1% used [0x0000000080000000,0x0000000080df4fd8,0x00000000b5a80000)
 Metaspace       used 34728K, capacity 35086K, committed 35416K, reserved 1081344K
  class space    used 3962K, capacity 4059K, committed 4096K, reserved 1048576K
}
Event: 4.830 GC heap before
{Heap before GC invocations=4 (full 2):
 PSYoungGen      total 611840K, used 19030K [0x00000000d5580000, 0x0000000100000000, 0x0000000100000000)
  eden space 524800K, 0% used [0x00000000d5580000,0x00000000d5580000,0x00000000f5600000)
  from space 87040K, 21% used [0x00000000fab00000,0x00000000fbd958a8,0x0000000100000000)
  to   space 87040K, 0% used [0x00000000f5600000,0x00000000f5600000,0x00000000fab00000)
 ParOldGen       total 879104K, used 14291K [0x0000000080000000, 0x00000000b5a80000, 0x00000000d5580000)
  object space 879104K, 1% used [0x0000000080000000,0x0000000080df4fd8,0x00000000b5a80000)
 Metaspace       used 34728K, capacity 35086K, committed 35416K, reserved 1081344K
  class space    used 3962K, capacity 4059K, committed 4096K, reserved 1048576K
Event: 4.960 GC heap after
Heap after GC invocations=4 (full 2):
 PSYoungGen      total 611840K, used 0K [0x00000000d5580000, 0x0000000100000000, 0x0000000100000000)
  eden space 524800K, 0% used [0x00000000d5580000,0x00000000d5580000,0x00000000f5600000)
  from space 87040K, 0% used [0x00000000fab00000,0x00000000fab00000,0x0000000100000000)
  to   space 87040K, 0% used [0x00000000f5600000,0x00000000f5600000,0x00000000fab00000)
 ParOldGen       total 1398272K, used 23590K [0x0000000080000000, 0x00000000d5580000, 0x00000000d5580000)
  object space 1398272K, 1% used [0x0000000080000000,0x00000000817099e0,0x00000000d5580000)
 Metaspace       used 34728K, capacity 35086K, committed 35416K, reserved 1081344K
  class space    used 3962K, capacity 4059K, committed 4096K, reserved 1048576K
}
Event: 11.375 GC heap before
{Heap before GC invocations=5 (full 2):
 PSYoungGen      total 611840K, used 524800K [0x00000000d5580000, 0x0000000100000000, 0x0000000100000000)
  eden space 524800K, 100% used [0x00000000d5580000,0x00000000f5600000,0x00000000f5600000)
  from space 87040K, 0% used [0x00000000fab00000,0x00000000fab00000,0x0000000100000000)
  to   space 87040K, 0% used [0x00000000f5600000,0x00000000f5600000,0x00000000fab00000)
 ParOldGen       total 1398272K, used 23590K [0x0000000080000000, 0x00000000d5580000, 0x00000000d5580000)
  object space 1398272K, 1% used [0x0000000080000000,0x00000000817099e0,0x00000000d5580000)
 Metaspace       used 51445K, capacity 52762K, committed 52992K, reserved 1095680K
  class space    used 6065K, capacity 6317K, committed 6400K, reserved 1048576K
Event: 11.470 GC heap after
Heap after GC invocations=5 (full 2):
 PSYoungGen      total 611840K, used 23923K [0x00000000d5580000, 0x0000000100000000, 0x0000000100000000)
  eden space 524800K, 0% used [0x00000000d5580000,0x00000000d5580000,0x00000000f5600000)
  from space 87040K, 27% used [0x00000000f5600000,0x00000000f6d5ccc8,0x00000000fab00000)
  to   space 87040K, 0% used [0x00000000fab00000,0x00000000fab00000,0x0000000100000000)
 ParOldGen       total 1398272K, used 23598K [0x0000000080000000, 0x00000000d5580000, 0x00000000d5580000)
  object space 1398272K, 1% used [0x0000000080000000,0x000000008170b9e0,0x00000000d5580000)
 Metaspace       used 51445K, capacity 52762K, committed 52992K, reserved 1095680K
  class space    used 6065K, capacity 6317K, committed 6400K, reserved 1048576K
}
Event: 12.428 GC heap before
{Heap before GC invocations=6 (full 2):
 PSYoungGen      total 611840K, used 202319K [0x00000000d5580000, 0x0000000100000000, 0x0000000100000000)
  eden space 524800K, 33% used [0x00000000d5580000,0x00000000e03b7268,0x00000000f5600000)
  from space 87040K, 27% used [0x00000000f5600000,0x00000000f6d5ccc8,0x00000000fab00000)
  to   space 87040K, 0% used [0x00000000fab00000,0x00000000fab00000,0x0000000100000000)
 ParOldGen       total 1398272K, used 23598K [0x0000000080000000, 0x00000000d5580000, 0x00000000d5580000)
  object space 1398272K, 1% used [0x0000000080000000,0x000000008170b9e0,0x00000000d5580000)
 Metaspace       used 57491K, capacity 58864K, committed 59008K, reserved 1101824K
  class space    used 6665K, capacity 6958K, committed 7040K, reserved 1048576K
Event: 12.486 GC heap after
Heap after GC invocations=6 (full 2):
 PSYoungGen      total 611840K, used 18190K [0x00000000d5580000, 0x0000000100000000, 0x0000000100000000)
  eden space 524800K, 0% used [0x00000000d5580000,0x00000000d5580000,0x00000000f5600000)
  from space 87040K, 20% used [0x00000000fab00000,0x00000000fbcc3980,0x0000000100000000)
  to   space 87040K, 0% used [0x00000000f5600000,0x00000000f5600000,0x00000000fab00000)
 ParOldGen       total 1398272K, used 23606K [0x0000000080000000, 0x00000000d5580000, 0x00000000d5580000)
  object space 1398272K, 1% used [0x0000000080000000,0x000000008170d9e0,0x00000000d5580000)
 Metaspace       used 57491K, capacity 58864K, committed 59008K, reserved 1101824K
  class space    used 6665K, capacity 6958K, committed 7040K, reserved 1048576K
}
Event: 12.486 GC heap before
{Heap before GC invocations=7 (full 3):
 PSYoungGen      total 611840K, used 18190K [0x00000000d5580000, 0x0000000100000000, 0x0000000100000000)
  eden space 524800K, 0% used [0x00000000d5580000,0x00000000d5580000,0x00000000f5600000)
  from space 87040K, 20% used [0x00000000fab00000,0x00000000fbcc3980,0x0000000100000000)
  to   space 87040K, 0% used [0x00000000f5600000,0x00000000f5600000,0x00000000fab00000)
 ParOldGen       total 1398272K, used 23606K [0x0000000080000000, 0x00000000d5580000, 0x00000000d5580000)
  object space 1398272K, 1% used [0x0000000080000000,0x000000008170d9e0,0x00000000d5580000)
 Metaspace       used 57491K, capacity 58864K, committed 59008K, reserved 1101824K
  class space    used 6665K, capacity 6958K, committed 7040K, reserved 1048576K
Event: 12.759 GC heap after
Heap after GC invocations=7 (full 3):
 PSYoungGen      total 611840K, used 0K [0x00000000d5580000, 0x0000000100000000, 0x0000000100000000)
  eden space 524800K, 0% used [0x00000000d5580000,0x00000000d5580000,0x00000000f5600000)
  from space 87040K, 0% used [0x00000000fab00000,0x00000000fab00000,0x0000000100000000)
  to   space 87040K, 0% used [0x00000000f5600000,0x00000000f5600000,0x00000000fab00000)
 ParOldGen       total 1398272K, used 29700K [0x0000000080000000, 0x00000000d5580000, 0x00000000d5580000)
  object space 1398272K, 2% used [0x0000000080000000,0x0000000081d01158,0x00000000d5580000)
 Metaspace       used 57464K, capacity 58802K, committed 59008K, reserved 1101824K
  class space    used 6655K, capacity 6941K, committed 7040K, reserved 1048576K
}

