# JRE version: OpenJDK Runtime Environment (8.0_212-b04) (build 1.8.0_212-b04)
# Java VM: OpenJDK 64-Bit Server VM (25.212-b04 mixed mode linux-amd64 compressed oops)
Heap:
 PSYoungGen      total 611840K, used 279369K [0x00000000d5580000, 0x0000000100000000, 0x0000000100000000)
  eden space 524800K, 53% used [0x00000000d5580000,0x00000000e66525d0,0x00000000f5600000)
  from space 87040K, 0% used [0x00000000fab00000,0x00000000fab00000,0x0000000100000000)
  to   space 87040K, 0% used [0x00000000f5600000,0x00000000f5600000,0x00000000fab00000)
 ParOldGen       total 1398272K, used 28036K [0x0000000080000000, 0x00000000d5580000, 0x00000000d5580000)
  object space 1398272K, 2% used [0x0000000080000000,0x0000000081b612e8,0x00000000d5580000)
 Metaspace       used 64723K, capacity 67320K, committed 67456K, reserved 1107968K
  class space    used 7489K, capacity 7960K, committed 8064K, reserved 1048576K
GC Heap History (10 events):
Event: 5.412 GC heap before
{Heap before GC invocations=3 (full 1):
 PSYoungGen      total 611840K, used 498573K [0x00000000d5580000, 0x0000000100000000, 0x0000000100000000)
  eden space 524800K, 95% used [0x00000000d5580000,0x00000000f3c63720,0x00000000f5600000)
  from space 87040K, 0% used [0x00000000f5600000,0x00000000f5600000,0x00000000fab00000)
  to   space 87040K, 0% used [0x00000000fab00000,0x00000000fab00000,0x0000000100000000)
 ParOldGen       total 887808K, used 14233K [0x0000000080000000, 0x00000000b6300000, 0x00000000d5580000)
  object space 887808K, 1% used [0x0000000080000000,0x0000000080de6488,0x00000000b6300000)
 Metaspace       used 34775K, capacity 35086K, committed 35416K, reserved 1081344K
  class space    used 3969K, capacity 4059K, committed 4096K, reserved 1048576K
Event: 5.447 GC heap after
Heap after GC invocations=3 (full 1):
 PSYoungGen      total 611840K, used 19350K [0x00000000d5580000, 0x0000000100000000, 0x0000000100000000)
  eden space 524800K, 0% used [0x00000000d5580000,0x00000000d5580000,0x00000000f5600000)
  from space 87040K, 22% used [0x00000000fab00000,0x00000000fbde5a88,0x0000000100000000)
  to   space 87040K, 0% used [0x00000000f5600000,0x00000000f5600000,0x00000000fab00000)
 ParOldGen       total 887808K, used 14241K [0x0000000080000000, 0x00000000b6300000, 0x00000000d5580000)
  object space 887808K, 1% used [0x0000000080000000,0x0000000080de8488,0x00000000b6300000)
 Metaspace       used 34775K, capacity 35086K, committed 35416K, reserved 1081344K
  class space    used 3969K, capacity 4059K, committed 4096K, reserved 1048576K
}
Event: 5.447 GC heap before
{Heap before GC invocations=4 (full 2):
 PSYoungGen      total 611840K, used 19350K [0x00000000d5580000, 0x0000000100000000, 0x0000000100000000)
  eden space 524800K, 0% used [0x00000000d5580000,0x00000000d5580000,0x00000000f5600000)
  from space 87040K, 22% used [0x00000000fab00000,0x00000000fbde5a88,0x0000000100000000)
  to   space 87040K, 0% used [0x00000000f5600000,0x00000000f5600000,0x00000000fab00000)
 ParOldGen       total 887808K, used 14241K [0x0000000080000000, 0x00000000b6300000, 0x00000000d5580000)
  object space 887808K, 1% used [0x0000000080000000,0x0000000080de8488,0x00000000b6300000)
 Metaspace       used 34775K, capacity 35086K, committed 35416K, reserved 1081344K
  class space    used 3969K, capacity 4059K, committed 4096K, reserved 1048576K
Event: 5.555 GC heap after
Heap after GC invocations=4 (full 2):
 PSYoungGen      total 611840K, used 0K [0x00000000d5580000, 0x0000000100000000, 0x0000000100000000)
  eden space 524800K, 0% used [0x00000000d5580000,0x00000000d5580000,0x00000000f5600000)
  from space 87040K, 0% used [0x00000000fab00000,0x00000000fab00000,0x0000000100000000)
  to   space 87040K, 0% used [0x00000000f5600000,0x00000000f5600000,0x00000000fab00000)
 ParOldGen       total 1398272K, used 23890K [0x0000000080000000, 0x00000000d5580000, 0x00000000d5580000)
  object space 1398272K, 1% used [0x0000000080000000,0x0000000081754a90,0x00000000d5580000)
 Metaspace       used 34775K, capacity 35086K, committed 35416K, reserved 1081344K
  class space    used 3969K, capacity 4059K, committed 4096K, reserved 1048576K
}
Event: 12.068 GC heap before
{Heap before GC invocations=5 (full 2):
 PSYoungGen      total 611840K, used 524800K [0x00000000d5580000, 0x0000000100000000, 0x0000000100000000)
  eden space 524800K, 100% used [0x00000000d5580000,0x00000000f5600000,0x00000000f5600000)
  from space 87040K, 0% used [0x00000000fab00000,0x00000000fab00000,0x0000000100000000)
  to   space 87040K, 0% used [0x00000000f5600000,0x00000000f5600000,0x00000000fab00000)
 ParOldGen       total 1398272K, used 23890K [0x0000000080000000, 0x00000000d5580000, 0x00000000d5580000)
  object space 1398272K, 1% used [0x0000000080000000,0x0000000081754a90,0x00000000d5580000)
 Metaspace       used 53556K, capacity 54846K, committed 54912K, reserved 1097728K
  class space    used 6273K, capacity 6503K, committed 6528K, reserved 1048576K
Event: 12.132 GC heap after
Heap after GC invocations=5 (full 2):
 PSYoungGen      total 611840K, used 25616K [0x00000000d5580000, 0x0000000100000000, 0x0000000100000000)
  eden space 524800K, 0% used [0x00000000d5580000,0x00000000d5580000,0x00000000f5600000)
  from space 87040K, 29% used [0x00000000f5600000,0x00000000f6f04250,0x00000000fab00000)
  to   space 87040K, 0% used [0x00000000fab00000,0x00000000fab00000,0x0000000100000000)
 ParOldGen       total 1398272K, used 23898K [0x0000000080000000, 0x00000000d5580000, 0x00000000d5580000)
  object space 1398272K, 1% used [0x0000000080000000,0x0000000081756a90,0x00000000d5580000)
 Metaspace       used 53556K, capacity 54846K, committed 54912K, reserved 1097728K
  class space    used 6273K, capacity 6503K, committed 6528K, reserved 1048576K
}
Event: 12.674 GC heap before
{Heap before GC invocations=6 (full 2):
 PSYoungGen      total 611840K, used 171364K [0x00000000d5580000, 0x0000000100000000, 0x0000000100000000)
  eden space 524800K, 27% used [0x00000000d5580000,0x00000000de3d4fd8,0x00000000f5600000)
  from space 87040K, 29% used [0x00000000f5600000,0x00000000f6f04250,0x00000000fab00000)
  to   space 87040K, 0% used [0x00000000fab00000,0x00000000fab00000,0x0000000100000000)
 ParOldGen       total 1398272K, used 23898K [0x0000000080000000, 0x00000000d5580000, 0x00000000d5580000)
  object space 1398272K, 1% used [0x0000000080000000,0x0000000081756a90,0x00000000d5580000)
 Metaspace       used 57483K, capacity 58846K, committed 59008K, reserved 1101824K
  class space    used 6670K, capacity 6955K, committed 7040K, reserved 1048576K
Event: 12.693 GC heap after
Heap after GC invocations=6 (full 2):
 PSYoungGen      total 611840K, used 16022K [0x00000000d5580000, 0x0000000100000000, 0x0000000100000000)
  eden space 524800K, 0% used [0x00000000d5580000,0x00000000d5580000,0x00000000f5600000)
  from space 87040K, 18% used [0x00000000fab00000,0x00000000fbaa5948,0x0000000100000000)
  to   space 87040K, 0% used [0x00000000f5600000,0x00000000f5600000,0x00000000fab00000)
 ParOldGen       total 1398272K, used 23906K [0x0000000080000000, 0x00000000d5580000, 0x00000000d5580000)
  object space 1398272K, 1% used [0x0000000080000000,0x0000000081758a90,0x00000000d5580000)
 Metaspace       used 57483K, capacity 58846K, committed 59008K, reserved 1101824K
  class space    used 6670K, capacity 6955K, committed 7040K, reserved 1048576K
}
Event: 12.693 GC heap before
{Heap before GC invocations=7 (full 3):
 PSYoungGen      total 611840K, used 16022K [0x00000000d5580000, 0x0000000100000000, 0x0000000100000000)
  eden space 524800K, 0% used [0x00000000d5580000,0x00000000d5580000,0x00000000f5600000)
  from space 87040K, 18% used [0x00000000fab00000,0x00000000fbaa5948,0x0000000100000000)
  to   space 87040K, 0% used [0x00000000f5600000,0x00000000f5600000,0x00000000fab00000)
 ParOldGen       total 1398272K, used 23906K [0x0000000080000000, 0x00000000d5580000, 0x00000000d5580000)
  object space 1398272K, 1% used [0x0000000080000000,0x0000000081758a90,0x00000000d5580000)
 Metaspace       used 57483K, capacity 58846K, committed 59008K, reserved 1101824K
  class space    used 6670K, capacity 6955K, committed 7040K, reserved 1048576K
Event: 12.917 GC heap after
Heap after GC invocations=7 (full 3):
 PSYoungGen      total 611840K, used 0K [0x00000000d5580000, 0x0000000100000000, 0x0000000100000000)
  eden space 524800K, 0% used [0x00000000d5580000,0x00000000d5580000,0x00000000f5600000)
  from space 87040K, 0% used [0x00000000fab00000,0x00000000fab00000,0x0000000100000000)
  to   space 87040K, 0% used [0x00000000f5600000,0x00000000f5600000,0x00000000fab00000)
 ParOldGen       total 1398272K, used 28036K [0x0000000080000000, 0x00000000d5580000, 0x00000000d5580000)
  object space 1398272K, 2% used [0x0000000080000000,0x0000000081b612e8,0x00000000d5580000)
 Metaspace       used 57468K, capacity 58810K, committed 59008K, reserved 1101824K
  class space    used 6664K, capacity 6945K, committed 7040K, reserved 1048576K
}

