# JRE version: OpenJDK Runtime Environment (8.0_212-b04) (build 1.8.0_212-b04)
# Java VM: OpenJDK 64-Bit Server VM (25.212-b04 mixed mode linux-amd64 compressed oops)
Heap:
 PSYoungGen      total 611840K, used 38159K [0x00000000d5580000, 0x0000000100000000, 0x0000000100000000)
  eden space 524800K, 6% used [0x00000000d5580000,0x00000000d77dd5f0,0x00000000f5600000)
  from space 87040K, 3% used [0x00000000f5600000,0x00000000f58e66c8,0x00000000fab00000)
  to   space 87040K, 0% used [0x00000000fab00000,0x00000000fab00000,0x0000000100000000)
 ParOldGen       total 1398272K, used 24535K [0x0000000080000000, 0x00000000d5580000, 0x00000000d5580000)
  object space 1398272K, 1% used [0x0000000080000000,0x00000000817f5c98,0x00000000d5580000)
 Metaspace       used 36704K, capacity 37384K, committed 37720K, reserved 1083392K
  class space    used 4412K, capacity 4576K, committed 4696K, reserved 1048576K
GC Heap History (10 events):
Event: 2.559 GC heap before
{Heap before GC invocations=1 (full 0):
 PSYoungGen      total 611840K, used 262419K [0x00000000d5580000, 0x0000000100000000, 0x0000000100000000)
  eden space 524800K, 50% used [0x00000000d5580000,0x00000000e55c4c60,0x00000000f5600000)
  from space 87040K, 0% used [0x00000000fab00000,0x00000000fab00000,0x0000000100000000)
  to   space 87040K, 0% used [0x00000000f5600000,0x00000000f5600000,0x00000000fab00000)
 ParOldGen       total 1398272K, used 0K [0x0000000080000000, 0x00000000d5580000, 0x00000000d5580000)
  object space 1398272K, 0% used [0x0000000080000000,0x0000000080000000,0x00000000d5580000)
 Metaspace       used 20818K, capacity 21088K, committed 21248K, reserved 1069056K
  class space    used 2405K, capacity 2500K, committed 2560K, reserved 1048576K
Event: 2.614 GC heap after
Heap after GC invocations=1 (full 0):
 PSYoungGen      total 611840K, used 18566K [0x00000000d5580000, 0x0000000100000000, 0x0000000100000000)
  eden space 524800K, 0% used [0x00000000d5580000,0x00000000d5580000,0x00000000f5600000)
  from space 87040K, 21% used [0x00000000f5600000,0x00000000f6821a50,0x00000000fab00000)
  to   space 87040K, 0% used [0x00000000fab00000,0x00000000fab00000,0x0000000100000000)
 ParOldGen       total 1398272K, used 8K [0x0000000080000000, 0x00000000d5580000, 0x00000000d5580000)
  object space 1398272K, 0% used [0x0000000080000000,0x0000000080002000,0x00000000d5580000)
 Metaspace       used 20818K, capacity 21088K, committed 21248K, reserved 1069056K
  class space    used 2405K, capacity 2500K, committed 2560K, reserved 1048576K
}
Event: 2.614 GC heap before
{Heap before GC invocations=2 (full 1):
 PSYoungGen      total 611840K, used 18566K [0x00000000d5580000, 0x0000000100000000, 0x0000000100000000)
  eden space 524800K, 0% used [0x00000000d5580000,0x00000000d5580000,0x00000000f5600000)
  from space 87040K, 21% used [0x00000000f5600000,0x00000000f6821a50,0x00000000fab00000)
  to   space 87040K, 0% used [0x00000000fab00000,0x00000000fab00000,0x0000000100000000)
 ParOldGen       total 1398272K, used 8K [0x0000000080000000, 0x00000000d5580000, 0x00000000d5580000)
  object space 1398272K, 0% used [0x0000000080000000,0x0000000080002000,0x00000000d5580000)
 Metaspace       used 20818K, capacity 21088K, committed 21248K, reserved 1069056K
  class space    used 2405K, capacity 2500K, committed 2560K, reserved 1048576K
Event: 2.705 GC heap after
Heap after GC invocations=2 (full 1):
 PSYoungGen      total 611840K, used 0K [0x00000000d5580000, 0x0000000100000000, 0x0000000100000000)
  eden space 524800K, 0% used [0x00000000d5580000,0x00000000d5580000,0x00000000f5600000)
  from space 87040K, 0% used [0x00000000f5600000,0x00000000f5600000,0x00000000fab00000)
  to   space 87040K, 0% used [0x00000000fab00000,0x00000000fab00000,0x0000000100000000)
 ParOldGen       total 864256K, used 17877K [0x0000000080000000, 0x00000000b4c00000, 0x00000000d5580000)
  object space 864256K, 2% used [0x0000000080000000,0x00000000811757c0,0x00000000b4c00000)
 Metaspace       used 20818K, capacity 21088K, committed 21248K, reserved 1069056K
  class space    used 2405K, capacity 2500K, committed 2560K, reserved 1048576K
}
Event: 4.020 GC heap before
{Heap before GC invocations=3 (full 1):
 PSYoungGen      total 611840K, used 135614K [0x00000000d5580000, 0x0000000100000000, 0x0000000100000000)
  eden space 524800K, 25% used [0x00000000d5580000,0x00000000dd9efac0,0x00000000f5600000)
  from space 87040K, 0% used [0x00000000f5600000,0x00000000f5600000,0x00000000fab00000)
  to   space 87040K, 0% used [0x00000000fab00000,0x00000000fab00000,0x0000000100000000)
 ParOldGen       total 864256K, used 17877K [0x0000000080000000, 0x00000000b4c00000, 0x00000000d5580000)
  object space 864256K, 2% used [0x0000000080000000,0x00000000811757c0,0x00000000b4c00000)
 Metaspace       used 34712K, capacity 35324K, committed 35416K, reserved 1081344K
  class space    used 4206K, capacity 4368K, committed 4440K, reserved 1048576K
Event: 4.045 GC heap after
Heap after GC invocations=3 (full 1):
 PSYoungGen      total 611840K, used 16032K [0x00000000d5580000, 0x0000000100000000, 0x0000000100000000)
  eden space 524800K, 0% used [0x00000000d5580000,0x00000000d5580000,0x00000000f5600000)
  from space 87040K, 18% used [0x00000000fab00000,0x00000000fbaa8000,0x0000000100000000)
  to   space 87040K, 0% used [0x00000000f5600000,0x00000000f5600000,0x00000000fab00000)
 ParOldGen       total 864256K, used 17885K [0x0000000080000000, 0x00000000b4c00000, 0x00000000d5580000)
  object space 864256K, 2% used [0x0000000080000000,0x00000000811777c0,0x00000000b4c00000)
 Metaspace       used 34712K, capacity 35324K, committed 35416K, reserved 1081344K
  class space    used 4206K, capacity 4368K, committed 4440K, reserved 1048576K
}
Event: 4.045 GC heap before
{Heap before GC invocations=4 (full 2):
 PSYoungGen      total 611840K, used 16032K [0x00000000d5580000, 0x0000000100000000, 0x0000000100000000)
  eden space 524800K, 0% used [0x00000000d5580000,0x00000000d5580000,0x00000000f5600000)
  from space 87040K, 18% used [0x00000000fab00000,0x00000000fbaa8000,0x0000000100000000)
  to   space 87040K, 0% used [0x00000000f5600000,0x00000000f5600000,0x00000000fab00000)
 ParOldGen       total 864256K, used 17885K [0x0000000080000000, 0x00000000b4c00000, 0x00000000d5580000)
  object space 864256K, 2% used [0x0000000080000000,0x00000000811777c0,0x00000000b4c00000)
 Metaspace       used 34712K, capacity 35324K, committed 35416K, reserved 1081344K
  class space    used 4206K, capacity 4368K, committed 4440K, reserved 1048576K
Event: 4.122 GC heap after
Heap after GC invocations=4 (full 2):
 PSYoungGen      total 611840K, used 0K [0x00000000d5580000, 0x0000000100000000, 0x0000000100000000)
  eden space 524800K, 0% used [0x00000000d5580000,0x00000000d5580000,0x00000000f5600000)
  from space 87040K, 0% used [0x00000000fab00000,0x00000000fab00000,0x0000000100000000)
  to   space 87040K, 0% used [0x00000000f5600000,0x00000000f5600000,0x00000000fab00000)
 ParOldGen       total 1398272K, used 24527K [0x0000000080000000, 0x00000000d5580000, 0x00000000d5580000)
  object space 1398272K, 1% used [0x0000000080000000,0x00000000817f3c98,0x00000000d5580000)
 Metaspace       used 34712K, capacity 35324K, committed 35416K, reserved 1081344K
  class space    used 4206K, capacity 4368K, committed 4440K, reserved 1048576K
}
Event: 5.842 GC heap before
{Heap before GC invocations=5 (full 2):
 PSYoungGen      total 611840K, used 524800K [0x00000000d5580000, 0x0000000100000000, 0x0000000100000000)
  eden space 524800K, 100% used [0x00000000d5580000,0x00000000f5600000,0x00000000f5600000)
  from space 87040K, 0% used [0x00000000fab00000,0x00000000fab00000,0x0000000100000000)
  to   space 87040K, 0% used [0x00000000f5600000,0x00000000f5600000,0x00000000fab00000)
 ParOldGen       total 1398272K, used 24527K [0x0000000080000000, 0x00000000d5580000, 0x00000000d5580000)
  object space 1398272K, 1% used [0x0000000080000000,0x00000000817f3c98,0x00000000d5580000)
 Metaspace       used 36642K, capacity 37314K, committed 37464K, reserved 1081344K
  class space    used 4410K, capacity 4575K, committed 4696K, reserved 1048576K
Event: 5.855 GC heap after
Heap after GC invocations=5 (full 2):
 PSYoungGen      total 611840K, used 2969K [0x00000000d5580000, 0x0000000100000000, 0x0000000100000000)
  eden space 524800K, 0% used [0x00000000d5580000,0x00000000d5580000,0x00000000f5600000)
  from space 87040K, 3% used [0x00000000f5600000,0x00000000f58e66c8,0x00000000fab00000)
  to   space 87040K, 0% used [0x00000000fab00000,0x00000000fab00000,0x0000000100000000)
 ParOldGen       total 1398272K, used 24535K [0x0000000080000000, 0x00000000d5580000, 0x00000000d5580000)
  object space 1398272K, 1% used [0x0000000080000000,0x00000000817f5c98,0x00000000d5580000)
 Metaspace       used 36642K, capacity 37314K, committed 37464K, reserved 1081344K
  class space    used 4410K, capacity 4575K, committed 4696K, reserved 1048576K
}

