# JRE version: OpenJDK Runtime Environment (8.0_212-b04) (build 1.8.0_212-b04)
# Java VM: OpenJDK 64-Bit Server VM (25.212-b04 mixed mode linux-amd64 compressed oops)
Heap:
 PSYoungGen      total 611840K, used 351631K [0x00000000d5580000, 0x0000000100000000, 0x0000000100000000)
  eden space 524800K, 67% used [0x00000000d5580000,0x00000000eace3c88,0x00000000f5600000)
  from space 87040K, 0% used [0x00000000fab00000,0x00000000fab00000,0x0000000100000000)
  to   space 87040K, 0% used [0x00000000f5600000,0x00000000f5600000,0x00000000fab00000)
 ParOldGen       total 1398272K, used 34296K [0x0000000080000000, 0x00000000d5580000, 0x00000000d5580000)
  object space 1398272K, 2% used [0x0000000080000000,0x000000008217e2d8,0x00000000d5580000)
 Metaspace       used 63352K, capacity 65862K, committed 65920K, reserved 1107968K
  class space    used 7301K, capacity 7767K, committed 7808K, reserved 1048576K
GC Heap History (10 events):
Event: 4.564 GC heap before
{Heap before GC invocations=3 (full 1):
 PSYoungGen      total 611840K, used 434803K [0x00000000d5580000, 0x0000000100000000, 0x0000000100000000)
  eden space 524800K, 82% used [0x00000000d5580000,0x00000000efe1ccf0,0x00000000f5600000)
  from space 87040K, 0% used [0x00000000f5600000,0x00000000f5600000,0x00000000fab00000)
  to   space 87040K, 0% used [0x00000000fab00000,0x00000000fab00000,0x0000000100000000)
 ParOldGen       total 884224K, used 13742K [0x0000000080000000, 0x00000000b5f80000, 0x00000000d5580000)
  object space 884224K, 1% used [0x0000000080000000,0x0000000080d6bad0,0x00000000b5f80000)
 Metaspace       used 34721K, capacity 35118K, committed 35416K, reserved 1081344K
  class space    used 3970K, capacity 4091K, committed 4096K, reserved 1048576K
Event: 4.598 GC heap after
Heap after GC invocations=3 (full 1):
 PSYoungGen      total 611840K, used 19168K [0x00000000d5580000, 0x0000000100000000, 0x0000000100000000)
  eden space 524800K, 0% used [0x00000000d5580000,0x00000000d5580000,0x00000000f5600000)
  from space 87040K, 22% used [0x00000000fab00000,0x00000000fbdb8358,0x0000000100000000)
  to   space 87040K, 0% used [0x00000000f5600000,0x00000000f5600000,0x00000000fab00000)
 ParOldGen       total 884224K, used 13750K [0x0000000080000000, 0x00000000b5f80000, 0x00000000d5580000)
  object space 884224K, 1% used [0x0000000080000000,0x0000000080d6dad0,0x00000000b5f80000)
 Metaspace       used 34721K, capacity 35118K, committed 35416K, reserved 1081344K
  class space    used 3970K, capacity 4091K, committed 4096K, reserved 1048576K
}
Event: 4.598 GC heap before
{Heap before GC invocations=4 (full 2):
 PSYoungGen      total 611840K, used 19168K [0x00000000d5580000, 0x0000000100000000, 0x0000000100000000)
  eden space 524800K, 0% used [0x00000000d5580000,0x00000000d5580000,0x00000000f5600000)
  from space 87040K, 22% used [0x00000000fab00000,0x00000000fbdb8358,0x0000000100000000)
  to   space 87040K, 0% used [0x00000000f5600000,0x00000000f5600000,0x00000000fab00000)
 ParOldGen       total 884224K, used 13750K [0x0000000080000000, 0x00000000b5f80000, 0x00000000d5580000)
  object space 884224K, 1% used [0x0000000080000000,0x0000000080d6dad0,0x00000000b5f80000)
 Metaspace       used 34721K, capacity 35118K, committed 35416K, reserved 1081344K
  class space    used 3970K, capacity 4091K, committed 4096K, reserved 1048576K
Event: 4.696 GC heap after
Heap after GC invocations=4 (full 2):
 PSYoungGen      total 611840K, used 0K [0x00000000d5580000, 0x0000000100000000, 0x0000000100000000)
  eden space 524800K, 0% used [0x00000000d5580000,0x00000000d5580000,0x00000000f5600000)
  from space 87040K, 0% used [0x00000000fab00000,0x00000000fab00000,0x0000000100000000)
  to   space 87040K, 0% used [0x00000000f5600000,0x00000000f5600000,0x00000000fab00000)
 ParOldGen       total 1398272K, used 23545K [0x0000000080000000, 0x00000000d5580000, 0x00000000d5580000)
  object space 1398272K, 1% used [0x0000000080000000,0x00000000816fe710,0x00000000d5580000)
 Metaspace       used 34721K, capacity 35118K, committed 35416K, reserved 1081344K
  class space    used 3970K, capacity 4091K, committed 4096K, reserved 1048576K
}
Event: 10.481 GC heap before
{Heap before GC invocations=5 (full 2):
 PSYoungGen      total 611840K, used 524800K [0x00000000d5580000, 0x0000000100000000, 0x0000000100000000)
  eden space 524800K, 100% used [0x00000000d5580000,0x00000000f5600000,0x00000000f5600000)
  from space 87040K, 0% used [0x00000000fab00000,0x00000000fab00000,0x0000000100000000)
  to   space 87040K, 0% used [0x00000000f5600000,0x00000000f5600000,0x00000000fab00000)
 ParOldGen       total 1398272K, used 23545K [0x0000000080000000, 0x00000000d5580000, 0x00000000d5580000)
  object space 1398272K, 1% used [0x0000000080000000,0x00000000816fe710,0x00000000d5580000)
 Metaspace       used 50921K, capacity 52188K, committed 52352K, reserved 1095680K
  class space    used 6011K, capacity 6252K, committed 6272K, reserved 1048576K
Event: 10.549 GC heap after
Heap after GC invocations=5 (full 2):
 PSYoungGen      total 611840K, used 24077K [0x00000000d5580000, 0x0000000100000000, 0x0000000100000000)
  eden space 524800K, 0% used [0x00000000d5580000,0x00000000d5580000,0x00000000f5600000)
  from space 87040K, 27% used [0x00000000f5600000,0x00000000f6d83720,0x00000000fab00000)
  to   space 87040K, 0% used [0x00000000fab00000,0x00000000fab00000,0x0000000100000000)
 ParOldGen       total 1398272K, used 23553K [0x0000000080000000, 0x00000000d5580000, 0x00000000d5580000)
  object space 1398272K, 1% used [0x0000000080000000,0x0000000081700710,0x00000000d5580000)
 Metaspace       used 50921K, capacity 52188K, committed 52352K, reserved 1095680K
  class space    used 6011K, capacity 6252K, committed 6272K, reserved 1048576K
}
Event: 12.287 GC heap before
{Heap before GC invocations=6 (full 2):
 PSYoungGen      total 611840K, used 171005K [0x00000000d5580000, 0x0000000100000000, 0x0000000100000000)
  eden space 524800K, 27% used [0x00000000d5580000,0x00000000de4fbea0,0x00000000f5600000)
  from space 87040K, 27% used [0x00000000f5600000,0x00000000f6d83720,0x00000000fab00000)
  to   space 87040K, 0% used [0x00000000fab00000,0x00000000fab00000,0x0000000100000000)
 ParOldGen       total 1398272K, used 23553K [0x0000000080000000, 0x00000000d5580000, 0x00000000d5580000)
  object space 1398272K, 1% used [0x0000000080000000,0x0000000081700710,0x00000000d5580000)
 Metaspace       used 57416K, capacity 58888K, committed 59008K, reserved 1101824K
  class space    used 6639K, capacity 6938K, committed 7040K, reserved 1048576K
Event: 12.325 GC heap after
Heap after GC invocations=6 (full 2):
 PSYoungGen      total 611840K, used 23047K [0x00000000d5580000, 0x0000000100000000, 0x0000000100000000)
  eden space 524800K, 0% used [0x00000000d5580000,0x00000000d5580000,0x00000000f5600000)
  from space 87040K, 26% used [0x00000000fab00000,0x00000000fc181e50,0x0000000100000000)
  to   space 87040K, 0% used [0x00000000f5600000,0x00000000f5600000,0x00000000fab00000)
 ParOldGen       total 1398272K, used 23561K [0x0000000080000000, 0x00000000d5580000, 0x00000000d5580000)
  object space 1398272K, 1% used [0x0000000080000000,0x0000000081702710,0x00000000d5580000)
 Metaspace       used 57416K, capacity 58888K, committed 59008K, reserved 1101824K
  class space    used 6639K, capacity 6938K, committed 7040K, reserved 1048576K
}
Event: 12.325 GC heap before
{Heap before GC invocations=7 (full 3):
 PSYoungGen      total 611840K, used 23047K [0x00000000d5580000, 0x0000000100000000, 0x0000000100000000)
  eden space 524800K, 0% used [0x00000000d5580000,0x00000000d5580000,0x00000000f5600000)
  from space 87040K, 26% used [0x00000000fab00000,0x00000000fc181e50,0x0000000100000000)
  to   space 87040K, 0% used [0x00000000f5600000,0x00000000f5600000,0x00000000fab00000)
 ParOldGen       total 1398272K, used 23561K [0x0000000080000000, 0x00000000d5580000, 0x00000000d5580000)
  object space 1398272K, 1% used [0x0000000080000000,0x0000000081702710,0x00000000d5580000)
 Metaspace       used 57416K, capacity 58888K, committed 59008K, reserved 1101824K
  class space    used 6639K, capacity 6938K, committed 7040K, reserved 1048576K
Event: 12.600 GC heap after
Heap after GC invocations=7 (full 3):
 PSYoungGen      total 611840K, used 0K [0x00000000d5580000, 0x0000000100000000, 0x0000000100000000)
  eden space 524800K, 0% used [0x00000000d5580000,0x00000000d5580000,0x00000000f5600000)
  from space 87040K, 0% used [0x00000000fab00000,0x00000000fab00000,0x0000000100000000)
  to   space 87040K, 0% used [0x00000000f5600000,0x00000000f5600000,0x00000000fab00000)
 ParOldGen       total 1398272K, used 34296K [0x0000000080000000, 0x00000000d5580000, 0x00000000d5580000)
  object space 1398272K, 2% used [0x0000000080000000,0x000000008217e2d8,0x00000000d5580000)
 Metaspace       used 57396K, capacity 58840K, committed 59008K, reserved 1101824K
  class space    used 6632K, capacity 6926K, committed 7040K, reserved 1048576K
}

