# JRE version: OpenJDK Runtime Environment (8.0_212-b04) (build 1.8.0_212-b04)
# Java VM: OpenJDK 64-Bit Server VM (25.212-b04 mixed mode linux-amd64 compressed oops)
Heap:
 PSYoungGen      total 611840K, used 249723K [0x00000000d5580000, 0x0000000100000000, 0x0000000100000000)
  eden space 524800K, 47% used [0x00000000d5580000,0x00000000e495eec0,0x00000000f5600000)
  from space 87040K, 0% used [0x00000000fab00000,0x00000000fab00000,0x0000000100000000)
  to   space 87040K, 0% used [0x00000000f5600000,0x00000000f5600000,0x00000000fab00000)
 ParOldGen       total 1398272K, used 28714K [0x0000000080000000, 0x00000000d5580000, 0x00000000d5580000)
  object space 1398272K, 2% used [0x0000000080000000,0x0000000081c0a818,0x00000000d5580000)
 Metaspace       used 64193K, capacity 66784K, committed 67072K, reserved 1107968K
  class space    used 7417K, capacity 7896K, committed 7936K, reserved 1048576K
GC Heap History (10 events):
Event: 5.106 GC heap before
{Heap before GC invocations=3 (full 1):
 PSYoungGen      total 611840K, used 469965K [0x00000000d5580000, 0x0000000100000000, 0x0000000100000000)
  eden space 524800K, 89% used [0x00000000d5580000,0x00000000f20734f8,0x00000000f5600000)
  from space 87040K, 0% used [0x00000000f5600000,0x00000000f5600000,0x00000000fab00000)
  to   space 87040K, 0% used [0x00000000fab00000,0x00000000fab00000,0x0000000100000000)
 ParOldGen       total 854016K, used 14224K [0x0000000080000000, 0x00000000b4200000, 0x00000000d5580000)
  object space 854016K, 1% used [0x0000000080000000,0x0000000080de4318,0x00000000b4200000)
 Metaspace       used 34760K, capacity 35118K, committed 35416K, reserved 1081344K
  class space    used 3970K, capacity 4091K, committed 4096K, reserved 1048576K
Event: 5.144 GC heap after
Heap after GC invocations=3 (full 1):
 PSYoungGen      total 611840K, used 19394K [0x00000000d5580000, 0x0000000100000000, 0x0000000100000000)
  eden space 524800K, 0% used [0x00000000d5580000,0x00000000d5580000,0x00000000f5600000)
  from space 87040K, 22% used [0x00000000fab00000,0x00000000fbdf0830,0x0000000100000000)
  to   space 87040K, 0% used [0x00000000f5600000,0x00000000f5600000,0x00000000fab00000)
 ParOldGen       total 854016K, used 14224K [0x0000000080000000, 0x00000000b4200000, 0x00000000d5580000)
  object space 854016K, 1% used [0x0000000080000000,0x0000000080de4318,0x00000000b4200000)
 Metaspace       used 34760K, capacity 35118K, committed 35416K, reserved 1081344K
  class space    used 3970K, capacity 4091K, committed 4096K, reserved 1048576K
}
Event: 5.144 GC heap before
{Heap before GC invocations=4 (full 2):
 PSYoungGen      total 611840K, used 19394K [0x00000000d5580000, 0x0000000100000000, 0x0000000100000000)
  eden space 524800K, 0% used [0x00000000d5580000,0x00000000d5580000,0x00000000f5600000)
  from space 87040K, 22% used [0x00000000fab00000,0x00000000fbdf0830,0x0000000100000000)
  to   space 87040K, 0% used [0x00000000f5600000,0x00000000f5600000,0x00000000fab00000)
 ParOldGen       total 854016K, used 14224K [0x0000000080000000, 0x00000000b4200000, 0x00000000d5580000)
  object space 854016K, 1% used [0x0000000080000000,0x0000000080de4318,0x00000000b4200000)
 Metaspace       used 34760K, capacity 35118K, committed 35416K, reserved 1081344K
  class space    used 3970K, capacity 4091K, committed 4096K, reserved 1048576K
Event: 5.241 GC heap after
Heap after GC invocations=4 (full 2):
 PSYoungGen      total 611840K, used 0K [0x00000000d5580000, 0x0000000100000000, 0x0000000100000000)
  eden space 524800K, 0% used [0x00000000d5580000,0x00000000d5580000,0x00000000f5600000)
  from space 87040K, 0% used [0x00000000fab00000,0x00000000fab00000,0x0000000100000000)
  to   space 87040K, 0% used [0x00000000f5600000,0x00000000f5600000,0x00000000fab00000)
 ParOldGen       total 1398272K, used 23856K [0x0000000080000000, 0x00000000d5580000, 0x00000000d5580000)
  object space 1398272K, 1% used [0x0000000080000000,0x000000008174c0d8,0x00000000d5580000)
 Metaspace       used 34760K, capacity 35118K, committed 35416K, reserved 1081344K
  class space    used 3970K, capacity 4091K, committed 4096K, reserved 1048576K
}
Event: 11.869 GC heap before
{Heap before GC invocations=5 (full 2):
 PSYoungGen      total 611840K, used 524800K [0x00000000d5580000, 0x0000000100000000, 0x0000000100000000)
  eden space 524800K, 100% used [0x00000000d5580000,0x00000000f5600000,0x00000000f5600000)
  from space 87040K, 0% used [0x00000000fab00000,0x00000000fab00000,0x0000000100000000)
  to   space 87040K, 0% used [0x00000000f5600000,0x00000000f5600000,0x00000000fab00000)
 ParOldGen       total 1398272K, used 23856K [0x0000000080000000, 0x00000000d5580000, 0x00000000d5580000)
  object space 1398272K, 1% used [0x0000000080000000,0x000000008174c0d8,0x00000000d5580000)
 Metaspace       used 52600K, capacity 53870K, committed 54144K, reserved 1097728K
  class space    used 6176K, capacity 6411K, committed 6528K, reserved 1048576K
Event: 11.951 GC heap after
Heap after GC invocations=5 (full 2):
 PSYoungGen      total 611840K, used 25872K [0x00000000d5580000, 0x0000000100000000, 0x0000000100000000)
  eden space 524800K, 0% used [0x00000000d5580000,0x00000000d5580000,0x00000000f5600000)
  from space 87040K, 29% used [0x00000000f5600000,0x00000000f6f44308,0x00000000fab00000)
  to   space 87040K, 0% used [0x00000000fab00000,0x00000000fab00000,0x0000000100000000)
 ParOldGen       total 1398272K, used 23864K [0x0000000080000000, 0x00000000d5580000, 0x00000000d5580000)
  object space 1398272K, 1% used [0x0000000080000000,0x000000008174e0d8,0x00000000d5580000)
 Metaspace       used 52600K, capacity 53870K, committed 54144K, reserved 1097728K
  class space    used 6176K, capacity 6411K, committed 6528K, reserved 1048576K
}
Event: 12.711 GC heap before
{Heap before GC invocations=6 (full 2):
 PSYoungGen      total 611840K, used 178422K [0x00000000d5580000, 0x0000000100000000, 0x0000000100000000)
  eden space 524800K, 29% used [0x00000000d5580000,0x00000000dea797a0,0x00000000f5600000)
  from space 87040K, 29% used [0x00000000f5600000,0x00000000f6f44308,0x00000000fab00000)
  to   space 87040K, 0% used [0x00000000fab00000,0x00000000fab00000,0x0000000100000000)
 ParOldGen       total 1398272K, used 23864K [0x0000000080000000, 0x00000000d5580000, 0x00000000d5580000)
  object space 1398272K, 1% used [0x0000000080000000,0x000000008174e0d8,0x00000000d5580000)
 Metaspace       used 57483K, capacity 58872K, committed 59008K, reserved 1101824K
  class space    used 6672K, capacity 6962K, committed 7040K, reserved 1048576K
Event: 12.742 GC heap after
Heap after GC invocations=6 (full 2):
 PSYoungGen      total 611840K, used 16787K [0x00000000d5580000, 0x0000000100000000, 0x0000000100000000)
  eden space 524800K, 0% used [0x00000000d5580000,0x00000000d5580000,0x00000000f5600000)
  from space 87040K, 19% used [0x00000000fab00000,0x00000000fbb64cd0,0x0000000100000000)
  to   space 87040K, 0% used [0x00000000f5600000,0x00000000f5600000,0x00000000fab00000)
 ParOldGen       total 1398272K, used 23872K [0x0000000080000000, 0x00000000d5580000, 0x00000000d5580000)
  object space 1398272K, 1% used [0x0000000080000000,0x00000000817500d8,0x00000000d5580000)
 Metaspace       used 57483K, capacity 58872K, committed 59008K, reserved 1101824K
  class space    used 6672K, capacity 6962K, committed 7040K, reserved 1048576K
}
Event: 12.742 GC heap before
{Heap before GC invocations=7 (full 3):
 PSYoungGen      total 611840K, used 16787K [0x00000000d5580000, 0x0000000100000000, 0x0000000100000000)
  eden space 524800K, 0% used [0x00000000d5580000,0x00000000d5580000,0x00000000f5600000)
  from space 87040K, 19% used [0x00000000fab00000,0x00000000fbb64cd0,0x0000000100000000)
  to   space 87040K, 0% used [0x00000000f5600000,0x00000000f5600000,0x00000000fab00000)
 ParOldGen       total 1398272K, used 23872K [0x0000000080000000, 0x00000000d5580000, 0x00000000d5580000)
  object space 1398272K, 1% used [0x0000000080000000,0x00000000817500d8,0x00000000d5580000)
 Metaspace       used 57483K, capacity 58872K, committed 59008K, reserved 1101824K
  class space    used 6672K, capacity 6962K, committed 7040K, reserved 1048576K
Event: 13.025 GC heap after
Heap after GC invocations=7 (full 3):
 PSYoungGen      total 611840K, used 0K [0x00000000d5580000, 0x0000000100000000, 0x0000000100000000)
  eden space 524800K, 0% used [0x00000000d5580000,0x00000000d5580000,0x00000000f5600000)
  from space 87040K, 0% used [0x00000000fab00000,0x00000000fab00000,0x0000000100000000)
  to   space 87040K, 0% used [0x00000000f5600000,0x00000000f5600000,0x00000000fab00000)
 ParOldGen       total 1398272K, used 28714K [0x0000000080000000, 0x00000000d5580000, 0x00000000d5580000)
  object space 1398272K, 2% used [0x0000000080000000,0x0000000081c0a818,0x00000000d5580000)
 Metaspace       used 57460K, capacity 58822K, committed 59008K, reserved 1101824K
  class space    used 6664K, capacity 6947K, committed 7040K, reserved 1048576K
}

