# JRE version: OpenJDK Runtime Environment (8.0_212-b04) (build 1.8.0_212-b04)
# Java VM: OpenJDK 64-Bit Server VM (25.212-b04 mixed mode linux-amd64 compressed oops)
Heap:
 PSYoungGen      total 611840K, used 206186K [0x00000000d5580000, 0x0000000100000000, 0x0000000100000000)
  eden space 524800K, 39% used [0x00000000d5580000,0x00000000e1edaa68,0x00000000f5600000)
  from space 87040K, 0% used [0x00000000f5600000,0x00000000f5600000,0x00000000fab00000)
  to   space 87040K, 0% used [0x00000000fab00000,0x00000000fab00000,0x0000000100000000)
 ParOldGen       total 1398272K, used 44795K [0x0000000080000000, 0x00000000d5580000, 0x00000000d5580000)
  object space 1398272K, 3% used [0x0000000080000000,0x0000000082bbed90,0x00000000d5580000)
 Metaspace       used 63909K, capacity 66398K, committed 66432K, reserved 1107968K
  class space    used 7352K, capacity 7803K, committed 7808K, reserved 1048576K
GC Heap History (10 events):
Event: 2.343 GC heap before
{Heap before GC invocations=2 (full 1):
 PSYoungGen      total 611840K, used 14268K [0x00000000d5580000, 0x0000000100000000, 0x0000000100000000)
  eden space 524800K, 0% used [0x00000000d5580000,0x00000000d5580000,0x00000000f5600000)
  from space 87040K, 16% used [0x00000000f5600000,0x00000000f63ef010,0x00000000fab00000)
  to   space 87040K, 0% used [0x00000000fab00000,0x00000000fab00000,0x0000000100000000)
 ParOldGen       total 1398272K, used 80K [0x0000000080000000, 0x00000000d5580000, 0x00000000d5580000)
  object space 1398272K, 0% used [0x0000000080000000,0x0000000080014010,0x00000000d5580000)
 Metaspace       used 20819K, capacity 21106K, committed 21248K, reserved 1069056K
  class space    used 2364K, capacity 2482K, committed 2560K, reserved 1048576K
Event: 2.444 GC heap after
Heap after GC invocations=2 (full 1):
 PSYoungGen      total 611840K, used 0K [0x00000000d5580000, 0x0000000100000000, 0x0000000100000000)
  eden space 524800K, 0% used [0x00000000d5580000,0x00000000d5580000,0x00000000f5600000)
  from space 87040K, 0% used [0x00000000f5600000,0x00000000f5600000,0x00000000fab00000)
  to   space 87040K, 0% used [0x00000000fab00000,0x00000000fab00000,0x0000000100000000)
 ParOldGen       total 913920K, used 13738K [0x0000000080000000, 0x00000000b7c80000, 0x00000000d5580000)
  object space 913920K, 1% used [0x0000000080000000,0x0000000080d6aa68,0x00000000b7c80000)
 Metaspace       used 20819K, capacity 21106K, committed 21248K, reserved 1069056K
  class space    used 2364K, capacity 2482K, committed 2560K, reserved 1048576K
}
Event: 4.864 GC heap before
{Heap before GC invocations=3 (full 1):
 PSYoungGen      total 611840K, used 445492K [0x00000000d5580000, 0x0000000100000000, 0x0000000100000000)
  eden space 524800K, 84% used [0x00000000d5580000,0x00000000f088d0c8,0x00000000f5600000)
  from space 87040K, 0% used [0x00000000f5600000,0x00000000f5600000,0x00000000fab00000)
  to   space 87040K, 0% used [0x00000000fab00000,0x00000000fab00000,0x0000000100000000)
 ParOldGen       total 913920K, used 13738K [0x0000000080000000, 0x00000000b7c80000, 0x00000000d5580000)
  object space 913920K, 1% used [0x0000000080000000,0x0000000080d6aa68,0x00000000b7c80000)
 Metaspace       used 34776K, capacity 35182K, committed 35416K, reserved 1081344K
  class space    used 3973K, capacity 4091K, committed 4096K, reserved 1048576K
Event: 4.904 GC heap after
Heap after GC invocations=3 (full 1):
 PSYoungGen      total 611840K, used 19186K [0x00000000d5580000, 0x0000000100000000, 0x0000000100000000)
  eden space 524800K, 0% used [0x00000000d5580000,0x00000000d5580000,0x00000000f5600000)
  from space 87040K, 22% used [0x00000000fab00000,0x00000000fbdbc898,0x0000000100000000)
  to   space 87040K, 0% used [0x00000000f5600000,0x00000000f5600000,0x00000000fab00000)
 ParOldGen       total 913920K, used 13746K [0x0000000080000000, 0x00000000b7c80000, 0x00000000d5580000)
  object space 913920K, 1% used [0x0000000080000000,0x0000000080d6ca68,0x00000000b7c80000)
 Metaspace       used 34776K, capacity 35182K, committed 35416K, reserved 1081344K
  class space    used 3973K, capacity 4091K, committed 4096K, reserved 1048576K
}
Event: 4.904 GC heap before
{Heap before GC invocations=4 (full 2):
 PSYoungGen      total 611840K, used 19186K [0x00000000d5580000, 0x0000000100000000, 0x0000000100000000)
  eden space 524800K, 0% used [0x00000000d5580000,0x00000000d5580000,0x00000000f5600000)
  from space 87040K, 22% used [0x00000000fab00000,0x00000000fbdbc898,0x0000000100000000)
  to   space 87040K, 0% used [0x00000000f5600000,0x00000000f5600000,0x00000000fab00000)
 ParOldGen       total 913920K, used 13746K [0x0000000080000000, 0x00000000b7c80000, 0x00000000d5580000)
  object space 913920K, 1% used [0x0000000080000000,0x0000000080d6ca68,0x00000000b7c80000)
 Metaspace       used 34776K, capacity 35182K, committed 35416K, reserved 1081344K
  class space    used 3973K, capacity 4091K, committed 4096K, reserved 1048576K
Event: 5.013 GC heap after
Heap after GC invocations=4 (full 2):
 PSYoungGen      total 611840K, used 0K [0x00000000d5580000, 0x0000000100000000, 0x0000000100000000)
  eden space 524800K, 0% used [0x00000000d5580000,0x00000000d5580000,0x00000000f5600000)
  from space 87040K, 0% used [0x00000000fab00000,0x00000000fab00000,0x0000000100000000)
  to   space 87040K, 0% used [0x00000000f5600000,0x00000000f5600000,0x00000000fab00000)
 ParOldGen       total 1398272K, used 23564K [0x0000000080000000, 0x00000000d5580000, 0x00000000d5580000)
  object space 1398272K, 1% used [0x0000000080000000,0x00000000817031c8,0x00000000d5580000)
 Metaspace       used 34776K, capacity 35182K, committed 35416K, reserved 1081344K
  class space    used 3973K, capacity 4091K, committed 4096K, reserved 1048576K
}
Event: 12.144 GC heap before
{Heap before GC invocations=5 (full 2):
 PSYoungGen      total 611840K, used 496103K [0x00000000d5580000, 0x0000000100000000, 0x0000000100000000)
  eden space 524800K, 94% used [0x00000000d5580000,0x00000000f39f9f10,0x00000000f5600000)
  from space 87040K, 0% used [0x00000000fab00000,0x00000000fab00000,0x0000000100000000)
  to   space 87040K, 0% used [0x00000000f5600000,0x00000000f5600000,0x00000000fab00000)
 ParOldGen       total 1398272K, used 23564K [0x0000000080000000, 0x00000000d5580000, 0x00000000d5580000)
  object space 1398272K, 1% used [0x0000000080000000,0x00000000817031c8,0x00000000d5580000)
 Metaspace       used 57526K, capacity 58870K, committed 59008K, reserved 1101824K
  class space    used 6652K, capacity 6935K, committed 7040K, reserved 1048576K
Event: 12.255 GC heap after
Heap after GC invocations=5 (full 2):
 PSYoungGen      total 611840K, used 34227K [0x00000000d5580000, 0x0000000100000000, 0x0000000100000000)
  eden space 524800K, 0% used [0x00000000d5580000,0x00000000d5580000,0x00000000f5600000)
  from space 87040K, 39% used [0x00000000f5600000,0x00000000f776cc98,0x00000000fab00000)
  to   space 87040K, 0% used [0x00000000fab00000,0x00000000fab00000,0x0000000100000000)
 ParOldGen       total 1398272K, used 23572K [0x0000000080000000, 0x00000000d5580000, 0x00000000d5580000)
  object space 1398272K, 1% used [0x0000000080000000,0x00000000817051c8,0x00000000d5580000)
 Metaspace       used 57526K, capacity 58870K, committed 59008K, reserved 1101824K
  class space    used 6652K, capacity 6935K, committed 7040K, reserved 1048576K
}
Event: 12.255 GC heap before
{Heap before GC invocations=6 (full 3):
 PSYoungGen      total 611840K, used 34227K [0x00000000d5580000, 0x0000000100000000, 0x0000000100000000)
  eden space 524800K, 0% used [0x00000000d5580000,0x00000000d5580000,0x00000000f5600000)
  from space 87040K, 39% used [0x00000000f5600000,0x00000000f776cc98,0x00000000fab00000)
  to   space 87040K, 0% used [0x00000000fab00000,0x00000000fab00000,0x0000000100000000)
 ParOldGen       total 1398272K, used 23572K [0x0000000080000000, 0x00000000d5580000, 0x00000000d5580000)
  object space 1398272K, 1% used [0x0000000080000000,0x00000000817051c8,0x00000000d5580000)
 Metaspace       used 57526K, capacity 58870K, committed 59008K, reserved 1101824K
  class space    used 6652K, capacity 6935K, committed 7040K, reserved 1048576K
Event: 12.551 GC heap after
Heap after GC invocations=6 (full 3):
 PSYoungGen      total 611840K, used 0K [0x00000000d5580000, 0x0000000100000000, 0x0000000100000000)
  eden space 524800K, 0% used [0x00000000d5580000,0x00000000d5580000,0x00000000f5600000)
  from space 87040K, 0% used [0x00000000f5600000,0x00000000f5600000,0x00000000fab00000)
  to   space 87040K, 0% used [0x00000000fab00000,0x00000000fab00000,0x0000000100000000)
 ParOldGen       total 1398272K, used 44795K [0x0000000080000000, 0x00000000d5580000, 0x00000000d5580000)
  object space 1398272K, 3% used [0x0000000080000000,0x0000000082bbed90,0x00000000d5580000)
 Metaspace       used 57496K, capacity 58802K, committed 59008K, reserved 1101824K
  class space    used 6641K, capacity 6917K, committed 7040K, reserved 1048576K
}

