# JRE version: OpenJDK Runtime Environment (8.0_212-b04) (build 1.8.0_212-b04)
# Java VM: OpenJDK 64-Bit Server VM (25.212-b04 mixed mode linux-amd64 compressed oops)
Heap:
 PSYoungGen      total 611840K, used 332433K [0x00000000d5580000, 0x0000000100000000, 0x0000000100000000)
  eden space 524800K, 63% used [0x00000000d5580000,0x00000000e9a244a8,0x00000000f5600000)
  from space 87040K, 0% used [0x00000000fab00000,0x00000000fab00000,0x0000000100000000)
  to   space 87040K, 0% used [0x00000000f5600000,0x00000000f5600000,0x00000000fab00000)
 ParOldGen       total 1398272K, used 23581K [0x0000000080000000, 0x00000000d5580000, 0x00000000d5580000)
  object space 1398272K, 1% used [0x0000000080000000,0x00000000817077c0,0x00000000d5580000)
 Metaspace       used 53938K, capacity 55266K, committed 55552K, reserved 1097728K
  class space    used 6314K, capacity 6579K, committed 6656K, reserved 1048576K
GC Heap History (8 events):
Event: 2.157 GC heap before
{Heap before GC invocations=1 (full 0):
 PSYoungGen      total 611840K, used 209921K [0x00000000d5580000, 0x0000000100000000, 0x0000000100000000)
  eden space 524800K, 40% used [0x00000000d5580000,0x00000000e2280778,0x00000000f5600000)
  from space 87040K, 0% used [0x00000000fab00000,0x00000000fab00000,0x0000000100000000)
  to   space 87040K, 0% used [0x00000000f5600000,0x00000000f5600000,0x00000000fab00000)
 ParOldGen       total 1398272K, used 0K [0x0000000080000000, 0x00000000d5580000, 0x00000000d5580000)
  object space 1398272K, 0% used [0x0000000080000000,0x0000000080000000,0x00000000d5580000)
 Metaspace       used 20809K, capacity 21074K, committed 21248K, reserved 1069056K
  class space    used 2363K, capacity 2450K, committed 2560K, reserved 1048576K
Event: 2.185 GC heap after
Heap after GC invocations=1 (full 0):
 PSYoungGen      total 611840K, used 14231K [0x00000000d5580000, 0x0000000100000000, 0x0000000100000000)
  eden space 524800K, 0% used [0x00000000d5580000,0x00000000d5580000,0x00000000f5600000)
  from space 87040K, 16% used [0x00000000f5600000,0x00000000f63e5ca8,0x00000000fab00000)
  to   space 87040K, 0% used [0x00000000fab00000,0x00000000fab00000,0x0000000100000000)
 ParOldGen       total 1398272K, used 80K [0x0000000080000000, 0x00000000d5580000, 0x00000000d5580000)
  object space 1398272K, 0% used [0x0000000080000000,0x0000000080014010,0x00000000d5580000)
 Metaspace       used 20809K, capacity 21074K, committed 21248K, reserved 1069056K
  class space    used 2363K, capacity 2450K, committed 2560K, reserved 1048576K
}
Event: 2.185 GC heap before
{Heap before GC invocations=2 (full 1):
 PSYoungGen      total 611840K, used 14231K [0x00000000d5580000, 0x0000000100000000, 0x0000000100000000)
  eden space 524800K, 0% used [0x00000000d5580000,0x00000000d5580000,0x00000000f5600000)
  from space 87040K, 16% used [0x00000000f5600000,0x00000000f63e5ca8,0x00000000fab00000)
  to   space 87040K, 0% used [0x00000000fab00000,0x00000000fab00000,0x0000000100000000)
 ParOldGen       total 1398272K, used 80K [0x0000000080000000, 0x00000000d5580000, 0x00000000d5580000)
  object space 1398272K, 0% used [0x0000000080000000,0x0000000080014010,0x00000000d5580000)
 Metaspace       used 20809K, capacity 21074K, committed 21248K, reserved 1069056K
  class space    used 2363K, capacity 2450K, committed 2560K, reserved 1048576K
Event: 2.270 GC heap after
Heap after GC invocations=2 (full 1):
 PSYoungGen      total 611840K, used 0K [0x00000000d5580000, 0x0000000100000000, 0x0000000100000000)
  eden space 524800K, 0% used [0x00000000d5580000,0x00000000d5580000,0x00000000f5600000)
  from space 87040K, 0% used [0x00000000f5600000,0x00000000f5600000,0x00000000fab00000)
  to   space 87040K, 0% used [0x00000000fab00000,0x00000000fab00000,0x0000000100000000)
 ParOldGen       total 933888K, used 13710K [0x0000000080000000, 0x00000000b9000000, 0x00000000d5580000)
  object space 933888K, 1% used [0x0000000080000000,0x0000000080d63b50,0x00000000b9000000)
 Metaspace       used 20809K, capacity 21074K, committed 21248K, reserved 1069056K
  class space    used 2363K, capacity 2450K, committed 2560K, reserved 1048576K
}
Event: 4.369 GC heap before
{Heap before GC invocations=3 (full 1):
 PSYoungGen      total 611840K, used 434675K [0x00000000d5580000, 0x0000000100000000, 0x0000000100000000)
  eden space 524800K, 82% used [0x00000000d5580000,0x00000000efdfcc30,0x00000000f5600000)
  from space 87040K, 0% used [0x00000000f5600000,0x00000000f5600000,0x00000000fab00000)
  to   space 87040K, 0% used [0x00000000fab00000,0x00000000fab00000,0x0000000100000000)
 ParOldGen       total 933888K, used 13710K [0x0000000080000000, 0x00000000b9000000, 0x00000000d5580000)
  object space 933888K, 1% used [0x0000000080000000,0x0000000080d63b50,0x00000000b9000000)
 Metaspace       used 34743K, capacity 35118K, committed 35416K, reserved 1081344K
  class space    used 3976K, capacity 4091K, committed 4096K, reserved 1048576K
Event: 4.398 GC heap after
Heap after GC invocations=3 (full 1):
 PSYoungGen      total 611840K, used 19264K [0x00000000d5580000, 0x0000000100000000, 0x0000000100000000)
  eden space 524800K, 0% used [0x00000000d5580000,0x00000000d5580000,0x00000000f5600000)
  from space 87040K, 22% used [0x00000000fab00000,0x00000000fbdd0180,0x0000000100000000)
  to   space 87040K, 0% used [0x00000000f5600000,0x00000000f5600000,0x00000000fab00000)
 ParOldGen       total 933888K, used 13710K [0x0000000080000000, 0x00000000b9000000, 0x00000000d5580000)
  object space 933888K, 1% used [0x0000000080000000,0x0000000080d63b50,0x00000000b9000000)
 Metaspace       used 34743K, capacity 35118K, committed 35416K, reserved 1081344K
  class space    used 3976K, capacity 4091K, committed 4096K, reserved 1048576K
}
Event: 4.398 GC heap before
{Heap before GC invocations=4 (full 2):
 PSYoungGen      total 611840K, used 19264K [0x00000000d5580000, 0x0000000100000000, 0x0000000100000000)
  eden space 524800K, 0% used [0x00000000d5580000,0x00000000d5580000,0x00000000f5600000)
  from space 87040K, 22% used [0x00000000fab00000,0x00000000fbdd0180,0x0000000100000000)
  to   space 87040K, 0% used [0x00000000f5600000,0x00000000f5600000,0x00000000fab00000)
 ParOldGen       total 933888K, used 13710K [0x0000000080000000, 0x00000000b9000000, 0x00000000d5580000)
  object space 933888K, 1% used [0x0000000080000000,0x0000000080d63b50,0x00000000b9000000)
 Metaspace       used 34743K, capacity 35118K, committed 35416K, reserved 1081344K
  class space    used 3976K, capacity 4091K, committed 4096K, reserved 1048576K
Event: 4.516 GC heap after
Heap after GC invocations=4 (full 2):
 PSYoungGen      total 611840K, used 0K [0x00000000d5580000, 0x0000000100000000, 0x0000000100000000)
  eden space 524800K, 0% used [0x00000000d5580000,0x00000000d5580000,0x00000000f5600000)
  from space 87040K, 0% used [0x00000000fab00000,0x00000000fab00000,0x0000000100000000)
  to   space 87040K, 0% used [0x00000000f5600000,0x00000000f5600000,0x00000000fab00000)
 ParOldGen       total 1398272K, used 23581K [0x0000000080000000, 0x00000000d5580000, 0x00000000d5580000)
  object space 1398272K, 1% used [0x0000000080000000,0x00000000817077c0,0x00000000d5580000)
 Metaspace       used 34743K, capacity 35118K, committed 35416K, reserved 1081344K
  class space    used 3976K, capacity 4091K, committed 4096K, reserved 1048576K
}

