-------------------------------------------------------------------------------
Test set: org.apache.hadoop.hdds.scm.pipeline.TestPipelinePlacementPolicy
-------------------------------------------------------------------------------
Tests run: 3, Failures: 1, Errors: 0, Skipped: 0, Time elapsed: 0.62 s <<< FAILURE! - in org.apache.hadoop.hdds.scm.pipeline.TestPipelinePlacementPolicy
testHeavyNodeShouldBeExcluded(org.apache.hadoop.hdds.scm.pipeline.TestPipelinePlacementPolicy)  Time elapsed: 0.049 s  <<< FAILURE!
java.lang.AssertionError: expected null, but was:<[7224e89e-2f53-46c3-be23-b7f751b243fc{ip: 170.26.180.152, host: localhost-170.26.180.152, networkLocation: /default-rack, certSerialId: null}, a7c22167-dea0-438d-94e7-765fb6984274{ip: 33.79.253.181, host: localhost-33.79.253.181, networkLocation: /default-rack, certSerialId: null}, 8dd2136b-94b2-42dd-ab78-192948018066{ip: 154.75.226.158, host: localhost-154.75.226.158, networkLocation: /default-rack, certSerialId: null}, 1dd1fa1c-97ed-41ff-9d3d-33f07636cba9{ip: 192.128.4.236, host: localhost-192.128.4.236, networkLocation: /default-rack, certSerialId: null}]>
	at org.junit.Assert.fail(Assert.java:88)
	at org.junit.Assert.failNotNull(Assert.java:664)
	at org.junit.Assert.assertNull(Assert.java:646)
	at org.junit.Assert.assertNull(Assert.java:656)
	at org.apache.hadoop.hdds.scm.pipeline.TestPipelinePlacementPolicy.testHeavyNodeShouldBeExcluded(TestPipelinePlacementPolicy.java:155)
	at sun.reflect.NativeMethodAccessorImpl.invoke0(Native Method)
	at sun.reflect.NativeMethodAccessorImpl.invoke(NativeMethodAccessorImpl.java:62)
	at sun.reflect.DelegatingMethodAccessorImpl.invoke(DelegatingMethodAccessorImpl.java:43)
	at java.lang.reflect.Method.invoke(Method.java:498)
	at org.junit.runners.model.FrameworkMethod$1.runReflectiveCall(FrameworkMethod.java:47)
	at org.junit.internal.runners.model.ReflectiveCallable.run(ReflectiveCallable.java:12)
	at org.junit.runners.model.FrameworkMethod.invokeExplosively(FrameworkMethod.java:44)
	at org.junit.internal.runners.statements.InvokeMethod.evaluate(InvokeMethod.java:17)
	at org.junit.internal.runners.statements.RunBefores.evaluate(RunBefores.java:26)
	at org.junit.runners.ParentRunner.runLeaf(ParentRunner.java:271)
	at org.junit.runners.BlockJUnit4ClassRunner.runChild(BlockJUnit4ClassRunner.java:70)
	at org.junit.runners.BlockJUnit4ClassRunner.runChild(BlockJUnit4ClassRunner.java:50)
	at org.junit.runners.ParentRunner$3.run(ParentRunner.java:238)
	at org.junit.runners.ParentRunner$1.schedule(ParentRunner.java:63)
	at org.junit.runners.ParentRunner.runChildren(ParentRunner.java:236)
	at org.junit.runners.ParentRunner.access$000(ParentRunner.java:53)
	at org.junit.runners.ParentRunner$2.evaluate(ParentRunner.java:229)
	at org.junit.runners.ParentRunner.run(ParentRunner.java:309)
	at org.apache.maven.surefire.junit4.JUnit4Provider.execute(JUnit4Provider.java:365)
	at org.apache.maven.surefire.junit4.JUnit4Provider.executeWithRerun(JUnit4Provider.java:273)
	at org.apache.maven.surefire.junit4.JUnit4Provider.executeTestSet(JUnit4Provider.java:238)
	at org.apache.maven.surefire.junit4.JUnit4Provider.invoke(JUnit4Provider.java:159)
	at org.apache.maven.surefire.booter.ForkedBooter.invokeProviderInSameClassLoader(ForkedBooter.java:384)
	at org.apache.maven.surefire.booter.ForkedBooter.runSuitesInProcess(ForkedBooter.java:345)
	at org.apache.maven.surefire.booter.ForkedBooter.execute(ForkedBooter.java:126)
	at org.apache.maven.surefire.booter.ForkedBooter.main(ForkedBooter.java:418)

