-------------------------------------------------------------------------------
Test set: org.apache.hadoop.hdds.scm.pipeline.TestPipelinePlacementPolicy
-------------------------------------------------------------------------------
Tests run: 3, Failures: 1, Errors: 0, Skipped: 0, Time elapsed: 0.66 s <<< FAILURE! - in org.apache.hadoop.hdds.scm.pipeline.TestPipelinePlacementPolicy
testHeavyNodeShouldBeExcluded(org.apache.hadoop.hdds.scm.pipeline.TestPipelinePlacementPolicy)  Time elapsed: 0.058 s  <<< FAILURE!
java.lang.AssertionError: expected null, but was:<[f7e43ffd-9605-45c2-9093-ab3be4d28cb6{ip: 77.243.231.113, host: localhost-77.243.231.113, networkLocation: /default-rack, certSerialId: null}, 69b9ce13-6e2e-49b7-a124-d5227cd5ec9c{ip: 55.138.22.40, host: localhost-55.138.22.40, networkLocation: /default-rack, certSerialId: null}, a61ff02c-12f1-412a-8d43-631645f9b5be{ip: 119.5.101.132, host: localhost-119.5.101.132, networkLocation: /default-rack, certSerialId: null}, 90444a08-97a5-4950-a8f8-5f5ff27093d2{ip: 33.25.98.42, host: localhost-33.25.98.42, networkLocation: /default-rack, certSerialId: null}]>
	at org.junit.Assert.fail(Assert.java:88)
	at org.junit.Assert.failNotNull(Assert.java:664)
	at org.junit.Assert.assertNull(Assert.java:646)
	at org.junit.Assert.assertNull(Assert.java:656)
	at org.apache.hadoop.hdds.scm.pipeline.TestPipelinePlacementPolicy.testHeavyNodeShouldBeExcluded(TestPipelinePlacementPolicy.java:155)
	at sun.reflect.NativeMethodAccessorImpl.invoke0(Native Method)
	at sun.reflect.NativeMethodAccessorImpl.invoke(NativeMethodAccessorImpl.java:62)
	at sun.reflect.DelegatingMethodAccessorImpl.invoke(DelegatingMethodAccessorImpl.java:43)
	at java.lang.reflect.Method.invoke(Method.java:498)
	at org.junit.runners.model.FrameworkMethod$1.runReflectiveCall(FrameworkMethod.java:47)
	at org.junit.internal.runners.model.ReflectiveCallable.run(ReflectiveCallable.java:12)
	at org.junit.runners.model.FrameworkMethod.invokeExplosively(FrameworkMethod.java:44)
	at org.junit.internal.runners.statements.InvokeMethod.evaluate(InvokeMethod.java:17)
	at org.junit.internal.runners.statements.RunBefores.evaluate(RunBefores.java:26)
	at org.junit.runners.ParentRunner.runLeaf(ParentRunner.java:271)
	at org.junit.runners.BlockJUnit4ClassRunner.runChild(BlockJUnit4ClassRunner.java:70)
	at org.junit.runners.BlockJUnit4ClassRunner.runChild(BlockJUnit4ClassRunner.java:50)
	at org.junit.runners.ParentRunner$3.run(ParentRunner.java:238)
	at org.junit.runners.ParentRunner$1.schedule(ParentRunner.java:63)
	at org.junit.runners.ParentRunner.runChildren(ParentRunner.java:236)
	at org.junit.runners.ParentRunner.access$000(ParentRunner.java:53)
	at org.junit.runners.ParentRunner$2.evaluate(ParentRunner.java:229)
	at org.junit.runners.ParentRunner.run(ParentRunner.java:309)
	at org.apache.maven.surefire.junit4.JUnit4Provider.execute(JUnit4Provider.java:365)
	at org.apache.maven.surefire.junit4.JUnit4Provider.executeWithRerun(JUnit4Provider.java:273)
	at org.apache.maven.surefire.junit4.JUnit4Provider.executeTestSet(JUnit4Provider.java:238)
	at org.apache.maven.surefire.junit4.JUnit4Provider.invoke(JUnit4Provider.java:159)
	at org.apache.maven.surefire.booter.ForkedBooter.invokeProviderInSameClassLoader(ForkedBooter.java:384)
	at org.apache.maven.surefire.booter.ForkedBooter.runSuitesInProcess(ForkedBooter.java:345)
	at org.apache.maven.surefire.booter.ForkedBooter.execute(ForkedBooter.java:126)
	at org.apache.maven.surefire.booter.ForkedBooter.main(ForkedBooter.java:418)

