# JRE version: OpenJDK Runtime Environment (8.0_212-b04) (build 1.8.0_212-b04)
# Java VM: OpenJDK 64-Bit Server VM (25.212-b04 mixed mode linux-amd64 compressed oops)
Heap:
 PSYoungGen      total 609792K, used 133866K [0x00000000d5580000, 0x0000000100000000, 0x0000000100000000)
  eden space 520704K, 8% used [0x00000000d5580000,0x00000000d813f5e8,0x00000000f5200000)
  from space 89088K, 99% used [0x00000000f5200000,0x00000000fa8fb5d0,0x00000000fa900000)
  to   space 89088K, 0% used [0x00000000fa900000,0x00000000fa900000,0x0000000100000000)
 ParOldGen       total 1398272K, used 49886K [0x0000000080000000, 0x00000000d5580000, 0x00000000d5580000)
  object space 1398272K, 3% used [0x0000000080000000,0x00000000830b7b78,0x00000000d5580000)
 Metaspace       used 69465K, capacity 73476K, committed 73600K, reserved 1114112K
  class space    used 7846K, capacity 8524K, committed 8576K, reserved 1048576K
GC Heap History (10 events):
Event: 14.711 GC heap before
{Heap before GC invocations=6 (full 2):
 PSYoungGen      total 611840K, used 201680K [0x00000000d5580000, 0x0000000100000000, 0x0000000100000000)
  eden space 524800K, 34% used [0x00000000d5580000,0x00000000e0654620,0x00000000f5600000)
  from space 87040K, 23% used [0x00000000f5600000,0x00000000f6a1fc88,0x00000000fab00000)
  to   space 87040K, 0% used [0x00000000fab00000,0x00000000fab00000,0x0000000100000000)
 ParOldGen       total 1398272K, used 23382K [0x0000000080000000, 0x00000000d5580000, 0x00000000d5580000)
  object space 1398272K, 1% used [0x0000000080000000,0x00000000816d5af0,0x00000000d5580000)
 Metaspace       used 55613K, capacity 58882K, committed 59008K, reserved 1101824K
  class space    used 6676K, capacity 7217K, committed 7296K, reserved 1048576K
Event: 14.764 GC heap after
Heap after GC invocations=6 (full 2):
 PSYoungGen      total 611840K, used 23643K [0x00000000d5580000, 0x0000000100000000, 0x0000000100000000)
  eden space 524800K, 0% used [0x00000000d5580000,0x00000000d5580000,0x00000000f5600000)
  from space 87040K, 27% used [0x00000000fab00000,0x00000000fc216cf0,0x0000000100000000)
  to   space 87040K, 0% used [0x00000000f5600000,0x00000000f5600000,0x00000000fab00000)
 ParOldGen       total 1398272K, used 23390K [0x0000000080000000, 0x00000000d5580000, 0x00000000d5580000)
  object space 1398272K, 1% used [0x0000000080000000,0x00000000816d7af0,0x00000000d5580000)
 Metaspace       used 55613K, capacity 58882K, committed 59008K, reserved 1101824K
  class space    used 6676K, capacity 7217K, committed 7296K, reserved 1048576K
}
Event: 14.764 GC heap before
{Heap before GC invocations=7 (full 3):
 PSYoungGen      total 611840K, used 23643K [0x00000000d5580000, 0x0000000100000000, 0x0000000100000000)
  eden space 524800K, 0% used [0x00000000d5580000,0x00000000d5580000,0x00000000f5600000)
  from space 87040K, 27% used [0x00000000fab00000,0x00000000fc216cf0,0x0000000100000000)
  to   space 87040K, 0% used [0x00000000f5600000,0x00000000f5600000,0x00000000fab00000)
 ParOldGen       total 1398272K, used 23390K [0x0000000080000000, 0x00000000d5580000, 0x00000000d5580000)
  object space 1398272K, 1% used [0x0000000080000000,0x00000000816d7af0,0x00000000d5580000)
 Metaspace       used 55613K, capacity 58882K, committed 59008K, reserved 1101824K
  class space    used 6676K, capacity 7217K, committed 7296K, reserved 1048576K
Event: 15.071 GC heap after
Heap after GC invocations=7 (full 3):
 PSYoungGen      total 611840K, used 0K [0x00000000d5580000, 0x0000000100000000, 0x0000000100000000)
  eden space 524800K, 0% used [0x00000000d5580000,0x00000000d5580000,0x00000000f5600000)
  from space 87040K, 0% used [0x00000000fab00000,0x00000000fab00000,0x0000000100000000)
  to   space 87040K, 0% used [0x00000000f5600000,0x00000000f5600000,0x00000000fab00000)
 ParOldGen       total 1398272K, used 34883K [0x0000000080000000, 0x00000000d5580000, 0x00000000d5580000)
  object space 1398272K, 2% used [0x0000000080000000,0x0000000082210fa8,0x00000000d5580000)
 Metaspace       used 54594K, capacity 56044K, committed 59008K, reserved 1101824K
  class space    used 6334K, capacity 6612K, committed 7296K, reserved 1048576K
}
Event: 32.940 GC heap before
{Heap before GC invocations=8 (full 3):
 PSYoungGen      total 611840K, used 524800K [0x00000000d5580000, 0x0000000100000000, 0x0000000100000000)
  eden space 524800K, 100% used [0x00000000d5580000,0x00000000f5600000,0x00000000f5600000)
  from space 87040K, 0% used [0x00000000fab00000,0x00000000fab00000,0x0000000100000000)
  to   space 87040K, 0% used [0x00000000f5600000,0x00000000f5600000,0x00000000fab00000)
 ParOldGen       total 1398272K, used 34883K [0x0000000080000000, 0x00000000d5580000, 0x00000000d5580000)
  object space 1398272K, 2% used [0x0000000080000000,0x0000000082210fa8,0x00000000d5580000)
 Metaspace       used 65919K, capacity 69438K, committed 69760K, reserved 1110016K
  class space    used 7607K, capacity 8201K, committed 8320K, reserved 1048576K
Event: 33.174 GC heap after
Heap after GC invocations=8 (full 3):
 PSYoungGen      total 611840K, used 87009K [0x00000000d5580000, 0x00000000ff400000, 0x0000000100000000)
  eden space 524800K, 0% used [0x00000000d5580000,0x00000000d5580000,0x00000000f5600000)
  from space 87040K, 99% used [0x00000000f5600000,0x00000000faaf8630,0x00000000fab00000)
  to   space 74752K, 0% used [0x00000000fab00000,0x00000000fab00000,0x00000000ff400000)
 ParOldGen       total 1398272K, used 48729K [0x0000000080000000, 0x00000000d5580000, 0x00000000d5580000)
  object space 1398272K, 3% used [0x0000000080000000,0x0000000082f96610,0x00000000d5580000)
 Metaspace       used 65919K, capacity 69438K, committed 69760K, reserved 1110016K
  class space    used 7607K, capacity 8201K, committed 8320K, reserved 1048576K
}
Event: 42.701 GC heap before
{Heap before GC invocations=9 (full 3):
 PSYoungGen      total 611840K, used 611809K [0x00000000d5580000, 0x00000000ff400000, 0x0000000100000000)
  eden space 524800K, 100% used [0x00000000d5580000,0x00000000f5600000,0x00000000f5600000)
  from space 87040K, 99% used [0x00000000f5600000,0x00000000faaf8630,0x00000000fab00000)
  to   space 74752K, 0% used [0x00000000fab00000,0x00000000fab00000,0x00000000ff400000)
 ParOldGen       total 1398272K, used 48729K [0x0000000080000000, 0x00000000d5580000, 0x00000000d5580000)
  object space 1398272K, 3% used [0x0000000080000000,0x0000000082f96610,0x00000000d5580000)
 Metaspace       used 67467K, capacity 71256K, committed 71424K, reserved 1112064K
  class space    used 7730K, capacity 8362K, committed 8448K, reserved 1048576K
Event: 42.817 GC heap after
Heap after GC invocations=9 (full 3):
 PSYoungGen      total 595456K, used 63030K [0x00000000d5580000, 0x0000000100000000, 0x0000000100000000)
  eden space 520704K, 0% used [0x00000000d5580000,0x00000000d5580000,0x00000000f5200000)
  from space 74752K, 84% used [0x00000000fab00000,0x00000000fe88dad0,0x00000000ff400000)
  to   space 89088K, 0% used [0x00000000f5200000,0x00000000f5200000,0x00000000fa900000)
 ParOldGen       total 1398272K, used 48737K [0x0000000080000000, 0x00000000d5580000, 0x00000000d5580000)
  object space 1398272K, 3% used [0x0000000080000000,0x0000000082f98610,0x00000000d5580000)
 Metaspace       used 67467K, capacity 71256K, committed 71424K, reserved 1112064K
  class space    used 7730K, capacity 8362K, committed 8448K, reserved 1048576K
}
Event: 87.992 GC heap before
{Heap before GC invocations=10 (full 3):
 PSYoungGen      total 595456K, used 583734K [0x00000000d5580000, 0x0000000100000000, 0x0000000100000000)
  eden space 520704K, 100% used [0x00000000d5580000,0x00000000f5200000,0x00000000f5200000)
  from space 74752K, 84% used [0x00000000fab00000,0x00000000fe88dad0,0x00000000ff400000)
  to   space 89088K, 0% used [0x00000000f5200000,0x00000000f5200000,0x00000000fa900000)
 ParOldGen       total 1398272K, used 48737K [0x0000000080000000, 0x00000000d5580000, 0x00000000d5580000)
  object space 1398272K, 3% used [0x0000000080000000,0x0000000082f98610,0x00000000d5580000)
 Metaspace       used 69044K, capacity 72984K, committed 73088K, reserved 1114112K
  class space    used 7818K, capacity 8490K, committed 8576K, reserved 1048576K
Event: 88.186 GC heap after
Heap after GC invocations=10 (full 3):
 PSYoungGen      total 609792K, used 89069K [0x00000000d5580000, 0x0000000100000000, 0x0000000100000000)
  eden space 520704K, 0% used [0x00000000d5580000,0x00000000d5580000,0x00000000f5200000)
  from space 89088K, 99% used [0x00000000f5200000,0x00000000fa8fb5d0,0x00000000fa900000)
  to   space 89088K, 0% used [0x00000000fa900000,0x00000000fa900000,0x0000000100000000)
 ParOldGen       total 1398272K, used 49886K [0x0000000080000000, 0x00000000d5580000, 0x00000000d5580000)
  object space 1398272K, 3% used [0x0000000080000000,0x00000000830b7b78,0x00000000d5580000)
 Metaspace       used 69044K, capacity 72984K, committed 73088K, reserved 1114112K
  class space    used 7818K, capacity 8490K, committed 8576K, reserved 1048576K
}

