# JRE version: OpenJDK Runtime Environment (8.0_212-b04) (build 1.8.0_212-b04)
# Java VM: OpenJDK 64-Bit Server VM (25.212-b04 mixed mode linux-amd64 compressed oops)
Heap:
 PSYoungGen      total 611840K, used 265237K [0x00000000d5580000, 0x0000000100000000, 0x0000000100000000)
  eden space 524800K, 50% used [0x00000000d5580000,0x00000000e5885590,0x00000000f5600000)
  from space 87040K, 0% used [0x00000000f5600000,0x00000000f5600000,0x00000000fab00000)
  to   space 87040K, 0% used [0x00000000fab00000,0x00000000fab00000,0x0000000100000000)
 ParOldGen       total 1398272K, used 41101K [0x0000000080000000, 0x00000000d5580000, 0x00000000d5580000)
  object space 1398272K, 2% used [0x0000000080000000,0x0000000082823678,0x00000000d5580000)
 Metaspace       used 64506K, capacity 67454K, committed 67712K, reserved 1110016K
  class space    used 7465K, capacity 7977K, committed 8064K, reserved 1048576K
GC Heap History (10 events):
Event: 1.961 GC heap before
{Heap before GC invocations=2 (full 1):
 PSYoungGen      total 611840K, used 14154K [0x00000000d5580000, 0x0000000100000000, 0x0000000100000000)
  eden space 524800K, 0% used [0x00000000d5580000,0x00000000d5580000,0x00000000f5600000)
  from space 87040K, 16% used [0x00000000f5600000,0x00000000f63d2898,0x00000000fab00000)
  to   space 87040K, 0% used [0x00000000fab00000,0x00000000fab00000,0x0000000100000000)
 ParOldGen       total 1398272K, used 72K [0x0000000080000000, 0x00000000d5580000, 0x00000000d5580000)
  object space 1398272K, 0% used [0x0000000080000000,0x0000000080012010,0x00000000d5580000)
 Metaspace       used 20803K, capacity 21066K, committed 21248K, reserved 1069056K
  class space    used 2370K, capacity 2464K, committed 2560K, reserved 1048576K
Event: 2.030 GC heap after
Heap after GC invocations=2 (full 1):
 PSYoungGen      total 611840K, used 0K [0x00000000d5580000, 0x0000000100000000, 0x0000000100000000)
  eden space 524800K, 0% used [0x00000000d5580000,0x00000000d5580000,0x00000000f5600000)
  from space 87040K, 0% used [0x00000000f5600000,0x00000000f5600000,0x00000000fab00000)
  to   space 87040K, 0% used [0x00000000fab00000,0x00000000fab00000,0x0000000100000000)
 ParOldGen       total 874496K, used 13629K [0x0000000080000000, 0x00000000b5600000, 0x00000000d5580000)
  object space 874496K, 1% used [0x0000000080000000,0x0000000080d4f740,0x00000000b5600000)
 Metaspace       used 20803K, capacity 21066K, committed 21248K, reserved 1069056K
  class space    used 2370K, capacity 2464K, committed 2560K, reserved 1048576K
}
Event: 4.440 GC heap before
{Heap before GC invocations=3 (full 1):
 PSYoungGen      total 611840K, used 403489K [0x00000000d5580000, 0x0000000100000000, 0x0000000100000000)
  eden space 524800K, 76% used [0x00000000d5580000,0x00000000edf886a8,0x00000000f5600000)
  from space 87040K, 0% used [0x00000000f5600000,0x00000000f5600000,0x00000000fab00000)
  to   space 87040K, 0% used [0x00000000fab00000,0x00000000fab00000,0x0000000100000000)
 ParOldGen       total 874496K, used 13629K [0x0000000080000000, 0x00000000b5600000, 0x00000000d5580000)
  object space 874496K, 1% used [0x0000000080000000,0x0000000080d4f740,0x00000000b5600000)
 Metaspace       used 34571K, capacity 35008K, committed 35416K, reserved 1081344K
  class space    used 3956K, capacity 4070K, committed 4096K, reserved 1048576K
Event: 4.473 GC heap after
Heap after GC invocations=3 (full 1):
 PSYoungGen      total 611840K, used 18846K [0x00000000d5580000, 0x0000000100000000, 0x0000000100000000)
  eden space 524800K, 0% used [0x00000000d5580000,0x00000000d5580000,0x00000000f5600000)
  from space 87040K, 21% used [0x00000000fab00000,0x00000000fbd67918,0x0000000100000000)
  to   space 87040K, 0% used [0x00000000f5600000,0x00000000f5600000,0x00000000fab00000)
 ParOldGen       total 874496K, used 13629K [0x0000000080000000, 0x00000000b5600000, 0x00000000d5580000)
  object space 874496K, 1% used [0x0000000080000000,0x0000000080d4f740,0x00000000b5600000)
 Metaspace       used 34571K, capacity 35008K, committed 35416K, reserved 1081344K
  class space    used 3956K, capacity 4070K, committed 4096K, reserved 1048576K
}
Event: 4.473 GC heap before
{Heap before GC invocations=4 (full 2):
 PSYoungGen      total 611840K, used 18846K [0x00000000d5580000, 0x0000000100000000, 0x0000000100000000)
  eden space 524800K, 0% used [0x00000000d5580000,0x00000000d5580000,0x00000000f5600000)
  from space 87040K, 21% used [0x00000000fab00000,0x00000000fbd67918,0x0000000100000000)
  to   space 87040K, 0% used [0x00000000f5600000,0x00000000f5600000,0x00000000fab00000)
 ParOldGen       total 874496K, used 13629K [0x0000000080000000, 0x00000000b5600000, 0x00000000d5580000)
  object space 874496K, 1% used [0x0000000080000000,0x0000000080d4f740,0x00000000b5600000)
 Metaspace       used 34571K, capacity 35008K, committed 35416K, reserved 1081344K
  class space    used 3956K, capacity 4070K, committed 4096K, reserved 1048576K
Event: 4.561 GC heap after
Heap after GC invocations=4 (full 2):
 PSYoungGen      total 611840K, used 0K [0x00000000d5580000, 0x0000000100000000, 0x0000000100000000)
  eden space 524800K, 0% used [0x00000000d5580000,0x00000000d5580000,0x00000000f5600000)
  from space 87040K, 0% used [0x00000000fab00000,0x00000000fab00000,0x0000000100000000)
  to   space 87040K, 0% used [0x00000000f5600000,0x00000000f5600000,0x00000000fab00000)
 ParOldGen       total 1398272K, used 23152K [0x0000000080000000, 0x00000000d5580000, 0x00000000d5580000)
  object space 1398272K, 1% used [0x0000000080000000,0x000000008169c230,0x00000000d5580000)
 Metaspace       used 34571K, capacity 35008K, committed 35416K, reserved 1081344K
  class space    used 3956K, capacity 4070K, committed 4096K, reserved 1048576K
}
Event: 14.182 GC heap before
{Heap before GC invocations=5 (full 2):
 PSYoungGen      total 611840K, used 459649K [0x00000000d5580000, 0x0000000100000000, 0x0000000100000000)
  eden space 524800K, 87% used [0x00000000d5580000,0x00000000f16604c0,0x00000000f5600000)
  from space 87040K, 0% used [0x00000000fab00000,0x00000000fab00000,0x0000000100000000)
  to   space 87040K, 0% used [0x00000000f5600000,0x00000000f5600000,0x00000000fab00000)
 ParOldGen       total 1398272K, used 23152K [0x0000000080000000, 0x00000000d5580000, 0x00000000d5580000)
  object space 1398272K, 1% used [0x0000000080000000,0x000000008169c230,0x00000000d5580000)
 Metaspace       used 56580K, capacity 58822K, committed 59008K, reserved 1101824K
  class space    used 6656K, capacity 7021K, committed 7040K, reserved 1048576K
Event: 14.244 GC heap after
Heap after GC invocations=5 (full 2):
 PSYoungGen      total 611840K, used 30624K [0x00000000d5580000, 0x0000000100000000, 0x0000000100000000)
  eden space 524800K, 0% used [0x00000000d5580000,0x00000000d5580000,0x00000000f5600000)
  from space 87040K, 35% used [0x00000000f5600000,0x00000000f73e8130,0x00000000fab00000)
  to   space 87040K, 0% used [0x00000000fab00000,0x00000000fab00000,0x0000000100000000)
 ParOldGen       total 1398272K, used 23160K [0x0000000080000000, 0x00000000d5580000, 0x00000000d5580000)
  object space 1398272K, 1% used [0x0000000080000000,0x000000008169e230,0x00000000d5580000)
 Metaspace       used 56580K, capacity 58822K, committed 59008K, reserved 1101824K
  class space    used 6656K, capacity 7021K, committed 7040K, reserved 1048576K
}
Event: 14.244 GC heap before
{Heap before GC invocations=6 (full 3):
 PSYoungGen      total 611840K, used 30624K [0x00000000d5580000, 0x0000000100000000, 0x0000000100000000)
  eden space 524800K, 0% used [0x00000000d5580000,0x00000000d5580000,0x00000000f5600000)
  from space 87040K, 35% used [0x00000000f5600000,0x00000000f73e8130,0x00000000fab00000)
  to   space 87040K, 0% used [0x00000000fab00000,0x00000000fab00000,0x0000000100000000)
 ParOldGen       total 1398272K, used 23160K [0x0000000080000000, 0x00000000d5580000, 0x00000000d5580000)
  object space 1398272K, 1% used [0x0000000080000000,0x000000008169e230,0x00000000d5580000)
 Metaspace       used 56580K, capacity 58822K, committed 59008K, reserved 1101824K
  class space    used 6656K, capacity 7021K, committed 7040K, reserved 1048576K
Event: 14.468 GC heap after
Heap after GC invocations=6 (full 3):
 PSYoungGen      total 611840K, used 0K [0x00000000d5580000, 0x0000000100000000, 0x0000000100000000)
  eden space 524800K, 0% used [0x00000000d5580000,0x00000000d5580000,0x00000000f5600000)
  from space 87040K, 0% used [0x00000000f5600000,0x00000000f5600000,0x00000000fab00000)
  to   space 87040K, 0% used [0x00000000fab00000,0x00000000fab00000,0x0000000100000000)
 ParOldGen       total 1398272K, used 41101K [0x0000000080000000, 0x00000000d5580000, 0x00000000d5580000)
  object space 1398272K, 2% used [0x0000000080000000,0x0000000082823678,0x00000000d5580000)
 Metaspace       used 56045K, capacity 57318K, committed 59008K, reserved 1101824K
  class space    used 6473K, capacity 6697K, committed 7040K, reserved 1048576K
}

