# JRE version: OpenJDK Runtime Environment (8.0_212-b04) (build 1.8.0_212-b04)
# Java VM: OpenJDK 64-Bit Server VM (25.212-b04 mixed mode linux-amd64 compressed oops)
Heap:
 PSYoungGen      total 611840K, used 345169K [0x00000000d5580000, 0x0000000100000000, 0x0000000100000000)
  eden space 524800K, 54% used [0x00000000d5580000,0x00000000e6b2d150,0x00000000f5600000)
  from space 87040K, 69% used [0x00000000fab00000,0x00000000fe6672c0,0x0000000100000000)
  to   space 87040K, 0% used [0x00000000f5600000,0x00000000f5600000,0x00000000fab00000)
 ParOldGen       total 1398272K, used 43067K [0x0000000080000000, 0x00000000d5580000, 0x00000000d5580000)
  object space 1398272K, 3% used [0x0000000080000000,0x0000000082a0ec18,0x00000000d5580000)
 Metaspace       used 66547K, capacity 70130K, committed 70272K, reserved 1112064K
  class space    used 7682K, capacity 8283K, committed 8320K, reserved 1048576K
GC Heap History (10 events):
Event: 4.592 GC heap before
{Heap before GC invocations=3 (full 1):
 PSYoungGen      total 611840K, used 437350K [0x00000000d5580000, 0x0000000100000000, 0x0000000100000000)
  eden space 524800K, 83% used [0x00000000d5580000,0x00000000f0099b40,0x00000000f5600000)
  from space 87040K, 0% used [0x00000000f5600000,0x00000000f5600000,0x00000000fab00000)
  to   space 87040K, 0% used [0x00000000fab00000,0x00000000fab00000,0x0000000100000000)
 ParOldGen       total 888832K, used 13611K [0x0000000080000000, 0x00000000b6400000, 0x00000000d5580000)
  object space 888832K, 1% used [0x0000000080000000,0x0000000080d4ad30,0x00000000b6400000)
 Metaspace       used 34613K, capacity 35072K, committed 35416K, reserved 1081344K
  class space    used 3954K, capacity 4070K, committed 4096K, reserved 1048576K
Event: 4.636 GC heap after
Heap after GC invocations=3 (full 1):
 PSYoungGen      total 611840K, used 19182K [0x00000000d5580000, 0x0000000100000000, 0x0000000100000000)
  eden space 524800K, 0% used [0x00000000d5580000,0x00000000d5580000,0x00000000f5600000)
  from space 87040K, 22% used [0x00000000fab00000,0x00000000fbdbb8e0,0x0000000100000000)
  to   space 87040K, 0% used [0x00000000f5600000,0x00000000f5600000,0x00000000fab00000)
 ParOldGen       total 888832K, used 13619K [0x0000000080000000, 0x00000000b6400000, 0x00000000d5580000)
  object space 888832K, 1% used [0x0000000080000000,0x0000000080d4cd30,0x00000000b6400000)
 Metaspace       used 34613K, capacity 35072K, committed 35416K, reserved 1081344K
  class space    used 3954K, capacity 4070K, committed 4096K, reserved 1048576K
}
Event: 4.636 GC heap before
{Heap before GC invocations=4 (full 2):
 PSYoungGen      total 611840K, used 19182K [0x00000000d5580000, 0x0000000100000000, 0x0000000100000000)
  eden space 524800K, 0% used [0x00000000d5580000,0x00000000d5580000,0x00000000f5600000)
  from space 87040K, 22% used [0x00000000fab00000,0x00000000fbdbb8e0,0x0000000100000000)
  to   space 87040K, 0% used [0x00000000f5600000,0x00000000f5600000,0x00000000fab00000)
 ParOldGen       total 888832K, used 13619K [0x0000000080000000, 0x00000000b6400000, 0x00000000d5580000)
  object space 888832K, 1% used [0x0000000080000000,0x0000000080d4cd30,0x00000000b6400000)
 Metaspace       used 34613K, capacity 35072K, committed 35416K, reserved 1081344K
  class space    used 3954K, capacity 4070K, committed 4096K, reserved 1048576K
Event: 4.734 GC heap after
Heap after GC invocations=4 (full 2):
 PSYoungGen      total 611840K, used 0K [0x00000000d5580000, 0x0000000100000000, 0x0000000100000000)
  eden space 524800K, 0% used [0x00000000d5580000,0x00000000d5580000,0x00000000f5600000)
  from space 87040K, 0% used [0x00000000fab00000,0x00000000fab00000,0x0000000100000000)
  to   space 87040K, 0% used [0x00000000f5600000,0x00000000f5600000,0x00000000fab00000)
 ParOldGen       total 1398272K, used 23385K [0x0000000080000000, 0x00000000d5580000, 0x00000000d5580000)
  object space 1398272K, 1% used [0x0000000080000000,0x00000000816d6580,0x00000000d5580000)
 Metaspace       used 34613K, capacity 35072K, committed 35416K, reserved 1081344K
  class space    used 3954K, capacity 4070K, committed 4096K, reserved 1048576K
}
Event: 14.519 GC heap before
{Heap before GC invocations=5 (full 2):
 PSYoungGen      total 611840K, used 520316K [0x00000000d5580000, 0x0000000100000000, 0x0000000100000000)
  eden space 524800K, 99% used [0x00000000d5580000,0x00000000f519f330,0x00000000f5600000)
  from space 87040K, 0% used [0x00000000fab00000,0x00000000fab00000,0x0000000100000000)
  to   space 87040K, 0% used [0x00000000f5600000,0x00000000f5600000,0x00000000fab00000)
 ParOldGen       total 1398272K, used 23385K [0x0000000080000000, 0x00000000d5580000, 0x00000000d5580000)
  object space 1398272K, 1% used [0x0000000080000000,0x00000000816d6580,0x00000000d5580000)
 Metaspace       used 56148K, capacity 58906K, committed 59028K, reserved 1101824K
  class space    used 6665K, capacity 7113K, committed 7168K, reserved 1048576K
Event: 14.602 GC heap after
Heap after GC invocations=5 (full 2):
 PSYoungGen      total 611840K, used 32339K [0x00000000d5580000, 0x0000000100000000, 0x0000000100000000)
  eden space 524800K, 0% used [0x00000000d5580000,0x00000000d5580000,0x00000000f5600000)
  from space 87040K, 37% used [0x00000000f5600000,0x00000000f7594ee8,0x00000000fab00000)
  to   space 87040K, 0% used [0x00000000fab00000,0x00000000fab00000,0x0000000100000000)
 ParOldGen       total 1398272K, used 23393K [0x0000000080000000, 0x00000000d5580000, 0x00000000d5580000)
  object space 1398272K, 1% used [0x0000000080000000,0x00000000816d8580,0x00000000d5580000)
 Metaspace       used 56148K, capacity 58906K, committed 59028K, reserved 1101824K
  class space    used 6665K, capacity 7113K, committed 7168K, reserved 1048576K
}
Event: 14.602 GC heap before
{Heap before GC invocations=6 (full 3):
 PSYoungGen      total 611840K, used 32339K [0x00000000d5580000, 0x0000000100000000, 0x0000000100000000)
  eden space 524800K, 0% used [0x00000000d5580000,0x00000000d5580000,0x00000000f5600000)
  from space 87040K, 37% used [0x00000000f5600000,0x00000000f7594ee8,0x00000000fab00000)
  to   space 87040K, 0% used [0x00000000fab00000,0x00000000fab00000,0x0000000100000000)
 ParOldGen       total 1398272K, used 23393K [0x0000000080000000, 0x00000000d5580000, 0x00000000d5580000)
  object space 1398272K, 1% used [0x0000000080000000,0x00000000816d8580,0x00000000d5580000)
 Metaspace       used 56148K, capacity 58906K, committed 59028K, reserved 1101824K
  class space    used 6665K, capacity 7113K, committed 7168K, reserved 1048576K
Event: 14.879 GC heap after
Heap after GC invocations=6 (full 3):
 PSYoungGen      total 611840K, used 0K [0x00000000d5580000, 0x0000000100000000, 0x0000000100000000)
  eden space 524800K, 0% used [0x00000000d5580000,0x00000000d5580000,0x00000000f5600000)
  from space 87040K, 0% used [0x00000000f5600000,0x00000000f5600000,0x00000000fab00000)
  to   space 87040K, 0% used [0x00000000fab00000,0x00000000fab00000,0x0000000100000000)
 ParOldGen       total 1398272K, used 43059K [0x0000000080000000, 0x00000000d5580000, 0x00000000d5580000)
  object space 1398272K, 3% used [0x0000000080000000,0x0000000082a0cc18,0x00000000d5580000)
 Metaspace       used 55359K, capacity 56696K, committed 59028K, reserved 1101824K
  class space    used 6401K, capacity 6646K, committed 7168K, reserved 1048576K
}
Event: 29.093 GC heap before
{Heap before GC invocations=7 (full 3):
 PSYoungGen      total 611840K, used 490613K [0x00000000d5580000, 0x0000000100000000, 0x0000000100000000)
  eden space 524800K, 93% used [0x00000000d5580000,0x00000000f349d5d0,0x00000000f5600000)
  from space 87040K, 0% used [0x00000000f5600000,0x00000000f5600000,0x00000000fab00000)
  to   space 87040K, 0% used [0x00000000fab00000,0x00000000fab00000,0x0000000100000000)
 ParOldGen       total 1398272K, used 43059K [0x0000000080000000, 0x00000000d5580000, 0x00000000d5580000)
  object space 1398272K, 3% used [0x0000000080000000,0x0000000082a0cc18,0x00000000d5580000)
 Metaspace       used 66285K, capacity 69818K, committed 70016K, reserved 1112064K
  class space    used 7664K, capacity 8259K, committed 8320K, reserved 1048576K
Event: 29.206 GC heap after
Heap after GC invocations=7 (full 3):
 PSYoungGen      total 611840K, used 60828K [0x00000000d5580000, 0x0000000100000000, 0x0000000100000000)
  eden space 524800K, 0% used [0x00000000d5580000,0x00000000d5580000,0x00000000f5600000)
  from space 87040K, 69% used [0x00000000fab00000,0x00000000fe6672c0,0x0000000100000000)
  to   space 87040K, 0% used [0x00000000f5600000,0x00000000f5600000,0x00000000fab00000)
 ParOldGen       total 1398272K, used 43067K [0x0000000080000000, 0x00000000d5580000, 0x00000000d5580000)
  object space 1398272K, 3% used [0x0000000080000000,0x0000000082a0ec18,0x00000000d5580000)
 Metaspace       used 66285K, capacity 69818K, committed 70016K, reserved 1112064K
  class space    used 7664K, capacity 8259K, committed 8320K, reserved 1048576K
}

