-------------------------------------------------------------------------------
Test set: org.apache.hadoop.ozone.om.TestSecureOzoneManager
-------------------------------------------------------------------------------
Tests run: 2, Failures: 1, Errors: 0, Skipped: 0, Time elapsed: 5.039 s <<< FAILURE! - in org.apache.hadoop.ozone.om.TestSecureOzoneManager
testSecureOmInitFailures(org.apache.hadoop.ozone.om.TestSecureOzoneManager)  Time elapsed: 4.622 s  <<< FAILURE!
java.lang.AssertionError: 
expected null, but was:<Sun RSA public key, 2048 bits
  modulus: 24061353404701300183649913426010612300789575977499931340311407690280984075912808634020998676487416925353085070997207225263703855033824323895671972672939354273029103385257339994880704572975676513645012886514514924586861506705983234437468694144181620133427171254395905114508053992655216435663325216038744084884572224950390698174449613486729650775611607974371179624891273905664892006958778996117837731848693901565749766742421560574745616457685670872515796047334230389934091888448759671606586292845019976202065635169809376637963020299828906626621454471256664948015902895282857800936715114681804834736676543831384922800533
  public exponent: 65537>
	at org.junit.Assert.fail(Assert.java:88)
	at org.junit.Assert.failNotNull(Assert.java:664)
	at org.junit.Assert.assertNull(Assert.java:646)
	at org.junit.Assert.assertNull(Assert.java:656)
	at org.apache.hadoop.ozone.om.TestSecureOzoneManager.testSecureOmInitFailures(TestSecureOzoneManager.java:160)
	at sun.reflect.NativeMethodAccessorImpl.invoke0(Native Method)
	at sun.reflect.NativeMethodAccessorImpl.invoke(NativeMethodAccessorImpl.java:62)
	at sun.reflect.DelegatingMethodAccessorImpl.invoke(DelegatingMethodAccessorImpl.java:43)
	at java.lang.reflect.Method.invoke(Method.java:498)
	at org.junit.runners.model.FrameworkMethod$1.runReflectiveCall(FrameworkMethod.java:47)
	at org.junit.internal.runners.model.ReflectiveCallable.run(ReflectiveCallable.java:12)
	at org.junit.runners.model.FrameworkMethod.invokeExplosively(FrameworkMethod.java:44)
	at org.junit.internal.runners.statements.InvokeMethod.evaluate(InvokeMethod.java:17)
	at org.junit.internal.runners.statements.RunBefores.evaluate(RunBefores.java:26)
	at org.junit.internal.runners.statements.RunAfters.evaluate(RunAfters.java:27)
	at org.junit.internal.runners.statements.FailOnTimeout$StatementThread.run(FailOnTimeout.java:74)

