# JRE version: OpenJDK Runtime Environment (8.0_212-b04) (build 1.8.0_212-b04)
# Java VM: OpenJDK 64-Bit Server VM (25.212-b04 mixed mode linux-amd64 compressed oops)
Heap:
 PSYoungGen      total 611840K, used 465259K [0x00000000d5580000, 0x0000000100000000, 0x0000000100000000)
  eden space 524800K, 88% used [0x00000000d5580000,0x00000000f1bdafd8,0x00000000f5600000)
  from space 87040K, 0% used [0x00000000f5600000,0x00000000f5600000,0x00000000fab00000)
  to   space 87040K, 0% used [0x00000000fab00000,0x00000000fab00000,0x0000000100000000)
 ParOldGen       total 1398272K, used 43847K [0x0000000080000000, 0x00000000d5580000, 0x00000000d5580000)
  object space 1398272K, 3% used [0x0000000080000000,0x0000000082ad1fc0,0x00000000d5580000)
 Metaspace       used 65317K, capacity 67982K, committed 68184K, reserved 1110016K
  class space    used 7466K, capacity 7969K, committed 8024K, reserved 1048576K
GC Heap History (10 events):
Event: 2.119 GC heap before
{Heap before GC invocations=2 (full 1):
 PSYoungGen      total 611840K, used 14318K [0x00000000d5580000, 0x0000000100000000, 0x0000000100000000)
  eden space 524800K, 0% used [0x00000000d5580000,0x00000000d5580000,0x00000000f5600000)
  from space 87040K, 16% used [0x00000000f5600000,0x00000000f63fb920,0x00000000fab00000)
  to   space 87040K, 0% used [0x00000000fab00000,0x00000000fab00000,0x0000000100000000)
 ParOldGen       total 1398272K, used 80K [0x0000000080000000, 0x00000000d5580000, 0x00000000d5580000)
  object space 1398272K, 0% used [0x0000000080000000,0x0000000080014010,0x00000000d5580000)
 Metaspace       used 20821K, capacity 21106K, committed 21248K, reserved 1069056K
  class space    used 2370K, capacity 2482K, committed 2560K, reserved 1048576K
Event: 2.204 GC heap after
Heap after GC invocations=2 (full 1):
 PSYoungGen      total 611840K, used 0K [0x00000000d5580000, 0x0000000100000000, 0x0000000100000000)
  eden space 524800K, 0% used [0x00000000d5580000,0x00000000d5580000,0x00000000f5600000)
  from space 87040K, 0% used [0x00000000f5600000,0x00000000f5600000,0x00000000fab00000)
  to   space 87040K, 0% used [0x00000000fab00000,0x00000000fab00000,0x0000000100000000)
 ParOldGen       total 871936K, used 13753K [0x0000000080000000, 0x00000000b5380000, 0x00000000d5580000)
  object space 871936K, 1% used [0x0000000080000000,0x0000000080d6e578,0x00000000b5380000)
 Metaspace       used 20821K, capacity 21106K, committed 21248K, reserved 1069056K
  class space    used 2370K, capacity 2482K, committed 2560K, reserved 1048576K
}
Event: 4.543 GC heap before
{Heap before GC invocations=3 (full 1):
 PSYoungGen      total 611840K, used 435004K [0x00000000d5580000, 0x0000000100000000, 0x0000000100000000)
  eden space 524800K, 82% used [0x00000000d5580000,0x00000000efe4f148,0x00000000f5600000)
  from space 87040K, 0% used [0x00000000f5600000,0x00000000f5600000,0x00000000fab00000)
  to   space 87040K, 0% used [0x00000000fab00000,0x00000000fab00000,0x0000000100000000)
 ParOldGen       total 871936K, used 13753K [0x0000000080000000, 0x00000000b5380000, 0x00000000d5580000)
  object space 871936K, 1% used [0x0000000080000000,0x0000000080d6e578,0x00000000b5380000)
 Metaspace       used 34742K, capacity 35150K, committed 35416K, reserved 1081344K
  class space    used 3976K, capacity 4123K, committed 4184K, reserved 1048576K
Event: 4.588 GC heap after
Heap after GC invocations=3 (full 1):
 PSYoungGen      total 611840K, used 19185K [0x00000000d5580000, 0x0000000100000000, 0x0000000100000000)
  eden space 524800K, 0% used [0x00000000d5580000,0x00000000d5580000,0x00000000f5600000)
  from space 87040K, 22% used [0x00000000fab00000,0x00000000fbdbc7a8,0x0000000100000000)
  to   space 87040K, 0% used [0x00000000f5600000,0x00000000f5600000,0x00000000fab00000)
 ParOldGen       total 871936K, used 13753K [0x0000000080000000, 0x00000000b5380000, 0x00000000d5580000)
  object space 871936K, 1% used [0x0000000080000000,0x0000000080d6e578,0x00000000b5380000)
 Metaspace       used 34742K, capacity 35150K, committed 35416K, reserved 1081344K
  class space    used 3976K, capacity 4123K, committed 4184K, reserved 1048576K
}
Event: 4.588 GC heap before
{Heap before GC invocations=4 (full 2):
 PSYoungGen      total 611840K, used 19185K [0x00000000d5580000, 0x0000000100000000, 0x0000000100000000)
  eden space 524800K, 0% used [0x00000000d5580000,0x00000000d5580000,0x00000000f5600000)
  from space 87040K, 22% used [0x00000000fab00000,0x00000000fbdbc7a8,0x0000000100000000)
  to   space 87040K, 0% used [0x00000000f5600000,0x00000000f5600000,0x00000000fab00000)
 ParOldGen       total 871936K, used 13753K [0x0000000080000000, 0x00000000b5380000, 0x00000000d5580000)
  object space 871936K, 1% used [0x0000000080000000,0x0000000080d6e578,0x00000000b5380000)
 Metaspace       used 34742K, capacity 35150K, committed 35416K, reserved 1081344K
  class space    used 3976K, capacity 4123K, committed 4184K, reserved 1048576K
Event: 4.719 GC heap after
Heap after GC invocations=4 (full 2):
 PSYoungGen      total 611840K, used 0K [0x00000000d5580000, 0x0000000100000000, 0x0000000100000000)
  eden space 524800K, 0% used [0x00000000d5580000,0x00000000d5580000,0x00000000f5600000)
  from space 87040K, 0% used [0x00000000fab00000,0x00000000fab00000,0x0000000100000000)
  to   space 87040K, 0% used [0x00000000f5600000,0x00000000f5600000,0x00000000fab00000)
 ParOldGen       total 1398272K, used 23573K [0x0000000080000000, 0x00000000d5580000, 0x00000000d5580000)
  object space 1398272K, 1% used [0x0000000080000000,0x00000000817056d0,0x00000000d5580000)
 Metaspace       used 34742K, capacity 35150K, committed 35416K, reserved 1081344K
  class space    used 3976K, capacity 4123K, committed 4184K, reserved 1048576K
}
Event: 11.222 GC heap before
{Heap before GC invocations=5 (full 2):
 PSYoungGen      total 611840K, used 487744K [0x00000000d5580000, 0x0000000100000000, 0x0000000100000000)
  eden space 524800K, 92% used [0x00000000d5580000,0x00000000f31d0110,0x00000000f5600000)
  from space 87040K, 0% used [0x00000000fab00000,0x00000000fab00000,0x0000000100000000)
  to   space 87040K, 0% used [0x00000000f5600000,0x00000000f5600000,0x00000000fab00000)
 ParOldGen       total 1398272K, used 23573K [0x0000000080000000, 0x00000000d5580000, 0x00000000d5580000)
  object space 1398272K, 1% used [0x0000000080000000,0x00000000817056d0,0x00000000d5580000)
 Metaspace       used 57424K, capacity 58872K, committed 58968K, reserved 1101824K
  class space    used 6656K, capacity 6948K, committed 7000K, reserved 1048576K
Event: 11.304 GC heap after
Heap after GC invocations=5 (full 2):
 PSYoungGen      total 611840K, used 33347K [0x00000000d5580000, 0x0000000100000000, 0x0000000100000000)
  eden space 524800K, 0% used [0x00000000d5580000,0x00000000d5580000,0x00000000f5600000)
  from space 87040K, 38% used [0x00000000f5600000,0x00000000f7690e78,0x00000000fab00000)
  to   space 87040K, 0% used [0x00000000fab00000,0x00000000fab00000,0x0000000100000000)
 ParOldGen       total 1398272K, used 23581K [0x0000000080000000, 0x00000000d5580000, 0x00000000d5580000)
  object space 1398272K, 1% used [0x0000000080000000,0x00000000817076d0,0x00000000d5580000)
 Metaspace       used 57424K, capacity 58872K, committed 58968K, reserved 1101824K
  class space    used 6656K, capacity 6948K, committed 7000K, reserved 1048576K
}
Event: 11.305 GC heap before
{Heap before GC invocations=6 (full 3):
 PSYoungGen      total 611840K, used 33347K [0x00000000d5580000, 0x0000000100000000, 0x0000000100000000)
  eden space 524800K, 0% used [0x00000000d5580000,0x00000000d5580000,0x00000000f5600000)
  from space 87040K, 38% used [0x00000000f5600000,0x00000000f7690e78,0x00000000fab00000)
  to   space 87040K, 0% used [0x00000000fab00000,0x00000000fab00000,0x0000000100000000)
 ParOldGen       total 1398272K, used 23581K [0x0000000080000000, 0x00000000d5580000, 0x00000000d5580000)
  object space 1398272K, 1% used [0x0000000080000000,0x00000000817076d0,0x00000000d5580000)
 Metaspace       used 57424K, capacity 58872K, committed 58968K, reserved 1101824K
  class space    used 6656K, capacity 6948K, committed 7000K, reserved 1048576K
Event: 11.605 GC heap after
Heap after GC invocations=6 (full 3):
 PSYoungGen      total 611840K, used 0K [0x00000000d5580000, 0x0000000100000000, 0x0000000100000000)
  eden space 524800K, 0% used [0x00000000d5580000,0x00000000d5580000,0x00000000f5600000)
  from space 87040K, 0% used [0x00000000f5600000,0x00000000f5600000,0x00000000fab00000)
  to   space 87040K, 0% used [0x00000000fab00000,0x00000000fab00000,0x0000000100000000)
 ParOldGen       total 1398272K, used 43847K [0x0000000080000000, 0x00000000d5580000, 0x00000000d5580000)
  object space 1398272K, 3% used [0x0000000080000000,0x0000000082ad1fc0,0x00000000d5580000)
 Metaspace       used 57381K, capacity 58768K, committed 58968K, reserved 1101824K
  class space    used 6641K, capacity 6922K, committed 7000K, reserved 1048576K
}

