# JRE version: OpenJDK Runtime Environment (8.0_212-b04) (build 1.8.0_212-b04)
# Java VM: OpenJDK 64-Bit Server VM (25.212-b04 mixed mode linux-amd64 compressed oops)
Heap:
 PSYoungGen      total 611840K, used 277687K [0x00000000d5580000, 0x0000000100000000, 0x0000000100000000)
  eden space 524800K, 52% used [0x00000000d5580000,0x00000000e64adc08,0x00000000f5600000)
  from space 87040K, 0% used [0x00000000fab00000,0x00000000fab00000,0x0000000100000000)
  to   space 87040K, 0% used [0x00000000f5600000,0x00000000f5600000,0x00000000fab00000)
 ParOldGen       total 1398272K, used 27994K [0x0000000080000000, 0x00000000d5580000, 0x00000000d5580000)
  object space 1398272K, 2% used [0x0000000080000000,0x0000000081b568d8,0x00000000d5580000)
 Metaspace       used 64344K, capacity 67134K, committed 67200K, reserved 1107968K
  class space    used 7474K, capacity 8003K, committed 8064K, reserved 1048576K
GC Heap History (10 events):
Event: 4.303 GC heap before
{Heap before GC invocations=3 (full 1):
 PSYoungGen      total 611840K, used 469710K [0x00000000d5580000, 0x0000000100000000, 0x0000000100000000)
  eden space 524800K, 89% used [0x00000000d5580000,0x00000000f2033938,0x00000000f5600000)
  from space 87040K, 0% used [0x00000000f5600000,0x00000000f5600000,0x00000000fab00000)
  to   space 87040K, 0% used [0x00000000fab00000,0x00000000fab00000,0x0000000100000000)
 ParOldGen       total 873472K, used 14236K [0x0000000080000000, 0x00000000b5500000, 0x00000000d5580000)
  object space 873472K, 1% used [0x0000000080000000,0x0000000080de70b8,0x00000000b5500000)
 Metaspace       used 34773K, capacity 35118K, committed 35416K, reserved 1081344K
  class space    used 3966K, capacity 4091K, committed 4096K, reserved 1048576K
Event: 4.333 GC heap after
Heap after GC invocations=3 (full 1):
 PSYoungGen      total 611840K, used 19336K [0x00000000d5580000, 0x0000000100000000, 0x0000000100000000)
  eden space 524800K, 0% used [0x00000000d5580000,0x00000000d5580000,0x00000000f5600000)
  from space 87040K, 22% used [0x00000000fab00000,0x00000000fbde2358,0x0000000100000000)
  to   space 87040K, 0% used [0x00000000f5600000,0x00000000f5600000,0x00000000fab00000)
 ParOldGen       total 873472K, used 14236K [0x0000000080000000, 0x00000000b5500000, 0x00000000d5580000)
  object space 873472K, 1% used [0x0000000080000000,0x0000000080de70b8,0x00000000b5500000)
 Metaspace       used 34773K, capacity 35118K, committed 35416K, reserved 1081344K
  class space    used 3966K, capacity 4091K, committed 4096K, reserved 1048576K
}
Event: 4.333 GC heap before
{Heap before GC invocations=4 (full 2):
 PSYoungGen      total 611840K, used 19336K [0x00000000d5580000, 0x0000000100000000, 0x0000000100000000)
  eden space 524800K, 0% used [0x00000000d5580000,0x00000000d5580000,0x00000000f5600000)
  from space 87040K, 22% used [0x00000000fab00000,0x00000000fbde2358,0x0000000100000000)
  to   space 87040K, 0% used [0x00000000f5600000,0x00000000f5600000,0x00000000fab00000)
 ParOldGen       total 873472K, used 14236K [0x0000000080000000, 0x00000000b5500000, 0x00000000d5580000)
  object space 873472K, 1% used [0x0000000080000000,0x0000000080de70b8,0x00000000b5500000)
 Metaspace       used 34773K, capacity 35118K, committed 35416K, reserved 1081344K
  class space    used 3966K, capacity 4091K, committed 4096K, reserved 1048576K
Event: 4.422 GC heap after
Heap after GC invocations=4 (full 2):
 PSYoungGen      total 611840K, used 0K [0x00000000d5580000, 0x0000000100000000, 0x0000000100000000)
  eden space 524800K, 0% used [0x00000000d5580000,0x00000000d5580000,0x00000000f5600000)
  from space 87040K, 0% used [0x00000000fab00000,0x00000000fab00000,0x0000000100000000)
  to   space 87040K, 0% used [0x00000000f5600000,0x00000000f5600000,0x00000000fab00000)
 ParOldGen       total 1398272K, used 23863K [0x0000000080000000, 0x00000000d5580000, 0x00000000d5580000)
  object space 1398272K, 1% used [0x0000000080000000,0x000000008174dd98,0x00000000d5580000)
 Metaspace       used 34773K, capacity 35118K, committed 35416K, reserved 1081344K
  class space    used 3966K, capacity 4091K, committed 4096K, reserved 1048576K
}
Event: 11.072 GC heap before
{Heap before GC invocations=5 (full 2):
 PSYoungGen      total 611840K, used 524800K [0x00000000d5580000, 0x0000000100000000, 0x0000000100000000)
  eden space 524800K, 100% used [0x00000000d5580000,0x00000000f5600000,0x00000000f5600000)
  from space 87040K, 0% used [0x00000000fab00000,0x00000000fab00000,0x0000000100000000)
  to   space 87040K, 0% used [0x00000000f5600000,0x00000000f5600000,0x00000000fab00000)
 ParOldGen       total 1398272K, used 23863K [0x0000000080000000, 0x00000000d5580000, 0x00000000d5580000)
  object space 1398272K, 1% used [0x0000000080000000,0x000000008174dd98,0x00000000d5580000)
 Metaspace       used 53573K, capacity 54842K, committed 54912K, reserved 1097728K
  class space    used 6267K, capacity 6503K, committed 6528K, reserved 1048576K
Event: 11.136 GC heap after
Heap after GC invocations=5 (full 2):
 PSYoungGen      total 611840K, used 26797K [0x00000000d5580000, 0x0000000100000000, 0x0000000100000000)
  eden space 524800K, 0% used [0x00000000d5580000,0x00000000d5580000,0x00000000f5600000)
  from space 87040K, 30% used [0x00000000f5600000,0x00000000f702b578,0x00000000fab00000)
  to   space 87040K, 0% used [0x00000000fab00000,0x00000000fab00000,0x0000000100000000)
 ParOldGen       total 1398272K, used 23871K [0x0000000080000000, 0x00000000d5580000, 0x00000000d5580000)
  object space 1398272K, 1% used [0x0000000080000000,0x000000008174fd98,0x00000000d5580000)
 Metaspace       used 53573K, capacity 54842K, committed 54912K, reserved 1097728K
  class space    used 6267K, capacity 6503K, committed 6528K, reserved 1048576K
}
Event: 11.744 GC heap before
{Heap before GC invocations=6 (full 2):
 PSYoungGen      total 611840K, used 171711K [0x00000000d5580000, 0x0000000100000000, 0x0000000100000000)
  eden space 524800K, 27% used [0x00000000d5580000,0x00000000de304690,0x00000000f5600000)
  from space 87040K, 30% used [0x00000000f5600000,0x00000000f702b578,0x00000000fab00000)
  to   space 87040K, 0% used [0x00000000fab00000,0x00000000fab00000,0x0000000100000000)
 ParOldGen       total 1398272K, used 23871K [0x0000000080000000, 0x00000000d5580000, 0x00000000d5580000)
  object space 1398272K, 1% used [0x0000000080000000,0x000000008174fd98,0x00000000d5580000)
 Metaspace       used 57470K, capacity 58848K, committed 59008K, reserved 1101824K
  class space    used 6668K, capacity 6956K, committed 7040K, reserved 1048576K
Event: 11.770 GC heap after
Heap after GC invocations=6 (full 2):
 PSYoungGen      total 611840K, used 15933K [0x00000000d5580000, 0x0000000100000000, 0x0000000100000000)
  eden space 524800K, 0% used [0x00000000d5580000,0x00000000d5580000,0x00000000f5600000)
  from space 87040K, 18% used [0x00000000fab00000,0x00000000fba8f7e8,0x0000000100000000)
  to   space 87040K, 0% used [0x00000000f5600000,0x00000000f5600000,0x00000000fab00000)
 ParOldGen       total 1398272K, used 23871K [0x0000000080000000, 0x00000000d5580000, 0x00000000d5580000)
  object space 1398272K, 1% used [0x0000000080000000,0x000000008174fd98,0x00000000d5580000)
 Metaspace       used 57470K, capacity 58848K, committed 59008K, reserved 1101824K
  class space    used 6668K, capacity 6956K, committed 7040K, reserved 1048576K
}
Event: 11.770 GC heap before
{Heap before GC invocations=7 (full 3):
 PSYoungGen      total 611840K, used 15933K [0x00000000d5580000, 0x0000000100000000, 0x0000000100000000)
  eden space 524800K, 0% used [0x00000000d5580000,0x00000000d5580000,0x00000000f5600000)
  from space 87040K, 18% used [0x00000000fab00000,0x00000000fba8f7e8,0x0000000100000000)
  to   space 87040K, 0% used [0x00000000f5600000,0x00000000f5600000,0x00000000fab00000)
 ParOldGen       total 1398272K, used 23871K [0x0000000080000000, 0x00000000d5580000, 0x00000000d5580000)
  object space 1398272K, 1% used [0x0000000080000000,0x000000008174fd98,0x00000000d5580000)
 Metaspace       used 57470K, capacity 58848K, committed 59008K, reserved 1101824K
  class space    used 6668K, capacity 6956K, committed 7040K, reserved 1048576K
Event: 12.023 GC heap after
Heap after GC invocations=7 (full 3):
 PSYoungGen      total 611840K, used 0K [0x00000000d5580000, 0x0000000100000000, 0x0000000100000000)
  eden space 524800K, 0% used [0x00000000d5580000,0x00000000d5580000,0x00000000f5600000)
  from space 87040K, 0% used [0x00000000fab00000,0x00000000fab00000,0x0000000100000000)
  to   space 87040K, 0% used [0x00000000f5600000,0x00000000f5600000,0x00000000fab00000)
 ParOldGen       total 1398272K, used 27994K [0x0000000080000000, 0x00000000d5580000, 0x00000000d5580000)
  object space 1398272K, 2% used [0x0000000080000000,0x0000000081b568d8,0x00000000d5580000)
 Metaspace       used 57455K, capacity 58812K, committed 59008K, reserved 1101824K
  class space    used 6663K, capacity 6946K, committed 7040K, reserved 1048576K
}

