# JRE version: OpenJDK Runtime Environment (8.0_212-b04) (build 1.8.0_212-b04)
# Java VM: OpenJDK 64-Bit Server VM (25.212-b04 mixed mode linux-amd64 compressed oops)
Heap:
 PSYoungGen      total 611840K, used 190881K [0x00000000d5580000, 0x0000000100000000, 0x0000000100000000)
  eden space 524800K, 33% used [0x00000000d5580000,0x00000000e03b4d90,0x00000000f5600000)
  from space 87040K, 14% used [0x00000000fab00000,0x00000000fb733808,0x0000000100000000)
  to   space 87040K, 0% used [0x00000000f5600000,0x00000000f5600000,0x00000000fab00000)
 ParOldGen       total 1398272K, used 39694K [0x0000000080000000, 0x00000000d5580000, 0x00000000d5580000)
  object space 1398272K, 2% used [0x0000000080000000,0x00000000826c3930,0x00000000d5580000)
 Metaspace       used 65655K, capacity 67892K, committed 68096K, reserved 1110016K
  class space    used 7260K, capacity 7658K, committed 7680K, reserved 1048576K
GC Heap History (10 events):
Event: 4.234 GC heap before
{Heap before GC invocations=3 (full 1):
 PSYoungGen      total 611840K, used 455540K [0x00000000d5580000, 0x0000000100000000, 0x0000000100000000)
  eden space 524800K, 86% used [0x00000000d5580000,0x00000000f125d0e8,0x00000000f5600000)
  from space 87040K, 0% used [0x00000000f5600000,0x00000000f5600000,0x00000000fab00000)
  to   space 87040K, 0% used [0x00000000fab00000,0x00000000fab00000,0x0000000100000000)
 ParOldGen       total 874496K, used 13742K [0x0000000080000000, 0x00000000b5600000, 0x00000000d5580000)
  object space 874496K, 1% used [0x0000000080000000,0x0000000080d6bb00,0x00000000b5600000)
 Metaspace       used 34754K, capacity 35086K, committed 35496K, reserved 1081344K
  class space    used 3968K, capacity 4059K, committed 4096K, reserved 1048576K
Event: 4.277 GC heap after
Heap after GC invocations=3 (full 1):
 PSYoungGen      total 611840K, used 19244K [0x00000000d5580000, 0x0000000100000000, 0x0000000100000000)
  eden space 524800K, 0% used [0x00000000d5580000,0x00000000d5580000,0x00000000f5600000)
  from space 87040K, 22% used [0x00000000fab00000,0x00000000fbdcb030,0x0000000100000000)
  to   space 87040K, 0% used [0x00000000f5600000,0x00000000f5600000,0x00000000fab00000)
 ParOldGen       total 874496K, used 13750K [0x0000000080000000, 0x00000000b5600000, 0x00000000d5580000)
  object space 874496K, 1% used [0x0000000080000000,0x0000000080d6db00,0x00000000b5600000)
 Metaspace       used 34754K, capacity 35086K, committed 35496K, reserved 1081344K
  class space    used 3968K, capacity 4059K, committed 4096K, reserved 1048576K
}
Event: 4.277 GC heap before
{Heap before GC invocations=4 (full 2):
 PSYoungGen      total 611840K, used 19244K [0x00000000d5580000, 0x0000000100000000, 0x0000000100000000)
  eden space 524800K, 0% used [0x00000000d5580000,0x00000000d5580000,0x00000000f5600000)
  from space 87040K, 22% used [0x00000000fab00000,0x00000000fbdcb030,0x0000000100000000)
  to   space 87040K, 0% used [0x00000000f5600000,0x00000000f5600000,0x00000000fab00000)
 ParOldGen       total 874496K, used 13750K [0x0000000080000000, 0x00000000b5600000, 0x00000000d5580000)
  object space 874496K, 1% used [0x0000000080000000,0x0000000080d6db00,0x00000000b5600000)
 Metaspace       used 34754K, capacity 35086K, committed 35496K, reserved 1081344K
  class space    used 3968K, capacity 4059K, committed 4096K, reserved 1048576K
Event: 4.393 GC heap after
Heap after GC invocations=4 (full 2):
 PSYoungGen      total 611840K, used 0K [0x00000000d5580000, 0x0000000100000000, 0x0000000100000000)
  eden space 524800K, 0% used [0x00000000d5580000,0x00000000d5580000,0x00000000f5600000)
  from space 87040K, 0% used [0x00000000fab00000,0x00000000fab00000,0x0000000100000000)
  to   space 87040K, 0% used [0x00000000f5600000,0x00000000f5600000,0x00000000fab00000)
 ParOldGen       total 1398272K, used 23529K [0x0000000080000000, 0x00000000d5580000, 0x00000000d5580000)
  object space 1398272K, 1% used [0x0000000080000000,0x00000000816fa7f0,0x00000000d5580000)
 Metaspace       used 34754K, capacity 35086K, committed 35496K, reserved 1081344K
  class space    used 3968K, capacity 4059K, committed 4096K, reserved 1048576K
}
Event: 22.014 GC heap before
{Heap before GC invocations=5 (full 2):
 PSYoungGen      total 611840K, used 428786K [0x00000000d5580000, 0x0000000100000000, 0x0000000100000000)
  eden space 524800K, 81% used [0x00000000d5580000,0x00000000ef83cae8,0x00000000f5600000)
  from space 87040K, 0% used [0x00000000fab00000,0x00000000fab00000,0x0000000100000000)
  to   space 87040K, 0% used [0x00000000f5600000,0x00000000f5600000,0x00000000fab00000)
 ParOldGen       total 1398272K, used 23529K [0x0000000080000000, 0x00000000d5580000, 0x00000000d5580000)
  object space 1398272K, 1% used [0x0000000080000000,0x00000000816fa7f0,0x00000000d5580000)
 Metaspace       used 57567K, capacity 59050K, committed 59160K, reserved 1101824K
  class space    used 6707K, capacity 7003K, committed 7040K, reserved 1048576K
Event: 22.077 GC heap after
Heap after GC invocations=5 (full 2):
 PSYoungGen      total 611840K, used 29729K [0x00000000d5580000, 0x0000000100000000, 0x0000000100000000)
  eden space 524800K, 0% used [0x00000000d5580000,0x00000000d5580000,0x00000000f5600000)
  from space 87040K, 34% used [0x00000000f5600000,0x00000000f7308458,0x00000000fab00000)
  to   space 87040K, 0% used [0x00000000fab00000,0x00000000fab00000,0x0000000100000000)
 ParOldGen       total 1398272K, used 23537K [0x0000000080000000, 0x00000000d5580000, 0x00000000d5580000)
  object space 1398272K, 1% used [0x0000000080000000,0x00000000816fc7f0,0x00000000d5580000)
 Metaspace       used 57567K, capacity 59050K, committed 59160K, reserved 1101824K
  class space    used 6707K, capacity 7003K, committed 7040K, reserved 1048576K
}
Event: 22.077 GC heap before
{Heap before GC invocations=6 (full 3):
 PSYoungGen      total 611840K, used 29729K [0x00000000d5580000, 0x0000000100000000, 0x0000000100000000)
  eden space 524800K, 0% used [0x00000000d5580000,0x00000000d5580000,0x00000000f5600000)
  from space 87040K, 34% used [0x00000000f5600000,0x00000000f7308458,0x00000000fab00000)
  to   space 87040K, 0% used [0x00000000fab00000,0x00000000fab00000,0x0000000100000000)
 ParOldGen       total 1398272K, used 23537K [0x0000000080000000, 0x00000000d5580000, 0x00000000d5580000)
  object space 1398272K, 1% used [0x0000000080000000,0x00000000816fc7f0,0x00000000d5580000)
 Metaspace       used 57567K, capacity 59050K, committed 59160K, reserved 1101824K
  class space    used 6707K, capacity 7003K, committed 7040K, reserved 1048576K
Event: 22.350 GC heap after
Heap after GC invocations=6 (full 3):
 PSYoungGen      total 611840K, used 0K [0x00000000d5580000, 0x0000000100000000, 0x0000000100000000)
  eden space 524800K, 0% used [0x00000000d5580000,0x00000000d5580000,0x00000000f5600000)
  from space 87040K, 0% used [0x00000000f5600000,0x00000000f5600000,0x00000000fab00000)
  to   space 87040K, 0% used [0x00000000fab00000,0x00000000fab00000,0x0000000100000000)
 ParOldGen       total 1398272K, used 39686K [0x0000000080000000, 0x00000000d5580000, 0x00000000d5580000)
  object space 1398272K, 2% used [0x0000000080000000,0x00000000826c1930,0x00000000d5580000)
 Metaspace       used 57567K, capacity 59050K, committed 59160K, reserved 1101824K
  class space    used 6707K, capacity 7003K, committed 7040K, reserved 1048576K
}
Event: 53.298 GC heap before
{Heap before GC invocations=7 (full 3):
 PSYoungGen      total 611840K, used 524800K [0x00000000d5580000, 0x0000000100000000, 0x0000000100000000)
  eden space 524800K, 100% used [0x00000000d5580000,0x00000000f5600000,0x00000000f5600000)
  from space 87040K, 0% used [0x00000000f5600000,0x00000000f5600000,0x00000000fab00000)
  to   space 87040K, 0% used [0x00000000fab00000,0x00000000fab00000,0x0000000100000000)
 ParOldGen       total 1398272K, used 39686K [0x0000000080000000, 0x00000000d5580000, 0x00000000d5580000)
  object space 1398272K, 2% used [0x0000000080000000,0x00000000826c1930,0x00000000d5580000)
 Metaspace       used 65221K, capacity 67482K, committed 67584K, reserved 1110016K
  class space    used 7246K, capacity 7643K, committed 7680K, reserved 1048576K
Event: 53.353 GC heap after
Heap after GC invocations=7 (full 3):
 PSYoungGen      total 611840K, used 12494K [0x00000000d5580000, 0x0000000100000000, 0x0000000100000000)
  eden space 524800K, 0% used [0x00000000d5580000,0x00000000d5580000,0x00000000f5600000)
  from space 87040K, 14% used [0x00000000fab00000,0x00000000fb733808,0x0000000100000000)
  to   space 87040K, 0% used [0x00000000f5600000,0x00000000f5600000,0x00000000fab00000)
 ParOldGen       total 1398272K, used 39694K [0x0000000080000000, 0x00000000d5580000, 0x00000000d5580000)
  object space 1398272K, 2% used [0x0000000080000000,0x00000000826c3930,0x00000000d5580000)
 Metaspace       used 65221K, capacity 67482K, committed 67584K, reserved 1110016K
  class space    used 7246K, capacity 7643K, committed 7680K, reserved 1048576K
}

