# JRE version: OpenJDK Runtime Environment (8.0_212-b04) (build 1.8.0_212-b04)
# Java VM: OpenJDK 64-Bit Server VM (25.212-b04 mixed mode linux-amd64 compressed oops)
Heap:
 PSYoungGen      total 561664K, used 329143K [0x00000000d5580000, 0x0000000100000000, 0x0000000100000000)
  eden space 424448K, 70% used [0x00000000d5580000,0x00000000e78ac9d8,0x00000000ef400000)
  from space 137216K, 22% used [0x00000000ef400000,0x00000000f1241250,0x00000000f7a00000)
  to   space 130560K, 0% used [0x00000000f8080000,0x00000000f8080000,0x0000000100000000)
 ParOldGen       total 1398272K, used 114464K [0x0000000080000000, 0x00000000d5580000, 0x00000000d5580000)
  object space 1398272K, 8% used [0x0000000080000000,0x0000000086fc8318,0x00000000d5580000)
 Metaspace       used 68628K, capacity 72042K, committed 72280K, reserved 1114112K
  class space    used 7667K, capacity 8269K, committed 8280K, reserved 1048576K
GC Heap History (10 events):
Event: 17.799 GC heap before
{Heap before GC invocations=6 (full 2):
 PSYoungGen      total 611840K, used 135910K [0x00000000d5580000, 0x0000000100000000, 0x0000000100000000)
  eden space 524800K, 20% used [0x00000000d5580000,0x00000000dbc46150,0x00000000f5600000)
  from space 87040K, 35% used [0x00000000f5600000,0x00000000f73f3898,0x00000000fab00000)
  to   space 87040K, 0% used [0x00000000fab00000,0x00000000fab00000,0x0000000100000000)
 ParOldGen       total 1398272K, used 23569K [0x0000000080000000, 0x00000000d5580000, 0x00000000d5580000)
  object space 1398272K, 1% used [0x0000000080000000,0x0000000081704780,0x00000000d5580000)
 Metaspace       used 57443K, capacity 58890K, committed 59028K, reserved 1101824K
  class space    used 6647K, capacity 6925K, committed 7000K, reserved 1048576K
Event: 17.836 GC heap after
Heap after GC invocations=6 (full 2):
 PSYoungGen      total 611840K, used 17324K [0x00000000d5580000, 0x0000000100000000, 0x0000000100000000)
  eden space 524800K, 0% used [0x00000000d5580000,0x00000000d5580000,0x00000000f5600000)
  from space 87040K, 19% used [0x00000000fab00000,0x00000000fbbeb138,0x0000000100000000)
  to   space 87040K, 0% used [0x00000000f5600000,0x00000000f5600000,0x00000000fab00000)
 ParOldGen       total 1398272K, used 23577K [0x0000000080000000, 0x00000000d5580000, 0x00000000d5580000)
  object space 1398272K, 1% used [0x0000000080000000,0x0000000081706780,0x00000000d5580000)
 Metaspace       used 57443K, capacity 58890K, committed 59028K, reserved 1101824K
  class space    used 6647K, capacity 6925K, committed 7000K, reserved 1048576K
}
Event: 17.837 GC heap before
{Heap before GC invocations=7 (full 3):
 PSYoungGen      total 611840K, used 17324K [0x00000000d5580000, 0x0000000100000000, 0x0000000100000000)
  eden space 524800K, 0% used [0x00000000d5580000,0x00000000d5580000,0x00000000f5600000)
  from space 87040K, 19% used [0x00000000fab00000,0x00000000fbbeb138,0x0000000100000000)
  to   space 87040K, 0% used [0x00000000f5600000,0x00000000f5600000,0x00000000fab00000)
 ParOldGen       total 1398272K, used 23577K [0x0000000080000000, 0x00000000d5580000, 0x00000000d5580000)
  object space 1398272K, 1% used [0x0000000080000000,0x0000000081706780,0x00000000d5580000)
 Metaspace       used 57443K, capacity 58890K, committed 59028K, reserved 1101824K
  class space    used 6647K, capacity 6925K, committed 7000K, reserved 1048576K
Event: 18.074 GC heap after
Heap after GC invocations=7 (full 3):
 PSYoungGen      total 611840K, used 0K [0x00000000d5580000, 0x0000000100000000, 0x0000000100000000)
  eden space 524800K, 0% used [0x00000000d5580000,0x00000000d5580000,0x00000000f5600000)
  from space 87040K, 0% used [0x00000000fab00000,0x00000000fab00000,0x0000000100000000)
  to   space 87040K, 0% used [0x00000000f5600000,0x00000000f5600000,0x00000000fab00000)
 ParOldGen       total 1398272K, used 29008K [0x0000000080000000, 0x00000000d5580000, 0x00000000d5580000)
  object space 1398272K, 2% used [0x0000000080000000,0x0000000081c54238,0x00000000d5580000)
 Metaspace       used 57417K, capacity 58822K, committed 59028K, reserved 1101824K
  class space    used 6638K, capacity 6909K, committed 7000K, reserved 1048576K
}
Event: 33.084 GC heap before
{Heap before GC invocations=8 (full 3):
 PSYoungGen      total 611840K, used 524085K [0x00000000d5580000, 0x0000000100000000, 0x0000000100000000)
  eden space 524800K, 99% used [0x00000000d5580000,0x00000000f554d568,0x00000000f5600000)
  from space 87040K, 0% used [0x00000000fab00000,0x00000000fab00000,0x0000000100000000)
  to   space 87040K, 0% used [0x00000000f5600000,0x00000000f5600000,0x00000000fab00000)
 ParOldGen       total 1398272K, used 29008K [0x0000000080000000, 0x00000000d5580000, 0x00000000d5580000)
  object space 1398272K, 2% used [0x0000000080000000,0x0000000081c54238,0x00000000d5580000)
 Metaspace       used 64729K, capacity 67716K, committed 67928K, reserved 1110016K
  class space    used 7440K, capacity 7968K, committed 8024K, reserved 1048576K
Event: 33.240 GC heap after
Heap after GC invocations=8 (full 3):
 PSYoungGen      total 611840K, used 87037K [0x00000000d5580000, 0x00000000ff100000, 0x0000000100000000)
  eden space 524800K, 0% used [0x00000000d5580000,0x00000000d5580000,0x00000000f5600000)
  from space 87040K, 99% used [0x00000000f5600000,0x00000000faaff6a0,0x00000000fab00000)
  to   space 71680K, 0% used [0x00000000fab00000,0x00000000fab00000,0x00000000ff100000)
 ParOldGen       total 1398272K, used 35807K [0x0000000080000000, 0x00000000d5580000, 0x00000000d5580000)
  object space 1398272K, 2% used [0x0000000080000000,0x00000000822f7cc0,0x00000000d5580000)
 Metaspace       used 64729K, capacity 67716K, committed 67928K, reserved 1110016K
  class space    used 7440K, capacity 7968K, committed 8024K, reserved 1048576K
}
Event: 75.555 GC heap before
{Heap before GC invocations=9 (full 3):
 PSYoungGen      total 611840K, used 610724K [0x00000000d5580000, 0x00000000ff100000, 0x0000000100000000)
  eden space 524800K, 99% used [0x00000000d5580000,0x00000000f54e9ae0,0x00000000f5600000)
  from space 87040K, 99% used [0x00000000f5600000,0x00000000faaff6a0,0x00000000fab00000)
  to   space 71680K, 0% used [0x00000000fab00000,0x00000000fab00000,0x00000000ff100000)
 ParOldGen       total 1398272K, used 35807K [0x0000000080000000, 0x00000000d5580000, 0x00000000d5580000)
  object space 1398272K, 2% used [0x0000000080000000,0x00000000822f7cc0,0x00000000d5580000)
 Metaspace       used 66786K, capacity 69912K, committed 70104K, reserved 1112064K
  class space    used 7551K, capacity 8106K, committed 8152K, reserved 1048576K
Event: 75.781 GC heap after
Heap after GC invocations=9 (full 3):
 PSYoungGen      total 496128K, used 71654K [0x00000000d5580000, 0x0000000100000000, 0x0000000100000000)
  eden space 424448K, 0% used [0x00000000d5580000,0x00000000d5580000,0x00000000ef400000)
  from space 71680K, 99% used [0x00000000fab00000,0x00000000ff0f9bb8,0x00000000ff100000)
  to   space 137216K, 0% used [0x00000000ef400000,0x00000000ef400000,0x00000000f7a00000)
 ParOldGen       total 1398272K, used 114456K [0x0000000080000000, 0x00000000d5580000, 0x00000000d5580000)
  object space 1398272K, 8% used [0x0000000080000000,0x0000000086fc6318,0x00000000d5580000)
 Metaspace       used 66786K, capacity 69912K, committed 70104K, reserved 1112064K
  class space    used 7551K, capacity 8106K, committed 8152K, reserved 1048576K
}
Event: 98.383 GC heap before
{Heap before GC invocations=10 (full 3):
 PSYoungGen      total 496128K, used 496102K [0x00000000d5580000, 0x0000000100000000, 0x0000000100000000)
  eden space 424448K, 100% used [0x00000000d5580000,0x00000000ef400000,0x00000000ef400000)
  from space 71680K, 99% used [0x00000000fab00000,0x00000000ff0f9bb8,0x00000000ff100000)
  to   space 137216K, 0% used [0x00000000ef400000,0x00000000ef400000,0x00000000f7a00000)
 ParOldGen       total 1398272K, used 114456K [0x0000000080000000, 0x00000000d5580000, 0x00000000d5580000)
  object space 1398272K, 8% used [0x0000000080000000,0x0000000086fc6318,0x00000000d5580000)
 Metaspace       used 67847K, capacity 71172K, committed 71512K, reserved 1112064K
  class space    used 7621K, capacity 8194K, committed 8280K, reserved 1048576K
Event: 98.467 GC heap after
Heap after GC invocations=10 (full 3):
 PSYoungGen      total 561664K, used 30980K [0x00000000d5580000, 0x0000000100000000, 0x0000000100000000)
  eden space 424448K, 0% used [0x00000000d5580000,0x00000000d5580000,0x00000000ef400000)
  from space 137216K, 22% used [0x00000000ef400000,0x00000000f1241250,0x00000000f7a00000)
  to   space 130560K, 0% used [0x00000000f8080000,0x00000000f8080000,0x0000000100000000)
 ParOldGen       total 1398272K, used 114464K [0x0000000080000000, 0x00000000d5580000, 0x00000000d5580000)
  object space 1398272K, 8% used [0x0000000080000000,0x0000000086fc8318,0x00000000d5580000)
 Metaspace       used 67847K, capacity 71172K, committed 71512K, reserved 1112064K
  class space    used 7621K, capacity 8194K, committed 8280K, reserved 1048576K
}

