# JRE version: OpenJDK Runtime Environment (8.0_212-b04) (build 1.8.0_212-b04)
# Java VM: OpenJDK 64-Bit Server VM (25.212-b04 mixed mode linux-amd64 compressed oops)
Heap:
 PSYoungGen      total 603136K, used 228570K [0x00000000d5580000, 0x0000000100000000, 0x0000000100000000)
  eden space 524800K, 28% used [0x00000000d5580000,0x00000000de89ca30,0x00000000f5600000)
  from space 78336K, 99% used [0x00000000f5600000,0x00000000fa21a078,0x00000000fa280000)
  to   space 87552K, 0% used [0x00000000faa80000,0x00000000faa80000,0x0000000100000000)
 ParOldGen       total 1398272K, used 44674K [0x0000000080000000, 0x00000000d5580000, 0x00000000d5580000)
  object space 1398272K, 3% used [0x0000000080000000,0x0000000082ba0928,0x00000000d5580000)
 Metaspace       used 66843K, capacity 69944K, committed 70144K, reserved 1112064K
  class space    used 7559K, capacity 8088K, committed 8192K, reserved 1048576K
GC Heap History (10 events):
Event: 17.904 GC heap before
{Heap before GC invocations=4 (full 2):
 PSYoungGen      total 611840K, used 19369K [0x00000000d5580000, 0x0000000100000000, 0x0000000100000000)
  eden space 524800K, 0% used [0x00000000d5580000,0x00000000d5580000,0x00000000f5600000)
  from space 87040K, 22% used [0x00000000fab00000,0x00000000fbdea7d8,0x0000000100000000)
  to   space 87040K, 0% used [0x00000000f5600000,0x00000000f5600000,0x00000000fab00000)
 ParOldGen       total 872960K, used 13742K [0x0000000080000000, 0x00000000b5480000, 0x00000000d5580000)
  object space 872960K, 1% used [0x0000000080000000,0x0000000080d6b920,0x00000000b5480000)
 Metaspace       used 34811K, capacity 35190K, committed 35416K, reserved 1081344K
  class space    used 3974K, capacity 4091K, committed 4096K, reserved 1048576K
Event: 18.052 GC heap after
Heap after GC invocations=4 (full 2):
 PSYoungGen      total 611840K, used 0K [0x00000000d5580000, 0x0000000100000000, 0x0000000100000000)
  eden space 524800K, 0% used [0x00000000d5580000,0x00000000d5580000,0x00000000f5600000)
  from space 87040K, 0% used [0x00000000fab00000,0x00000000fab00000,0x0000000100000000)
  to   space 87040K, 0% used [0x00000000f5600000,0x00000000f5600000,0x00000000fab00000)
 ParOldGen       total 1398272K, used 23708K [0x0000000080000000, 0x00000000d5580000, 0x00000000d5580000)
  object space 1398272K, 1% used [0x0000000080000000,0x00000000817271f8,0x00000000d5580000)
 Metaspace       used 34811K, capacity 35190K, committed 35416K, reserved 1081344K
  class space    used 3974K, capacity 4091K, committed 4096K, reserved 1048576K
}
Event: 34.400 GC heap before
{Heap before GC invocations=5 (full 2):
 PSYoungGen      total 611840K, used 492661K [0x00000000d5580000, 0x0000000100000000, 0x0000000100000000)
  eden space 524800K, 93% used [0x00000000d5580000,0x00000000f369d428,0x00000000f5600000)
  from space 87040K, 0% used [0x00000000fab00000,0x00000000fab00000,0x0000000100000000)
  to   space 87040K, 0% used [0x00000000f5600000,0x00000000f5600000,0x00000000fab00000)
 ParOldGen       total 1398272K, used 23708K [0x0000000080000000, 0x00000000d5580000, 0x00000000d5580000)
  object space 1398272K, 1% used [0x0000000080000000,0x00000000817271f8,0x00000000d5580000)
 Metaspace       used 57440K, capacity 58806K, committed 59008K, reserved 1101824K
  class space    used 6638K, capacity 6935K, committed 7040K, reserved 1048576K
Event: 34.503 GC heap after
Heap after GC invocations=5 (full 2):
 PSYoungGen      total 611840K, used 34043K [0x00000000d5580000, 0x0000000100000000, 0x0000000100000000)
  eden space 524800K, 0% used [0x00000000d5580000,0x00000000d5580000,0x00000000f5600000)
  from space 87040K, 39% used [0x00000000f5600000,0x00000000f773ef90,0x00000000fab00000)
  to   space 87040K, 0% used [0x00000000fab00000,0x00000000fab00000,0x0000000100000000)
 ParOldGen       total 1398272K, used 23716K [0x0000000080000000, 0x00000000d5580000, 0x00000000d5580000)
  object space 1398272K, 1% used [0x0000000080000000,0x00000000817291f8,0x00000000d5580000)
 Metaspace       used 57440K, capacity 58806K, committed 59008K, reserved 1101824K
  class space    used 6638K, capacity 6935K, committed 7040K, reserved 1048576K
}
Event: 34.503 GC heap before
{Heap before GC invocations=6 (full 3):
 PSYoungGen      total 611840K, used 34043K [0x00000000d5580000, 0x0000000100000000, 0x0000000100000000)
  eden space 524800K, 0% used [0x00000000d5580000,0x00000000d5580000,0x00000000f5600000)
  from space 87040K, 39% used [0x00000000f5600000,0x00000000f773ef90,0x00000000fab00000)
  to   space 87040K, 0% used [0x00000000fab00000,0x00000000fab00000,0x0000000100000000)
 ParOldGen       total 1398272K, used 23716K [0x0000000080000000, 0x00000000d5580000, 0x00000000d5580000)
  object space 1398272K, 1% used [0x0000000080000000,0x00000000817291f8,0x00000000d5580000)
 Metaspace       used 57440K, capacity 58806K, committed 59008K, reserved 1101824K
  class space    used 6638K, capacity 6935K, committed 7040K, reserved 1048576K
Event: 34.740 GC heap after
Heap after GC invocations=6 (full 3):
 PSYoungGen      total 611840K, used 0K [0x00000000d5580000, 0x0000000100000000, 0x0000000100000000)
  eden space 524800K, 0% used [0x00000000d5580000,0x00000000d5580000,0x00000000f5600000)
  from space 87040K, 0% used [0x00000000f5600000,0x00000000f5600000,0x00000000fab00000)
  to   space 87040K, 0% used [0x00000000fab00000,0x00000000fab00000,0x0000000100000000)
 ParOldGen       total 1398272K, used 44658K [0x0000000080000000, 0x00000000d5580000, 0x00000000d5580000)
  object space 1398272K, 3% used [0x0000000080000000,0x0000000082b9c928,0x00000000d5580000)
 Metaspace       used 57410K, capacity 58738K, committed 59008K, reserved 1101824K
  class space    used 6628K, capacity 6917K, committed 7040K, reserved 1048576K
}
Event: 88.258 GC heap before
{Heap before GC invocations=7 (full 3):
 PSYoungGen      total 611840K, used 524800K [0x00000000d5580000, 0x0000000100000000, 0x0000000100000000)
  eden space 524800K, 100% used [0x00000000d5580000,0x00000000f5600000,0x00000000f5600000)
  from space 87040K, 0% used [0x00000000f5600000,0x00000000f5600000,0x00000000fab00000)
  to   space 87040K, 0% used [0x00000000fab00000,0x00000000fab00000,0x0000000100000000)
 ParOldGen       total 1398272K, used 44658K [0x0000000080000000, 0x00000000d5580000, 0x00000000d5580000)
  object space 1398272K, 3% used [0x0000000080000000,0x0000000082b9c928,0x00000000d5580000)
 Metaspace       used 65538K, capacity 68428K, committed 68736K, reserved 1110016K
  class space    used 7491K, capacity 7980K, committed 8064K, reserved 1048576K
Event: 88.375 GC heap after
Heap after GC invocations=7 (full 3):
 PSYoungGen      total 611840K, used 58102K [0x00000000d5580000, 0x0000000100000000, 0x0000000100000000)
  eden space 524800K, 0% used [0x00000000d5580000,0x00000000d5580000,0x00000000f5600000)
  from space 87040K, 66% used [0x00000000fab00000,0x00000000fe3bda08,0x0000000100000000)
  to   space 87040K, 0% used [0x00000000f5600000,0x00000000f5600000,0x00000000fab00000)
 ParOldGen       total 1398272K, used 44666K [0x0000000080000000, 0x00000000d5580000, 0x00000000d5580000)
  object space 1398272K, 3% used [0x0000000080000000,0x0000000082b9e928,0x00000000d5580000)
 Metaspace       used 65538K, capacity 68428K, committed 68736K, reserved 1110016K
  class space    used 7491K, capacity 7980K, committed 8064K, reserved 1048576K
}
Event: 96.012 GC heap before
{Heap before GC invocations=8 (full 3):
 PSYoungGen      total 611840K, used 578310K [0x00000000d5580000, 0x0000000100000000, 0x0000000100000000)
  eden space 524800K, 99% used [0x00000000d5580000,0x00000000f5183fe8,0x00000000f5600000)
  from space 87040K, 66% used [0x00000000fab00000,0x00000000fe3bda08,0x0000000100000000)
  to   space 87040K, 0% used [0x00000000f5600000,0x00000000f5600000,0x00000000fab00000)
 ParOldGen       total 1398272K, used 44666K [0x0000000080000000, 0x00000000d5580000, 0x00000000d5580000)
  object space 1398272K, 3% used [0x0000000080000000,0x0000000082b9e928,0x00000000d5580000)
 Metaspace       used 66685K, capacity 69774K, committed 69888K, reserved 1112064K
  class space    used 7558K, capacity 8087K, committed 8192K, reserved 1048576K
Event: 96.142 GC heap after
Heap after GC invocations=8 (full 3):
 PSYoungGen      total 603136K, used 77928K [0x00000000d5580000, 0x0000000100000000, 0x0000000100000000)
  eden space 524800K, 0% used [0x00000000d5580000,0x00000000d5580000,0x00000000f5600000)
  from space 78336K, 99% used [0x00000000f5600000,0x00000000fa21a078,0x00000000fa280000)
  to   space 87552K, 0% used [0x00000000faa80000,0x00000000faa80000,0x0000000100000000)
 ParOldGen       total 1398272K, used 44674K [0x0000000080000000, 0x00000000d5580000, 0x00000000d5580000)
  object space 1398272K, 3% used [0x0000000080000000,0x0000000082ba0928,0x00000000d5580000)
 Metaspace       used 66685K, capacity 69774K, committed 69888K, reserved 1112064K
  class space    used 7558K, capacity 8087K, committed 8192K, reserved 1048576K
}

