# JRE version: OpenJDK Runtime Environment (8.0_212-b04) (build 1.8.0_212-b04)
# Java VM: OpenJDK 64-Bit Server VM (25.212-b04 mixed mode linux-amd64 compressed oops)
Heap:
 PSYoungGen      total 611840K, used 520327K [0x00000000d5580000, 0x0000000100000000, 0x0000000100000000)
  eden space 524800K, 99% used [0x00000000d5580000,0x00000000f51a1d58,0x00000000f5600000)
  from space 87040K, 0% used [0x00000000fab00000,0x00000000fab00000,0x0000000100000000)
  to   space 87040K, 0% used [0x00000000f5600000,0x00000000f5600000,0x00000000fab00000)
 ParOldGen       total 1398272K, used 22946K [0x0000000080000000, 0x00000000d5580000, 0x00000000d5580000)
  object space 1398272K, 1% used [0x0000000080000000,0x0000000081668a58,0x00000000d5580000)
 Metaspace       used 52470K, capacity 54018K, committed 54104K, reserved 1097728K
  class space    used 6187K, capacity 6481K, committed 6488K, reserved 1048576K
GC Heap History (8 events):
Event: 2.195 GC heap before
{Heap before GC invocations=1 (full 0):
 PSYoungGen      total 611840K, used 199425K [0x00000000d5580000, 0x0000000100000000, 0x0000000100000000)
  eden space 524800K, 38% used [0x00000000d5580000,0x00000000e1840638,0x00000000f5600000)
  from space 87040K, 0% used [0x00000000fab00000,0x00000000fab00000,0x0000000100000000)
  to   space 87040K, 0% used [0x00000000f5600000,0x00000000f5600000,0x00000000fab00000)
 ParOldGen       total 1398272K, used 0K [0x0000000080000000, 0x00000000d5580000, 0x00000000d5580000)
  object space 1398272K, 0% used [0x0000000080000000,0x0000000080000000,0x00000000d5580000)
 Metaspace       used 20878K, capacity 21138K, committed 21248K, reserved 1069056K
  class space    used 2357K, capacity 2450K, committed 2560K, reserved 1048576K
Event: 2.228 GC heap after
Heap after GC invocations=1 (full 0):
 PSYoungGen      total 611840K, used 14228K [0x00000000d5580000, 0x0000000100000000, 0x0000000100000000)
  eden space 524800K, 0% used [0x00000000d5580000,0x00000000d5580000,0x00000000f5600000)
  from space 87040K, 16% used [0x00000000f5600000,0x00000000f63e52b8,0x00000000fab00000)
  to   space 87040K, 0% used [0x00000000fab00000,0x00000000fab00000,0x0000000100000000)
 ParOldGen       total 1398272K, used 80K [0x0000000080000000, 0x00000000d5580000, 0x00000000d5580000)
  object space 1398272K, 0% used [0x0000000080000000,0x0000000080014010,0x00000000d5580000)
 Metaspace       used 20878K, capacity 21138K, committed 21248K, reserved 1069056K
  class space    used 2357K, capacity 2450K, committed 2560K, reserved 1048576K
}
Event: 2.228 GC heap before
{Heap before GC invocations=2 (full 1):
 PSYoungGen      total 611840K, used 14228K [0x00000000d5580000, 0x0000000100000000, 0x0000000100000000)
  eden space 524800K, 0% used [0x00000000d5580000,0x00000000d5580000,0x00000000f5600000)
  from space 87040K, 16% used [0x00000000f5600000,0x00000000f63e52b8,0x00000000fab00000)
  to   space 87040K, 0% used [0x00000000fab00000,0x00000000fab00000,0x0000000100000000)
 ParOldGen       total 1398272K, used 80K [0x0000000080000000, 0x00000000d5580000, 0x00000000d5580000)
  object space 1398272K, 0% used [0x0000000080000000,0x0000000080014010,0x00000000d5580000)
 Metaspace       used 20878K, capacity 21138K, committed 21248K, reserved 1069056K
  class space    used 2357K, capacity 2450K, committed 2560K, reserved 1048576K
Event: 2.289 GC heap after
Heap after GC invocations=2 (full 1):
 PSYoungGen      total 611840K, used 0K [0x00000000d5580000, 0x0000000100000000, 0x0000000100000000)
  eden space 524800K, 0% used [0x00000000d5580000,0x00000000d5580000,0x00000000f5600000)
  from space 87040K, 0% used [0x00000000f5600000,0x00000000f5600000,0x00000000fab00000)
  to   space 87040K, 0% used [0x00000000fab00000,0x00000000fab00000,0x0000000100000000)
 ParOldGen       total 880128K, used 13714K [0x0000000080000000, 0x00000000b5b80000, 0x00000000d5580000)
  object space 880128K, 1% used [0x0000000080000000,0x0000000080d64b50,0x00000000b5b80000)
 Metaspace       used 20878K, capacity 21138K, committed 21248K, reserved 1069056K
  class space    used 2357K, capacity 2450K, committed 2560K, reserved 1048576K
}
Event: 4.796 GC heap before
{Heap before GC invocations=3 (full 1):
 PSYoungGen      total 611840K, used 382320K [0x00000000d5580000, 0x0000000100000000, 0x0000000100000000)
  eden space 524800K, 72% used [0x00000000d5580000,0x00000000ecadc3a0,0x00000000f5600000)
  from space 87040K, 0% used [0x00000000f5600000,0x00000000f5600000,0x00000000fab00000)
  to   space 87040K, 0% used [0x00000000fab00000,0x00000000fab00000,0x0000000100000000)
 ParOldGen       total 880128K, used 13714K [0x0000000080000000, 0x00000000b5b80000, 0x00000000d5580000)
  object space 880128K, 1% used [0x0000000080000000,0x0000000080d64b50,0x00000000b5b80000)
 Metaspace       used 34774K, capacity 35278K, committed 35416K, reserved 1081344K
  class space    used 3975K, capacity 4099K, committed 4184K, reserved 1048576K
Event: 4.839 GC heap after
Heap after GC invocations=3 (full 1):
 PSYoungGen      total 611840K, used 18608K [0x00000000d5580000, 0x0000000100000000, 0x0000000100000000)
  eden space 524800K, 0% used [0x00000000d5580000,0x00000000d5580000,0x00000000f5600000)
  from space 87040K, 21% used [0x00000000fab00000,0x00000000fbd2c3e8,0x0000000100000000)
  to   space 87040K, 0% used [0x00000000f5600000,0x00000000f5600000,0x00000000fab00000)
 ParOldGen       total 880128K, used 13714K [0x0000000080000000, 0x00000000b5b80000, 0x00000000d5580000)
  object space 880128K, 1% used [0x0000000080000000,0x0000000080d64b50,0x00000000b5b80000)
 Metaspace       used 34774K, capacity 35278K, committed 35416K, reserved 1081344K
  class space    used 3975K, capacity 4099K, committed 4184K, reserved 1048576K
}
Event: 4.839 GC heap before
{Heap before GC invocations=4 (full 2):
 PSYoungGen      total 611840K, used 18608K [0x00000000d5580000, 0x0000000100000000, 0x0000000100000000)
  eden space 524800K, 0% used [0x00000000d5580000,0x00000000d5580000,0x00000000f5600000)
  from space 87040K, 21% used [0x00000000fab00000,0x00000000fbd2c3e8,0x0000000100000000)
  to   space 87040K, 0% used [0x00000000f5600000,0x00000000f5600000,0x00000000fab00000)
 ParOldGen       total 880128K, used 13714K [0x0000000080000000, 0x00000000b5b80000, 0x00000000d5580000)
  object space 880128K, 1% used [0x0000000080000000,0x0000000080d64b50,0x00000000b5b80000)
 Metaspace       used 34774K, capacity 35278K, committed 35416K, reserved 1081344K
  class space    used 3975K, capacity 4099K, committed 4184K, reserved 1048576K
Event: 4.950 GC heap after
Heap after GC invocations=4 (full 2):
 PSYoungGen      total 611840K, used 0K [0x00000000d5580000, 0x0000000100000000, 0x0000000100000000)
  eden space 524800K, 0% used [0x00000000d5580000,0x00000000d5580000,0x00000000f5600000)
  from space 87040K, 0% used [0x00000000fab00000,0x00000000fab00000,0x0000000100000000)
  to   space 87040K, 0% used [0x00000000f5600000,0x00000000f5600000,0x00000000fab00000)
 ParOldGen       total 1398272K, used 22946K [0x0000000080000000, 0x00000000d5580000, 0x00000000d5580000)
  object space 1398272K, 1% used [0x0000000080000000,0x0000000081668a58,0x00000000d5580000)
 Metaspace       used 34774K, capacity 35278K, committed 35416K, reserved 1081344K
  class space    used 3975K, capacity 4099K, committed 4184K, reserved 1048576K
}

