# JRE version: OpenJDK Runtime Environment (8.0_212-b04) (build 1.8.0_212-b04)
# Java VM: OpenJDK 64-Bit Server VM (25.212-b04 mixed mode linux-amd64 compressed oops)
Heap:
 PSYoungGen      total 586240K, used 544278K [0x00000000d5580000, 0x0000000100000000, 0x0000000100000000)
  eden space 539136K, 93% used [0x00000000d5580000,0x00000000f43441f8,0x00000000f6400000)
  from space 47104K, 82% used [0x00000000fa000000,0x00000000fc5c16f0,0x00000000fce00000)
  to   space 61440K, 0% used [0x00000000f6400000,0x00000000f6400000,0x00000000fa000000)
 ParOldGen       total 1398272K, used 32469K [0x0000000080000000, 0x00000000d5580000, 0x00000000d5580000)
  object space 1398272K, 2% used [0x0000000080000000,0x0000000081fb5730,0x00000000d5580000)
 Metaspace       used 82032K, capacity 85752K, committed 86016K, reserved 1126400K
  class space    used 9238K, capacity 9870K, committed 9984K, reserved 1048576K
GC Heap History (10 events):
Event: 7.005 GC heap before
{Heap before GC invocations=5 (full 2):
 PSYoungGen      total 611840K, used 524800K [0x00000000d5580000, 0x0000000100000000, 0x0000000100000000)
  eden space 524800K, 100% used [0x00000000d5580000,0x00000000f5600000,0x00000000f5600000)
  from space 87040K, 0% used [0x00000000fab00000,0x00000000fab00000,0x0000000100000000)
  to   space 87040K, 0% used [0x00000000f5600000,0x00000000f5600000,0x00000000fab00000)
 ParOldGen       total 1398272K, used 24300K [0x0000000080000000, 0x00000000d5580000, 0x00000000d5580000)
  object space 1398272K, 1% used [0x0000000080000000,0x00000000817bb168,0x00000000d5580000)
 Metaspace       used 49294K, capacity 50076K, committed 50432K, reserved 1093632K
  class space    used 5878K, capacity 6084K, committed 6144K, reserved 1048576K
Event: 7.054 GC heap after
Heap after GC invocations=5 (full 2):
 PSYoungGen      total 611840K, used 20343K [0x00000000d5580000, 0x0000000100000000, 0x0000000100000000)
  eden space 524800K, 0% used [0x00000000d5580000,0x00000000d5580000,0x00000000f5600000)
  from space 87040K, 23% used [0x00000000f5600000,0x00000000f69dde00,0x00000000fab00000)
  to   space 87040K, 0% used [0x00000000fab00000,0x00000000fab00000,0x0000000100000000)
 ParOldGen       total 1398272K, used 24308K [0x0000000080000000, 0x00000000d5580000, 0x00000000d5580000)
  object space 1398272K, 1% used [0x0000000080000000,0x00000000817bd168,0x00000000d5580000)
 Metaspace       used 49294K, capacity 50076K, committed 50432K, reserved 1093632K
  class space    used 5878K, capacity 6084K, committed 6144K, reserved 1048576K
}
Event: 11.439 GC heap before
{Heap before GC invocations=6 (full 2):
 PSYoungGen      total 611840K, used 310733K [0x00000000d5580000, 0x0000000100000000, 0x0000000100000000)
  eden space 524800K, 55% used [0x00000000d5580000,0x00000000e7115740,0x00000000f5600000)
  from space 87040K, 23% used [0x00000000f5600000,0x00000000f69dde00,0x00000000fab00000)
  to   space 87040K, 0% used [0x00000000fab00000,0x00000000fab00000,0x0000000100000000)
 ParOldGen       total 1398272K, used 24308K [0x0000000080000000, 0x00000000d5580000, 0x00000000d5580000)
  object space 1398272K, 1% used [0x0000000080000000,0x00000000817bd168,0x00000000d5580000)
 Metaspace       used 57737K, capacity 58898K, committed 59028K, reserved 1101824K
  class space    used 6944K, capacity 7163K, committed 7168K, reserved 1048576K
Event: 11.489 GC heap after
Heap after GC invocations=6 (full 2):
 PSYoungGen      total 611840K, used 19972K [0x00000000d5580000, 0x0000000100000000, 0x0000000100000000)
  eden space 524800K, 0% used [0x00000000d5580000,0x00000000d5580000,0x00000000f5600000)
  from space 87040K, 22% used [0x00000000fab00000,0x00000000fbe812f0,0x0000000100000000)
  to   space 87040K, 0% used [0x00000000f5600000,0x00000000f5600000,0x00000000fab00000)
 ParOldGen       total 1398272K, used 24316K [0x0000000080000000, 0x00000000d5580000, 0x00000000d5580000)
  object space 1398272K, 1% used [0x0000000080000000,0x00000000817bf168,0x00000000d5580000)
 Metaspace       used 57737K, capacity 58898K, committed 59028K, reserved 1101824K
  class space    used 6944K, capacity 7163K, committed 7168K, reserved 1048576K
}
Event: 11.489 GC heap before
{Heap before GC invocations=7 (full 3):
 PSYoungGen      total 611840K, used 19972K [0x00000000d5580000, 0x0000000100000000, 0x0000000100000000)
  eden space 524800K, 0% used [0x00000000d5580000,0x00000000d5580000,0x00000000f5600000)
  from space 87040K, 22% used [0x00000000fab00000,0x00000000fbe812f0,0x0000000100000000)
  to   space 87040K, 0% used [0x00000000f5600000,0x00000000f5600000,0x00000000fab00000)
 ParOldGen       total 1398272K, used 24316K [0x0000000080000000, 0x00000000d5580000, 0x00000000d5580000)
  object space 1398272K, 1% used [0x0000000080000000,0x00000000817bf168,0x00000000d5580000)
 Metaspace       used 57737K, capacity 58898K, committed 59028K, reserved 1101824K
  class space    used 6944K, capacity 7163K, committed 7168K, reserved 1048576K
Event: 11.828 GC heap after
Heap after GC invocations=7 (full 3):
 PSYoungGen      total 611840K, used 0K [0x00000000d5580000, 0x0000000100000000, 0x0000000100000000)
  eden space 524800K, 0% used [0x00000000d5580000,0x00000000d5580000,0x00000000f5600000)
  from space 87040K, 0% used [0x00000000fab00000,0x00000000fab00000,0x0000000100000000)
  to   space 87040K, 0% used [0x00000000f5600000,0x00000000f5600000,0x00000000fab00000)
 ParOldGen       total 1398272K, used 32453K [0x0000000080000000, 0x00000000d5580000, 0x00000000d5580000)
  object space 1398272K, 2% used [0x0000000080000000,0x0000000081fb1730,0x00000000d5580000)
 Metaspace       used 57678K, capacity 58752K, committed 59028K, reserved 1101824K
  class space    used 6922K, capacity 7126K, committed 7168K, reserved 1048576K
}
Event: 25.588 GC heap before
{Heap before GC invocations=8 (full 3):
 PSYoungGen      total 611840K, used 523930K [0x00000000d5580000, 0x0000000100000000, 0x0000000100000000)
  eden space 524800K, 99% used [0x00000000d5580000,0x00000000f5526878,0x00000000f5600000)
  from space 87040K, 0% used [0x00000000fab00000,0x00000000fab00000,0x0000000100000000)
  to   space 87040K, 0% used [0x00000000f5600000,0x00000000f5600000,0x00000000fab00000)
 ParOldGen       total 1398272K, used 32453K [0x0000000080000000, 0x00000000d5580000, 0x00000000d5580000)
  object space 1398272K, 2% used [0x0000000080000000,0x0000000081fb1730,0x00000000d5580000)
 Metaspace       used 76470K, capacity 79124K, committed 79360K, reserved 1120256K
  class space    used 8910K, capacity 9408K, committed 9472K, reserved 1048576K
Event: 25.723 GC heap after
Heap after GC invocations=8 (full 3):
 PSYoungGen      total 600576K, used 75754K [0x00000000d5580000, 0x00000000fce00000, 0x0000000100000000)
  eden space 524800K, 0% used [0x00000000d5580000,0x00000000d5580000,0x00000000f5600000)
  from space 75776K, 99% used [0x00000000f5600000,0x00000000f9ffaa10,0x00000000fa000000)
  to   space 47104K, 0% used [0x00000000fa000000,0x00000000fa000000,0x00000000fce00000)
 ParOldGen       total 1398272K, used 32461K [0x0000000080000000, 0x00000000d5580000, 0x00000000d5580000)
  object space 1398272K, 2% used [0x0000000080000000,0x0000000081fb3730,0x00000000d5580000)
 Metaspace       used 76470K, capacity 79124K, committed 79360K, reserved 1120256K
  class space    used 8910K, capacity 9408K, committed 9472K, reserved 1048576K
}
Event: 35.221 GC heap before
{Heap before GC invocations=9 (full 3):
 PSYoungGen      total 600576K, used 600401K [0x00000000d5580000, 0x00000000fce00000, 0x0000000100000000)
  eden space 524800K, 99% used [0x00000000d5580000,0x00000000f55d9be0,0x00000000f5600000)
  from space 75776K, 99% used [0x00000000f5600000,0x00000000f9ffaa10,0x00000000fa000000)
  to   space 47104K, 0% used [0x00000000fa000000,0x00000000fa000000,0x00000000fce00000)
 ParOldGen       total 1398272K, used 32461K [0x0000000080000000, 0x00000000d5580000, 0x00000000d5580000)
  object space 1398272K, 2% used [0x0000000080000000,0x0000000081fb3730,0x00000000d5580000)
 Metaspace       used 81009K, capacity 84652K, committed 84864K, reserved 1124352K
  class space    used 9205K, capacity 9848K, committed 9856K, reserved 1048576K
Event: 35.279 GC heap after
Heap after GC invocations=9 (full 3):
 PSYoungGen      total 586240K, used 38661K [0x00000000d5580000, 0x0000000100000000, 0x0000000100000000)
  eden space 539136K, 0% used [0x00000000d5580000,0x00000000d5580000,0x00000000f6400000)
  from space 47104K, 82% used [0x00000000fa000000,0x00000000fc5c16f0,0x00000000fce00000)
  to   space 61440K, 0% used [0x00000000f6400000,0x00000000f6400000,0x00000000fa000000)
 ParOldGen       total 1398272K, used 32469K [0x0000000080000000, 0x00000000d5580000, 0x00000000d5580000)
  object space 1398272K, 2% used [0x0000000080000000,0x0000000081fb5730,0x00000000d5580000)
 Metaspace       used 81009K, capacity 84652K, committed 84864K, reserved 1124352K
  class space    used 9205K, capacity 9848K, committed 9856K, reserved 1048576K
}

