# JRE version: OpenJDK Runtime Environment (8.0_212-b04) (build 1.8.0_212-b04)
# Java VM: OpenJDK 64-Bit Server VM (25.212-b04 mixed mode linux-amd64 compressed oops)
Heap:
 PSYoungGen      total 611840K, used 523838K [0x00000000d5580000, 0x0000000100000000, 0x0000000100000000)
  eden space 524800K, 99% used [0x00000000d5580000,0x00000000f550fb88,0x00000000f5600000)
  from space 87040K, 0% used [0x00000000f5600000,0x00000000f5600000,0x00000000fab00000)
  to   space 87040K, 0% used [0x00000000fab00000,0x00000000fab00000,0x0000000100000000)
 ParOldGen       total 1398272K, used 44510K [0x0000000080000000, 0x00000000d5580000, 0x00000000d5580000)
  object space 1398272K, 3% used [0x0000000080000000,0x0000000082b77a00,0x00000000d5580000)
 Metaspace       used 66605K, capacity 69460K, committed 69632K, reserved 1110016K
  class space    used 7579K, capacity 8104K, committed 8192K, reserved 1048576K
GC Heap History (10 events):
Event: 2.300 GC heap before
{Heap before GC invocations=2 (full 1):
 PSYoungGen      total 611840K, used 14349K [0x00000000d5580000, 0x0000000100000000, 0x0000000100000000)
  eden space 524800K, 0% used [0x00000000d5580000,0x00000000d5580000,0x00000000f5600000)
  from space 87040K, 16% used [0x00000000f5600000,0x00000000f6403438,0x00000000fab00000)
  to   space 87040K, 0% used [0x00000000fab00000,0x00000000fab00000,0x0000000100000000)
 ParOldGen       total 1398272K, used 80K [0x0000000080000000, 0x00000000d5580000, 0x00000000d5580000)
  object space 1398272K, 0% used [0x0000000080000000,0x0000000080014010,0x00000000d5580000)
 Metaspace       used 20824K, capacity 21106K, committed 21248K, reserved 1069056K
  class space    used 2367K, capacity 2482K, committed 2560K, reserved 1048576K
Event: 2.379 GC heap after
Heap after GC invocations=2 (full 1):
 PSYoungGen      total 611840K, used 0K [0x00000000d5580000, 0x0000000100000000, 0x0000000100000000)
  eden space 524800K, 0% used [0x00000000d5580000,0x00000000d5580000,0x00000000f5600000)
  from space 87040K, 0% used [0x00000000f5600000,0x00000000f5600000,0x00000000fab00000)
  to   space 87040K, 0% used [0x00000000fab00000,0x00000000fab00000,0x0000000100000000)
 ParOldGen       total 866816K, used 13767K [0x0000000080000000, 0x00000000b4e80000, 0x00000000d5580000)
  object space 866816K, 1% used [0x0000000080000000,0x0000000080d71e68,0x00000000b4e80000)
 Metaspace       used 20824K, capacity 21106K, committed 21248K, reserved 1069056K
  class space    used 2367K, capacity 2482K, committed 2560K, reserved 1048576K
}
Event: 4.640 GC heap before
{Heap before GC invocations=3 (full 1):
 PSYoungGen      total 611840K, used 434803K [0x00000000d5580000, 0x0000000100000000, 0x0000000100000000)
  eden space 524800K, 82% used [0x00000000d5580000,0x00000000efe1cc40,0x00000000f5600000)
  from space 87040K, 0% used [0x00000000f5600000,0x00000000f5600000,0x00000000fab00000)
  to   space 87040K, 0% used [0x00000000fab00000,0x00000000fab00000,0x0000000100000000)
 ParOldGen       total 866816K, used 13767K [0x0000000080000000, 0x00000000b4e80000, 0x00000000d5580000)
  object space 866816K, 1% used [0x0000000080000000,0x0000000080d71e68,0x00000000b4e80000)
 Metaspace       used 34753K, capacity 35118K, committed 35416K, reserved 1081344K
  class space    used 3975K, capacity 4091K, committed 4096K, reserved 1048576K
Event: 4.683 GC heap after
Heap after GC invocations=3 (full 1):
 PSYoungGen      total 611840K, used 19177K [0x00000000d5580000, 0x0000000100000000, 0x0000000100000000)
  eden space 524800K, 0% used [0x00000000d5580000,0x00000000d5580000,0x00000000f5600000)
  from space 87040K, 22% used [0x00000000fab00000,0x00000000fbdba430,0x0000000100000000)
  to   space 87040K, 0% used [0x00000000f5600000,0x00000000f5600000,0x00000000fab00000)
 ParOldGen       total 866816K, used 13775K [0x0000000080000000, 0x00000000b4e80000, 0x00000000d5580000)
  object space 866816K, 1% used [0x0000000080000000,0x0000000080d73e68,0x00000000b4e80000)
 Metaspace       used 34753K, capacity 35118K, committed 35416K, reserved 1081344K
  class space    used 3975K, capacity 4091K, committed 4096K, reserved 1048576K
}
Event: 4.683 GC heap before
{Heap before GC invocations=4 (full 2):
 PSYoungGen      total 611840K, used 19177K [0x00000000d5580000, 0x0000000100000000, 0x0000000100000000)
  eden space 524800K, 0% used [0x00000000d5580000,0x00000000d5580000,0x00000000f5600000)
  from space 87040K, 22% used [0x00000000fab00000,0x00000000fbdba430,0x0000000100000000)
  to   space 87040K, 0% used [0x00000000f5600000,0x00000000f5600000,0x00000000fab00000)
 ParOldGen       total 866816K, used 13775K [0x0000000080000000, 0x00000000b4e80000, 0x00000000d5580000)
  object space 866816K, 1% used [0x0000000080000000,0x0000000080d73e68,0x00000000b4e80000)
 Metaspace       used 34753K, capacity 35118K, committed 35416K, reserved 1081344K
  class space    used 3975K, capacity 4091K, committed 4096K, reserved 1048576K
Event: 4.795 GC heap after
Heap after GC invocations=4 (full 2):
 PSYoungGen      total 611840K, used 0K [0x00000000d5580000, 0x0000000100000000, 0x0000000100000000)
  eden space 524800K, 0% used [0x00000000d5580000,0x00000000d5580000,0x00000000f5600000)
  from space 87040K, 0% used [0x00000000fab00000,0x00000000fab00000,0x0000000100000000)
  to   space 87040K, 0% used [0x00000000f5600000,0x00000000f5600000,0x00000000fab00000)
 ParOldGen       total 1398272K, used 23579K [0x0000000080000000, 0x00000000d5580000, 0x00000000d5580000)
  object space 1398272K, 1% used [0x0000000080000000,0x0000000081706c68,0x00000000d5580000)
 Metaspace       used 34753K, capacity 35118K, committed 35416K, reserved 1081344K
  class space    used 3975K, capacity 4091K, committed 4096K, reserved 1048576K
}
Event: 11.978 GC heap before
{Heap before GC invocations=5 (full 2):
 PSYoungGen      total 611840K, used 518652K [0x00000000d5580000, 0x0000000100000000, 0x0000000100000000)
  eden space 524800K, 98% used [0x00000000d5580000,0x00000000f4fff3e0,0x00000000f5600000)
  from space 87040K, 0% used [0x00000000fab00000,0x00000000fab00000,0x0000000100000000)
  to   space 87040K, 0% used [0x00000000f5600000,0x00000000f5600000,0x00000000fab00000)
 ParOldGen       total 1398272K, used 23579K [0x0000000080000000, 0x00000000d5580000, 0x00000000d5580000)
  object space 1398272K, 1% used [0x0000000080000000,0x0000000081706c68,0x00000000d5580000)
 Metaspace       used 57394K, capacity 58772K, committed 59008K, reserved 1101824K
  class space    used 6644K, capacity 6940K, committed 7040K, reserved 1048576K
Event: 12.032 GC heap after
Heap after GC invocations=5 (full 2):
 PSYoungGen      total 611840K, used 33970K [0x00000000d5580000, 0x0000000100000000, 0x0000000100000000)
  eden space 524800K, 0% used [0x00000000d5580000,0x00000000d5580000,0x00000000f5600000)
  from space 87040K, 39% used [0x00000000f5600000,0x00000000f772c820,0x00000000fab00000)
  to   space 87040K, 0% used [0x00000000fab00000,0x00000000fab00000,0x0000000100000000)
 ParOldGen       total 1398272K, used 23587K [0x0000000080000000, 0x00000000d5580000, 0x00000000d5580000)
  object space 1398272K, 1% used [0x0000000080000000,0x0000000081708c68,0x00000000d5580000)
 Metaspace       used 57394K, capacity 58772K, committed 59008K, reserved 1101824K
  class space    used 6644K, capacity 6940K, committed 7040K, reserved 1048576K
}
Event: 12.032 GC heap before
{Heap before GC invocations=6 (full 3):
 PSYoungGen      total 611840K, used 33970K [0x00000000d5580000, 0x0000000100000000, 0x0000000100000000)
  eden space 524800K, 0% used [0x00000000d5580000,0x00000000d5580000,0x00000000f5600000)
  from space 87040K, 39% used [0x00000000f5600000,0x00000000f772c820,0x00000000fab00000)
  to   space 87040K, 0% used [0x00000000fab00000,0x00000000fab00000,0x0000000100000000)
 ParOldGen       total 1398272K, used 23587K [0x0000000080000000, 0x00000000d5580000, 0x00000000d5580000)
  object space 1398272K, 1% used [0x0000000080000000,0x0000000081708c68,0x00000000d5580000)
 Metaspace       used 57394K, capacity 58772K, committed 59008K, reserved 1101824K
  class space    used 6644K, capacity 6940K, committed 7040K, reserved 1048576K
Event: 12.263 GC heap after
Heap after GC invocations=6 (full 3):
 PSYoungGen      total 611840K, used 0K [0x00000000d5580000, 0x0000000100000000, 0x0000000100000000)
  eden space 524800K, 0% used [0x00000000d5580000,0x00000000d5580000,0x00000000f5600000)
  from space 87040K, 0% used [0x00000000f5600000,0x00000000f5600000,0x00000000fab00000)
  to   space 87040K, 0% used [0x00000000fab00000,0x00000000fab00000,0x0000000100000000)
 ParOldGen       total 1398272K, used 44510K [0x0000000080000000, 0x00000000d5580000, 0x00000000d5580000)
  object space 1398272K, 3% used [0x0000000080000000,0x0000000082b77a00,0x00000000d5580000)
 Metaspace       used 57352K, capacity 58670K, committed 59008K, reserved 1101824K
  class space    used 6629K, capacity 6915K, committed 7040K, reserved 1048576K
}

