# JRE version: OpenJDK Runtime Environment (8.0_212-b04) (build 1.8.0_212-b04)
# Java VM: OpenJDK 64-Bit Server VM (25.212-b04 mixed mode linux-amd64 compressed oops)
Heap:
 PSYoungGen      total 611840K, used 391741K [0x00000000d5580000, 0x0000000100000000, 0x0000000100000000)
  eden space 524800K, 59% used [0x00000000d5580000,0x00000000e882d2d8,0x00000000f5600000)
  from space 87040K, 89% used [0x00000000f5600000,0x00000000fa1e2308,0x00000000fab00000)
  to   space 87040K, 0% used [0x00000000fab00000,0x00000000fab00000,0x0000000100000000)
 ParOldGen       total 1398272K, used 44452K [0x0000000080000000, 0x00000000d5580000, 0x00000000d5580000)
  object space 1398272K, 3% used [0x0000000080000000,0x0000000082b691d8,0x00000000d5580000)
 Metaspace       used 67008K, capacity 70190K, committed 70360K, reserved 1112064K
  class space    used 7573K, capacity 8139K, committed 8152K, reserved 1048576K
GC Heap History (10 events):
Event: 4.453 GC heap before
{Heap before GC invocations=4 (full 2):
 PSYoungGen      total 611840K, used 19164K [0x00000000d5580000, 0x0000000100000000, 0x0000000100000000)
  eden space 524800K, 0% used [0x00000000d5580000,0x00000000d5580000,0x00000000f5600000)
  from space 87040K, 22% used [0x00000000fab00000,0x00000000fbdb71d0,0x0000000100000000)
  to   space 87040K, 0% used [0x00000000f5600000,0x00000000f5600000,0x00000000fab00000)
 ParOldGen       total 842240K, used 13746K [0x0000000080000000, 0x00000000b3680000, 0x00000000d5580000)
  object space 842240K, 1% used [0x0000000080000000,0x0000000080d6cb10,0x00000000b3680000)
 Metaspace       used 34739K, capacity 35150K, committed 35416K, reserved 1081344K
  class space    used 3976K, capacity 4123K, committed 4184K, reserved 1048576K
Event: 4.575 GC heap after
Heap after GC invocations=4 (full 2):
 PSYoungGen      total 611840K, used 0K [0x00000000d5580000, 0x0000000100000000, 0x0000000100000000)
  eden space 524800K, 0% used [0x00000000d5580000,0x00000000d5580000,0x00000000f5600000)
  from space 87040K, 0% used [0x00000000fab00000,0x00000000fab00000,0x0000000100000000)
  to   space 87040K, 0% used [0x00000000f5600000,0x00000000f5600000,0x00000000fab00000)
 ParOldGen       total 1394688K, used 23565K [0x0000000080000000, 0x00000000d5200000, 0x00000000d5580000)
  object space 1394688K, 1% used [0x0000000080000000,0x00000000817034a8,0x00000000d5200000)
 Metaspace       used 34739K, capacity 35150K, committed 35416K, reserved 1081344K
  class space    used 3976K, capacity 4123K, committed 4184K, reserved 1048576K
}
Event: 11.784 GC heap before
{Heap before GC invocations=5 (full 2):
 PSYoungGen      total 611840K, used 484746K [0x00000000d5580000, 0x0000000100000000, 0x0000000100000000)
  eden space 524800K, 92% used [0x00000000d5580000,0x00000000f2ee2b30,0x00000000f5600000)
  from space 87040K, 0% used [0x00000000fab00000,0x00000000fab00000,0x0000000100000000)
  to   space 87040K, 0% used [0x00000000f5600000,0x00000000f5600000,0x00000000fab00000)
 ParOldGen       total 1394688K, used 23565K [0x0000000080000000, 0x00000000d5200000, 0x00000000d5580000)
  object space 1394688K, 1% used [0x0000000080000000,0x00000000817034a8,0x00000000d5200000)
 Metaspace       used 57393K, capacity 58816K, committed 58968K, reserved 1101824K
  class space    used 6661K, capacity 6942K, committed 7000K, reserved 1048576K
Event: 11.857 GC heap after
Heap after GC invocations=5 (full 2):
 PSYoungGen      total 611840K, used 33969K [0x00000000d5580000, 0x0000000100000000, 0x0000000100000000)
  eden space 524800K, 0% used [0x00000000d5580000,0x00000000d5580000,0x00000000f5600000)
  from space 87040K, 39% used [0x00000000f5600000,0x00000000f772c6c0,0x00000000fab00000)
  to   space 87040K, 0% used [0x00000000fab00000,0x00000000fab00000,0x0000000100000000)
 ParOldGen       total 1394688K, used 23573K [0x0000000080000000, 0x00000000d5200000, 0x00000000d5580000)
  object space 1394688K, 1% used [0x0000000080000000,0x00000000817054a8,0x00000000d5200000)
 Metaspace       used 57393K, capacity 58816K, committed 58968K, reserved 1101824K
  class space    used 6661K, capacity 6942K, committed 7000K, reserved 1048576K
}
Event: 11.857 GC heap before
{Heap before GC invocations=6 (full 3):
 PSYoungGen      total 611840K, used 33969K [0x00000000d5580000, 0x0000000100000000, 0x0000000100000000)
  eden space 524800K, 0% used [0x00000000d5580000,0x00000000d5580000,0x00000000f5600000)
  from space 87040K, 39% used [0x00000000f5600000,0x00000000f772c6c0,0x00000000fab00000)
  to   space 87040K, 0% used [0x00000000fab00000,0x00000000fab00000,0x0000000100000000)
 ParOldGen       total 1394688K, used 23573K [0x0000000080000000, 0x00000000d5200000, 0x00000000d5580000)
  object space 1394688K, 1% used [0x0000000080000000,0x00000000817054a8,0x00000000d5200000)
 Metaspace       used 57393K, capacity 58816K, committed 58968K, reserved 1101824K
  class space    used 6661K, capacity 6942K, committed 7000K, reserved 1048576K
Event: 12.162 GC heap after
Heap after GC invocations=6 (full 3):
 PSYoungGen      total 611840K, used 0K [0x00000000d5580000, 0x0000000100000000, 0x0000000100000000)
  eden space 524800K, 0% used [0x00000000d5580000,0x00000000d5580000,0x00000000f5600000)
  from space 87040K, 0% used [0x00000000f5600000,0x00000000f5600000,0x00000000fab00000)
  to   space 87040K, 0% used [0x00000000fab00000,0x00000000fab00000,0x0000000100000000)
 ParOldGen       total 1398272K, used 44452K [0x0000000080000000, 0x00000000d5580000, 0x00000000d5580000)
  object space 1398272K, 3% used [0x0000000080000000,0x0000000082b691d8,0x00000000d5580000)
 Metaspace       used 57291K, capacity 58576K, committed 58968K, reserved 1101824K
  class space    used 6628K, capacity 6884K, committed 7000K, reserved 1048576K
}
Event: 34.632 GC heap before
{Heap before GC invocations=7 (full 3):
 PSYoungGen      total 611840K, used 509790K [0x00000000d5580000, 0x0000000100000000, 0x0000000100000000)
  eden space 524800K, 97% used [0x00000000d5580000,0x00000000f4757a68,0x00000000f5600000)
  from space 87040K, 0% used [0x00000000f5600000,0x00000000f5600000,0x00000000fab00000)
  to   space 87040K, 0% used [0x00000000fab00000,0x00000000fab00000,0x0000000100000000)
 ParOldGen       total 1398272K, used 44452K [0x0000000080000000, 0x00000000d5580000, 0x00000000d5580000)
  object space 1398272K, 3% used [0x0000000080000000,0x0000000082b691d8,0x00000000d5580000)
 Metaspace       used 65682K, capacity 68502K, committed 68696K, reserved 1110016K
  class space    used 7493K, capacity 8003K, committed 8024K, reserved 1048576K
Event: 34.740 GC heap after
Heap after GC invocations=7 (full 3):
 PSYoungGen      total 611840K, used 57231K [0x00000000d5580000, 0x0000000100000000, 0x0000000100000000)
  eden space 524800K, 0% used [0x00000000d5580000,0x00000000d5580000,0x00000000f5600000)
  from space 87040K, 65% used [0x00000000fab00000,0x00000000fe2e3da0,0x0000000100000000)
  to   space 87040K, 0% used [0x00000000f5600000,0x00000000f5600000,0x00000000fab00000)
 ParOldGen       total 1398272K, used 44452K [0x0000000080000000, 0x00000000d5580000, 0x00000000d5580000)
  object space 1398272K, 3% used [0x0000000080000000,0x0000000082b691d8,0x00000000d5580000)
 Metaspace       used 65682K, capacity 68502K, committed 68696K, reserved 1110016K
  class space    used 7493K, capacity 8003K, committed 8024K, reserved 1048576K
}
Event: 40.259 GC heap before
{Heap before GC invocations=8 (full 3):
 PSYoungGen      total 611840K, used 573041K [0x00000000d5580000, 0x0000000100000000, 0x0000000100000000)
  eden space 524800K, 98% used [0x00000000d5580000,0x00000000f4d389d0,0x00000000f5600000)
  from space 87040K, 65% used [0x00000000fab00000,0x00000000fe2e3da0,0x0000000100000000)
  to   space 87040K, 0% used [0x00000000f5600000,0x00000000f5600000,0x00000000fab00000)
 ParOldGen       total 1398272K, used 44452K [0x0000000080000000, 0x00000000d5580000, 0x00000000d5580000)
  object space 1398272K, 3% used [0x0000000080000000,0x0000000082b691d8,0x00000000d5580000)
 Metaspace       used 66356K, capacity 69254K, committed 69592K, reserved 1110016K
  class space    used 7513K, capacity 8029K, committed 8152K, reserved 1048576K
Event: 40.357 GC heap after
Heap after GC invocations=8 (full 3):
 PSYoungGen      total 611840K, used 77704K [0x00000000d5580000, 0x0000000100000000, 0x0000000100000000)
  eden space 524800K, 0% used [0x00000000d5580000,0x00000000d5580000,0x00000000f5600000)
  from space 87040K, 89% used [0x00000000f5600000,0x00000000fa1e2308,0x00000000fab00000)
  to   space 87040K, 0% used [0x00000000fab00000,0x00000000fab00000,0x0000000100000000)
 ParOldGen       total 1398272K, used 44452K [0x0000000080000000, 0x00000000d5580000, 0x00000000d5580000)
  object space 1398272K, 3% used [0x0000000080000000,0x0000000082b691d8,0x00000000d5580000)
 Metaspace       used 66356K, capacity 69254K, committed 69592K, reserved 1110016K
  class space    used 7513K, capacity 8029K, committed 8152K, reserved 1048576K
}

