# JRE version: OpenJDK Runtime Environment (8.0_212-b04) (build 1.8.0_212-b04)
# Java VM: OpenJDK 64-Bit Server VM (25.212-b04 mixed mode linux-amd64 compressed oops)
Heap:
 PSYoungGen      total 611840K, used 347425K [0x00000000d5580000, 0x0000000100000000, 0x0000000100000000)
  eden space 524800K, 66% used [0x00000000d5580000,0x00000000ea8c8628,0x00000000f5600000)
  from space 87040K, 0% used [0x00000000fab00000,0x00000000fab00000,0x0000000100000000)
  to   space 87040K, 0% used [0x00000000f5600000,0x00000000f5600000,0x00000000fab00000)
 ParOldGen       total 1398272K, used 28083K [0x0000000080000000, 0x00000000d5580000, 0x00000000d5580000)
  object space 1398272K, 2% used [0x0000000080000000,0x0000000081b6cd00,0x00000000d5580000)
 Metaspace       used 65391K, capacity 68236K, committed 68480K, reserved 1110016K
  class space    used 7524K, capacity 8040K, committed 8064K, reserved 1048576K
GC Heap History (10 events):
Event: 4.164 GC heap before
{Heap before GC invocations=3 (full 1):
 PSYoungGen      total 611840K, used 478008K [0x00000000d5580000, 0x0000000100000000, 0x0000000100000000)
  eden space 524800K, 91% used [0x00000000d5580000,0x00000000f284e060,0x00000000f5600000)
  from space 87040K, 0% used [0x00000000f5600000,0x00000000f5600000,0x00000000fab00000)
  to   space 87040K, 0% used [0x00000000fab00000,0x00000000fab00000,0x0000000100000000)
 ParOldGen       total 866304K, used 14283K [0x0000000080000000, 0x00000000b4e00000, 0x00000000d5580000)
  object space 866304K, 1% used [0x0000000080000000,0x0000000080df2c50,0x00000000b4e00000)
 Metaspace       used 34666K, capacity 35028K, committed 35416K, reserved 1081344K
  class space    used 3967K, capacity 4060K, committed 4096K, reserved 1048576K
Event: 4.200 GC heap after
Heap after GC invocations=3 (full 1):
 PSYoungGen      total 611840K, used 18942K [0x00000000d5580000, 0x0000000100000000, 0x0000000100000000)
  eden space 524800K, 0% used [0x00000000d5580000,0x00000000d5580000,0x00000000f5600000)
  from space 87040K, 21% used [0x00000000fab00000,0x00000000fbd7fa80,0x0000000100000000)
  to   space 87040K, 0% used [0x00000000f5600000,0x00000000f5600000,0x00000000fab00000)
 ParOldGen       total 866304K, used 14283K [0x0000000080000000, 0x00000000b4e00000, 0x00000000d5580000)
  object space 866304K, 1% used [0x0000000080000000,0x0000000080df2c50,0x00000000b4e00000)
 Metaspace       used 34666K, capacity 35028K, committed 35416K, reserved 1081344K
  class space    used 3967K, capacity 4060K, committed 4096K, reserved 1048576K
}
Event: 4.200 GC heap before
{Heap before GC invocations=4 (full 2):
 PSYoungGen      total 611840K, used 18942K [0x00000000d5580000, 0x0000000100000000, 0x0000000100000000)
  eden space 524800K, 0% used [0x00000000d5580000,0x00000000d5580000,0x00000000f5600000)
  from space 87040K, 21% used [0x00000000fab00000,0x00000000fbd7fa80,0x0000000100000000)
  to   space 87040K, 0% used [0x00000000f5600000,0x00000000f5600000,0x00000000fab00000)
 ParOldGen       total 866304K, used 14283K [0x0000000080000000, 0x00000000b4e00000, 0x00000000d5580000)
  object space 866304K, 1% used [0x0000000080000000,0x0000000080df2c50,0x00000000b4e00000)
 Metaspace       used 34666K, capacity 35028K, committed 35416K, reserved 1081344K
  class space    used 3967K, capacity 4060K, committed 4096K, reserved 1048576K
Event: 4.321 GC heap after
Heap after GC invocations=4 (full 2):
 PSYoungGen      total 611840K, used 0K [0x00000000d5580000, 0x0000000100000000, 0x0000000100000000)
  eden space 524800K, 0% used [0x00000000d5580000,0x00000000d5580000,0x00000000f5600000)
  from space 87040K, 0% used [0x00000000fab00000,0x00000000fab00000,0x0000000100000000)
  to   space 87040K, 0% used [0x00000000f5600000,0x00000000f5600000,0x00000000fab00000)
 ParOldGen       total 1398272K, used 23526K [0x0000000080000000, 0x00000000d5580000, 0x00000000d5580000)
  object space 1398272K, 1% used [0x0000000080000000,0x00000000816f9b10,0x00000000d5580000)
 Metaspace       used 34666K, capacity 35028K, committed 35416K, reserved 1081344K
  class space    used 3967K, capacity 4060K, committed 4096K, reserved 1048576K
}
Event: 11.180 GC heap before
{Heap before GC invocations=5 (full 2):
 PSYoungGen      total 611840K, used 524800K [0x00000000d5580000, 0x0000000100000000, 0x0000000100000000)
  eden space 524800K, 100% used [0x00000000d5580000,0x00000000f5600000,0x00000000f5600000)
  from space 87040K, 0% used [0x00000000fab00000,0x00000000fab00000,0x0000000100000000)
  to   space 87040K, 0% used [0x00000000f5600000,0x00000000f5600000,0x00000000fab00000)
 ParOldGen       total 1398272K, used 23526K [0x0000000080000000, 0x00000000d5580000, 0x00000000d5580000)
  object space 1398272K, 1% used [0x0000000080000000,0x00000000816f9b10,0x00000000d5580000)
 Metaspace       used 53625K, capacity 54932K, committed 55168K, reserved 1097728K
  class space    used 6280K, capacity 6510K, committed 6528K, reserved 1048576K
Event: 11.241 GC heap after
Heap after GC invocations=5 (full 2):
 PSYoungGen      total 611840K, used 27773K [0x00000000d5580000, 0x0000000100000000, 0x0000000100000000)
  eden space 524800K, 0% used [0x00000000d5580000,0x00000000d5580000,0x00000000f5600000)
  from space 87040K, 31% used [0x00000000f5600000,0x00000000f711f660,0x00000000fab00000)
  to   space 87040K, 0% used [0x00000000fab00000,0x00000000fab00000,0x0000000100000000)
 ParOldGen       total 1398272K, used 23534K [0x0000000080000000, 0x00000000d5580000, 0x00000000d5580000)
  object space 1398272K, 1% used [0x0000000080000000,0x00000000816fbb10,0x00000000d5580000)
 Metaspace       used 53625K, capacity 54932K, committed 55168K, reserved 1097728K
  class space    used 6280K, capacity 6510K, committed 6528K, reserved 1048576K
}
Event: 11.904 GC heap before
{Heap before GC invocations=6 (full 2):
 PSYoungGen      total 611840K, used 159683K [0x00000000d5580000, 0x0000000100000000, 0x0000000100000000)
  eden space 524800K, 25% used [0x00000000d5580000,0x00000000dd651800,0x00000000f5600000)
  from space 87040K, 31% used [0x00000000f5600000,0x00000000f711f660,0x00000000fab00000)
  to   space 87040K, 0% used [0x00000000fab00000,0x00000000fab00000,0x0000000100000000)
 ParOldGen       total 1398272K, used 23534K [0x0000000080000000, 0x00000000d5580000, 0x00000000d5580000)
  object space 1398272K, 1% used [0x0000000080000000,0x00000000816fbb10,0x00000000d5580000)
 Metaspace       used 57557K, capacity 58882K, committed 59008K, reserved 1101824K
  class space    used 6690K, capacity 6965K, committed 7040K, reserved 1048576K
Event: 11.937 GC heap after
Heap after GC invocations=6 (full 2):
 PSYoungGen      total 611840K, used 16358K [0x00000000d5580000, 0x0000000100000000, 0x0000000100000000)
  eden space 524800K, 0% used [0x00000000d5580000,0x00000000d5580000,0x00000000f5600000)
  from space 87040K, 18% used [0x00000000fab00000,0x00000000fbaf9a58,0x0000000100000000)
  to   space 87040K, 0% used [0x00000000f5600000,0x00000000f5600000,0x00000000fab00000)
 ParOldGen       total 1398272K, used 23534K [0x0000000080000000, 0x00000000d5580000, 0x00000000d5580000)
  object space 1398272K, 1% used [0x0000000080000000,0x00000000816fbb10,0x00000000d5580000)
 Metaspace       used 57557K, capacity 58882K, committed 59008K, reserved 1101824K
  class space    used 6690K, capacity 6965K, committed 7040K, reserved 1048576K
}
Event: 11.937 GC heap before
{Heap before GC invocations=7 (full 3):
 PSYoungGen      total 611840K, used 16358K [0x00000000d5580000, 0x0000000100000000, 0x0000000100000000)
  eden space 524800K, 0% used [0x00000000d5580000,0x00000000d5580000,0x00000000f5600000)
  from space 87040K, 18% used [0x00000000fab00000,0x00000000fbaf9a58,0x0000000100000000)
  to   space 87040K, 0% used [0x00000000f5600000,0x00000000f5600000,0x00000000fab00000)
 ParOldGen       total 1398272K, used 23534K [0x0000000080000000, 0x00000000d5580000, 0x00000000d5580000)
  object space 1398272K, 1% used [0x0000000080000000,0x00000000816fbb10,0x00000000d5580000)
 Metaspace       used 57557K, capacity 58882K, committed 59008K, reserved 1101824K
  class space    used 6690K, capacity 6965K, committed 7040K, reserved 1048576K
Event: 12.225 GC heap after
Heap after GC invocations=7 (full 3):
 PSYoungGen      total 611840K, used 0K [0x00000000d5580000, 0x0000000100000000, 0x0000000100000000)
  eden space 524800K, 0% used [0x00000000d5580000,0x00000000d5580000,0x00000000f5600000)
  from space 87040K, 0% used [0x00000000fab00000,0x00000000fab00000,0x0000000100000000)
  to   space 87040K, 0% used [0x00000000f5600000,0x00000000f5600000,0x00000000fab00000)
 ParOldGen       total 1398272K, used 28083K [0x0000000080000000, 0x00000000d5580000, 0x00000000d5580000)
  object space 1398272K, 2% used [0x0000000080000000,0x0000000081b6cd00,0x00000000d5580000)
 Metaspace       used 57531K, capacity 58820K, committed 59008K, reserved 1101824K
  class space    used 6680K, capacity 6948K, committed 7040K, reserved 1048576K
}

