# JRE version: OpenJDK Runtime Environment (8.0_212-b04) (build 1.8.0_212-b04)
# Java VM: OpenJDK 64-Bit Server VM (25.212-b04 mixed mode linux-amd64 compressed oops)
Heap:
 PSYoungGen      total 601600K, used 437784K [0x00000000d5580000, 0x0000000100000000, 0x0000000100000000)
  eden space 520704K, 68% used [0x00000000d5580000,0x00000000eb207e68,0x00000000f5200000)
  from space 80896K, 99% used [0x00000000f5200000,0x00000000fa0fe3b8,0x00000000fa100000)
  to   space 97280K, 0% used [0x00000000fa100000,0x00000000fa100000,0x0000000100000000)
 ParOldGen       total 1398272K, used 109365K [0x0000000080000000, 0x00000000d5580000, 0x00000000d5580000)
  object space 1398272K, 7% used [0x0000000080000000,0x0000000086acd748,0x00000000d5580000)
 Metaspace       used 69686K, capacity 73044K, committed 73344K, reserved 1114112K
  class space    used 7676K, capacity 8266K, committed 8320K, reserved 1048576K
GC Heap History (10 events):
Event: 11.985 GC heap before
{Heap before GC invocations=6 (full 2):
 PSYoungGen      total 611840K, used 183002K [0x00000000d5580000, 0x0000000100000000, 0x0000000100000000)
  eden space 524800K, 30% used [0x00000000d5580000,0x00000000df0e0540,0x00000000f5600000)
  from space 87040K, 27% used [0x00000000f5600000,0x00000000f6d56668,0x00000000fab00000)
  to   space 87040K, 0% used [0x00000000fab00000,0x00000000fab00000,0x0000000100000000)
 ParOldGen       total 1398272K, used 23566K [0x0000000080000000, 0x00000000d5580000, 0x00000000d5580000)
  object space 1398272K, 1% used [0x0000000080000000,0x00000000817038a8,0x00000000d5580000)
 Metaspace       used 57277K, capacity 58834K, committed 59008K, reserved 1101824K
  class space    used 6627K, capacity 6927K, committed 7040K, reserved 1048576K
Event: 12.028 GC heap after
Heap after GC invocations=6 (full 2):
 PSYoungGen      total 611840K, used 22867K [0x00000000d5580000, 0x0000000100000000, 0x0000000100000000)
  eden space 524800K, 0% used [0x00000000d5580000,0x00000000d5580000,0x00000000f5600000)
  from space 87040K, 26% used [0x00000000fab00000,0x00000000fc154f30,0x0000000100000000)
  to   space 87040K, 0% used [0x00000000f5600000,0x00000000f5600000,0x00000000fab00000)
 ParOldGen       total 1398272K, used 23574K [0x0000000080000000, 0x00000000d5580000, 0x00000000d5580000)
  object space 1398272K, 1% used [0x0000000080000000,0x00000000817058a8,0x00000000d5580000)
 Metaspace       used 57277K, capacity 58834K, committed 59008K, reserved 1101824K
  class space    used 6627K, capacity 6927K, committed 7040K, reserved 1048576K
}
Event: 12.028 GC heap before
{Heap before GC invocations=7 (full 3):
 PSYoungGen      total 611840K, used 22867K [0x00000000d5580000, 0x0000000100000000, 0x0000000100000000)
  eden space 524800K, 0% used [0x00000000d5580000,0x00000000d5580000,0x00000000f5600000)
  from space 87040K, 26% used [0x00000000fab00000,0x00000000fc154f30,0x0000000100000000)
  to   space 87040K, 0% used [0x00000000f5600000,0x00000000f5600000,0x00000000fab00000)
 ParOldGen       total 1398272K, used 23574K [0x0000000080000000, 0x00000000d5580000, 0x00000000d5580000)
  object space 1398272K, 1% used [0x0000000080000000,0x00000000817058a8,0x00000000d5580000)
 Metaspace       used 57277K, capacity 58834K, committed 59008K, reserved 1101824K
  class space    used 6627K, capacity 6927K, committed 7040K, reserved 1048576K
Event: 12.319 GC heap after
Heap after GC invocations=7 (full 3):
 PSYoungGen      total 611840K, used 0K [0x00000000d5580000, 0x0000000100000000, 0x0000000100000000)
  eden space 524800K, 0% used [0x00000000d5580000,0x00000000d5580000,0x00000000f5600000)
  from space 87040K, 0% used [0x00000000fab00000,0x00000000fab00000,0x0000000100000000)
  to   space 87040K, 0% used [0x00000000f5600000,0x00000000f5600000,0x00000000fab00000)
 ParOldGen       total 1398272K, used 34210K [0x0000000080000000, 0x00000000d5580000, 0x00000000d5580000)
  object space 1398272K, 2% used [0x0000000080000000,0x0000000082168890,0x00000000d5580000)
 Metaspace       used 57223K, capacity 58688K, committed 59008K, reserved 1101824K
  class space    used 6609K, capacity 6894K, committed 7040K, reserved 1048576K
}
Event: 45.117 GC heap before
{Heap before GC invocations=8 (full 3):
 PSYoungGen      total 611840K, used 524800K [0x00000000d5580000, 0x0000000100000000, 0x0000000100000000)
  eden space 524800K, 100% used [0x00000000d5580000,0x00000000f5600000,0x00000000f5600000)
  from space 87040K, 0% used [0x00000000fab00000,0x00000000fab00000,0x0000000100000000)
  to   space 87040K, 0% used [0x00000000f5600000,0x00000000f5600000,0x00000000fab00000)
 ParOldGen       total 1398272K, used 34210K [0x0000000080000000, 0x00000000d5580000, 0x00000000d5580000)
  object space 1398272K, 2% used [0x0000000080000000,0x0000000082168890,0x00000000d5580000)
 Metaspace       used 65528K, capacity 68154K, committed 68480K, reserved 1110016K
  class space    used 7456K, capacity 7939K, committed 8064K, reserved 1048576K
Event: 45.315 GC heap after
Heap after GC invocations=8 (full 3):
 PSYoungGen      total 601600K, used 76700K [0x00000000d5580000, 0x00000000fd500000, 0x0000000100000000)
  eden space 524800K, 0% used [0x00000000d5580000,0x00000000d5580000,0x00000000f5600000)
  from space 76800K, 99% used [0x00000000f5600000,0x00000000fa0e70f0,0x00000000fa100000)
  to   space 53248K, 0% used [0x00000000fa100000,0x00000000fa100000,0x00000000fd500000)
 ParOldGen       total 1398272K, used 34218K [0x0000000080000000, 0x00000000d5580000, 0x00000000d5580000)
  object space 1398272K, 2% used [0x0000000080000000,0x000000008216a890,0x00000000d5580000)
 Metaspace       used 65528K, capacity 68154K, committed 68480K, reserved 1110016K
  class space    used 7456K, capacity 7939K, committed 8064K, reserved 1048576K
}
Event: 96.852 GC heap before
{Heap before GC invocations=9 (full 3):
 PSYoungGen      total 601600K, used 601500K [0x00000000d5580000, 0x00000000fd500000, 0x0000000100000000)
  eden space 524800K, 100% used [0x00000000d5580000,0x00000000f5600000,0x00000000f5600000)
  from space 76800K, 99% used [0x00000000f5600000,0x00000000fa0e70f0,0x00000000fa100000)
  to   space 53248K, 0% used [0x00000000fa100000,0x00000000fa100000,0x00000000fd500000)
 ParOldGen       total 1398272K, used 34218K [0x0000000080000000, 0x00000000d5580000, 0x00000000d5580000)
  object space 1398272K, 2% used [0x0000000080000000,0x000000008216a890,0x00000000d5580000)
 Metaspace       used 67705K, capacity 70512K, committed 70656K, reserved 1112064K
  class space    used 7573K, capacity 8072K, committed 8192K, reserved 1048576K
Event: 97.026 GC heap after
Heap after GC invocations=9 (full 3):
 PSYoungGen      total 573952K, used 53236K [0x00000000d5580000, 0x0000000100000000, 0x0000000100000000)
  eden space 520704K, 0% used [0x00000000d5580000,0x00000000d5580000,0x00000000f5200000)
  from space 53248K, 99% used [0x00000000fa100000,0x00000000fd4fd158,0x00000000fd500000)
  to   space 80896K, 0% used [0x00000000f5200000,0x00000000f5200000,0x00000000fa100000)
 ParOldGen       total 1398272K, used 50622K [0x0000000080000000, 0x00000000d5580000, 0x00000000d5580000)
  object space 1398272K, 3% used [0x0000000080000000,0x000000008316fba0,0x00000000d5580000)
 Metaspace       used 67705K, capacity 70512K, committed 70656K, reserved 1112064K
  class space    used 7573K, capacity 8072K, committed 8192K, reserved 1048576K
}
Event: 165.288 GC heap before
{Heap before GC invocations=10 (full 3):
 PSYoungGen      total 573952K, used 573940K [0x00000000d5580000, 0x0000000100000000, 0x0000000100000000)
  eden space 520704K, 100% used [0x00000000d5580000,0x00000000f5200000,0x00000000f5200000)
  from space 53248K, 99% used [0x00000000fa100000,0x00000000fd4fd158,0x00000000fd500000)
  to   space 80896K, 0% used [0x00000000f5200000,0x00000000f5200000,0x00000000fa100000)
 ParOldGen       total 1398272K, used 50622K [0x0000000080000000, 0x00000000d5580000, 0x00000000d5580000)
  object space 1398272K, 3% used [0x0000000080000000,0x000000008316fba0,0x00000000d5580000)
 Metaspace       used 69160K, capacity 72328K, committed 72576K, reserved 1114112K
  class space    used 7647K, capacity 8214K, committed 8320K, reserved 1048576K
Event: 165.585 GC heap after
Heap after GC invocations=10 (full 3):
 PSYoungGen      total 601600K, used 80888K [0x00000000d5580000, 0x0000000100000000, 0x0000000100000000)
  eden space 520704K, 0% used [0x00000000d5580000,0x00000000d5580000,0x00000000f5200000)
  from space 80896K, 99% used [0x00000000f5200000,0x00000000fa0fe3b8,0x00000000fa100000)
  to   space 97280K, 0% used [0x00000000fa100000,0x00000000fa100000,0x0000000100000000)
 ParOldGen       total 1398272K, used 109365K [0x0000000080000000, 0x00000000d5580000, 0x00000000d5580000)
  object space 1398272K, 7% used [0x0000000080000000,0x0000000086acd748,0x00000000d5580000)
 Metaspace       used 69160K, capacity 72328K, committed 72576K, reserved 1114112K
  class space    used 7647K, capacity 8214K, committed 8320K, reserved 1048576K
}

