# JRE version: OpenJDK Runtime Environment (8.0_212-b04) (build 1.8.0_212-b04)
# Java VM: OpenJDK 64-Bit Server VM (25.212-b04 mixed mode linux-amd64 compressed oops)
Heap:
 PSYoungGen      total 578048K, used 268896K [0x00000000d5580000, 0x0000000100000000, 0x0000000100000000)
  eden space 532480K, 41% used [0x00000000d5580000,0x00000000e2fc2bb0,0x00000000f5d80000)
  from space 45568K, 99% used [0x00000000f9a80000,0x00000000fc6d5730,0x00000000fc700000)
  to   space 62464K, 0% used [0x00000000f5d80000,0x00000000f5d80000,0x00000000f9a80000)
 ParOldGen       total 1398272K, used 32264K [0x0000000080000000, 0x00000000d5580000, 0x00000000d5580000)
  object space 1398272K, 2% used [0x0000000080000000,0x0000000081f82150,0x00000000d5580000)
 Metaspace       used 81178K, capacity 84894K, committed 85120K, reserved 1124352K
  class space    used 9184K, capacity 9843K, committed 9856K, reserved 1048576K
GC Heap History (10 events):
Event: 7.151 GC heap before
{Heap before GC invocations=5 (full 2):
 PSYoungGen      total 611840K, used 524800K [0x00000000d5580000, 0x0000000100000000, 0x0000000100000000)
  eden space 524800K, 100% used [0x00000000d5580000,0x00000000f5600000,0x00000000f5600000)
  from space 87040K, 0% used [0x00000000fab00000,0x00000000fab00000,0x0000000100000000)
  to   space 87040K, 0% used [0x00000000f5600000,0x00000000f5600000,0x00000000fab00000)
 ParOldGen       total 1398272K, used 24292K [0x0000000080000000, 0x00000000d5580000, 0x00000000d5580000)
  object space 1398272K, 1% used [0x0000000080000000,0x00000000817b9398,0x00000000d5580000)
 Metaspace       used 49351K, capacity 50112K, committed 50432K, reserved 1093632K
  class space    used 5870K, capacity 6052K, committed 6144K, reserved 1048576K
Event: 7.203 GC heap after
Heap after GC invocations=5 (full 2):
 PSYoungGen      total 611840K, used 21581K [0x00000000d5580000, 0x0000000100000000, 0x0000000100000000)
  eden space 524800K, 0% used [0x00000000d5580000,0x00000000d5580000,0x00000000f5600000)
  from space 87040K, 24% used [0x00000000f5600000,0x00000000f6b13638,0x00000000fab00000)
  to   space 87040K, 0% used [0x00000000fab00000,0x00000000fab00000,0x0000000100000000)
 ParOldGen       total 1398272K, used 24300K [0x0000000080000000, 0x00000000d5580000, 0x00000000d5580000)
  object space 1398272K, 1% used [0x0000000080000000,0x00000000817bb398,0x00000000d5580000)
 Metaspace       used 49351K, capacity 50112K, committed 50432K, reserved 1093632K
  class space    used 5870K, capacity 6052K, committed 6144K, reserved 1048576K
}
Event: 11.268 GC heap before
{Heap before GC invocations=6 (full 2):
 PSYoungGen      total 611840K, used 311417K [0x00000000d5580000, 0x0000000100000000, 0x0000000100000000)
  eden space 524800K, 55% used [0x00000000d5580000,0x00000000e708b1a8,0x00000000f5600000)
  from space 87040K, 24% used [0x00000000f5600000,0x00000000f6b13638,0x00000000fab00000)
  to   space 87040K, 0% used [0x00000000fab00000,0x00000000fab00000,0x0000000100000000)
 ParOldGen       total 1398272K, used 24300K [0x0000000080000000, 0x00000000d5580000, 0x00000000d5580000)
  object space 1398272K, 1% used [0x0000000080000000,0x00000000817bb398,0x00000000d5580000)
 Metaspace       used 57700K, capacity 58888K, committed 59008K, reserved 1101824K
  class space    used 6938K, capacity 7176K, committed 7296K, reserved 1048576K
Event: 11.327 GC heap after
Heap after GC invocations=6 (full 2):
 PSYoungGen      total 611840K, used 19670K [0x00000000d5580000, 0x0000000100000000, 0x0000000100000000)
  eden space 524800K, 0% used [0x00000000d5580000,0x00000000d5580000,0x00000000f5600000)
  from space 87040K, 22% used [0x00000000fab00000,0x00000000fbe35a10,0x0000000100000000)
  to   space 87040K, 0% used [0x00000000f5600000,0x00000000f5600000,0x00000000fab00000)
 ParOldGen       total 1398272K, used 24308K [0x0000000080000000, 0x00000000d5580000, 0x00000000d5580000)
  object space 1398272K, 1% used [0x0000000080000000,0x00000000817bd398,0x00000000d5580000)
 Metaspace       used 57700K, capacity 58888K, committed 59008K, reserved 1101824K
  class space    used 6938K, capacity 7176K, committed 7296K, reserved 1048576K
}
Event: 11.327 GC heap before
{Heap before GC invocations=7 (full 3):
 PSYoungGen      total 611840K, used 19670K [0x00000000d5580000, 0x0000000100000000, 0x0000000100000000)
  eden space 524800K, 0% used [0x00000000d5580000,0x00000000d5580000,0x00000000f5600000)
  from space 87040K, 22% used [0x00000000fab00000,0x00000000fbe35a10,0x0000000100000000)
  to   space 87040K, 0% used [0x00000000f5600000,0x00000000f5600000,0x00000000fab00000)
 ParOldGen       total 1398272K, used 24308K [0x0000000080000000, 0x00000000d5580000, 0x00000000d5580000)
  object space 1398272K, 1% used [0x0000000080000000,0x00000000817bd398,0x00000000d5580000)
 Metaspace       used 57700K, capacity 58888K, committed 59008K, reserved 1101824K
  class space    used 6938K, capacity 7176K, committed 7296K, reserved 1048576K
Event: 11.619 GC heap after
Heap after GC invocations=7 (full 3):
 PSYoungGen      total 611840K, used 0K [0x00000000d5580000, 0x0000000100000000, 0x0000000100000000)
  eden space 524800K, 0% used [0x00000000d5580000,0x00000000d5580000,0x00000000f5600000)
  from space 87040K, 0% used [0x00000000fab00000,0x00000000fab00000,0x0000000100000000)
  to   space 87040K, 0% used [0x00000000f5600000,0x00000000f5600000,0x00000000fab00000)
 ParOldGen       total 1398272K, used 32256K [0x0000000080000000, 0x00000000d5580000, 0x00000000d5580000)
  object space 1398272K, 2% used [0x0000000080000000,0x0000000081f80150,0x00000000d5580000)
 Metaspace       used 57617K, capacity 58688K, committed 59008K, reserved 1101824K
  class space    used 6908K, capacity 7124K, committed 7296K, reserved 1048576K
}
Event: 24.502 GC heap before
{Heap before GC invocations=8 (full 3):
 PSYoungGen      total 611840K, used 523811K [0x00000000d5580000, 0x0000000100000000, 0x0000000100000000)
  eden space 524800K, 99% used [0x00000000d5580000,0x00000000f5508c70,0x00000000f5600000)
  from space 87040K, 0% used [0x00000000fab00000,0x00000000fab00000,0x0000000100000000)
  to   space 87040K, 0% used [0x00000000f5600000,0x00000000f5600000,0x00000000fab00000)
 ParOldGen       total 1398272K, used 32256K [0x0000000080000000, 0x00000000d5580000, 0x00000000d5580000)
  object space 1398272K, 2% used [0x0000000080000000,0x0000000081f80150,0x00000000d5580000)
 Metaspace       used 75978K, capacity 78758K, committed 78848K, reserved 1118208K
  class space    used 8867K, capacity 9387K, committed 9472K, reserved 1048576K
Event: 24.637 GC heap after
Heap after GC invocations=8 (full 3):
 PSYoungGen      total 594944K, used 69669K [0x00000000d5580000, 0x00000000fc700000, 0x0000000100000000)
  eden space 524800K, 0% used [0x00000000d5580000,0x00000000d5580000,0x00000000f5600000)
  from space 70144K, 99% used [0x00000000f5600000,0x00000000f9a09588,0x00000000f9a80000)
  to   space 45568K, 0% used [0x00000000f9a80000,0x00000000f9a80000,0x00000000fc700000)
 ParOldGen       total 1398272K, used 32256K [0x0000000080000000, 0x00000000d5580000, 0x00000000d5580000)
  object space 1398272K, 2% used [0x0000000080000000,0x0000000081f80150,0x00000000d5580000)
 Metaspace       used 75978K, capacity 78758K, committed 78848K, reserved 1118208K
  class space    used 8867K, capacity 9387K, committed 9472K, reserved 1048576K
}
Event: 31.220 GC heap before
{Heap before GC invocations=9 (full 3):
 PSYoungGen      total 594944K, used 594469K [0x00000000d5580000, 0x00000000fc700000, 0x0000000100000000)
  eden space 524800K, 100% used [0x00000000d5580000,0x00000000f5600000,0x00000000f5600000)
  from space 70144K, 99% used [0x00000000f5600000,0x00000000f9a09588,0x00000000f9a80000)
  to   space 45568K, 0% used [0x00000000f9a80000,0x00000000f9a80000,0x00000000fc700000)
 ParOldGen       total 1398272K, used 32256K [0x0000000080000000, 0x00000000d5580000, 0x00000000d5580000)
  object space 1398272K, 2% used [0x0000000080000000,0x0000000081f80150,0x00000000d5580000)
 Metaspace       used 80817K, capacity 84534K, committed 84608K, reserved 1124352K
  class space    used 9172K, capacity 9831K, committed 9856K, reserved 1048576K
Event: 31.276 GC heap after
Heap after GC invocations=9 (full 3):
 PSYoungGen      total 578048K, used 45397K [0x00000000d5580000, 0x0000000100000000, 0x0000000100000000)
  eden space 532480K, 0% used [0x00000000d5580000,0x00000000d5580000,0x00000000f5d80000)
  from space 45568K, 99% used [0x00000000f9a80000,0x00000000fc6d5730,0x00000000fc700000)
  to   space 62464K, 0% used [0x00000000f5d80000,0x00000000f5d80000,0x00000000f9a80000)
 ParOldGen       total 1398272K, used 32264K [0x0000000080000000, 0x00000000d5580000, 0x00000000d5580000)
  object space 1398272K, 2% used [0x0000000080000000,0x0000000081f82150,0x00000000d5580000)
 Metaspace       used 80817K, capacity 84534K, committed 84608K, reserved 1124352K
  class space    used 9172K, capacity 9831K, committed 9856K, reserved 1048576K
}

