# JRE version: OpenJDK Runtime Environment (8.0_212-b04) (build 1.8.0_212-b04)
# Java VM: OpenJDK 64-Bit Server VM (25.212-b04 mixed mode linux-amd64 compressed oops)
Heap:
 PSYoungGen      total 611840K, used 137160K [0x00000000d5580000, 0x0000000100000000, 0x0000000100000000)
  eden space 524800K, 26% used [0x00000000d5580000,0x00000000ddb72040,0x00000000f5600000)
  from space 87040K, 0% used [0x00000000f5600000,0x00000000f5600000,0x00000000fab00000)
  to   space 87040K, 0% used [0x00000000fab00000,0x00000000fab00000,0x0000000100000000)
 ParOldGen       total 1398272K, used 41082K [0x0000000080000000, 0x00000000d5580000, 0x00000000d5580000)
  object space 1398272K, 2% used [0x0000000080000000,0x000000008281ebb0,0x00000000d5580000)
 Metaspace       used 61610K, capacity 63594K, committed 63960K, reserved 1105920K
  class space    used 7134K, capacity 7519K, committed 7640K, reserved 1048576K
GC Heap History (10 events):
Event: 2.100 GC heap before
{Heap before GC invocations=2 (full 1):
 PSYoungGen      total 611840K, used 14252K [0x00000000d5580000, 0x0000000100000000, 0x0000000100000000)
  eden space 524800K, 0% used [0x00000000d5580000,0x00000000d5580000,0x00000000f5600000)
  from space 87040K, 16% used [0x00000000f5600000,0x00000000f63eb3e0,0x00000000fab00000)
  to   space 87040K, 0% used [0x00000000fab00000,0x00000000fab00000,0x0000000100000000)
 ParOldGen       total 1398272K, used 80K [0x0000000080000000, 0x00000000d5580000, 0x00000000d5580000)
  object space 1398272K, 0% used [0x0000000080000000,0x0000000080014010,0x00000000d5580000)
 Metaspace       used 20811K, capacity 21106K, committed 21248K, reserved 1069056K
  class space    used 2368K, capacity 2482K, committed 2560K, reserved 1048576K
Event: 2.173 GC heap after
Heap after GC invocations=2 (full 1):
 PSYoungGen      total 611840K, used 0K [0x00000000d5580000, 0x0000000100000000, 0x0000000100000000)
  eden space 524800K, 0% used [0x00000000d5580000,0x00000000d5580000,0x00000000f5600000)
  from space 87040K, 0% used [0x00000000f5600000,0x00000000f5600000,0x00000000fab00000)
  to   space 87040K, 0% used [0x00000000fab00000,0x00000000fab00000,0x0000000100000000)
 ParOldGen       total 892416K, used 13710K [0x0000000080000000, 0x00000000b6780000, 0x00000000d5580000)
  object space 892416K, 1% used [0x0000000080000000,0x0000000080d638e8,0x00000000b6780000)
 Metaspace       used 20811K, capacity 21106K, committed 21248K, reserved 1069056K
  class space    used 2368K, capacity 2482K, committed 2560K, reserved 1048576K
}
Event: 4.161 GC heap before
{Heap before GC invocations=3 (full 1):
 PSYoungGen      total 611840K, used 371569K [0x00000000d5580000, 0x0000000100000000, 0x0000000100000000)
  eden space 524800K, 70% used [0x00000000d5580000,0x00000000ec05c688,0x00000000f5600000)
  from space 87040K, 0% used [0x00000000f5600000,0x00000000f5600000,0x00000000fab00000)
  to   space 87040K, 0% used [0x00000000fab00000,0x00000000fab00000,0x0000000100000000)
 ParOldGen       total 892416K, used 13710K [0x0000000080000000, 0x00000000b6780000, 0x00000000d5580000)
  object space 892416K, 1% used [0x0000000080000000,0x0000000080d638e8,0x00000000b6780000)
 Metaspace       used 34773K, capacity 35246K, committed 35416K, reserved 1081344K
  class space    used 3980K, capacity 4131K, committed 4184K, reserved 1048576K
Event: 4.197 GC heap after
Heap after GC invocations=3 (full 1):
 PSYoungGen      total 611840K, used 18816K [0x00000000d5580000, 0x0000000100000000, 0x0000000100000000)
  eden space 524800K, 0% used [0x00000000d5580000,0x00000000d5580000,0x00000000f5600000)
  from space 87040K, 21% used [0x00000000fab00000,0x00000000fbd60110,0x0000000100000000)
  to   space 87040K, 0% used [0x00000000f5600000,0x00000000f5600000,0x00000000fab00000)
 ParOldGen       total 892416K, used 13710K [0x0000000080000000, 0x00000000b6780000, 0x00000000d5580000)
  object space 892416K, 1% used [0x0000000080000000,0x0000000080d638e8,0x00000000b6780000)
 Metaspace       used 34773K, capacity 35246K, committed 35416K, reserved 1081344K
  class space    used 3980K, capacity 4131K, committed 4184K, reserved 1048576K
}
Event: 4.197 GC heap before
{Heap before GC invocations=4 (full 2):
 PSYoungGen      total 611840K, used 18816K [0x00000000d5580000, 0x0000000100000000, 0x0000000100000000)
  eden space 524800K, 0% used [0x00000000d5580000,0x00000000d5580000,0x00000000f5600000)
  from space 87040K, 21% used [0x00000000fab00000,0x00000000fbd60110,0x0000000100000000)
  to   space 87040K, 0% used [0x00000000f5600000,0x00000000f5600000,0x00000000fab00000)
 ParOldGen       total 892416K, used 13710K [0x0000000080000000, 0x00000000b6780000, 0x00000000d5580000)
  object space 892416K, 1% used [0x0000000080000000,0x0000000080d638e8,0x00000000b6780000)
 Metaspace       used 34773K, capacity 35246K, committed 35416K, reserved 1081344K
  class space    used 3980K, capacity 4131K, committed 4184K, reserved 1048576K
Event: 4.282 GC heap after
Heap after GC invocations=4 (full 2):
 PSYoungGen      total 611840K, used 0K [0x00000000d5580000, 0x0000000100000000, 0x0000000100000000)
  eden space 524800K, 0% used [0x00000000d5580000,0x00000000d5580000,0x00000000f5600000)
  from space 87040K, 0% used [0x00000000fab00000,0x00000000fab00000,0x0000000100000000)
  to   space 87040K, 0% used [0x00000000f5600000,0x00000000f5600000,0x00000000fab00000)
 ParOldGen       total 1398272K, used 23164K [0x0000000080000000, 0x00000000d5580000, 0x00000000d5580000)
  object space 1398272K, 1% used [0x0000000080000000,0x000000008169f128,0x00000000d5580000)
 Metaspace       used 34773K, capacity 35246K, committed 35416K, reserved 1081344K
  class space    used 3980K, capacity 4131K, committed 4184K, reserved 1048576K
}
Event: 11.988 GC heap before
{Heap before GC invocations=5 (full 2):
 PSYoungGen      total 611840K, used 360182K [0x00000000d5580000, 0x0000000100000000, 0x0000000100000000)
  eden space 524800K, 68% used [0x00000000d5580000,0x00000000eb53d9a0,0x00000000f5600000)
  from space 87040K, 0% used [0x00000000fab00000,0x00000000fab00000,0x0000000100000000)
  to   space 87040K, 0% used [0x00000000f5600000,0x00000000f5600000,0x00000000fab00000)
 ParOldGen       total 1398272K, used 23164K [0x0000000080000000, 0x00000000d5580000, 0x00000000d5580000)
  object space 1398272K, 1% used [0x0000000080000000,0x000000008169f128,0x00000000d5580000)
 Metaspace       used 57088K, capacity 58830K, committed 59028K, reserved 1101824K
  class space    used 6676K, capacity 7005K, committed 7128K, reserved 1048576K
Event: 12.045 GC heap after
Heap after GC invocations=5 (full 2):
 PSYoungGen      total 611840K, used 30863K [0x00000000d5580000, 0x0000000100000000, 0x0000000100000000)
  eden space 524800K, 0% used [0x00000000d5580000,0x00000000d5580000,0x00000000f5600000)
  from space 87040K, 35% used [0x00000000f5600000,0x00000000f7423ce0,0x00000000fab00000)
  to   space 87040K, 0% used [0x00000000fab00000,0x00000000fab00000,0x0000000100000000)
 ParOldGen       total 1398272K, used 23172K [0x0000000080000000, 0x00000000d5580000, 0x00000000d5580000)
  object space 1398272K, 1% used [0x0000000080000000,0x00000000816a1128,0x00000000d5580000)
 Metaspace       used 57088K, capacity 58830K, committed 59028K, reserved 1101824K
  class space    used 6676K, capacity 7005K, committed 7128K, reserved 1048576K
}
Event: 12.045 GC heap before
{Heap before GC invocations=6 (full 3):
 PSYoungGen      total 611840K, used 30863K [0x00000000d5580000, 0x0000000100000000, 0x0000000100000000)
  eden space 524800K, 0% used [0x00000000d5580000,0x00000000d5580000,0x00000000f5600000)
  from space 87040K, 35% used [0x00000000f5600000,0x00000000f7423ce0,0x00000000fab00000)
  to   space 87040K, 0% used [0x00000000fab00000,0x00000000fab00000,0x0000000100000000)
 ParOldGen       total 1398272K, used 23172K [0x0000000080000000, 0x00000000d5580000, 0x00000000d5580000)
  object space 1398272K, 1% used [0x0000000080000000,0x00000000816a1128,0x00000000d5580000)
 Metaspace       used 57088K, capacity 58830K, committed 59028K, reserved 1101824K
  class space    used 6676K, capacity 7005K, committed 7128K, reserved 1048576K
Event: 12.294 GC heap after
Heap after GC invocations=6 (full 3):
 PSYoungGen      total 611840K, used 0K [0x00000000d5580000, 0x0000000100000000, 0x0000000100000000)
  eden space 524800K, 0% used [0x00000000d5580000,0x00000000d5580000,0x00000000f5600000)
  from space 87040K, 0% used [0x00000000f5600000,0x00000000f5600000,0x00000000fab00000)
  to   space 87040K, 0% used [0x00000000fab00000,0x00000000fab00000,0x0000000100000000)
 ParOldGen       total 1398272K, used 41082K [0x0000000080000000, 0x00000000d5580000, 0x00000000d5580000)
  object space 1398272K, 2% used [0x0000000080000000,0x000000008281ebb0,0x00000000d5580000)
 Metaspace       used 57045K, capacity 58714K, committed 59028K, reserved 1101824K
  class space    used 6662K, capacity 6979K, committed 7128K, reserved 1048576K
}

