<?xml version="1.0" encoding="UTF-8"?>
<testsuite xmlns:xsi="http://www.w3.org/2001/XMLSchema-instance" xsi:noNamespaceSchemaLocation="https://maven.apache.org/surefire/maven-surefire-plugin/xsd/surefire-test-report.xsd" name="org.apache.hadoop.fs.ozone.contract.ITestOzoneContractGetFileStatus" time="264.646" tests="18" errors="1" skipped="0" failures="0">
  <properties>
[...]
</properties>
  <testcase name="testListFilesEmptyDirectoryNonrecursive" classname="org.apache.hadoop.fs.ozone.contract.ITestOzoneContractGetFileStatus" time="1.134"/>
  <testcase name="testListStatusEmptyDirectory" classname="org.apache.hadoop.fs.ozone.contract.ITestOzoneContractGetFileStatus" time="0.114"/>
  <testcase name="testListLocatedStatusFiltering" classname="org.apache.hadoop.fs.ozone.contract.ITestOzoneContractGetFileStatus" time="6.79"/>
  <testcase name="testListStatusFilteredFile" classname="org.apache.hadoop.fs.ozone.contract.ITestOzoneContractGetFileStatus" time="0.112"/>
  <testcase name="testListFilesEmptyDirectoryRecursive" classname="org.apache.hadoop.fs.ozone.contract.ITestOzoneContractGetFileStatus" time="0.134"/>
  <testcase name="testListLocatedStatusFile" classname="org.apache.hadoop.fs.ozone.contract.ITestOzoneContractGetFileStatus" time="0.095"/>
  <testcase name="testGetFileStatusRoot" classname="org.apache.hadoop.fs.ozone.contract.ITestOzoneContractGetFileStatus" time="0.08"/>
  <testcase name="testListStatusFiltering" classname="org.apache.hadoop.fs.ozone.contract.ITestOzoneContractGetFileStatus" time="0.144"/>
  <testcase name="testListFilesNoDir" classname="org.apache.hadoop.fs.ozone.contract.ITestOzoneContractGetFileStatus" time="0.105"/>
  <testcase name="testListLocatedStatusEmptyDirectory" classname="org.apache.hadoop.fs.ozone.contract.ITestOzoneContractGetFileStatus" time="0.126"/>
  <testcase name="testListFilesFile" classname="org.apache.hadoop.fs.ozone.contract.ITestOzoneContractGetFileStatus" time="0.088"/>
  <testcase name="testComplexDirActions" classname="org.apache.hadoop.fs.ozone.contract.ITestOzoneContractGetFileStatus" time="180.03">
    <error message="test timed out after 180000 milliseconds" type="java.lang.Exception">java.lang.Exception: test timed out after 180000 milliseconds
	at sun.misc.Unsafe.park(Native Method)
	at java.util.concurrent.locks.LockSupport.park(LockSupport.java:175)
	at java.util.concurrent.CompletableFuture$Signaller.block(CompletableFuture.java:1693)
	at java.util.concurrent.ForkJoinPool.managedBlock(ForkJoinPool.java:3323)
	at java.util.concurrent.CompletableFuture.waitingGet(CompletableFuture.java:1729)
	at java.util.concurrent.CompletableFuture.get(CompletableFuture.java:1895)
	at org.apache.hadoop.hdds.scm.storage.BlockOutputStream.waitOnFlushFutures(BlockOutputStream.java:515)
	at org.apache.hadoop.hdds.scm.storage.BlockOutputStream.handleFlush(BlockOutputStream.java:478)
	at org.apache.hadoop.hdds.scm.storage.BlockOutputStream.close(BlockOutputStream.java:493)
	at org.apache.hadoop.ozone.client.io.BlockOutputStreamEntry.close(BlockOutputStreamEntry.java:143)
	at org.apache.hadoop.ozone.client.io.KeyOutputStream.handleFlushOrClose(KeyOutputStream.java:435)
	at org.apache.hadoop.ozone.client.io.KeyOutputStream.close(KeyOutputStream.java:473)
	at org.apache.hadoop.fs.ozone.OzoneFSOutputStream.close(OzoneFSOutputStream.java:56)
	at org.apache.hadoop.fs.FSDataOutputStream$PositionCache.close(FSDataOutputStream.java:72)
	at org.apache.hadoop.fs.FSDataOutputStream.close(FSDataOutputStream.java:101)
	at org.apache.hadoop.fs.contract.ContractTestUtils.createFile(ContractTestUtils.java:638)
	at org.apache.hadoop.fs.contract.ContractTestUtils.createSubdirs(ContractTestUtils.java:1288)
	at org.apache.hadoop.fs.contract.ContractTestUtils.createSubdirs(ContractTestUtils.java:1254)
	at org.apache.hadoop.fs.contract.AbstractContractGetFileStatusTest.createTestTree(AbstractContractGetFileStatusTest.java:409)
	at org.apache.hadoop.fs.contract.AbstractContractGetFileStatusTest.testComplexDirActions(AbstractContractGetFileStatusTest.java:143)
	at sun.reflect.NativeMethodAccessorImpl.invoke0(Native Method)
	at sun.reflect.NativeMethodAccessorImpl.invoke(NativeMethodAccessorImpl.java:62)
	at sun.reflect.DelegatingMethodAccessorImpl.invoke(DelegatingMethodAccessorImpl.java:43)
	at java.lang.reflect.Method.invoke(Method.java:498)
	at org.junit.runners.model.FrameworkMethod$1.runReflectiveCall(FrameworkMethod.java:47)
	at org.junit.internal.runners.model.ReflectiveCallable.run(ReflectiveCallable.java:12)
	at org.junit.runners.model.FrameworkMethod.invokeExplosively(FrameworkMethod.java:44)
	at org.junit.internal.runners.statements.InvokeMethod.evaluate(InvokeMethod.java:17)
	at org.junit.internal.runners.statements.RunBefores.evaluate(RunBefores.java:26)
	at org.junit.internal.runners.statements.RunAfters.evaluate(RunAfters.java:27)
	at org.junit.rules.TestWatcher$1.evaluate(TestWatcher.java:55)
	at org.junit.internal.runners.statements.FailOnTimeout$StatementThread.run(FailOnTimeout.java:74)
</error>
    <system-out><![CDATA[2019-09-19 10:42:33,667 [Thread-265] INFO  rpc.RpcClient (RpcClient.java:createVolume(303)) - Creating Volume: volume03933, with user83850 as owner.
2019-09-19 10:42:33,669 [IPC Server handler 15 on 36020] INFO  volume.OMVolumeCreateRequest (OMVolumeCreateRequest.java:validateAndUpdateCache(189)) - created volume:volume03933 for user:user83850
2019-09-19 10:42:33,670 [Thread-265] INFO  rpc.RpcClient (RpcClient.java:createBucket(442)) - Creating Bucket: volume03933/bucket12524, with Versioning false and Storage Type set to DISK and Encryption set to false 
2019-09-19 10:42:33,714 [Thread-265] INFO  contract.AbstractFSContractTestBase (AbstractFSContractTestBase.java:setup(184)) - Test filesystem = o3fs://bucket12524.volume03933 implemented by OzoneFileSystem{URI=o3fs://bucket12524.volume03933, workingDir=o3fs://bucket12524.volume03933/user/jenkins1000, userName=jenkins1000, statistics=0 bytes read, 0 bytes written, 78 read ops, 0 large read ops, 24 write ops}
2019-09-19 10:42:33,752 [Thread-265] INFO  impl.MetricsSystemImpl (MetricsSystemImpl.java:init(158)) - XceiverClientMetrics metrics system started (again)
2019-09-19 10:42:33,898 [Thread-228] INFO  impl.FollowerState (FollowerState.java:run(106)) - e89641c2-7ef1-4436-991e-ef84ba028339:group-760E5E132795 changes to CANDIDATE, lastRpcTime:5067, electionTimeout:5067ms
2019-09-19 10:42:33,899 [Thread-228] INFO  impl.RoleInfo (RoleInfo.java:shutdownFollowerState(121)) - e89641c2-7ef1-4436-991e-ef84ba028339: shutdown FollowerState
2019-09-19 10:42:33,899 [Thread-228] INFO  impl.RaftServerImpl (RaftServerImpl.java:setRole(174)) - e89641c2-7ef1-4436-991e-ef84ba028339@group-760E5E132795: changes role from  FOLLOWER to CANDIDATE at term 0 for changeToCandidate
2019-09-19 10:42:33,899 [Thread-228] INFO  impl.RoleInfo (RoleInfo.java:updateAndGet(143)) - e89641c2-7ef1-4436-991e-ef84ba028339: start LeaderElection
2019-09-19 10:42:34,049 [b186946b-7cb1-405f-b9a6-a6ba9d2e3b50@group-978694306B91-SegmentedRaftLogWorker] INFO  segmented.SegmentedRaftLogWorker (SegmentedRaftLogWorker.java:execute(569)) - b186946b-7cb1-405f-b9a6-a6ba9d2e3b50@group-978694306B91-SegmentedRaftLogWorker: created new log segment /workdir/hadoop-ozone/ozonefs/target/test-dir/MiniOzoneClusterImpl-44531fa9-7e24-4dfc-8141-5082316aa224/datanode-1/data/ratis/990e6ba6-429d-4cb7-9dd8-978694306b91/current/log_inprogress_0
2019-09-19 10:42:34,049 [e89641c2-7ef1-4436-991e-ef84ba028339@group-760E5E132795:LeaderElection3] INFO  impl.LeaderElection (LeaderElection.java:askForVotes(182)) - e89641c2-7ef1-4436-991e-ef84ba028339@group-760E5E132795:LeaderElection3: begin an election at term 1 for -1: [e89641c2-7ef1-4436-991e-ef84ba028339:192.168.5.171:43968], old=null
2019-09-19 10:42:34,050 [e89641c2-7ef1-4436-991e-ef84ba028339@group-760E5E132795:LeaderElection3] INFO  impl.RoleInfo (RoleInfo.java:shutdownLeaderElection(134)) - e89641c2-7ef1-4436-991e-ef84ba028339: shutdown LeaderElection
2019-09-19 10:42:34,050 [e89641c2-7ef1-4436-991e-ef84ba028339@group-760E5E132795:LeaderElection3] INFO  impl.RaftServerImpl (RaftServerImpl.java:setRole(174)) - e89641c2-7ef1-4436-991e-ef84ba028339@group-760E5E132795: changes role from CANDIDATE to LEADER at term 1 for changeToLeader
2019-09-19 10:42:34,050 [e89641c2-7ef1-4436-991e-ef84ba028339@group-760E5E132795:LeaderElection3] INFO  impl.RaftServerImpl (ServerState.java:setLeader(253)) - e89641c2-7ef1-4436-991e-ef84ba028339@group-760E5E132795: change Leader from null to e89641c2-7ef1-4436-991e-ef84ba028339 at term 1 for becomeLeader, leader elected after 5261ms
2019-09-19 10:42:34,053 [e89641c2-7ef1-4436-991e-ef84ba028339@group-760E5E132795:LeaderElection3] INFO  server.RaftServerConfigKeys (ConfUtils.java:logGet(43)) - raft.server.staging.catchup.gap = 1000 (default)
2019-09-19 10:42:34,053 [e89641c2-7ef1-4436-991e-ef84ba028339@group-760E5E132795:LeaderElection3] INFO  server.RaftServerConfigKeys (ConfUtils.java:logGet(43)) - raft.server.rpc.sleep.time = 25ms (default)
2019-09-19 10:42:34,053 [e89641c2-7ef1-4436-991e-ef84ba028339@group-760E5E132795:LeaderElection3] INFO  server.RaftServerConfigKeys (ConfUtils.java:logGet(43)) - raft.server.write.element-limit = 4096 (default)
2019-09-19 10:42:34,053 [e89641c2-7ef1-4436-991e-ef84ba028339@group-760E5E132795:LeaderElection3] INFO  server.RaftServerConfigKeys (ConfUtils.java:logGet(43)) - raft.server.watch.timeout = 10s (default)
2019-09-19 10:42:34,053 [e89641c2-7ef1-4436-991e-ef84ba028339@group-760E5E132795:LeaderElection3] INFO  server.RaftServerConfigKeys (ConfUtils.java:logGet(43)) - raft.server.watch.timeout.denomination = 1s (default)
2019-09-19 10:42:34,054 [e89641c2-7ef1-4436-991e-ef84ba028339@group-760E5E132795:LeaderElection3] INFO  server.RaftServerConfigKeys (ConfUtils.java:logGet(43)) - raft.server.watch.element-limit = 65536 (default)
2019-09-19 10:42:34,057 [e89641c2-7ef1-4436-991e-ef84ba028339@group-760E5E132795:LeaderElection3] INFO  impl.RoleInfo (RoleInfo.java:updateAndGet(143)) - e89641c2-7ef1-4436-991e-ef84ba028339: start LeaderState
2019-09-19 10:42:34,057 [e89641c2-7ef1-4436-991e-ef84ba028339@group-760E5E132795:LeaderElection3] INFO  segmented.SegmentedRaftLogWorker (SegmentedRaftLogWorker.java:startLogSegment(380)) - e89641c2-7ef1-4436-991e-ef84ba028339@group-760E5E132795-SegmentedRaftLogWorker: Starting segment from index:0
2019-09-19 10:42:34,058 [e89641c2-7ef1-4436-991e-ef84ba028339@group-760E5E132795:LeaderElection3] INFO  impl.RaftServerImpl (ServerState.java:setRaftConf(354)) - e89641c2-7ef1-4436-991e-ef84ba028339@group-760E5E132795: set configuration 0: [e89641c2-7ef1-4436-991e-ef84ba028339:192.168.5.171:43968], old=null at 0
2019-09-19 10:42:34,142 [e89641c2-7ef1-4436-991e-ef84ba028339@group-760E5E132795-SegmentedRaftLogWorker] INFO  segmented.SegmentedRaftLogWorker (SegmentedRaftLogWorker.java:execute(569)) - e89641c2-7ef1-4436-991e-ef84ba028339@group-760E5E132795-SegmentedRaftLogWorker: created new log segment /workdir/hadoop-ozone/ozonefs/target/test-dir/MiniOzoneClusterImpl-44531fa9-7e24-4dfc-8141-5082316aa224/datanode-2/data/ratis/3e87810d-391b-422c-812d-760e5e132795/current/log_inprogress_0
2019-09-19 10:42:35,604 [Thread-231] INFO  impl.FollowerState (FollowerState.java:run(106)) - e9a757c7-3ca5-4a60-905c-412e8bb9c2fd:group-C0A177B7F4D0 changes to CANDIDATE, lastRpcTime:5037, electionTimeout:5037ms
2019-09-19 10:42:35,605 [Thread-231] INFO  impl.RoleInfo (RoleInfo.java:shutdownFollowerState(121)) - e9a757c7-3ca5-4a60-905c-412e8bb9c2fd: shutdown FollowerState
2019-09-19 10:42:35,606 [Thread-231] INFO  impl.RaftServerImpl (RaftServerImpl.java:setRole(174)) - e9a757c7-3ca5-4a60-905c-412e8bb9c2fd@group-C0A177B7F4D0: changes role from  FOLLOWER to CANDIDATE at term 0 for changeToCandidate
2019-09-19 10:42:35,606 [Thread-231] INFO  impl.RoleInfo (RoleInfo.java:updateAndGet(143)) - e9a757c7-3ca5-4a60-905c-412e8bb9c2fd: start LeaderElection
2019-09-19 10:42:36,523 [e9a757c7-3ca5-4a60-905c-412e8bb9c2fd@group-C0A177B7F4D0:LeaderElection4] INFO  impl.LeaderElection (LeaderElection.java:askForVotes(182)) - e9a757c7-3ca5-4a60-905c-412e8bb9c2fd@group-C0A177B7F4D0:LeaderElection4: begin an election at term 1 for -1: [e9a757c7-3ca5-4a60-905c-412e8bb9c2fd:192.168.5.171:37071], old=null
2019-09-19 10:42:36,526 [e9a757c7-3ca5-4a60-905c-412e8bb9c2fd@group-C0A177B7F4D0:LeaderElection4] INFO  impl.RoleInfo (RoleInfo.java:shutdownLeaderElection(134)) - e9a757c7-3ca5-4a60-905c-412e8bb9c2fd: shutdown LeaderElection
2019-09-19 10:42:36,526 [e9a757c7-3ca5-4a60-905c-412e8bb9c2fd@group-C0A177B7F4D0:LeaderElection4] INFO  impl.RaftServerImpl (RaftServerImpl.java:setRole(174)) - e9a757c7-3ca5-4a60-905c-412e8bb9c2fd@group-C0A177B7F4D0: changes role from CANDIDATE to LEADER at term 1 for changeToLeader
2019-09-19 10:42:36,526 [e9a757c7-3ca5-4a60-905c-412e8bb9c2fd@group-C0A177B7F4D0:LeaderElection4] INFO  impl.RaftServerImpl (ServerState.java:setLeader(253)) - e9a757c7-3ca5-4a60-905c-412e8bb9c2fd@group-C0A177B7F4D0: change Leader from null to e9a757c7-3ca5-4a60-905c-412e8bb9c2fd at term 1 for becomeLeader, leader elected after 5980ms
2019-09-19 10:42:36,532 [e9a757c7-3ca5-4a60-905c-412e8bb9c2fd@group-C0A177B7F4D0:LeaderElection4] INFO  server.RaftServerConfigKeys (ConfUtils.java:logGet(43)) - raft.server.staging.catchup.gap = 1000 (default)
2019-09-19 10:42:36,532 [e9a757c7-3ca5-4a60-905c-412e8bb9c2fd@group-C0A177B7F4D0:LeaderElection4] INFO  server.RaftServerConfigKeys (ConfUtils.java:logGet(43)) - raft.server.rpc.sleep.time = 25ms (default)
2019-09-19 10:42:36,533 [e9a757c7-3ca5-4a60-905c-412e8bb9c2fd@group-C0A177B7F4D0:LeaderElection4] INFO  server.RaftServerConfigKeys (ConfUtils.java:logGet(43)) - raft.server.write.element-limit = 4096 (default)
2019-09-19 10:42:36,533 [e9a757c7-3ca5-4a60-905c-412e8bb9c2fd@group-C0A177B7F4D0:LeaderElection4] INFO  server.RaftServerConfigKeys (ConfUtils.java:logGet(43)) - raft.server.watch.timeout = 10s (default)
2019-09-19 10:42:36,534 [e9a757c7-3ca5-4a60-905c-412e8bb9c2fd@group-C0A177B7F4D0:LeaderElection4] INFO  server.RaftServerConfigKeys (ConfUtils.java:logGet(43)) - raft.server.watch.timeout.denomination = 1s (default)
2019-09-19 10:42:36,534 [e9a757c7-3ca5-4a60-905c-412e8bb9c2fd@group-C0A177B7F4D0:LeaderElection4] INFO  server.RaftServerConfigKeys (ConfUtils.java:logGet(43)) - raft.server.watch.element-limit = 65536 (default)
2019-09-19 10:42:36,542 [e9a757c7-3ca5-4a60-905c-412e8bb9c2fd@group-C0A177B7F4D0:LeaderElection4] INFO  impl.RoleInfo (RoleInfo.java:updateAndGet(143)) - e9a757c7-3ca5-4a60-905c-412e8bb9c2fd: start LeaderState
2019-09-19 10:42:36,543 [e9a757c7-3ca5-4a60-905c-412e8bb9c2fd@group-C0A177B7F4D0:LeaderElection4] INFO  segmented.SegmentedRaftLogWorker (SegmentedRaftLogWorker.java:startLogSegment(380)) - e9a757c7-3ca5-4a60-905c-412e8bb9c2fd@group-C0A177B7F4D0-SegmentedRaftLogWorker: Starting segment from index:0
2019-09-19 10:42:36,545 [e9a757c7-3ca5-4a60-905c-412e8bb9c2fd@group-C0A177B7F4D0:LeaderElection4] INFO  impl.RaftServerImpl (ServerState.java:setRaftConf(354)) - e9a757c7-3ca5-4a60-905c-412e8bb9c2fd@group-C0A177B7F4D0: set configuration 0: [e9a757c7-3ca5-4a60-905c-412e8bb9c2fd:192.168.5.171:37071], old=null at 0
2019-09-19 10:42:37,080 [e9a757c7-3ca5-4a60-905c-412e8bb9c2fd@group-C0A177B7F4D0-SegmentedRaftLogWorker] INFO  segmented.SegmentedRaftLogWorker (SegmentedRaftLogWorker.java:execute(569)) - e9a757c7-3ca5-4a60-905c-412e8bb9c2fd@group-C0A177B7F4D0-SegmentedRaftLogWorker: created new log segment /workdir/hadoop-ozone/ozonefs/target/test-dir/MiniOzoneClusterImpl-44531fa9-7e24-4dfc-8141-5082316aa224/datanode-4/data/ratis/7290a513-379e-4313-8d79-c0a177b7f4d0/current/log_inprogress_0
2019-09-19 10:42:37,245 [Thread-236] INFO  impl.FollowerState (FollowerState.java:run(106)) - d69bcbda-7290-4896-8900-2fd612c3c31d:group-E74C803A9DFC changes to CANDIDATE, lastRpcTime:5094, electionTimeout:5094ms
2019-09-19 10:42:37,246 [Thread-236] INFO  impl.RoleInfo (RoleInfo.java:shutdownFollowerState(121)) - d69bcbda-7290-4896-8900-2fd612c3c31d: shutdown FollowerState
2019-09-19 10:42:37,246 [Thread-236] INFO  impl.RaftServerImpl (RaftServerImpl.java:setRole(174)) - d69bcbda-7290-4896-8900-2fd612c3c31d@group-E74C803A9DFC: changes role from  FOLLOWER to CANDIDATE at term 0 for changeToCandidate
2019-09-19 10:42:37,246 [Thread-236] INFO  impl.RoleInfo (RoleInfo.java:updateAndGet(143)) - d69bcbda-7290-4896-8900-2fd612c3c31d: start LeaderElection
2019-09-19 10:42:37,500 [Thread-243] INFO  impl.FollowerState (FollowerState.java:run(106)) - e89641c2-7ef1-4436-991e-ef84ba028339:group-BE3AF9FFDD6F changes to CANDIDATE, lastRpcTime:5007, electionTimeout:5005ms
2019-09-19 10:42:37,500 [Thread-243] INFO  impl.RoleInfo (RoleInfo.java:shutdownFollowerState(121)) - e89641c2-7ef1-4436-991e-ef84ba028339: shutdown FollowerState
2019-09-19 10:42:37,500 [Thread-243] INFO  impl.RaftServerImpl (RaftServerImpl.java:setRole(174)) - e89641c2-7ef1-4436-991e-ef84ba028339@group-BE3AF9FFDD6F: changes role from  FOLLOWER to CANDIDATE at term 0 for changeToCandidate
2019-09-19 10:42:37,501 [Thread-243] INFO  impl.RoleInfo (RoleInfo.java:updateAndGet(143)) - e89641c2-7ef1-4436-991e-ef84ba028339: start LeaderElection
2019-09-19 10:42:37,613 [Thread-241] INFO  impl.FollowerState (FollowerState.java:run(106)) - e9a757c7-3ca5-4a60-905c-412e8bb9c2fd:group-BE3AF9FFDD6F changes to CANDIDATE, lastRpcTime:5121, electionTimeout:5121ms
2019-09-19 10:42:37,613 [Thread-241] INFO  impl.RoleInfo (RoleInfo.java:shutdownFollowerState(121)) - e9a757c7-3ca5-4a60-905c-412e8bb9c2fd: shutdown FollowerState
2019-09-19 10:42:37,613 [Thread-241] INFO  impl.RaftServerImpl (RaftServerImpl.java:setRole(174)) - e9a757c7-3ca5-4a60-905c-412e8bb9c2fd@group-BE3AF9FFDD6F: changes role from  FOLLOWER to CANDIDATE at term 0 for changeToCandidate
2019-09-19 10:42:37,614 [Thread-241] INFO  impl.RoleInfo (RoleInfo.java:updateAndGet(143)) - e9a757c7-3ca5-4a60-905c-412e8bb9c2fd: start LeaderElection
2019-09-19 10:42:37,711 [Thread-245] INFO  impl.FollowerState (FollowerState.java:run(106)) - b186946b-7cb1-405f-b9a6-a6ba9d2e3b50:group-BE3AF9FFDD6F changes to CANDIDATE, lastRpcTime:5199, electionTimeout:5199ms
2019-09-19 10:42:37,711 [Thread-245] INFO  impl.RoleInfo (RoleInfo.java:shutdownFollowerState(121)) - b186946b-7cb1-405f-b9a6-a6ba9d2e3b50: shutdown FollowerState
2019-09-19 10:42:37,711 [Thread-245] INFO  impl.RaftServerImpl (RaftServerImpl.java:setRole(174)) - b186946b-7cb1-405f-b9a6-a6ba9d2e3b50@group-BE3AF9FFDD6F: changes role from  FOLLOWER to CANDIDATE at term 0 for changeToCandidate
2019-09-19 10:42:37,711 [Thread-245] INFO  impl.RoleInfo (RoleInfo.java:updateAndGet(143)) - b186946b-7cb1-405f-b9a6-a6ba9d2e3b50: start LeaderElection
2019-09-19 10:42:37,822 [d69bcbda-7290-4896-8900-2fd612c3c31d@group-E74C803A9DFC:LeaderElection5] INFO  impl.LeaderElection (LeaderElection.java:askForVotes(182)) - d69bcbda-7290-4896-8900-2fd612c3c31d@group-E74C803A9DFC:LeaderElection5: begin an election at term 1 for -1: [d69bcbda-7290-4896-8900-2fd612c3c31d:192.168.5.171:43751], old=null
2019-09-19 10:42:37,822 [e89641c2-7ef1-4436-991e-ef84ba028339@group-BE3AF9FFDD6F:LeaderElection6] INFO  impl.LeaderElection (LeaderElection.java:askForVotes(182)) - e89641c2-7ef1-4436-991e-ef84ba028339@group-BE3AF9FFDD6F:LeaderElection6: begin an election at term 1 for -1: [b186946b-7cb1-405f-b9a6-a6ba9d2e3b50:192.168.5.171:45263, e89641c2-7ef1-4436-991e-ef84ba028339:192.168.5.171:43968, e9a757c7-3ca5-4a60-905c-412e8bb9c2fd:192.168.5.171:37071], old=null
2019-09-19 10:42:37,823 [d69bcbda-7290-4896-8900-2fd612c3c31d@group-E74C803A9DFC:LeaderElection5] INFO  impl.RoleInfo (RoleInfo.java:shutdownLeaderElection(134)) - d69bcbda-7290-4896-8900-2fd612c3c31d: shutdown LeaderElection
2019-09-19 10:42:37,823 [d69bcbda-7290-4896-8900-2fd612c3c31d@group-E74C803A9DFC:LeaderElection5] INFO  impl.RaftServerImpl (RaftServerImpl.java:setRole(174)) - d69bcbda-7290-4896-8900-2fd612c3c31d@group-E74C803A9DFC: changes role from CANDIDATE to LEADER at term 1 for changeToLeader
2019-09-19 10:42:37,823 [d69bcbda-7290-4896-8900-2fd612c3c31d@group-E74C803A9DFC:LeaderElection5] INFO  impl.RaftServerImpl (ServerState.java:setLeader(253)) - d69bcbda-7290-4896-8900-2fd612c3c31d@group-E74C803A9DFC: change Leader from null to d69bcbda-7290-4896-8900-2fd612c3c31d at term 1 for becomeLeader, leader elected after 5686ms
2019-09-19 10:42:37,826 [d69bcbda-7290-4896-8900-2fd612c3c31d@group-E74C803A9DFC:LeaderElection5] INFO  server.RaftServerConfigKeys (ConfUtils.java:logGet(43)) - raft.server.staging.catchup.gap = 1000 (default)
2019-09-19 10:42:37,826 [d69bcbda-7290-4896-8900-2fd612c3c31d@group-E74C803A9DFC:LeaderElection5] INFO  server.RaftServerConfigKeys (ConfUtils.java:logGet(43)) - raft.server.rpc.sleep.time = 25ms (default)
2019-09-19 10:42:37,826 [d69bcbda-7290-4896-8900-2fd612c3c31d@group-E74C803A9DFC:LeaderElection5] INFO  server.RaftServerConfigKeys (ConfUtils.java:logGet(43)) - raft.server.write.element-limit = 4096 (default)
2019-09-19 10:42:37,827 [d69bcbda-7290-4896-8900-2fd612c3c31d@group-E74C803A9DFC:LeaderElection5] INFO  server.RaftServerConfigKeys (ConfUtils.java:logGet(43)) - raft.server.watch.timeout = 10s (default)
2019-09-19 10:42:37,827 [d69bcbda-7290-4896-8900-2fd612c3c31d@group-E74C803A9DFC:LeaderElection5] INFO  server.RaftServerConfigKeys (ConfUtils.java:logGet(43)) - raft.server.watch.timeout.denomination = 1s (default)
2019-09-19 10:42:37,827 [d69bcbda-7290-4896-8900-2fd612c3c31d@group-E74C803A9DFC:LeaderElection5] INFO  server.RaftServerConfigKeys (ConfUtils.java:logGet(43)) - raft.server.watch.element-limit = 65536 (default)
2019-09-19 10:42:37,833 [d69bcbda-7290-4896-8900-2fd612c3c31d@group-E74C803A9DFC:LeaderElection5] INFO  impl.RoleInfo (RoleInfo.java:updateAndGet(143)) - d69bcbda-7290-4896-8900-2fd612c3c31d: start LeaderState
2019-09-19 10:42:37,833 [d69bcbda-7290-4896-8900-2fd612c3c31d@group-E74C803A9DFC:LeaderElection5] INFO  segmented.SegmentedRaftLogWorker (SegmentedRaftLogWorker.java:startLogSegment(380)) - d69bcbda-7290-4896-8900-2fd612c3c31d@group-E74C803A9DFC-SegmentedRaftLogWorker: Starting segment from index:0
2019-09-19 10:42:37,834 [d69bcbda-7290-4896-8900-2fd612c3c31d@group-E74C803A9DFC:LeaderElection5] INFO  impl.RaftServerImpl (ServerState.java:setRaftConf(354)) - d69bcbda-7290-4896-8900-2fd612c3c31d@group-E74C803A9DFC: set configuration 0: [d69bcbda-7290-4896-8900-2fd612c3c31d:192.168.5.171:43751], old=null at 0
2019-09-19 10:42:39,016 [d69bcbda-7290-4896-8900-2fd612c3c31d@group-E74C803A9DFC-SegmentedRaftLogWorker] INFO  segmented.SegmentedRaftLogWorker (SegmentedRaftLogWorker.java:execute(569)) - d69bcbda-7290-4896-8900-2fd612c3c31d@group-E74C803A9DFC-SegmentedRaftLogWorker: created new log segment /workdir/hadoop-ozone/ozonefs/target/test-dir/MiniOzoneClusterImpl-44531fa9-7e24-4dfc-8141-5082316aa224/datanode-3/data/ratis/77b5b85d-b55a-4365-a06d-e74c803a9dfc/current/log_inprogress_0
2019-09-19 10:42:39,016 [e9a757c7-3ca5-4a60-905c-412e8bb9c2fd@group-BE3AF9FFDD6F:LeaderElection7] INFO  impl.LeaderElection (LeaderElection.java:askForVotes(182)) - e9a757c7-3ca5-4a60-905c-412e8bb9c2fd@group-BE3AF9FFDD6F:LeaderElection7: begin an election at term 1 for -1: [b186946b-7cb1-405f-b9a6-a6ba9d2e3b50:192.168.5.171:45263, e89641c2-7ef1-4436-991e-ef84ba028339:192.168.5.171:43968, e9a757c7-3ca5-4a60-905c-412e8bb9c2fd:192.168.5.171:37071], old=null
2019-09-19 10:42:39,016 [b186946b-7cb1-405f-b9a6-a6ba9d2e3b50@group-BE3AF9FFDD6F:LeaderElection8] INFO  impl.LeaderElection (LeaderElection.java:askForVotes(182)) - b186946b-7cb1-405f-b9a6-a6ba9d2e3b50@group-BE3AF9FFDD6F:LeaderElection8: begin an election at term 1 for -1: [b186946b-7cb1-405f-b9a6-a6ba9d2e3b50:192.168.5.171:45263, e89641c2-7ef1-4436-991e-ef84ba028339:192.168.5.171:43968, e9a757c7-3ca5-4a60-905c-412e8bb9c2fd:192.168.5.171:37071], old=null
2019-09-19 10:42:39,063 [e89641c2-7ef1-4436-991e-ef84ba028339@group-BE3AF9FFDD6F:LeaderElection6] INFO  impl.LeaderElection (LeaderElection.java:logAndReturn(56)) - e89641c2-7ef1-4436-991e-ef84ba028339@group-BE3AF9FFDD6F:LeaderElection6: Election REJECTED; received 2 response(s) [e89641c2-7ef1-4436-991e-ef84ba028339<-b186946b-7cb1-405f-b9a6-a6ba9d2e3b50#0:FAIL-t1, e89641c2-7ef1-4436-991e-ef84ba028339<-e9a757c7-3ca5-4a60-905c-412e8bb9c2fd#0:FAIL-t1] and 0 exception(s); e89641c2-7ef1-4436-991e-ef84ba028339@group-BE3AF9FFDD6F:t1, leader=null, voted=e89641c2-7ef1-4436-991e-ef84ba028339, raftlog=e89641c2-7ef1-4436-991e-ef84ba028339@group-BE3AF9FFDD6F-SegmentedRaftLog:OPENED:c-1,f-1,i0, conf=-1: [b186946b-7cb1-405f-b9a6-a6ba9d2e3b50:192.168.5.171:45263, e89641c2-7ef1-4436-991e-ef84ba028339:192.168.5.171:43968, e9a757c7-3ca5-4a60-905c-412e8bb9c2fd:192.168.5.171:37071], old=null
2019-09-19 10:42:39,067 [e89641c2-7ef1-4436-991e-ef84ba028339@group-BE3AF9FFDD6F:LeaderElection6] INFO  impl.RaftServerImpl (RaftServerImpl.java:setRole(174)) - e89641c2-7ef1-4436-991e-ef84ba028339@group-BE3AF9FFDD6F: changes role from CANDIDATE to FOLLOWER at term 1 for DISCOVERED_A_NEW_TERM
2019-09-19 10:42:39,067 [e89641c2-7ef1-4436-991e-ef84ba028339@group-BE3AF9FFDD6F:LeaderElection6] INFO  impl.RoleInfo (RoleInfo.java:shutdownLeaderElection(134)) - e89641c2-7ef1-4436-991e-ef84ba028339: shutdown LeaderElection
2019-09-19 10:42:39,067 [e89641c2-7ef1-4436-991e-ef84ba028339@group-BE3AF9FFDD6F:LeaderElection6] INFO  impl.RoleInfo (RoleInfo.java:updateAndGet(143)) - e89641c2-7ef1-4436-991e-ef84ba028339: start FollowerState
2019-09-19 10:42:39,102 [b186946b-7cb1-405f-b9a6-a6ba9d2e3b50@group-BE3AF9FFDD6F:LeaderElection8] INFO  impl.LeaderElection (LeaderElection.java:logAndReturn(56)) - b186946b-7cb1-405f-b9a6-a6ba9d2e3b50@group-BE3AF9FFDD6F:LeaderElection8: Election REJECTED; received 2 response(s) [b186946b-7cb1-405f-b9a6-a6ba9d2e3b50<-e89641c2-7ef1-4436-991e-ef84ba028339#0:FAIL-t1, b186946b-7cb1-405f-b9a6-a6ba9d2e3b50<-e9a757c7-3ca5-4a60-905c-412e8bb9c2fd#0:FAIL-t1] and 0 exception(s); b186946b-7cb1-405f-b9a6-a6ba9d2e3b50@group-BE3AF9FFDD6F:t1, leader=null, voted=b186946b-7cb1-405f-b9a6-a6ba9d2e3b50, raftlog=b186946b-7cb1-405f-b9a6-a6ba9d2e3b50@group-BE3AF9FFDD6F-SegmentedRaftLog:OPENED:c-1,f-1,i0, conf=-1: [b186946b-7cb1-405f-b9a6-a6ba9d2e3b50:192.168.5.171:45263, e89641c2-7ef1-4436-991e-ef84ba028339:192.168.5.171:43968, e9a757c7-3ca5-4a60-905c-412e8bb9c2fd:192.168.5.171:37071], old=null
2019-09-19 10:42:39,109 [b186946b-7cb1-405f-b9a6-a6ba9d2e3b50@group-BE3AF9FFDD6F:LeaderElection8] INFO  impl.RaftServerImpl (RaftServerImpl.java:setRole(174)) - b186946b-7cb1-405f-b9a6-a6ba9d2e3b50@group-BE3AF9FFDD6F: changes role from CANDIDATE to FOLLOWER at term 1 for DISCOVERED_A_NEW_TERM
2019-09-19 10:42:39,109 [b186946b-7cb1-405f-b9a6-a6ba9d2e3b50@group-BE3AF9FFDD6F:LeaderElection8] INFO  impl.RoleInfo (RoleInfo.java:shutdownLeaderElection(134)) - b186946b-7cb1-405f-b9a6-a6ba9d2e3b50: shutdown LeaderElection
2019-09-19 10:42:39,109 [b186946b-7cb1-405f-b9a6-a6ba9d2e3b50@group-BE3AF9FFDD6F:LeaderElection8] INFO  impl.RoleInfo (RoleInfo.java:updateAndGet(143)) - b186946b-7cb1-405f-b9a6-a6ba9d2e3b50: start FollowerState
2019-09-19 10:42:39,111 [e9a757c7-3ca5-4a60-905c-412e8bb9c2fd@group-BE3AF9FFDD6F:LeaderElection7] INFO  impl.LeaderElection (LeaderElection.java:logAndReturn(56)) - e9a757c7-3ca5-4a60-905c-412e8bb9c2fd@group-BE3AF9FFDD6F:LeaderElection7: Election REJECTED; received 2 response(s) [e9a757c7-3ca5-4a60-905c-412e8bb9c2fd<-e89641c2-7ef1-4436-991e-ef84ba028339#0:FAIL-t1, e9a757c7-3ca5-4a60-905c-412e8bb9c2fd<-b186946b-7cb1-405f-b9a6-a6ba9d2e3b50#0:FAIL-t1] and 0 exception(s); e9a757c7-3ca5-4a60-905c-412e8bb9c2fd@group-BE3AF9FFDD6F:t1, leader=null, voted=e9a757c7-3ca5-4a60-905c-412e8bb9c2fd, raftlog=e9a757c7-3ca5-4a60-905c-412e8bb9c2fd@group-BE3AF9FFDD6F-SegmentedRaftLog:OPENED:c-1,f-1,i0, conf=-1: [b186946b-7cb1-405f-b9a6-a6ba9d2e3b50:192.168.5.171:45263, e89641c2-7ef1-4436-991e-ef84ba028339:192.168.5.171:43968, e9a757c7-3ca5-4a60-905c-412e8bb9c2fd:192.168.5.171:37071], old=null
2019-09-19 10:42:39,112 [e9a757c7-3ca5-4a60-905c-412e8bb9c2fd@group-BE3AF9FFDD6F:LeaderElection7] INFO  impl.RaftServerImpl (RaftServerImpl.java:setRole(174)) - e9a757c7-3ca5-4a60-905c-412e8bb9c2fd@group-BE3AF9FFDD6F: changes role from CANDIDATE to FOLLOWER at term 1 for DISCOVERED_A_NEW_TERM
2019-09-19 10:42:39,115 [e9a757c7-3ca5-4a60-905c-412e8bb9c2fd@group-BE3AF9FFDD6F:LeaderElection7] INFO  impl.RoleInfo (RoleInfo.java:shutdownLeaderElection(134)) - e9a757c7-3ca5-4a60-905c-412e8bb9c2fd: shutdown LeaderElection
2019-09-19 10:42:39,115 [e9a757c7-3ca5-4a60-905c-412e8bb9c2fd@group-BE3AF9FFDD6F:LeaderElection7] INFO  impl.RoleInfo (RoleInfo.java:updateAndGet(143)) - e9a757c7-3ca5-4a60-905c-412e8bb9c2fd: start FollowerState
2019-09-19 10:42:44,193 [Thread-295] INFO  impl.FollowerState (FollowerState.java:run(106)) - e89641c2-7ef1-4436-991e-ef84ba028339:group-BE3AF9FFDD6F changes to CANDIDATE, lastRpcTime:5125, electionTimeout:5123ms
2019-09-19 10:42:44,198 [Thread-295] INFO  impl.RoleInfo (RoleInfo.java:shutdownFollowerState(121)) - e89641c2-7ef1-4436-991e-ef84ba028339: shutdown FollowerState
2019-09-19 10:42:44,198 [Thread-295] INFO  impl.RaftServerImpl (RaftServerImpl.java:setRole(174)) - e89641c2-7ef1-4436-991e-ef84ba028339@group-BE3AF9FFDD6F: changes role from  FOLLOWER to CANDIDATE at term 1 for changeToCandidate
2019-09-19 10:42:44,198 [Thread-295] INFO  impl.RoleInfo (RoleInfo.java:updateAndGet(143)) - e89641c2-7ef1-4436-991e-ef84ba028339: start LeaderElection
2019-09-19 10:42:44,212 [Thread-297] INFO  impl.FollowerState (FollowerState.java:run(106)) - e9a757c7-3ca5-4a60-905c-412e8bb9c2fd:group-BE3AF9FFDD6F changes to CANDIDATE, lastRpcTime:5096, electionTimeout:5093ms
2019-09-19 10:42:44,212 [Thread-297] INFO  impl.RoleInfo (RoleInfo.java:shutdownFollowerState(121)) - e9a757c7-3ca5-4a60-905c-412e8bb9c2fd: shutdown FollowerState
2019-09-19 10:42:44,212 [Thread-297] INFO  impl.RaftServerImpl (RaftServerImpl.java:setRole(174)) - e9a757c7-3ca5-4a60-905c-412e8bb9c2fd@group-BE3AF9FFDD6F: changes role from  FOLLOWER to CANDIDATE at term 1 for changeToCandidate
2019-09-19 10:42:44,212 [Thread-297] INFO  impl.RoleInfo (RoleInfo.java:updateAndGet(143)) - e9a757c7-3ca5-4a60-905c-412e8bb9c2fd: start LeaderElection
2019-09-19 10:42:44,246 [Thread-296] INFO  impl.FollowerState (FollowerState.java:run(106)) - b186946b-7cb1-405f-b9a6-a6ba9d2e3b50:group-BE3AF9FFDD6F changes to CANDIDATE, lastRpcTime:5136, electionTimeout:5135ms
2019-09-19 10:42:44,246 [Thread-296] INFO  impl.RoleInfo (RoleInfo.java:shutdownFollowerState(121)) - b186946b-7cb1-405f-b9a6-a6ba9d2e3b50: shutdown FollowerState
2019-09-19 10:42:44,246 [Thread-296] INFO  impl.RaftServerImpl (RaftServerImpl.java:setRole(174)) - b186946b-7cb1-405f-b9a6-a6ba9d2e3b50@group-BE3AF9FFDD6F: changes role from  FOLLOWER to CANDIDATE at term 1 for changeToCandidate
2019-09-19 10:42:44,247 [Thread-296] INFO  impl.RoleInfo (RoleInfo.java:updateAndGet(143)) - b186946b-7cb1-405f-b9a6-a6ba9d2e3b50: start LeaderElection
2019-09-19 10:42:44,516 [b186946b-7cb1-405f-b9a6-a6ba9d2e3b50@group-BE3AF9FFDD6F:LeaderElection11] INFO  impl.LeaderElection (LeaderElection.java:askForVotes(182)) - b186946b-7cb1-405f-b9a6-a6ba9d2e3b50@group-BE3AF9FFDD6F:LeaderElection11: begin an election at term 2 for -1: [b186946b-7cb1-405f-b9a6-a6ba9d2e3b50:192.168.5.171:45263, e89641c2-7ef1-4436-991e-ef84ba028339:192.168.5.171:43968, e9a757c7-3ca5-4a60-905c-412e8bb9c2fd:192.168.5.171:37071], old=null
2019-09-19 10:42:44,516 [e89641c2-7ef1-4436-991e-ef84ba028339@group-BE3AF9FFDD6F:LeaderElection9] INFO  impl.LeaderElection (LeaderElection.java:askForVotes(182)) - e89641c2-7ef1-4436-991e-ef84ba028339@group-BE3AF9FFDD6F:LeaderElection9: begin an election at term 2 for -1: [b186946b-7cb1-405f-b9a6-a6ba9d2e3b50:192.168.5.171:45263, e89641c2-7ef1-4436-991e-ef84ba028339:192.168.5.171:43968, e9a757c7-3ca5-4a60-905c-412e8bb9c2fd:192.168.5.171:37071], old=null
2019-09-19 10:42:44,516 [e9a757c7-3ca5-4a60-905c-412e8bb9c2fd@group-BE3AF9FFDD6F:LeaderElection10] INFO  impl.LeaderElection (LeaderElection.java:askForVotes(182)) - e9a757c7-3ca5-4a60-905c-412e8bb9c2fd@group-BE3AF9FFDD6F:LeaderElection10: begin an election at term 2 for -1: [b186946b-7cb1-405f-b9a6-a6ba9d2e3b50:192.168.5.171:45263, e89641c2-7ef1-4436-991e-ef84ba028339:192.168.5.171:43968, e9a757c7-3ca5-4a60-905c-412e8bb9c2fd:192.168.5.171:37071], old=null
2019-09-19 10:42:44,552 [e9a757c7-3ca5-4a60-905c-412e8bb9c2fd@group-BE3AF9FFDD6F:LeaderElection10] INFO  impl.LeaderElection (LeaderElection.java:logAndReturn(56)) - e9a757c7-3ca5-4a60-905c-412e8bb9c2fd@group-BE3AF9FFDD6F:LeaderElection10: Election REJECTED; received 2 response(s) [e9a757c7-3ca5-4a60-905c-412e8bb9c2fd<-b186946b-7cb1-405f-b9a6-a6ba9d2e3b50#0:FAIL-t2, e9a757c7-3ca5-4a60-905c-412e8bb9c2fd<-e89641c2-7ef1-4436-991e-ef84ba028339#0:FAIL-t2] and 0 exception(s); e9a757c7-3ca5-4a60-905c-412e8bb9c2fd@group-BE3AF9FFDD6F:t2, leader=null, voted=e9a757c7-3ca5-4a60-905c-412e8bb9c2fd, raftlog=e9a757c7-3ca5-4a60-905c-412e8bb9c2fd@group-BE3AF9FFDD6F-SegmentedRaftLog:OPENED:c-1,f-1,i0, conf=-1: [b186946b-7cb1-405f-b9a6-a6ba9d2e3b50:192.168.5.171:45263, e89641c2-7ef1-4436-991e-ef84ba028339:192.168.5.171:43968, e9a757c7-3ca5-4a60-905c-412e8bb9c2fd:192.168.5.171:37071], old=null
2019-09-19 10:42:44,552 [e9a757c7-3ca5-4a60-905c-412e8bb9c2fd@group-BE3AF9FFDD6F:LeaderElection10] INFO  impl.RaftServerImpl (RaftServerImpl.java:setRole(174)) - e9a757c7-3ca5-4a60-905c-412e8bb9c2fd@group-BE3AF9FFDD6F: changes role from CANDIDATE to FOLLOWER at term 2 for DISCOVERED_A_NEW_TERM
2019-09-19 10:42:44,554 [e9a757c7-3ca5-4a60-905c-412e8bb9c2fd@group-BE3AF9FFDD6F:LeaderElection10] INFO  impl.RoleInfo (RoleInfo.java:shutdownLeaderElection(134)) - e9a757c7-3ca5-4a60-905c-412e8bb9c2fd: shutdown LeaderElection
2019-09-19 10:42:44,557 [e9a757c7-3ca5-4a60-905c-412e8bb9c2fd@group-BE3AF9FFDD6F:LeaderElection10] INFO  impl.RoleInfo (RoleInfo.java:updateAndGet(143)) - e9a757c7-3ca5-4a60-905c-412e8bb9c2fd: start FollowerState
2019-09-19 10:42:44,559 [b186946b-7cb1-405f-b9a6-a6ba9d2e3b50@group-BE3AF9FFDD6F:LeaderElection11] INFO  impl.LeaderElection (LeaderElection.java:logAndReturn(56)) - b186946b-7cb1-405f-b9a6-a6ba9d2e3b50@group-BE3AF9FFDD6F:LeaderElection11: Election REJECTED; received 2 response(s) [b186946b-7cb1-405f-b9a6-a6ba9d2e3b50<-e89641c2-7ef1-4436-991e-ef84ba028339#0:FAIL-t2, b186946b-7cb1-405f-b9a6-a6ba9d2e3b50<-e9a757c7-3ca5-4a60-905c-412e8bb9c2fd#0:FAIL-t2] and 0 exception(s); b186946b-7cb1-405f-b9a6-a6ba9d2e3b50@group-BE3AF9FFDD6F:t2, leader=null, voted=b186946b-7cb1-405f-b9a6-a6ba9d2e3b50, raftlog=b186946b-7cb1-405f-b9a6-a6ba9d2e3b50@group-BE3AF9FFDD6F-SegmentedRaftLog:OPENED:c-1,f-1,i0, conf=-1: [b186946b-7cb1-405f-b9a6-a6ba9d2e3b50:192.168.5.171:45263, e89641c2-7ef1-4436-991e-ef84ba028339:192.168.5.171:43968, e9a757c7-3ca5-4a60-905c-412e8bb9c2fd:192.168.5.171:37071], old=null
2019-09-19 10:42:44,560 [e89641c2-7ef1-4436-991e-ef84ba028339@group-BE3AF9FFDD6F:LeaderElection9] INFO  impl.LeaderElection (LeaderElection.java:logAndReturn(56)) - e89641c2-7ef1-4436-991e-ef84ba028339@group-BE3AF9FFDD6F:LeaderElection9: Election REJECTED; received 2 response(s) [e89641c2-7ef1-4436-991e-ef84ba028339<-b186946b-7cb1-405f-b9a6-a6ba9d2e3b50#0:FAIL-t2, e89641c2-7ef1-4436-991e-ef84ba028339<-e9a757c7-3ca5-4a60-905c-412e8bb9c2fd#0:FAIL-t2] and 0 exception(s); e89641c2-7ef1-4436-991e-ef84ba028339@group-BE3AF9FFDD6F:t2, leader=null, voted=e89641c2-7ef1-4436-991e-ef84ba028339, raftlog=e89641c2-7ef1-4436-991e-ef84ba028339@group-BE3AF9FFDD6F-SegmentedRaftLog:OPENED:c-1,f-1,i0, conf=-1: [b186946b-7cb1-405f-b9a6-a6ba9d2e3b50:192.168.5.171:45263, e89641c2-7ef1-4436-991e-ef84ba028339:192.168.5.171:43968, e9a757c7-3ca5-4a60-905c-412e8bb9c2fd:192.168.5.171:37071], old=null
2019-09-19 10:42:44,560 [b186946b-7cb1-405f-b9a6-a6ba9d2e3b50@group-BE3AF9FFDD6F:LeaderElection11] INFO  impl.RaftServerImpl (RaftServerImpl.java:setRole(174)) - b186946b-7cb1-405f-b9a6-a6ba9d2e3b50@group-BE3AF9FFDD6F: changes role from CANDIDATE to FOLLOWER at term 2 for DISCOVERED_A_NEW_TERM
2019-09-19 10:42:44,564 [e89641c2-7ef1-4436-991e-ef84ba028339@group-BE3AF9FFDD6F:LeaderElection9] INFO  impl.RaftServerImpl (RaftServerImpl.java:setRole(174)) - e89641c2-7ef1-4436-991e-ef84ba028339@group-BE3AF9FFDD6F: changes role from CANDIDATE to FOLLOWER at term 2 for DISCOVERED_A_NEW_TERM
2019-09-19 10:42:44,564 [b186946b-7cb1-405f-b9a6-a6ba9d2e3b50@group-BE3AF9FFDD6F:LeaderElection11] INFO  impl.RoleInfo (RoleInfo.java:shutdownLeaderElection(134)) - b186946b-7cb1-405f-b9a6-a6ba9d2e3b50: shutdown LeaderElection
2019-09-19 10:42:44,565 [e89641c2-7ef1-4436-991e-ef84ba028339@group-BE3AF9FFDD6F:LeaderElection9] INFO  impl.RoleInfo (RoleInfo.java:shutdownLeaderElection(134)) - e89641c2-7ef1-4436-991e-ef84ba028339: shutdown LeaderElection
2019-09-19 10:42:44,566 [b186946b-7cb1-405f-b9a6-a6ba9d2e3b50@group-BE3AF9FFDD6F:LeaderElection11] INFO  impl.RoleInfo (RoleInfo.java:updateAndGet(143)) - b186946b-7cb1-405f-b9a6-a6ba9d2e3b50: start FollowerState
2019-09-19 10:42:44,566 [e89641c2-7ef1-4436-991e-ef84ba028339@group-BE3AF9FFDD6F:LeaderElection9] INFO  impl.RoleInfo (RoleInfo.java:updateAndGet(143)) - e89641c2-7ef1-4436-991e-ef84ba028339: start FollowerState
2019-09-19 10:42:49,583 [Thread-319] INFO  impl.FollowerState (FollowerState.java:run(106)) - e89641c2-7ef1-4436-991e-ef84ba028339:group-BE3AF9FFDD6F changes to CANDIDATE, lastRpcTime:5017, electionTimeout:5014ms
2019-09-19 10:42:49,585 [Thread-319] INFO  impl.RoleInfo (RoleInfo.java:shutdownFollowerState(121)) - e89641c2-7ef1-4436-991e-ef84ba028339: shutdown FollowerState
2019-09-19 10:42:49,585 [Thread-319] INFO  impl.RaftServerImpl (RaftServerImpl.java:setRole(174)) - e89641c2-7ef1-4436-991e-ef84ba028339@group-BE3AF9FFDD6F: changes role from  FOLLOWER to CANDIDATE at term 2 for changeToCandidate
2019-09-19 10:42:49,586 [Thread-319] INFO  impl.RoleInfo (RoleInfo.java:updateAndGet(143)) - e89641c2-7ef1-4436-991e-ef84ba028339: start LeaderElection
2019-09-19 10:42:49,698 [Thread-317] INFO  impl.FollowerState (FollowerState.java:run(106)) - e9a757c7-3ca5-4a60-905c-412e8bb9c2fd:group-BE3AF9FFDD6F changes to CANDIDATE, lastRpcTime:5141, electionTimeout:5139ms
2019-09-19 10:42:49,698 [Thread-317] INFO  impl.RoleInfo (RoleInfo.java:shutdownFollowerState(121)) - e9a757c7-3ca5-4a60-905c-412e8bb9c2fd: shutdown FollowerState
2019-09-19 10:42:49,698 [Thread-317] INFO  impl.RaftServerImpl (RaftServerImpl.java:setRole(174)) - e9a757c7-3ca5-4a60-905c-412e8bb9c2fd@group-BE3AF9FFDD6F: changes role from  FOLLOWER to CANDIDATE at term 2 for changeToCandidate
2019-09-19 10:42:49,698 [Thread-317] INFO  impl.RoleInfo (RoleInfo.java:updateAndGet(143)) - e9a757c7-3ca5-4a60-905c-412e8bb9c2fd: start LeaderElection
2019-09-19 10:42:49,761 [Thread-318] INFO  impl.FollowerState (FollowerState.java:run(106)) - b186946b-7cb1-405f-b9a6-a6ba9d2e3b50:group-BE3AF9FFDD6F changes to CANDIDATE, lastRpcTime:5195, electionTimeout:5193ms
2019-09-19 10:42:49,761 [Thread-318] INFO  impl.RoleInfo (RoleInfo.java:shutdownFollowerState(121)) - b186946b-7cb1-405f-b9a6-a6ba9d2e3b50: shutdown FollowerState
2019-09-19 10:42:49,761 [Thread-318] INFO  impl.RaftServerImpl (RaftServerImpl.java:setRole(174)) - b186946b-7cb1-405f-b9a6-a6ba9d2e3b50@group-BE3AF9FFDD6F: changes role from  FOLLOWER to CANDIDATE at term 2 for changeToCandidate
2019-09-19 10:42:49,761 [Thread-318] INFO  impl.RoleInfo (RoleInfo.java:updateAndGet(143)) - b186946b-7cb1-405f-b9a6-a6ba9d2e3b50: start LeaderElection
2019-09-19 10:42:50,408 [e89641c2-7ef1-4436-991e-ef84ba028339@group-BE3AF9FFDD6F:LeaderElection12] INFO  impl.LeaderElection (LeaderElection.java:askForVotes(182)) - e89641c2-7ef1-4436-991e-ef84ba028339@group-BE3AF9FFDD6F:LeaderElection12: begin an election at term 3 for -1: [b186946b-7cb1-405f-b9a6-a6ba9d2e3b50:192.168.5.171:45263, e89641c2-7ef1-4436-991e-ef84ba028339:192.168.5.171:43968, e9a757c7-3ca5-4a60-905c-412e8bb9c2fd:192.168.5.171:37071], old=null
2019-09-19 10:42:50,408 [e9a757c7-3ca5-4a60-905c-412e8bb9c2fd@group-BE3AF9FFDD6F:LeaderElection13] INFO  impl.LeaderElection (LeaderElection.java:askForVotes(182)) - e9a757c7-3ca5-4a60-905c-412e8bb9c2fd@group-BE3AF9FFDD6F:LeaderElection13: begin an election at term 3 for -1: [b186946b-7cb1-405f-b9a6-a6ba9d2e3b50:192.168.5.171:45263, e89641c2-7ef1-4436-991e-ef84ba028339:192.168.5.171:43968, e9a757c7-3ca5-4a60-905c-412e8bb9c2fd:192.168.5.171:37071], old=null
2019-09-19 10:42:50,408 [b186946b-7cb1-405f-b9a6-a6ba9d2e3b50@group-BE3AF9FFDD6F:LeaderElection14] INFO  impl.LeaderElection (LeaderElection.java:askForVotes(182)) - b186946b-7cb1-405f-b9a6-a6ba9d2e3b50@group-BE3AF9FFDD6F:LeaderElection14: begin an election at term 3 for -1: [b186946b-7cb1-405f-b9a6-a6ba9d2e3b50:192.168.5.171:45263, e89641c2-7ef1-4436-991e-ef84ba028339:192.168.5.171:43968, e9a757c7-3ca5-4a60-905c-412e8bb9c2fd:192.168.5.171:37071], old=null
2019-09-19 10:42:50,424 [e9a757c7-3ca5-4a60-905c-412e8bb9c2fd@group-BE3AF9FFDD6F:LeaderElection13] INFO  impl.LeaderElection (LeaderElection.java:logAndReturn(56)) - e9a757c7-3ca5-4a60-905c-412e8bb9c2fd@group-BE3AF9FFDD6F:LeaderElection13: Election REJECTED; received 2 response(s) [e9a757c7-3ca5-4a60-905c-412e8bb9c2fd<-b186946b-7cb1-405f-b9a6-a6ba9d2e3b50#0:FAIL-t3, e9a757c7-3ca5-4a60-905c-412e8bb9c2fd<-e89641c2-7ef1-4436-991e-ef84ba028339#0:FAIL-t3] and 0 exception(s); e9a757c7-3ca5-4a60-905c-412e8bb9c2fd@group-BE3AF9FFDD6F:t3, leader=null, voted=e9a757c7-3ca5-4a60-905c-412e8bb9c2fd, raftlog=e9a757c7-3ca5-4a60-905c-412e8bb9c2fd@group-BE3AF9FFDD6F-SegmentedRaftLog:OPENED:c-1,f-1,i0, conf=-1: [b186946b-7cb1-405f-b9a6-a6ba9d2e3b50:192.168.5.171:45263, e89641c2-7ef1-4436-991e-ef84ba028339:192.168.5.171:43968, e9a757c7-3ca5-4a60-905c-412e8bb9c2fd:192.168.5.171:37071], old=null
2019-09-19 10:42:50,424 [e9a757c7-3ca5-4a60-905c-412e8bb9c2fd@group-BE3AF9FFDD6F:LeaderElection13] INFO  impl.RaftServerImpl (RaftServerImpl.java:setRole(174)) - e9a757c7-3ca5-4a60-905c-412e8bb9c2fd@group-BE3AF9FFDD6F: changes role from CANDIDATE to FOLLOWER at term 3 for DISCOVERED_A_NEW_TERM
2019-09-19 10:42:50,425 [e9a757c7-3ca5-4a60-905c-412e8bb9c2fd@group-BE3AF9FFDD6F:LeaderElection13] INFO  impl.RoleInfo (RoleInfo.java:shutdownLeaderElection(134)) - e9a757c7-3ca5-4a60-905c-412e8bb9c2fd: shutdown LeaderElection
2019-09-19 10:42:50,425 [e9a757c7-3ca5-4a60-905c-412e8bb9c2fd@group-BE3AF9FFDD6F:LeaderElection13] INFO  impl.RoleInfo (RoleInfo.java:updateAndGet(143)) - e9a757c7-3ca5-4a60-905c-412e8bb9c2fd: start FollowerState
2019-09-19 10:42:50,425 [e89641c2-7ef1-4436-991e-ef84ba028339@group-BE3AF9FFDD6F:LeaderElection12] INFO  impl.LeaderElection (LeaderElection.java:logAndReturn(56)) - e89641c2-7ef1-4436-991e-ef84ba028339@group-BE3AF9FFDD6F:LeaderElection12: Election REJECTED; received 2 response(s) [e89641c2-7ef1-4436-991e-ef84ba028339<-b186946b-7cb1-405f-b9a6-a6ba9d2e3b50#0:FAIL-t3, e89641c2-7ef1-4436-991e-ef84ba028339<-e9a757c7-3ca5-4a60-905c-412e8bb9c2fd#0:FAIL-t3] and 0 exception(s); e89641c2-7ef1-4436-991e-ef84ba028339@group-BE3AF9FFDD6F:t3, leader=null, voted=e89641c2-7ef1-4436-991e-ef84ba028339, raftlog=e89641c2-7ef1-4436-991e-ef84ba028339@group-BE3AF9FFDD6F-SegmentedRaftLog:OPENED:c-1,f-1,i0, conf=-1: [b186946b-7cb1-405f-b9a6-a6ba9d2e3b50:192.168.5.171:45263, e89641c2-7ef1-4436-991e-ef84ba028339:192.168.5.171:43968, e9a757c7-3ca5-4a60-905c-412e8bb9c2fd:192.168.5.171:37071], old=null
2019-09-19 10:42:50,425 [b186946b-7cb1-405f-b9a6-a6ba9d2e3b50@group-BE3AF9FFDD6F:LeaderElection14] INFO  impl.LeaderElection (LeaderElection.java:logAndReturn(56)) - b186946b-7cb1-405f-b9a6-a6ba9d2e3b50@group-BE3AF9FFDD6F:LeaderElection14: Election REJECTED; received 2 response(s) [b186946b-7cb1-405f-b9a6-a6ba9d2e3b50<-e89641c2-7ef1-4436-991e-ef84ba028339#0:FAIL-t3, b186946b-7cb1-405f-b9a6-a6ba9d2e3b50<-e9a757c7-3ca5-4a60-905c-412e8bb9c2fd#0:FAIL-t3] and 0 exception(s); b186946b-7cb1-405f-b9a6-a6ba9d2e3b50@group-BE3AF9FFDD6F:t3, leader=null, voted=b186946b-7cb1-405f-b9a6-a6ba9d2e3b50, raftlog=b186946b-7cb1-405f-b9a6-a6ba9d2e3b50@group-BE3AF9FFDD6F-SegmentedRaftLog:OPENED:c-1,f-1,i0, conf=-1: [b186946b-7cb1-405f-b9a6-a6ba9d2e3b50:192.168.5.171:45263, e89641c2-7ef1-4436-991e-ef84ba028339:192.168.5.171:43968, e9a757c7-3ca5-4a60-905c-412e8bb9c2fd:192.168.5.171:37071], old=null
2019-09-19 10:42:50,431 [e89641c2-7ef1-4436-991e-ef84ba028339@group-BE3AF9FFDD6F:LeaderElection12] INFO  impl.RaftServerImpl (RaftServerImpl.java:setRole(174)) - e89641c2-7ef1-4436-991e-ef84ba028339@group-BE3AF9FFDD6F: changes role from CANDIDATE to FOLLOWER at term 3 for DISCOVERED_A_NEW_TERM
2019-09-19 10:42:50,432 [b186946b-7cb1-405f-b9a6-a6ba9d2e3b50@group-BE3AF9FFDD6F:LeaderElection14] INFO  impl.RaftServerImpl (RaftServerImpl.java:setRole(174)) - b186946b-7cb1-405f-b9a6-a6ba9d2e3b50@group-BE3AF9FFDD6F: changes role from CANDIDATE to FOLLOWER at term 3 for DISCOVERED_A_NEW_TERM
2019-09-19 10:42:50,433 [e89641c2-7ef1-4436-991e-ef84ba028339@group-BE3AF9FFDD6F:LeaderElection12] INFO  impl.RoleInfo (RoleInfo.java:shutdownLeaderElection(134)) - e89641c2-7ef1-4436-991e-ef84ba028339: shutdown LeaderElection
2019-09-19 10:42:50,433 [b186946b-7cb1-405f-b9a6-a6ba9d2e3b50@group-BE3AF9FFDD6F:LeaderElection14] INFO  impl.RoleInfo (RoleInfo.java:shutdownLeaderElection(134)) - b186946b-7cb1-405f-b9a6-a6ba9d2e3b50: shutdown LeaderElection
2019-09-19 10:42:50,434 [e89641c2-7ef1-4436-991e-ef84ba028339@group-BE3AF9FFDD6F:LeaderElection12] INFO  impl.RoleInfo (RoleInfo.java:updateAndGet(143)) - e89641c2-7ef1-4436-991e-ef84ba028339: start FollowerState
2019-09-19 10:42:50,434 [b186946b-7cb1-405f-b9a6-a6ba9d2e3b50@group-BE3AF9FFDD6F:LeaderElection14] INFO  impl.RoleInfo (RoleInfo.java:updateAndGet(143)) - b186946b-7cb1-405f-b9a6-a6ba9d2e3b50: start FollowerState
2019-09-19 10:42:55,459 [Thread-342] INFO  impl.FollowerState (FollowerState.java:run(106)) - e89641c2-7ef1-4436-991e-ef84ba028339:group-BE3AF9FFDD6F changes to CANDIDATE, lastRpcTime:5024, electionTimeout:5024ms
2019-09-19 10:42:55,460 [Thread-342] INFO  impl.RoleInfo (RoleInfo.java:shutdownFollowerState(121)) - e89641c2-7ef1-4436-991e-ef84ba028339: shutdown FollowerState
2019-09-19 10:42:55,461 [Thread-342] INFO  impl.RaftServerImpl (RaftServerImpl.java:setRole(174)) - e89641c2-7ef1-4436-991e-ef84ba028339@group-BE3AF9FFDD6F: changes role from  FOLLOWER to CANDIDATE at term 3 for changeToCandidate
2019-09-19 10:42:55,461 [Thread-342] INFO  impl.RoleInfo (RoleInfo.java:updateAndGet(143)) - e89641c2-7ef1-4436-991e-ef84ba028339: start LeaderElection
2019-09-19 10:42:55,530 [Thread-343] INFO  impl.FollowerState (FollowerState.java:run(106)) - b186946b-7cb1-405f-b9a6-a6ba9d2e3b50:group-BE3AF9FFDD6F changes to CANDIDATE, lastRpcTime:5095, electionTimeout:5095ms
2019-09-19 10:42:55,530 [Thread-343] INFO  impl.RoleInfo (RoleInfo.java:shutdownFollowerState(121)) - b186946b-7cb1-405f-b9a6-a6ba9d2e3b50: shutdown FollowerState
2019-09-19 10:42:55,530 [Thread-343] INFO  impl.RaftServerImpl (RaftServerImpl.java:setRole(174)) - b186946b-7cb1-405f-b9a6-a6ba9d2e3b50@group-BE3AF9FFDD6F: changes role from  FOLLOWER to CANDIDATE at term 3 for changeToCandidate
2019-09-19 10:42:55,530 [Thread-343] INFO  impl.RoleInfo (RoleInfo.java:updateAndGet(143)) - b186946b-7cb1-405f-b9a6-a6ba9d2e3b50: start LeaderElection
2019-09-19 10:42:55,547 [Thread-341] INFO  impl.FollowerState (FollowerState.java:run(106)) - e9a757c7-3ca5-4a60-905c-412e8bb9c2fd:group-BE3AF9FFDD6F changes to CANDIDATE, lastRpcTime:5122, electionTimeout:5117ms
2019-09-19 10:42:55,547 [Thread-341] INFO  impl.RoleInfo (RoleInfo.java:shutdownFollowerState(121)) - e9a757c7-3ca5-4a60-905c-412e8bb9c2fd: shutdown FollowerState
2019-09-19 10:42:55,547 [Thread-341] INFO  impl.RaftServerImpl (RaftServerImpl.java:setRole(174)) - e9a757c7-3ca5-4a60-905c-412e8bb9c2fd@group-BE3AF9FFDD6F: changes role from  FOLLOWER to CANDIDATE at term 3 for changeToCandidate
2019-09-19 10:42:55,547 [Thread-341] INFO  impl.RoleInfo (RoleInfo.java:updateAndGet(143)) - e9a757c7-3ca5-4a60-905c-412e8bb9c2fd: start LeaderElection
2019-09-19 10:42:56,048 [b186946b-7cb1-405f-b9a6-a6ba9d2e3b50@group-BE3AF9FFDD6F:LeaderElection16] INFO  impl.LeaderElection (LeaderElection.java:askForVotes(182)) - b186946b-7cb1-405f-b9a6-a6ba9d2e3b50@group-BE3AF9FFDD6F:LeaderElection16: begin an election at term 4 for -1: [b186946b-7cb1-405f-b9a6-a6ba9d2e3b50:192.168.5.171:45263, e89641c2-7ef1-4436-991e-ef84ba028339:192.168.5.171:43968, e9a757c7-3ca5-4a60-905c-412e8bb9c2fd:192.168.5.171:37071], old=null
2019-09-19 10:42:56,048 [e89641c2-7ef1-4436-991e-ef84ba028339@group-BE3AF9FFDD6F:LeaderElection15] INFO  impl.LeaderElection (LeaderElection.java:askForVotes(182)) - e89641c2-7ef1-4436-991e-ef84ba028339@group-BE3AF9FFDD6F:LeaderElection15: begin an election at term 4 for -1: [b186946b-7cb1-405f-b9a6-a6ba9d2e3b50:192.168.5.171:45263, e89641c2-7ef1-4436-991e-ef84ba028339:192.168.5.171:43968, e9a757c7-3ca5-4a60-905c-412e8bb9c2fd:192.168.5.171:37071], old=null
2019-09-19 10:42:56,057 [e9a757c7-3ca5-4a60-905c-412e8bb9c2fd@group-BE3AF9FFDD6F:LeaderElection17] INFO  impl.LeaderElection (LeaderElection.java:askForVotes(182)) - e9a757c7-3ca5-4a60-905c-412e8bb9c2fd@group-BE3AF9FFDD6F:LeaderElection17: begin an election at term 4 for -1: [b186946b-7cb1-405f-b9a6-a6ba9d2e3b50:192.168.5.171:45263, e89641c2-7ef1-4436-991e-ef84ba028339:192.168.5.171:43968, e9a757c7-3ca5-4a60-905c-412e8bb9c2fd:192.168.5.171:37071], old=null
2019-09-19 10:42:56,061 [b186946b-7cb1-405f-b9a6-a6ba9d2e3b50@group-BE3AF9FFDD6F:LeaderElection16] INFO  impl.LeaderElection (LeaderElection.java:logAndReturn(56)) - b186946b-7cb1-405f-b9a6-a6ba9d2e3b50@group-BE3AF9FFDD6F:LeaderElection16: Election REJECTED; received 2 response(s) [b186946b-7cb1-405f-b9a6-a6ba9d2e3b50<-e89641c2-7ef1-4436-991e-ef84ba028339#0:FAIL-t4, b186946b-7cb1-405f-b9a6-a6ba9d2e3b50<-e9a757c7-3ca5-4a60-905c-412e8bb9c2fd#0:FAIL-t4] and 0 exception(s); b186946b-7cb1-405f-b9a6-a6ba9d2e3b50@group-BE3AF9FFDD6F:t4, leader=null, voted=b186946b-7cb1-405f-b9a6-a6ba9d2e3b50, raftlog=b186946b-7cb1-405f-b9a6-a6ba9d2e3b50@group-BE3AF9FFDD6F-SegmentedRaftLog:OPENED:c-1,f-1,i0, conf=-1: [b186946b-7cb1-405f-b9a6-a6ba9d2e3b50:192.168.5.171:45263, e89641c2-7ef1-4436-991e-ef84ba028339:192.168.5.171:43968, e9a757c7-3ca5-4a60-905c-412e8bb9c2fd:192.168.5.171:37071], old=null
2019-09-19 10:42:56,072 [b186946b-7cb1-405f-b9a6-a6ba9d2e3b50@group-BE3AF9FFDD6F:LeaderElection16] INFO  impl.RaftServerImpl (RaftServerImpl.java:setRole(174)) - b186946b-7cb1-405f-b9a6-a6ba9d2e3b50@group-BE3AF9FFDD6F: changes role from CANDIDATE to FOLLOWER at term 4 for DISCOVERED_A_NEW_TERM
2019-09-19 10:42:56,072 [e89641c2-7ef1-4436-991e-ef84ba028339@group-BE3AF9FFDD6F:LeaderElection15] INFO  impl.LeaderElection (LeaderElection.java:logAndReturn(56)) - e89641c2-7ef1-4436-991e-ef84ba028339@group-BE3AF9FFDD6F:LeaderElection15: Election REJECTED; received 2 response(s) [e89641c2-7ef1-4436-991e-ef84ba028339<-b186946b-7cb1-405f-b9a6-a6ba9d2e3b50#0:FAIL-t4, e89641c2-7ef1-4436-991e-ef84ba028339<-e9a757c7-3ca5-4a60-905c-412e8bb9c2fd#0:FAIL-t4] and 0 exception(s); e89641c2-7ef1-4436-991e-ef84ba028339@group-BE3AF9FFDD6F:t4, leader=null, voted=e89641c2-7ef1-4436-991e-ef84ba028339, raftlog=e89641c2-7ef1-4436-991e-ef84ba028339@group-BE3AF9FFDD6F-SegmentedRaftLog:OPENED:c-1,f-1,i0, conf=-1: [b186946b-7cb1-405f-b9a6-a6ba9d2e3b50:192.168.5.171:45263, e89641c2-7ef1-4436-991e-ef84ba028339:192.168.5.171:43968, e9a757c7-3ca5-4a60-905c-412e8bb9c2fd:192.168.5.171:37071], old=null
2019-09-19 10:42:56,072 [b186946b-7cb1-405f-b9a6-a6ba9d2e3b50@group-BE3AF9FFDD6F:LeaderElection16] INFO  impl.RoleInfo (RoleInfo.java:shutdownLeaderElection(134)) - b186946b-7cb1-405f-b9a6-a6ba9d2e3b50: shutdown LeaderElection
2019-09-19 10:42:56,074 [e89641c2-7ef1-4436-991e-ef84ba028339@group-BE3AF9FFDD6F:LeaderElection15] INFO  impl.RaftServerImpl (RaftServerImpl.java:setRole(174)) - e89641c2-7ef1-4436-991e-ef84ba028339@group-BE3AF9FFDD6F: changes role from CANDIDATE to FOLLOWER at term 4 for DISCOVERED_A_NEW_TERM
2019-09-19 10:42:56,075 [e89641c2-7ef1-4436-991e-ef84ba028339@group-BE3AF9FFDD6F:LeaderElection15] INFO  impl.RoleInfo (RoleInfo.java:shutdownLeaderElection(134)) - e89641c2-7ef1-4436-991e-ef84ba028339: shutdown LeaderElection
2019-09-19 10:42:56,075 [b186946b-7cb1-405f-b9a6-a6ba9d2e3b50@group-BE3AF9FFDD6F:LeaderElection16] INFO  impl.RoleInfo (RoleInfo.java:updateAndGet(143)) - b186946b-7cb1-405f-b9a6-a6ba9d2e3b50: start FollowerState
2019-09-19 10:42:56,075 [e89641c2-7ef1-4436-991e-ef84ba028339@group-BE3AF9FFDD6F:LeaderElection15] INFO  impl.RoleInfo (RoleInfo.java:updateAndGet(143)) - e89641c2-7ef1-4436-991e-ef84ba028339: start FollowerState
2019-09-19 10:42:56,077 [e9a757c7-3ca5-4a60-905c-412e8bb9c2fd@group-BE3AF9FFDD6F:LeaderElection17] INFO  impl.LeaderElection (LeaderElection.java:logAndReturn(56)) - e9a757c7-3ca5-4a60-905c-412e8bb9c2fd@group-BE3AF9FFDD6F:LeaderElection17: Election REJECTED; received 2 response(s) [e9a757c7-3ca5-4a60-905c-412e8bb9c2fd<-e89641c2-7ef1-4436-991e-ef84ba028339#0:FAIL-t4, e9a757c7-3ca5-4a60-905c-412e8bb9c2fd<-b186946b-7cb1-405f-b9a6-a6ba9d2e3b50#0:FAIL-t4] and 0 exception(s); e9a757c7-3ca5-4a60-905c-412e8bb9c2fd@group-BE3AF9FFDD6F:t4, leader=null, voted=e9a757c7-3ca5-4a60-905c-412e8bb9c2fd, raftlog=e9a757c7-3ca5-4a60-905c-412e8bb9c2fd@group-BE3AF9FFDD6F-SegmentedRaftLog:OPENED:c-1,f-1,i0, conf=-1: [b186946b-7cb1-405f-b9a6-a6ba9d2e3b50:192.168.5.171:45263, e89641c2-7ef1-4436-991e-ef84ba028339:192.168.5.171:43968, e9a757c7-3ca5-4a60-905c-412e8bb9c2fd:192.168.5.171:37071], old=null
2019-09-19 10:42:56,077 [e9a757c7-3ca5-4a60-905c-412e8bb9c2fd@group-BE3AF9FFDD6F:LeaderElection17] INFO  impl.RaftServerImpl (RaftServerImpl.java:setRole(174)) - e9a757c7-3ca5-4a60-905c-412e8bb9c2fd@group-BE3AF9FFDD6F: changes role from CANDIDATE to FOLLOWER at term 4 for DISCOVERED_A_NEW_TERM
2019-09-19 10:42:56,077 [e9a757c7-3ca5-4a60-905c-412e8bb9c2fd@group-BE3AF9FFDD6F:LeaderElection17] INFO  impl.RoleInfo (RoleInfo.java:shutdownLeaderElection(134)) - e9a757c7-3ca5-4a60-905c-412e8bb9c2fd: shutdown LeaderElection
2019-09-19 10:42:56,078 [e9a757c7-3ca5-4a60-905c-412e8bb9c2fd@group-BE3AF9FFDD6F:LeaderElection17] INFO  impl.RoleInfo (RoleInfo.java:updateAndGet(143)) - e9a757c7-3ca5-4a60-905c-412e8bb9c2fd: start FollowerState
2019-09-19 10:43:01,092 [Thread-365] INFO  impl.FollowerState (FollowerState.java:run(106)) - e9a757c7-3ca5-4a60-905c-412e8bb9c2fd:group-BE3AF9FFDD6F changes to CANDIDATE, lastRpcTime:5014, electionTimeout:5014ms
2019-09-19 10:43:01,095 [Thread-365] INFO  impl.RoleInfo (RoleInfo.java:shutdownFollowerState(121)) - e9a757c7-3ca5-4a60-905c-412e8bb9c2fd: shutdown FollowerState
2019-09-19 10:43:01,095 [Thread-365] INFO  impl.RaftServerImpl (RaftServerImpl.java:setRole(174)) - e9a757c7-3ca5-4a60-905c-412e8bb9c2fd@group-BE3AF9FFDD6F: changes role from  FOLLOWER to CANDIDATE at term 4 for changeToCandidate
2019-09-19 10:43:01,095 [Thread-365] INFO  impl.RoleInfo (RoleInfo.java:updateAndGet(143)) - e9a757c7-3ca5-4a60-905c-412e8bb9c2fd: start LeaderElection
2019-09-19 10:43:01,247 [Thread-363] INFO  impl.FollowerState (FollowerState.java:run(106)) - b186946b-7cb1-405f-b9a6-a6ba9d2e3b50:group-BE3AF9FFDD6F changes to CANDIDATE, lastRpcTime:5171, electionTimeout:5171ms
2019-09-19 10:43:01,247 [Thread-363] INFO  impl.RoleInfo (RoleInfo.java:shutdownFollowerState(121)) - b186946b-7cb1-405f-b9a6-a6ba9d2e3b50: shutdown FollowerState
2019-09-19 10:43:01,247 [Thread-363] INFO  impl.RaftServerImpl (RaftServerImpl.java:setRole(174)) - b186946b-7cb1-405f-b9a6-a6ba9d2e3b50@group-BE3AF9FFDD6F: changes role from  FOLLOWER to CANDIDATE at term 4 for changeToCandidate
2019-09-19 10:43:01,248 [Thread-363] INFO  impl.RoleInfo (RoleInfo.java:updateAndGet(143)) - b186946b-7cb1-405f-b9a6-a6ba9d2e3b50: start LeaderElection
2019-09-19 10:43:01,266 [Thread-364] INFO  impl.FollowerState (FollowerState.java:run(106)) - e89641c2-7ef1-4436-991e-ef84ba028339:group-BE3AF9FFDD6F changes to CANDIDATE, lastRpcTime:5190, electionTimeout:5190ms
2019-09-19 10:43:01,267 [Thread-364] INFO  impl.RoleInfo (RoleInfo.java:shutdownFollowerState(121)) - e89641c2-7ef1-4436-991e-ef84ba028339: shutdown FollowerState
2019-09-19 10:43:01,267 [Thread-364] INFO  impl.RaftServerImpl (RaftServerImpl.java:setRole(174)) - e89641c2-7ef1-4436-991e-ef84ba028339@group-BE3AF9FFDD6F: changes role from  FOLLOWER to CANDIDATE at term 4 for changeToCandidate
2019-09-19 10:43:01,267 [Thread-364] INFO  impl.RoleInfo (RoleInfo.java:updateAndGet(143)) - e89641c2-7ef1-4436-991e-ef84ba028339: start LeaderElection
2019-09-19 10:43:01,777 [e89641c2-7ef1-4436-991e-ef84ba028339@group-BE3AF9FFDD6F:LeaderElection20] INFO  impl.LeaderElection (LeaderElection.java:askForVotes(182)) - e89641c2-7ef1-4436-991e-ef84ba028339@group-BE3AF9FFDD6F:LeaderElection20: begin an election at term 5 for -1: [b186946b-7cb1-405f-b9a6-a6ba9d2e3b50:192.168.5.171:45263, e89641c2-7ef1-4436-991e-ef84ba028339:192.168.5.171:43968, e9a757c7-3ca5-4a60-905c-412e8bb9c2fd:192.168.5.171:37071], old=null
2019-09-19 10:43:01,777 [b186946b-7cb1-405f-b9a6-a6ba9d2e3b50@group-BE3AF9FFDD6F:LeaderElection19] INFO  impl.LeaderElection (LeaderElection.java:askForVotes(182)) - b186946b-7cb1-405f-b9a6-a6ba9d2e3b50@group-BE3AF9FFDD6F:LeaderElection19: begin an election at term 5 for -1: [b186946b-7cb1-405f-b9a6-a6ba9d2e3b50:192.168.5.171:45263, e89641c2-7ef1-4436-991e-ef84ba028339:192.168.5.171:43968, e9a757c7-3ca5-4a60-905c-412e8bb9c2fd:192.168.5.171:37071], old=null
2019-09-19 10:43:01,777 [e9a757c7-3ca5-4a60-905c-412e8bb9c2fd@group-BE3AF9FFDD6F:LeaderElection18] INFO  impl.LeaderElection (LeaderElection.java:askForVotes(182)) - e9a757c7-3ca5-4a60-905c-412e8bb9c2fd@group-BE3AF9FFDD6F:LeaderElection18: begin an election at term 5 for -1: [b186946b-7cb1-405f-b9a6-a6ba9d2e3b50:192.168.5.171:45263, e89641c2-7ef1-4436-991e-ef84ba028339:192.168.5.171:43968, e9a757c7-3ca5-4a60-905c-412e8bb9c2fd:192.168.5.171:37071], old=null
2019-09-19 10:43:01,791 [e89641c2-7ef1-4436-991e-ef84ba028339@group-BE3AF9FFDD6F:LeaderElection20] INFO  impl.LeaderElection (LeaderElection.java:logAndReturn(56)) - e89641c2-7ef1-4436-991e-ef84ba028339@group-BE3AF9FFDD6F:LeaderElection20: Election REJECTED; received 2 response(s) [e89641c2-7ef1-4436-991e-ef84ba028339<-b186946b-7cb1-405f-b9a6-a6ba9d2e3b50#0:FAIL-t5, e89641c2-7ef1-4436-991e-ef84ba028339<-e9a757c7-3ca5-4a60-905c-412e8bb9c2fd#0:FAIL-t5] and 0 exception(s); e89641c2-7ef1-4436-991e-ef84ba028339@group-BE3AF9FFDD6F:t5, leader=null, voted=e89641c2-7ef1-4436-991e-ef84ba028339, raftlog=e89641c2-7ef1-4436-991e-ef84ba028339@group-BE3AF9FFDD6F-SegmentedRaftLog:OPENED:c-1,f-1,i0, conf=-1: [b186946b-7cb1-405f-b9a6-a6ba9d2e3b50:192.168.5.171:45263, e89641c2-7ef1-4436-991e-ef84ba028339:192.168.5.171:43968, e9a757c7-3ca5-4a60-905c-412e8bb9c2fd:192.168.5.171:37071], old=null
2019-09-19 10:43:01,791 [b186946b-7cb1-405f-b9a6-a6ba9d2e3b50@group-BE3AF9FFDD6F:LeaderElection19] INFO  impl.LeaderElection (LeaderElection.java:logAndReturn(56)) - b186946b-7cb1-405f-b9a6-a6ba9d2e3b50@group-BE3AF9FFDD6F:LeaderElection19: Election REJECTED; received 2 response(s) [b186946b-7cb1-405f-b9a6-a6ba9d2e3b50<-e89641c2-7ef1-4436-991e-ef84ba028339#0:FAIL-t5, b186946b-7cb1-405f-b9a6-a6ba9d2e3b50<-e9a757c7-3ca5-4a60-905c-412e8bb9c2fd#0:FAIL-t5] and 0 exception(s); b186946b-7cb1-405f-b9a6-a6ba9d2e3b50@group-BE3AF9FFDD6F:t5, leader=null, voted=b186946b-7cb1-405f-b9a6-a6ba9d2e3b50, raftlog=b186946b-7cb1-405f-b9a6-a6ba9d2e3b50@group-BE3AF9FFDD6F-SegmentedRaftLog:OPENED:c-1,f-1,i0, conf=-1: [b186946b-7cb1-405f-b9a6-a6ba9d2e3b50:192.168.5.171:45263, e89641c2-7ef1-4436-991e-ef84ba028339:192.168.5.171:43968, e9a757c7-3ca5-4a60-905c-412e8bb9c2fd:192.168.5.171:37071], old=null
2019-09-19 10:43:01,791 [e89641c2-7ef1-4436-991e-ef84ba028339@group-BE3AF9FFDD6F:LeaderElection20] INFO  impl.RaftServerImpl (RaftServerImpl.java:setRole(174)) - e89641c2-7ef1-4436-991e-ef84ba028339@group-BE3AF9FFDD6F: changes role from CANDIDATE to FOLLOWER at term 5 for DISCOVERED_A_NEW_TERM
2019-09-19 10:43:01,793 [e9a757c7-3ca5-4a60-905c-412e8bb9c2fd@group-BE3AF9FFDD6F:LeaderElection18] INFO  impl.LeaderElection (LeaderElection.java:logAndReturn(56)) - e9a757c7-3ca5-4a60-905c-412e8bb9c2fd@group-BE3AF9FFDD6F:LeaderElection18: Election REJECTED; received 2 response(s) [e9a757c7-3ca5-4a60-905c-412e8bb9c2fd<-e89641c2-7ef1-4436-991e-ef84ba028339#0:FAIL-t5, e9a757c7-3ca5-4a60-905c-412e8bb9c2fd<-b186946b-7cb1-405f-b9a6-a6ba9d2e3b50#0:FAIL-t5] and 0 exception(s); e9a757c7-3ca5-4a60-905c-412e8bb9c2fd@group-BE3AF9FFDD6F:t5, leader=null, voted=e9a757c7-3ca5-4a60-905c-412e8bb9c2fd, raftlog=e9a757c7-3ca5-4a60-905c-412e8bb9c2fd@group-BE3AF9FFDD6F-SegmentedRaftLog:OPENED:c-1,f-1,i0, conf=-1: [b186946b-7cb1-405f-b9a6-a6ba9d2e3b50:192.168.5.171:45263, e89641c2-7ef1-4436-991e-ef84ba028339:192.168.5.171:43968, e9a757c7-3ca5-4a60-905c-412e8bb9c2fd:192.168.5.171:37071], old=null
2019-09-19 10:43:01,793 [b186946b-7cb1-405f-b9a6-a6ba9d2e3b50@group-BE3AF9FFDD6F:LeaderElection19] INFO  impl.RaftServerImpl (RaftServerImpl.java:setRole(174)) - b186946b-7cb1-405f-b9a6-a6ba9d2e3b50@group-BE3AF9FFDD6F: changes role from CANDIDATE to FOLLOWER at term 5 for DISCOVERED_A_NEW_TERM
2019-09-19 10:43:01,795 [e9a757c7-3ca5-4a60-905c-412e8bb9c2fd@group-BE3AF9FFDD6F:LeaderElection18] INFO  impl.RaftServerImpl (RaftServerImpl.java:setRole(174)) - e9a757c7-3ca5-4a60-905c-412e8bb9c2fd@group-BE3AF9FFDD6F: changes role from CANDIDATE to FOLLOWER at term 5 for DISCOVERED_A_NEW_TERM
2019-09-19 10:43:01,795 [e89641c2-7ef1-4436-991e-ef84ba028339@group-BE3AF9FFDD6F:LeaderElection20] INFO  impl.RoleInfo (RoleInfo.java:shutdownLeaderElection(134)) - e89641c2-7ef1-4436-991e-ef84ba028339: shutdown LeaderElection
2019-09-19 10:43:01,797 [e9a757c7-3ca5-4a60-905c-412e8bb9c2fd@group-BE3AF9FFDD6F:LeaderElection18] INFO  impl.RoleInfo (RoleInfo.java:shutdownLeaderElection(134)) - e9a757c7-3ca5-4a60-905c-412e8bb9c2fd: shutdown LeaderElection
2019-09-19 10:43:01,797 [e89641c2-7ef1-4436-991e-ef84ba028339@group-BE3AF9FFDD6F:LeaderElection20] INFO  impl.RoleInfo (RoleInfo.java:updateAndGet(143)) - e89641c2-7ef1-4436-991e-ef84ba028339: start FollowerState
2019-09-19 10:43:01,795 [b186946b-7cb1-405f-b9a6-a6ba9d2e3b50@group-BE3AF9FFDD6F:LeaderElection19] INFO  impl.RoleInfo (RoleInfo.java:shutdownLeaderElection(134)) - b186946b-7cb1-405f-b9a6-a6ba9d2e3b50: shutdown LeaderElection
2019-09-19 10:43:01,797 [e9a757c7-3ca5-4a60-905c-412e8bb9c2fd@group-BE3AF9FFDD6F:LeaderElection18] INFO  impl.RoleInfo (RoleInfo.java:updateAndGet(143)) - e9a757c7-3ca5-4a60-905c-412e8bb9c2fd: start FollowerState
2019-09-19 10:43:01,798 [b186946b-7cb1-405f-b9a6-a6ba9d2e3b50@group-BE3AF9FFDD6F:LeaderElection19] INFO  impl.RoleInfo (RoleInfo.java:updateAndGet(143)) - b186946b-7cb1-405f-b9a6-a6ba9d2e3b50: start FollowerState
2019-09-19 10:43:06,807 [Thread-388] INFO  impl.FollowerState (FollowerState.java:run(106)) - e9a757c7-3ca5-4a60-905c-412e8bb9c2fd:group-BE3AF9FFDD6F changes to CANDIDATE, lastRpcTime:5009, electionTimeout:5009ms
2019-09-19 10:43:06,809 [Thread-388] INFO  impl.RoleInfo (RoleInfo.java:shutdownFollowerState(121)) - e9a757c7-3ca5-4a60-905c-412e8bb9c2fd: shutdown FollowerState
2019-09-19 10:43:06,809 [Thread-388] INFO  impl.RaftServerImpl (RaftServerImpl.java:setRole(174)) - e9a757c7-3ca5-4a60-905c-412e8bb9c2fd@group-BE3AF9FFDD6F: changes role from  FOLLOWER to CANDIDATE at term 5 for changeToCandidate
2019-09-19 10:43:06,810 [Thread-388] INFO  impl.RoleInfo (RoleInfo.java:updateAndGet(143)) - e9a757c7-3ca5-4a60-905c-412e8bb9c2fd: start LeaderElection
2019-09-19 10:43:06,911 [Thread-389] INFO  impl.FollowerState (FollowerState.java:run(106)) - b186946b-7cb1-405f-b9a6-a6ba9d2e3b50:group-BE3AF9FFDD6F changes to CANDIDATE, lastRpcTime:5113, electionTimeout:5113ms
2019-09-19 10:43:06,912 [Thread-389] INFO  impl.RoleInfo (RoleInfo.java:shutdownFollowerState(121)) - b186946b-7cb1-405f-b9a6-a6ba9d2e3b50: shutdown FollowerState
2019-09-19 10:43:06,912 [Thread-389] INFO  impl.RaftServerImpl (RaftServerImpl.java:setRole(174)) - b186946b-7cb1-405f-b9a6-a6ba9d2e3b50@group-BE3AF9FFDD6F: changes role from  FOLLOWER to CANDIDATE at term 5 for changeToCandidate
2019-09-19 10:43:06,912 [Thread-389] INFO  impl.RoleInfo (RoleInfo.java:updateAndGet(143)) - b186946b-7cb1-405f-b9a6-a6ba9d2e3b50: start LeaderElection
2019-09-19 10:43:06,918 [Thread-387] INFO  impl.FollowerState (FollowerState.java:run(106)) - e89641c2-7ef1-4436-991e-ef84ba028339:group-BE3AF9FFDD6F changes to CANDIDATE, lastRpcTime:5120, electionTimeout:5120ms
2019-09-19 10:43:06,918 [Thread-387] INFO  impl.RoleInfo (RoleInfo.java:shutdownFollowerState(121)) - e89641c2-7ef1-4436-991e-ef84ba028339: shutdown FollowerState
2019-09-19 10:43:06,918 [Thread-387] INFO  impl.RaftServerImpl (RaftServerImpl.java:setRole(174)) - e89641c2-7ef1-4436-991e-ef84ba028339@group-BE3AF9FFDD6F: changes role from  FOLLOWER to CANDIDATE at term 5 for changeToCandidate
2019-09-19 10:43:06,919 [Thread-387] INFO  impl.RoleInfo (RoleInfo.java:updateAndGet(143)) - e89641c2-7ef1-4436-991e-ef84ba028339: start LeaderElection
2019-09-19 10:43:07,076 [b186946b-7cb1-405f-b9a6-a6ba9d2e3b50@group-BE3AF9FFDD6F:LeaderElection22] INFO  impl.LeaderElection (LeaderElection.java:askForVotes(182)) - b186946b-7cb1-405f-b9a6-a6ba9d2e3b50@group-BE3AF9FFDD6F:LeaderElection22: begin an election at term 6 for -1: [b186946b-7cb1-405f-b9a6-a6ba9d2e3b50:192.168.5.171:45263, e89641c2-7ef1-4436-991e-ef84ba028339:192.168.5.171:43968, e9a757c7-3ca5-4a60-905c-412e8bb9c2fd:192.168.5.171:37071], old=null
2019-09-19 10:43:07,076 [e9a757c7-3ca5-4a60-905c-412e8bb9c2fd@group-BE3AF9FFDD6F:LeaderElection21] INFO  impl.LeaderElection (LeaderElection.java:askForVotes(182)) - e9a757c7-3ca5-4a60-905c-412e8bb9c2fd@group-BE3AF9FFDD6F:LeaderElection21: begin an election at term 6 for -1: [b186946b-7cb1-405f-b9a6-a6ba9d2e3b50:192.168.5.171:45263, e89641c2-7ef1-4436-991e-ef84ba028339:192.168.5.171:43968, e9a757c7-3ca5-4a60-905c-412e8bb9c2fd:192.168.5.171:37071], old=null
2019-09-19 10:43:07,076 [e89641c2-7ef1-4436-991e-ef84ba028339@group-BE3AF9FFDD6F:LeaderElection23] INFO  impl.LeaderElection (LeaderElection.java:askForVotes(182)) - e89641c2-7ef1-4436-991e-ef84ba028339@group-BE3AF9FFDD6F:LeaderElection23: begin an election at term 6 for -1: [b186946b-7cb1-405f-b9a6-a6ba9d2e3b50:192.168.5.171:45263, e89641c2-7ef1-4436-991e-ef84ba028339:192.168.5.171:43968, e9a757c7-3ca5-4a60-905c-412e8bb9c2fd:192.168.5.171:37071], old=null
2019-09-19 10:43:07,083 [e9a757c7-3ca5-4a60-905c-412e8bb9c2fd@group-BE3AF9FFDD6F:LeaderElection21] INFO  impl.LeaderElection (LeaderElection.java:logAndReturn(56)) - e9a757c7-3ca5-4a60-905c-412e8bb9c2fd@group-BE3AF9FFDD6F:LeaderElection21: Election REJECTED; received 2 response(s) [e9a757c7-3ca5-4a60-905c-412e8bb9c2fd<-e89641c2-7ef1-4436-991e-ef84ba028339#0:FAIL-t6, e9a757c7-3ca5-4a60-905c-412e8bb9c2fd<-b186946b-7cb1-405f-b9a6-a6ba9d2e3b50#0:FAIL-t6] and 0 exception(s); e9a757c7-3ca5-4a60-905c-412e8bb9c2fd@group-BE3AF9FFDD6F:t6, leader=null, voted=e9a757c7-3ca5-4a60-905c-412e8bb9c2fd, raftlog=e9a757c7-3ca5-4a60-905c-412e8bb9c2fd@group-BE3AF9FFDD6F-SegmentedRaftLog:OPENED:c-1,f-1,i0, conf=-1: [b186946b-7cb1-405f-b9a6-a6ba9d2e3b50:192.168.5.171:45263, e89641c2-7ef1-4436-991e-ef84ba028339:192.168.5.171:43968, e9a757c7-3ca5-4a60-905c-412e8bb9c2fd:192.168.5.171:37071], old=null
2019-09-19 10:43:07,086 [e9a757c7-3ca5-4a60-905c-412e8bb9c2fd@group-BE3AF9FFDD6F:LeaderElection21] INFO  impl.RaftServerImpl (RaftServerImpl.java:setRole(174)) - e9a757c7-3ca5-4a60-905c-412e8bb9c2fd@group-BE3AF9FFDD6F: changes role from CANDIDATE to FOLLOWER at term 6 for DISCOVERED_A_NEW_TERM
2019-09-19 10:43:07,086 [e9a757c7-3ca5-4a60-905c-412e8bb9c2fd@group-BE3AF9FFDD6F:LeaderElection21] INFO  impl.RoleInfo (RoleInfo.java:shutdownLeaderElection(134)) - e9a757c7-3ca5-4a60-905c-412e8bb9c2fd: shutdown LeaderElection
2019-09-19 10:43:07,086 [e9a757c7-3ca5-4a60-905c-412e8bb9c2fd@group-BE3AF9FFDD6F:LeaderElection21] INFO  impl.RoleInfo (RoleInfo.java:updateAndGet(143)) - e9a757c7-3ca5-4a60-905c-412e8bb9c2fd: start FollowerState
2019-09-19 10:43:07,086 [e89641c2-7ef1-4436-991e-ef84ba028339@group-BE3AF9FFDD6F:LeaderElection23] INFO  impl.LeaderElection (LeaderElection.java:logAndReturn(56)) - e89641c2-7ef1-4436-991e-ef84ba028339@group-BE3AF9FFDD6F:LeaderElection23: Election REJECTED; received 2 response(s) [e89641c2-7ef1-4436-991e-ef84ba028339<-b186946b-7cb1-405f-b9a6-a6ba9d2e3b50#0:FAIL-t6, e89641c2-7ef1-4436-991e-ef84ba028339<-e9a757c7-3ca5-4a60-905c-412e8bb9c2fd#0:FAIL-t6] and 0 exception(s); e89641c2-7ef1-4436-991e-ef84ba028339@group-BE3AF9FFDD6F:t6, leader=null, voted=e89641c2-7ef1-4436-991e-ef84ba028339, raftlog=e89641c2-7ef1-4436-991e-ef84ba028339@group-BE3AF9FFDD6F-SegmentedRaftLog:OPENED:c-1,f-1,i0, conf=-1: [b186946b-7cb1-405f-b9a6-a6ba9d2e3b50:192.168.5.171:45263, e89641c2-7ef1-4436-991e-ef84ba028339:192.168.5.171:43968, e9a757c7-3ca5-4a60-905c-412e8bb9c2fd:192.168.5.171:37071], old=null
2019-09-19 10:43:07,086 [b186946b-7cb1-405f-b9a6-a6ba9d2e3b50@group-BE3AF9FFDD6F:LeaderElection22] INFO  impl.LeaderElection (LeaderElection.java:logAndReturn(56)) - b186946b-7cb1-405f-b9a6-a6ba9d2e3b50@group-BE3AF9FFDD6F:LeaderElection22: Election REJECTED; received 2 response(s) [b186946b-7cb1-405f-b9a6-a6ba9d2e3b50<-e89641c2-7ef1-4436-991e-ef84ba028339#0:FAIL-t6, b186946b-7cb1-405f-b9a6-a6ba9d2e3b50<-e9a757c7-3ca5-4a60-905c-412e8bb9c2fd#0:FAIL-t6] and 0 exception(s); b186946b-7cb1-405f-b9a6-a6ba9d2e3b50@group-BE3AF9FFDD6F:t6, leader=null, voted=b186946b-7cb1-405f-b9a6-a6ba9d2e3b50, raftlog=b186946b-7cb1-405f-b9a6-a6ba9d2e3b50@group-BE3AF9FFDD6F-SegmentedRaftLog:OPENED:c-1,f-1,i0, conf=-1: [b186946b-7cb1-405f-b9a6-a6ba9d2e3b50:192.168.5.171:45263, e89641c2-7ef1-4436-991e-ef84ba028339:192.168.5.171:43968, e9a757c7-3ca5-4a60-905c-412e8bb9c2fd:192.168.5.171:37071], old=null
2019-09-19 10:43:07,087 [e89641c2-7ef1-4436-991e-ef84ba028339@group-BE3AF9FFDD6F:LeaderElection23] INFO  impl.RaftServerImpl (RaftServerImpl.java:setRole(174)) - e89641c2-7ef1-4436-991e-ef84ba028339@group-BE3AF9FFDD6F: changes role from CANDIDATE to FOLLOWER at term 6 for DISCOVERED_A_NEW_TERM
2019-09-19 10:43:07,089 [b186946b-7cb1-405f-b9a6-a6ba9d2e3b50@group-BE3AF9FFDD6F:LeaderElection22] INFO  impl.RaftServerImpl (RaftServerImpl.java:setRole(174)) - b186946b-7cb1-405f-b9a6-a6ba9d2e3b50@group-BE3AF9FFDD6F: changes role from CANDIDATE to FOLLOWER at term 6 for DISCOVERED_A_NEW_TERM
2019-09-19 10:43:07,089 [e89641c2-7ef1-4436-991e-ef84ba028339@group-BE3AF9FFDD6F:LeaderElection23] INFO  impl.RoleInfo (RoleInfo.java:shutdownLeaderElection(134)) - e89641c2-7ef1-4436-991e-ef84ba028339: shutdown LeaderElection
2019-09-19 10:43:07,090 [b186946b-7cb1-405f-b9a6-a6ba9d2e3b50@group-BE3AF9FFDD6F:LeaderElection22] INFO  impl.RoleInfo (RoleInfo.java:shutdownLeaderElection(134)) - b186946b-7cb1-405f-b9a6-a6ba9d2e3b50: shutdown LeaderElection
2019-09-19 10:43:07,090 [e89641c2-7ef1-4436-991e-ef84ba028339@group-BE3AF9FFDD6F:LeaderElection23] INFO  impl.RoleInfo (RoleInfo.java:updateAndGet(143)) - e89641c2-7ef1-4436-991e-ef84ba028339: start FollowerState
2019-09-19 10:43:07,090 [b186946b-7cb1-405f-b9a6-a6ba9d2e3b50@group-BE3AF9FFDD6F:LeaderElection22] INFO  impl.RoleInfo (RoleInfo.java:updateAndGet(143)) - b186946b-7cb1-405f-b9a6-a6ba9d2e3b50: start FollowerState
2019-09-19 10:43:12,120 [Thread-410] INFO  impl.FollowerState (FollowerState.java:run(106)) - e89641c2-7ef1-4436-991e-ef84ba028339:group-BE3AF9FFDD6F changes to CANDIDATE, lastRpcTime:5029, electionTimeout:5029ms
2019-09-19 10:43:12,120 [Thread-410] INFO  impl.RoleInfo (RoleInfo.java:shutdownFollowerState(121)) - e89641c2-7ef1-4436-991e-ef84ba028339: shutdown FollowerState
2019-09-19 10:43:12,121 [Thread-410] INFO  impl.RaftServerImpl (RaftServerImpl.java:setRole(174)) - e89641c2-7ef1-4436-991e-ef84ba028339@group-BE3AF9FFDD6F: changes role from  FOLLOWER to CANDIDATE at term 6 for changeToCandidate
2019-09-19 10:43:12,121 [Thread-410] INFO  impl.RoleInfo (RoleInfo.java:updateAndGet(143)) - e89641c2-7ef1-4436-991e-ef84ba028339: start LeaderElection
2019-09-19 10:43:12,204 [Thread-409] INFO  impl.FollowerState (FollowerState.java:run(106)) - e9a757c7-3ca5-4a60-905c-412e8bb9c2fd:group-BE3AF9FFDD6F changes to CANDIDATE, lastRpcTime:5117, electionTimeout:5116ms
2019-09-19 10:43:12,204 [Thread-409] INFO  impl.RoleInfo (RoleInfo.java:shutdownFollowerState(121)) - e9a757c7-3ca5-4a60-905c-412e8bb9c2fd: shutdown FollowerState
2019-09-19 10:43:12,204 [Thread-409] INFO  impl.RaftServerImpl (RaftServerImpl.java:setRole(174)) - e9a757c7-3ca5-4a60-905c-412e8bb9c2fd@group-BE3AF9FFDD6F: changes role from  FOLLOWER to CANDIDATE at term 6 for changeToCandidate
2019-09-19 10:43:12,204 [Thread-409] INFO  impl.RoleInfo (RoleInfo.java:updateAndGet(143)) - e9a757c7-3ca5-4a60-905c-412e8bb9c2fd: start LeaderElection
2019-09-19 10:43:12,231 [Thread-411] INFO  impl.FollowerState (FollowerState.java:run(106)) - b186946b-7cb1-405f-b9a6-a6ba9d2e3b50:group-BE3AF9FFDD6F changes to CANDIDATE, lastRpcTime:5140, electionTimeout:5140ms
2019-09-19 10:43:12,231 [Thread-411] INFO  impl.RoleInfo (RoleInfo.java:shutdownFollowerState(121)) - b186946b-7cb1-405f-b9a6-a6ba9d2e3b50: shutdown FollowerState
2019-09-19 10:43:12,231 [Thread-411] INFO  impl.RaftServerImpl (RaftServerImpl.java:setRole(174)) - b186946b-7cb1-405f-b9a6-a6ba9d2e3b50@group-BE3AF9FFDD6F: changes role from  FOLLOWER to CANDIDATE at term 6 for changeToCandidate
2019-09-19 10:43:12,231 [Thread-411] INFO  impl.RoleInfo (RoleInfo.java:updateAndGet(143)) - b186946b-7cb1-405f-b9a6-a6ba9d2e3b50: start LeaderElection
2019-09-19 10:43:14,504 [b186946b-7cb1-405f-b9a6-a6ba9d2e3b50@group-BE3AF9FFDD6F:LeaderElection26] INFO  impl.LeaderElection (LeaderElection.java:askForVotes(182)) - b186946b-7cb1-405f-b9a6-a6ba9d2e3b50@group-BE3AF9FFDD6F:LeaderElection26: begin an election at term 7 for -1: [b186946b-7cb1-405f-b9a6-a6ba9d2e3b50:192.168.5.171:45263, e89641c2-7ef1-4436-991e-ef84ba028339:192.168.5.171:43968, e9a757c7-3ca5-4a60-905c-412e8bb9c2fd:192.168.5.171:37071], old=null
2019-09-19 10:43:14,504 [e89641c2-7ef1-4436-991e-ef84ba028339@group-BE3AF9FFDD6F:LeaderElection24] INFO  impl.LeaderElection (LeaderElection.java:askForVotes(182)) - e89641c2-7ef1-4436-991e-ef84ba028339@group-BE3AF9FFDD6F:LeaderElection24: begin an election at term 7 for -1: [b186946b-7cb1-405f-b9a6-a6ba9d2e3b50:192.168.5.171:45263, e89641c2-7ef1-4436-991e-ef84ba028339:192.168.5.171:43968, e9a757c7-3ca5-4a60-905c-412e8bb9c2fd:192.168.5.171:37071], old=null
2019-09-19 10:43:14,504 [e9a757c7-3ca5-4a60-905c-412e8bb9c2fd@group-BE3AF9FFDD6F:LeaderElection25] INFO  impl.LeaderElection (LeaderElection.java:askForVotes(182)) - e9a757c7-3ca5-4a60-905c-412e8bb9c2fd@group-BE3AF9FFDD6F:LeaderElection25: begin an election at term 7 for -1: [b186946b-7cb1-405f-b9a6-a6ba9d2e3b50:192.168.5.171:45263, e89641c2-7ef1-4436-991e-ef84ba028339:192.168.5.171:43968, e9a757c7-3ca5-4a60-905c-412e8bb9c2fd:192.168.5.171:37071], old=null
2019-09-19 10:43:14,514 [e9a757c7-3ca5-4a60-905c-412e8bb9c2fd@group-BE3AF9FFDD6F:LeaderElection25] INFO  impl.LeaderElection (LeaderElection.java:logAndReturn(56)) - e9a757c7-3ca5-4a60-905c-412e8bb9c2fd@group-BE3AF9FFDD6F:LeaderElection25: Election REJECTED; received 2 response(s) [e9a757c7-3ca5-4a60-905c-412e8bb9c2fd<-b186946b-7cb1-405f-b9a6-a6ba9d2e3b50#0:FAIL-t7, e9a757c7-3ca5-4a60-905c-412e8bb9c2fd<-e89641c2-7ef1-4436-991e-ef84ba028339#0:FAIL-t7] and 0 exception(s); e9a757c7-3ca5-4a60-905c-412e8bb9c2fd@group-BE3AF9FFDD6F:t7, leader=null, voted=e9a757c7-3ca5-4a60-905c-412e8bb9c2fd, raftlog=e9a757c7-3ca5-4a60-905c-412e8bb9c2fd@group-BE3AF9FFDD6F-SegmentedRaftLog:OPENED:c-1,f-1,i0, conf=-1: [b186946b-7cb1-405f-b9a6-a6ba9d2e3b50:192.168.5.171:45263, e89641c2-7ef1-4436-991e-ef84ba028339:192.168.5.171:43968, e9a757c7-3ca5-4a60-905c-412e8bb9c2fd:192.168.5.171:37071], old=null
2019-09-19 10:43:14,514 [e9a757c7-3ca5-4a60-905c-412e8bb9c2fd@group-BE3AF9FFDD6F:LeaderElection25] INFO  impl.RaftServerImpl (RaftServerImpl.java:setRole(174)) - e9a757c7-3ca5-4a60-905c-412e8bb9c2fd@group-BE3AF9FFDD6F: changes role from CANDIDATE to FOLLOWER at term 7 for DISCOVERED_A_NEW_TERM
2019-09-19 10:43:14,514 [e9a757c7-3ca5-4a60-905c-412e8bb9c2fd@group-BE3AF9FFDD6F:LeaderElection25] INFO  impl.RoleInfo (RoleInfo.java:shutdownLeaderElection(134)) - e9a757c7-3ca5-4a60-905c-412e8bb9c2fd: shutdown LeaderElection
2019-09-19 10:43:14,515 [b186946b-7cb1-405f-b9a6-a6ba9d2e3b50@group-BE3AF9FFDD6F:LeaderElection26] INFO  impl.LeaderElection (LeaderElection.java:logAndReturn(56)) - b186946b-7cb1-405f-b9a6-a6ba9d2e3b50@group-BE3AF9FFDD6F:LeaderElection26: Election REJECTED; received 2 response(s) [b186946b-7cb1-405f-b9a6-a6ba9d2e3b50<-e89641c2-7ef1-4436-991e-ef84ba028339#0:FAIL-t7, b186946b-7cb1-405f-b9a6-a6ba9d2e3b50<-e9a757c7-3ca5-4a60-905c-412e8bb9c2fd#0:FAIL-t7] and 0 exception(s); b186946b-7cb1-405f-b9a6-a6ba9d2e3b50@group-BE3AF9FFDD6F:t7, leader=null, voted=b186946b-7cb1-405f-b9a6-a6ba9d2e3b50, raftlog=b186946b-7cb1-405f-b9a6-a6ba9d2e3b50@group-BE3AF9FFDD6F-SegmentedRaftLog:OPENED:c-1,f-1,i0, conf=-1: [b186946b-7cb1-405f-b9a6-a6ba9d2e3b50:192.168.5.171:45263, e89641c2-7ef1-4436-991e-ef84ba028339:192.168.5.171:43968, e9a757c7-3ca5-4a60-905c-412e8bb9c2fd:192.168.5.171:37071], old=null
2019-09-19 10:43:14,515 [e9a757c7-3ca5-4a60-905c-412e8bb9c2fd@group-BE3AF9FFDD6F:LeaderElection25] INFO  impl.RoleInfo (RoleInfo.java:updateAndGet(143)) - e9a757c7-3ca5-4a60-905c-412e8bb9c2fd: start FollowerState
2019-09-19 10:43:14,516 [b186946b-7cb1-405f-b9a6-a6ba9d2e3b50@group-BE3AF9FFDD6F:LeaderElection26] INFO  impl.RaftServerImpl (RaftServerImpl.java:setRole(174)) - b186946b-7cb1-405f-b9a6-a6ba9d2e3b50@group-BE3AF9FFDD6F: changes role from CANDIDATE to FOLLOWER at term 7 for DISCOVERED_A_NEW_TERM
2019-09-19 10:43:14,518 [b186946b-7cb1-405f-b9a6-a6ba9d2e3b50@group-BE3AF9FFDD6F:LeaderElection26] INFO  impl.RoleInfo (RoleInfo.java:shutdownLeaderElection(134)) - b186946b-7cb1-405f-b9a6-a6ba9d2e3b50: shutdown LeaderElection
2019-09-19 10:43:14,518 [b186946b-7cb1-405f-b9a6-a6ba9d2e3b50@group-BE3AF9FFDD6F:LeaderElection26] INFO  impl.RoleInfo (RoleInfo.java:updateAndGet(143)) - b186946b-7cb1-405f-b9a6-a6ba9d2e3b50: start FollowerState
2019-09-19 10:43:14,518 [e89641c2-7ef1-4436-991e-ef84ba028339@group-BE3AF9FFDD6F:LeaderElection24] INFO  impl.LeaderElection (LeaderElection.java:logAndReturn(56)) - e89641c2-7ef1-4436-991e-ef84ba028339@group-BE3AF9FFDD6F:LeaderElection24: Election REJECTED; received 2 response(s) [e89641c2-7ef1-4436-991e-ef84ba028339<-b186946b-7cb1-405f-b9a6-a6ba9d2e3b50#0:FAIL-t7, e89641c2-7ef1-4436-991e-ef84ba028339<-e9a757c7-3ca5-4a60-905c-412e8bb9c2fd#0:FAIL-t7] and 0 exception(s); e89641c2-7ef1-4436-991e-ef84ba028339@group-BE3AF9FFDD6F:t7, leader=null, voted=e89641c2-7ef1-4436-991e-ef84ba028339, raftlog=e89641c2-7ef1-4436-991e-ef84ba028339@group-BE3AF9FFDD6F-SegmentedRaftLog:OPENED:c-1,f-1,i0, conf=-1: [b186946b-7cb1-405f-b9a6-a6ba9d2e3b50:192.168.5.171:45263, e89641c2-7ef1-4436-991e-ef84ba028339:192.168.5.171:43968, e9a757c7-3ca5-4a60-905c-412e8bb9c2fd:192.168.5.171:37071], old=null
2019-09-19 10:43:14,518 [e89641c2-7ef1-4436-991e-ef84ba028339@group-BE3AF9FFDD6F:LeaderElection24] INFO  impl.RaftServerImpl (RaftServerImpl.java:setRole(174)) - e89641c2-7ef1-4436-991e-ef84ba028339@group-BE3AF9FFDD6F: changes role from CANDIDATE to FOLLOWER at term 7 for DISCOVERED_A_NEW_TERM
2019-09-19 10:43:14,518 [e89641c2-7ef1-4436-991e-ef84ba028339@group-BE3AF9FFDD6F:LeaderElection24] INFO  impl.RoleInfo (RoleInfo.java:shutdownLeaderElection(134)) - e89641c2-7ef1-4436-991e-ef84ba028339: shutdown LeaderElection
2019-09-19 10:43:14,519 [e89641c2-7ef1-4436-991e-ef84ba028339@group-BE3AF9FFDD6F:LeaderElection24] INFO  impl.RoleInfo (RoleInfo.java:updateAndGet(143)) - e89641c2-7ef1-4436-991e-ef84ba028339: start FollowerState
[...]
2019-09-19 10:45:18,321 [b186946b-7cb1-405f-b9a6-a6ba9d2e3b50@group-85A672ED5058:LeaderElection84] INFO  impl.RoleInfo (RoleInfo.java:shutdownLeaderElection(134)) - b186946b-7cb1-405f-b9a6-a6ba9d2e3b50: shutdown LeaderElection
2019-09-19 10:45:18,323 [e9a757c7-3ca5-4a60-905c-412e8bb9c2fd@group-85A672ED5058:LeaderElection83] INFO  impl.RoleInfo (RoleInfo.java:shutdownLeaderElection(134)) - e9a757c7-3ca5-4a60-905c-412e8bb9c2fd: shutdown LeaderElection
2019-09-19 10:45:18,323 [e89641c2-7ef1-4436-991e-ef84ba028339@group-85A672ED5058:LeaderElection85] INFO  impl.RaftServerImpl (RaftServerImpl.java:setRole(174)) - e89641c2-7ef1-4436-991e-ef84ba028339@group-85A672ED5058: changes role from CANDIDATE to FOLLOWER at term 6 for DISCOVERED_A_NEW_TERM
2019-09-19 10:45:18,325 [e9a757c7-3ca5-4a60-905c-412e8bb9c2fd@group-85A672ED5058:LeaderElection83] INFO  impl.RoleInfo (RoleInfo.java:updateAndGet(143)) - e9a757c7-3ca5-4a60-905c-412e8bb9c2fd: start FollowerState
2019-09-19 10:45:18,325 [b186946b-7cb1-405f-b9a6-a6ba9d2e3b50@group-85A672ED5058:LeaderElection84] INFO  impl.RoleInfo (RoleInfo.java:updateAndGet(143)) - b186946b-7cb1-405f-b9a6-a6ba9d2e3b50: start FollowerState
2019-09-19 10:45:18,325 [e89641c2-7ef1-4436-991e-ef84ba028339@group-85A672ED5058:LeaderElection85] INFO  impl.RoleInfo (RoleInfo.java:shutdownLeaderElection(134)) - e89641c2-7ef1-4436-991e-ef84ba028339: shutdown LeaderElection
2019-09-19 10:45:18,326 [e89641c2-7ef1-4436-991e-ef84ba028339@group-85A672ED5058:LeaderElection85] INFO  impl.RoleInfo (RoleInfo.java:updateAndGet(143)) - e89641c2-7ef1-4436-991e-ef84ba028339: start FollowerState
2019-09-19 10:45:23,351 [Thread-988] INFO  impl.FollowerState (FollowerState.java:run(106)) - e9a757c7-3ca5-4a60-905c-412e8bb9c2fd:group-85A672ED5058 changes to CANDIDATE, lastRpcTime:5025, electionTimeout:5025ms
2019-09-19 10:45:23,352 [Thread-988] INFO  impl.RoleInfo (RoleInfo.java:shutdownFollowerState(121)) - e9a757c7-3ca5-4a60-905c-412e8bb9c2fd: shutdown FollowerState
2019-09-19 10:45:23,352 [Thread-988] INFO  impl.RaftServerImpl (RaftServerImpl.java:setRole(174)) - e9a757c7-3ca5-4a60-905c-412e8bb9c2fd@group-85A672ED5058: changes role from  FOLLOWER to CANDIDATE at term 6 for changeToCandidate
2019-09-19 10:45:23,352 [Thread-988] INFO  impl.RoleInfo (RoleInfo.java:updateAndGet(143)) - e9a757c7-3ca5-4a60-905c-412e8bb9c2fd: start LeaderElection
2019-09-19 10:45:23,494 [Thread-989] INFO  impl.FollowerState (FollowerState.java:run(106)) - e89641c2-7ef1-4436-991e-ef84ba028339:group-85A672ED5058 changes to CANDIDATE, lastRpcTime:5168, electionTimeout:5168ms
2019-09-19 10:45:23,495 [Thread-989] INFO  impl.RoleInfo (RoleInfo.java:shutdownFollowerState(121)) - e89641c2-7ef1-4436-991e-ef84ba028339: shutdown FollowerState
2019-09-19 10:45:23,495 [Thread-989] INFO  impl.RaftServerImpl (RaftServerImpl.java:setRole(174)) - e89641c2-7ef1-4436-991e-ef84ba028339@group-85A672ED5058: changes role from  FOLLOWER to CANDIDATE at term 6 for changeToCandidate
2019-09-19 10:45:23,495 [Thread-989] INFO  impl.RoleInfo (RoleInfo.java:updateAndGet(143)) - e89641c2-7ef1-4436-991e-ef84ba028339: start LeaderElection
2019-09-19 10:45:23,522 [Thread-987] INFO  impl.FollowerState (FollowerState.java:run(106)) - b186946b-7cb1-405f-b9a6-a6ba9d2e3b50:group-85A672ED5058 changes to CANDIDATE, lastRpcTime:5197, electionTimeout:5196ms
2019-09-19 10:45:23,522 [Thread-987] INFO  impl.RoleInfo (RoleInfo.java:shutdownFollowerState(121)) - b186946b-7cb1-405f-b9a6-a6ba9d2e3b50: shutdown FollowerState
2019-09-19 10:45:23,522 [Thread-987] INFO  impl.RaftServerImpl (RaftServerImpl.java:setRole(174)) - b186946b-7cb1-405f-b9a6-a6ba9d2e3b50@group-85A672ED5058: changes role from  FOLLOWER to CANDIDATE at term 6 for changeToCandidate
2019-09-19 10:45:23,522 [Thread-987] INFO  impl.RoleInfo (RoleInfo.java:updateAndGet(143)) - b186946b-7cb1-405f-b9a6-a6ba9d2e3b50: start LeaderElection
2019-09-19 10:45:25,202 [e89641c2-7ef1-4436-991e-ef84ba028339@group-85A672ED5058:LeaderElection87] INFO  impl.LeaderElection (LeaderElection.java:askForVotes(182)) - e89641c2-7ef1-4436-991e-ef84ba028339@group-85A672ED5058:LeaderElection87: begin an election at term 7 for -1: [b186946b-7cb1-405f-b9a6-a6ba9d2e3b50:192.168.5.171:45263, e89641c2-7ef1-4436-991e-ef84ba028339:192.168.5.171:43968, e9a757c7-3ca5-4a60-905c-412e8bb9c2fd:192.168.5.171:37071], old=null
2019-09-19 10:45:25,202 [e9a757c7-3ca5-4a60-905c-412e8bb9c2fd@group-85A672ED5058:LeaderElection86] INFO  impl.LeaderElection (LeaderElection.java:askForVotes(182)) - e9a757c7-3ca5-4a60-905c-412e8bb9c2fd@group-85A672ED5058:LeaderElection86: begin an election at term 7 for -1: [b186946b-7cb1-405f-b9a6-a6ba9d2e3b50:192.168.5.171:45263, e89641c2-7ef1-4436-991e-ef84ba028339:192.168.5.171:43968, e9a757c7-3ca5-4a60-905c-412e8bb9c2fd:192.168.5.171:37071], old=null
2019-09-19 10:45:25,202 [b186946b-7cb1-405f-b9a6-a6ba9d2e3b50@group-85A672ED5058:LeaderElection88] INFO  impl.LeaderElection (LeaderElection.java:askForVotes(182)) - b186946b-7cb1-405f-b9a6-a6ba9d2e3b50@group-85A672ED5058:LeaderElection88: begin an election at term 7 for -1: [b186946b-7cb1-405f-b9a6-a6ba9d2e3b50:192.168.5.171:45263, e89641c2-7ef1-4436-991e-ef84ba028339:192.168.5.171:43968, e9a757c7-3ca5-4a60-905c-412e8bb9c2fd:192.168.5.171:37071], old=null
2019-09-19 10:45:25,208 [e9a757c7-3ca5-4a60-905c-412e8bb9c2fd@group-85A672ED5058:LeaderElection86] INFO  impl.LeaderElection (LeaderElection.java:logAndReturn(56)) - e9a757c7-3ca5-4a60-905c-412e8bb9c2fd@group-85A672ED5058:LeaderElection86: Election REJECTED; received 2 response(s) [e9a757c7-3ca5-4a60-905c-412e8bb9c2fd<-e89641c2-7ef1-4436-991e-ef84ba028339#0:FAIL-t7, e9a757c7-3ca5-4a60-905c-412e8bb9c2fd<-b186946b-7cb1-405f-b9a6-a6ba9d2e3b50#0:FAIL-t7] and 0 exception(s); e9a757c7-3ca5-4a60-905c-412e8bb9c2fd@group-85A672ED5058:t7, leader=null, voted=e9a757c7-3ca5-4a60-905c-412e8bb9c2fd, raftlog=e9a757c7-3ca5-4a60-905c-412e8bb9c2fd@group-85A672ED5058-SegmentedRaftLog:OPENED:c-1,f-1,i0, conf=-1: [b186946b-7cb1-405f-b9a6-a6ba9d2e3b50:192.168.5.171:45263, e89641c2-7ef1-4436-991e-ef84ba028339:192.168.5.171:43968, e9a757c7-3ca5-4a60-905c-412e8bb9c2fd:192.168.5.171:37071], old=null
2019-09-19 10:45:25,208 [e9a757c7-3ca5-4a60-905c-412e8bb9c2fd@group-85A672ED5058:LeaderElection86] INFO  impl.RaftServerImpl (RaftServerImpl.java:setRole(174)) - e9a757c7-3ca5-4a60-905c-412e8bb9c2fd@group-85A672ED5058: changes role from CANDIDATE to FOLLOWER at term 7 for DISCOVERED_A_NEW_TERM
2019-09-19 10:45:25,209 [e9a757c7-3ca5-4a60-905c-412e8bb9c2fd@group-85A672ED5058:LeaderElection86] INFO  impl.RoleInfo (RoleInfo.java:shutdownLeaderElection(134)) - e9a757c7-3ca5-4a60-905c-412e8bb9c2fd: shutdown LeaderElection
2019-09-19 10:45:25,209 [e9a757c7-3ca5-4a60-905c-412e8bb9c2fd@group-85A672ED5058:LeaderElection86] INFO  impl.RoleInfo (RoleInfo.java:updateAndGet(143)) - e9a757c7-3ca5-4a60-905c-412e8bb9c2fd: start FollowerState
2019-09-19 10:45:25,210 [e89641c2-7ef1-4436-991e-ef84ba028339@group-85A672ED5058:LeaderElection87] INFO  impl.LeaderElection (LeaderElection.java:logAndReturn(56)) - e89641c2-7ef1-4436-991e-ef84ba028339@group-85A672ED5058:LeaderElection87: Election REJECTED; received 2 response(s) [e89641c2-7ef1-4436-991e-ef84ba028339<-b186946b-7cb1-405f-b9a6-a6ba9d2e3b50#0:FAIL-t7, e89641c2-7ef1-4436-991e-ef84ba028339<-e9a757c7-3ca5-4a60-905c-412e8bb9c2fd#0:FAIL-t7] and 0 exception(s); e89641c2-7ef1-4436-991e-ef84ba028339@group-85A672ED5058:t7, leader=null, voted=e89641c2-7ef1-4436-991e-ef84ba028339, raftlog=e89641c2-7ef1-4436-991e-ef84ba028339@group-85A672ED5058-SegmentedRaftLog:OPENED:c-1,f-1,i0, conf=-1: [b186946b-7cb1-405f-b9a6-a6ba9d2e3b50:192.168.5.171:45263, e89641c2-7ef1-4436-991e-ef84ba028339:192.168.5.171:43968, e9a757c7-3ca5-4a60-905c-412e8bb9c2fd:192.168.5.171:37071], old=null
2019-09-19 10:45:25,210 [b186946b-7cb1-405f-b9a6-a6ba9d2e3b50@group-85A672ED5058:LeaderElection88] INFO  impl.LeaderElection (LeaderElection.java:logAndReturn(56)) - b186946b-7cb1-405f-b9a6-a6ba9d2e3b50@group-85A672ED5058:LeaderElection88: Election REJECTED; received 2 response(s) [b186946b-7cb1-405f-b9a6-a6ba9d2e3b50<-e89641c2-7ef1-4436-991e-ef84ba028339#0:FAIL-t7, b186946b-7cb1-405f-b9a6-a6ba9d2e3b50<-e9a757c7-3ca5-4a60-905c-412e8bb9c2fd#0:FAIL-t7] and 0 exception(s); b186946b-7cb1-405f-b9a6-a6ba9d2e3b50@group-85A672ED5058:t7, leader=null, voted=b186946b-7cb1-405f-b9a6-a6ba9d2e3b50, raftlog=b186946b-7cb1-405f-b9a6-a6ba9d2e3b50@group-85A672ED5058-SegmentedRaftLog:OPENED:c-1,f-1,i0, conf=-1: [b186946b-7cb1-405f-b9a6-a6ba9d2e3b50:192.168.5.171:45263, e89641c2-7ef1-4436-991e-ef84ba028339:192.168.5.171:43968, e9a757c7-3ca5-4a60-905c-412e8bb9c2fd:192.168.5.171:37071], old=null
2019-09-19 10:45:25,216 [e89641c2-7ef1-4436-991e-ef84ba028339@group-85A672ED5058:LeaderElection87] INFO  impl.RaftServerImpl (RaftServerImpl.java:setRole(174)) - e89641c2-7ef1-4436-991e-ef84ba028339@group-85A672ED5058: changes role from CANDIDATE to FOLLOWER at term 7 for DISCOVERED_A_NEW_TERM
2019-09-19 10:45:25,218 [b186946b-7cb1-405f-b9a6-a6ba9d2e3b50@group-85A672ED5058:LeaderElection88] INFO  impl.RaftServerImpl (RaftServerImpl.java:setRole(174)) - b186946b-7cb1-405f-b9a6-a6ba9d2e3b50@group-85A672ED5058: changes role from CANDIDATE to FOLLOWER at term 7 for DISCOVERED_A_NEW_TERM
2019-09-19 10:45:25,218 [e89641c2-7ef1-4436-991e-ef84ba028339@group-85A672ED5058:LeaderElection87] INFO  impl.RoleInfo (RoleInfo.java:shutdownLeaderElection(134)) - e89641c2-7ef1-4436-991e-ef84ba028339: shutdown LeaderElection
2019-09-19 10:45:25,220 [b186946b-7cb1-405f-b9a6-a6ba9d2e3b50@group-85A672ED5058:LeaderElection88] INFO  impl.RoleInfo (RoleInfo.java:shutdownLeaderElection(134)) - b186946b-7cb1-405f-b9a6-a6ba9d2e3b50: shutdown LeaderElection
2019-09-19 10:45:25,220 [e89641c2-7ef1-4436-991e-ef84ba028339@group-85A672ED5058:LeaderElection87] INFO  impl.RoleInfo (RoleInfo.java:updateAndGet(143)) - e89641c2-7ef1-4436-991e-ef84ba028339: start FollowerState
2019-09-19 10:45:25,220 [b186946b-7cb1-405f-b9a6-a6ba9d2e3b50@group-85A672ED5058:LeaderElection88] INFO  impl.RoleInfo (RoleInfo.java:updateAndGet(143)) - b186946b-7cb1-405f-b9a6-a6ba9d2e3b50: start FollowerState
2019-09-19 10:45:30,279 [Thread-1025] INFO  impl.FollowerState (FollowerState.java:run(106)) - b186946b-7cb1-405f-b9a6-a6ba9d2e3b50:group-85A672ED5058 changes to CANDIDATE, lastRpcTime:5058, electionTimeout:5058ms
2019-09-19 10:45:30,280 [Thread-1025] INFO  impl.RoleInfo (RoleInfo.java:shutdownFollowerState(121)) - b186946b-7cb1-405f-b9a6-a6ba9d2e3b50: shutdown FollowerState
2019-09-19 10:45:30,280 [Thread-1025] INFO  impl.RaftServerImpl (RaftServerImpl.java:setRole(174)) - b186946b-7cb1-405f-b9a6-a6ba9d2e3b50@group-85A672ED5058: changes role from  FOLLOWER to CANDIDATE at term 7 for changeToCandidate
2019-09-19 10:45:30,281 [Thread-1025] INFO  impl.RoleInfo (RoleInfo.java:updateAndGet(143)) - b186946b-7cb1-405f-b9a6-a6ba9d2e3b50: start LeaderElection
2019-09-19 10:45:30,297 [Thread-1024] INFO  impl.FollowerState (FollowerState.java:run(106)) - e89641c2-7ef1-4436-991e-ef84ba028339:group-85A672ED5058 changes to CANDIDATE, lastRpcTime:5076, electionTimeout:5076ms
2019-09-19 10:45:30,297 [Thread-1024] INFO  impl.RoleInfo (RoleInfo.java:shutdownFollowerState(121)) - e89641c2-7ef1-4436-991e-ef84ba028339: shutdown FollowerState
2019-09-19 10:45:30,297 [Thread-1024] INFO  impl.RaftServerImpl (RaftServerImpl.java:setRole(174)) - e89641c2-7ef1-4436-991e-ef84ba028339@group-85A672ED5058: changes role from  FOLLOWER to CANDIDATE at term 7 for changeToCandidate
2019-09-19 10:45:30,297 [Thread-1024] INFO  impl.RoleInfo (RoleInfo.java:updateAndGet(143)) - e89641c2-7ef1-4436-991e-ef84ba028339: start LeaderElection
2019-09-19 10:45:30,343 [Thread-1023] INFO  impl.FollowerState (FollowerState.java:run(106)) - e9a757c7-3ca5-4a60-905c-412e8bb9c2fd:group-85A672ED5058 changes to CANDIDATE, lastRpcTime:5134, electionTimeout:5134ms
2019-09-19 10:45:30,344 [Thread-1023] INFO  impl.RoleInfo (RoleInfo.java:shutdownFollowerState(121)) - e9a757c7-3ca5-4a60-905c-412e8bb9c2fd: shutdown FollowerState
2019-09-19 10:45:30,344 [Thread-1023] INFO  impl.RaftServerImpl (RaftServerImpl.java:setRole(174)) - e9a757c7-3ca5-4a60-905c-412e8bb9c2fd@group-85A672ED5058: changes role from  FOLLOWER to CANDIDATE at term 7 for changeToCandidate
2019-09-19 10:45:30,344 [Thread-1023] INFO  impl.RoleInfo (RoleInfo.java:updateAndGet(143)) - e9a757c7-3ca5-4a60-905c-412e8bb9c2fd: start LeaderElection
2019-09-19 10:45:30,919 [e89641c2-7ef1-4436-991e-ef84ba028339@group-85A672ED5058:LeaderElection90] INFO  impl.LeaderElection (LeaderElection.java:askForVotes(182)) - e89641c2-7ef1-4436-991e-ef84ba028339@group-85A672ED5058:LeaderElection90: begin an election at term 8 for -1: [b186946b-7cb1-405f-b9a6-a6ba9d2e3b50:192.168.5.171:45263, e89641c2-7ef1-4436-991e-ef84ba028339:192.168.5.171:43968, e9a757c7-3ca5-4a60-905c-412e8bb9c2fd:192.168.5.171:37071], old=null
2019-09-19 10:45:30,919 [e9a757c7-3ca5-4a60-905c-412e8bb9c2fd@group-85A672ED5058:LeaderElection91] INFO  impl.LeaderElection (LeaderElection.java:askForVotes(182)) - e9a757c7-3ca5-4a60-905c-412e8bb9c2fd@group-85A672ED5058:LeaderElection91: begin an election at term 8 for -1: [b186946b-7cb1-405f-b9a6-a6ba9d2e3b50:192.168.5.171:45263, e89641c2-7ef1-4436-991e-ef84ba028339:192.168.5.171:43968, e9a757c7-3ca5-4a60-905c-412e8bb9c2fd:192.168.5.171:37071], old=null
2019-09-19 10:45:30,919 [b186946b-7cb1-405f-b9a6-a6ba9d2e3b50@group-85A672ED5058:LeaderElection89] INFO  impl.LeaderElection (LeaderElection.java:askForVotes(182)) - b186946b-7cb1-405f-b9a6-a6ba9d2e3b50@group-85A672ED5058:LeaderElection89: begin an election at term 8 for -1: [b186946b-7cb1-405f-b9a6-a6ba9d2e3b50:192.168.5.171:45263, e89641c2-7ef1-4436-991e-ef84ba028339:192.168.5.171:43968, e9a757c7-3ca5-4a60-905c-412e8bb9c2fd:192.168.5.171:37071], old=null
2019-09-19 10:45:30,925 [e89641c2-7ef1-4436-991e-ef84ba028339@group-85A672ED5058:LeaderElection90] INFO  impl.LeaderElection (LeaderElection.java:logAndReturn(56)) - e89641c2-7ef1-4436-991e-ef84ba028339@group-85A672ED5058:LeaderElection90: Election REJECTED; received 2 response(s) [e89641c2-7ef1-4436-991e-ef84ba028339<-b186946b-7cb1-405f-b9a6-a6ba9d2e3b50#0:FAIL-t8, e89641c2-7ef1-4436-991e-ef84ba028339<-e9a757c7-3ca5-4a60-905c-412e8bb9c2fd#0:FAIL-t8] and 0 exception(s); e89641c2-7ef1-4436-991e-ef84ba028339@group-85A672ED5058:t8, leader=null, voted=e89641c2-7ef1-4436-991e-ef84ba028339, raftlog=e89641c2-7ef1-4436-991e-ef84ba028339@group-85A672ED5058-SegmentedRaftLog:OPENED:c-1,f-1,i0, conf=-1: [b186946b-7cb1-405f-b9a6-a6ba9d2e3b50:192.168.5.171:45263, e89641c2-7ef1-4436-991e-ef84ba028339:192.168.5.171:43968, e9a757c7-3ca5-4a60-905c-412e8bb9c2fd:192.168.5.171:37071], old=null
2019-09-19 10:45:30,925 [b186946b-7cb1-405f-b9a6-a6ba9d2e3b50@group-85A672ED5058:LeaderElection89] INFO  impl.LeaderElection (LeaderElection.java:logAndReturn(56)) - b186946b-7cb1-405f-b9a6-a6ba9d2e3b50@group-85A672ED5058:LeaderElection89: Election REJECTED; received 2 response(s) [b186946b-7cb1-405f-b9a6-a6ba9d2e3b50<-e89641c2-7ef1-4436-991e-ef84ba028339#0:FAIL-t8, b186946b-7cb1-405f-b9a6-a6ba9d2e3b50<-e9a757c7-3ca5-4a60-905c-412e8bb9c2fd#0:FAIL-t8] and 0 exception(s); b186946b-7cb1-405f-b9a6-a6ba9d2e3b50@group-85A672ED5058:t8, leader=null, voted=b186946b-7cb1-405f-b9a6-a6ba9d2e3b50, raftlog=b186946b-7cb1-405f-b9a6-a6ba9d2e3b50@group-85A672ED5058-SegmentedRaftLog:OPENED:c-1,f-1,i0, conf=-1: [b186946b-7cb1-405f-b9a6-a6ba9d2e3b50:192.168.5.171:45263, e89641c2-7ef1-4436-991e-ef84ba028339:192.168.5.171:43968, e9a757c7-3ca5-4a60-905c-412e8bb9c2fd:192.168.5.171:37071], old=null
2019-09-19 10:45:30,925 [e89641c2-7ef1-4436-991e-ef84ba028339@group-85A672ED5058:LeaderElection90] INFO  impl.RaftServerImpl (RaftServerImpl.java:setRole(174)) - e89641c2-7ef1-4436-991e-ef84ba028339@group-85A672ED5058: changes role from CANDIDATE to FOLLOWER at term 8 for DISCOVERED_A_NEW_TERM
2019-09-19 10:45:30,928 [e89641c2-7ef1-4436-991e-ef84ba028339@group-85A672ED5058:LeaderElection90] INFO  impl.RoleInfo (RoleInfo.java:shutdownLeaderElection(134)) - e89641c2-7ef1-4436-991e-ef84ba028339: shutdown LeaderElection
2019-09-19 10:45:30,928 [e89641c2-7ef1-4436-991e-ef84ba028339@group-85A672ED5058:LeaderElection90] INFO  impl.RoleInfo (RoleInfo.java:updateAndGet(143)) - e89641c2-7ef1-4436-991e-ef84ba028339: start FollowerState
2019-09-19 10:45:30,928 [b186946b-7cb1-405f-b9a6-a6ba9d2e3b50@group-85A672ED5058:LeaderElection89] INFO  impl.RaftServerImpl (RaftServerImpl.java:setRole(174)) - b186946b-7cb1-405f-b9a6-a6ba9d2e3b50@group-85A672ED5058: changes role from CANDIDATE to FOLLOWER at term 8 for DISCOVERED_A_NEW_TERM
2019-09-19 10:45:30,928 [e9a757c7-3ca5-4a60-905c-412e8bb9c2fd@group-85A672ED5058:LeaderElection91] INFO  impl.LeaderElection (LeaderElection.java:logAndReturn(56)) - e9a757c7-3ca5-4a60-905c-412e8bb9c2fd@group-85A672ED5058:LeaderElection91: Election REJECTED; received 2 response(s) [e9a757c7-3ca5-4a60-905c-412e8bb9c2fd<-e89641c2-7ef1-4436-991e-ef84ba028339#0:FAIL-t8, e9a757c7-3ca5-4a60-905c-412e8bb9c2fd<-b186946b-7cb1-405f-b9a6-a6ba9d2e3b50#0:FAIL-t8] and 0 exception(s); e9a757c7-3ca5-4a60-905c-412e8bb9c2fd@group-85A672ED5058:t8, leader=null, voted=e9a757c7-3ca5-4a60-905c-412e8bb9c2fd, raftlog=e9a757c7-3ca5-4a60-905c-412e8bb9c2fd@group-85A672ED5058-SegmentedRaftLog:OPENED:c-1,f-1,i0, conf=-1: [b186946b-7cb1-405f-b9a6-a6ba9d2e3b50:192.168.5.171:45263, e89641c2-7ef1-4436-991e-ef84ba028339:192.168.5.171:43968, e9a757c7-3ca5-4a60-905c-412e8bb9c2fd:192.168.5.171:37071], old=null
2019-09-19 10:45:30,930 [b186946b-7cb1-405f-b9a6-a6ba9d2e3b50@group-85A672ED5058:LeaderElection89] INFO  impl.RoleInfo (RoleInfo.java:shutdownLeaderElection(134)) - b186946b-7cb1-405f-b9a6-a6ba9d2e3b50: shutdown LeaderElection
2019-09-19 10:45:30,930 [e9a757c7-3ca5-4a60-905c-412e8bb9c2fd@group-85A672ED5058:LeaderElection91] INFO  impl.RaftServerImpl (RaftServerImpl.java:setRole(174)) - e9a757c7-3ca5-4a60-905c-412e8bb9c2fd@group-85A672ED5058: changes role from CANDIDATE to FOLLOWER at term 8 for DISCOVERED_A_NEW_TERM
2019-09-19 10:45:30,934 [e9a757c7-3ca5-4a60-905c-412e8bb9c2fd@group-85A672ED5058:LeaderElection91] INFO  impl.RoleInfo (RoleInfo.java:shutdownLeaderElection(134)) - e9a757c7-3ca5-4a60-905c-412e8bb9c2fd: shutdown LeaderElection
2019-09-19 10:45:30,934 [e9a757c7-3ca5-4a60-905c-412e8bb9c2fd@group-85A672ED5058:LeaderElection91] INFO  impl.RoleInfo (RoleInfo.java:updateAndGet(143)) - e9a757c7-3ca5-4a60-905c-412e8bb9c2fd: start FollowerState
2019-09-19 10:45:30,935 [b186946b-7cb1-405f-b9a6-a6ba9d2e3b50@group-85A672ED5058:LeaderElection89] INFO  impl.RoleInfo (RoleInfo.java:updateAndGet(143)) - b186946b-7cb1-405f-b9a6-a6ba9d2e3b50: start FollowerState
2019-09-19 10:45:33,653 [Thread-265] INFO  contract.ITestOzoneContractGetFileStatus (ITestOzoneContractGetFileStatus.java:teardown(57)) - FS details OzoneFileSystem{URI=o3fs://bucket12524.volume03933, workingDir=o3fs://bucket12524.volume03933/user/jenkins1000, userName=jenkins1000, statistics=0 bytes read, 1024 bytes written, 79 read ops, 0 large read ops, 26 write ops}
]]></system-out>
  </testcase>
  <testcase name="testListStatusFile" classname="org.apache.hadoop.fs.ozone.contract.ITestOzoneContractGetFileStatus" time="0.145"/>
  <testcase name="testListStatusNoDir" classname="org.apache.hadoop.fs.ozone.contract.ITestOzoneContractGetFileStatus" time="0.11"/>
  <testcase name="testListStatusFilteredNoDir" classname="org.apache.hadoop.fs.ozone.contract.ITestOzoneContractGetFileStatus" time="0.089"/>
  <testcase name="testListFilesFileRecursive" classname="org.apache.hadoop.fs.ozone.contract.ITestOzoneContractGetFileStatus" time="0.102"/>
  <testcase name="testLocatedStatusNoDir" classname="org.apache.hadoop.fs.ozone.contract.ITestOzoneContractGetFileStatus" time="0.076"/>
  <testcase name="testGetFileStatusNonexistentFile" classname="org.apache.hadoop.fs.ozone.contract.ITestOzoneContractGetFileStatus" time="0.089"/>
</testsuite>