# JRE version: OpenJDK Runtime Environment (8.0_212-b04) (build 1.8.0_212-b04)
# Java VM: OpenJDK 64-Bit Server VM (25.212-b04 mixed mode linux-amd64 compressed oops)
Heap:
 PSYoungGen      total 611840K, used 309119K [0x00000000d5580000, 0x0000000100000000, 0x0000000100000000)
  eden space 524800K, 45% used [0x00000000d5580000,0x00000000e3e2d910,0x00000000f5600000)
  from space 87040K, 81% used [0x00000000fab00000,0x00000000ff0326b8,0x0000000100000000)
  to   space 87040K, 0% used [0x00000000f5600000,0x00000000f5600000,0x00000000fab00000)
 ParOldGen       total 1398272K, used 44773K [0x0000000080000000, 0x00000000d5580000, 0x00000000d5580000)
  object space 1398272K, 3% used [0x0000000080000000,0x0000000082bb9450,0x00000000d5580000)
 Metaspace       used 67595K, capacity 70958K, committed 71256K, reserved 1112064K
  class space    used 7635K, capacity 8221K, committed 8280K, reserved 1048576K
GC Heap History (10 events):
Event: 4.446 GC heap before
{Heap before GC invocations=3 (full 1):
 PSYoungGen      total 611840K, used 434549K [0x00000000d5580000, 0x0000000100000000, 0x0000000100000000)
  eden space 524800K, 82% used [0x00000000d5580000,0x00000000efddd4c8,0x00000000f5600000)
  from space 87040K, 0% used [0x00000000f5600000,0x00000000f5600000,0x00000000fab00000)
  to   space 87040K, 0% used [0x00000000fab00000,0x00000000fab00000,0x0000000100000000)
 ParOldGen       total 858624K, used 13761K [0x0000000080000000, 0x00000000b4680000, 0x00000000d5580000)
  object space 858624K, 1% used [0x0000000080000000,0x0000000080d70520,0x00000000b4680000)
 Metaspace       used 34742K, capacity 35150K, committed 35416K, reserved 1081344K
  class space    used 3978K, capacity 4123K, committed 4184K, reserved 1048576K
Event: 4.480 GC heap after
Heap after GC invocations=3 (full 1):
 PSYoungGen      total 611840K, used 19180K [0x00000000d5580000, 0x0000000100000000, 0x0000000100000000)
  eden space 524800K, 0% used [0x00000000d5580000,0x00000000d5580000,0x00000000f5600000)
  from space 87040K, 22% used [0x00000000fab00000,0x00000000fbdbb060,0x0000000100000000)
  to   space 87040K, 0% used [0x00000000f5600000,0x00000000f5600000,0x00000000fab00000)
 ParOldGen       total 858624K, used 13769K [0x0000000080000000, 0x00000000b4680000, 0x00000000d5580000)
  object space 858624K, 1% used [0x0000000080000000,0x0000000080d72520,0x00000000b4680000)
 Metaspace       used 34742K, capacity 35150K, committed 35416K, reserved 1081344K
  class space    used 3978K, capacity 4123K, committed 4184K, reserved 1048576K
}
Event: 4.480 GC heap before
{Heap before GC invocations=4 (full 2):
 PSYoungGen      total 611840K, used 19180K [0x00000000d5580000, 0x0000000100000000, 0x0000000100000000)
  eden space 524800K, 0% used [0x00000000d5580000,0x00000000d5580000,0x00000000f5600000)
  from space 87040K, 22% used [0x00000000fab00000,0x00000000fbdbb060,0x0000000100000000)
  to   space 87040K, 0% used [0x00000000f5600000,0x00000000f5600000,0x00000000fab00000)
 ParOldGen       total 858624K, used 13769K [0x0000000080000000, 0x00000000b4680000, 0x00000000d5580000)
  object space 858624K, 1% used [0x0000000080000000,0x0000000080d72520,0x00000000b4680000)
 Metaspace       used 34742K, capacity 35150K, committed 35416K, reserved 1081344K
  class space    used 3978K, capacity 4123K, committed 4184K, reserved 1048576K
Event: 4.572 GC heap after
Heap after GC invocations=4 (full 2):
 PSYoungGen      total 611840K, used 0K [0x00000000d5580000, 0x0000000100000000, 0x0000000100000000)
  eden space 524800K, 0% used [0x00000000d5580000,0x00000000d5580000,0x00000000f5600000)
  from space 87040K, 0% used [0x00000000fab00000,0x00000000fab00000,0x0000000100000000)
  to   space 87040K, 0% used [0x00000000f5600000,0x00000000f5600000,0x00000000fab00000)
 ParOldGen       total 1398272K, used 23535K [0x0000000080000000, 0x00000000d5580000, 0x00000000d5580000)
  object space 1398272K, 1% used [0x0000000080000000,0x00000000816fbce8,0x00000000d5580000)
 Metaspace       used 34742K, capacity 35150K, committed 35416K, reserved 1081344K
  class space    used 3978K, capacity 4123K, committed 4184K, reserved 1048576K
}
Event: 11.610 GC heap before
{Heap before GC invocations=5 (full 2):
 PSYoungGen      total 611840K, used 514694K [0x00000000d5580000, 0x0000000100000000, 0x0000000100000000)
  eden space 524800K, 98% used [0x00000000d5580000,0x00000000f4c21960,0x00000000f5600000)
  from space 87040K, 0% used [0x00000000fab00000,0x00000000fab00000,0x0000000100000000)
  to   space 87040K, 0% used [0x00000000f5600000,0x00000000f5600000,0x00000000fab00000)
 ParOldGen       total 1398272K, used 23535K [0x0000000080000000, 0x00000000d5580000, 0x00000000d5580000)
  object space 1398272K, 1% used [0x0000000080000000,0x00000000816fbce8,0x00000000d5580000)
 Metaspace       used 57488K, capacity 58898K, committed 59028K, reserved 1101824K
  class space    used 6665K, capacity 6955K, committed 7000K, reserved 1048576K
Event: 11.692 GC heap after
Heap after GC invocations=5 (full 2):
 PSYoungGen      total 611840K, used 34182K [0x00000000d5580000, 0x0000000100000000, 0x0000000100000000)
  eden space 524800K, 0% used [0x00000000d5580000,0x00000000d5580000,0x00000000f5600000)
  from space 87040K, 39% used [0x00000000f5600000,0x00000000f7761b48,0x00000000fab00000)
  to   space 87040K, 0% used [0x00000000fab00000,0x00000000fab00000,0x0000000100000000)
 ParOldGen       total 1398272K, used 23543K [0x0000000080000000, 0x00000000d5580000, 0x00000000d5580000)
  object space 1398272K, 1% used [0x0000000080000000,0x00000000816fdce8,0x00000000d5580000)
 Metaspace       used 57488K, capacity 58898K, committed 59028K, reserved 1101824K
  class space    used 6665K, capacity 6955K, committed 7000K, reserved 1048576K
}
Event: 11.692 GC heap before
{Heap before GC invocations=6 (full 3):
 PSYoungGen      total 611840K, used 34182K [0x00000000d5580000, 0x0000000100000000, 0x0000000100000000)
  eden space 524800K, 0% used [0x00000000d5580000,0x00000000d5580000,0x00000000f5600000)
  from space 87040K, 39% used [0x00000000f5600000,0x00000000f7761b48,0x00000000fab00000)
  to   space 87040K, 0% used [0x00000000fab00000,0x00000000fab00000,0x0000000100000000)
 ParOldGen       total 1398272K, used 23543K [0x0000000080000000, 0x00000000d5580000, 0x00000000d5580000)
  object space 1398272K, 1% used [0x0000000080000000,0x00000000816fdce8,0x00000000d5580000)
 Metaspace       used 57488K, capacity 58898K, committed 59028K, reserved 1101824K
  class space    used 6665K, capacity 6955K, committed 7000K, reserved 1048576K
Event: 12.013 GC heap after
Heap after GC invocations=6 (full 3):
 PSYoungGen      total 611840K, used 0K [0x00000000d5580000, 0x0000000100000000, 0x0000000100000000)
  eden space 524800K, 0% used [0x00000000d5580000,0x00000000d5580000,0x00000000f5600000)
  from space 87040K, 0% used [0x00000000f5600000,0x00000000f5600000,0x00000000fab00000)
  to   space 87040K, 0% used [0x00000000fab00000,0x00000000fab00000,0x0000000100000000)
 ParOldGen       total 1398272K, used 44765K [0x0000000080000000, 0x00000000d5580000, 0x00000000d5580000)
  object space 1398272K, 3% used [0x0000000080000000,0x0000000082bb7450,0x00000000d5580000)
 Metaspace       used 57456K, capacity 58826K, committed 59028K, reserved 1101824K
  class space    used 6654K, capacity 6937K, committed 7000K, reserved 1048576K
}
Event: 63.291 GC heap before
{Heap before GC invocations=7 (full 3):
 PSYoungGen      total 611840K, used 524800K [0x00000000d5580000, 0x0000000100000000, 0x0000000100000000)
  eden space 524800K, 100% used [0x00000000d5580000,0x00000000f5600000,0x00000000f5600000)
  from space 87040K, 0% used [0x00000000f5600000,0x00000000f5600000,0x00000000fab00000)
  to   space 87040K, 0% used [0x00000000fab00000,0x00000000fab00000,0x0000000100000000)
 ParOldGen       total 1398272K, used 44765K [0x0000000080000000, 0x00000000d5580000, 0x00000000d5580000)
  object space 1398272K, 3% used [0x0000000080000000,0x0000000082bb7450,0x00000000d5580000)
 Metaspace       used 66407K, capacity 69634K, committed 69976K, reserved 1112064K
  class space    used 7607K, capacity 8189K, committed 8280K, reserved 1048576K
Event: 63.505 GC heap after
Heap after GC invocations=7 (full 3):
 PSYoungGen      total 611840K, used 70857K [0x00000000d5580000, 0x0000000100000000, 0x0000000100000000)
  eden space 524800K, 0% used [0x00000000d5580000,0x00000000d5580000,0x00000000f5600000)
  from space 87040K, 81% used [0x00000000fab00000,0x00000000ff0326b8,0x0000000100000000)
  to   space 87040K, 0% used [0x00000000f5600000,0x00000000f5600000,0x00000000fab00000)
 ParOldGen       total 1398272K, used 44773K [0x0000000080000000, 0x00000000d5580000, 0x00000000d5580000)
  object space 1398272K, 3% used [0x0000000080000000,0x0000000082bb9450,0x00000000d5580000)
 Metaspace       used 66407K, capacity 69634K, committed 69976K, reserved 1112064K
  class space    used 7607K, capacity 8189K, committed 8280K, reserved 1048576K
}

