# JRE version: OpenJDK Runtime Environment (8.0_212-b04) (build 1.8.0_212-b04)
# Java VM: OpenJDK 64-Bit Server VM (25.212-b04 mixed mode linux-amd64 compressed oops)
Heap:
 PSYoungGen      total 601088K, used 356013K [0x00000000d5580000, 0x00000000fcf00000, 0x0000000100000000)
  eden space 524800K, 53% used [0x00000000d5580000,0x00000000e66ffba8,0x00000000f5600000)
  from space 76288K, 99% used [0x00000000f5600000,0x00000000fa02b938,0x00000000fa080000)
  to   space 47616K, 0% used [0x00000000fa080000,0x00000000fa080000,0x00000000fcf00000)
 ParOldGen       total 1398272K, used 32447K [0x0000000080000000, 0x00000000d5580000, 0x00000000d5580000)
  object space 1398272K, 2% used [0x0000000080000000,0x0000000081fafda8,0x00000000d5580000)
 Metaspace       used 78981K, capacity 82294K, committed 82432K, reserved 1122304K
  class space    used 9116K, capacity 9721K, committed 9728K, reserved 1048576K
GC Heap History (10 events):
Event: 4.383 GC heap before
{Heap before GC invocations=4 (full 2):
 PSYoungGen      total 611840K, used 19451K [0x00000000d5580000, 0x0000000100000000, 0x0000000100000000)
  eden space 524800K, 0% used [0x00000000d5580000,0x00000000d5580000,0x00000000f5600000)
  from space 87040K, 22% used [0x00000000fab00000,0x00000000fbdfedc8,0x0000000100000000)
  to   space 87040K, 0% used [0x00000000f5600000,0x00000000f5600000,0x00000000fab00000)
 ParOldGen       total 875520K, used 13507K [0x0000000080000000, 0x00000000b5700000, 0x00000000d5580000)
  object space 875520K, 1% used [0x0000000080000000,0x0000000080d30ea0,0x00000000b5700000)
 Metaspace       used 34724K, capacity 35018K, committed 35416K, reserved 1081344K
  class space    used 4186K, capacity 4289K, committed 4352K, reserved 1048576K
Event: 4.525 GC heap after
Heap after GC invocations=4 (full 2):
 PSYoungGen      total 611840K, used 0K [0x00000000d5580000, 0x0000000100000000, 0x0000000100000000)
  eden space 524800K, 0% used [0x00000000d5580000,0x00000000d5580000,0x00000000f5600000)
  from space 87040K, 0% used [0x00000000fab00000,0x00000000fab00000,0x0000000100000000)
  to   space 87040K, 0% used [0x00000000f5600000,0x00000000f5600000,0x00000000fab00000)
 ParOldGen       total 1398272K, used 24275K [0x0000000080000000, 0x00000000d5580000, 0x00000000d5580000)
  object space 1398272K, 1% used [0x0000000080000000,0x00000000817b4cc8,0x00000000d5580000)
 Metaspace       used 34724K, capacity 35018K, committed 35416K, reserved 1081344K
  class space    used 4186K, capacity 4289K, committed 4352K, reserved 1048576K
}
Event: 7.105 GC heap before
{Heap before GC invocations=5 (full 2):
 PSYoungGen      total 611840K, used 524800K [0x00000000d5580000, 0x0000000100000000, 0x0000000100000000)
  eden space 524800K, 100% used [0x00000000d5580000,0x00000000f5600000,0x00000000f5600000)
  from space 87040K, 0% used [0x00000000fab00000,0x00000000fab00000,0x0000000100000000)
  to   space 87040K, 0% used [0x00000000f5600000,0x00000000f5600000,0x00000000fab00000)
 ParOldGen       total 1398272K, used 24275K [0x0000000080000000, 0x00000000d5580000, 0x00000000d5580000)
  object space 1398272K, 1% used [0x0000000080000000,0x00000000817b4cc8,0x00000000d5580000)
 Metaspace       used 49341K, capacity 50204K, committed 50432K, reserved 1093632K
  class space    used 5879K, capacity 6084K, committed 6144K, reserved 1048576K
Event: 7.148 GC heap after
Heap after GC invocations=5 (full 2):
 PSYoungGen      total 611840K, used 20252K [0x00000000d5580000, 0x0000000100000000, 0x0000000100000000)
  eden space 524800K, 0% used [0x00000000d5580000,0x00000000d5580000,0x00000000f5600000)
  from space 87040K, 23% used [0x00000000f5600000,0x00000000f69c7150,0x00000000fab00000)
  to   space 87040K, 0% used [0x00000000fab00000,0x00000000fab00000,0x0000000100000000)
 ParOldGen       total 1398272K, used 24283K [0x0000000080000000, 0x00000000d5580000, 0x00000000d5580000)
  object space 1398272K, 1% used [0x0000000080000000,0x00000000817b6cc8,0x00000000d5580000)
 Metaspace       used 49341K, capacity 50204K, committed 50432K, reserved 1093632K
  class space    used 5879K, capacity 6084K, committed 6144K, reserved 1048576K
}
Event: 12.679 GC heap before
{Heap before GC invocations=6 (full 2):
 PSYoungGen      total 611840K, used 327589K [0x00000000d5580000, 0x0000000100000000, 0x0000000100000000)
  eden space 524800K, 58% used [0x00000000d5580000,0x00000000e81a2340,0x00000000f5600000)
  from space 87040K, 23% used [0x00000000f5600000,0x00000000f69c7150,0x00000000fab00000)
  to   space 87040K, 0% used [0x00000000fab00000,0x00000000fab00000,0x0000000100000000)
 ParOldGen       total 1398272K, used 24283K [0x0000000080000000, 0x00000000d5580000, 0x00000000d5580000)
  object space 1398272K, 1% used [0x0000000080000000,0x00000000817b6cc8,0x00000000d5580000)
 Metaspace       used 57693K, capacity 58850K, committed 59008K, reserved 1101824K
  class space    used 6939K, capacity 7169K, committed 7296K, reserved 1048576K
Event: 12.727 GC heap after
Heap after GC invocations=6 (full 2):
 PSYoungGen      total 611840K, used 19910K [0x00000000d5580000, 0x0000000100000000, 0x0000000100000000)
  eden space 524800K, 0% used [0x00000000d5580000,0x00000000d5580000,0x00000000f5600000)
  from space 87040K, 22% used [0x00000000fab00000,0x00000000fbe71920,0x0000000100000000)
  to   space 87040K, 0% used [0x00000000f5600000,0x00000000f5600000,0x00000000fab00000)
 ParOldGen       total 1398272K, used 24291K [0x0000000080000000, 0x00000000d5580000, 0x00000000d5580000)
  object space 1398272K, 1% used [0x0000000080000000,0x00000000817b8cc8,0x00000000d5580000)
 Metaspace       used 57693K, capacity 58850K, committed 59008K, reserved 1101824K
  class space    used 6939K, capacity 7169K, committed 7296K, reserved 1048576K
}
Event: 12.727 GC heap before
{Heap before GC invocations=7 (full 3):
 PSYoungGen      total 611840K, used 19910K [0x00000000d5580000, 0x0000000100000000, 0x0000000100000000)
  eden space 524800K, 0% used [0x00000000d5580000,0x00000000d5580000,0x00000000f5600000)
  from space 87040K, 22% used [0x00000000fab00000,0x00000000fbe71920,0x0000000100000000)
  to   space 87040K, 0% used [0x00000000f5600000,0x00000000f5600000,0x00000000fab00000)
 ParOldGen       total 1398272K, used 24291K [0x0000000080000000, 0x00000000d5580000, 0x00000000d5580000)
  object space 1398272K, 1% used [0x0000000080000000,0x00000000817b8cc8,0x00000000d5580000)
 Metaspace       used 57693K, capacity 58850K, committed 59008K, reserved 1101824K
  class space    used 6939K, capacity 7169K, committed 7296K, reserved 1048576K
Event: 12.999 GC heap after
Heap after GC invocations=7 (full 3):
 PSYoungGen      total 611840K, used 0K [0x00000000d5580000, 0x0000000100000000, 0x0000000100000000)
  eden space 524800K, 0% used [0x00000000d5580000,0x00000000d5580000,0x00000000f5600000)
  from space 87040K, 0% used [0x00000000fab00000,0x00000000fab00000,0x0000000100000000)
  to   space 87040K, 0% used [0x00000000f5600000,0x00000000f5600000,0x00000000fab00000)
 ParOldGen       total 1398272K, used 32439K [0x0000000080000000, 0x00000000d5580000, 0x00000000d5580000)
  object space 1398272K, 2% used [0x0000000080000000,0x0000000081fadda8,0x00000000d5580000)
 Metaspace       used 57606K, capacity 58632K, committed 59008K, reserved 1101824K
  class space    used 6908K, capacity 7116K, committed 7296K, reserved 1048576K
}
Event: 26.723 GC heap before
{Heap before GC invocations=8 (full 3):
 PSYoungGen      total 611840K, used 524800K [0x00000000d5580000, 0x0000000100000000, 0x0000000100000000)
  eden space 524800K, 100% used [0x00000000d5580000,0x00000000f5600000,0x00000000f5600000)
  from space 87040K, 0% used [0x00000000fab00000,0x00000000fab00000,0x0000000100000000)
  to   space 87040K, 0% used [0x00000000f5600000,0x00000000f5600000,0x00000000fab00000)
 ParOldGen       total 1398272K, used 32439K [0x0000000080000000, 0x00000000d5580000, 0x00000000d5580000)
  object space 1398272K, 2% used [0x0000000080000000,0x0000000081fadda8,0x00000000d5580000)
 Metaspace       used 76266K, capacity 78916K, committed 79104K, reserved 1118208K
  class space    used 8879K, capacity 9390K, committed 9472K, reserved 1048576K
Event: 26.842 GC heap after
Heap after GC invocations=8 (full 3):
 PSYoungGen      total 601088K, used 75950K [0x00000000d5580000, 0x00000000fcf00000, 0x0000000100000000)
  eden space 524800K, 0% used [0x00000000d5580000,0x00000000d5580000,0x00000000f5600000)
  from space 76288K, 99% used [0x00000000f5600000,0x00000000fa02b938,0x00000000fa080000)
  to   space 47616K, 0% used [0x00000000fa080000,0x00000000fa080000,0x00000000fcf00000)
 ParOldGen       total 1398272K, used 32447K [0x0000000080000000, 0x00000000d5580000, 0x00000000d5580000)
  object space 1398272K, 2% used [0x0000000080000000,0x0000000081fafda8,0x00000000d5580000)
 Metaspace       used 76266K, capacity 78916K, committed 79104K, reserved 1118208K
  class space    used 8879K, capacity 9390K, committed 9472K, reserved 1048576K
}

