<?xml version="1.0" encoding="UTF-8"?>
<robot rpa="false" generated="20190903 06:34:51.544" generator="Robot 3.1.2 (Python 2.7.15 on linux2)">
<suite source="/opt/ozone/smoketest/mapreduce.robot" id="s1" name="hadoop27-mapreduce">
<test id="s1-t1" name="Execute PI calculation">
<kw name="Execute" library="commonlib">
<arguments>
<arg>yarn jar ./share/hadoop/mapreduce/hadoop-mapreduce-examples-${hadoop.version}.jar pi 3 3</arg>
</arguments>
<assign>
<var>${output}</var>
</assign>
<kw name="Run And Return Rc And Output" library="OperatingSystem">
<doc>Runs the given command in the system and returns the RC and output.</doc>
<arguments>
<arg>${command}</arg>
</arguments>
<assign>
<var>${rc}</var>
<var>${output}</var>
</assign>
<msg timestamp="20190903 06:34:51.615" level="INFO">Running command 'yarn jar ./share/hadoop/mapreduce/hadoop-mapreduce-examples-2.7.7.jar pi 3 3 2&gt;&amp;1'.</msg>
<msg timestamp="20190903 06:34:53.017" level="INFO">${rc} = 255</msg>
<msg timestamp="20190903 06:34:53.017" level="INFO">${output} = Number of Maps  = 3
Samples per Map = 3
java.lang.NoClassDefFoundError: org/apache/hadoop/hdds/conf/OzoneConfiguration
	at java.lang.Class.forName0(Native Method)
	at java.lang.Class.forName(Class.jav...</msg>
<status status="PASS" endtime="20190903 06:34:53.018" starttime="20190903 06:34:51.614"></status>
</kw>
<kw name="Log" library="BuiltIn">
<doc>Logs the given message with the given level.</doc>
<arguments>
<arg>${output}</arg>
</arguments>
<msg timestamp="20190903 06:34:53.018" level="INFO">Number of Maps  = 3
Samples per Map = 3
java.lang.NoClassDefFoundError: org/apache/hadoop/hdds/conf/OzoneConfiguration
	at java.lang.Class.forName0(Native Method)
	at java.lang.Class.forName(Class.java:348)
	at org.apache.hadoop.conf.Configuration.getClassByNameOrNull(Configuration.java:2204)
	at org.apache.hadoop.conf.Configuration.getClassByName(Configuration.java:2169)
	at org.apache.hadoop.conf.Configuration.getClass(Configuration.java:2265)
	at org.apache.hadoop.fs.FileSystem.getFileSystemClass(FileSystem.java:2652)
	at org.apache.hadoop.fs.FileSystem.createFileSystem(FileSystem.java:2665)
	at org.apache.hadoop.fs.FileSystem.access$200(FileSystem.java:93)
	at org.apache.hadoop.fs.FileSystem$Cache.getInternal(FileSystem.java:2701)
	at org.apache.hadoop.fs.FileSystem$Cache.get(FileSystem.java:2683)
	at org.apache.hadoop.fs.FileSystem.get(FileSystem.java:372)
	at org.apache.hadoop.fs.FileSystem.get(FileSystem.java:171)
	at org.apache.hadoop.fs.FileSystem.get(FileSystem.java:356)
	at org.apache.hadoop.fs.Path.getFileSystem(Path.java:295)
	at org.apache.hadoop.mapreduce.lib.input.FileInputFormat.setInputPaths(FileInputFormat.java:500)
	at org.apache.hadoop.examples.QuasiMonteCarlo.estimatePi(QuasiMonteCarlo.java:274)
	at org.apache.hadoop.examples.QuasiMonteCarlo.run(QuasiMonteCarlo.java:354)
	at org.apache.hadoop.util.ToolRunner.run(ToolRunner.java:70)
	at org.apache.hadoop.examples.QuasiMonteCarlo.main(QuasiMonteCarlo.java:363)
	at sun.reflect.NativeMethodAccessorImpl.invoke0(Native Method)
	at sun.reflect.NativeMethodAccessorImpl.invoke(NativeMethodAccessorImpl.java:62)
	at sun.reflect.DelegatingMethodAccessorImpl.invoke(DelegatingMethodAccessorImpl.java:43)
	at java.lang.reflect.Method.invoke(Method.java:498)
	at org.apache.hadoop.util.ProgramDriver$ProgramDescription.invoke(ProgramDriver.java:71)
	at org.apache.hadoop.util.ProgramDriver.run(ProgramDriver.java:144)
	at org.apache.hadoop.examples.ExampleDriver.main(ExampleDriver.java:74)
	at sun.reflect.NativeMethodAccessorImpl.invoke0(Native Method)
	at sun.reflect.NativeMethodAccessorImpl.invoke(NativeMethodAccessorImpl.java:62)
	at sun.reflect.DelegatingMethodAccessorImpl.invoke(DelegatingMethodAccessorImpl.java:43)
	at java.lang.reflect.Method.invoke(Method.java:498)
	at org.apache.hadoop.util.RunJar.run(RunJar.java:226)
	at org.apache.hadoop.util.RunJar.main(RunJar.java:141)
Caused by: java.lang.ClassNotFoundException: org.apache.hadoop.hdds.conf.OzoneConfiguration
	at java.net.URLClassLoader.findClass(URLClassLoader.java:381)
	at java.lang.ClassLoader.loadClass(ClassLoader.java:424)
	at sun.misc.Launcher$AppClassLoader.loadClass(Launcher.java:349)
	at java.lang.ClassLoader.loadClass(ClassLoader.java:357)
	... 32 more</msg>
<status status="PASS" endtime="20190903 06:34:53.019" starttime="20190903 06:34:53.018"></status>
</kw>
<kw name="Should Be Equal As Integers" library="BuiltIn">
<doc>Fails if objects are unequal after converting them to integers.</doc>
<arguments>
<arg>${rc}</arg>
<arg>0</arg>
</arguments>
<msg timestamp="20190903 06:34:53.019" level="INFO">Argument types are:
&lt;type 'int'&gt;
&lt;type 'unicode'&gt;</msg>
<msg timestamp="20190903 06:34:53.020" level="FAIL">255 != 0</msg>
<status status="FAIL" endtime="20190903 06:34:53.020" starttime="20190903 06:34:53.019"></status>
</kw>
<status status="FAIL" endtime="20190903 06:34:53.020" starttime="20190903 06:34:51.613"></status>
</kw>
<timeout value="2 minutes"></timeout>
<status status="FAIL" endtime="20190903 06:34:53.020" critical="yes" starttime="20190903 06:34:51.612">255 != 0</status>
</test>
<test id="s1-t2" name="Execute WordCount">
<kw name="Generate Random String" library="String">
<doc>Generates a string with a desired ``length`` from the given ``chars``.</doc>
<arguments>
<arg>2</arg>
<arg>[NUMBERS]</arg>
</arguments>
<assign>
<var>${random}</var>
</assign>
<msg timestamp="20190903 06:34:53.022" level="INFO">${random} = 84</msg>
<status status="PASS" endtime="20190903 06:34:53.022" starttime="20190903 06:34:53.022"></status>
</kw>
<kw name="Execute" library="commonlib">
<arguments>
<arg>yarn jar ./share/hadoop/mapreduce/hadoop-mapreduce-examples-${hadoop.version}.jar wordcount o3fs://bucket1.vol1/key1 o3fs://bucket1.vol1/key1-${random}.count</arg>
</arguments>
<assign>
<var>${output}</var>
</assign>
<kw name="Run And Return Rc And Output" library="OperatingSystem">
<doc>Runs the given command in the system and returns the RC and output.</doc>
<arguments>
<arg>${command}</arg>
</arguments>
<assign>
<var>${rc}</var>
<var>${output}</var>
</assign>
<msg timestamp="20190903 06:34:53.025" level="INFO">Running command 'yarn jar ./share/hadoop/mapreduce/hadoop-mapreduce-examples-2.7.7.jar wordcount o3fs://bucket1.vol1/key1 o3fs://bucket1.vol1/key1-84.count 2&gt;&amp;1'.</msg>
<msg timestamp="20190903 06:34:54.408" level="INFO">${rc} = 255</msg>
<msg timestamp="20190903 06:34:54.409" level="INFO">${output} = java.lang.NoClassDefFoundError: org/apache/hadoop/hdds/conf/OzoneConfiguration
	at java.lang.Class.forName0(Native Method)
	at java.lang.Class.forName(Class.java:348)
	at org.apache.hadoop.conf.Config...</msg>
<status status="PASS" endtime="20190903 06:34:54.409" starttime="20190903 06:34:53.024"></status>
</kw>
<kw name="Log" library="BuiltIn">
<doc>Logs the given message with the given level.</doc>
<arguments>
<arg>${output}</arg>
</arguments>
<msg timestamp="20190903 06:34:54.410" level="INFO">java.lang.NoClassDefFoundError: org/apache/hadoop/hdds/conf/OzoneConfiguration
	at java.lang.Class.forName0(Native Method)
	at java.lang.Class.forName(Class.java:348)
	at org.apache.hadoop.conf.Configuration.getClassByNameOrNull(Configuration.java:2204)
	at org.apache.hadoop.conf.Configuration.getClassByName(Configuration.java:2169)
	at org.apache.hadoop.conf.Configuration.getClass(Configuration.java:2265)
	at org.apache.hadoop.fs.FileSystem.getFileSystemClass(FileSystem.java:2652)
	at org.apache.hadoop.fs.FileSystem.createFileSystem(FileSystem.java:2665)
	at org.apache.hadoop.fs.FileSystem.access$200(FileSystem.java:93)
	at org.apache.hadoop.fs.FileSystem$Cache.getInternal(FileSystem.java:2701)
	at org.apache.hadoop.fs.FileSystem$Cache.get(FileSystem.java:2683)
	at org.apache.hadoop.fs.FileSystem.get(FileSystem.java:372)
	at org.apache.hadoop.fs.Path.getFileSystem(Path.java:295)
	at org.apache.hadoop.mapreduce.lib.input.FileInputFormat.addInputPath(FileInputFormat.java:520)
	at org.apache.hadoop.examples.WordCount.main(WordCount.java:83)
	at sun.reflect.NativeMethodAccessorImpl.invoke0(Native Method)
	at sun.reflect.NativeMethodAccessorImpl.invoke(NativeMethodAccessorImpl.java:62)
	at sun.reflect.DelegatingMethodAccessorImpl.invoke(DelegatingMethodAccessorImpl.java:43)
	at java.lang.reflect.Method.invoke(Method.java:498)
	at org.apache.hadoop.util.ProgramDriver$ProgramDescription.invoke(ProgramDriver.java:71)
	at org.apache.hadoop.util.ProgramDriver.run(ProgramDriver.java:144)
	at org.apache.hadoop.examples.ExampleDriver.main(ExampleDriver.java:74)
	at sun.reflect.NativeMethodAccessorImpl.invoke0(Native Method)
	at sun.reflect.NativeMethodAccessorImpl.invoke(NativeMethodAccessorImpl.java:62)
	at sun.reflect.DelegatingMethodAccessorImpl.invoke(DelegatingMethodAccessorImpl.java:43)
	at java.lang.reflect.Method.invoke(Method.java:498)
	at org.apache.hadoop.util.RunJar.run(RunJar.java:226)
	at org.apache.hadoop.util.RunJar.main(RunJar.java:141)
Caused by: java.lang.ClassNotFoundException: org.apache.hadoop.hdds.conf.OzoneConfiguration
	at java.net.URLClassLoader.findClass(URLClassLoader.java:381)
	at java.lang.ClassLoader.loadClass(ClassLoader.java:424)
	at sun.misc.Launcher$AppClassLoader.loadClass(Launcher.java:349)
	at java.lang.ClassLoader.loadClass(ClassLoader.java:357)
	... 27 more</msg>
<status status="PASS" endtime="20190903 06:34:54.411" starttime="20190903 06:34:54.409"></status>
</kw>
<kw name="Should Be Equal As Integers" library="BuiltIn">
<doc>Fails if objects are unequal after converting them to integers.</doc>
<arguments>
<arg>${rc}</arg>
<arg>0</arg>
</arguments>
<msg timestamp="20190903 06:34:54.412" level="INFO">Argument types are:
&lt;type 'int'&gt;
&lt;type 'unicode'&gt;</msg>
<msg timestamp="20190903 06:34:54.412" level="FAIL">255 != 0</msg>
<status status="FAIL" endtime="20190903 06:34:54.413" starttime="20190903 06:34:54.411"></status>
</kw>
<status status="FAIL" endtime="20190903 06:34:54.413" starttime="20190903 06:34:53.022"></status>
</kw>
<timeout value="2 minutes"></timeout>
<status status="FAIL" endtime="20190903 06:34:54.414" critical="yes" starttime="20190903 06:34:53.021">255 != 0</status>
</test>
<doc>Execute MR jobs</doc>
<status status="FAIL" endtime="20190903 06:34:54.415" starttime="20190903 06:34:51.546"></status>
</suite>
<statistics>
<total>
<stat fail="2" pass="0">Critical Tests</stat>
<stat fail="2" pass="0">All Tests</stat>
</total>
<tag>
</tag>
<suite>
<stat fail="2" id="s1" name="hadoop27-mapreduce" pass="0">hadoop27-mapreduce</stat>
</suite>
</statistics>
<errors>
</errors>
</robot>
