# JRE version: OpenJDK Runtime Environment (8.0_212-b04) (build 1.8.0_212-b04)
# Java VM: OpenJDK 64-Bit Server VM (25.212-b04 mixed mode linux-amd64 compressed oops)
Heap:
 PSYoungGen      total 591872K, used 389132K [0x00000000d5580000, 0x00000000fc300000, 0x0000000100000000)
  eden space 524800K, 61% used [0x00000000d5580000,0x00000000e90547a0,0x00000000f5600000)
  from space 67072K, 99% used [0x00000000f5600000,0x00000000f972ebe0,0x00000000f9780000)
  to   space 44544K, 0% used [0x00000000f9780000,0x00000000f9780000,0x00000000fc300000)
 ParOldGen       total 1398272K, used 31403K [0x0000000080000000, 0x00000000d5580000, 0x00000000d5580000)
  object space 1398272K, 2% used [0x0000000080000000,0x0000000081eaac10,0x00000000d5580000)
 Metaspace       used 71385K, capacity 75134K, committed 75520K, reserved 1116160K
  class space    used 7965K, capacity 8591K, committed 8704K, reserved 1048576K
GC Heap History (10 events):
Event: 6.822 GC heap before
{Heap before GC invocations=4 (full 2):
 PSYoungGen      total 611840K, used 14275K [0x00000000d5580000, 0x0000000100000000, 0x0000000100000000)
  eden space 524800K, 0% used [0x00000000d5580000,0x00000000d5580000,0x00000000f5600000)
  from space 87040K, 16% used [0x00000000fab00000,0x00000000fb8f0f00,0x0000000100000000)
  to   space 87040K, 0% used [0x00000000f5600000,0x00000000f5600000,0x00000000fab00000)
 ParOldGen       total 866304K, used 18684K [0x0000000080000000, 0x00000000b4e00000, 0x00000000d5580000)
  object space 866304K, 2% used [0x0000000080000000,0x000000008123f330,0x00000000b4e00000)
 Metaspace       used 34786K, capacity 35154K, committed 35456K, reserved 1081344K
  class space    used 3973K, capacity 4101K, committed 4224K, reserved 1048576K
Event: 6.944 GC heap after
Heap after GC invocations=4 (full 2):
 PSYoungGen      total 611840K, used 0K [0x00000000d5580000, 0x0000000100000000, 0x0000000100000000)
  eden space 524800K, 0% used [0x00000000d5580000,0x00000000d5580000,0x00000000f5600000)
  from space 87040K, 0% used [0x00000000fab00000,0x00000000fab00000,0x0000000100000000)
  to   space 87040K, 0% used [0x00000000f5600000,0x00000000f5600000,0x00000000fab00000)
 ParOldGen       total 1398272K, used 22534K [0x0000000080000000, 0x00000000d5580000, 0x00000000d5580000)
  object space 1398272K, 1% used [0x0000000080000000,0x00000000816018f8,0x00000000d5580000)
 Metaspace       used 34786K, capacity 35154K, committed 35456K, reserved 1081344K
  class space    used 3973K, capacity 4101K, committed 4224K, reserved 1048576K
}
Event: 12.278 GC heap before
{Heap before GC invocations=5 (full 2):
 PSYoungGen      total 611840K, used 524800K [0x00000000d5580000, 0x0000000100000000, 0x0000000100000000)
  eden space 524800K, 100% used [0x00000000d5580000,0x00000000f5600000,0x00000000f5600000)
  from space 87040K, 0% used [0x00000000fab00000,0x00000000fab00000,0x0000000100000000)
  to   space 87040K, 0% used [0x00000000f5600000,0x00000000f5600000,0x00000000fab00000)
 ParOldGen       total 1398272K, used 22534K [0x0000000080000000, 0x00000000d5580000, 0x00000000d5580000)
  object space 1398272K, 1% used [0x0000000080000000,0x00000000816018f8,0x00000000d5580000)
 Metaspace       used 49835K, capacity 50896K, committed 51200K, reserved 1093632K
  class space    used 5872K, capacity 6084K, committed 6144K, reserved 1048576K
Event: 12.332 GC heap after
Heap after GC invocations=5 (full 2):
 PSYoungGen      total 611840K, used 22169K [0x00000000d5580000, 0x0000000100000000, 0x0000000100000000)
  eden space 524800K, 0% used [0x00000000d5580000,0x00000000d5580000,0x00000000f5600000)
  from space 87040K, 25% used [0x00000000f5600000,0x00000000f6ba6460,0x00000000fab00000)
  to   space 87040K, 0% used [0x00000000fab00000,0x00000000fab00000,0x0000000100000000)
 ParOldGen       total 1398272K, used 22542K [0x0000000080000000, 0x00000000d5580000, 0x00000000d5580000)
  object space 1398272K, 1% used [0x0000000080000000,0x00000000816038f8,0x00000000d5580000)
 Metaspace       used 49835K, capacity 50896K, committed 51200K, reserved 1093632K
  class space    used 5872K, capacity 6084K, committed 6144K, reserved 1048576K
}
Event: 15.962 GC heap before
{Heap before GC invocations=6 (full 2):
 PSYoungGen      total 611840K, used 193129K [0x00000000d5580000, 0x0000000100000000, 0x0000000100000000)
  eden space 524800K, 32% used [0x00000000d5580000,0x00000000dfc742d0,0x00000000f5600000)
  from space 87040K, 25% used [0x00000000f5600000,0x00000000f6ba6460,0x00000000fab00000)
  to   space 87040K, 0% used [0x00000000fab00000,0x00000000fab00000,0x0000000100000000)
 ParOldGen       total 1398272K, used 22542K [0x0000000080000000, 0x00000000d5580000, 0x00000000d5580000)
  object space 1398272K, 1% used [0x0000000080000000,0x00000000816038f8,0x00000000d5580000)
 Metaspace       used 57657K, capacity 59002K, committed 59096K, reserved 1101824K
  class space    used 6689K, capacity 6947K, committed 7040K, reserved 1048576K
Event: 15.999 GC heap after
Heap after GC invocations=6 (full 2):
 PSYoungGen      total 611840K, used 19219K [0x00000000d5580000, 0x0000000100000000, 0x0000000100000000)
  eden space 524800K, 0% used [0x00000000d5580000,0x00000000d5580000,0x00000000f5600000)
  from space 87040K, 22% used [0x00000000fab00000,0x00000000fbdc4ec8,0x0000000100000000)
  to   space 87040K, 0% used [0x00000000f5600000,0x00000000f5600000,0x00000000fab00000)
 ParOldGen       total 1398272K, used 22550K [0x0000000080000000, 0x00000000d5580000, 0x00000000d5580000)
  object space 1398272K, 1% used [0x0000000080000000,0x00000000816058f8,0x00000000d5580000)
 Metaspace       used 57657K, capacity 59002K, committed 59096K, reserved 1101824K
  class space    used 6689K, capacity 6947K, committed 7040K, reserved 1048576K
}
Event: 15.999 GC heap before
{Heap before GC invocations=7 (full 3):
 PSYoungGen      total 611840K, used 19219K [0x00000000d5580000, 0x0000000100000000, 0x0000000100000000)
  eden space 524800K, 0% used [0x00000000d5580000,0x00000000d5580000,0x00000000f5600000)
  from space 87040K, 22% used [0x00000000fab00000,0x00000000fbdc4ec8,0x0000000100000000)
  to   space 87040K, 0% used [0x00000000f5600000,0x00000000f5600000,0x00000000fab00000)
 ParOldGen       total 1398272K, used 22550K [0x0000000080000000, 0x00000000d5580000, 0x00000000d5580000)
  object space 1398272K, 1% used [0x0000000080000000,0x00000000816058f8,0x00000000d5580000)
 Metaspace       used 57657K, capacity 59002K, committed 59096K, reserved 1101824K
  class space    used 6689K, capacity 6947K, committed 7040K, reserved 1048576K
Event: 16.254 GC heap after
Heap after GC invocations=7 (full 3):
 PSYoungGen      total 611840K, used 0K [0x00000000d5580000, 0x0000000100000000, 0x0000000100000000)
  eden space 524800K, 0% used [0x00000000d5580000,0x00000000d5580000,0x00000000f5600000)
  from space 87040K, 0% used [0x00000000fab00000,0x00000000fab00000,0x0000000100000000)
  to   space 87040K, 0% used [0x00000000f5600000,0x00000000f5600000,0x00000000fab00000)
 ParOldGen       total 1398272K, used 31382K [0x0000000080000000, 0x00000000d5580000, 0x00000000d5580000)
  object space 1398272K, 2% used [0x0000000080000000,0x0000000081ea5ae0,0x00000000d5580000)
 Metaspace       used 57529K, capacity 58686K, committed 59096K, reserved 1101824K
  class space    used 6643K, capacity 6867K, committed 7040K, reserved 1048576K
}
Event: 29.847 GC heap before
{Heap before GC invocations=8 (full 3):
 PSYoungGen      total 611840K, used 524800K [0x00000000d5580000, 0x0000000100000000, 0x0000000100000000)
  eden space 524800K, 100% used [0x00000000d5580000,0x00000000f5600000,0x00000000f5600000)
  from space 87040K, 0% used [0x00000000fab00000,0x00000000fab00000,0x0000000100000000)
  to   space 87040K, 0% used [0x00000000f5600000,0x00000000f5600000,0x00000000fab00000)
 ParOldGen       total 1398272K, used 31382K [0x0000000080000000, 0x00000000d5580000, 0x00000000d5580000)
  object space 1398272K, 2% used [0x0000000080000000,0x0000000081ea5ae0,0x00000000d5580000)
 Metaspace       used 68112K, capacity 71588K, committed 71680K, reserved 1112064K
  class space    used 7791K, capacity 8404K, committed 8448K, reserved 1048576K
Event: 29.957 GC heap after
Heap after GC invocations=8 (full 3):
 PSYoungGen      total 591872K, used 66746K [0x00000000d5580000, 0x00000000fc300000, 0x0000000100000000)
  eden space 524800K, 0% used [0x00000000d5580000,0x00000000d5580000,0x00000000f5600000)
  from space 67072K, 99% used [0x00000000f5600000,0x00000000f972ebe0,0x00000000f9780000)
  to   space 44544K, 0% used [0x00000000f9780000,0x00000000f9780000,0x00000000fc300000)
 ParOldGen       total 1398272K, used 31403K [0x0000000080000000, 0x00000000d5580000, 0x00000000d5580000)
  object space 1398272K, 2% used [0x0000000080000000,0x0000000081eaac10,0x00000000d5580000)
 Metaspace       used 68112K, capacity 71588K, committed 71680K, reserved 1112064K
  class space    used 7791K, capacity 8404K, committed 8448K, reserved 1048576K
}

