# JRE version: OpenJDK Runtime Environment (8.0_212-b04) (build 1.8.0_212-b04)
# Java VM: OpenJDK 64-Bit Server VM (25.212-b04 mixed mode linux-amd64 compressed oops)
Heap:
 PSYoungGen      total 611840K, used 310615K [0x00000000d5580000, 0x00000000fe300000, 0x0000000100000000)
  eden space 524800K, 42% used [0x00000000d5580000,0x00000000e2fda2c0,0x00000000f5600000)
  from space 87040K, 99% used [0x00000000f5600000,0x00000000faafbca8,0x00000000fab00000)
  to   space 57344K, 0% used [0x00000000fab00000,0x00000000fab00000,0x00000000fe300000)
 ParOldGen       total 1398272K, used 29877K [0x0000000080000000, 0x00000000d5580000, 0x00000000d5580000)
  object space 1398272K, 2% used [0x0000000080000000,0x0000000081d2d730,0x00000000d5580000)
 Metaspace       used 65409K, capacity 68168K, committed 68352K, reserved 1110016K
  class space    used 7436K, capacity 7904K, committed 7936K, reserved 1048576K
GC Heap History (10 events):
Event: 5.782 GC heap before
{Heap before GC invocations=4 (full 2):
 PSYoungGen      total 611840K, used 19161K [0x00000000d5580000, 0x0000000100000000, 0x0000000100000000)
  eden space 524800K, 0% used [0x00000000d5580000,0x00000000d5580000,0x00000000f5600000)
  from space 87040K, 22% used [0x00000000fab00000,0x00000000fbdb6730,0x0000000100000000)
  to   space 87040K, 0% used [0x00000000f5600000,0x00000000f5600000,0x00000000fab00000)
 ParOldGen       total 915456K, used 13749K [0x0000000080000000, 0x00000000b7e00000, 0x00000000d5580000)
  object space 915456K, 1% used [0x0000000080000000,0x0000000080d6d4a0,0x00000000b7e00000)
 Metaspace       used 34724K, capacity 35118K, committed 35416K, reserved 1081344K
  class space    used 3973K, capacity 4091K, committed 4096K, reserved 1048576K
Event: 5.891 GC heap after
Heap after GC invocations=4 (full 2):
 PSYoungGen      total 611840K, used 0K [0x00000000d5580000, 0x0000000100000000, 0x0000000100000000)
  eden space 524800K, 0% used [0x00000000d5580000,0x00000000d5580000,0x00000000f5600000)
  from space 87040K, 0% used [0x00000000fab00000,0x00000000fab00000,0x0000000100000000)
  to   space 87040K, 0% used [0x00000000f5600000,0x00000000f5600000,0x00000000fab00000)
 ParOldGen       total 1398272K, used 23551K [0x0000000080000000, 0x00000000d5580000, 0x00000000d5580000)
  object space 1398272K, 1% used [0x0000000080000000,0x00000000816ffc20,0x00000000d5580000)
 Metaspace       used 34724K, capacity 35118K, committed 35416K, reserved 1081344K
  class space    used 3973K, capacity 4091K, committed 4096K, reserved 1048576K
}
Event: 11.598 GC heap before
{Heap before GC invocations=5 (full 2):
 PSYoungGen      total 611840K, used 524800K [0x00000000d5580000, 0x0000000100000000, 0x0000000100000000)
  eden space 524800K, 100% used [0x00000000d5580000,0x00000000f5600000,0x00000000f5600000)
  from space 87040K, 0% used [0x00000000fab00000,0x00000000fab00000,0x0000000100000000)
  to   space 87040K, 0% used [0x00000000f5600000,0x00000000f5600000,0x00000000fab00000)
 ParOldGen       total 1398272K, used 23551K [0x0000000080000000, 0x00000000d5580000, 0x00000000d5580000)
  object space 1398272K, 1% used [0x0000000080000000,0x00000000816ffc20,0x00000000d5580000)
 Metaspace       used 52631K, capacity 53870K, committed 54144K, reserved 1097728K
  class space    used 6178K, capacity 6409K, committed 6528K, reserved 1048576K
Event: 11.668 GC heap after
Heap after GC invocations=5 (full 2):
 PSYoungGen      total 611840K, used 25497K [0x00000000d5580000, 0x0000000100000000, 0x0000000100000000)
  eden space 524800K, 0% used [0x00000000d5580000,0x00000000d5580000,0x00000000f5600000)
  from space 87040K, 29% used [0x00000000f5600000,0x00000000f6ee6660,0x00000000fab00000)
  to   space 87040K, 0% used [0x00000000fab00000,0x00000000fab00000,0x0000000100000000)
 ParOldGen       total 1398272K, used 23559K [0x0000000080000000, 0x00000000d5580000, 0x00000000d5580000)
  object space 1398272K, 1% used [0x0000000080000000,0x0000000081701c20,0x00000000d5580000)
 Metaspace       used 52631K, capacity 53870K, committed 54144K, reserved 1097728K
  class space    used 6178K, capacity 6409K, committed 6528K, reserved 1048576K
}
Event: 12.664 GC heap before
{Heap before GC invocations=6 (full 2):
 PSYoungGen      total 611840K, used 139794K [0x00000000d5580000, 0x0000000100000000, 0x0000000100000000)
  eden space 524800K, 21% used [0x00000000d5580000,0x00000000dc51e280,0x00000000f5600000)
  from space 87040K, 29% used [0x00000000f5600000,0x00000000f6ee6660,0x00000000fab00000)
  to   space 87040K, 0% used [0x00000000fab00000,0x00000000fab00000,0x0000000100000000)
 ParOldGen       total 1398272K, used 23559K [0x0000000080000000, 0x00000000d5580000, 0x00000000d5580000)
  object space 1398272K, 1% used [0x0000000080000000,0x0000000081701c20,0x00000000d5580000)
 Metaspace       used 57462K, capacity 58868K, committed 59008K, reserved 1101824K
  class space    used 6658K, capacity 6948K, committed 7040K, reserved 1048576K
Event: 12.699 GC heap after
Heap after GC invocations=6 (full 2):
 PSYoungGen      total 611840K, used 17402K [0x00000000d5580000, 0x0000000100000000, 0x0000000100000000)
  eden space 524800K, 0% used [0x00000000d5580000,0x00000000d5580000,0x00000000f5600000)
  from space 87040K, 19% used [0x00000000fab00000,0x00000000fbbfe918,0x0000000100000000)
  to   space 87040K, 0% used [0x00000000f5600000,0x00000000f5600000,0x00000000fab00000)
 ParOldGen       total 1398272K, used 23567K [0x0000000080000000, 0x00000000d5580000, 0x00000000d5580000)
  object space 1398272K, 1% used [0x0000000080000000,0x0000000081703c20,0x00000000d5580000)
 Metaspace       used 57462K, capacity 58868K, committed 59008K, reserved 1101824K
  class space    used 6658K, capacity 6948K, committed 7040K, reserved 1048576K
}
Event: 12.699 GC heap before
{Heap before GC invocations=7 (full 3):
 PSYoungGen      total 611840K, used 17402K [0x00000000d5580000, 0x0000000100000000, 0x0000000100000000)
  eden space 524800K, 0% used [0x00000000d5580000,0x00000000d5580000,0x00000000f5600000)
  from space 87040K, 19% used [0x00000000fab00000,0x00000000fbbfe918,0x0000000100000000)
  to   space 87040K, 0% used [0x00000000f5600000,0x00000000f5600000,0x00000000fab00000)
 ParOldGen       total 1398272K, used 23567K [0x0000000080000000, 0x00000000d5580000, 0x00000000d5580000)
  object space 1398272K, 1% used [0x0000000080000000,0x0000000081703c20,0x00000000d5580000)
 Metaspace       used 57462K, capacity 58868K, committed 59008K, reserved 1101824K
  class space    used 6658K, capacity 6948K, committed 7040K, reserved 1048576K
Event: 12.950 GC heap after
Heap after GC invocations=7 (full 3):
 PSYoungGen      total 611840K, used 0K [0x00000000d5580000, 0x0000000100000000, 0x0000000100000000)
  eden space 524800K, 0% used [0x00000000d5580000,0x00000000d5580000,0x00000000f5600000)
  from space 87040K, 0% used [0x00000000fab00000,0x00000000fab00000,0x0000000100000000)
  to   space 87040K, 0% used [0x00000000f5600000,0x00000000f5600000,0x00000000fab00000)
 ParOldGen       total 1398272K, used 29078K [0x0000000080000000, 0x00000000d5580000, 0x00000000d5580000)
  object space 1398272K, 2% used [0x0000000080000000,0x0000000081c65a28,0x00000000d5580000)
 Metaspace       used 57426K, capacity 58782K, committed 59008K, reserved 1101824K
  class space    used 6645K, capacity 6925K, committed 7040K, reserved 1048576K
}
Event: 31.590 GC heap before
{Heap before GC invocations=8 (full 3):
 PSYoungGen      total 611840K, used 524800K [0x00000000d5580000, 0x0000000100000000, 0x0000000100000000)
  eden space 524800K, 100% used [0x00000000d5580000,0x00000000f5600000,0x00000000f5600000)
  from space 87040K, 0% used [0x00000000fab00000,0x00000000fab00000,0x0000000100000000)
  to   space 87040K, 0% used [0x00000000f5600000,0x00000000f5600000,0x00000000fab00000)
 ParOldGen       total 1398272K, used 29078K [0x0000000080000000, 0x00000000d5580000, 0x00000000d5580000)
  object space 1398272K, 2% used [0x0000000080000000,0x0000000081c65a28,0x00000000d5580000)
 Metaspace       used 64861K, capacity 67550K, committed 67840K, reserved 1110016K
  class space    used 7424K, capacity 7891K, committed 7936K, reserved 1048576K
Event: 31.808 GC heap after
Heap after GC invocations=8 (full 3):
 PSYoungGen      total 611840K, used 87023K [0x00000000d5580000, 0x00000000fe300000, 0x0000000100000000)
  eden space 524800K, 0% used [0x00000000d5580000,0x00000000d5580000,0x00000000f5600000)
  from space 87040K, 99% used [0x00000000f5600000,0x00000000faafbca8,0x00000000fab00000)
  to   space 57344K, 0% used [0x00000000fab00000,0x00000000fab00000,0x00000000fe300000)
 ParOldGen       total 1398272K, used 29877K [0x0000000080000000, 0x00000000d5580000, 0x00000000d5580000)
  object space 1398272K, 2% used [0x0000000080000000,0x0000000081d2d730,0x00000000d5580000)
 Metaspace       used 64861K, capacity 67550K, committed 67840K, reserved 1110016K
  class space    used 7424K, capacity 7891K, committed 7936K, reserved 1048576K
}

