-------------------------------------------------------------------------------
Test set: org.apache.ratis.examples.filestore.TestFileStoreWithGrpc
-------------------------------------------------------------------------------
Tests run: 1, Failures: 0, Errors: 1, Skipped: 0, Time elapsed: 100.515 s <<< FAILURE! - in org.apache.ratis.examples.filestore.TestFileStoreWithGrpc
testFileStore(org.apache.ratis.examples.filestore.TestFileStoreWithGrpc)  Time elapsed: 100.023 s  <<< ERROR!
org.junit.runners.model.TestTimedOutException: test timed out after 100 seconds

