-------------------------------------------------------------------------------
Test set: org.apache.ratis.examples.filestore.TestFileStoreWithNetty
-------------------------------------------------------------------------------
Tests run: 1, Failures: 0, Errors: 1, Skipped: 0, Time elapsed: 100.295 s <<< FAILURE! - in org.apache.ratis.examples.filestore.TestFileStoreWithNetty
testFileStore(org.apache.ratis.examples.filestore.TestFileStoreWithNetty)  Time elapsed: 100.029 s  <<< ERROR!
org.junit.runners.model.TestTimedOutException: test timed out after 100 seconds

