-------------------------------------------------------------------------------
Test set: org.apache.ratis.examples.filestore.TestFileStoreAsyncWithGrpc
-------------------------------------------------------------------------------
Tests run: 1, Failures: 0, Errors: 1, Skipped: 0, Time elapsed: 100.723 s <<< FAILURE! - in org.apache.ratis.examples.filestore.TestFileStoreAsyncWithGrpc
testFileStoreAsync(org.apache.ratis.examples.filestore.TestFileStoreAsyncWithGrpc)  Time elapsed: 100.027 s  <<< ERROR!
org.junit.runners.model.TestTimedOutException: test timed out after 100 seconds

