# JRE version: OpenJDK Runtime Environment (8.0_212-b04) (build 1.8.0_212-b04)
# Java VM: OpenJDK 64-Bit Server VM (25.212-b04 mixed mode linux-amd64 compressed oops)
Heap:
 PSYoungGen      total 611840K, used 295927K [0x00000000d5580000, 0x0000000100000000, 0x0000000100000000)
  eden space 524800K, 56% used [0x00000000d5580000,0x00000000e767df58,0x00000000f5600000)
  from space 87040K, 0% used [0x00000000fab00000,0x00000000fab00000,0x0000000100000000)
  to   space 87040K, 0% used [0x00000000f5600000,0x00000000f5600000,0x00000000fab00000)
 ParOldGen       total 1398272K, used 28314K [0x0000000080000000, 0x00000000d5580000, 0x00000000d5580000)
  object space 1398272K, 2% used [0x0000000080000000,0x0000000081ba68c0,0x00000000d5580000)
 Metaspace       used 64882K, capacity 67582K, committed 67712K, reserved 1110016K
  class space    used 7513K, capacity 8007K, committed 8064K, reserved 1048576K
GC Heap History (10 events):
Event: 4.702 GC heap before
{Heap before GC invocations=3 (full 1):
 PSYoungGen      total 611840K, used 470623K [0x00000000d5580000, 0x0000000100000000, 0x0000000100000000)
  eden space 524800K, 89% used [0x00000000d5580000,0x00000000f2117c70,0x00000000f5600000)
  from space 87040K, 0% used [0x00000000f5600000,0x00000000f5600000,0x00000000fab00000)
  to   space 87040K, 0% used [0x00000000fab00000,0x00000000fab00000,0x0000000100000000)
 ParOldGen       total 876032K, used 14227K [0x0000000080000000, 0x00000000b5780000, 0x00000000d5580000)
  object space 876032K, 1% used [0x0000000080000000,0x0000000080de4d18,0x00000000b5780000)
 Metaspace       used 34690K, capacity 35022K, committed 35416K, reserved 1081344K
  class space    used 3962K, capacity 4059K, committed 4096K, reserved 1048576K
Event: 4.737 GC heap after
Heap after GC invocations=3 (full 1):
 PSYoungGen      total 611840K, used 19332K [0x00000000d5580000, 0x0000000100000000, 0x0000000100000000)
  eden space 524800K, 0% used [0x00000000d5580000,0x00000000d5580000,0x00000000f5600000)
  from space 87040K, 22% used [0x00000000fab00000,0x00000000fbde1288,0x0000000100000000)
  to   space 87040K, 0% used [0x00000000f5600000,0x00000000f5600000,0x00000000fab00000)
 ParOldGen       total 876032K, used 14227K [0x0000000080000000, 0x00000000b5780000, 0x00000000d5580000)
  object space 876032K, 1% used [0x0000000080000000,0x0000000080de4d18,0x00000000b5780000)
 Metaspace       used 34690K, capacity 35022K, committed 35416K, reserved 1081344K
  class space    used 3962K, capacity 4059K, committed 4096K, reserved 1048576K
}
Event: 4.737 GC heap before
{Heap before GC invocations=4 (full 2):
 PSYoungGen      total 611840K, used 19332K [0x00000000d5580000, 0x0000000100000000, 0x0000000100000000)
  eden space 524800K, 0% used [0x00000000d5580000,0x00000000d5580000,0x00000000f5600000)
  from space 87040K, 22% used [0x00000000fab00000,0x00000000fbde1288,0x0000000100000000)
  to   space 87040K, 0% used [0x00000000f5600000,0x00000000f5600000,0x00000000fab00000)
 ParOldGen       total 876032K, used 14227K [0x0000000080000000, 0x00000000b5780000, 0x00000000d5580000)
  object space 876032K, 1% used [0x0000000080000000,0x0000000080de4d18,0x00000000b5780000)
 Metaspace       used 34690K, capacity 35022K, committed 35416K, reserved 1081344K
  class space    used 3962K, capacity 4059K, committed 4096K, reserved 1048576K
Event: 4.836 GC heap after
Heap after GC invocations=4 (full 2):
 PSYoungGen      total 611840K, used 0K [0x00000000d5580000, 0x0000000100000000, 0x0000000100000000)
  eden space 524800K, 0% used [0x00000000d5580000,0x00000000d5580000,0x00000000f5600000)
  from space 87040K, 0% used [0x00000000fab00000,0x00000000fab00000,0x0000000100000000)
  to   space 87040K, 0% used [0x00000000f5600000,0x00000000f5600000,0x00000000fab00000)
 ParOldGen       total 1398272K, used 23803K [0x0000000080000000, 0x00000000d5580000, 0x00000000d5580000)
  object space 1398272K, 1% used [0x0000000080000000,0x000000008173ee18,0x00000000d5580000)
 Metaspace       used 34690K, capacity 35022K, committed 35416K, reserved 1081344K
  class space    used 3962K, capacity 4059K, committed 4096K, reserved 1048576K
}
Event: 11.542 GC heap before
{Heap before GC invocations=5 (full 2):
 PSYoungGen      total 611840K, used 524800K [0x00000000d5580000, 0x0000000100000000, 0x0000000100000000)
  eden space 524800K, 100% used [0x00000000d5580000,0x00000000f5600000,0x00000000f5600000)
  from space 87040K, 0% used [0x00000000fab00000,0x00000000fab00000,0x0000000100000000)
  to   space 87040K, 0% used [0x00000000f5600000,0x00000000f5600000,0x00000000fab00000)
 ParOldGen       total 1398272K, used 23803K [0x0000000080000000, 0x00000000d5580000, 0x00000000d5580000)
  object space 1398272K, 1% used [0x0000000080000000,0x000000008173ee18,0x00000000d5580000)
 Metaspace       used 52786K, capacity 54096K, committed 54400K, reserved 1097728K
  class space    used 6194K, capacity 6442K, committed 6528K, reserved 1048576K
Event: 11.636 GC heap after
Heap after GC invocations=5 (full 2):
 PSYoungGen      total 611840K, used 26744K [0x00000000d5580000, 0x0000000100000000, 0x0000000100000000)
  eden space 524800K, 0% used [0x00000000d5580000,0x00000000d5580000,0x00000000f5600000)
  from space 87040K, 30% used [0x00000000f5600000,0x00000000f701e0a0,0x00000000fab00000)
  to   space 87040K, 0% used [0x00000000fab00000,0x00000000fab00000,0x0000000100000000)
 ParOldGen       total 1398272K, used 23811K [0x0000000080000000, 0x00000000d5580000, 0x00000000d5580000)
  object space 1398272K, 1% used [0x0000000080000000,0x0000000081740e18,0x00000000d5580000)
 Metaspace       used 52786K, capacity 54096K, committed 54400K, reserved 1097728K
  class space    used 6194K, capacity 6442K, committed 6528K, reserved 1048576K
}
Event: 12.312 GC heap before
{Heap before GC invocations=6 (full 2):
 PSYoungGen      total 611840K, used 174426K [0x00000000d5580000, 0x0000000100000000, 0x0000000100000000)
  eden space 524800K, 28% used [0x00000000d5580000,0x00000000de5b8978,0x00000000f5600000)
  from space 87040K, 30% used [0x00000000f5600000,0x00000000f701e0a0,0x00000000fab00000)
  to   space 87040K, 0% used [0x00000000fab00000,0x00000000fab00000,0x0000000100000000)
 ParOldGen       total 1398272K, used 23811K [0x0000000080000000, 0x00000000d5580000, 0x00000000d5580000)
  object space 1398272K, 1% used [0x0000000080000000,0x0000000081740e18,0x00000000d5580000)
 Metaspace       used 57465K, capacity 58866K, committed 59008K, reserved 1101824K
  class space    used 6668K, capacity 6959K, committed 7040K, reserved 1048576K
Event: 12.346 GC heap after
Heap after GC invocations=6 (full 2):
 PSYoungGen      total 611840K, used 16384K [0x00000000d5580000, 0x0000000100000000, 0x0000000100000000)
  eden space 524800K, 0% used [0x00000000d5580000,0x00000000d5580000,0x00000000f5600000)
  from space 87040K, 18% used [0x00000000fab00000,0x00000000fbb001f8,0x0000000100000000)
  to   space 87040K, 0% used [0x00000000f5600000,0x00000000f5600000,0x00000000fab00000)
 ParOldGen       total 1398272K, used 23819K [0x0000000080000000, 0x00000000d5580000, 0x00000000d5580000)
  object space 1398272K, 1% used [0x0000000080000000,0x0000000081742e18,0x00000000d5580000)
 Metaspace       used 57465K, capacity 58866K, committed 59008K, reserved 1101824K
  class space    used 6668K, capacity 6959K, committed 7040K, reserved 1048576K
}
Event: 12.346 GC heap before
{Heap before GC invocations=7 (full 3):
 PSYoungGen      total 611840K, used 16384K [0x00000000d5580000, 0x0000000100000000, 0x0000000100000000)
  eden space 524800K, 0% used [0x00000000d5580000,0x00000000d5580000,0x00000000f5600000)
  from space 87040K, 18% used [0x00000000fab00000,0x00000000fbb001f8,0x0000000100000000)
  to   space 87040K, 0% used [0x00000000f5600000,0x00000000f5600000,0x00000000fab00000)
 ParOldGen       total 1398272K, used 23819K [0x0000000080000000, 0x00000000d5580000, 0x00000000d5580000)
  object space 1398272K, 1% used [0x0000000080000000,0x0000000081742e18,0x00000000d5580000)
 Metaspace       used 57465K, capacity 58866K, committed 59008K, reserved 1101824K
  class space    used 6668K, capacity 6959K, committed 7040K, reserved 1048576K
Event: 12.605 GC heap after
Heap after GC invocations=7 (full 3):
 PSYoungGen      total 611840K, used 0K [0x00000000d5580000, 0x0000000100000000, 0x0000000100000000)
  eden space 524800K, 0% used [0x00000000d5580000,0x00000000d5580000,0x00000000f5600000)
  from space 87040K, 0% used [0x00000000fab00000,0x00000000fab00000,0x0000000100000000)
  to   space 87040K, 0% used [0x00000000f5600000,0x00000000f5600000,0x00000000fab00000)
 ParOldGen       total 1398272K, used 28314K [0x0000000080000000, 0x00000000d5580000, 0x00000000d5580000)
  object space 1398272K, 2% used [0x0000000080000000,0x0000000081ba68c0,0x00000000d5580000)
 Metaspace       used 57444K, capacity 58814K, committed 59008K, reserved 1101824K
  class space    used 6660K, capacity 6945K, committed 7040K, reserved 1048576K
}

