# JRE version: OpenJDK Runtime Environment (8.0_212-b04) (build 1.8.0_212-b04)
# Java VM: OpenJDK 64-Bit Server VM (25.212-b04 mixed mode linux-amd64 compressed oops)
Heap:
 PSYoungGen      total 611840K, used 215724K [0x00000000d5580000, 0x0000000100000000, 0x0000000100000000)
  eden space 524800K, 41% used [0x00000000d5580000,0x00000000e282b150,0x00000000f5600000)
  from space 87040K, 0% used [0x00000000fab00000,0x00000000fab00000,0x0000000100000000)
  to   space 87040K, 0% used [0x00000000f5600000,0x00000000f5600000,0x00000000fab00000)
 ParOldGen       total 1398272K, used 34098K [0x0000000080000000, 0x00000000d5580000, 0x00000000d5580000)
  object space 1398272K, 2% used [0x0000000080000000,0x000000008214cac0,0x00000000d5580000)
 Metaspace       used 63071K, capacity 65464K, committed 65664K, reserved 1107968K
  class space    used 7279K, capacity 7708K, committed 7808K, reserved 1048576K
GC Heap History (10 events):
Event: 4.279 GC heap before
{Heap before GC invocations=3 (full 1):
 PSYoungGen      total 611840K, used 434547K [0x00000000d5580000, 0x0000000100000000, 0x0000000100000000)
  eden space 524800K, 82% used [0x00000000d5580000,0x00000000efddcf48,0x00000000f5600000)
  from space 87040K, 0% used [0x00000000f5600000,0x00000000f5600000,0x00000000fab00000)
  to   space 87040K, 0% used [0x00000000fab00000,0x00000000fab00000,0x0000000100000000)
 ParOldGen       total 888320K, used 13756K [0x0000000080000000, 0x00000000b6380000, 0x00000000d5580000)
  object space 888320K, 1% used [0x0000000080000000,0x0000000080d6f0c0,0x00000000b6380000)
 Metaspace       used 34751K, capacity 35118K, committed 35416K, reserved 1081344K
  class space    used 3973K, capacity 4091K, committed 4096K, reserved 1048576K
Event: 4.310 GC heap after
Heap after GC invocations=3 (full 1):
 PSYoungGen      total 611840K, used 19258K [0x00000000d5580000, 0x0000000100000000, 0x0000000100000000)
  eden space 524800K, 0% used [0x00000000d5580000,0x00000000d5580000,0x00000000f5600000)
  from space 87040K, 22% used [0x00000000fab00000,0x00000000fbdceb40,0x0000000100000000)
  to   space 87040K, 0% used [0x00000000f5600000,0x00000000f5600000,0x00000000fab00000)
 ParOldGen       total 888320K, used 13756K [0x0000000080000000, 0x00000000b6380000, 0x00000000d5580000)
  object space 888320K, 1% used [0x0000000080000000,0x0000000080d6f0c0,0x00000000b6380000)
 Metaspace       used 34751K, capacity 35118K, committed 35416K, reserved 1081344K
  class space    used 3973K, capacity 4091K, committed 4096K, reserved 1048576K
}
Event: 4.310 GC heap before
{Heap before GC invocations=4 (full 2):
 PSYoungGen      total 611840K, used 19258K [0x00000000d5580000, 0x0000000100000000, 0x0000000100000000)
  eden space 524800K, 0% used [0x00000000d5580000,0x00000000d5580000,0x00000000f5600000)
  from space 87040K, 22% used [0x00000000fab00000,0x00000000fbdceb40,0x0000000100000000)
  to   space 87040K, 0% used [0x00000000f5600000,0x00000000f5600000,0x00000000fab00000)
 ParOldGen       total 888320K, used 13756K [0x0000000080000000, 0x00000000b6380000, 0x00000000d5580000)
  object space 888320K, 1% used [0x0000000080000000,0x0000000080d6f0c0,0x00000000b6380000)
 Metaspace       used 34751K, capacity 35118K, committed 35416K, reserved 1081344K
  class space    used 3973K, capacity 4091K, committed 4096K, reserved 1048576K
Event: 4.391 GC heap after
Heap after GC invocations=4 (full 2):
 PSYoungGen      total 611840K, used 0K [0x00000000d5580000, 0x0000000100000000, 0x0000000100000000)
  eden space 524800K, 0% used [0x00000000d5580000,0x00000000d5580000,0x00000000f5600000)
  from space 87040K, 0% used [0x00000000fab00000,0x00000000fab00000,0x0000000100000000)
  to   space 87040K, 0% used [0x00000000f5600000,0x00000000f5600000,0x00000000fab00000)
 ParOldGen       total 1398272K, used 23584K [0x0000000080000000, 0x00000000d5580000, 0x00000000d5580000)
  object space 1398272K, 1% used [0x0000000080000000,0x0000000081708330,0x00000000d5580000)
 Metaspace       used 34751K, capacity 35118K, committed 35416K, reserved 1081344K
  class space    used 3973K, capacity 4091K, committed 4096K, reserved 1048576K
}
Event: 10.027 GC heap before
{Heap before GC invocations=5 (full 2):
 PSYoungGen      total 611840K, used 524800K [0x00000000d5580000, 0x0000000100000000, 0x0000000100000000)
  eden space 524800K, 100% used [0x00000000d5580000,0x00000000f5600000,0x00000000f5600000)
  from space 87040K, 0% used [0x00000000fab00000,0x00000000fab00000,0x0000000100000000)
  to   space 87040K, 0% used [0x00000000f5600000,0x00000000f5600000,0x00000000fab00000)
 ParOldGen       total 1398272K, used 23607K [0x0000000080000000, 0x00000000d5580000, 0x00000000d5580000)
  object space 1398272K, 1% used [0x0000000080000000,0x000000008170dd50,0x00000000d5580000)
 Metaspace       used 50863K, capacity 52124K, committed 52352K, reserved 1095680K
  class space    used 6006K, capacity 6252K, committed 6272K, reserved 1048576K
Event: 10.072 GC heap after
Heap after GC invocations=5 (full 2):
 PSYoungGen      total 611840K, used 23885K [0x00000000d5580000, 0x0000000100000000, 0x0000000100000000)
  eden space 524800K, 0% used [0x00000000d5580000,0x00000000d5580000,0x00000000f5600000)
  from space 87040K, 27% used [0x00000000f5600000,0x00000000f6d53508,0x00000000fab00000)
  to   space 87040K, 0% used [0x00000000fab00000,0x00000000fab00000,0x0000000100000000)
 ParOldGen       total 1398272K, used 23615K [0x0000000080000000, 0x00000000d5580000, 0x00000000d5580000)
  object space 1398272K, 1% used [0x0000000080000000,0x000000008170fd50,0x00000000d5580000)
 Metaspace       used 50863K, capacity 52124K, committed 52352K, reserved 1095680K
  class space    used 6006K, capacity 6252K, committed 6272K, reserved 1048576K
}
Event: 11.663 GC heap before
{Heap before GC invocations=6 (full 2):
 PSYoungGen      total 611840K, used 180950K [0x00000000d5580000, 0x0000000100000000, 0x0000000100000000)
  eden space 524800K, 29% used [0x00000000d5580000,0x00000000deee2568,0x00000000f5600000)
  from space 87040K, 27% used [0x00000000f5600000,0x00000000f6d53508,0x00000000fab00000)
  to   space 87040K, 0% used [0x00000000fab00000,0x00000000fab00000,0x0000000100000000)
 ParOldGen       total 1398272K, used 23615K [0x0000000080000000, 0x00000000d5580000, 0x00000000d5580000)
  object space 1398272K, 1% used [0x0000000080000000,0x000000008170fd50,0x00000000d5580000)
 Metaspace       used 57314K, capacity 58818K, committed 59008K, reserved 1101824K
  class space    used 6630K, capacity 6925K, committed 7040K, reserved 1048576K
Event: 11.694 GC heap after
Heap after GC invocations=6 (full 2):
 PSYoungGen      total 611840K, used 22738K [0x00000000d5580000, 0x0000000100000000, 0x0000000100000000)
  eden space 524800K, 0% used [0x00000000d5580000,0x00000000d5580000,0x00000000f5600000)
  from space 87040K, 26% used [0x00000000fab00000,0x00000000fc1348d0,0x0000000100000000)
  to   space 87040K, 0% used [0x00000000f5600000,0x00000000f5600000,0x00000000fab00000)
 ParOldGen       total 1398272K, used 23623K [0x0000000080000000, 0x00000000d5580000, 0x00000000d5580000)
  object space 1398272K, 1% used [0x0000000080000000,0x0000000081711d50,0x00000000d5580000)
 Metaspace       used 57314K, capacity 58818K, committed 59008K, reserved 1101824K
  class space    used 6630K, capacity 6925K, committed 7040K, reserved 1048576K
}
Event: 11.694 GC heap before
{Heap before GC invocations=7 (full 3):
 PSYoungGen      total 611840K, used 22738K [0x00000000d5580000, 0x0000000100000000, 0x0000000100000000)
  eden space 524800K, 0% used [0x00000000d5580000,0x00000000d5580000,0x00000000f5600000)
  from space 87040K, 26% used [0x00000000fab00000,0x00000000fc1348d0,0x0000000100000000)
  to   space 87040K, 0% used [0x00000000f5600000,0x00000000f5600000,0x00000000fab00000)
 ParOldGen       total 1398272K, used 23623K [0x0000000080000000, 0x00000000d5580000, 0x00000000d5580000)
  object space 1398272K, 1% used [0x0000000080000000,0x0000000081711d50,0x00000000d5580000)
 Metaspace       used 57314K, capacity 58818K, committed 59008K, reserved 1101824K
  class space    used 6630K, capacity 6925K, committed 7040K, reserved 1048576K
Event: 11.944 GC heap after
Heap after GC invocations=7 (full 3):
 PSYoungGen      total 611840K, used 0K [0x00000000d5580000, 0x0000000100000000, 0x0000000100000000)
  eden space 524800K, 0% used [0x00000000d5580000,0x00000000d5580000,0x00000000f5600000)
  from space 87040K, 0% used [0x00000000fab00000,0x00000000fab00000,0x0000000100000000)
  to   space 87040K, 0% used [0x00000000f5600000,0x00000000f5600000,0x00000000fab00000)
 ParOldGen       total 1398272K, used 34098K [0x0000000080000000, 0x00000000d5580000, 0x00000000d5580000)
  object space 1398272K, 2% used [0x0000000080000000,0x000000008214cac0,0x00000000d5580000)
 Metaspace       used 57262K, capacity 58682K, committed 59008K, reserved 1101824K
  class space    used 6612K, capacity 6893K, committed 7040K, reserved 1048576K
}

