# JRE version: OpenJDK Runtime Environment (8.0_212-b04) (build 1.8.0_212-b04)
# Java VM: OpenJDK 64-Bit Server VM (25.212-b04 mixed mode linux-amd64 compressed oops)
Heap:
 PSYoungGen      total 611840K, used 484102K [0x00000000d5580000, 0x0000000100000000, 0x0000000100000000)
  eden space 524800K, 78% used [0x00000000d5580000,0x00000000ee98f140,0x00000000f5600000)
  from space 87040K, 80% used [0x00000000fab00000,0x00000000fefb2990,0x0000000100000000)
  to   space 87040K, 0% used [0x00000000f5600000,0x00000000f5600000,0x00000000fab00000)
 ParOldGen       total 1398272K, used 44680K [0x0000000080000000, 0x00000000d5580000, 0x00000000d5580000)
  object space 1398272K, 3% used [0x0000000080000000,0x0000000082ba23b0,0x00000000d5580000)
 Metaspace       used 68307K, capacity 71626K, committed 71808K, reserved 1112064K
  class space    used 7637K, capacity 8235K, committed 8320K, reserved 1048576K
GC Heap History (10 events):
Event: 4.516 GC heap before
{Heap before GC invocations=3 (full 1):
 PSYoungGen      total 611840K, used 434802K [0x00000000d5580000, 0x0000000100000000, 0x0000000100000000)
  eden space 524800K, 82% used [0x00000000d5580000,0x00000000efe1cb58,0x00000000f5600000)
  from space 87040K, 0% used [0x00000000f5600000,0x00000000f5600000,0x00000000fab00000)
  to   space 87040K, 0% used [0x00000000fab00000,0x00000000fab00000,0x0000000100000000)
 ParOldGen       total 862208K, used 13752K [0x0000000080000000, 0x00000000b4a00000, 0x00000000d5580000)
  object space 862208K, 1% used [0x0000000080000000,0x0000000080d6e328,0x00000000b4a00000)
 Metaspace       used 34739K, capacity 35118K, committed 35416K, reserved 1081344K
  class space    used 3970K, capacity 4091K, committed 4096K, reserved 1048576K
Event: 4.556 GC heap after
Heap after GC invocations=3 (full 1):
 PSYoungGen      total 611840K, used 19169K [0x00000000d5580000, 0x0000000100000000, 0x0000000100000000)
  eden space 524800K, 0% used [0x00000000d5580000,0x00000000d5580000,0x00000000f5600000)
  from space 87040K, 22% used [0x00000000fab00000,0x00000000fbdb87d8,0x0000000100000000)
  to   space 87040K, 0% used [0x00000000f5600000,0x00000000f5600000,0x00000000fab00000)
 ParOldGen       total 862208K, used 13752K [0x0000000080000000, 0x00000000b4a00000, 0x00000000d5580000)
  object space 862208K, 1% used [0x0000000080000000,0x0000000080d6e328,0x00000000b4a00000)
 Metaspace       used 34739K, capacity 35118K, committed 35416K, reserved 1081344K
  class space    used 3970K, capacity 4091K, committed 4096K, reserved 1048576K
}
Event: 4.556 GC heap before
{Heap before GC invocations=4 (full 2):
 PSYoungGen      total 611840K, used 19169K [0x00000000d5580000, 0x0000000100000000, 0x0000000100000000)
  eden space 524800K, 0% used [0x00000000d5580000,0x00000000d5580000,0x00000000f5600000)
  from space 87040K, 22% used [0x00000000fab00000,0x00000000fbdb87d8,0x0000000100000000)
  to   space 87040K, 0% used [0x00000000f5600000,0x00000000f5600000,0x00000000fab00000)
 ParOldGen       total 862208K, used 13752K [0x0000000080000000, 0x00000000b4a00000, 0x00000000d5580000)
  object space 862208K, 1% used [0x0000000080000000,0x0000000080d6e328,0x00000000b4a00000)
 Metaspace       used 34739K, capacity 35118K, committed 35416K, reserved 1081344K
  class space    used 3970K, capacity 4091K, committed 4096K, reserved 1048576K
Event: 4.658 GC heap after
Heap after GC invocations=4 (full 2):
 PSYoungGen      total 611840K, used 0K [0x00000000d5580000, 0x0000000100000000, 0x0000000100000000)
  eden space 524800K, 0% used [0x00000000d5580000,0x00000000d5580000,0x00000000f5600000)
  from space 87040K, 0% used [0x00000000fab00000,0x00000000fab00000,0x0000000100000000)
  to   space 87040K, 0% used [0x00000000f5600000,0x00000000f5600000,0x00000000fab00000)
 ParOldGen       total 1398272K, used 23534K [0x0000000080000000, 0x00000000d5580000, 0x00000000d5580000)
  object space 1398272K, 1% used [0x0000000080000000,0x00000000816fb928,0x00000000d5580000)
 Metaspace       used 34739K, capacity 35118K, committed 35416K, reserved 1081344K
  class space    used 3970K, capacity 4091K, committed 4096K, reserved 1048576K
}
Event: 11.919 GC heap before
{Heap before GC invocations=5 (full 2):
 PSYoungGen      total 611840K, used 523676K [0x00000000d5580000, 0x0000000100000000, 0x0000000100000000)
  eden space 524800K, 99% used [0x00000000d5580000,0x00000000f54e7398,0x00000000f5600000)
  from space 87040K, 0% used [0x00000000fab00000,0x00000000fab00000,0x0000000100000000)
  to   space 87040K, 0% used [0x00000000f5600000,0x00000000f5600000,0x00000000fab00000)
 ParOldGen       total 1398272K, used 23534K [0x0000000080000000, 0x00000000d5580000, 0x00000000d5580000)
  object space 1398272K, 1% used [0x0000000080000000,0x00000000816fb928,0x00000000d5580000)
 Metaspace       used 57415K, capacity 58864K, committed 59008K, reserved 1101824K
  class space    used 6640K, capacity 6920K, committed 7040K, reserved 1048576K
Event: 11.998 GC heap after
Heap after GC invocations=5 (full 2):
 PSYoungGen      total 611840K, used 34235K [0x00000000d5580000, 0x0000000100000000, 0x0000000100000000)
  eden space 524800K, 0% used [0x00000000d5580000,0x00000000d5580000,0x00000000f5600000)
  from space 87040K, 39% used [0x00000000f5600000,0x00000000f776eee8,0x00000000fab00000)
  to   space 87040K, 0% used [0x00000000fab00000,0x00000000fab00000,0x0000000100000000)
 ParOldGen       total 1398272K, used 23542K [0x0000000080000000, 0x00000000d5580000, 0x00000000d5580000)
  object space 1398272K, 1% used [0x0000000080000000,0x00000000816fd928,0x00000000d5580000)
 Metaspace       used 57415K, capacity 58864K, committed 59008K, reserved 1101824K
  class space    used 6640K, capacity 6920K, committed 7040K, reserved 1048576K
}
Event: 11.998 GC heap before
{Heap before GC invocations=6 (full 3):
 PSYoungGen      total 611840K, used 34235K [0x00000000d5580000, 0x0000000100000000, 0x0000000100000000)
  eden space 524800K, 0% used [0x00000000d5580000,0x00000000d5580000,0x00000000f5600000)
  from space 87040K, 39% used [0x00000000f5600000,0x00000000f776eee8,0x00000000fab00000)
  to   space 87040K, 0% used [0x00000000fab00000,0x00000000fab00000,0x0000000100000000)
 ParOldGen       total 1398272K, used 23542K [0x0000000080000000, 0x00000000d5580000, 0x00000000d5580000)
  object space 1398272K, 1% used [0x0000000080000000,0x00000000816fd928,0x00000000d5580000)
 Metaspace       used 57415K, capacity 58864K, committed 59008K, reserved 1101824K
  class space    used 6640K, capacity 6920K, committed 7040K, reserved 1048576K
Event: 12.296 GC heap after
Heap after GC invocations=6 (full 3):
 PSYoungGen      total 611840K, used 0K [0x00000000d5580000, 0x0000000100000000, 0x0000000100000000)
  eden space 524800K, 0% used [0x00000000d5580000,0x00000000d5580000,0x00000000f5600000)
  from space 87040K, 0% used [0x00000000f5600000,0x00000000f5600000,0x00000000fab00000)
  to   space 87040K, 0% used [0x00000000fab00000,0x00000000fab00000,0x0000000100000000)
 ParOldGen       total 1398272K, used 44672K [0x0000000080000000, 0x00000000d5580000, 0x00000000d5580000)
  object space 1398272K, 3% used [0x0000000080000000,0x0000000082ba03b0,0x00000000d5580000)
 Metaspace       used 57382K, capacity 58786K, committed 59008K, reserved 1101824K
  class space    used 6628K, capacity 6901K, committed 7040K, reserved 1048576K
}
Event: 64.300 GC heap before
{Heap before GC invocations=7 (full 3):
 PSYoungGen      total 611840K, used 524800K [0x00000000d5580000, 0x0000000100000000, 0x0000000100000000)
  eden space 524800K, 100% used [0x00000000d5580000,0x00000000f5600000,0x00000000f5600000)
  from space 87040K, 0% used [0x00000000f5600000,0x00000000f5600000,0x00000000fab00000)
  to   space 87040K, 0% used [0x00000000fab00000,0x00000000fab00000,0x0000000100000000)
 ParOldGen       total 1398272K, used 44672K [0x0000000080000000, 0x00000000d5580000, 0x00000000d5580000)
  object space 1398272K, 3% used [0x0000000080000000,0x0000000082ba03b0,0x00000000d5580000)
 Metaspace       used 66249K, capacity 69374K, committed 69632K, reserved 1110016K
  class space    used 7572K, capacity 8147K, committed 8192K, reserved 1048576K
Event: 64.479 GC heap after
Heap after GC invocations=7 (full 3):
 PSYoungGen      total 611840K, used 70346K [0x00000000d5580000, 0x0000000100000000, 0x0000000100000000)
  eden space 524800K, 0% used [0x00000000d5580000,0x00000000d5580000,0x00000000f5600000)
  from space 87040K, 80% used [0x00000000fab00000,0x00000000fefb2990,0x0000000100000000)
  to   space 87040K, 0% used [0x00000000f5600000,0x00000000f5600000,0x00000000fab00000)
 ParOldGen       total 1398272K, used 44680K [0x0000000080000000, 0x00000000d5580000, 0x00000000d5580000)
  object space 1398272K, 3% used [0x0000000080000000,0x0000000082ba23b0,0x00000000d5580000)
 Metaspace       used 66249K, capacity 69374K, committed 69632K, reserved 1110016K
  class space    used 7572K, capacity 8147K, committed 8192K, reserved 1048576K
}

