# JRE version: OpenJDK Runtime Environment (8.0_212-b04) (build 1.8.0_212-b04)
# Java VM: OpenJDK 64-Bit Server VM (25.212-b04 mixed mode linux-amd64 compressed oops)
Heap:
 PSYoungGen      total 611840K, used 182102K [0x00000000d5580000, 0x0000000100000000, 0x0000000100000000)
  eden space 524800K, 27% used [0x00000000d5580000,0x00000000de39fc08,0x00000000f5600000)
  from space 87040K, 42% used [0x00000000f5600000,0x00000000f79b5f78,0x00000000fab00000)
  to   space 87040K, 0% used [0x00000000fab00000,0x00000000fab00000,0x0000000100000000)
 ParOldGen       total 1251840K, used 23665K [0x0000000080000000, 0x00000000cc680000, 0x00000000d5580000)
  object space 1251840K, 1% used [0x0000000080000000,0x000000008171c770,0x00000000cc680000)
 Metaspace       used 54293K, capacity 56624K, committed 56832K, reserved 1099776K
  class space    used 6400K, capacity 6802K, committed 6912K, reserved 1048576K
GC Heap History (10 events):
Event: 5.742 GC heap before
{Heap before GC invocations=1 (full 0):
 PSYoungGen      total 611840K, used 199424K [0x00000000d5580000, 0x0000000100000000, 0x0000000100000000)
  eden space 524800K, 38% used [0x00000000d5580000,0x00000000e18403a8,0x00000000f5600000)
  from space 87040K, 0% used [0x00000000fab00000,0x00000000fab00000,0x0000000100000000)
  to   space 87040K, 0% used [0x00000000f5600000,0x00000000f5600000,0x00000000fab00000)
 ParOldGen       total 1398272K, used 0K [0x0000000080000000, 0x00000000d5580000, 0x00000000d5580000)
  object space 1398272K, 0% used [0x0000000080000000,0x0000000080000000,0x00000000d5580000)
 Metaspace       used 20835K, capacity 21106K, committed 21248K, reserved 1069056K
  class space    used 2367K, capacity 2482K, committed 2560K, reserved 1048576K
Event: 5.795 GC heap after
Heap after GC invocations=1 (full 0):
 PSYoungGen      total 611840K, used 14357K [0x00000000d5580000, 0x0000000100000000, 0x0000000100000000)
  eden space 524800K, 0% used [0x00000000d5580000,0x00000000d5580000,0x00000000f5600000)
  from space 87040K, 16% used [0x00000000f5600000,0x00000000f64056e8,0x00000000fab00000)
  to   space 87040K, 0% used [0x00000000fab00000,0x00000000fab00000,0x0000000100000000)
 ParOldGen       total 1398272K, used 80K [0x0000000080000000, 0x00000000d5580000, 0x00000000d5580000)
  object space 1398272K, 0% used [0x0000000080000000,0x0000000080014010,0x00000000d5580000)
 Metaspace       used 20835K, capacity 21106K, committed 21248K, reserved 1069056K
  class space    used 2367K, capacity 2482K, committed 2560K, reserved 1048576K
}
Event: 5.795 GC heap before
{Heap before GC invocations=2 (full 1):
 PSYoungGen      total 611840K, used 14357K [0x00000000d5580000, 0x0000000100000000, 0x0000000100000000)
  eden space 524800K, 0% used [0x00000000d5580000,0x00000000d5580000,0x00000000f5600000)
  from space 87040K, 16% used [0x00000000f5600000,0x00000000f64056e8,0x00000000fab00000)
  to   space 87040K, 0% used [0x00000000fab00000,0x00000000fab00000,0x0000000100000000)
 ParOldGen       total 1398272K, used 80K [0x0000000080000000, 0x00000000d5580000, 0x00000000d5580000)
  object space 1398272K, 0% used [0x0000000080000000,0x0000000080014010,0x00000000d5580000)
 Metaspace       used 20835K, capacity 21106K, committed 21248K, reserved 1069056K
  class space    used 2367K, capacity 2482K, committed 2560K, reserved 1048576K
Event: 5.852 GC heap after
Heap after GC invocations=2 (full 1):
 PSYoungGen      total 611840K, used 0K [0x00000000d5580000, 0x0000000100000000, 0x0000000100000000)
  eden space 524800K, 0% used [0x00000000d5580000,0x00000000d5580000,0x00000000f5600000)
  from space 87040K, 0% used [0x00000000f5600000,0x00000000f5600000,0x00000000fab00000)
  to   space 87040K, 0% used [0x00000000fab00000,0x00000000fab00000,0x0000000100000000)
 ParOldGen       total 809984K, used 13753K [0x0000000080000000, 0x00000000b1700000, 0x00000000d5580000)
  object space 809984K, 1% used [0x0000000080000000,0x0000000080d6e720,0x00000000b1700000)
 Metaspace       used 20835K, capacity 21106K, committed 21248K, reserved 1069056K
  class space    used 2367K, capacity 2482K, committed 2560K, reserved 1048576K
}
Event: 31.995 GC heap before
{Heap before GC invocations=3 (full 1):
 PSYoungGen      total 611840K, used 472783K [0x00000000d5580000, 0x0000000100000000, 0x0000000100000000)
  eden space 524800K, 90% used [0x00000000d5580000,0x00000000f2333d90,0x00000000f5600000)
  from space 87040K, 0% used [0x00000000f5600000,0x00000000f5600000,0x00000000fab00000)
  to   space 87040K, 0% used [0x00000000fab00000,0x00000000fab00000,0x0000000100000000)
 ParOldGen       total 809984K, used 13753K [0x0000000080000000, 0x00000000b1700000, 0x00000000d5580000)
  object space 809984K, 1% used [0x0000000080000000,0x0000000080d6e720,0x00000000b1700000)
 Metaspace       used 34851K, capacity 35222K, committed 35416K, reserved 1081344K
  class space    used 3963K, capacity 4059K, committed 4096K, reserved 1048576K
Event: 32.043 GC heap after
Heap after GC invocations=3 (full 1):
 PSYoungGen      total 611840K, used 19279K [0x00000000d5580000, 0x0000000100000000, 0x0000000100000000)
  eden space 524800K, 0% used [0x00000000d5580000,0x00000000d5580000,0x00000000f5600000)
  from space 87040K, 22% used [0x00000000fab00000,0x00000000fbdd3c28,0x0000000100000000)
  to   space 87040K, 0% used [0x00000000f5600000,0x00000000f5600000,0x00000000fab00000)
 ParOldGen       total 809984K, used 13753K [0x0000000080000000, 0x00000000b1700000, 0x00000000d5580000)
  object space 809984K, 1% used [0x0000000080000000,0x0000000080d6e720,0x00000000b1700000)
 Metaspace       used 34851K, capacity 35222K, committed 35416K, reserved 1081344K
  class space    used 3963K, capacity 4059K, committed 4096K, reserved 1048576K
}
Event: 32.043 GC heap before
{Heap before GC invocations=4 (full 2):
 PSYoungGen      total 611840K, used 19279K [0x00000000d5580000, 0x0000000100000000, 0x0000000100000000)
  eden space 524800K, 0% used [0x00000000d5580000,0x00000000d5580000,0x00000000f5600000)
  from space 87040K, 22% used [0x00000000fab00000,0x00000000fbdd3c28,0x0000000100000000)
  to   space 87040K, 0% used [0x00000000f5600000,0x00000000f5600000,0x00000000fab00000)
 ParOldGen       total 809984K, used 13753K [0x0000000080000000, 0x00000000b1700000, 0x00000000d5580000)
  object space 809984K, 1% used [0x0000000080000000,0x0000000080d6e720,0x00000000b1700000)
 Metaspace       used 34851K, capacity 35222K, committed 35416K, reserved 1081344K
  class space    used 3963K, capacity 4059K, committed 4096K, reserved 1048576K
Event: 32.129 GC heap after
Heap after GC invocations=4 (full 2):
 PSYoungGen      total 611840K, used 0K [0x00000000d5580000, 0x0000000100000000, 0x0000000100000000)
  eden space 524800K, 0% used [0x00000000d5580000,0x00000000d5580000,0x00000000f5600000)
  from space 87040K, 0% used [0x00000000fab00000,0x00000000fab00000,0x0000000100000000)
  to   space 87040K, 0% used [0x00000000f5600000,0x00000000f5600000,0x00000000fab00000)
 ParOldGen       total 1251840K, used 23657K [0x0000000080000000, 0x00000000cc680000, 0x00000000d5580000)
  object space 1251840K, 1% used [0x0000000080000000,0x000000008171a770,0x00000000cc680000)
 Metaspace       used 34851K, capacity 35222K, committed 35416K, reserved 1081344K
  class space    used 3963K, capacity 4059K, committed 4096K, reserved 1048576K
}
Event: 64.334 GC heap before
{Heap before GC invocations=5 (full 2):
 PSYoungGen      total 611840K, used 524800K [0x00000000d5580000, 0x0000000100000000, 0x0000000100000000)
  eden space 524800K, 100% used [0x00000000d5580000,0x00000000f5600000,0x00000000f5600000)
  from space 87040K, 0% used [0x00000000fab00000,0x00000000fab00000,0x0000000100000000)
  to   space 87040K, 0% used [0x00000000f5600000,0x00000000f5600000,0x00000000fab00000)
 ParOldGen       total 1251840K, used 23657K [0x0000000080000000, 0x00000000cc680000, 0x00000000d5580000)
  object space 1251840K, 1% used [0x0000000080000000,0x000000008171a770,0x00000000cc680000)
 Metaspace       used 53847K, capacity 56164K, committed 56320K, reserved 1099776K
  class space    used 6386K, capacity 6800K, committed 6912K, reserved 1048576K
Event: 64.388 GC heap after
Heap after GC invocations=5 (full 2):
 PSYoungGen      total 611840K, used 36567K [0x00000000d5580000, 0x0000000100000000, 0x0000000100000000)
  eden space 524800K, 0% used [0x00000000d5580000,0x00000000d5580000,0x00000000f5600000)
  from space 87040K, 42% used [0x00000000f5600000,0x00000000f79b5f78,0x00000000fab00000)
  to   space 87040K, 0% used [0x00000000fab00000,0x00000000fab00000,0x0000000100000000)
 ParOldGen       total 1251840K, used 23665K [0x0000000080000000, 0x00000000cc680000, 0x00000000d5580000)
  object space 1251840K, 1% used [0x0000000080000000,0x000000008171c770,0x00000000cc680000)
 Metaspace       used 53847K, capacity 56164K, committed 56320K, reserved 1099776K
  class space    used 6386K, capacity 6800K, committed 6912K, reserved 1048576K
}

