# JRE version: OpenJDK Runtime Environment (8.0_212-b04) (build 1.8.0_212-b04)
# Java VM: OpenJDK 64-Bit Server VM (25.212-b04 mixed mode linux-amd64 compressed oops)
Heap:
 PSYoungGen      total 611840K, used 312478K [0x00000000d5580000, 0x0000000100000000, 0x0000000100000000)
  eden space 524800K, 59% used [0x00000000d5580000,0x00000000e86a7ab0,0x00000000f5600000)
  from space 87040K, 0% used [0x00000000f5600000,0x00000000f5600000,0x00000000fab00000)
  to   space 87040K, 0% used [0x00000000fab00000,0x00000000fab00000,0x0000000100000000)
 ParOldGen       total 799744K, used 37732K [0x0000000080000000, 0x00000000b0d00000, 0x00000000d5580000)
  object space 799744K, 4% used [0x0000000080000000,0x00000000824d9220,0x00000000b0d00000)
 Metaspace       used 63181K, capacity 65184K, committed 65280K, reserved 1107968K
  class space    used 7264K, capacity 7638K, committed 7680K, reserved 1048576K
GC Heap History (10 events):
Event: 15.957 GC heap before
{Heap before GC invocations=2 (full 1):
 PSYoungGen      total 611840K, used 14251K [0x00000000d5580000, 0x0000000100000000, 0x0000000100000000)
  eden space 524800K, 0% used [0x00000000d5580000,0x00000000d5580000,0x00000000f5600000)
  from space 87040K, 16% used [0x00000000f5600000,0x00000000f63eac20,0x00000000fab00000)
  to   space 87040K, 0% used [0x00000000fab00000,0x00000000fab00000,0x0000000100000000)
 ParOldGen       total 1398272K, used 80K [0x0000000080000000, 0x00000000d5580000, 0x00000000d5580000)
  object space 1398272K, 0% used [0x0000000080000000,0x0000000080014010,0x00000000d5580000)
 Metaspace       used 20857K, capacity 21106K, committed 21248K, reserved 1069056K
  class space    used 2370K, capacity 2482K, committed 2560K, reserved 1048576K
Event: 16.024 GC heap after
Heap after GC invocations=2 (full 1):
 PSYoungGen      total 611840K, used 0K [0x00000000d5580000, 0x0000000100000000, 0x0000000100000000)
  eden space 524800K, 0% used [0x00000000d5580000,0x00000000d5580000,0x00000000f5600000)
  from space 87040K, 0% used [0x00000000f5600000,0x00000000f5600000,0x00000000fab00000)
  to   space 87040K, 0% used [0x00000000fab00000,0x00000000fab00000,0x0000000100000000)
 ParOldGen       total 539136K, used 13749K [0x0000000080000000, 0x00000000a0e80000, 0x00000000d5580000)
  object space 539136K, 2% used [0x0000000080000000,0x0000000080d6d698,0x00000000a0e80000)
 Metaspace       used 20857K, capacity 21106K, committed 21248K, reserved 1069056K
  class space    used 2370K, capacity 2482K, committed 2560K, reserved 1048576K
}
Event: 30.216 GC heap before
{Heap before GC invocations=3 (full 1):
 PSYoungGen      total 611840K, used 459747K [0x00000000d5580000, 0x0000000100000000, 0x0000000100000000)
  eden space 524800K, 87% used [0x00000000d5580000,0x00000000f1678d60,0x00000000f5600000)
  from space 87040K, 0% used [0x00000000f5600000,0x00000000f5600000,0x00000000fab00000)
  to   space 87040K, 0% used [0x00000000fab00000,0x00000000fab00000,0x0000000100000000)
 ParOldGen       total 539136K, used 13749K [0x0000000080000000, 0x00000000a0e80000, 0x00000000d5580000)
  object space 539136K, 2% used [0x0000000080000000,0x0000000080d6d698,0x00000000a0e80000)
 Metaspace       used 34821K, capacity 35190K, committed 35416K, reserved 1081344K
  class space    used 3977K, capacity 4091K, committed 4096K, reserved 1048576K
Event: 30.251 GC heap after
Heap after GC invocations=3 (full 1):
 PSYoungGen      total 611840K, used 19250K [0x00000000d5580000, 0x0000000100000000, 0x0000000100000000)
  eden space 524800K, 0% used [0x00000000d5580000,0x00000000d5580000,0x00000000f5600000)
  from space 87040K, 22% used [0x00000000fab00000,0x00000000fbdcc910,0x0000000100000000)
  to   space 87040K, 0% used [0x00000000f5600000,0x00000000f5600000,0x00000000fab00000)
 ParOldGen       total 539136K, used 13757K [0x0000000080000000, 0x00000000a0e80000, 0x00000000d5580000)
  object space 539136K, 2% used [0x0000000080000000,0x0000000080d6f698,0x00000000a0e80000)
 Metaspace       used 34821K, capacity 35190K, committed 35416K, reserved 1081344K
  class space    used 3977K, capacity 4091K, committed 4096K, reserved 1048576K
}
Event: 30.251 GC heap before
{Heap before GC invocations=4 (full 2):
 PSYoungGen      total 611840K, used 19250K [0x00000000d5580000, 0x0000000100000000, 0x0000000100000000)
  eden space 524800K, 0% used [0x00000000d5580000,0x00000000d5580000,0x00000000f5600000)
  from space 87040K, 22% used [0x00000000fab00000,0x00000000fbdcc910,0x0000000100000000)
  to   space 87040K, 0% used [0x00000000f5600000,0x00000000f5600000,0x00000000fab00000)
 ParOldGen       total 539136K, used 13757K [0x0000000080000000, 0x00000000a0e80000, 0x00000000d5580000)
  object space 539136K, 2% used [0x0000000080000000,0x0000000080d6f698,0x00000000a0e80000)
 Metaspace       used 34821K, capacity 35190K, committed 35416K, reserved 1081344K
  class space    used 3977K, capacity 4091K, committed 4096K, reserved 1048576K
Event: 30.353 GC heap after
Heap after GC invocations=4 (full 2):
 PSYoungGen      total 611840K, used 0K [0x00000000d5580000, 0x0000000100000000, 0x0000000100000000)
  eden space 524800K, 0% used [0x00000000d5580000,0x00000000d5580000,0x00000000f5600000)
  from space 87040K, 0% used [0x00000000fab00000,0x00000000fab00000,0x0000000100000000)
  to   space 87040K, 0% used [0x00000000f5600000,0x00000000f5600000,0x00000000fab00000)
 ParOldGen       total 548864K, used 23640K [0x0000000080000000, 0x00000000a1800000, 0x00000000d5580000)
  object space 548864K, 4% used [0x0000000080000000,0x0000000081716280,0x00000000a1800000)
 Metaspace       used 34821K, capacity 35190K, committed 35416K, reserved 1081344K
  class space    used 3977K, capacity 4091K, committed 4096K, reserved 1048576K
}
Event: 44.299 GC heap before
{Heap before GC invocations=5 (full 2):
 PSYoungGen      total 611840K, used 338821K [0x00000000d5580000, 0x0000000100000000, 0x0000000100000000)
  eden space 524800K, 64% used [0x00000000d5580000,0x00000000ea061470,0x00000000f5600000)
  from space 87040K, 0% used [0x00000000fab00000,0x00000000fab00000,0x0000000100000000)
  to   space 87040K, 0% used [0x00000000f5600000,0x00000000f5600000,0x00000000fab00000)
 ParOldGen       total 548864K, used 23640K [0x0000000080000000, 0x00000000a1800000, 0x00000000d5580000)
  object space 548864K, 4% used [0x0000000080000000,0x0000000081716280,0x00000000a1800000)
 Metaspace       used 57469K, capacity 58938K, committed 59008K, reserved 1101824K
  class space    used 6716K, capacity 7009K, committed 7040K, reserved 1048576K
Event: 44.345 GC heap after
Heap after GC invocations=5 (full 2):
 PSYoungGen      total 611840K, used 27268K [0x00000000d5580000, 0x0000000100000000, 0x0000000100000000)
  eden space 524800K, 0% used [0x00000000d5580000,0x00000000d5580000,0x00000000f5600000)
  from space 87040K, 31% used [0x00000000f5600000,0x00000000f70a13c8,0x00000000fab00000)
  to   space 87040K, 0% used [0x00000000fab00000,0x00000000fab00000,0x0000000100000000)
 ParOldGen       total 548864K, used 23648K [0x0000000080000000, 0x00000000a1800000, 0x00000000d5580000)
  object space 548864K, 4% used [0x0000000080000000,0x0000000081718280,0x00000000a1800000)
 Metaspace       used 57469K, capacity 58938K, committed 59008K, reserved 1101824K
  class space    used 6716K, capacity 7009K, committed 7040K, reserved 1048576K
}
Event: 44.345 GC heap before
{Heap before GC invocations=6 (full 3):
 PSYoungGen      total 611840K, used 27268K [0x00000000d5580000, 0x0000000100000000, 0x0000000100000000)
  eden space 524800K, 0% used [0x00000000d5580000,0x00000000d5580000,0x00000000f5600000)
  from space 87040K, 31% used [0x00000000f5600000,0x00000000f70a13c8,0x00000000fab00000)
  to   space 87040K, 0% used [0x00000000fab00000,0x00000000fab00000,0x0000000100000000)
 ParOldGen       total 548864K, used 23648K [0x0000000080000000, 0x00000000a1800000, 0x00000000d5580000)
  object space 548864K, 4% used [0x0000000080000000,0x0000000081718280,0x00000000a1800000)
 Metaspace       used 57469K, capacity 58938K, committed 59008K, reserved 1101824K
  class space    used 6716K, capacity 7009K, committed 7040K, reserved 1048576K
Event: 44.538 GC heap after
Heap after GC invocations=6 (full 3):
 PSYoungGen      total 611840K, used 0K [0x00000000d5580000, 0x0000000100000000, 0x0000000100000000)
  eden space 524800K, 0% used [0x00000000d5580000,0x00000000d5580000,0x00000000f5600000)
  from space 87040K, 0% used [0x00000000f5600000,0x00000000f5600000,0x00000000fab00000)
  to   space 87040K, 0% used [0x00000000fab00000,0x00000000fab00000,0x0000000100000000)
 ParOldGen       total 799744K, used 37732K [0x0000000080000000, 0x00000000b0d00000, 0x00000000d5580000)
  object space 799744K, 4% used [0x0000000080000000,0x00000000824d9220,0x00000000b0d00000)
 Metaspace       used 57463K, capacity 58924K, committed 59008K, reserved 1101824K
  class space    used 6713K, capacity 7004K, committed 7040K, reserved 1048576K
}

