# JRE version: OpenJDK Runtime Environment (8.0_212-b04) (build 1.8.0_212-b04)
# Java VM: OpenJDK 64-Bit Server VM (25.212-b04 mixed mode linux-amd64 compressed oops)
Heap:
 PSYoungGen      total 611840K, used 461290K [0x00000000d5580000, 0x0000000100000000, 0x0000000100000000)
  eden space 524800K, 87% used [0x00000000d5580000,0x00000000f17fa808,0x00000000f5600000)
  from space 87040K, 0% used [0x00000000fab00000,0x00000000fab00000,0x0000000100000000)
  to   space 87040K, 0% used [0x00000000f5600000,0x00000000f5600000,0x00000000fab00000)
 ParOldGen       total 1398272K, used 32242K [0x0000000080000000, 0x00000000d5580000, 0x00000000d5580000)
  object space 1398272K, 2% used [0x0000000080000000,0x0000000081f7c988,0x00000000d5580000)
 Metaspace       used 76261K, capacity 79710K, committed 79872K, reserved 1120256K
  class space    used 9058K, capacity 9697K, committed 9728K, reserved 1048576K
GC Heap History (10 events):
Event: 3.815 GC heap before
{Heap before GC invocations=3 (full 1):
 PSYoungGen      total 611840K, used 322795K [0x00000000d5580000, 0x0000000100000000, 0x0000000100000000)
  eden space 524800K, 61% used [0x00000000d5580000,0x00000000e90badc0,0x00000000f5600000)
  from space 87040K, 0% used [0x00000000f5600000,0x00000000f5600000,0x00000000fab00000)
  to   space 87040K, 0% used [0x00000000fab00000,0x00000000fab00000,0x0000000100000000)
 ParOldGen       total 865792K, used 13504K [0x0000000080000000, 0x00000000b4d80000, 0x00000000d5580000)
  object space 865792K, 1% used [0x0000000080000000,0x0000000080d30378,0x00000000b4d80000)
 Metaspace       used 34707K, capacity 35018K, committed 35416K, reserved 1081344K
  class space    used 4188K, capacity 4289K, committed 4352K, reserved 1048576K
Event: 3.855 GC heap after
Heap after GC invocations=3 (full 1):
 PSYoungGen      total 611840K, used 19485K [0x00000000d5580000, 0x0000000100000000, 0x0000000100000000)
  eden space 524800K, 0% used [0x00000000d5580000,0x00000000d5580000,0x00000000f5600000)
  from space 87040K, 22% used [0x00000000fab00000,0x00000000fbe074b8,0x0000000100000000)
  to   space 87040K, 0% used [0x00000000f5600000,0x00000000f5600000,0x00000000fab00000)
 ParOldGen       total 865792K, used 13512K [0x0000000080000000, 0x00000000b4d80000, 0x00000000d5580000)
  object space 865792K, 1% used [0x0000000080000000,0x0000000080d32378,0x00000000b4d80000)
 Metaspace       used 34707K, capacity 35018K, committed 35416K, reserved 1081344K
  class space    used 4188K, capacity 4289K, committed 4352K, reserved 1048576K
}
Event: 3.855 GC heap before
{Heap before GC invocations=4 (full 2):
 PSYoungGen      total 611840K, used 19485K [0x00000000d5580000, 0x0000000100000000, 0x0000000100000000)
  eden space 524800K, 0% used [0x00000000d5580000,0x00000000d5580000,0x00000000f5600000)
  from space 87040K, 22% used [0x00000000fab00000,0x00000000fbe074b8,0x0000000100000000)
  to   space 87040K, 0% used [0x00000000f5600000,0x00000000f5600000,0x00000000fab00000)
 ParOldGen       total 865792K, used 13512K [0x0000000080000000, 0x00000000b4d80000, 0x00000000d5580000)
  object space 865792K, 1% used [0x0000000080000000,0x0000000080d32378,0x00000000b4d80000)
 Metaspace       used 34707K, capacity 35018K, committed 35416K, reserved 1081344K
  class space    used 4188K, capacity 4289K, committed 4352K, reserved 1048576K
Event: 3.959 GC heap after
Heap after GC invocations=4 (full 2):
 PSYoungGen      total 611840K, used 0K [0x00000000d5580000, 0x0000000100000000, 0x0000000100000000)
  eden space 524800K, 0% used [0x00000000d5580000,0x00000000d5580000,0x00000000f5600000)
  from space 87040K, 0% used [0x00000000fab00000,0x00000000fab00000,0x0000000100000000)
  to   space 87040K, 0% used [0x00000000f5600000,0x00000000f5600000,0x00000000fab00000)
 ParOldGen       total 1398272K, used 24282K [0x0000000080000000, 0x00000000d5580000, 0x00000000d5580000)
  object space 1398272K, 1% used [0x0000000080000000,0x00000000817b69d0,0x00000000d5580000)
 Metaspace       used 34707K, capacity 35018K, committed 35416K, reserved 1081344K
  class space    used 4188K, capacity 4289K, committed 4352K, reserved 1048576K
}
Event: 7.117 GC heap before
{Heap before GC invocations=5 (full 2):
 PSYoungGen      total 611840K, used 524800K [0x00000000d5580000, 0x0000000100000000, 0x0000000100000000)
  eden space 524800K, 100% used [0x00000000d5580000,0x00000000f5600000,0x00000000f5600000)
  from space 87040K, 0% used [0x00000000fab00000,0x00000000fab00000,0x0000000100000000)
  to   space 87040K, 0% used [0x00000000f5600000,0x00000000f5600000,0x00000000fab00000)
 ParOldGen       total 1398272K, used 24282K [0x0000000080000000, 0x00000000d5580000, 0x00000000d5580000)
  object space 1398272K, 1% used [0x0000000080000000,0x00000000817b69d0,0x00000000d5580000)
 Metaspace       used 49432K, capacity 50208K, committed 50432K, reserved 1093632K
  class space    used 5879K, capacity 6084K, committed 6144K, reserved 1048576K
Event: 7.167 GC heap after
Heap after GC invocations=5 (full 2):
 PSYoungGen      total 611840K, used 21895K [0x00000000d5580000, 0x0000000100000000, 0x0000000100000000)
  eden space 524800K, 0% used [0x00000000d5580000,0x00000000d5580000,0x00000000f5600000)
  from space 87040K, 25% used [0x00000000f5600000,0x00000000f6b61e38,0x00000000fab00000)
  to   space 87040K, 0% used [0x00000000fab00000,0x00000000fab00000,0x0000000100000000)
 ParOldGen       total 1398272K, used 24290K [0x0000000080000000, 0x00000000d5580000, 0x00000000d5580000)
  object space 1398272K, 1% used [0x0000000080000000,0x00000000817b89d0,0x00000000d5580000)
 Metaspace       used 49432K, capacity 50208K, committed 50432K, reserved 1093632K
  class space    used 5879K, capacity 6084K, committed 6144K, reserved 1048576K
}
Event: 11.178 GC heap before
{Heap before GC invocations=6 (full 2):
 PSYoungGen      total 611840K, used 324622K [0x00000000d5580000, 0x0000000100000000, 0x0000000100000000)
  eden space 524800K, 57% used [0x00000000d5580000,0x00000000e7d21a08,0x00000000f5600000)
  from space 87040K, 25% used [0x00000000f5600000,0x00000000f6b61e38,0x00000000fab00000)
  to   space 87040K, 0% used [0x00000000fab00000,0x00000000fab00000,0x0000000100000000)
 ParOldGen       total 1398272K, used 24290K [0x0000000080000000, 0x00000000d5580000, 0x00000000d5580000)
  object space 1398272K, 1% used [0x0000000080000000,0x00000000817b89d0,0x00000000d5580000)
 Metaspace       used 57778K, capacity 58970K, committed 59028K, reserved 1101824K
  class space    used 6945K, capacity 7163K, committed 7168K, reserved 1048576K
Event: 11.213 GC heap after
Heap after GC invocations=6 (full 2):
 PSYoungGen      total 611840K, used 19750K [0x00000000d5580000, 0x0000000100000000, 0x0000000100000000)
  eden space 524800K, 0% used [0x00000000d5580000,0x00000000d5580000,0x00000000f5600000)
  from space 87040K, 22% used [0x00000000fab00000,0x00000000fbe49a68,0x0000000100000000)
  to   space 87040K, 0% used [0x00000000f5600000,0x00000000f5600000,0x00000000fab00000)
 ParOldGen       total 1398272K, used 24298K [0x0000000080000000, 0x00000000d5580000, 0x00000000d5580000)
  object space 1398272K, 1% used [0x0000000080000000,0x00000000817ba9d0,0x00000000d5580000)
 Metaspace       used 57778K, capacity 58970K, committed 59028K, reserved 1101824K
  class space    used 6945K, capacity 7163K, committed 7168K, reserved 1048576K
}
Event: 11.213 GC heap before
{Heap before GC invocations=7 (full 3):
 PSYoungGen      total 611840K, used 19750K [0x00000000d5580000, 0x0000000100000000, 0x0000000100000000)
  eden space 524800K, 0% used [0x00000000d5580000,0x00000000d5580000,0x00000000f5600000)
  from space 87040K, 22% used [0x00000000fab00000,0x00000000fbe49a68,0x0000000100000000)
  to   space 87040K, 0% used [0x00000000f5600000,0x00000000f5600000,0x00000000fab00000)
 ParOldGen       total 1398272K, used 24298K [0x0000000080000000, 0x00000000d5580000, 0x00000000d5580000)
  object space 1398272K, 1% used [0x0000000080000000,0x00000000817ba9d0,0x00000000d5580000)
 Metaspace       used 57778K, capacity 58970K, committed 59028K, reserved 1101824K
  class space    used 6945K, capacity 7163K, committed 7168K, reserved 1048576K
Event: 11.486 GC heap after
Heap after GC invocations=7 (full 3):
 PSYoungGen      total 611840K, used 0K [0x00000000d5580000, 0x0000000100000000, 0x0000000100000000)
  eden space 524800K, 0% used [0x00000000d5580000,0x00000000d5580000,0x00000000f5600000)
  from space 87040K, 0% used [0x00000000fab00000,0x00000000fab00000,0x0000000100000000)
  to   space 87040K, 0% used [0x00000000f5600000,0x00000000f5600000,0x00000000fab00000)
 ParOldGen       total 1398272K, used 32242K [0x0000000080000000, 0x00000000d5580000, 0x00000000d5580000)
  object space 1398272K, 2% used [0x0000000080000000,0x0000000081f7c988,0x00000000d5580000)
 Metaspace       used 57718K, capacity 58816K, committed 59028K, reserved 1101824K
  class space    used 6923K, capacity 7126K, committed 7168K, reserved 1048576K
}

