# JRE version: OpenJDK Runtime Environment (8.0_212-b04) (build 1.8.0_212-b04)
# Java VM: OpenJDK 64-Bit Server VM (25.212-b04 mixed mode linux-amd64 compressed oops)
Heap:
 PSYoungGen      total 611840K, used 206440K [0x00000000d5580000, 0x0000000100000000, 0x0000000100000000)
  eden space 524800K, 36% used [0x00000000d5580000,0x00000000e12bf9e8,0x00000000f5600000)
  from space 87040K, 14% used [0x00000000fab00000,0x00000000fb75a9d8,0x0000000100000000)
  to   space 87040K, 0% used [0x00000000f5600000,0x00000000f5600000,0x00000000fab00000)
 ParOldGen       total 1398272K, used 39649K [0x0000000080000000, 0x00000000d5580000, 0x00000000d5580000)
  object space 1398272K, 2% used [0x0000000080000000,0x00000000826b87c0,0x00000000d5580000)
 Metaspace       used 65502K, capacity 67724K, committed 67840K, reserved 1110016K
  class space    used 7223K, capacity 7620K, committed 7680K, reserved 1048576K
GC Heap History (10 events):
Event: 4.302 GC heap before
{Heap before GC invocations=3 (full 1):
 PSYoungGen      total 611840K, used 426153K [0x00000000d5580000, 0x0000000100000000, 0x0000000100000000)
  eden space 524800K, 81% used [0x00000000d5580000,0x00000000ef5aa648,0x00000000f5600000)
  from space 87040K, 0% used [0x00000000f5600000,0x00000000f5600000,0x00000000fab00000)
  to   space 87040K, 0% used [0x00000000fab00000,0x00000000fab00000,0x0000000100000000)
 ParOldGen       total 851968K, used 13604K [0x0000000080000000, 0x00000000b4000000, 0x00000000d5580000)
  object space 851968K, 1% used [0x0000000080000000,0x0000000080d49040,0x00000000b4000000)
 Metaspace       used 34818K, capacity 35182K, committed 35496K, reserved 1081344K
  class space    used 3971K, capacity 4091K, committed 4096K, reserved 1048576K
Event: 4.348 GC heap after
Heap after GC invocations=3 (full 1):
 PSYoungGen      total 611840K, used 19348K [0x00000000d5580000, 0x0000000100000000, 0x0000000100000000)
  eden space 524800K, 0% used [0x00000000d5580000,0x00000000d5580000,0x00000000f5600000)
  from space 87040K, 22% used [0x00000000fab00000,0x00000000fbde5338,0x0000000100000000)
  to   space 87040K, 0% used [0x00000000f5600000,0x00000000f5600000,0x00000000fab00000)
 ParOldGen       total 851968K, used 13604K [0x0000000080000000, 0x00000000b4000000, 0x00000000d5580000)
  object space 851968K, 1% used [0x0000000080000000,0x0000000080d49040,0x00000000b4000000)
 Metaspace       used 34818K, capacity 35182K, committed 35496K, reserved 1081344K
  class space    used 3971K, capacity 4091K, committed 4096K, reserved 1048576K
}
Event: 4.348 GC heap before
{Heap before GC invocations=4 (full 2):
 PSYoungGen      total 611840K, used 19348K [0x00000000d5580000, 0x0000000100000000, 0x0000000100000000)
  eden space 524800K, 0% used [0x00000000d5580000,0x00000000d5580000,0x00000000f5600000)
  from space 87040K, 22% used [0x00000000fab00000,0x00000000fbde5338,0x0000000100000000)
  to   space 87040K, 0% used [0x00000000f5600000,0x00000000f5600000,0x00000000fab00000)
 ParOldGen       total 851968K, used 13604K [0x0000000080000000, 0x00000000b4000000, 0x00000000d5580000)
  object space 851968K, 1% used [0x0000000080000000,0x0000000080d49040,0x00000000b4000000)
 Metaspace       used 34818K, capacity 35182K, committed 35496K, reserved 1081344K
  class space    used 3971K, capacity 4091K, committed 4096K, reserved 1048576K
Event: 4.440 GC heap after
Heap after GC invocations=4 (full 2):
 PSYoungGen      total 611840K, used 0K [0x00000000d5580000, 0x0000000100000000, 0x0000000100000000)
  eden space 524800K, 0% used [0x00000000d5580000,0x00000000d5580000,0x00000000f5600000)
  from space 87040K, 0% used [0x00000000fab00000,0x00000000fab00000,0x0000000100000000)
  to   space 87040K, 0% used [0x00000000f5600000,0x00000000f5600000,0x00000000fab00000)
 ParOldGen       total 1389568K, used 23564K [0x0000000080000000, 0x00000000d4d00000, 0x00000000d5580000)
  object space 1389568K, 1% used [0x0000000080000000,0x00000000817033d8,0x00000000d4d00000)
 Metaspace       used 34818K, capacity 35182K, committed 35496K, reserved 1081344K
  class space    used 3971K, capacity 4091K, committed 4096K, reserved 1048576K
}
Event: 21.771 GC heap before
{Heap before GC invocations=5 (full 2):
 PSYoungGen      total 611840K, used 447545K [0x00000000d5580000, 0x0000000100000000, 0x0000000100000000)
  eden space 524800K, 85% used [0x00000000d5580000,0x00000000f0a8e5a8,0x00000000f5600000)
  from space 87040K, 0% used [0x00000000fab00000,0x00000000fab00000,0x0000000100000000)
  to   space 87040K, 0% used [0x00000000f5600000,0x00000000f5600000,0x00000000fab00000)
 ParOldGen       total 1389568K, used 23564K [0x0000000080000000, 0x00000000d4d00000, 0x00000000d5580000)
  object space 1389568K, 1% used [0x0000000080000000,0x00000000817033d8,0x00000000d4d00000)
 Metaspace       used 57565K, capacity 59026K, committed 59160K, reserved 1101824K
  class space    used 6710K, capacity 7003K, committed 7040K, reserved 1048576K
Event: 21.853 GC heap after
Heap after GC invocations=5 (full 2):
 PSYoungGen      total 611840K, used 29756K [0x00000000d5580000, 0x0000000100000000, 0x0000000100000000)
  eden space 524800K, 0% used [0x00000000d5580000,0x00000000d5580000,0x00000000f5600000)
  from space 87040K, 34% used [0x00000000f5600000,0x00000000f730f340,0x00000000fab00000)
  to   space 87040K, 0% used [0x00000000fab00000,0x00000000fab00000,0x0000000100000000)
 ParOldGen       total 1389568K, used 23572K [0x0000000080000000, 0x00000000d4d00000, 0x00000000d5580000)
  object space 1389568K, 1% used [0x0000000080000000,0x00000000817053d8,0x00000000d4d00000)
 Metaspace       used 57565K, capacity 59026K, committed 59160K, reserved 1101824K
  class space    used 6710K, capacity 7003K, committed 7040K, reserved 1048576K
}
Event: 21.853 GC heap before
{Heap before GC invocations=6 (full 3):
 PSYoungGen      total 611840K, used 29756K [0x00000000d5580000, 0x0000000100000000, 0x0000000100000000)
  eden space 524800K, 0% used [0x00000000d5580000,0x00000000d5580000,0x00000000f5600000)
  from space 87040K, 34% used [0x00000000f5600000,0x00000000f730f340,0x00000000fab00000)
  to   space 87040K, 0% used [0x00000000fab00000,0x00000000fab00000,0x0000000100000000)
 ParOldGen       total 1389568K, used 23572K [0x0000000080000000, 0x00000000d4d00000, 0x00000000d5580000)
  object space 1389568K, 1% used [0x0000000080000000,0x00000000817053d8,0x00000000d4d00000)
 Metaspace       used 57565K, capacity 59026K, committed 59160K, reserved 1101824K
  class space    used 6710K, capacity 7003K, committed 7040K, reserved 1048576K
Event: 22.118 GC heap after
Heap after GC invocations=6 (full 3):
 PSYoungGen      total 611840K, used 0K [0x00000000d5580000, 0x0000000100000000, 0x0000000100000000)
  eden space 524800K, 0% used [0x00000000d5580000,0x00000000d5580000,0x00000000f5600000)
  from space 87040K, 0% used [0x00000000f5600000,0x00000000f5600000,0x00000000fab00000)
  to   space 87040K, 0% used [0x00000000fab00000,0x00000000fab00000,0x0000000100000000)
 ParOldGen       total 1398272K, used 39641K [0x0000000080000000, 0x00000000d5580000, 0x00000000d5580000)
  object space 1398272K, 2% used [0x0000000080000000,0x00000000826b67c0,0x00000000d5580000)
 Metaspace       used 57558K, capacity 59012K, committed 59160K, reserved 1101824K
  class space    used 6707K, capacity 6998K, committed 7040K, reserved 1048576K
}
Event: 53.478 GC heap before
{Heap before GC invocations=7 (full 3):
 PSYoungGen      total 611840K, used 524800K [0x00000000d5580000, 0x0000000100000000, 0x0000000100000000)
  eden space 524800K, 100% used [0x00000000d5580000,0x00000000f5600000,0x00000000f5600000)
  from space 87040K, 0% used [0x00000000f5600000,0x00000000f5600000,0x00000000fab00000)
  to   space 87040K, 0% used [0x00000000fab00000,0x00000000fab00000,0x0000000100000000)
 ParOldGen       total 1398272K, used 39641K [0x0000000080000000, 0x00000000d5580000, 0x00000000d5580000)
  object space 1398272K, 2% used [0x0000000080000000,0x00000000826b67c0,0x00000000d5580000)
 Metaspace       used 65160K, capacity 67380K, committed 67584K, reserved 1110016K
  class space    used 7215K, capacity 7606K, committed 7680K, reserved 1048576K
Event: 53.516 GC heap after
Heap after GC invocations=7 (full 3):
 PSYoungGen      total 611840K, used 12650K [0x00000000d5580000, 0x0000000100000000, 0x0000000100000000)
  eden space 524800K, 0% used [0x00000000d5580000,0x00000000d5580000,0x00000000f5600000)
  from space 87040K, 14% used [0x00000000fab00000,0x00000000fb75a9d8,0x0000000100000000)
  to   space 87040K, 0% used [0x00000000f5600000,0x00000000f5600000,0x00000000fab00000)
 ParOldGen       total 1398272K, used 39649K [0x0000000080000000, 0x00000000d5580000, 0x00000000d5580000)
  object space 1398272K, 2% used [0x0000000080000000,0x00000000826b87c0,0x00000000d5580000)
 Metaspace       used 65160K, capacity 67380K, committed 67584K, reserved 1110016K
  class space    used 7215K, capacity 7606K, committed 7680K, reserved 1048576K
}

