# JRE version: OpenJDK Runtime Environment (8.0_212-b04) (build 1.8.0_212-b04)
# Java VM: OpenJDK 64-Bit Server VM (25.212-b04 mixed mode linux-amd64 compressed oops)
Heap:
 PSYoungGen      total 611840K, used 321053K [0x00000000d5580000, 0x0000000100000000, 0x0000000100000000)
  eden space 524800K, 61% used [0x00000000d5580000,0x00000000e8f07498,0x00000000f5600000)
  from space 87040K, 0% used [0x00000000fab00000,0x00000000fab00000,0x0000000100000000)
  to   space 87040K, 0% used [0x00000000f5600000,0x00000000f5600000,0x00000000fab00000)
 ParOldGen       total 1398272K, used 30215K [0x0000000080000000, 0x00000000d5580000, 0x00000000d5580000)
  object space 1398272K, 2% used [0x0000000080000000,0x0000000081d81db8,0x00000000d5580000)
 Metaspace       used 65422K, capacity 68238K, committed 68480K, reserved 1110016K
  class space    used 7532K, capacity 8037K, committed 8064K, reserved 1048576K
GC Heap History (10 events):
Event: 9.824 GC heap before
{Heap before GC invocations=3 (full 1):
 PSYoungGen      total 611840K, used 459639K [0x00000000d5580000, 0x0000000100000000, 0x0000000100000000)
  eden space 524800K, 87% used [0x00000000d5580000,0x00000000f165dce8,0x00000000f5600000)
  from space 87040K, 0% used [0x00000000f5600000,0x00000000f5600000,0x00000000fab00000)
  to   space 87040K, 0% used [0x00000000fab00000,0x00000000fab00000,0x0000000100000000)
 ParOldGen       total 898560K, used 14292K [0x0000000080000000, 0x00000000b6d80000, 0x00000000d5580000)
  object space 898560K, 1% used [0x0000000080000000,0x0000000080df5208,0x00000000b6d80000)
 Metaspace       used 34690K, capacity 35028K, committed 35416K, reserved 1081344K
  class space    used 3966K, capacity 4060K, committed 4096K, reserved 1048576K
Event: 9.864 GC heap after
Heap after GC invocations=3 (full 1):
 PSYoungGen      total 611840K, used 18999K [0x00000000d5580000, 0x0000000100000000, 0x0000000100000000)
  eden space 524800K, 0% used [0x00000000d5580000,0x00000000d5580000,0x00000000f5600000)
  from space 87040K, 21% used [0x00000000fab00000,0x00000000fbd8dec8,0x0000000100000000)
  to   space 87040K, 0% used [0x00000000f5600000,0x00000000f5600000,0x00000000fab00000)
 ParOldGen       total 898560K, used 14292K [0x0000000080000000, 0x00000000b6d80000, 0x00000000d5580000)
  object space 898560K, 1% used [0x0000000080000000,0x0000000080df5208,0x00000000b6d80000)
 Metaspace       used 34690K, capacity 35028K, committed 35416K, reserved 1081344K
  class space    used 3966K, capacity 4060K, committed 4096K, reserved 1048576K
}
Event: 9.865 GC heap before
{Heap before GC invocations=4 (full 2):
 PSYoungGen      total 611840K, used 18999K [0x00000000d5580000, 0x0000000100000000, 0x0000000100000000)
  eden space 524800K, 0% used [0x00000000d5580000,0x00000000d5580000,0x00000000f5600000)
  from space 87040K, 21% used [0x00000000fab00000,0x00000000fbd8dec8,0x0000000100000000)
  to   space 87040K, 0% used [0x00000000f5600000,0x00000000f5600000,0x00000000fab00000)
 ParOldGen       total 898560K, used 14292K [0x0000000080000000, 0x00000000b6d80000, 0x00000000d5580000)
  object space 898560K, 1% used [0x0000000080000000,0x0000000080df5208,0x00000000b6d80000)
 Metaspace       used 34690K, capacity 35028K, committed 35416K, reserved 1081344K
  class space    used 3966K, capacity 4060K, committed 4096K, reserved 1048576K
Event: 9.992 GC heap after
Heap after GC invocations=4 (full 2):
 PSYoungGen      total 611840K, used 0K [0x00000000d5580000, 0x0000000100000000, 0x0000000100000000)
  eden space 524800K, 0% used [0x00000000d5580000,0x00000000d5580000,0x00000000f5600000)
  from space 87040K, 0% used [0x00000000fab00000,0x00000000fab00000,0x0000000100000000)
  to   space 87040K, 0% used [0x00000000f5600000,0x00000000f5600000,0x00000000fab00000)
 ParOldGen       total 1398272K, used 23589K [0x0000000080000000, 0x00000000d5580000, 0x00000000d5580000)
  object space 1398272K, 1% used [0x0000000080000000,0x0000000081709450,0x00000000d5580000)
 Metaspace       used 34690K, capacity 35028K, committed 35416K, reserved 1081344K
  class space    used 3966K, capacity 4060K, committed 4096K, reserved 1048576K
}
Event: 17.833 GC heap before
{Heap before GC invocations=5 (full 2):
 PSYoungGen      total 611840K, used 524800K [0x00000000d5580000, 0x0000000100000000, 0x0000000100000000)
  eden space 524800K, 100% used [0x00000000d5580000,0x00000000f5600000,0x00000000f5600000)
  from space 87040K, 0% used [0x00000000fab00000,0x00000000fab00000,0x0000000100000000)
  to   space 87040K, 0% used [0x00000000f5600000,0x00000000f5600000,0x00000000fab00000)
 ParOldGen       total 1398272K, used 23589K [0x0000000080000000, 0x00000000d5580000, 0x00000000d5580000)
  object space 1398272K, 1% used [0x0000000080000000,0x0000000081709450,0x00000000d5580000)
 Metaspace       used 51247K, capacity 52576K, committed 52736K, reserved 1095680K
  class space    used 6062K, capacity 6318K, committed 6400K, reserved 1048576K
Event: 17.879 GC heap after
Heap after GC invocations=5 (full 2):
 PSYoungGen      total 611840K, used 23608K [0x00000000d5580000, 0x0000000100000000, 0x0000000100000000)
  eden space 524800K, 0% used [0x00000000d5580000,0x00000000d5580000,0x00000000f5600000)
  from space 87040K, 27% used [0x00000000f5600000,0x00000000f6d0e350,0x00000000fab00000)
  to   space 87040K, 0% used [0x00000000fab00000,0x00000000fab00000,0x0000000100000000)
 ParOldGen       total 1398272K, used 23597K [0x0000000080000000, 0x00000000d5580000, 0x00000000d5580000)
  object space 1398272K, 1% used [0x0000000080000000,0x000000008170b450,0x00000000d5580000)
 Metaspace       used 51247K, capacity 52576K, committed 52736K, reserved 1095680K
  class space    used 6062K, capacity 6318K, committed 6400K, reserved 1048576K
}
Event: 18.749 GC heap before
{Heap before GC invocations=6 (full 2):
 PSYoungGen      total 611840K, used 190543K [0x00000000d5580000, 0x0000000100000000, 0x0000000100000000)
  eden space 524800K, 31% used [0x00000000d5580000,0x00000000df885900,0x00000000f5600000)
  from space 87040K, 27% used [0x00000000f5600000,0x00000000f6d0e350,0x00000000fab00000)
  to   space 87040K, 0% used [0x00000000fab00000,0x00000000fab00000,0x0000000100000000)
 ParOldGen       total 1398272K, used 23597K [0x0000000080000000, 0x00000000d5580000, 0x00000000d5580000)
  object space 1398272K, 1% used [0x0000000080000000,0x000000008170b450,0x00000000d5580000)
 Metaspace       used 57530K, capacity 58882K, committed 59008K, reserved 1101824K
  class space    used 6678K, capacity 6963K, committed 7040K, reserved 1048576K
Event: 18.770 GC heap after
Heap after GC invocations=6 (full 2):
 PSYoungGen      total 611840K, used 18713K [0x00000000d5580000, 0x0000000100000000, 0x0000000100000000)
  eden space 524800K, 0% used [0x00000000d5580000,0x00000000d5580000,0x00000000f5600000)
  from space 87040K, 21% used [0x00000000fab00000,0x00000000fbd46618,0x0000000100000000)
  to   space 87040K, 0% used [0x00000000f5600000,0x00000000f5600000,0x00000000fab00000)
 ParOldGen       total 1398272K, used 23605K [0x0000000080000000, 0x00000000d5580000, 0x00000000d5580000)
  object space 1398272K, 1% used [0x0000000080000000,0x000000008170d450,0x00000000d5580000)
 Metaspace       used 57530K, capacity 58882K, committed 59008K, reserved 1101824K
  class space    used 6678K, capacity 6963K, committed 7040K, reserved 1048576K
}
Event: 18.770 GC heap before
{Heap before GC invocations=7 (full 3):
 PSYoungGen      total 611840K, used 18713K [0x00000000d5580000, 0x0000000100000000, 0x0000000100000000)
  eden space 524800K, 0% used [0x00000000d5580000,0x00000000d5580000,0x00000000f5600000)
  from space 87040K, 21% used [0x00000000fab00000,0x00000000fbd46618,0x0000000100000000)
  to   space 87040K, 0% used [0x00000000f5600000,0x00000000f5600000,0x00000000fab00000)
 ParOldGen       total 1398272K, used 23605K [0x0000000080000000, 0x00000000d5580000, 0x00000000d5580000)
  object space 1398272K, 1% used [0x0000000080000000,0x000000008170d450,0x00000000d5580000)
 Metaspace       used 57530K, capacity 58882K, committed 59008K, reserved 1101824K
  class space    used 6678K, capacity 6963K, committed 7040K, reserved 1048576K
Event: 18.975 GC heap after
Heap after GC invocations=7 (full 3):
 PSYoungGen      total 611840K, used 0K [0x00000000d5580000, 0x0000000100000000, 0x0000000100000000)
  eden space 524800K, 0% used [0x00000000d5580000,0x00000000d5580000,0x00000000f5600000)
  from space 87040K, 0% used [0x00000000fab00000,0x00000000fab00000,0x0000000100000000)
  to   space 87040K, 0% used [0x00000000f5600000,0x00000000f5600000,0x00000000fab00000)
 ParOldGen       total 1398272K, used 30215K [0x0000000080000000, 0x00000000d5580000, 0x00000000d5580000)
  object space 1398272K, 2% used [0x0000000080000000,0x0000000081d81db8,0x00000000d5580000)
 Metaspace       used 57503K, capacity 58820K, committed 59008K, reserved 1101824K
  class space    used 6669K, capacity 6946K, committed 7040K, reserved 1048576K
}

