# JRE version: OpenJDK Runtime Environment (8.0_212-b04) (build 1.8.0_212-b04)
# Java VM: OpenJDK 64-Bit Server VM (25.212-b04 mixed mode linux-amd64 compressed oops)
Heap:
 PSYoungGen      total 410624K, used 293677K [0x00000000d5580000, 0x0000000100000000, 0x0000000100000000)
  eden space 379392K, 69% used [0x00000000d5580000,0x00000000e55d1a38,0x00000000ec800000)
  from space 31232K, 99% used [0x00000000f8d00000,0x00000000fab79d88,0x00000000fab80000)
  to   space 159744K, 0% used [0x00000000ec800000,0x00000000ec800000,0x00000000f6400000)
 ParOldGen       total 1398272K, used 977434K [0x0000000080000000, 0x00000000d5580000, 0x00000000d5580000)
  object space 1398272K, 69% used [0x0000000080000000,0x00000000bba86800,0x00000000d5580000)
 Metaspace       used 65626K, capacity 68408K, committed 68736K, reserved 1110016K
  class space    used 7453K, capacity 7950K, committed 8064K, reserved 1048576K
GC Heap History (10 events):
Event: 9.309 GC heap before
{Heap before GC invocations=5 (full 2):
 PSYoungGen      total 611840K, used 524800K [0x00000000d5580000, 0x0000000100000000, 0x0000000100000000)
  eden space 524800K, 100% used [0x00000000d5580000,0x00000000f5600000,0x00000000f5600000)
  from space 87040K, 0% used [0x00000000fab00000,0x00000000fab00000,0x0000000100000000)
  to   space 87040K, 0% used [0x00000000f5600000,0x00000000f5600000,0x00000000fab00000)
 ParOldGen       total 1398272K, used 23924K [0x0000000080000000, 0x00000000d5580000, 0x00000000d5580000)
  object space 1398272K, 1% used [0x0000000080000000,0x000000008175d260,0x00000000d5580000)
 Metaspace       used 44793K, capacity 45606K, committed 45824K, reserved 1089536K
  class space    used 5177K, capacity 5363K, committed 5376K, reserved 1048576K
Event: 9.364 GC heap after
Heap after GC invocations=5 (full 2):
 PSYoungGen      total 611840K, used 17081K [0x00000000d5580000, 0x0000000100000000, 0x0000000100000000)
  eden space 524800K, 0% used [0x00000000d5580000,0x00000000d5580000,0x00000000f5600000)
  from space 87040K, 19% used [0x00000000f5600000,0x00000000f66ae728,0x00000000fab00000)
  to   space 87040K, 0% used [0x00000000fab00000,0x00000000fab00000,0x0000000100000000)
 ParOldGen       total 1398272K, used 23932K [0x0000000080000000, 0x00000000d5580000, 0x00000000d5580000)
  object space 1398272K, 1% used [0x0000000080000000,0x000000008175f260,0x00000000d5580000)
 Metaspace       used 44793K, capacity 45606K, committed 45824K, reserved 1089536K
  class space    used 5177K, capacity 5363K, committed 5376K, reserved 1048576K
}
Event: 11.974 GC heap before
{Heap before GC invocations=6 (full 2):
 PSYoungGen      total 611840K, used 314338K [0x00000000d5580000, 0x0000000100000000, 0x0000000100000000)
  eden space 524800K, 56% used [0x00000000d5580000,0x00000000e77ca1f0,0x00000000f5600000)
  from space 87040K, 19% used [0x00000000f5600000,0x00000000f66ae728,0x00000000fab00000)
  to   space 87040K, 0% used [0x00000000fab00000,0x00000000fab00000,0x0000000100000000)
 ParOldGen       total 1398272K, used 23932K [0x0000000080000000, 0x00000000d5580000, 0x00000000d5580000)
  object space 1398272K, 1% used [0x0000000080000000,0x000000008175f260,0x00000000d5580000)
 Metaspace       used 57501K, capacity 58872K, committed 59028K, reserved 1101824K
  class space    used 6629K, capacity 6912K, committed 6912K, reserved 1048576K
Event: 12.019 GC heap after
Heap after GC invocations=6 (full 2):
 PSYoungGen      total 611840K, used 30132K [0x00000000d5580000, 0x0000000100000000, 0x0000000100000000)
  eden space 524800K, 0% used [0x00000000d5580000,0x00000000d5580000,0x00000000f5600000)
  from space 87040K, 34% used [0x00000000fab00000,0x00000000fc86d058,0x0000000100000000)
  to   space 87040K, 0% used [0x00000000f5600000,0x00000000f5600000,0x00000000fab00000)
 ParOldGen       total 1398272K, used 23940K [0x0000000080000000, 0x00000000d5580000, 0x00000000d5580000)
  object space 1398272K, 1% used [0x0000000080000000,0x0000000081761260,0x00000000d5580000)
 Metaspace       used 57501K, capacity 58872K, committed 59028K, reserved 1101824K
  class space    used 6629K, capacity 6912K, committed 6912K, reserved 1048576K
}
Event: 12.019 GC heap before
{Heap before GC invocations=7 (full 3):
 PSYoungGen      total 611840K, used 30132K [0x00000000d5580000, 0x0000000100000000, 0x0000000100000000)
  eden space 524800K, 0% used [0x00000000d5580000,0x00000000d5580000,0x00000000f5600000)
  from space 87040K, 34% used [0x00000000fab00000,0x00000000fc86d058,0x0000000100000000)
  to   space 87040K, 0% used [0x00000000f5600000,0x00000000f5600000,0x00000000fab00000)
 ParOldGen       total 1398272K, used 23940K [0x0000000080000000, 0x00000000d5580000, 0x00000000d5580000)
  object space 1398272K, 1% used [0x0000000080000000,0x0000000081761260,0x00000000d5580000)
 Metaspace       used 57501K, capacity 58872K, committed 59028K, reserved 1101824K
  class space    used 6629K, capacity 6912K, committed 6912K, reserved 1048576K
Event: 12.323 GC heap after
Heap after GC invocations=7 (full 3):
 PSYoungGen      total 611840K, used 0K [0x00000000d5580000, 0x0000000100000000, 0x0000000100000000)
  eden space 524800K, 0% used [0x00000000d5580000,0x00000000d5580000,0x00000000f5600000)
  from space 87040K, 0% used [0x00000000fab00000,0x00000000fab00000,0x0000000100000000)
  to   space 87040K, 0% used [0x00000000f5600000,0x00000000f5600000,0x00000000fab00000)
 ParOldGen       total 1398272K, used 41365K [0x0000000080000000, 0x00000000d5580000, 0x00000000d5580000)
  object space 1398272K, 2% used [0x0000000080000000,0x00000000828655e8,0x00000000d5580000)
 Metaspace       used 57480K, capacity 58818K, committed 59028K, reserved 1101824K
  class space    used 6621K, capacity 6899K, committed 6912K, reserved 1048576K
}
Event: 18.479 GC heap before
{Heap before GC invocations=8 (full 3):
 PSYoungGen      total 611840K, used 345274K [0x00000000d5580000, 0x0000000100000000, 0x0000000100000000)
  eden space 524800K, 65% used [0x00000000d5580000,0x00000000ea6aeb80,0x00000000f5600000)
  from space 87040K, 0% used [0x00000000fab00000,0x00000000fab00000,0x0000000100000000)
  to   space 87040K, 0% used [0x00000000f5600000,0x00000000f5600000,0x00000000fab00000)
 ParOldGen       total 1398272K, used 41365K [0x0000000080000000, 0x00000000d5580000, 0x00000000d5580000)
  object space 1398272K, 2% used [0x0000000080000000,0x00000000828655e8,0x00000000d5580000)
 Metaspace       used 59983K, capacity 62050K, committed 62208K, reserved 1103872K
  class space    used 6967K, capacity 7341K, committed 7424K, reserved 1048576K
Event: 18.698 GC heap after
Heap after GC invocations=8 (full 3):
 PSYoungGen      total 534016K, used 9155K [0x00000000d5580000, 0x00000000fab80000, 0x0000000100000000)
  eden space 524800K, 0% used [0x00000000d5580000,0x00000000d5580000,0x00000000f5600000)
  from space 9216K, 99% used [0x00000000f5600000,0x00000000f5ef0e70,0x00000000f5f00000)
  to   space 31232K, 0% used [0x00000000f8d00000,0x00000000f8d00000,0x00000000fab80000)
 ParOldGen       total 1398272K, used 450965K [0x0000000080000000, 0x00000000d5580000, 0x00000000d5580000)
  object space 1398272K, 32% used [0x0000000080000000,0x000000009b865608,0x00000000d5580000)
 Metaspace       used 59983K, capacity 62050K, committed 62208K, reserved 1103872K
  class space    used 6967K, capacity 7341K, committed 7424K, reserved 1048576K
}
Event: 23.697 GC heap before
{Heap before GC invocations=9 (full 3):
 PSYoungGen      total 534016K, used 533955K [0x00000000d5580000, 0x00000000fab80000, 0x0000000100000000)
  eden space 524800K, 100% used [0x00000000d5580000,0x00000000f5600000,0x00000000f5600000)
  from space 9216K, 99% used [0x00000000f5600000,0x00000000f5ef0e70,0x00000000f5f00000)
  to   space 31232K, 0% used [0x00000000f8d00000,0x00000000f8d00000,0x00000000fab80000)
 ParOldGen       total 1398272K, used 758165K [0x0000000080000000, 0x00000000d5580000, 0x00000000d5580000)
  object space 1398272K, 54% used [0x0000000080000000,0x00000000ae465618,0x00000000d5580000)
 Metaspace       used 64789K, capacity 67434K, committed 67712K, reserved 1110016K
  class space    used 7446K, capacity 7937K, committed 8064K, reserved 1048576K
Event: 23.896 GC heap after
Heap after GC invocations=9 (full 3):
 PSYoungGen      total 410624K, used 31207K [0x00000000d5580000, 0x0000000100000000, 0x0000000100000000)
  eden space 379392K, 0% used [0x00000000d5580000,0x00000000d5580000,0x00000000ec800000)
  from space 31232K, 99% used [0x00000000f8d00000,0x00000000fab79d88,0x00000000fab80000)
  to   space 159744K, 0% used [0x00000000ec800000,0x00000000ec800000,0x00000000f6400000)
 ParOldGen       total 1398272K, used 977434K [0x0000000080000000, 0x00000000d5580000, 0x00000000d5580000)
  object space 1398272K, 69% used [0x0000000080000000,0x00000000bba86800,0x00000000d5580000)
 Metaspace       used 64789K, capacity 67434K, committed 67712K, reserved 1110016K
  class space    used 7446K, capacity 7937K, committed 8064K, reserved 1048576K
}

