-------------------------------------------------------------------------------
Test set: org.apache.ratis.grpc.TestRaftWithGrpc
-------------------------------------------------------------------------------
Tests run: 8, Failures: 0, Errors: 1, Skipped: 0, Time elapsed: 175.616 s <<< FAILURE! - in org.apache.ratis.grpc.TestRaftWithGrpc
testWithLoad(org.apache.ratis.grpc.TestRaftWithGrpc)  Time elapsed: 100.018 s  <<< ERROR!
org.junit.runners.model.TestTimedOutException: test timed out after 100 seconds
	at org.apache.ratis.grpc.TestRaftWithGrpc.testWithLoad(TestRaftWithGrpc.java:53)

