-------------------------------------------------------------------------------
Test set: org.apache.ratis.netty.TestLogAppenderWithNetty
-------------------------------------------------------------------------------
Tests run: 3, Failures: 0, Errors: 1, Skipped: 0, Time elapsed: 204.331 s <<< FAILURE! - in org.apache.ratis.netty.TestLogAppenderWithNetty
testSingleElementBuffer(org.apache.ratis.netty.TestLogAppenderWithNetty)  Time elapsed: 100.025 s  <<< ERROR!
org.junit.runners.model.TestTimedOutException: test timed out after 100 seconds

