-------------------------------------------------------------------------------
Test set: org.apache.ratis.server.simulation.TestLogAppenderWithSimulatedRpc
-------------------------------------------------------------------------------
Tests run: 3, Failures: 0, Errors: 1, Skipped: 0, Time elapsed: 176.899 s <<< FAILURE! - in org.apache.ratis.server.simulation.TestLogAppenderWithSimulatedRpc
testUnlimitedElementBuffer(org.apache.ratis.server.simulation.TestLogAppenderWithSimulatedRpc)  Time elapsed: 100.03 s  <<< ERROR!
org.junit.runners.model.TestTimedOutException: test timed out after 100 seconds

