-------------------------------------------------------------------------------
Test set: org.apache.ratis.netty.TestRaftReconfigurationWithNetty
-------------------------------------------------------------------------------
Tests run: 12, Failures: 1, Errors: 0, Skipped: 0, Time elapsed: 250.927 s <<< FAILURE! - in org.apache.ratis.netty.TestRaftReconfigurationWithNetty
testLeaderStepDown(org.apache.ratis.netty.TestRaftReconfigurationWithNetty)  Time elapsed: 55.682 s  <<< FAILURE!
java.lang.AssertionError

