-------------------------------------------------------------------------------
Test set: org.apache.ratis.grpc.TestLogAppenderWithGrpc
-------------------------------------------------------------------------------
Tests run: 3, Failures: 0, Errors: 1, Skipped: 0, Time elapsed: 141.716 s <<< FAILURE! - in org.apache.ratis.grpc.TestLogAppenderWithGrpc
testUnlimitedElementBuffer(org.apache.ratis.grpc.TestLogAppenderWithGrpc)  Time elapsed: 100.031 s  <<< ERROR!
org.junit.runners.model.TestTimedOutException: test timed out after 100 seconds

