-------------------------------------------------------------------------------
Test set: org.apache.ratis.server.raftlog.TestRaftLogMetrics
-------------------------------------------------------------------------------
Tests run: 1, Failures: 1, Errors: 0, Skipped: 0, Time elapsed: 1.847 s <<< FAILURE! - in org.apache.ratis.server.raftlog.TestRaftLogMetrics
testFlushMetric(org.apache.ratis.server.raftlog.TestRaftLogMetrics)  Time elapsed: 1.653 s  <<< FAILURE!
java.lang.AssertionError: expected:<5> but was:<4>
	at org.apache.ratis.server.raftlog.TestRaftLogMetrics.assertFlushCount(TestRaftLogMetrics.java:110)
	at org.apache.ratis.server.raftlog.TestRaftLogMetrics.runTestFlushMetric(TestRaftLogMetrics.java:93)
	at org.apache.ratis.server.raftlog.TestRaftLogMetrics.testFlushMetric(TestRaftLogMetrics.java:78)

