-------------------------------------------------------------------------------
Test set: org.apache.hadoop.hdds.scm.pipeline.TestPipelinePlacementPolicy
-------------------------------------------------------------------------------
Tests run: 3, Failures: 1, Errors: 0, Skipped: 0, Time elapsed: 0.584 s <<< FAILURE! - in org.apache.hadoop.hdds.scm.pipeline.TestPipelinePlacementPolicy
testHeavyNodeShouldBeExcluded(org.apache.hadoop.hdds.scm.pipeline.TestPipelinePlacementPolicy)  Time elapsed: 0.045 s  <<< FAILURE!
java.lang.AssertionError: expected null, but was:<[163ef7c7-737a-4d76-9080-4300888bb459{ip: 96.150.10.218, host: localhost-96.150.10.218, networkLocation: /default-rack, certSerialId: null}, a29848ef-7506-40f2-b980-bfebe8cb7717{ip: 218.192.158.108, host: localhost-218.192.158.108, networkLocation: /default-rack, certSerialId: null}, f52d326d-0ec0-48e3-bd7c-696a5165f79f{ip: 82.230.149.124, host: localhost-82.230.149.124, networkLocation: /default-rack, certSerialId: null}, 0d186fa4-17ba-4ef3-9e4d-1bdc69e05825{ip: 15.89.220.188, host: localhost-15.89.220.188, networkLocation: /default-rack, certSerialId: null}]>
	at org.junit.Assert.fail(Assert.java:88)
	at org.junit.Assert.failNotNull(Assert.java:664)
	at org.junit.Assert.assertNull(Assert.java:646)
	at org.junit.Assert.assertNull(Assert.java:656)
	at org.apache.hadoop.hdds.scm.pipeline.TestPipelinePlacementPolicy.testHeavyNodeShouldBeExcluded(TestPipelinePlacementPolicy.java:155)
	at sun.reflect.NativeMethodAccessorImpl.invoke0(Native Method)
	at sun.reflect.NativeMethodAccessorImpl.invoke(NativeMethodAccessorImpl.java:62)
	at sun.reflect.DelegatingMethodAccessorImpl.invoke(DelegatingMethodAccessorImpl.java:43)
	at java.lang.reflect.Method.invoke(Method.java:498)
	at org.junit.runners.model.FrameworkMethod$1.runReflectiveCall(FrameworkMethod.java:47)
	at org.junit.internal.runners.model.ReflectiveCallable.run(ReflectiveCallable.java:12)
	at org.junit.runners.model.FrameworkMethod.invokeExplosively(FrameworkMethod.java:44)
	at org.junit.internal.runners.statements.InvokeMethod.evaluate(InvokeMethod.java:17)
	at org.junit.internal.runners.statements.RunBefores.evaluate(RunBefores.java:26)
	at org.junit.runners.ParentRunner.runLeaf(ParentRunner.java:271)
	at org.junit.runners.BlockJUnit4ClassRunner.runChild(BlockJUnit4ClassRunner.java:70)
	at org.junit.runners.BlockJUnit4ClassRunner.runChild(BlockJUnit4ClassRunner.java:50)
	at org.junit.runners.ParentRunner$3.run(ParentRunner.java:238)
	at org.junit.runners.ParentRunner$1.schedule(ParentRunner.java:63)
	at org.junit.runners.ParentRunner.runChildren(ParentRunner.java:236)
	at org.junit.runners.ParentRunner.access$000(ParentRunner.java:53)
	at org.junit.runners.ParentRunner$2.evaluate(ParentRunner.java:229)
	at org.junit.runners.ParentRunner.run(ParentRunner.java:309)
	at org.apache.maven.surefire.junit4.JUnit4Provider.execute(JUnit4Provider.java:365)
	at org.apache.maven.surefire.junit4.JUnit4Provider.executeWithRerun(JUnit4Provider.java:273)
	at org.apache.maven.surefire.junit4.JUnit4Provider.executeTestSet(JUnit4Provider.java:238)
	at org.apache.maven.surefire.junit4.JUnit4Provider.invoke(JUnit4Provider.java:159)
	at org.apache.maven.surefire.booter.ForkedBooter.invokeProviderInSameClassLoader(ForkedBooter.java:384)
	at org.apache.maven.surefire.booter.ForkedBooter.runSuitesInProcess(ForkedBooter.java:345)
	at org.apache.maven.surefire.booter.ForkedBooter.execute(ForkedBooter.java:126)
	at org.apache.maven.surefire.booter.ForkedBooter.main(ForkedBooter.java:418)

