# JRE version: OpenJDK Runtime Environment (8.0_212-b04) (build 1.8.0_212-b04)
# Java VM: OpenJDK 64-Bit Server VM (25.212-b04 mixed mode linux-amd64 compressed oops)
Heap:
 PSYoungGen      total 611840K, used 196771K [0x00000000d5580000, 0x0000000100000000, 0x0000000100000000)
  eden space 524800K, 37% used [0x00000000d5580000,0x00000000e15a8c50,0x00000000f5600000)
  from space 87040K, 0% used [0x00000000f5600000,0x00000000f5600000,0x00000000fab00000)
  to   space 87040K, 0% used [0x00000000fab00000,0x00000000fab00000,0x0000000100000000)
 ParOldGen       total 1398272K, used 39549K [0x0000000080000000, 0x00000000d5580000, 0x00000000d5580000)
  object space 1398272K, 2% used [0x0000000080000000,0x000000008269f490,0x00000000d5580000)
 Metaspace       used 64147K, capacity 67898K, committed 67968K, reserved 1110016K
  class space    used 7582K, capacity 8265K, committed 8320K, reserved 1048576K
GC Heap History (10 events):
Event: 4.198 GC heap before
{Heap before GC invocations=2 (full 1):
 PSYoungGen      total 611840K, used 14400K [0x00000000d5580000, 0x0000000100000000, 0x0000000100000000)
  eden space 524800K, 0% used [0x00000000d5580000,0x00000000d5580000,0x00000000f5600000)
  from space 87040K, 16% used [0x00000000f5600000,0x00000000f6410130,0x00000000fab00000)
  to   space 87040K, 0% used [0x00000000fab00000,0x00000000fab00000,0x0000000100000000)
 ParOldGen       total 1398272K, used 80K [0x0000000080000000, 0x00000000d5580000, 0x00000000d5580000)
  object space 1398272K, 0% used [0x0000000080000000,0x0000000080014010,0x00000000d5580000)
 Metaspace       used 20880K, capacity 21106K, committed 21248K, reserved 1069056K
  class space    used 2380K, capacity 2482K, committed 2560K, reserved 1048576K
Event: 4.290 GC heap after
Heap after GC invocations=2 (full 1):
 PSYoungGen      total 611840K, used 0K [0x00000000d5580000, 0x0000000100000000, 0x0000000100000000)
  eden space 524800K, 0% used [0x00000000d5580000,0x00000000d5580000,0x00000000f5600000)
  from space 87040K, 0% used [0x00000000f5600000,0x00000000f5600000,0x00000000fab00000)
  to   space 87040K, 0% used [0x00000000fab00000,0x00000000fab00000,0x0000000100000000)
 ParOldGen       total 882176K, used 13868K [0x0000000080000000, 0x00000000b5d80000, 0x00000000d5580000)
  object space 882176K, 1% used [0x0000000080000000,0x0000000080d8b3c0,0x00000000b5d80000)
 Metaspace       used 20880K, capacity 21106K, committed 21248K, reserved 1069056K
  class space    used 2380K, capacity 2482K, committed 2560K, reserved 1048576K
}
Event: 7.759 GC heap before
{Heap before GC invocations=3 (full 1):
 PSYoungGen      total 611840K, used 413557K [0x00000000d5580000, 0x0000000100000000, 0x0000000100000000)
  eden space 524800K, 78% used [0x00000000d5580000,0x00000000ee95d588,0x00000000f5600000)
  from space 87040K, 0% used [0x00000000f5600000,0x00000000f5600000,0x00000000fab00000)
  to   space 87040K, 0% used [0x00000000fab00000,0x00000000fab00000,0x0000000100000000)
 ParOldGen       total 882176K, used 13868K [0x0000000080000000, 0x00000000b5d80000, 0x00000000d5580000)
  object space 882176K, 1% used [0x0000000080000000,0x0000000080d8b3c0,0x00000000b5d80000)
 Metaspace       used 34776K, capacity 35182K, committed 35416K, reserved 1081344K
  class space    used 3973K, capacity 4091K, committed 4096K, reserved 1048576K
Event: 7.793 GC heap after
Heap after GC invocations=3 (full 1):
 PSYoungGen      total 611840K, used 19182K [0x00000000d5580000, 0x0000000100000000, 0x0000000100000000)
  eden space 524800K, 0% used [0x00000000d5580000,0x00000000d5580000,0x00000000f5600000)
  from space 87040K, 22% used [0x00000000fab00000,0x00000000fbdbb988,0x0000000100000000)
  to   space 87040K, 0% used [0x00000000f5600000,0x00000000f5600000,0x00000000fab00000)
 ParOldGen       total 882176K, used 13868K [0x0000000080000000, 0x00000000b5d80000, 0x00000000d5580000)
  object space 882176K, 1% used [0x0000000080000000,0x0000000080d8b3c0,0x00000000b5d80000)
 Metaspace       used 34776K, capacity 35182K, committed 35416K, reserved 1081344K
  class space    used 3973K, capacity 4091K, committed 4096K, reserved 1048576K
}
Event: 7.793 GC heap before
{Heap before GC invocations=4 (full 2):
 PSYoungGen      total 611840K, used 19182K [0x00000000d5580000, 0x0000000100000000, 0x0000000100000000)
  eden space 524800K, 0% used [0x00000000d5580000,0x00000000d5580000,0x00000000f5600000)
  from space 87040K, 22% used [0x00000000fab00000,0x00000000fbdbb988,0x0000000100000000)
  to   space 87040K, 0% used [0x00000000f5600000,0x00000000f5600000,0x00000000fab00000)
 ParOldGen       total 882176K, used 13868K [0x0000000080000000, 0x00000000b5d80000, 0x00000000d5580000)
  object space 882176K, 1% used [0x0000000080000000,0x0000000080d8b3c0,0x00000000b5d80000)
 Metaspace       used 34776K, capacity 35182K, committed 35416K, reserved 1081344K
  class space    used 3973K, capacity 4091K, committed 4096K, reserved 1048576K
Event: 7.894 GC heap after
Heap after GC invocations=4 (full 2):
 PSYoungGen      total 611840K, used 0K [0x00000000d5580000, 0x0000000100000000, 0x0000000100000000)
  eden space 524800K, 0% used [0x00000000d5580000,0x00000000d5580000,0x00000000f5600000)
  from space 87040K, 0% used [0x00000000fab00000,0x00000000fab00000,0x0000000100000000)
  to   space 87040K, 0% used [0x00000000f5600000,0x00000000f5600000,0x00000000fab00000)
 ParOldGen       total 1398272K, used 23582K [0x0000000080000000, 0x00000000d5580000, 0x00000000d5580000)
  object space 1398272K, 1% used [0x0000000080000000,0x0000000081707b58,0x00000000d5580000)
 Metaspace       used 34776K, capacity 35182K, committed 35416K, reserved 1081344K
  class space    used 3973K, capacity 4091K, committed 4096K, reserved 1048576K
}
Event: 19.470 GC heap before
{Heap before GC invocations=5 (full 2):
 PSYoungGen      total 611840K, used 431064K [0x00000000d5580000, 0x0000000100000000, 0x0000000100000000)
  eden space 524800K, 82% used [0x00000000d5580000,0x00000000efa76368,0x00000000f5600000)
  from space 87040K, 0% used [0x00000000fab00000,0x00000000fab00000,0x0000000100000000)
  to   space 87040K, 0% used [0x00000000f5600000,0x00000000f5600000,0x00000000fab00000)
 ParOldGen       total 1398272K, used 23582K [0x0000000080000000, 0x00000000d5580000, 0x00000000d5580000)
  object space 1398272K, 1% used [0x0000000080000000,0x0000000081707b58,0x00000000d5580000)
 Metaspace       used 57049K, capacity 58970K, committed 59008K, reserved 1101824K
  class space    used 6648K, capacity 7027K, committed 7040K, reserved 1048576K
Event: 19.543 GC heap after
Heap after GC invocations=5 (full 2):
 PSYoungGen      total 611840K, used 29073K [0x00000000d5580000, 0x0000000100000000, 0x0000000100000000)
  eden space 524800K, 0% used [0x00000000d5580000,0x00000000d5580000,0x00000000f5600000)
  from space 87040K, 33% used [0x00000000f5600000,0x00000000f72647d0,0x00000000fab00000)
  to   space 87040K, 0% used [0x00000000fab00000,0x00000000fab00000,0x0000000100000000)
 ParOldGen       total 1398272K, used 23590K [0x0000000080000000, 0x00000000d5580000, 0x00000000d5580000)
  object space 1398272K, 1% used [0x0000000080000000,0x0000000081709b58,0x00000000d5580000)
 Metaspace       used 57049K, capacity 58970K, committed 59008K, reserved 1101824K
  class space    used 6648K, capacity 7027K, committed 7040K, reserved 1048576K
}
Event: 19.543 GC heap before
{Heap before GC invocations=6 (full 3):
 PSYoungGen      total 611840K, used 29073K [0x00000000d5580000, 0x0000000100000000, 0x0000000100000000)
  eden space 524800K, 0% used [0x00000000d5580000,0x00000000d5580000,0x00000000f5600000)
  from space 87040K, 33% used [0x00000000f5600000,0x00000000f72647d0,0x00000000fab00000)
  to   space 87040K, 0% used [0x00000000fab00000,0x00000000fab00000,0x0000000100000000)
 ParOldGen       total 1398272K, used 23590K [0x0000000080000000, 0x00000000d5580000, 0x00000000d5580000)
  object space 1398272K, 1% used [0x0000000080000000,0x0000000081709b58,0x00000000d5580000)
 Metaspace       used 57049K, capacity 58970K, committed 59008K, reserved 1101824K
  class space    used 6648K, capacity 7027K, committed 7040K, reserved 1048576K
Event: 19.790 GC heap after
Heap after GC invocations=6 (full 3):
 PSYoungGen      total 611840K, used 0K [0x00000000d5580000, 0x0000000100000000, 0x0000000100000000)
  eden space 524800K, 0% used [0x00000000d5580000,0x00000000d5580000,0x00000000f5600000)
  from space 87040K, 0% used [0x00000000f5600000,0x00000000f5600000,0x00000000fab00000)
  to   space 87040K, 0% used [0x00000000fab00000,0x00000000fab00000,0x0000000100000000)
 ParOldGen       total 1398272K, used 39549K [0x0000000080000000, 0x00000000d5580000, 0x00000000d5580000)
  object space 1398272K, 2% used [0x0000000080000000,0x000000008269f490,0x00000000d5580000)
 Metaspace       used 56422K, capacity 57760K, committed 59008K, reserved 1101824K
  class space    used 6521K, capacity 6796K, committed 7040K, reserved 1048576K
}

