# JRE version: OpenJDK Runtime Environment (8.0_212-b04) (build 1.8.0_212-b04)
# Java VM: OpenJDK 64-Bit Server VM (25.212-b04 mixed mode linux-amd64 compressed oops)
Heap:
 PSYoungGen      total 530944K, used 289479K [0x00000000d5580000, 0x00000000fab80000, 0x0000000100000000)
  eden space 524800K, 54% used [0x00000000d5580000,0x00000000e6a51ce0,0x00000000f5600000)
  from space 6144K, 97% used [0x00000000f5600000,0x00000000f5bdff58,0x00000000f5c00000)
  to   space 29184K, 0% used [0x00000000f8f00000,0x00000000f8f00000,0x00000000fab80000)
 ParOldGen       total 1398272K, used 549196K [0x0000000080000000, 0x00000000d5580000, 0x00000000d5580000)
  object space 1398272K, 39% used [0x0000000080000000,0x00000000a1853158,0x00000000d5580000)
 Metaspace       used 64292K, capacity 66793K, committed 67072K, reserved 1107968K
  class space    used 7398K, capacity 7851K, committed 7936K, reserved 1048576K
GC Heap History (10 events):
Event: 6.847 GC heap before
{Heap before GC invocations=4 (full 2):
 PSYoungGen      total 611840K, used 19416K [0x00000000d5580000, 0x0000000100000000, 0x0000000100000000)
  eden space 524800K, 0% used [0x00000000d5580000,0x00000000d5580000,0x00000000f5600000)
  from space 87040K, 22% used [0x00000000fab00000,0x00000000fbdf6020,0x0000000100000000)
  to   space 87040K, 0% used [0x00000000f5600000,0x00000000f5600000,0x00000000fab00000)
 ParOldGen       total 912896K, used 14144K [0x0000000080000000, 0x00000000b7b80000, 0x00000000d5580000)
  object space 912896K, 1% used [0x0000000080000000,0x0000000080dd0098,0x00000000b7b80000)
 Metaspace       used 34769K, capacity 35086K, committed 35416K, reserved 1081344K
  class space    used 3956K, capacity 4059K, committed 4096K, reserved 1048576K
Event: 6.939 GC heap after
Heap after GC invocations=4 (full 2):
 PSYoungGen      total 611840K, used 0K [0x00000000d5580000, 0x0000000100000000, 0x0000000100000000)
  eden space 524800K, 0% used [0x00000000d5580000,0x00000000d5580000,0x00000000f5600000)
  from space 87040K, 0% used [0x00000000fab00000,0x00000000fab00000,0x0000000100000000)
  to   space 87040K, 0% used [0x00000000f5600000,0x00000000f5600000,0x00000000fab00000)
 ParOldGen       total 1398272K, used 23924K [0x0000000080000000, 0x00000000d5580000, 0x00000000d5580000)
  object space 1398272K, 1% used [0x0000000080000000,0x000000008175d3f0,0x00000000d5580000)
 Metaspace       used 34769K, capacity 35086K, committed 35416K, reserved 1081344K
  class space    used 3956K, capacity 4059K, committed 4096K, reserved 1048576K
}
Event: 12.005 GC heap before
{Heap before GC invocations=5 (full 2):
 PSYoungGen      total 611840K, used 524800K [0x00000000d5580000, 0x0000000100000000, 0x0000000100000000)
  eden space 524800K, 100% used [0x00000000d5580000,0x00000000f5600000,0x00000000f5600000)
  from space 87040K, 0% used [0x00000000fab00000,0x00000000fab00000,0x0000000100000000)
  to   space 87040K, 0% used [0x00000000f5600000,0x00000000f5600000,0x00000000fab00000)
 ParOldGen       total 1398272K, used 23924K [0x0000000080000000, 0x00000000d5580000, 0x00000000d5580000)
  object space 1398272K, 1% used [0x0000000080000000,0x000000008175d3f0,0x00000000d5580000)
 Metaspace       used 45899K, capacity 46836K, committed 47104K, reserved 1091584K
  class space    used 5324K, capacity 5514K, committed 5632K, reserved 1048576K
Event: 12.076 GC heap after
Heap after GC invocations=5 (full 2):
 PSYoungGen      total 611840K, used 18422K [0x00000000d5580000, 0x0000000100000000, 0x0000000100000000)
  eden space 524800K, 0% used [0x00000000d5580000,0x00000000d5580000,0x00000000f5600000)
  from space 87040K, 21% used [0x00000000f5600000,0x00000000f67fd818,0x00000000fab00000)
  to   space 87040K, 0% used [0x00000000fab00000,0x00000000fab00000,0x0000000100000000)
 ParOldGen       total 1398272K, used 23932K [0x0000000080000000, 0x00000000d5580000, 0x00000000d5580000)
  object space 1398272K, 1% used [0x0000000080000000,0x000000008175f3f0,0x00000000d5580000)
 Metaspace       used 45899K, capacity 46836K, committed 47104K, reserved 1091584K
  class space    used 5324K, capacity 5514K, committed 5632K, reserved 1048576K
}
Event: 14.874 GC heap before
{Heap before GC invocations=6 (full 2):
 PSYoungGen      total 611840K, used 321487K [0x00000000d5580000, 0x0000000100000000, 0x0000000100000000)
  eden space 524800K, 57% used [0x00000000d5580000,0x00000000e7d76570,0x00000000f5600000)
  from space 87040K, 21% used [0x00000000f5600000,0x00000000f67fd818,0x00000000fab00000)
  to   space 87040K, 0% used [0x00000000fab00000,0x00000000fab00000,0x0000000100000000)
 ParOldGen       total 1398272K, used 23932K [0x0000000080000000, 0x00000000d5580000, 0x00000000d5580000)
  object space 1398272K, 1% used [0x0000000080000000,0x000000008175f3f0,0x00000000d5580000)
 Metaspace       used 57462K, capacity 58801K, committed 59028K, reserved 1101824K
  class space    used 6640K, capacity 6912K, committed 6912K, reserved 1048576K
Event: 14.936 GC heap after
Heap after GC invocations=6 (full 2):
 PSYoungGen      total 611840K, used 25804K [0x00000000d5580000, 0x0000000100000000, 0x0000000100000000)
  eden space 524800K, 0% used [0x00000000d5580000,0x00000000d5580000,0x00000000f5600000)
  from space 87040K, 29% used [0x00000000fab00000,0x00000000fc4330d8,0x0000000100000000)
  to   space 87040K, 0% used [0x00000000f5600000,0x00000000f5600000,0x00000000fab00000)
 ParOldGen       total 1398272K, used 23940K [0x0000000080000000, 0x00000000d5580000, 0x00000000d5580000)
  object space 1398272K, 1% used [0x0000000080000000,0x00000000817613f0,0x00000000d5580000)
 Metaspace       used 57462K, capacity 58801K, committed 59028K, reserved 1101824K
  class space    used 6640K, capacity 6912K, committed 6912K, reserved 1048576K
}
Event: 14.936 GC heap before
{Heap before GC invocations=7 (full 3):
 PSYoungGen      total 611840K, used 25804K [0x00000000d5580000, 0x0000000100000000, 0x0000000100000000)
  eden space 524800K, 0% used [0x00000000d5580000,0x00000000d5580000,0x00000000f5600000)
  from space 87040K, 29% used [0x00000000fab00000,0x00000000fc4330d8,0x0000000100000000)
  to   space 87040K, 0% used [0x00000000f5600000,0x00000000f5600000,0x00000000fab00000)
 ParOldGen       total 1398272K, used 23940K [0x0000000080000000, 0x00000000d5580000, 0x00000000d5580000)
  object space 1398272K, 1% used [0x0000000080000000,0x00000000817613f0,0x00000000d5580000)
 Metaspace       used 57462K, capacity 58801K, committed 59028K, reserved 1101824K
  class space    used 6640K, capacity 6912K, committed 6912K, reserved 1048576K
Event: 15.232 GC heap after
Heap after GC invocations=7 (full 3):
 PSYoungGen      total 611840K, used 0K [0x00000000d5580000, 0x0000000100000000, 0x0000000100000000)
  eden space 524800K, 0% used [0x00000000d5580000,0x00000000d5580000,0x00000000f5600000)
  from space 87040K, 0% used [0x00000000fab00000,0x00000000fab00000,0x0000000100000000)
  to   space 87040K, 0% used [0x00000000f5600000,0x00000000f5600000,0x00000000fab00000)
 ParOldGen       total 1398272K, used 37188K [0x0000000080000000, 0x00000000d5580000, 0x00000000d5580000)
  object space 1398272K, 2% used [0x0000000080000000,0x0000000082451138,0x00000000d5580000)
 Metaspace       used 57441K, capacity 58743K, committed 59028K, reserved 1101824K
  class space    used 6633K, capacity 6899K, committed 6912K, reserved 1048576K
}
Event: 21.446 GC heap before
{Heap before GC invocations=8 (full 3):
 PSYoungGen      total 611840K, used 518246K [0x00000000d5580000, 0x0000000100000000, 0x0000000100000000)
  eden space 524800K, 98% used [0x00000000d5580000,0x00000000f4f99a00,0x00000000f5600000)
  from space 87040K, 0% used [0x00000000fab00000,0x00000000fab00000,0x0000000100000000)
  to   space 87040K, 0% used [0x00000000f5600000,0x00000000f5600000,0x00000000fab00000)
 ParOldGen       total 1398272K, used 344388K [0x0000000080000000, 0x00000000d5580000, 0x00000000d5580000)
  object space 1398272K, 24% used [0x0000000080000000,0x0000000095051148,0x00000000d5580000)
 Metaspace       used 59298K, capacity 61029K, committed 61312K, reserved 1103872K
  class space    used 6867K, capacity 7187K, committed 7296K, reserved 1048576K
Event: 21.651 GC heap after
Heap after GC invocations=8 (full 3):
 PSYoungGen      total 530944K, used 6015K [0x00000000d5580000, 0x00000000fab80000, 0x0000000100000000)
  eden space 524800K, 0% used [0x00000000d5580000,0x00000000d5580000,0x00000000f5600000)
  from space 6144K, 97% used [0x00000000f5600000,0x00000000f5bdff58,0x00000000f5c00000)
  to   space 29184K, 0% used [0x00000000f8f00000,0x00000000f8f00000,0x00000000fab80000)
 ParOldGen       total 1398272K, used 549196K [0x0000000080000000, 0x00000000d5580000, 0x00000000d5580000)
  object space 1398272K, 39% used [0x0000000080000000,0x00000000a1853158,0x00000000d5580000)
 Metaspace       used 59298K, capacity 61029K, committed 61312K, reserved 1103872K
  class space    used 6867K, capacity 7187K, committed 7296K, reserved 1048576K
}

