[INFO] Scanning for projects...
[INFO] ------------------------------------------------------------------------
[INFO] Detecting the operating system and CPU architecture
[INFO] ------------------------------------------------------------------------
[INFO] os.detected.name: linux
[INFO] os.detected.arch: x86_64
[INFO] os.detected.version: 3.10
[INFO] os.detected.version.major: 3
[INFO] os.detected.version.minor: 10
[INFO] os.detected.release: alpine
[INFO] os.detected.release.version: 3.8.2
[INFO] os.detected.release.like.alpine: true
[INFO] os.detected.classifier: linux-x86_64
[INFO] ------------------------------------------------------------------------
[INFO] Reactor Build Order:
[INFO] 
[INFO] Apache Hadoop HDDS                                                 [pom]
[INFO] Apache Hadoop HDDS Config                                          [jar]
[INFO] Apache Hadoop HDDS Common                                          [jar]
[INFO] Apache Hadoop HDDS Client                                          [jar]
[INFO] Apache Hadoop HDDS Server Framework                                [jar]
[INFO] Apache Hadoop HDDS Container Service                               [jar]
[INFO] Apache Hadoop HDDS/Ozone Documentation                             [jar]
[INFO] Apache Hadoop HDDS SCM Server                                      [jar]
[INFO] Apache Hadoop HDDS Tools                                           [jar]
[INFO] Apache Hadoop Ozone                                                [pom]
[INFO] Apache Hadoop Ozone Common                                         [jar]
[INFO] Apache Hadoop Ozone Client                                         [jar]
[INFO] Apache Hadoop Ozone Manager Server                                 [jar]
[INFO] Apache Hadoop Ozone Object Store REST Service                      [jar]
[INFO] Apache Hadoop Ozone S3 Gateway                                     [jar]
[INFO] Apache Hadoop Ozone CSI service                                    [jar]
[INFO] Apache Hadoop Ozone Recon CodeGen                                  [jar]
[INFO] Apache Hadoop Ozone Recon                                          [jar]
[INFO] Apache Hadoop Ozone FileSystem Single Jar Library                  [jar]
[INFO] Apache Hadoop Ozone FileSystem Legacy Jar Library                  [jar]
[INFO] Apache Hadoop Ozone Datanode                                       [jar]
[INFO] Apache Hadoop Ozone In-Place Upgrade                               [jar]
[INFO] Apache Hadoop Ozone Distribution                                   [pom]
[INFO] Apache Hadoop Ozone Fault Injection Tests                          [pom]
[INFO] Apache Hadoop Ozone Network Tests                                  [jar]
[INFO] Apache Hadoop Ozone Main                                           [pom]
[INFO] 
[INFO] -------------------< org.apache.hadoop:hadoop-hdds >--------------------
[INFO] Building Apache Hadoop HDDS 0.4.1-SNAPSHOT                        [1/26]
[INFO] --------------------------------[ pom ]---------------------------------
[INFO] 
[INFO] --- maven-antrun-plugin:1.7:run (create-testdirs) @ hadoop-hdds ---
[INFO] Executing tasks

main:
    [mkdir] Created dir: /workdir/hadoop-hdds/target/test-dir
[INFO] Executed tasks
[INFO] 
[INFO] --- maven-remote-resources-plugin:1.5:process (default) @ hadoop-hdds ---
[INFO] 
[INFO] ----------------< org.apache.hadoop:hadoop-hdds-config >----------------
[INFO] Building Apache Hadoop HDDS Config 0.4.1-SNAPSHOT                 [2/26]
[INFO] --------------------------------[ jar ]---------------------------------
[INFO] 
[INFO] --- maven-antrun-plugin:1.7:run (create-testdirs) @ hadoop-hdds-config ---
[INFO] Executing tasks

main:
    [mkdir] Created dir: /workdir/hadoop-hdds/config/target/test-dir
[INFO] Executed tasks
[INFO] 
[INFO] --- maven-remote-resources-plugin:1.5:process (default) @ hadoop-hdds-config ---
[INFO] 
[INFO] --- maven-resources-plugin:2.6:resources (default-resources) @ hadoop-hdds-config ---
[INFO] Using 'UTF-8' encoding to copy filtered resources.
[INFO] Copying 1 resource
[INFO] Copying 2 resources
[INFO] 
[INFO] --- maven-compiler-plugin:3.1:compile (default-compile) @ hadoop-hdds-config ---
[INFO] Compiling 8 source files to /workdir/hadoop-hdds/config/target/classes
[INFO] 
[INFO] --- maven-resources-plugin:2.6:testResources (default-testResources) @ hadoop-hdds-config ---
[INFO] Using 'UTF-8' encoding to copy filtered resources.
[INFO] skip non existing resourceDirectory /workdir/hadoop-hdds/config/src/test/resources
[INFO] Copying 2 resources
[INFO] 
[INFO] --- maven-compiler-plugin:3.1:testCompile (default-testCompile) @ hadoop-hdds-config ---
[INFO] Compiling 3 source files to /workdir/hadoop-hdds/config/target/test-classes
[INFO] 
[INFO] --- maven-surefire-plugin:3.0.0-M1:test (default-test) @ hadoop-hdds-config ---
Downloading from apache.snapshots.https: https://repository.apache.org/content/repositories/snapshots/org/apache/maven/surefire/surefire-junit4/3.0.0-M1/surefire-junit4-3.0.0-M1.jar
Downloading from central: https://repo.maven.apache.org/maven2/org/apache/maven/surefire/surefire-junit4/3.0.0-M1/surefire-junit4-3.0.0-M1.jar
Progress (1): 1.4/17 kBProgress (1): 2.7/17 kBProgress (1): 4.1/17 kBProgress (1): 5.5/17 kBProgress (1): 6.9/17 kBProgress (1): 8.2/17 kBProgress (1): 9.6/17 kBProgress (1): 11/17 kB Progress (1): 12/17 kBProgress (1): 14/17 kBProgress (1): 15/17 kBProgress (1): 16/17 kBProgress (1): 17 kB                      Downloaded from central: https://repo.maven.apache.org/maven2/org/apache/maven/surefire/surefire-junit4/3.0.0-M1/surefire-junit4-3.0.0-M1.jar (17 kB at 148 kB/s)
Downloading from apache.snapshots.https: https://repository.apache.org/content/repositories/snapshots/org/apache/maven/surefire/surefire-junit4/3.0.0-M1/surefire-junit4-3.0.0-M1.pom
Downloading from central: https://repo.maven.apache.org/maven2/org/apache/maven/surefire/surefire-junit4/3.0.0-M1/surefire-junit4-3.0.0-M1.pom
Progress (1): 1.4/1.7 kBProgress (1): 1.7 kB                        Downloaded from central: https://repo.maven.apache.org/maven2/org/apache/maven/surefire/surefire-junit4/3.0.0-M1/surefire-junit4-3.0.0-M1.pom (1.7 kB at 65 kB/s)
Downloading from apache.snapshots.https: https://repository.apache.org/content/repositories/snapshots/org/apache/maven/surefire/surefire-providers/3.0.0-M1/surefire-providers-3.0.0-M1.pom
Downloading from central: https://repo.maven.apache.org/maven2/org/apache/maven/surefire/surefire-providers/3.0.0-M1/surefire-providers-3.0.0-M1.pom
Progress (1): 1.4/2.5 kBProgress (1): 2.5 kB                        Downloaded from central: https://repo.maven.apache.org/maven2/org/apache/maven/surefire/surefire-providers/3.0.0-M1/surefire-providers-3.0.0-M1.pom (2.5 kB at 90 kB/s)
Downloading from apache.snapshots.https: https://repository.apache.org/content/repositories/snapshots/org/apache/maven/surefire/common-junit4/3.0.0-M1/common-junit4-3.0.0-M1.pom
Downloading from central: https://repo.maven.apache.org/maven2/org/apache/maven/surefire/common-junit4/3.0.0-M1/common-junit4-3.0.0-M1.pom
Progress (1): 1.4/2.1 kBProgress (1): 2.1 kB                        Downloaded from central: https://repo.maven.apache.org/maven2/org/apache/maven/surefire/common-junit4/3.0.0-M1/common-junit4-3.0.0-M1.pom (2.1 kB at 94 kB/s)
Downloading from apache.snapshots.https: https://repository.apache.org/content/repositories/snapshots/org/apache/maven/surefire/common-junit3/3.0.0-M1/common-junit3-3.0.0-M1.pom
Downloading from central: https://repo.maven.apache.org/maven2/org/apache/maven/surefire/common-junit3/3.0.0-M1/common-junit3-3.0.0-M1.pom
Progress (1): 1.4/1.6 kBProgress (1): 1.6 kB                        Downloaded from central: https://repo.maven.apache.org/maven2/org/apache/maven/surefire/common-junit3/3.0.0-M1/common-junit3-3.0.0-M1.pom (1.6 kB at 72 kB/s)
Downloading from apache.snapshots.https: https://repository.apache.org/content/repositories/snapshots/org/apache/maven/surefire/common-java5/3.0.0-M1/common-java5-3.0.0-M1.pom
Downloading from central: https://repo.maven.apache.org/maven2/org/apache/maven/surefire/common-java5/3.0.0-M1/common-java5-3.0.0-M1.pom
Progress (1): 1.4/3.1 kBProgress (1): 2.7/3.1 kBProgress (1): 3.1 kB                        Downloaded from central: https://repo.maven.apache.org/maven2/org/apache/maven/surefire/common-java5/3.0.0-M1/common-java5-3.0.0-M1.pom (3.1 kB at 118 kB/s)
Downloading from apache.snapshots.https: https://repository.apache.org/content/repositories/snapshots/org/apache/maven/surefire/common-junit3/3.0.0-M1/common-junit3-3.0.0-M1.jar
Downloading from apache.snapshots.https: https://repository.apache.org/content/repositories/snapshots/org/apache/maven/surefire/common-junit4/3.0.0-M1/common-junit4-3.0.0-M1.jar
Downloading from apache.snapshots.https: https://repository.apache.org/content/repositories/snapshots/org/apache/maven/surefire/common-java5/3.0.0-M1/common-java5-3.0.0-M1.jar
Downloading from central: https://repo.maven.apache.org/maven2/org/apache/maven/surefire/common-java5/3.0.0-M1/common-java5-3.0.0-M1.jar
Downloading from central: https://repo.maven.apache.org/maven2/org/apache/maven/surefire/common-junit3/3.0.0-M1/common-junit3-3.0.0-M1.jar
Downloading from central: https://repo.maven.apache.org/maven2/org/apache/maven/surefire/common-junit4/3.0.0-M1/common-junit4-3.0.0-M1.jar
Progress (1): 1.4/32 kBProgress (1): 2.7/32 kBProgress (1): 4.1/32 kBProgress (1): 5.5/32 kBProgress (1): 6.9/32 kBProgress (1): 8.2/32 kBProgress (1): 9.6/32 kBProgress (1): 11/32 kB Progress (1): 12/32 kBProgress (1): 14/32 kBProgress (1): 15/32 kBProgress (1): 16/32 kBProgress (1): 18/32 kBProgress (1): 19/32 kBProgress (1): 21/32 kBProgress (1): 22/32 kBProgress (1): 23/32 kBProgress (1): 25/32 kBProgress (1): 26/32 kBProgress (1): 27/32 kBProgress (1): 29/32 kBProgress (1): 30/32 kBProgress (1): 32/32 kBProgress (1): 32 kB   Progress (2): 32 kB | 1.4/28 kBProgress (3): 32 kB | 1.4/28 kB | 1.4/12 kBProgress (3): 32 kB | 2.7/28 kB | 1.4/12 kB                                           Downloaded from central: https://repo.maven.apache.org/maven2/org/apache/maven/surefire/common-java5/3.0.0-M1/common-java5-3.0.0-M1.jar (32 kB at 944 kB/s)
Progress (2): 2.7/28 kB | 2.7/12 kBProgress (2): 4.1/28 kB | 2.7/12 kBProgress (2): 4.1/28 kB | 4.1/12 kBProgress (2): 5.5/28 kB | 4.1/12 kBProgress (2): 5.5/28 kB | 5.5/12 kBProgress (2): 6.9/28 kB | 5.5/12 kBProgress (2): 6.9/28 kB | 6.9/12 kBProgress (2): 8.2/28 kB | 6.9/12 kBProgress (2): 8.2/28 kB | 8.2/12 kBProgress (2): 9.6/28 kB | 8.2/12 kBProgress (2): 9.6/28 kB | 9.6/12 kBProgress (2): 11/28 kB | 9.6/12 kB Progress (2): 11/28 kB | 11/12 kB Progress (2): 12/28 kB | 11/12 kBProgress (2): 12/28 kB | 12 kB   Progress (2): 14/28 kB | 12 kBProgress (2): 15/28 kB | 12 kBProgress (2): 16/28 kB | 12 kBProgress (2): 18/28 kB | 12 kBProgress (2): 19/28 kB | 12 kBProgress (2): 21/28 kB | 12 kBProgress (2): 22/28 kB | 12 kBProgress (2): 23/28 kB | 12 kBProgress (2): 25/28 kB | 12 kBProgress (2): 26/28 kB | 12 kBProgress (2): 27/28 kB | 12 kBProgress (2): 28 kB | 12 kB                              Downloaded from central: https://repo.maven.apache.org/maven2/org/apache/maven/surefire/common-junit3/3.0.0-M1/common-junit3-3.0.0-M1.jar (12 kB at 237 kB/s)
Downloaded from central: https://repo.maven.apache.org/maven2/org/apache/maven/surefire/common-junit4/3.0.0-M1/common-junit4-3.0.0-M1.jar (28 kB at 502 kB/s)
[INFO] 
[INFO] -------------------------------------------------------
[INFO]  T E S T S
[INFO] -------------------------------------------------------
[INFO] Running org.apache.hadoop.hdds.conf.TestConfigFileAppender
[INFO] Tests run: 1, Failures: 0, Errors: 0, Skipped: 0, Time elapsed: 0.171 s - in org.apache.hadoop.hdds.conf.TestConfigFileAppender
[INFO] 
[INFO] Results:
[INFO] 
[INFO] Tests run: 1, Failures: 0, Errors: 0, Skipped: 0
[INFO] 
[INFO] 
[INFO] ----------------< org.apache.hadoop:hadoop-hdds-common >----------------
[INFO] Building Apache Hadoop HDDS Common 0.4.1-SNAPSHOT                 [3/26]
[INFO] --------------------------------[ jar ]---------------------------------
Downloading from apache.snapshots.https: https://repository.apache.org/content/repositories/snapshots/org/apache/ratis/ratis-server/0.4.0/ratis-server-0.4.0.pom
Downloading from repository.jboss.org: http://repository.jboss.org/nexus/content/groups/public/org/apache/ratis/ratis-server/0.4.0/ratis-server-0.4.0.pom
Downloading from central: https://repo.maven.apache.org/maven2/org/apache/ratis/ratis-server/0.4.0/ratis-server-0.4.0.pom
Progress (1): 1.4/2.6 kBProgress (1): 2.6 kB                        Downloaded from central: https://repo.maven.apache.org/maven2/org/apache/ratis/ratis-server/0.4.0/ratis-server-0.4.0.pom (2.6 kB at 105 kB/s)
Downloading from apache.snapshots.https: https://repository.apache.org/content/repositories/snapshots/org/apache/ratis/ratis/0.4.0/ratis-0.4.0.pom
Downloading from repository.jboss.org: http://repository.jboss.org/nexus/content/groups/public/org/apache/ratis/ratis/0.4.0/ratis-0.4.0.pom
Downloading from central: https://repo.maven.apache.org/maven2/org/apache/ratis/ratis/0.4.0/ratis-0.4.0.pom
Progress (1): 1.4/36 kBProgress (1): 2.7/36 kBProgress (1): 4.1/36 kBProgress (1): 5.5/36 kBProgress (1): 6.9/36 kBProgress (1): 8.2/36 kBProgress (1): 9.6/36 kBProgress (1): 11/36 kB Progress (1): 12/36 kBProgress (1): 14/36 kBProgress (1): 15/36 kBProgress (1): 16/36 kBProgress (1): 18/36 kBProgress (1): 19/36 kBProgress (1): 21/36 kBProgress (1): 22/36 kBProgress (1): 23/36 kBProgress (1): 25/36 kBProgress (1): 26/36 kBProgress (1): 27/36 kBProgress (1): 29/36 kBProgress (1): 30/36 kBProgress (1): 32/36 kBProgress (1): 33/36 kBProgress (1): 34/36 kBProgress (1): 36/36 kBProgress (1): 36 kB                      Downloaded from central: https://repo.maven.apache.org/maven2/org/apache/ratis/ratis/0.4.0/ratis-0.4.0.pom (36 kB at 979 kB/s)
Downloading from apache.snapshots.https: https://repository.apache.org/content/repositories/snapshots/org/apache/ratis/ratis-proto/0.4.0/ratis-proto-0.4.0.pom
Downloading from repository.jboss.org: http://repository.jboss.org/nexus/content/groups/public/org/apache/ratis/ratis-proto/0.4.0/ratis-proto-0.4.0.pom
Downloading from central: https://repo.maven.apache.org/maven2/org/apache/ratis/ratis-proto/0.4.0/ratis-proto-0.4.0.pom
Progress (1): 1.4/6.8 kBProgress (1): 2.7/6.8 kBProgress (1): 4.1/6.8 kBProgress (1): 5.5/6.8 kBProgress (1): 6.8 kB                        Downloaded from central: https://repo.maven.apache.org/maven2/org/apache/ratis/ratis-proto/0.4.0/ratis-proto-0.4.0.pom (6.8 kB at 263 kB/s)
Downloading from apache.snapshots.https: https://repository.apache.org/content/repositories/snapshots/org/apache/ratis/ratis-common/0.4.0/ratis-common-0.4.0.pom
Downloading from repository.jboss.org: http://repository.jboss.org/nexus/content/groups/public/org/apache/ratis/ratis-common/0.4.0/ratis-common-0.4.0.pom
Downloading from central: https://repo.maven.apache.org/maven2/org/apache/ratis/ratis-common/0.4.0/ratis-common-0.4.0.pom
Progress (1): 1.4/5.0 kBProgress (1): 2.7/5.0 kBProgress (1): 4.1/5.0 kBProgress (1): 5.0 kB                        Downloaded from central: https://repo.maven.apache.org/maven2/org/apache/ratis/ratis-common/0.4.0/ratis-common-0.4.0.pom (5.0 kB at 228 kB/s)
Downloading from apache.snapshots.https: https://repository.apache.org/content/repositories/snapshots/org/apache/ratis/ratis-client/0.4.0/ratis-client-0.4.0.pom
Downloading from repository.jboss.org: http://repository.jboss.org/nexus/content/groups/public/org/apache/ratis/ratis-client/0.4.0/ratis-client-0.4.0.pom
Downloading from central: https://repo.maven.apache.org/maven2/org/apache/ratis/ratis-client/0.4.0/ratis-client-0.4.0.pom
Progress (1): 1.4/1.6 kBProgress (1): 1.6 kB                        Downloaded from central: https://repo.maven.apache.org/maven2/org/apache/ratis/ratis-client/0.4.0/ratis-client-0.4.0.pom (1.6 kB at 73 kB/s)
Downloading from apache.snapshots.https: https://repository.apache.org/content/repositories/snapshots/org/apache/ratis/ratis-metrics/0.4.0/ratis-metrics-0.4.0.pom
Downloading from repository.jboss.org: http://repository.jboss.org/nexus/content/groups/public/org/apache/ratis/ratis-metrics/0.4.0/ratis-metrics-0.4.0.pom
Downloading from central: https://repo.maven.apache.org/maven2/org/apache/ratis/ratis-metrics/0.4.0/ratis-metrics-0.4.0.pom
Progress (1): 1.4/2.6 kBProgress (1): 2.6 kB                        Downloaded from central: https://repo.maven.apache.org/maven2/org/apache/ratis/ratis-metrics/0.4.0/ratis-metrics-0.4.0.pom (2.6 kB at 109 kB/s)
Downloading from apache.snapshots.https: https://repository.apache.org/content/repositories/snapshots/com/github/joshelser/dropwizard-metrics-hadoop-metrics2-reporter/0.1.2/dropwizard-metrics-hadoop-metrics2-reporter-0.1.2.pom
Downloading from repository.jboss.org: http://repository.jboss.org/nexus/content/groups/public/com/github/joshelser/dropwizard-metrics-hadoop-metrics2-reporter/0.1.2/dropwizard-metrics-hadoop-metrics2-reporter-0.1.2.pom
Downloading from central: https://repo.maven.apache.org/maven2/com/github/joshelser/dropwizard-metrics-hadoop-metrics2-reporter/0.1.2/dropwizard-metrics-hadoop-metrics2-reporter-0.1.2.pom
Progress (1): 1.4/7.7 kBProgress (1): 2.7/7.7 kBProgress (1): 4.1/7.7 kBProgress (1): 5.5/7.7 kBProgress (1): 6.9/7.7 kBProgress (1): 7.7 kB                        Downloaded from central: https://repo.maven.apache.org/maven2/com/github/joshelser/dropwizard-metrics-hadoop-metrics2-reporter/0.1.2/dropwizard-metrics-hadoop-metrics2-reporter-0.1.2.pom (7.7 kB at 320 kB/s)
Downloading from apache.snapshots.https: https://repository.apache.org/content/repositories/snapshots/io/dropwizard/metrics/metrics-jvm/3.2.5/metrics-jvm-3.2.5.pom
Downloading from repository.jboss.org: http://repository.jboss.org/nexus/content/groups/public/io/dropwizard/metrics/metrics-jvm/3.2.5/metrics-jvm-3.2.5.pom
Downloading from central: https://repo.maven.apache.org/maven2/io/dropwizard/metrics/metrics-jvm/3.2.5/metrics-jvm-3.2.5.pom
Progress (1): 967 B                   Downloaded from central: https://repo.maven.apache.org/maven2/io/dropwizard/metrics/metrics-jvm/3.2.5/metrics-jvm-3.2.5.pom (967 B at 46 kB/s)
Downloading from apache.snapshots.https: https://repository.apache.org/content/repositories/snapshots/io/dropwizard/metrics/metrics-parent/3.2.5/metrics-parent-3.2.5.pom
Downloading from repository.jboss.org: http://repository.jboss.org/nexus/content/groups/public/io/dropwizard/metrics/metrics-parent/3.2.5/metrics-parent-3.2.5.pom
Downloading from central: https://repo.maven.apache.org/maven2/io/dropwizard/metrics/metrics-parent/3.2.5/metrics-parent-3.2.5.pom
Progress (1): 1.4/12 kBProgress (1): 2.7/12 kBProgress (1): 4.1/12 kBProgress (1): 5.5/12 kBProgress (1): 6.9/12 kBProgress (1): 8.2/12 kBProgress (1): 9.6/12 kBProgress (1): 11/12 kB Progress (1): 12 kB                      Downloaded from central: https://repo.maven.apache.org/maven2/io/dropwizard/metrics/metrics-parent/3.2.5/metrics-parent-3.2.5.pom (12 kB at 488 kB/s)
Downloading from apache.snapshots.https: https://repository.apache.org/content/repositories/snapshots/io/dropwizard/metrics/metrics-ganglia/3.2.5/metrics-ganglia-3.2.5.pom
Downloading from repository.jboss.org: http://repository.jboss.org/nexus/content/groups/public/io/dropwizard/metrics/metrics-ganglia/3.2.5/metrics-ganglia-3.2.5.pom
Downloading from central: https://repo.maven.apache.org/maven2/io/dropwizard/metrics/metrics-ganglia/3.2.5/metrics-ganglia-3.2.5.pom
Progress (1): 1.1 kB                    Downloaded from central: https://repo.maven.apache.org/maven2/io/dropwizard/metrics/metrics-ganglia/3.2.5/metrics-ganglia-3.2.5.pom (1.1 kB at 35 kB/s)
Downloading from apache.snapshots.https: https://repository.apache.org/content/repositories/snapshots/info/ganglia/gmetric4j/gmetric4j/1.0.7/gmetric4j-1.0.7.pom
Downloading from repository.jboss.org: http://repository.jboss.org/nexus/content/groups/public/info/ganglia/gmetric4j/gmetric4j/1.0.7/gmetric4j-1.0.7.pom
Downloading from central: https://repo.maven.apache.org/maven2/info/ganglia/gmetric4j/gmetric4j/1.0.7/gmetric4j-1.0.7.pom
Progress (1): 1.4/4.9 kBProgress (1): 2.7/4.9 kBProgress (1): 4.1/4.9 kBProgress (1): 4.9 kB                        Downloaded from central: https://repo.maven.apache.org/maven2/info/ganglia/gmetric4j/gmetric4j/1.0.7/gmetric4j-1.0.7.pom (4.9 kB at 212 kB/s)
Downloading from apache.snapshots.https: https://repository.apache.org/content/repositories/snapshots/org/apache/ratis/ratis-netty/0.4.0/ratis-netty-0.4.0.pom
Downloading from repository.jboss.org: http://repository.jboss.org/nexus/content/groups/public/org/apache/ratis/ratis-netty/0.4.0/ratis-netty-0.4.0.pom
Downloading from central: https://repo.maven.apache.org/maven2/org/apache/ratis/ratis-netty/0.4.0/ratis-netty-0.4.0.pom
Progress (1): 1.4/2.4 kBProgress (1): 2.4 kB                        Downloaded from central: https://repo.maven.apache.org/maven2/org/apache/ratis/ratis-netty/0.4.0/ratis-netty-0.4.0.pom (2.4 kB at 122 kB/s)
Downloading from apache.snapshots.https: https://repository.apache.org/content/repositories/snapshots/org/apache/ratis/ratis-grpc/0.4.0/ratis-grpc-0.4.0.pom
Downloading from repository.jboss.org: http://repository.jboss.org/nexus/content/groups/public/org/apache/ratis/ratis-grpc/0.4.0/ratis-grpc-0.4.0.pom
Downloading from central: https://repo.maven.apache.org/maven2/org/apache/ratis/ratis-grpc/0.4.0/ratis-grpc-0.4.0.pom
Progress (1): 1.4/2.4 kBProgress (1): 2.4 kB                        Downloaded from central: https://repo.maven.apache.org/maven2/org/apache/ratis/ratis-grpc/0.4.0/ratis-grpc-0.4.0.pom (2.4 kB at 105 kB/s)
Downloading from apache.snapshots.https: https://repository.apache.org/content/repositories/snapshots/org/apache/ratis/ratis-server/0.4.0/ratis-server-0.4.0.jar
Downloading from apache.snapshots.https: https://repository.apache.org/content/repositories/snapshots/org/apache/ratis/ratis-common/0.4.0/ratis-common-0.4.0.jar
Downloading from apache.snapshots.https: https://repository.apache.org/content/repositories/snapshots/org/apache/ratis/ratis-proto/0.4.0/ratis-proto-0.4.0.jar
Downloading from apache.snapshots.https: https://repository.apache.org/content/repositories/snapshots/org/apache/ratis/ratis-metrics/0.4.0/ratis-metrics-0.4.0.jar
Downloading from apache.snapshots.https: https://repository.apache.org/content/repositories/snapshots/org/apache/ratis/ratis-client/0.4.0/ratis-client-0.4.0.jar
Downloading from apache.snapshots.https: https://repository.apache.org/content/repositories/snapshots/com/github/joshelser/dropwizard-metrics-hadoop-metrics2-reporter/0.1.2/dropwizard-metrics-hadoop-metrics2-reporter-0.1.2.jar
Downloading from apache.snapshots.https: https://repository.apache.org/content/repositories/snapshots/io/dropwizard/metrics/metrics-jvm/3.2.5/metrics-jvm-3.2.5.jar
Downloading from apache.snapshots.https: https://repository.apache.org/content/repositories/snapshots/io/dropwizard/metrics/metrics-ganglia/3.2.5/metrics-ganglia-3.2.5.jar
Downloading from apache.snapshots.https: https://repository.apache.org/content/repositories/snapshots/info/ganglia/gmetric4j/gmetric4j/1.0.7/gmetric4j-1.0.7.jar
Downloading from apache.snapshots.https: https://repository.apache.org/content/repositories/snapshots/org/apache/ratis/ratis-netty/0.4.0/ratis-netty-0.4.0.jar
Downloading from apache.snapshots.https: https://repository.apache.org/content/repositories/snapshots/org/apache/ratis/ratis-grpc/0.4.0/ratis-grpc-0.4.0.jar
Downloading from repository.jboss.org: http://repository.jboss.org/nexus/content/groups/public/org/apache/ratis/ratis-server/0.4.0/ratis-server-0.4.0.jar
Downloading from repository.jboss.org: http://repository.jboss.org/nexus/content/groups/public/org/apache/ratis/ratis-metrics/0.4.0/ratis-metrics-0.4.0.jar
Downloading from repository.jboss.org: http://repository.jboss.org/nexus/content/groups/public/org/apache/ratis/ratis-client/0.4.0/ratis-client-0.4.0.jar
Downloading from repository.jboss.org: http://repository.jboss.org/nexus/content/groups/public/org/apache/ratis/ratis-proto/0.4.0/ratis-proto-0.4.0.jar
Downloading from repository.jboss.org: http://repository.jboss.org/nexus/content/groups/public/org/apache/ratis/ratis-common/0.4.0/ratis-common-0.4.0.jar
Downloading from repository.jboss.org: http://repository.jboss.org/nexus/content/groups/public/com/github/joshelser/dropwizard-metrics-hadoop-metrics2-reporter/0.1.2/dropwizard-metrics-hadoop-metrics2-reporter-0.1.2.jar
Downloading from repository.jboss.org: http://repository.jboss.org/nexus/content/groups/public/io/dropwizard/metrics/metrics-jvm/3.2.5/metrics-jvm-3.2.5.jar
Downloading from repository.jboss.org: http://repository.jboss.org/nexus/content/groups/public/io/dropwizard/metrics/metrics-ganglia/3.2.5/metrics-ganglia-3.2.5.jar
Downloading from repository.jboss.org: http://repository.jboss.org/nexus/content/groups/public/info/ganglia/gmetric4j/gmetric4j/1.0.7/gmetric4j-1.0.7.jar
Downloading from repository.jboss.org: http://repository.jboss.org/nexus/content/groups/public/org/apache/ratis/ratis-netty/0.4.0/ratis-netty-0.4.0.jar
Downloading from repository.jboss.org: http://repository.jboss.org/nexus/content/groups/public/org/apache/ratis/ratis-grpc/0.4.0/ratis-grpc-0.4.0.jar
Downloading from central: https://repo.maven.apache.org/maven2/org/apache/ratis/ratis-server/0.4.0/ratis-server-0.4.0.jar
Downloading from central: https://repo.maven.apache.org/maven2/org/apache/ratis/ratis-common/0.4.0/ratis-common-0.4.0.jar
Downloading from central: https://repo.maven.apache.org/maven2/org/apache/ratis/ratis-metrics/0.4.0/ratis-metrics-0.4.0.jar
Downloading from central: https://repo.maven.apache.org/maven2/org/apache/ratis/ratis-client/0.4.0/ratis-client-0.4.0.jar
Downloading from central: https://repo.maven.apache.org/maven2/org/apache/ratis/ratis-proto/0.4.0/ratis-proto-0.4.0.jar
Progress (1): 1.4/349 kBProgress (1): 2.7/349 kBProgress (1): 4.1/349 kBProgress (1): 5.5/349 kBProgress (1): 6.9/349 kBProgress (1): 8.2/349 kBProgress (2): 8.2/349 kB | 1.4/28 kBProgress (2): 9.6/349 kB | 1.4/28 kBProgress (2): 9.6/349 kB | 2.7/28 kBProgress (2): 11/349 kB | 2.7/28 kB Progress (2): 11/349 kB | 4.1/28 kBProgress (2): 12/349 kB | 4.1/28 kBProgress (3): 12/349 kB | 4.1/28 kB | 1.4/255 kBProgress (3): 12/349 kB | 5.5/28 kB | 1.4/255 kBProgress (3): 14/349 kB | 5.5/28 kB | 1.4/255 kBProgress (3): 14/349 kB | 6.9/28 kB | 1.4/255 kBProgress (3): 14/349 kB | 6.9/28 kB | 2.7/255 kBProgress (3): 14/349 kB | 8.2/28 kB | 2.7/255 kBProgress (3): 15/349 kB | 8.2/28 kB | 2.7/255 kBProgress (3): 15/349 kB | 9.6/28 kB | 2.7/255 kBProgress (3): 15/349 kB | 9.6/28 kB | 4.1/255 kBProgress (3): 15/349 kB | 11/28 kB | 4.1/255 kB Progress (3): 16/349 kB | 11/28 kB | 4.1/255 kBProgress (3): 16/349 kB | 12/28 kB | 4.1/255 kBProgress (3): 16/349 kB | 12/28 kB | 5.5/255 kBProgress (3): 16/349 kB | 14/28 kB | 5.5/255 kBProgress (3): 18/349 kB | 14/28 kB | 5.5/255 kBProgress (3): 18/349 kB | 15/28 kB | 5.5/255 kBProgress (3): 18/349 kB | 15/28 kB | 6.9/255 kBProgress (3): 18/349 kB | 16/28 kB | 6.9/255 kBProgress (3): 19/349 kB | 16/28 kB | 6.9/255 kBProgress (3): 19/349 kB | 18/28 kB | 6.9/255 kBProgress (3): 19/349 kB | 18/28 kB | 8.2/255 kBProgress (3): 19/349 kB | 19/28 kB | 8.2/255 kBProgress (3): 21/349 kB | 19/28 kB | 8.2/255 kBProgress (3): 21/349 kB | 21/28 kB | 8.2/255 kBProgress (3): 21/349 kB | 21/28 kB | 9.6/255 kBProgress (3): 21/349 kB | 22/28 kB | 9.6/255 kBProgress (3): 22/349 kB | 22/28 kB | 9.6/255 kBProgress (3): 22/349 kB | 23/28 kB | 9.6/255 kBProgress (3): 22/349 kB | 23/28 kB | 11/255 kB Progress (3): 22/349 kB | 25/28 kB | 11/255 kBProgress (3): 23/349 kB | 25/28 kB | 11/255 kBProgress (3): 23/349 kB | 26/28 kB | 11/255 kBProgress (3): 23/349 kB | 26/28 kB | 12/255 kBProgress (3): 23/349 kB | 27/28 kB | 12/255 kBProgress (3): 25/349 kB | 27/28 kB | 12/255 kBProgress (3): 25/349 kB | 28 kB | 12/255 kB   Progress (3): 25/349 kB | 28 kB | 14/255 kBProgress (3): 26/349 kB | 28 kB | 14/255 kBProgress (3): 26/349 kB | 28 kB | 15/255 kBProgress (4): 26/349 kB | 28 kB | 15/255 kB | 1.4/54 kBProgress (4): 27/349 kB | 28 kB | 15/255 kB | 1.4/54 kBProgress (4): 27/349 kB | 28 kB | 15/255 kB | 2.7/54 kBProgress (4): 27/349 kB | 28 kB | 16/255 kB | 2.7/54 kBProgress (4): 27/349 kB | 28 kB | 16/255 kB | 4.1/54 kBProgress (4): 29/349 kB | 28 kB | 16/255 kB | 4.1/54 kBProgress (4): 29/349 kB | 28 kB | 16/255 kB | 5.5/54 kBProgress (4): 30/349 kB | 28 kB | 16/255 kB | 5.5/54 kBProgress (4): 30/349 kB | 28 kB | 18/255 kB | 5.5/54 kBProgress (4): 32/349 kB | 28 kB | 18/255 kB | 5.5/54 kBProgress (4): 32/349 kB | 28 kB | 18/255 kB | 6.9/54 kBProgress (4): 33/349 kB | 28 kB | 18/255 kB | 6.9/54 kBProgress (4): 33/349 kB | 28 kB | 19/255 kB | 6.9/54 kBProgress (4): 34/349 kB | 28 kB | 19/255 kB | 6.9/54 kBProgress (4): 34/349 kB | 28 kB | 19/255 kB | 8.2/54 kBProgress (4): 36/349 kB | 28 kB | 19/255 kB | 8.2/54 kBProgress (4): 36/349 kB | 28 kB | 21/255 kB | 8.2/54 kBProgress (4): 37/349 kB | 28 kB | 21/255 kB | 8.2/54 kBProgress (4): 37/349 kB | 28 kB | 21/255 kB | 9.6/54 kBProgress (4): 38/349 kB | 28 kB | 21/255 kB | 9.6/54 kBProgress (4): 38/349 kB | 28 kB | 22/255 kB | 9.6/54 kBProgress (4): 40/349 kB | 28 kB | 22/255 kB | 9.6/54 kBProgress (4): 40/349 kB | 28 kB | 22/255 kB | 11/54 kB Progress (4): 41/349 kB | 28 kB | 22/255 kB | 11/54 kBProgress (4): 41/349 kB | 28 kB | 23/255 kB | 11/54 kBProgress (4): 43/349 kB | 28 kB | 23/255 kB | 11/54 kB                                                      Downloaded from central: https://repo.maven.apache.org/maven2/org/apache/ratis/ratis-metrics/0.4.0/ratis-metrics-0.4.0.jar (28 kB at 695 kB/s)
Progress (3): 43/349 kB | 23/255 kB | 12/54 kBProgress (4): 43/349 kB | 23/255 kB | 12/54 kB | 0/1.2 MB                                                         Downloading from central: https://repo.maven.apache.org/maven2/com/github/joshelser/dropwizard-metrics-hadoop-metrics2-reporter/0.1.2/dropwizard-metrics-hadoop-metrics2-reporter-0.1.2.jar
Progress (4): 44/349 kB | 23/255 kB | 12/54 kB | 0/1.2 MBProgress (4): 44/349 kB | 25/255 kB | 12/54 kB | 0/1.2 MBProgress (4): 45/349 kB | 25/255 kB | 12/54 kB | 0/1.2 MBProgress (4): 45/349 kB | 25/255 kB | 12/54 kB | 0/1.2 MBProgress (4): 45/349 kB | 25/255 kB | 14/54 kB | 0/1.2 MBProgress (4): 45/349 kB | 25/255 kB | 14/54 kB | 0/1.2 MBProgress (4): 47/349 kB | 25/255 kB | 14/54 kB | 0/1.2 MBProgress (4): 47/349 kB | 26/255 kB | 14/54 kB | 0/1.2 MBProgress (4): 48/349 kB | 26/255 kB | 14/54 kB | 0/1.2 MBProgress (4): 48/349 kB | 26/255 kB | 14/54 kB | 0/1.2 MBProgress (4): 48/349 kB | 26/255 kB | 15/54 kB | 0/1.2 MBProgress (4): 48/349 kB | 26/255 kB | 15/54 kB | 0/1.2 MBProgress (4): 49/349 kB | 26/255 kB | 15/54 kB | 0/1.2 MBProgress (4): 49/349 kB | 27/255 kB | 15/54 kB | 0/1.2 MBProgress (4): 51/349 kB | 27/255 kB | 15/54 kB | 0/1.2 MBProgress (4): 51/349 kB | 27/255 kB | 15/54 kB | 0/1.2 MBProgress (4): 51/349 kB | 27/255 kB | 16/54 kB | 0/1.2 MBProgress (4): 51/349 kB | 27/255 kB | 16/54 kB | 0/1.2 MBProgress (4): 52/349 kB | 27/255 kB | 16/54 kB | 0/1.2 MBProgress (4): 52/349 kB | 29/255 kB | 16/54 kB | 0/1.2 MBProgress (4): 53/349 kB | 29/255 kB | 16/54 kB | 0/1.2 MBProgress (4): 53/349 kB | 29/255 kB | 16/54 kB | 0/1.2 MBProgress (4): 53/349 kB | 29/255 kB | 18/54 kB | 0/1.2 MBProgress (4): 53/349 kB | 29/255 kB | 18/54 kB | 0/1.2 MBProgress (5): 53/349 kB | 29/255 kB | 18/54 kB | 0/1.2 MB | 1.4/16 kBProgress (5): 55/349 kB | 29/255 kB | 18/54 kB | 0/1.2 MB | 1.4/16 kBProgress (5): 55/349 kB | 30/255 kB | 18/54 kB | 0/1.2 MB | 1.4/16 kBProgress (5): 56/349 kB | 30/255 kB | 18/54 kB | 0/1.2 MB | 1.4/16 kBProgress (5): 56/349 kB | 30/255 kB | 18/54 kB | 0/1.2 MB | 2.7/16 kBProgress (5): 56/349 kB | 30/255 kB | 18/54 kB | 0/1.2 MB | 2.7/16 kBProgress (5): 56/349 kB | 30/255 kB | 19/54 kB | 0/1.2 MB | 2.7/16 kBProgress (5): 56/349 kB | 30/255 kB | 19/54 kB | 0/1.2 MB | 2.7/16 kBProgress (5): 56/349 kB | 30/255 kB | 19/54 kB | 0/1.2 MB | 4.1/16 kBProgress (5): 58/349 kB | 30/255 kB | 19/54 kB | 0/1.2 MB | 4.1/16 kBProgress (5): 58/349 kB | 32/255 kB | 19/54 kB | 0/1.2 MB | 4.1/16 kBProgress (5): 59/349 kB | 32/255 kB | 19/54 kB | 0/1.2 MB | 4.1/16 kBProgress (5): 59/349 kB | 32/255 kB | 19/54 kB | 0/1.2 MB | 5.5/16 kBProgress (5): 59/349 kB | 32/255 kB | 19/54 kB | 0/1.2 MB | 5.5/16 kBProgress (5): 59/349 kB | 32/255 kB | 21/54 kB | 0/1.2 MB | 5.5/16 kBProgress (5): 59/349 kB | 32/255 kB | 21/54 kB | 0/1.2 MB | 5.5/16 kBProgress (5): 59/349 kB | 32/255 kB | 21/54 kB | 0/1.2 MB | 6.9/16 kBProgress (5): 60/349 kB | 32/255 kB | 21/54 kB | 0/1.2 MB | 6.9/16 kBProgress (5): 60/349 kB | 33/255 kB | 21/54 kB | 0/1.2 MB | 6.9/16 kBProgress (5): 62/349 kB | 33/255 kB | 21/54 kB | 0/1.2 MB | 6.9/16 kBProgress (5): 62/349 kB | 33/255 kB | 21/54 kB | 0/1.2 MB | 8.2/16 kBProgress (5): 62/349 kB | 33/255 kB | 21/54 kB | 0/1.2 MB | 8.2/16 kBProgress (5): 62/349 kB | 33/255 kB | 22/54 kB | 0/1.2 MB | 8.2/16 kBProgress (5): 62/349 kB | 33/255 kB | 22/54 kB | 0/1.2 MB | 8.2/16 kBProgress (5): 62/349 kB | 33/255 kB | 22/54 kB | 0/1.2 MB | 9.6/16 kBProgress (5): 63/349 kB | 33/255 kB | 22/54 kB | 0/1.2 MB | 9.6/16 kBProgress (5): 63/349 kB | 34/255 kB | 22/54 kB | 0/1.2 MB | 9.6/16 kBProgress (5): 64/349 kB | 34/255 kB | 22/54 kB | 0/1.2 MB | 9.6/16 kBProgress (5): 64/349 kB | 34/255 kB | 22/54 kB | 0/1.2 MB | 11/16 kB Progress (5): 64/349 kB | 34/255 kB | 22/54 kB | 0/1.2 MB | 11/16 kBProgress (5): 64/349 kB | 34/255 kB | 23/54 kB | 0/1.2 MB | 11/16 kBProgress (5): 64/349 kB | 34/255 kB | 23/54 kB | 0/1.2 MB | 11/16 kBProgress (5): 64/349 kB | 34/255 kB | 23/54 kB | 0/1.2 MB | 12/16 kBProgress (5): 66/349 kB | 34/255 kB | 23/54 kB | 0/1.2 MB | 12/16 kBProgress (5): 66/349 kB | 36/255 kB | 23/54 kB | 0/1.2 MB | 12/16 kBProgress (5): 67/349 kB | 36/255 kB | 23/54 kB | 0/1.2 MB | 12/16 kBProgress (5): 67/349 kB | 36/255 kB | 23/54 kB | 0/1.2 MB | 14/16 kBProgress (5): 67/349 kB | 36/255 kB | 23/54 kB | 0/1.2 MB | 14/16 kBProgress (5): 67/349 kB | 36/255 kB | 25/54 kB | 0/1.2 MB | 14/16 kBProgress (5): 67/349 kB | 36/255 kB | 25/54 kB | 0/1.2 MB | 14/16 kBProgress (5): 67/349 kB | 36/255 kB | 25/54 kB | 0/1.2 MB | 15/16 kBProgress (5): 69/349 kB | 36/255 kB | 25/54 kB | 0/1.2 MB | 15/16 kBProgress (5): 69/349 kB | 37/255 kB | 25/54 kB | 0/1.2 MB | 15/16 kBProgress (5): 70/349 kB | 37/255 kB | 25/54 kB | 0/1.2 MB | 15/16 kBProgress (5): 70/349 kB | 37/255 kB | 25/54 kB | 0/1.2 MB | 16 kB   Progress (5): 70/349 kB | 37/255 kB | 25/54 kB | 0/1.2 MB | 16 kBProgress (5): 70/349 kB | 37/255 kB | 26/54 kB | 0/1.2 MB | 16 kBProgress (5): 70/349 kB | 37/255 kB | 26/54 kB | 0/1.2 MB | 16 kBProgress (5): 71/349 kB | 37/255 kB | 26/54 kB | 0/1.2 MB | 16 kBProgress (5): 71/349 kB | 38/255 kB | 26/54 kB | 0/1.2 MB | 16 kBProgress (5): 73/349 kB | 38/255 kB | 26/54 kB | 0/1.2 MB | 16 kBProgress (5): 73/349 kB | 38/255 kB | 26/54 kB | 0/1.2 MB | 16 kBProgress (5): 73/349 kB | 38/255 kB | 27/54 kB | 0/1.2 MB | 16 kBProgress (5): 73/349 kB | 38/255 kB | 27/54 kB | 0/1.2 MB | 16 kBProgress (5): 74/349 kB | 38/255 kB | 27/54 kB | 0/1.2 MB | 16 kBProgress (5): 74/349 kB | 40/255 kB | 27/54 kB | 0/1.2 MB | 16 kBProgress (5): 75/349 kB | 40/255 kB | 27/54 kB | 0/1.2 MB | 16 kBProgress (5): 75/349 kB | 40/255 kB | 27/54 kB | 0/1.2 MB | 16 kBProgress (5): 75/349 kB | 40/255 kB | 29/54 kB | 0/1.2 MB | 16 kBProgress (5): 75/349 kB | 40/255 kB | 29/54 kB | 0/1.2 MB | 16 kBProgress (5): 75/349 kB | 40/255 kB | 30/54 kB | 0/1.2 MB | 16 kBProgress (5): 77/349 kB | 40/255 kB | 30/54 kB | 0/1.2 MB | 16 kBProgress (5): 77/349 kB | 41/255 kB | 30/54 kB | 0/1.2 MB | 16 kBProgress (5): 78/349 kB | 41/255 kB | 30/54 kB | 0/1.2 MB | 16 kBProgress (5): 78/349 kB | 41/255 kB | 32/54 kB | 0/1.2 MB | 16 kBProgress (5): 78/349 kB | 41/255 kB | 32/54 kB | 0/1.2 MB | 16 kBProgress (5): 78/349 kB | 41/255 kB | 33/54 kB | 0/1.2 MB | 16 kBProgress (5): 80/349 kB | 41/255 kB | 33/54 kB | 0/1.2 MB | 16 kBProgress (5): 80/349 kB | 43/255 kB | 33/54 kB | 0/1.2 MB | 16 kBProgress (5): 81/349 kB | 43/255 kB | 33/54 kB | 0/1.2 MB | 16 kBProgress (5): 81/349 kB | 43/255 kB | 34/54 kB | 0/1.2 MB | 16 kBProgress (5): 81/349 kB | 43/255 kB | 34/54 kB | 0/1.2 MB | 16 kBProgress (5): 81/349 kB | 43/255 kB | 36/54 kB | 0/1.2 MB | 16 kBProgress (5): 82/349 kB | 43/255 kB | 36/54 kB | 0/1.2 MB | 16 kBProgress (5): 82/349 kB | 44/255 kB | 36/54 kB | 0/1.2 MB | 16 kBProgress (5): 84/349 kB | 44/255 kB | 36/54 kB | 0/1.2 MB | 16 kBProgress (5): 84/349 kB | 44/255 kB | 37/54 kB | 0/1.2 MB | 16 kBProgress (5): 84/349 kB | 44/255 kB | 37/54 kB | 0/1.2 MB | 16 kBProgress (5): 84/349 kB | 44/255 kB | 38/54 kB | 0/1.2 MB | 16 kBProgress (5): 85/349 kB | 44/255 kB | 38/54 kB | 0/1.2 MB | 16 kBProgress (5): 85/349 kB | 45/255 kB | 38/54 kB | 0/1.2 MB | 16 kB                                                                 Downloaded from central: https://repo.maven.apache.org/maven2/com/github/joshelser/dropwizard-metrics-hadoop-metrics2-reporter/0.1.2/dropwizard-metrics-hadoop-metrics2-reporter-0.1.2.jar (16 kB at 197 kB/s)
Progress (4): 86/349 kB | 45/255 kB | 38/54 kB | 0/1.2 MBProgress (4): 86/349 kB | 45/255 kB | 40/54 kB | 0/1.2 MBProgress (4): 86/349 kB | 45/255 kB | 40/54 kB | 0/1.2 MBProgress (4): 86/349 kB | 45/255 kB | 41/54 kB | 0/1.2 MBProgress (4): 88/349 kB | 45/255 kB | 41/54 kB | 0/1.2 MB                                                         Downloading from central: https://repo.maven.apache.org/maven2/io/dropwizard/metrics/metrics-jvm/3.2.5/metrics-jvm-3.2.5.jar
Progress (4): 88/349 kB | 47/255 kB | 41/54 kB | 0/1.2 MBProgress (4): 89/349 kB | 47/255 kB | 41/54 kB | 0/1.2 MBProgress (4): 89/349 kB | 47/255 kB | 43/54 kB | 0/1.2 MBProgress (4): 89/349 kB | 47/255 kB | 43/54 kB | 0/1.2 MBProgress (4): 89/349 kB | 47/255 kB | 44/54 kB | 0/1.2 MBProgress (4): 90/349 kB | 47/255 kB | 44/54 kB | 0/1.2 MBProgress (4): 90/349 kB | 48/255 kB | 44/54 kB | 0/1.2 MBProgress (4): 92/349 kB | 48/255 kB | 44/54 kB | 0/1.2 MBProgress (4): 92/349 kB | 48/255 kB | 45/54 kB | 0/1.2 MBProgress (4): 92/349 kB | 48/255 kB | 45/54 kB | 0/1.2 MBProgress (4): 92/349 kB | 48/255 kB | 47/54 kB | 0/1.2 MBProgress (4): 93/349 kB | 48/255 kB | 47/54 kB | 0/1.2 MBProgress (4): 93/349 kB | 49/255 kB | 47/54 kB | 0/1.2 MBProgress (4): 95/349 kB | 49/255 kB | 47/54 kB | 0/1.2 MBProgress (4): 95/349 kB | 49/255 kB | 48/54 kB | 0/1.2 MBProgress (4): 95/349 kB | 49/255 kB | 48/54 kB | 0/1.2 MBProgress (4): 95/349 kB | 49/255 kB | 49/54 kB | 0/1.2 MBProgress (4): 96/349 kB | 49/255 kB | 49/54 kB | 0/1.2 MBProgress (4): 96/349 kB | 51/255 kB | 49/54 kB | 0/1.2 MBProgress (4): 97/349 kB | 51/255 kB | 49/54 kB | 0/1.2 MBProgress (4): 97/349 kB | 51/255 kB | 51/54 kB | 0/1.2 MBProgress (4): 97/349 kB | 51/255 kB | 51/54 kB | 0/1.2 MBProgress (4): 97/349 kB | 51/255 kB | 52/54 kB | 0/1.2 MBProgress (4): 99/349 kB | 51/255 kB | 52/54 kB | 0/1.2 MBProgress (4): 99/349 kB | 52/255 kB | 52/54 kB | 0/1.2 MBProgress (4): 100/349 kB | 52/255 kB | 52/54 kB | 0/1.2 MBProgress (4): 100/349 kB | 52/255 kB | 53/54 kB | 0/1.2 MBProgress (4): 100/349 kB | 52/255 kB | 53/54 kB | 0/1.2 MBProgress (4): 101/349 kB | 52/255 kB | 53/54 kB | 0/1.2 MBProgress (4): 101/349 kB | 53/255 kB | 53/54 kB | 0/1.2 MBProgress (4): 103/349 kB | 53/255 kB | 53/54 kB | 0/1.2 MBProgress (4): 103/349 kB | 53/255 kB | 53/54 kB | 0/1.2 MBProgress (4): 103/349 kB | 53/255 kB | 54 kB | 0/1.2 MB   Progress (4): 103/349 kB | 53/255 kB | 54 kB | 0/1.2 MBProgress (5): 103/349 kB | 53/255 kB | 54 kB | 0/1.2 MB | 1.4/40 kBProgress (5): 104/349 kB | 53/255 kB | 54 kB | 0/1.2 MB | 1.4/40 kBProgress (5): 104/349 kB | 55/255 kB | 54 kB | 0/1.2 MB | 1.4/40 kBProgress (5): 106/349 kB | 55/255 kB | 54 kB | 0/1.2 MB | 1.4/40 kBProgress (5): 106/349 kB | 55/255 kB | 54 kB | 0/1.2 MB | 2.7/40 kBProgress (5): 106/349 kB | 55/255 kB | 54 kB | 0.1/1.2 MB | 2.7/40 kBProgress (5): 106/349 kB | 55/255 kB | 54 kB | 0.1/1.2 MB | 4.1/40 kBProgress (5): 107/349 kB | 55/255 kB | 54 kB | 0.1/1.2 MB | 4.1/40 kBProgress (5): 107/349 kB | 56/255 kB | 54 kB | 0.1/1.2 MB | 4.1/40 kBProgress (5): 108/349 kB | 56/255 kB | 54 kB | 0.1/1.2 MB | 4.1/40 kBProgress (5): 108/349 kB | 56/255 kB | 54 kB | 0.1/1.2 MB | 5.5/40 kBProgress (5): 108/349 kB | 56/255 kB | 54 kB | 0.1/1.2 MB | 5.5/40 kBProgress (5): 108/349 kB | 56/255 kB | 54 kB | 0.1/1.2 MB | 6.9/40 kBProgress (5): 110/349 kB | 56/255 kB | 54 kB | 0.1/1.2 MB | 6.9/40 kBProgress (5): 110/349 kB | 58/255 kB | 54 kB | 0.1/1.2 MB | 6.9/40 kBProgress (5): 111/349 kB | 58/255 kB | 54 kB | 0.1/1.2 MB | 6.9/40 kBProgress (5): 111/349 kB | 58/255 kB | 54 kB | 0.1/1.2 MB | 8.2/40 kBProgress (5): 111/349 kB | 58/255 kB | 54 kB | 0.1/1.2 MB | 8.2/40 kBProgress (5): 111/349 kB | 58/255 kB | 54 kB | 0.1/1.2 MB | 9.6/40 kBProgress (5): 112/349 kB | 58/255 kB | 54 kB | 0.1/1.2 MB | 9.6/40 kBProgress (5): 112/349 kB | 59/255 kB | 54 kB | 0.1/1.2 MB | 9.6/40 kBProgress (5): 114/349 kB | 59/255 kB | 54 kB | 0.1/1.2 MB | 9.6/40 kBProgress (5): 114/349 kB | 59/255 kB | 54 kB | 0.1/1.2 MB | 11/40 kB Progress (5): 114/349 kB | 59/255 kB | 54 kB | 0.1/1.2 MB | 11/40 kBProgress (5): 114/349 kB | 59/255 kB | 54 kB | 0.1/1.2 MB | 12/40 kBProgress (5): 115/349 kB | 59/255 kB | 54 kB | 0.1/1.2 MB | 12/40 kBProgress (5): 115/349 kB | 60/255 kB | 54 kB | 0.1/1.2 MB | 12/40 kBProgress (5): 117/349 kB | 60/255 kB | 54 kB | 0.1/1.2 MB | 12/40 kBProgress (5): 117/349 kB | 60/255 kB | 54 kB | 0.1/1.2 MB | 14/40 kBProgress (5): 117/349 kB | 60/255 kB | 54 kB | 0.1/1.2 MB | 14/40 kBProgress (5): 117/349 kB | 60/255 kB | 54 kB | 0.1/1.2 MB | 15/40 kBProgress (5): 118/349 kB | 60/255 kB | 54 kB | 0.1/1.2 MB | 15/40 kBProgress (5): 118/349 kB | 62/255 kB | 54 kB | 0.1/1.2 MB | 15/40 kBProgress (5): 119/349 kB | 62/255 kB | 54 kB | 0.1/1.2 MB | 15/40 kBProgress (5): 119/349 kB | 62/255 kB | 54 kB | 0.1/1.2 MB | 16/40 kBProgress (5): 119/349 kB | 62/255 kB | 54 kB | 0.1/1.2 MB | 16/40 kBProgress (5): 119/349 kB | 62/255 kB | 54 kB | 0.1/1.2 MB | 18/40 kBProgress (5): 121/349 kB | 62/255 kB | 54 kB | 0.1/1.2 MB | 18/40 kBProgress (5): 121/349 kB | 63/255 kB | 54 kB | 0.1/1.2 MB | 18/40 kBProgress (5): 122/349 kB | 63/255 kB | 54 kB | 0.1/1.2 MB | 18/40 kB                                                                    Downloaded from central: https://repo.maven.apache.org/maven2/org/apache/ratis/ratis-client/0.4.0/ratis-client-0.4.0.jar (54 kB at 513 kB/s)
Progress (4): 122/349 kB | 63/255 kB | 0.1/1.2 MB | 19/40 kBProgress (4): 122/349 kB | 63/255 kB | 0.1/1.2 MB | 19/40 kBProgress (4): 122/349 kB | 63/255 kB | 0.1/1.2 MB | 21/40 kB                                                            Downloading from central: https://repo.maven.apache.org/maven2/io/dropwizard/metrics/metrics-ganglia/3.2.5/metrics-ganglia-3.2.5.jar
Progress (4): 123/349 kB | 63/255 kB | 0.1/1.2 MB | 21/40 kBProgress (4): 123/349 kB | 64/255 kB | 0.1/1.2 MB | 21/40 kBProgress (4): 125/349 kB | 64/255 kB | 0.1/1.2 MB | 21/40 kBProgress (4): 125/349 kB | 64/255 kB | 0.1/1.2 MB | 22/40 kBProgress (4): 125/349 kB | 64/255 kB | 0.1/1.2 MB | 22/40 kBProgress (4): 125/349 kB | 64/255 kB | 0.1/1.2 MB | 23/40 kBProgress (4): 126/349 kB | 64/255 kB | 0.1/1.2 MB | 23/40 kBProgress (4): 126/349 kB | 66/255 kB | 0.1/1.2 MB | 23/40 kBProgress (4): 128/349 kB | 66/255 kB | 0.1/1.2 MB | 23/40 kBProgress (4): 128/349 kB | 66/255 kB | 0.1/1.2 MB | 25/40 kBProgress (4): 128/349 kB | 66/255 kB | 0.1/1.2 MB | 25/40 kBProgress (4): 128/349 kB | 66/255 kB | 0.1/1.2 MB | 26/40 kBProgress (4): 129/349 kB | 66/255 kB | 0.1/1.2 MB | 26/40 kBProgress (4): 129/349 kB | 67/255 kB | 0.1/1.2 MB | 26/40 kBProgress (4): 130/349 kB | 67/255 kB | 0.1/1.2 MB | 26/40 kBProgress (4): 130/349 kB | 67/255 kB | 0.1/1.2 MB | 27/40 kBProgress (4): 130/349 kB | 67/255 kB | 0.1/1.2 MB | 27/40 kBProgress (4): 130/349 kB | 67/255 kB | 0.1/1.2 MB | 29/40 kBProgress (4): 132/349 kB | 67/255 kB | 0.1/1.2 MB | 29/40 kBProgress (4): 132/349 kB | 69/255 kB | 0.1/1.2 MB | 29/40 kBProgress (4): 133/349 kB | 69/255 kB | 0.1/1.2 MB | 29/40 kBProgress (4): 133/349 kB | 69/255 kB | 0.1/1.2 MB | 30/40 kBProgress (4): 133/349 kB | 69/255 kB | 0.1/1.2 MB | 30/40 kBProgress (4): 133/349 kB | 69/255 kB | 0.1/1.2 MB | 32/40 kBProgress (4): 134/349 kB | 69/255 kB | 0.1/1.2 MB | 32/40 kBProgress (4): 134/349 kB | 70/255 kB | 0.1/1.2 MB | 32/40 kBProgress (4): 136/349 kB | 70/255 kB | 0.1/1.2 MB | 32/40 kBProgress (4): 136/349 kB | 70/255 kB | 0.1/1.2 MB | 33/40 kBProgress (4): 136/349 kB | 70/255 kB | 0.1/1.2 MB | 33/40 kBProgress (4): 136/349 kB | 70/255 kB | 0.1/1.2 MB | 34/40 kBProgress (4): 137/349 kB | 70/255 kB | 0.1/1.2 MB | 34/40 kBProgress (4): 137/349 kB | 71/255 kB | 0.1/1.2 MB | 34/40 kBProgress (4): 138/349 kB | 71/255 kB | 0.1/1.2 MB | 34/40 kBProgress (4): 138/349 kB | 73/255 kB | 0.1/1.2 MB | 34/40 kBProgress (4): 138/349 kB | 73/255 kB | 0.1/1.2 MB | 36/40 kBProgress (4): 138/349 kB | 73/255 kB | 0.1/1.2 MB | 36/40 kBProgress (4): 138/349 kB | 74/255 kB | 0.1/1.2 MB | 36/40 kBProgress (4): 140/349 kB | 74/255 kB | 0.1/1.2 MB | 36/40 kBProgress (5): 140/349 kB | 74/255 kB | 0.1/1.2 MB | 36/40 kB | 1.4/9.9 kBProgress (5): 140/349 kB | 74/255 kB | 0.1/1.2 MB | 36/40 kB | 1.4/9.9 kBProgress (5): 140/349 kB | 74/255 kB | 0.1/1.2 MB | 37/40 kB | 1.4/9.9 kBProgress (5): 140/349 kB | 74/255 kB | 0.1/1.2 MB | 37/40 kB | 1.4/9.9 kBProgress (5): 140/349 kB | 74/255 kB | 0.1/1.2 MB | 37/40 kB | 2.7/9.9 kBProgress (5): 141/349 kB | 74/255 kB | 0.1/1.2 MB | 37/40 kB | 2.7/9.9 kBProgress (5): 141/349 kB | 75/255 kB | 0.1/1.2 MB | 37/40 kB | 2.7/9.9 kBProgress (5): 143/349 kB | 75/255 kB | 0.1/1.2 MB | 37/40 kB | 2.7/9.9 kBProgress (5): 143/349 kB | 75/255 kB | 0.1/1.2 MB | 37/40 kB | 4.1/9.9 kBProgress (5): 143/349 kB | 75/255 kB | 0.1/1.2 MB | 37/40 kB | 4.1/9.9 kBProgress (5): 143/349 kB | 75/255 kB | 0.1/1.2 MB | 38/40 kB | 4.1/9.9 kBProgress (5): 143/349 kB | 75/255 kB | 0.1/1.2 MB | 38/40 kB | 4.1/9.9 kBProgress (5): 143/349 kB | 75/255 kB | 0.1/1.2 MB | 38/40 kB | 5.5/9.9 kBProgress (5): 144/349 kB | 75/255 kB | 0.1/1.2 MB | 38/40 kB | 5.5/9.9 kBProgress (5): 144/349 kB | 77/255 kB | 0.1/1.2 MB | 38/40 kB | 5.5/9.9 kBProgress (5): 145/349 kB | 77/255 kB | 0.1/1.2 MB | 38/40 kB | 5.5/9.9 kBProgress (5): 145/349 kB | 78/255 kB | 0.1/1.2 MB | 38/40 kB | 5.5/9.9 kBProgress (5): 145/349 kB | 78/255 kB | 0.1/1.2 MB | 38/40 kB | 6.9/9.9 kBProgress (5): 145/349 kB | 78/255 kB | 0.1/1.2 MB | 38/40 kB | 6.9/9.9 kBProgress (5): 145/349 kB | 78/255 kB | 0.1/1.2 MB | 40/40 kB | 6.9/9.9 kBProgress (5): 145/349 kB | 78/255 kB | 0.1/1.2 MB | 40/40 kB | 6.9/9.9 kBProgress (5): 145/349 kB | 78/255 kB | 0.1/1.2 MB | 40/40 kB | 8.2/9.9 kBProgress (5): 145/349 kB | 80/255 kB | 0.1/1.2 MB | 40/40 kB | 8.2/9.9 kBProgress (5): 147/349 kB | 80/255 kB | 0.1/1.2 MB | 40/40 kB | 8.2/9.9 kBProgress (5): 147/349 kB | 81/255 kB | 0.1/1.2 MB | 40/40 kB | 8.2/9.9 kBProgress (5): 147/349 kB | 81/255 kB | 0.1/1.2 MB | 40/40 kB | 9.6/9.9 kBProgress (5): 147/349 kB | 81/255 kB | 0.1/1.2 MB | 40/40 kB | 9.6/9.9 kBProgress (5): 147/349 kB | 81/255 kB | 0.1/1.2 MB | 40 kB | 9.6/9.9 kB   Progress (5): 147/349 kB | 81/255 kB | 0.1/1.2 MB | 40 kB | 9.6/9.9 kBProgress (5): 147/349 kB | 81/255 kB | 0.1/1.2 MB | 40 kB | 9.9 kB    Progress (5): 147/349 kB | 82/255 kB | 0.1/1.2 MB | 40 kB | 9.9 kBProgress (5): 148/349 kB | 82/255 kB | 0.1/1.2 MB | 40 kB | 9.9 kBProgress (5): 148/349 kB | 84/255 kB | 0.1/1.2 MB | 40 kB | 9.9 kBProgress (5): 148/349 kB | 84/255 kB | 0.1/1.2 MB | 40 kB | 9.9 kBProgress (5): 148/349 kB | 85/255 kB | 0.1/1.2 MB | 40 kB | 9.9 kBProgress (5): 149/349 kB | 85/255 kB | 0.1/1.2 MB | 40 kB | 9.9 kBProgress (5): 149/349 kB | 86/255 kB | 0.1/1.2 MB | 40 kB | 9.9 kBProgress (5): 149/349 kB | 86/255 kB | 0.1/1.2 MB | 40 kB | 9.9 kBProgress (5): 149/349 kB | 88/255 kB | 0.1/1.2 MB | 40 kB | 9.9 kBProgress (5): 151/349 kB | 88/255 kB | 0.1/1.2 MB | 40 kB | 9.9 kBProgress (5): 151/349 kB | 89/255 kB | 0.1/1.2 MB | 40 kB | 9.9 kBProgress (5): 151/349 kB | 89/255 kB | 0.1/1.2 MB | 40 kB | 9.9 kBProgress (5): 151/349 kB | 90/255 kB | 0.1/1.2 MB | 40 kB | 9.9 kBProgress (5): 152/349 kB | 90/255 kB | 0.1/1.2 MB | 40 kB | 9.9 kBProgress (5): 152/349 kB | 92/255 kB | 0.1/1.2 MB | 40 kB | 9.9 kBProgress (5): 152/349 kB | 92/255 kB | 0.1/1.2 MB | 40 kB | 9.9 kBProgress (5): 152/349 kB | 93/255 kB | 0.1/1.2 MB | 40 kB | 9.9 kBProgress (5): 154/349 kB | 93/255 kB | 0.1/1.2 MB | 40 kB | 9.9 kBProgress (5): 154/349 kB | 95/255 kB | 0.1/1.2 MB | 40 kB | 9.9 kBProgress (5): 154/349 kB | 95/255 kB | 0.1/1.2 MB | 40 kB | 9.9 kBProgress (5): 154/349 kB | 96/255 kB | 0.1/1.2 MB | 40 kB | 9.9 kBProgress (5): 155/349 kB | 96/255 kB | 0.1/1.2 MB | 40 kB | 9.9 kBProgress (5): 155/349 kB | 97/255 kB | 0.1/1.2 MB | 40 kB | 9.9 kBProgress (5): 155/349 kB | 97/255 kB | 0.1/1.2 MB | 40 kB | 9.9 kBProgress (5): 155/349 kB | 99/255 kB | 0.1/1.2 MB | 40 kB | 9.9 kBProgress (5): 156/349 kB | 99/255 kB | 0.1/1.2 MB | 40 kB | 9.9 kBProgress (5): 156/349 kB | 100/255 kB | 0.1/1.2 MB | 40 kB | 9.9 kBProgress (5): 156/349 kB | 100/255 kB | 0.1/1.2 MB | 40 kB | 9.9 kBProgress (5): 156/349 kB | 101/255 kB | 0.1/1.2 MB | 40 kB | 9.9 kBProgress (5): 158/349 kB | 101/255 kB | 0.1/1.2 MB | 40 kB | 9.9 kBProgress (5): 158/349 kB | 103/255 kB | 0.1/1.2 MB | 40 kB | 9.9 kBProgress (5): 158/349 kB | 103/255 kB | 0.1/1.2 MB | 40 kB | 9.9 kBProgress (5): 158/349 kB | 104/255 kB | 0.1/1.2 MB | 40 kB | 9.9 kBProgress (5): 159/349 kB | 104/255 kB | 0.1/1.2 MB | 40 kB | 9.9 kBProgress (5): 159/349 kB | 106/255 kB | 0.1/1.2 MB | 40 kB | 9.9 kBProgress (5): 159/349 kB | 106/255 kB | 0.1/1.2 MB | 40 kB | 9.9 kBProgress (5): 159/349 kB | 107/255 kB | 0.1/1.2 MB | 40 kB | 9.9 kBProgress (5): 160/349 kB | 107/255 kB | 0.1/1.2 MB | 40 kB | 9.9 kBProgress (5): 160/349 kB | 108/255 kB | 0.1/1.2 MB | 40 kB | 9.9 kBProgress (5): 160/349 kB | 108/255 kB | 0.1/1.2 MB | 40 kB | 9.9 kBProgress (5): 160/349 kB | 110/255 kB | 0.1/1.2 MB | 40 kB | 9.9 kBProgress (5): 162/349 kB | 110/255 kB | 0.1/1.2 MB | 40 kB | 9.9 kBProgress (5): 162/349 kB | 111/255 kB | 0.1/1.2 MB | 40 kB | 9.9 kB                                                                   Downloaded from central: https://repo.maven.apache.org/maven2/io/dropwizard/metrics/metrics-ganglia/3.2.5/metrics-ganglia-3.2.5.jar (9.9 kB at 73 kB/s)
Downloading from central: https://repo.maven.apache.org/maven2/info/ganglia/gmetric4j/gmetric4j/1.0.7/gmetric4j-1.0.7.jar
Progress (4): 162/349 kB | 111/255 kB | 0.1/1.2 MB | 40 kB                                                          Downloaded from central: https://repo.maven.apache.org/maven2/io/dropwizard/metrics/metrics-jvm/3.2.5/metrics-jvm-3.2.5.jar (40 kB at 295 kB/s)
Progress (3): 162/349 kB | 112/255 kB | 0.1/1.2 MBProgress (3): 163/349 kB | 112/255 kB | 0.1/1.2 MBProgress (3): 163/349 kB | 114/255 kB | 0.1/1.2 MB                                                  Downloading from central: https://repo.maven.apache.org/maven2/org/apache/ratis/ratis-netty/0.4.0/ratis-netty-0.4.0.jar
Progress (3): 163/349 kB | 114/255 kB | 0.1/1.2 MBProgress (3): 163/349 kB | 115/255 kB | 0.1/1.2 MBProgress (3): 165/349 kB | 115/255 kB | 0.1/1.2 MBProgress (3): 165/349 kB | 117/255 kB | 0.1/1.2 MBProgress (3): 165/349 kB | 117/255 kB | 0.1/1.2 MBProgress (3): 165/349 kB | 118/255 kB | 0.1/1.2 MBProgress (3): 165/349 kB | 119/255 kB | 0.1/1.2 MBProgress (3): 166/349 kB | 119/255 kB | 0.1/1.2 MBProgress (3): 166/349 kB | 121/255 kB | 0.1/1.2 MBProgress (3): 166/349 kB | 121/255 kB | 0.1/1.2 MBProgress (3): 166/349 kB | 122/255 kB | 0.1/1.2 MBProgress (3): 167/349 kB | 122/255 kB | 0.1/1.2 MBProgress (3): 167/349 kB | 123/255 kB | 0.1/1.2 MBProgress (3): 167/349 kB | 123/255 kB | 0.1/1.2 MBProgress (3): 167/349 kB | 125/255 kB | 0.1/1.2 MBProgress (3): 169/349 kB | 125/255 kB | 0.1/1.2 MBProgress (3): 169/349 kB | 126/255 kB | 0.1/1.2 MBProgress (3): 169/349 kB | 126/255 kB | 0.1/1.2 MBProgress (3): 169/349 kB | 128/255 kB | 0.1/1.2 MBProgress (3): 170/349 kB | 128/255 kB | 0.1/1.2 MBProgress (3): 170/349 kB | 129/255 kB | 0.1/1.2 MBProgress (3): 170/349 kB | 129/255 kB | 0.1/1.2 MBProgress (3): 170/349 kB | 130/255 kB | 0.1/1.2 MBProgress (3): 171/349 kB | 130/255 kB | 0.1/1.2 MBProgress (3): 171/349 kB | 132/255 kB | 0.1/1.2 MBProgress (3): 171/349 kB | 132/255 kB | 0.1/1.2 MBProgress (3): 171/349 kB | 133/255 kB | 0.1/1.2 MBProgress (3): 173/349 kB | 133/255 kB | 0.1/1.2 MBProgress (3): 173/349 kB | 134/255 kB | 0.1/1.2 MBProgress (3): 173/349 kB | 134/255 kB | 0.1/1.2 MBProgress (3): 173/349 kB | 136/255 kB | 0.1/1.2 MBProgress (3): 173/349 kB | 136/255 kB | 0.1/1.2 MBProgress (3): 174/349 kB | 136/255 kB | 0.1/1.2 MBProgress (3): 174/349 kB | 136/255 kB | 0.1/1.2 MBProgress (3): 174/349 kB | 137/255 kB | 0.1/1.2 MBProgress (3): 174/349 kB | 137/255 kB | 0.1/1.2 MBProgress (3): 175/349 kB | 137/255 kB | 0.1/1.2 MBProgress (3): 175/349 kB | 137/255 kB | 0.1/1.2 MBProgress (3): 175/349 kB | 138/255 kB | 0.1/1.2 MBProgress (3): 175/349 kB | 138/255 kB | 0.1/1.2 MBProgress (3): 177/349 kB | 138/255 kB | 0.1/1.2 MBProgress (3): 177/349 kB | 138/255 kB | 0.1/1.2 MBProgress (3): 177/349 kB | 140/255 kB | 0.1/1.2 MBProgress (3): 177/349 kB | 140/255 kB | 0.1/1.2 MBProgress (3): 178/349 kB | 140/255 kB | 0.1/1.2 MBProgress (3): 178/349 kB | 140/255 kB | 0.1/1.2 MBProgress (3): 178/349 kB | 141/255 kB | 0.1/1.2 MBProgress (3): 178/349 kB | 141/255 kB | 0.1/1.2 MBProgress (3): 180/349 kB | 141/255 kB | 0.1/1.2 MBProgress (3): 180/349 kB | 141/255 kB | 0.1/1.2 MBProgress (4): 180/349 kB | 141/255 kB | 0.1/1.2 MB | 1.4/43 kBProgress (4): 180/349 kB | 143/255 kB | 0.1/1.2 MB | 1.4/43 kBProgress (4): 180/349 kB | 143/255 kB | 0.1/1.2 MB | 2.7/43 kBProgress (4): 180/349 kB | 143/255 kB | 0.1/1.2 MB | 2.7/43 kBProgress (4): 181/349 kB | 143/255 kB | 0.1/1.2 MB | 2.7/43 kBProgress (4): 181/349 kB | 143/255 kB | 0.1/1.2 MB | 2.7/43 kBProgress (4): 181/349 kB | 143/255 kB | 0.1/1.2 MB | 4.1/43 kBProgress (4): 181/349 kB | 144/255 kB | 0.1/1.2 MB | 4.1/43 kBProgress (4): 181/349 kB | 144/255 kB | 0.1/1.2 MB | 5.5/43 kBProgress (4): 181/349 kB | 144/255 kB | 0.1/1.2 MB | 5.5/43 kBProgress (4): 182/349 kB | 144/255 kB | 0.1/1.2 MB | 5.5/43 kBProgress (4): 182/349 kB | 144/255 kB | 0.1/1.2 MB | 5.5/43 kBProgress (4): 182/349 kB | 144/255 kB | 0.1/1.2 MB | 6.9/43 kBProgress (5): 182/349 kB | 144/255 kB | 0.1/1.2 MB | 6.9/43 kB | 1.4/33 kBProgress (5): 182/349 kB | 145/255 kB | 0.1/1.2 MB | 6.9/43 kB | 1.4/33 kBProgress (5): 182/349 kB | 145/255 kB | 0.1/1.2 MB | 6.9/43 kB | 2.7/33 kBProgress (5): 182/349 kB | 145/255 kB | 0.1/1.2 MB | 8.2/43 kB | 2.7/33 kBProgress (5): 182/349 kB | 145/255 kB | 0.1/1.2 MB | 8.2/43 kB | 2.7/33 kBProgress (5): 184/349 kB | 145/255 kB | 0.1/1.2 MB | 8.2/43 kB | 2.7/33 kBProgress (5): 184/349 kB | 145/255 kB | 0.1/1.2 MB | 8.2/43 kB | 2.7/33 kBProgress (5): 184/349 kB | 145/255 kB | 0.1/1.2 MB | 9.6/43 kB | 2.7/33 kBProgress (5): 184/349 kB | 145/255 kB | 0.1/1.2 MB | 9.6/43 kB | 4.1/33 kBProgress (5): 184/349 kB | 147/255 kB | 0.1/1.2 MB | 9.6/43 kB | 4.1/33 kBProgress (5): 184/349 kB | 147/255 kB | 0.1/1.2 MB | 9.6/43 kB | 5.5/33 kBProgress (5): 184/349 kB | 147/255 kB | 0.1/1.2 MB | 11/43 kB | 5.5/33 kB Progress (5): 184/349 kB | 147/255 kB | 0.1/1.2 MB | 11/43 kB | 5.5/33 kBProgress (5): 185/349 kB | 147/255 kB | 0.1/1.2 MB | 11/43 kB | 5.5/33 kBProgress (5): 185/349 kB | 147/255 kB | 0.1/1.2 MB | 11/43 kB | 5.5/33 kBProgress (5): 185/349 kB | 147/255 kB | 0.1/1.2 MB | 12/43 kB | 5.5/33 kBProgress (5): 185/349 kB | 147/255 kB | 0.1/1.2 MB | 12/43 kB | 6.9/33 kBProgress (5): 185/349 kB | 148/255 kB | 0.1/1.2 MB | 12/43 kB | 6.9/33 kBProgress (5): 185/349 kB | 148/255 kB | 0.1/1.2 MB | 12/43 kB | 8.2/33 kBProgress (5): 185/349 kB | 148/255 kB | 0.1/1.2 MB | 14/43 kB | 8.2/33 kBProgress (5): 185/349 kB | 148/255 kB | 0.1/1.2 MB | 14/43 kB | 8.2/33 kBProgress (5): 186/349 kB | 148/255 kB | 0.1/1.2 MB | 14/43 kB | 8.2/33 kBProgress (5): 186/349 kB | 148/255 kB | 0.1/1.2 MB | 14/43 kB | 8.2/33 kBProgress (5): 186/349 kB | 148/255 kB | 0.1/1.2 MB | 15/43 kB | 8.2/33 kBProgress (5): 186/349 kB | 148/255 kB | 0.1/1.2 MB | 15/43 kB | 9.6/33 kBProgress (5): 186/349 kB | 149/255 kB | 0.1/1.2 MB | 15/43 kB | 9.6/33 kBProgress (5): 186/349 kB | 149/255 kB | 0.1/1.2 MB | 15/43 kB | 11/33 kB Progress (5): 186/349 kB | 149/255 kB | 0.1/1.2 MB | 16/43 kB | 11/33 kBProgress (5): 186/349 kB | 149/255 kB | 0.1/1.2 MB | 16/43 kB | 11/33 kBProgress (5): 188/349 kB | 149/255 kB | 0.1/1.2 MB | 16/43 kB | 11/33 kBProgress (5): 188/349 kB | 149/255 kB | 0.1/1.2 MB | 16/43 kB | 11/33 kBProgress (5): 188/349 kB | 149/255 kB | 0.1/1.2 MB | 18/43 kB | 11/33 kBProgress (5): 188/349 kB | 149/255 kB | 0.1/1.2 MB | 18/43 kB | 12/33 kBProgress (5): 188/349 kB | 151/255 kB | 0.1/1.2 MB | 18/43 kB | 12/33 kBProgress (5): 188/349 kB | 151/255 kB | 0.1/1.2 MB | 18/43 kB | 14/33 kBProgress (5): 188/349 kB | 151/255 kB | 0.1/1.2 MB | 19/43 kB | 14/33 kBProgress (5): 188/349 kB | 151/255 kB | 0.1/1.2 MB | 19/43 kB | 14/33 kBProgress (5): 189/349 kB | 151/255 kB | 0.1/1.2 MB | 19/43 kB | 14/33 kBProgress (5): 189/349 kB | 151/255 kB | 0.1/1.2 MB | 19/43 kB | 14/33 kBProgress (5): 189/349 kB | 151/255 kB | 0.1/1.2 MB | 21/43 kB | 14/33 kBProgress (5): 189/349 kB | 151/255 kB | 0.1/1.2 MB | 21/43 kB | 15/33 kBProgress (5): 189/349 kB | 152/255 kB | 0.1/1.2 MB | 21/43 kB | 15/33 kBProgress (5): 189/349 kB | 152/255 kB | 0.1/1.2 MB | 21/43 kB | 16/33 kBProgress (5): 189/349 kB | 152/255 kB | 0.1/1.2 MB | 22/43 kB | 16/33 kBProgress (5): 189/349 kB | 152/255 kB | 0.1/1.2 MB | 22/43 kB | 16/33 kBProgress (5): 191/349 kB | 152/255 kB | 0.1/1.2 MB | 22/43 kB | 16/33 kBProgress (5): 191/349 kB | 152/255 kB | 0.1/1.2 MB | 22/43 kB | 16/33 kBProgress (5): 191/349 kB | 152/255 kB | 0.1/1.2 MB | 23/43 kB | 16/33 kBProgress (5): 191/349 kB | 152/255 kB | 0.1/1.2 MB | 23/43 kB | 18/33 kBProgress (5): 191/349 kB | 154/255 kB | 0.1/1.2 MB | 23/43 kB | 18/33 kBProgress (5): 191/349 kB | 154/255 kB | 0.1/1.2 MB | 23/43 kB | 19/33 kBProgress (5): 191/349 kB | 154/255 kB | 0.1/1.2 MB | 25/43 kB | 19/33 kBProgress (5): 191/349 kB | 154/255 kB | 0.1/1.2 MB | 25/43 kB | 19/33 kBProgress (5): 192/349 kB | 154/255 kB | 0.1/1.2 MB | 25/43 kB | 19/33 kBProgress (5): 192/349 kB | 154/255 kB | 0.1/1.2 MB | 25/43 kB | 19/33 kBProgress (5): 192/349 kB | 154/255 kB | 0.1/1.2 MB | 26/43 kB | 19/33 kBProgress (5): 192/349 kB | 154/255 kB | 0.1/1.2 MB | 26/43 kB | 21/33 kBProgress (5): 192/349 kB | 155/255 kB | 0.1/1.2 MB | 26/43 kB | 21/33 kBProgress (5): 192/349 kB | 155/255 kB | 0.1/1.2 MB | 26/43 kB | 22/33 kBProgress (5): 192/349 kB | 155/255 kB | 0.1/1.2 MB | 27/43 kB | 22/33 kBProgress (5): 192/349 kB | 155/255 kB | 0.1/1.2 MB | 27/43 kB | 22/33 kBProgress (5): 193/349 kB | 155/255 kB | 0.1/1.2 MB | 27/43 kB | 22/33 kBProgress (5): 193/349 kB | 155/255 kB | 0.1/1.2 MB | 27/43 kB | 22/33 kBProgress (5): 193/349 kB | 155/255 kB | 0.1/1.2 MB | 29/43 kB | 22/33 kBProgress (5): 193/349 kB | 155/255 kB | 0.1/1.2 MB | 29/43 kB | 23/33 kBProgress (5): 193/349 kB | 156/255 kB | 0.1/1.2 MB | 29/43 kB | 23/33 kBProgress (5): 193/349 kB | 156/255 kB | 0.1/1.2 MB | 29/43 kB | 25/33 kBProgress (5): 193/349 kB | 156/255 kB | 0.1/1.2 MB | 30/43 kB | 25/33 kBProgress (5): 193/349 kB | 156/255 kB | 0.1/1.2 MB | 30/43 kB | 25/33 kBProgress (5): 195/349 kB | 156/255 kB | 0.1/1.2 MB | 30/43 kB | 25/33 kBProgress (5): 195/349 kB | 156/255 kB | 0.1/1.2 MB | 30/43 kB | 25/33 kBProgress (5): 195/349 kB | 156/255 kB | 0.1/1.2 MB | 32/43 kB | 25/33 kBProgress (5): 195/349 kB | 156/255 kB | 0.1/1.2 MB | 32/43 kB | 26/33 kBProgress (5): 195/349 kB | 158/255 kB | 0.1/1.2 MB | 32/43 kB | 26/33 kBProgress (5): 195/349 kB | 158/255 kB | 0.1/1.2 MB | 32/43 kB | 27/33 kBProgress (5): 195/349 kB | 158/255 kB | 0.1/1.2 MB | 33/43 kB | 27/33 kBProgress (5): 195/349 kB | 158/255 kB | 0.1/1.2 MB | 33/43 kB | 27/33 kBProgress (5): 196/349 kB | 158/255 kB | 0.1/1.2 MB | 33/43 kB | 27/33 kBProgress (5): 196/349 kB | 158/255 kB | 0.2/1.2 MB | 33/43 kB | 27/33 kBProgress (5): 196/349 kB | 158/255 kB | 0.2/1.2 MB | 34/43 kB | 27/33 kBProgress (5): 196/349 kB | 158/255 kB | 0.2/1.2 MB | 34/43 kB | 27/33 kBProgress (5): 196/349 kB | 158/255 kB | 0.2/1.2 MB | 34/43 kB | 29/33 kBProgress (5): 196/349 kB | 159/255 kB | 0.2/1.2 MB | 34/43 kB | 29/33 kBProgress (5): 196/349 kB | 159/255 kB | 0.2/1.2 MB | 34/43 kB | 30/33 kBProgress (5): 196/349 kB | 159/255 kB | 0.2/1.2 MB | 34/43 kB | 30/33 kBProgress (5): 196/349 kB | 159/255 kB | 0.2/1.2 MB | 36/43 kB | 30/33 kBProgress (5): 197/349 kB | 159/255 kB | 0.2/1.2 MB | 36/43 kB | 30/33 kBProgress (5): 197/349 kB | 159/255 kB | 0.2/1.2 MB | 37/43 kB | 30/33 kBProgress (5): 197/349 kB | 159/255 kB | 0.2/1.2 MB | 37/43 kB | 30/33 kBProgress (5): 197/349 kB | 159/255 kB | 0.2/1.2 MB | 37/43 kB | 32/33 kBProgress (5): 197/349 kB | 160/255 kB | 0.2/1.2 MB | 37/43 kB | 32/33 kBProgress (5): 197/349 kB | 160/255 kB | 0.2/1.2 MB | 37/43 kB | 33/33 kBProgress (5): 197/349 kB | 160/255 kB | 0.2/1.2 MB | 37/43 kB | 33/33 kBProgress (5): 197/349 kB | 160/255 kB | 0.2/1.2 MB | 38/43 kB | 33/33 kBProgress (5): 199/349 kB | 160/255 kB | 0.2/1.2 MB | 38/43 kB | 33/33 kBProgress (5): 199/349 kB | 160/255 kB | 0.2/1.2 MB | 40/43 kB | 33/33 kBProgress (5): 199/349 kB | 160/255 kB | 0.2/1.2 MB | 40/43 kB | 33/33 kBProgress (5): 199/349 kB | 160/255 kB | 0.2/1.2 MB | 40/43 kB | 33 kB   Progress (5): 199/349 kB | 162/255 kB | 0.2/1.2 MB | 40/43 kB | 33 kBProgress (5): 199/349 kB | 162/255 kB | 0.2/1.2 MB | 40/43 kB | 33 kBProgress (5): 199/349 kB | 162/255 kB | 0.2/1.2 MB | 41/43 kB | 33 kBProgress (5): 200/349 kB | 162/255 kB | 0.2/1.2 MB | 41/43 kB | 33 kBProgress (5): 200/349 kB | 162/255 kB | 0.2/1.2 MB | 43/43 kB | 33 kBProgress (5): 200/349 kB | 162/255 kB | 0.2/1.2 MB | 43/43 kB | 33 kBProgress (5): 200/349 kB | 163/255 kB | 0.2/1.2 MB | 43/43 kB | 33 kBProgress (5): 200/349 kB | 163/255 kB | 0.2/1.2 MB | 43/43 kB | 33 kBProgress (5): 200/349 kB | 163/255 kB | 0.2/1.2 MB | 43 kB | 33 kB   Progress (5): 202/349 kB | 163/255 kB | 0.2/1.2 MB | 43 kB | 33 kBProgress (5): 202/349 kB | 163/255 kB | 0.2/1.2 MB | 43 kB | 33 kBProgress (5): 202/349 kB | 165/255 kB | 0.2/1.2 MB | 43 kB | 33 kBProgress (5): 202/349 kB | 165/255 kB | 0.2/1.2 MB | 43 kB | 33 kBProgress (5): 203/349 kB | 165/255 kB | 0.2/1.2 MB | 43 kB | 33 kBProgress (5): 203/349 kB | 165/255 kB | 0.2/1.2 MB | 43 kB | 33 kBProgress (5): 203/349 kB | 166/255 kB | 0.2/1.2 MB | 43 kB | 33 kBProgress (5): 203/349 kB | 166/255 kB | 0.2/1.2 MB | 43 kB | 33 kBProgress (5): 204/349 kB | 166/255 kB | 0.2/1.2 MB | 43 kB | 33 kBProgress (5): 204/349 kB | 166/255 kB | 0.2/1.2 MB | 43 kB | 33 kBProgress (5): 204/349 kB | 167/255 kB | 0.2/1.2 MB | 43 kB | 33 kBProgress (5): 204/349 kB | 167/255 kB | 0.2/1.2 MB | 43 kB | 33 kBProgress (5): 206/349 kB | 167/255 kB | 0.2/1.2 MB | 43 kB | 33 kBProgress (5): 206/349 kB | 167/255 kB | 0.2/1.2 MB | 43 kB | 33 kBProgress (5): 206/349 kB | 169/255 kB | 0.2/1.2 MB | 43 kB | 33 kBProgress (5): 206/349 kB | 169/255 kB | 0.2/1.2 MB | 43 kB | 33 kBProgress (5): 207/349 kB | 169/255 kB | 0.2/1.2 MB | 43 kB | 33 kBProgress (5): 207/349 kB | 169/255 kB | 0.2/1.2 MB | 43 kB | 33 kBProgress (5): 207/349 kB | 170/255 kB | 0.2/1.2 MB | 43 kB | 33 kBProgress (5): 207/349 kB | 170/255 kB | 0.2/1.2 MB | 43 kB | 33 kBProgress (5): 208/349 kB | 170/255 kB | 0.2/1.2 MB | 43 kB | 33 kBProgress (5): 208/349 kB | 170/255 kB | 0.2/1.2 MB | 43 kB | 33 kBProgress (5): 208/349 kB | 171/255 kB | 0.2/1.2 MB | 43 kB | 33 kBProgress (5): 208/349 kB | 171/255 kB | 0.2/1.2 MB | 43 kB | 33 kBProgress (5): 210/349 kB | 171/255 kB | 0.2/1.2 MB | 43 kB | 33 kB                                                                  Downloaded from central: https://repo.maven.apache.org/maven2/org/apache/ratis/ratis-netty/0.4.0/ratis-netty-0.4.0.jar (33 kB at 183 kB/s)
Progress (4): 210/349 kB | 171/255 kB | 0.2/1.2 MB | 43 kBProgress (4): 210/349 kB | 173/255 kB | 0.2/1.2 MB | 43 kBProgress (4): 210/349 kB | 173/255 kB | 0.2/1.2 MB | 43 kB                                                          Downloading from central: https://repo.maven.apache.org/maven2/org/apache/ratis/ratis-grpc/0.4.0/ratis-grpc-0.4.0.jar
Progress (4): 211/349 kB | 173/255 kB | 0.2/1.2 MB | 43 kBProgress (4): 211/349 kB | 173/255 kB | 0.2/1.2 MB | 43 kBProgress (4): 211/349 kB | 174/255 kB | 0.2/1.2 MB | 43 kB                                                          Downloaded from central: https://repo.maven.apache.org/maven2/info/ganglia/gmetric4j/gmetric4j/1.0.7/gmetric4j-1.0.7.jar (43 kB at 233 kB/s)
Progress (3): 211/349 kB | 175/255 kB | 0.2/1.2 MBProgress (3): 211/349 kB | 175/255 kB | 0.2/1.2 MBProgress (3): 213/349 kB | 175/255 kB | 0.2/1.2 MBProgress (3): 213/349 kB | 177/255 kB | 0.2/1.2 MBProgress (3): 214/349 kB | 177/255 kB | 0.2/1.2 MBProgress (3): 214/349 kB | 177/255 kB | 0.2/1.2 MBProgress (3): 215/349 kB | 177/255 kB | 0.2/1.2 MBProgress (3): 215/349 kB | 178/255 kB | 0.2/1.2 MBProgress (3): 217/349 kB | 178/255 kB | 0.2/1.2 MBProgress (3): 217/349 kB | 178/255 kB | 0.2/1.2 MBProgress (3): 218/349 kB | 178/255 kB | 0.2/1.2 MBProgress (3): 218/349 kB | 180/255 kB | 0.2/1.2 MBProgress (3): 219/349 kB | 180/255 kB | 0.2/1.2 MBProgress (3): 219/349 kB | 180/255 kB | 0.2/1.2 MBProgress (3): 221/349 kB | 180/255 kB | 0.2/1.2 MBProgress (3): 221/349 kB | 181/255 kB | 0.2/1.2 MBProgress (3): 222/349 kB | 181/255 kB | 0.2/1.2 MBProgress (3): 222/349 kB | 181/255 kB | 0.2/1.2 MBProgress (3): 223/349 kB | 181/255 kB | 0.2/1.2 MBProgress (3): 223/349 kB | 182/255 kB | 0.2/1.2 MBProgress (3): 225/349 kB | 182/255 kB | 0.2/1.2 MBProgress (3): 225/349 kB | 182/255 kB | 0.2/1.2 MBProgress (3): 226/349 kB | 182/255 kB | 0.2/1.2 MBProgress (3): 226/349 kB | 184/255 kB | 0.2/1.2 MBProgress (3): 228/349 kB | 184/255 kB | 0.2/1.2 MBProgress (3): 228/349 kB | 184/255 kB | 0.2/1.2 MBProgress (3): 229/349 kB | 184/255 kB | 0.2/1.2 MBProgress (3): 229/349 kB | 185/255 kB | 0.2/1.2 MBProgress (3): 230/349 kB | 185/255 kB | 0.2/1.2 MBProgress (3): 230/349 kB | 186/255 kB | 0.2/1.2 MBProgress (3): 230/349 kB | 186/255 kB | 0.2/1.2 MBProgress (3): 230/349 kB | 188/255 kB | 0.2/1.2 MBProgress (3): 232/349 kB | 188/255 kB | 0.2/1.2 MBProgress (3): 232/349 kB | 189/255 kB | 0.2/1.2 MBProgress (3): 232/349 kB | 189/255 kB | 0.2/1.2 MBProgress (3): 232/349 kB | 191/255 kB | 0.2/1.2 MBProgress (3): 233/349 kB | 191/255 kB | 0.2/1.2 MBProgress (3): 233/349 kB | 192/255 kB | 0.2/1.2 MBProgress (3): 233/349 kB | 192/255 kB | 0.2/1.2 MBProgress (3): 233/349 kB | 193/255 kB | 0.2/1.2 MBProgress (3): 234/349 kB | 193/255 kB | 0.2/1.2 MBProgress (3): 234/349 kB | 195/255 kB | 0.2/1.2 MBProgress (3): 234/349 kB | 195/255 kB | 0.2/1.2 MBProgress (3): 234/349 kB | 196/255 kB | 0.2/1.2 MBProgress (3): 236/349 kB | 196/255 kB | 0.2/1.2 MBProgress (3): 236/349 kB | 197/255 kB | 0.2/1.2 MBProgress (4): 236/349 kB | 197/255 kB | 0.2/1.2 MB | 1.4/108 kBProgress (4): 236/349 kB | 197/255 kB | 0.2/1.2 MB | 1.4/108 kBProgress (4): 236/349 kB | 197/255 kB | 0.2/1.2 MB | 2.7/108 kBProgress (4): 236/349 kB | 199/255 kB | 0.2/1.2 MB | 2.7/108 kBProgress (4): 237/349 kB | 199/255 kB | 0.2/1.2 MB | 2.7/108 kBProgress (4): 237/349 kB | 200/255 kB | 0.2/1.2 MB | 2.7/108 kBProgress (4): 237/349 kB | 200/255 kB | 0.2/1.2 MB | 4.1/108 kBProgress (4): 237/349 kB | 200/255 kB | 0.2/1.2 MB | 4.1/108 kBProgress (4): 237/349 kB | 200/255 kB | 0.2/1.2 MB | 5.5/108 kBProgress (4): 237/349 kB | 202/255 kB | 0.2/1.2 MB | 5.5/108 kBProgress (4): 239/349 kB | 202/255 kB | 0.2/1.2 MB | 5.5/108 kBProgress (4): 239/349 kB | 203/255 kB | 0.2/1.2 MB | 5.5/108 kBProgress (4): 239/349 kB | 203/255 kB | 0.2/1.2 MB | 6.9/108 kBProgress (4): 239/349 kB | 203/255 kB | 0.2/1.2 MB | 6.9/108 kBProgress (4): 239/349 kB | 203/255 kB | 0.2/1.2 MB | 8.2/108 kBProgress (4): 239/349 kB | 204/255 kB | 0.2/1.2 MB | 8.2/108 kBProgress (4): 240/349 kB | 204/255 kB | 0.2/1.2 MB | 8.2/108 kBProgress (4): 240/349 kB | 206/255 kB | 0.2/1.2 MB | 8.2/108 kBProgress (4): 240/349 kB | 206/255 kB | 0.2/1.2 MB | 9.6/108 kBProgress (4): 240/349 kB | 206/255 kB | 0.2/1.2 MB | 9.6/108 kBProgress (4): 240/349 kB | 206/255 kB | 0.2/1.2 MB | 11/108 kB Progress (4): 240/349 kB | 207/255 kB | 0.2/1.2 MB | 11/108 kBProgress (4): 241/349 kB | 207/255 kB | 0.2/1.2 MB | 11/108 kBProgress (4): 241/349 kB | 208/255 kB | 0.2/1.2 MB | 11/108 kBProgress (4): 241/349 kB | 208/255 kB | 0.2/1.2 MB | 12/108 kBProgress (4): 241/349 kB | 208/255 kB | 0.2/1.2 MB | 12/108 kBProgress (4): 241/349 kB | 208/255 kB | 0.2/1.2 MB | 14/108 kBProgress (4): 241/349 kB | 210/255 kB | 0.2/1.2 MB | 14/108 kBProgress (4): 243/349 kB | 210/255 kB | 0.2/1.2 MB | 14/108 kBProgress (4): 243/349 kB | 211/255 kB | 0.2/1.2 MB | 14/108 kBProgress (4): 243/349 kB | 211/255 kB | 0.2/1.2 MB | 15/108 kBProgress (4): 243/349 kB | 211/255 kB | 0.2/1.2 MB | 15/108 kBProgress (4): 243/349 kB | 211/255 kB | 0.2/1.2 MB | 16/108 kBProgress (4): 243/349 kB | 213/255 kB | 0.2/1.2 MB | 16/108 kBProgress (4): 244/349 kB | 213/255 kB | 0.2/1.2 MB | 16/108 kBProgress (4): 244/349 kB | 214/255 kB | 0.2/1.2 MB | 16/108 kBProgress (4): 244/349 kB | 214/255 kB | 0.2/1.2 MB | 18/108 kBProgress (4): 244/349 kB | 214/255 kB | 0.2/1.2 MB | 18/108 kBProgress (4): 244/349 kB | 214/255 kB | 0.2/1.2 MB | 19/108 kBProgress (4): 244/349 kB | 215/255 kB | 0.2/1.2 MB | 19/108 kBProgress (4): 245/349 kB | 215/255 kB | 0.2/1.2 MB | 19/108 kBProgress (4): 245/349 kB | 217/255 kB | 0.2/1.2 MB | 19/108 kBProgress (4): 245/349 kB | 217/255 kB | 0.2/1.2 MB | 21/108 kBProgress (4): 245/349 kB | 217/255 kB | 0.2/1.2 MB | 21/108 kBProgress (4): 245/349 kB | 217/255 kB | 0.2/1.2 MB | 22/108 kBProgress (4): 245/349 kB | 218/255 kB | 0.2/1.2 MB | 22/108 kBProgress (4): 247/349 kB | 218/255 kB | 0.2/1.2 MB | 22/108 kBProgress (4): 247/349 kB | 219/255 kB | 0.2/1.2 MB | 22/108 kBProgress (4): 247/349 kB | 219/255 kB | 0.2/1.2 MB | 23/108 kBProgress (4): 247/349 kB | 219/255 kB | 0.2/1.2 MB | 23/108 kBProgress (4): 247/349 kB | 219/255 kB | 0.2/1.2 MB | 25/108 kBProgress (4): 247/349 kB | 221/255 kB | 0.2/1.2 MB | 25/108 kBProgress (4): 248/349 kB | 221/255 kB | 0.2/1.2 MB | 25/108 kBProgress (4): 248/349 kB | 222/255 kB | 0.2/1.2 MB | 25/108 kBProgress (4): 248/349 kB | 222/255 kB | 0.2/1.2 MB | 26/108 kBProgress (4): 248/349 kB | 222/255 kB | 0.2/1.2 MB | 26/108 kBProgress (4): 248/349 kB | 222/255 kB | 0.2/1.2 MB | 27/108 kBProgress (4): 248/349 kB | 223/255 kB | 0.2/1.2 MB | 27/108 kBProgress (4): 250/349 kB | 223/255 kB | 0.2/1.2 MB | 27/108 kBProgress (4): 250/349 kB | 225/255 kB | 0.2/1.2 MB | 27/108 kBProgress (4): 250/349 kB | 225/255 kB | 0.2/1.2 MB | 29/108 kBProgress (4): 250/349 kB | 225/255 kB | 0.2/1.2 MB | 29/108 kBProgress (4): 250/349 kB | 225/255 kB | 0.2/1.2 MB | 30/108 kBProgress (4): 250/349 kB | 226/255 kB | 0.2/1.2 MB | 30/108 kBProgress (4): 251/349 kB | 226/255 kB | 0.2/1.2 MB | 30/108 kBProgress (4): 251/349 kB | 228/255 kB | 0.2/1.2 MB | 30/108 kBProgress (4): 251/349 kB | 228/255 kB | 0.2/1.2 MB | 32/108 kBProgress (4): 251/349 kB | 228/255 kB | 0.2/1.2 MB | 32/108 kBProgress (4): 251/349 kB | 228/255 kB | 0.2/1.2 MB | 33/108 kBProgress (4): 251/349 kB | 229/255 kB | 0.2/1.2 MB | 33/108 kBProgress (4): 252/349 kB | 229/255 kB | 0.2/1.2 MB | 33/108 kBProgress (4): 252/349 kB | 230/255 kB | 0.2/1.2 MB | 33/108 kBProgress (4): 252/349 kB | 230/255 kB | 0.2/1.2 MB | 34/108 kBProgress (4): 252/349 kB | 230/255 kB | 0.2/1.2 MB | 34/108 kBProgress (4): 252/349 kB | 230/255 kB | 0.2/1.2 MB | 36/108 kBProgress (4): 252/349 kB | 232/255 kB | 0.2/1.2 MB | 36/108 kBProgress (4): 254/349 kB | 232/255 kB | 0.2/1.2 MB | 36/108 kBProgress (4): 254/349 kB | 233/255 kB | 0.2/1.2 MB | 36/108 kBProgress (4): 254/349 kB | 233/255 kB | 0.2/1.2 MB | 37/108 kBProgress (4): 254/349 kB | 233/255 kB | 0.2/1.2 MB | 37/108 kBProgress (4): 254/349 kB | 233/255 kB | 0.2/1.2 MB | 38/108 kBProgress (4): 254/349 kB | 234/255 kB | 0.2/1.2 MB | 38/108 kBProgress (4): 255/349 kB | 234/255 kB | 0.2/1.2 MB | 38/108 kBProgress (4): 255/349 kB | 236/255 kB | 0.2/1.2 MB | 38/108 kBProgress (4): 255/349 kB | 236/255 kB | 0.2/1.2 MB | 40/108 kBProgress (4): 255/349 kB | 236/255 kB | 0.2/1.2 MB | 40/108 kBProgress (4): 255/349 kB | 236/255 kB | 0.2/1.2 MB | 41/108 kBProgress (4): 255/349 kB | 237/255 kB | 0.2/1.2 MB | 41/108 kBProgress (4): 255/349 kB | 237/255 kB | 0.2/1.2 MB | 41/108 kBProgress (4): 255/349 kB | 239/255 kB | 0.2/1.2 MB | 41/108 kBProgress (4): 255/349 kB | 239/255 kB | 0.2/1.2 MB | 43/108 kBProgress (4): 255/349 kB | 239/255 kB | 0.2/1.2 MB | 43/108 kBProgress (4): 259/349 kB | 239/255 kB | 0.2/1.2 MB | 43/108 kBProgress (4): 259/349 kB | 239/255 kB | 0.2/1.2 MB | 44/108 kBProgress (4): 259/349 kB | 240/255 kB | 0.2/1.2 MB | 44/108 kBProgress (4): 259/349 kB | 240/255 kB | 0.2/1.2 MB | 45/108 kBProgress (4): 263/349 kB | 240/255 kB | 0.2/1.2 MB | 45/108 kBProgress (4): 263/349 kB | 240/255 kB | 0.2/1.2 MB | 45/108 kBProgress (4): 268/349 kB | 240/255 kB | 0.2/1.2 MB | 45/108 kBProgress (4): 268/349 kB | 240/255 kB | 0.2/1.2 MB | 47/108 kBProgress (4): 268/349 kB | 241/255 kB | 0.2/1.2 MB | 47/108 kBProgress (4): 268/349 kB | 241/255 kB | 0.2/1.2 MB | 48/108 kBProgress (4): 272/349 kB | 241/255 kB | 0.2/1.2 MB | 48/108 kBProgress (4): 272/349 kB | 241/255 kB | 0.2/1.2 MB | 48/108 kBProgress (4): 272/349 kB | 241/255 kB | 0.2/1.2 MB | 49/108 kBProgress (4): 272/349 kB | 243/255 kB | 0.2/1.2 MB | 49/108 kBProgress (4): 276/349 kB | 243/255 kB | 0.2/1.2 MB | 49/108 kBProgress (4): 276/349 kB | 243/255 kB | 0.2/1.2 MB | 51/108 kBProgress (4): 276/349 kB | 243/255 kB | 0.2/1.2 MB | 51/108 kBProgress (4): 276/349 kB | 243/255 kB | 0.2/1.2 MB | 52/108 kBProgress (4): 280/349 kB | 243/255 kB | 0.2/1.2 MB | 52/108 kBProgress (4): 280/349 kB | 244/255 kB | 0.2/1.2 MB | 52/108 kBProgress (4): 284/349 kB | 244/255 kB | 0.2/1.2 MB | 52/108 kBProgress (4): 284/349 kB | 244/255 kB | 0.2/1.2 MB | 53/108 kBProgress (4): 284/349 kB | 244/255 kB | 0.2/1.2 MB | 53/108 kBProgress (4): 284/349 kB | 244/255 kB | 0.2/1.2 MB | 55/108 kBProgress (4): 288/349 kB | 244/255 kB | 0.2/1.2 MB | 55/108 kBProgress (4): 288/349 kB | 245/255 kB | 0.2/1.2 MB | 55/108 kBProgress (4): 288/349 kB | 245/255 kB | 0.2/1.2 MB | 56/108 kBProgress (4): 288/349 kB | 245/255 kB | 0.2/1.2 MB | 56/108 kBProgress (4): 288/349 kB | 245/255 kB | 0.2/1.2 MB | 58/108 kBProgress (4): 292/349 kB | 245/255 kB | 0.2/1.2 MB | 58/108 kBProgress (4): 292/349 kB | 247/255 kB | 0.2/1.2 MB | 58/108 kBProgress (4): 296/349 kB | 247/255 kB | 0.2/1.2 MB | 58/108 kBProgress (4): 296/349 kB | 247/255 kB | 0.2/1.2 MB | 59/108 kBProgress (4): 296/349 kB | 247/255 kB | 0.2/1.2 MB | 59/108 kBProgress (4): 296/349 kB | 247/255 kB | 0.2/1.2 MB | 60/108 kBProgress (4): 300/349 kB | 247/255 kB | 0.2/1.2 MB | 60/108 kBProgress (4): 300/349 kB | 248/255 kB | 0.2/1.2 MB | 60/108 kBProgress (4): 304/349 kB | 248/255 kB | 0.2/1.2 MB | 60/108 kBProgress (4): 304/349 kB | 248/255 kB | 0.2/1.2 MB | 62/108 kBProgress (4): 304/349 kB | 248/255 kB | 0.2/1.2 MB | 62/108 kBProgress (4): 309/349 kB | 248/255 kB | 0.2/1.2 MB | 62/108 kBProgress (4): 309/349 kB | 248/255 kB | 0.2/1.2 MB | 63/108 kBProgress (4): 309/349 kB | 250/255 kB | 0.2/1.2 MB | 63/108 kBProgress (4): 309/349 kB | 250/255 kB | 0.2/1.2 MB | 64/108 kBProgress (4): 313/349 kB | 250/255 kB | 0.2/1.2 MB | 64/108 kBProgress (4): 313/349 kB | 250/255 kB | 0.2/1.2 MB | 64/108 kBProgress (4): 317/349 kB | 250/255 kB | 0.2/1.2 MB | 64/108 kBProgress (4): 317/349 kB | 250/255 kB | 0.2/1.2 MB | 66/108 kBProgress (4): 317/349 kB | 251/255 kB | 0.2/1.2 MB | 66/108 kBProgress (4): 317/349 kB | 251/255 kB | 0.2/1.2 MB | 67/108 kBProgress (4): 321/349 kB | 251/255 kB | 0.2/1.2 MB | 67/108 kBProgress (4): 321/349 kB | 251/255 kB | 0.2/1.2 MB | 67/108 kBProgress (4): 321/349 kB | 251/255 kB | 0.2/1.2 MB | 69/108 kBProgress (4): 321/349 kB | 252/255 kB | 0.2/1.2 MB | 69/108 kBProgress (4): 321/349 kB | 252/255 kB | 0.2/1.2 MB | 70/108 kBProgress (4): 325/349 kB | 252/255 kB | 0.2/1.2 MB | 70/108 kBProgress (4): 325/349 kB | 252/255 kB | 0.2/1.2 MB | 70/108 kBProgress (4): 329/349 kB | 252/255 kB | 0.2/1.2 MB | 70/108 kBProgress (4): 329/349 kB | 252/255 kB | 0.2/1.2 MB | 71/108 kBProgress (4): 329/349 kB | 254/255 kB | 0.2/1.2 MB | 71/108 kBProgress (4): 329/349 kB | 254/255 kB | 0.2/1.2 MB | 73/108 kBProgress (4): 333/349 kB | 254/255 kB | 0.2/1.2 MB | 73/108 kBProgress (4): 333/349 kB | 254/255 kB | 0.2/1.2 MB | 73/108 kBProgress (4): 337/349 kB | 254/255 kB | 0.2/1.2 MB | 73/108 kBProgress (4): 337/349 kB | 254/255 kB | 0.2/1.2 MB | 74/108 kBProgress (4): 337/349 kB | 255 kB | 0.2/1.2 MB | 74/108 kB    Progress (4): 341/349 kB | 255 kB | 0.2/1.2 MB | 74/108 kBProgress (4): 341/349 kB | 255 kB | 0.2/1.2 MB | 75/108 kBProgress (4): 341/349 kB | 255 kB | 0.2/1.2 MB | 75/108 kBProgress (4): 341/349 kB | 255 kB | 0.2/1.2 MB | 77/108 kBProgress (4): 345/349 kB | 255 kB | 0.2/1.2 MB | 77/108 kBProgress (4): 345/349 kB | 255 kB | 0.2/1.2 MB | 78/108 kBProgress (4): 345/349 kB | 255 kB | 0.2/1.2 MB | 78/108 kBProgress (4): 345/349 kB | 255 kB | 0.2/1.2 MB | 80/108 kBProgress (4): 349 kB | 255 kB | 0.2/1.2 MB | 80/108 kB    Progress (4): 349 kB | 255 kB | 0.2/1.2 MB | 81/108 kBProgress (4): 349 kB | 255 kB | 0.2/1.2 MB | 81/108 kBProgress (4): 349 kB | 255 kB | 0.2/1.2 MB | 82/108 kBProgress (4): 349 kB | 255 kB | 0.2/1.2 MB | 82/108 kBProgress (4): 349 kB | 255 kB | 0.2/1.2 MB | 84/108 kBProgress (4): 349 kB | 255 kB | 0.2/1.2 MB | 84/108 kBProgress (4): 349 kB | 255 kB | 0.2/1.2 MB | 85/108 kBProgress (4): 349 kB | 255 kB | 0.2/1.2 MB | 85/108 kBProgress (4): 349 kB | 255 kB | 0.2/1.2 MB | 86/108 kBProgress (4): 349 kB | 255 kB | 0.2/1.2 MB | 86/108 kBProgress (4): 349 kB | 255 kB | 0.2/1.2 MB | 88/108 kBProgress (4): 349 kB | 255 kB | 0.2/1.2 MB | 88/108 kBProgress (4): 349 kB | 255 kB | 0.2/1.2 MB | 89/108 kBProgress (4): 349 kB | 255 kB | 0.2/1.2 MB | 89/108 kBProgress (4): 349 kB | 255 kB | 0.2/1.2 MB | 90/108 kBProgress (4): 349 kB | 255 kB | 0.2/1.2 MB | 90/108 kBProgress (4): 349 kB | 255 kB | 0.2/1.2 MB | 92/108 kBProgress (4): 349 kB | 255 kB | 0.2/1.2 MB | 92/108 kBProgress (4): 349 kB | 255 kB | 0.2/1.2 MB | 93/108 kBProgress (4): 349 kB | 255 kB | 0.3/1.2 MB | 93/108 kBProgress (4): 349 kB | 255 kB | 0.3/1.2 MB | 95/108 kBProgress (4): 349 kB | 255 kB | 0.3/1.2 MB | 95/108 kBProgress (4): 349 kB | 255 kB | 0.3/1.2 MB | 96/108 kBProgress (4): 349 kB | 255 kB | 0.3/1.2 MB | 96/108 kBProgress (4): 349 kB | 255 kB | 0.3/1.2 MB | 97/108 kBProgress (4): 349 kB | 255 kB | 0.3/1.2 MB | 97/108 kBProgress (4): 349 kB | 255 kB | 0.3/1.2 MB | 99/108 kBProgress (4): 349 kB | 255 kB | 0.3/1.2 MB | 99/108 kBProgress (4): 349 kB | 255 kB | 0.3/1.2 MB | 100/108 kBProgress (4): 349 kB | 255 kB | 0.3/1.2 MB | 100/108 kBProgress (4): 349 kB | 255 kB | 0.3/1.2 MB | 101/108 kBProgress (4): 349 kB | 255 kB | 0.3/1.2 MB | 101/108 kBProgress (4): 349 kB | 255 kB | 0.3/1.2 MB | 103/108 kBProgress (4): 349 kB | 255 kB | 0.3/1.2 MB | 103/108 kBProgress (4): 349 kB | 255 kB | 0.3/1.2 MB | 104/108 kBProgress (4): 349 kB | 255 kB | 0.3/1.2 MB | 104/108 kBProgress (4): 349 kB | 255 kB | 0.3/1.2 MB | 106/108 kBProgress (4): 349 kB | 255 kB | 0.3/1.2 MB | 106/108 kBProgress (4): 349 kB | 255 kB | 0.3/1.2 MB | 107/108 kBProgress (4): 349 kB | 255 kB | 0.3/1.2 MB | 107/108 kBProgress (4): 349 kB | 255 kB | 0.3/1.2 MB | 108 kB    Progress (4): 349 kB | 255 kB | 0.3/1.2 MB | 108 kBProgress (4): 349 kB | 255 kB | 0.3/1.2 MB | 108 kBProgress (4): 349 kB | 255 kB | 0.3/1.2 MB | 108 kBProgress (4): 349 kB | 255 kB | 0.3/1.2 MB | 108 kBProgress (4): 349 kB | 255 kB | 0.3/1.2 MB | 108 kB                                                   Downloaded from central: https://repo.maven.apache.org/maven2/org/apache/ratis/ratis-common/0.4.0/ratis-common-0.4.0.jar (255 kB at 1.1 MB/s)
Progress (3): 349 kB | 0.3/1.2 MB | 108 kBProgress (3): 349 kB | 0.3/1.2 MB | 108 kBProgress (3): 349 kB | 0.3/1.2 MB | 108 kBProgress (3): 349 kB | 0.3/1.2 MB | 108 kBProgress (3): 349 kB | 0.3/1.2 MB | 108 kBProgress (3): 349 kB | 0.3/1.2 MB | 108 kBProgress (3): 349 kB | 0.3/1.2 MB | 108 kBProgress (3): 349 kB | 0.3/1.2 MB | 108 kBProgress (3): 349 kB | 0.3/1.2 MB | 108 kBProgress (3): 349 kB | 0.3/1.2 MB | 108 kBProgress (3): 349 kB | 0.3/1.2 MB | 108 kBProgress (3): 349 kB | 0.3/1.2 MB | 108 kBProgress (3): 349 kB | 0.3/1.2 MB | 108 kBProgress (3): 349 kB | 0.3/1.2 MB | 108 kBProgress (3): 349 kB | 0.3/1.2 MB | 108 kBProgress (3): 349 kB | 0.3/1.2 MB | 108 kBProgress (3): 349 kB | 0.3/1.2 MB | 108 kBProgress (3): 349 kB | 0.3/1.2 MB | 108 kBProgress (3): 349 kB | 0.3/1.2 MB | 108 kB                                          Downloaded from central: https://repo.maven.apache.org/maven2/org/apache/ratis/ratis-server/0.4.0/ratis-server-0.4.0.jar (349 kB at 1.4 MB/s)
Progress (2): 0.3/1.2 MB | 108 kBProgress (2): 0.3/1.2 MB | 108 kBProgress (2): 0.3/1.2 MB | 108 kBProgress (2): 0.3/1.2 MB | 108 kBProgress (2): 0.3/1.2 MB | 108 kBProgress (2): 0.3/1.2 MB | 108 kBProgress (2): 0.3/1.2 MB | 108 kBProgress (2): 0.3/1.2 MB | 108 kBProgress (2): 0.3/1.2 MB | 108 kBProgress (2): 0.3/1.2 MB | 108 kBProgress (2): 0.3/1.2 MB | 108 kBProgress (2): 0.3/1.2 MB | 108 kBProgress (2): 0.3/1.2 MB | 108 kBProgress (2): 0.3/1.2 MB | 108 kBProgress (2): 0.3/1.2 MB | 108 kBProgress (2): 0.3/1.2 MB | 108 kBProgress (2): 0.3/1.2 MB | 108 kBProgress (2): 0.3/1.2 MB | 108 kBProgress (2): 0.3/1.2 MB | 108 kBProgress (2): 0.3/1.2 MB | 108 kBProgress (2): 0.3/1.2 MB | 108 kBProgress (2): 0.3/1.2 MB | 108 kBProgress (2): 0.3/1.2 MB | 108 kBProgress (2): 0.3/1.2 MB | 108 kBProgress (2): 0.3/1.2 MB | 108 kBProgress (2): 0.3/1.2 MB | 108 kB                                 Downloaded from central: https://repo.maven.apache.org/maven2/org/apache/ratis/ratis-grpc/0.4.0/ratis-grpc-0.4.0.jar (108 kB at 434 kB/s)
Progress (1): 0.3/1.2 MBProgress (1): 0.3/1.2 MBProgress (1): 0.3/1.2 MBProgress (1): 0.3/1.2 MBProgress (1): 0.3/1.2 MBProgress (1): 0.3/1.2 MBProgress (1): 0.3/1.2 MBProgress (1): 0.3/1.2 MBProgress (1): 0.3/1.2 MBProgress (1): 0.3/1.2 MBProgress (1): 0.3/1.2 MBProgress (1): 0.3/1.2 MBProgress (1): 0.4/1.2 MBProgress (1): 0.4/1.2 MBProgress (1): 0.4/1.2 MBProgress (1): 0.4/1.2 MBProgress (1): 0.4/1.2 MBProgress (1): 0.4/1.2 MBProgress (1): 0.4/1.2 MBProgress (1): 0.4/1.2 MBProgress (1): 0.4/1.2 MBProgress (1): 0.4/1.2 MBProgress (1): 0.4/1.2 MBProgress (1): 0.4/1.2 MBProgress (1): 0.4/1.2 MBProgress (1): 0.4/1.2 MBProgress (1): 0.4/1.2 MBProgress (1): 0.4/1.2 MBProgress (1): 0.4/1.2 MBProgress (1): 0.4/1.2 MBProgress (1): 0.4/1.2 MBProgress (1): 0.4/1.2 MBProgress (1): 0.4/1.2 MBProgress (1): 0.4/1.2 MBProgress (1): 0.4/1.2 MBProgress (1): 0.4/1.2 MBProgress (1): 0.4/1.2 MBProgress (1): 0.4/1.2 MBProgress (1): 0.4/1.2 MBProgress (1): 0.4/1.2 MBProgress (1): 0.4/1.2 MBProgress (1): 0.4/1.2 MBProgress (1): 0.4/1.2 MBProgress (1): 0.4/1.2 MBProgress (1): 0.4/1.2 MBProgress (1): 0.4/1.2 MBProgress (1): 0.4/1.2 MBProgress (1): 0.4/1.2 MBProgress (1): 0.4/1.2 MBProgress (1): 0.4/1.2 MBProgress (1): 0.4/1.2 MBProgress (1): 0.4/1.2 MBProgress (1): 0.4/1.2 MBProgress (1): 0.4/1.2 MBProgress (1): 0.4/1.2 MBProgress (1): 0.4/1.2 MBProgress (1): 0.4/1.2 MBProgress (1): 0.4/1.2 MBProgress (1): 0.4/1.2 MBProgress (1): 0.4/1.2 MBProgress (1): 0.4/1.2 MBProgress (1): 0.4/1.2 MBProgress (1): 0.4/1.2 MBProgress (1): 0.4/1.2 MBProgress (1): 0.4/1.2 MBProgress (1): 0.4/1.2 MBProgress (1): 0.4/1.2 MBProgress (1): 0.4/1.2 MBProgress (1): 0.4/1.2 MBProgress (1): 0.4/1.2 MBProgress (1): 0.4/1.2 MBProgress (1): 0.4/1.2 MBProgress (1): 0.4/1.2 MBProgress (1): 0.4/1.2 MBProgress (1): 0.4/1.2 MBProgress (1): 0.4/1.2 MBProgress (1): 0.4/1.2 MBProgress (1): 0.4/1.2 MBProgress (1): 0.4/1.2 MBProgress (1): 0.4/1.2 MBProgress (1): 0.4/1.2 MBProgress (1): 0.4/1.2 MBProgress (1): 0.4/1.2 MBProgress (1): 0.4/1.2 MBProgress (1): 0.4/1.2 MBProgress (1): 0.5/1.2 MBProgress (1): 0.5/1.2 MBProgress (1): 0.5/1.2 MBProgress (1): 0.5/1.2 MBProgress (1): 0.5/1.2 MBProgress (1): 0.5/1.2 MBProgress (1): 0.5/1.2 MBProgress (1): 0.5/1.2 MBProgress (1): 0.5/1.2 MBProgress (1): 0.5/1.2 MBProgress (1): 0.5/1.2 MBProgress (1): 0.5/1.2 MBProgress (1): 0.5/1.2 MBProgress (1): 0.5/1.2 MBProgress (1): 0.5/1.2 MBProgress (1): 0.5/1.2 MBProgress (1): 0.5/1.2 MBProgress (1): 0.5/1.2 MBProgress (1): 0.5/1.2 MBProgress (1): 0.5/1.2 MBProgress (1): 0.5/1.2 MBProgress (1): 0.5/1.2 MBProgress (1): 0.5/1.2 MBProgress (1): 0.5/1.2 MBProgress (1): 0.5/1.2 MBProgress (1): 0.5/1.2 MBProgress (1): 0.5/1.2 MBProgress (1): 0.5/1.2 MBProgress (1): 0.5/1.2 MBProgress (1): 0.5/1.2 MBProgress (1): 0.5/1.2 MBProgress (1): 0.5/1.2 MBProgress (1): 0.5/1.2 MBProgress (1): 0.5/1.2 MBProgress (1): 0.5/1.2 MBProgress (1): 0.5/1.2 MBProgress (1): 0.5/1.2 MBProgress (1): 0.6/1.2 MBProgress (1): 0.6/1.2 MBProgress (1): 0.6/1.2 MBProgress (1): 0.6/1.2 MBProgress (1): 0.6/1.2 MBProgress (1): 0.6/1.2 MBProgress (1): 0.6/1.2 MBProgress (1): 0.6/1.2 MBProgress (1): 0.6/1.2 MBProgress (1): 0.6/1.2 MBProgress (1): 0.6/1.2 MBProgress (1): 0.6/1.2 MBProgress (1): 0.6/1.2 MBProgress (1): 0.6/1.2 MBProgress (1): 0.6/1.2 MBProgress (1): 0.6/1.2 MBProgress (1): 0.6/1.2 MBProgress (1): 0.6/1.2 MBProgress (1): 0.6/1.2 MBProgress (1): 0.6/1.2 MBProgress (1): 0.6/1.2 MBProgress (1): 0.6/1.2 MBProgress (1): 0.6/1.2 MBProgress (1): 0.6/1.2 MBProgress (1): 0.7/1.2 MBProgress (1): 0.7/1.2 MBProgress (1): 0.7/1.2 MBProgress (1): 0.7/1.2 MBProgress (1): 0.7/1.2 MBProgress (1): 0.7/1.2 MBProgress (1): 0.7/1.2 MBProgress (1): 0.7/1.2 MBProgress (1): 0.7/1.2 MBProgress (1): 0.7/1.2 MBProgress (1): 0.7/1.2 MBProgress (1): 0.7/1.2 MBProgress (1): 0.7/1.2 MBProgress (1): 0.7/1.2 MBProgress (1): 0.7/1.2 MBProgress (1): 0.7/1.2 MBProgress (1): 0.7/1.2 MBProgress (1): 0.7/1.2 MBProgress (1): 0.7/1.2 MBProgress (1): 0.7/1.2 MBProgress (1): 0.7/1.2 MBProgress (1): 0.7/1.2 MBProgress (1): 0.7/1.2 MBProgress (1): 0.7/1.2 MBProgress (1): 0.7/1.2 MBProgress (1): 0.8/1.2 MBProgress (1): 0.8/1.2 MBProgress (1): 0.8/1.2 MBProgress (1): 0.8/1.2 MBProgress (1): 0.8/1.2 MBProgress (1): 0.8/1.2 MBProgress (1): 0.8/1.2 MBProgress (1): 0.8/1.2 MBProgress (1): 0.8/1.2 MBProgress (1): 0.8/1.2 MBProgress (1): 0.8/1.2 MBProgress (1): 0.8/1.2 MBProgress (1): 0.8/1.2 MBProgress (1): 0.8/1.2 MBProgress (1): 0.8/1.2 MBProgress (1): 0.8/1.2 MBProgress (1): 0.8/1.2 MBProgress (1): 0.8/1.2 MBProgress (1): 0.8/1.2 MBProgress (1): 0.8/1.2 MBProgress (1): 0.8/1.2 MBProgress (1): 0.8/1.2 MBProgress (1): 0.8/1.2 MBProgress (1): 0.8/1.2 MBProgress (1): 0.8/1.2 MBProgress (1): 0.9/1.2 MBProgress (1): 0.9/1.2 MBProgress (1): 0.9/1.2 MBProgress (1): 0.9/1.2 MBProgress (1): 0.9/1.2 MBProgress (1): 0.9/1.2 MBProgress (1): 0.9/1.2 MBProgress (1): 0.9/1.2 MBProgress (1): 0.9/1.2 MBProgress (1): 0.9/1.2 MBProgress (1): 0.9/1.2 MBProgress (1): 0.9/1.2 MBProgress (1): 0.9/1.2 MBProgress (1): 0.9/1.2 MBProgress (1): 0.9/1.2 MBProgress (1): 0.9/1.2 MBProgress (1): 0.9/1.2 MBProgress (1): 0.9/1.2 MBProgress (1): 0.9/1.2 MBProgress (1): 0.9/1.2 MBProgress (1): 0.9/1.2 MBProgress (1): 0.9/1.2 MBProgress (1): 0.9/1.2 MBProgress (1): 0.9/1.2 MBProgress (1): 0.9/1.2 MBProgress (1): 1.0/1.2 MBProgress (1): 1.0/1.2 MBProgress (1): 1.0/1.2 MBProgress (1): 1.0/1.2 MBProgress (1): 1.0/1.2 MBProgress (1): 1.0/1.2 MBProgress (1): 1.0/1.2 MBProgress (1): 1.0/1.2 MBProgress (1): 1.0/1.2 MBProgress (1): 1.0/1.2 MBProgress (1): 1.0/1.2 MBProgress (1): 1.0/1.2 MBProgress (1): 1.0/1.2 MBProgress (1): 1.0/1.2 MBProgress (1): 1.0/1.2 MBProgress (1): 1.0/1.2 MBProgress (1): 1.0/1.2 MBProgress (1): 1.0/1.2 MBProgress (1): 1.0/1.2 MBProgress (1): 1.0/1.2 MBProgress (1): 1.0/1.2 MBProgress (1): 1.0/1.2 MBProgress (1): 1.0/1.2 MBProgress (1): 1.0/1.2 MBProgress (1): 1.1/1.2 MBProgress (1): 1.1/1.2 MBProgress (1): 1.1/1.2 MBProgress (1): 1.1/1.2 MBProgress (1): 1.1/1.2 MBProgress (1): 1.1/1.2 MBProgress (1): 1.1/1.2 MBProgress (1): 1.1/1.2 MBProgress (1): 1.1/1.2 MBProgress (1): 1.1/1.2 MBProgress (1): 1.1/1.2 MBProgress (1): 1.1/1.2 MBProgress (1): 1.1/1.2 MBProgress (1): 1.1/1.2 MBProgress (1): 1.1/1.2 MBProgress (1): 1.1/1.2 MBProgress (1): 1.1/1.2 MBProgress (1): 1.1/1.2 MBProgress (1): 1.1/1.2 MBProgress (1): 1.1/1.2 MBProgress (1): 1.1/1.2 MBProgress (1): 1.1/1.2 MBProgress (1): 1.1/1.2 MBProgress (1): 1.1/1.2 MBProgress (1): 1.1/1.2 MBProgress (1): 1.2/1.2 MBProgress (1): 1.2/1.2 MBProgress (1): 1.2 MB                        Downloaded from central: https://repo.maven.apache.org/maven2/org/apache/ratis/ratis-proto/0.4.0/ratis-proto-0.4.0.jar (1.2 MB at 3.7 MB/s)
[INFO] 
[INFO] --- maven-antrun-plugin:1.7:run (create-testdirs) @ hadoop-hdds-common ---
[INFO] Executing tasks

main:
    [mkdir] Created dir: /workdir/hadoop-hdds/common/target/test-dir
[INFO] Executed tasks
[INFO] 
[INFO] --- hadoop-maven-plugins:3.2.0:protoc (compile-protoc) @ hadoop-hdds-common ---
[INFO] Wrote protoc checksums to file /workdir/hadoop-hdds/common/target/hadoop-maven-plugins-protoc-checksums.json
[INFO] 
[INFO] --- protobuf-maven-plugin:0.5.1:compile (compile-protoc) @ hadoop-hdds-common ---
[INFO] Compiling 1 proto file(s) to /workdir/hadoop-hdds/common/target/generated-sources/java
[INFO] 
[INFO] --- protobuf-maven-plugin:0.5.1:compile-custom (compile-protoc) @ hadoop-hdds-common ---
[INFO] Compiling 1 proto file(s) to /workdir/hadoop-hdds/common/target/generated-sources/java
[INFO] 
[INFO] --- maven-antrun-plugin:1.7:run (default) @ hadoop-hdds-common ---
[WARNING] Parameter tasks is deprecated, use target instead
[INFO] Executing tasks

main:
[INFO] Executed tasks
[INFO] 
[INFO] --- hadoop-maven-plugins:3.2.0:version-info (version-info) @ hadoop-hdds-common ---
[INFO] SCM: GIT
[INFO] Computed MD5: 7a8a682a92e990881c35eb6e73392e0
[INFO] 
[INFO] --- maven-remote-resources-plugin:1.5:process (default) @ hadoop-hdds-common ---
[INFO] 
[INFO] --- maven-resources-plugin:2.6:resources (default-resources) @ hadoop-hdds-common ---
[INFO] Using 'UTF-8' encoding to copy filtered resources.
[INFO] Copying 4 resources
[INFO] Copying 1 resource
[INFO] Copying 1 resource
[INFO] Copying 1 resource
[INFO] Copying 2 resources
[INFO] 
[INFO] --- maven-compiler-plugin:3.1:compile (default-compile) @ hadoop-hdds-common ---
[INFO] Compiling 234 source files to /workdir/hadoop-hdds/common/target/classes
[WARNING] /workdir/hadoop-hdds/common/src/main/java/org/apache/hadoop/utils/MetadataStoreBuilder.java: Some input files use or override a deprecated API.
[WARNING] /workdir/hadoop-hdds/common/src/main/java/org/apache/hadoop/utils/MetadataStoreBuilder.java: Recompile with -Xlint:deprecation for details.
[WARNING] /workdir/hadoop-hdds/common/src/main/java/org/apache/hadoop/utils/db/TypedTable.java: Some input files use unchecked or unsafe operations.
[WARNING] /workdir/hadoop-hdds/common/src/main/java/org/apache/hadoop/utils/db/TypedTable.java: Recompile with -Xlint:unchecked for details.
[INFO] 
[INFO] --- protobuf-maven-plugin:0.5.1:test-compile (compile-protoc) @ hadoop-hdds-common ---
[INFO] /workdir/hadoop-hdds/common/src/test/proto does not exist. Review the configuration or consider disabling the plugin.
[INFO] 
[INFO] --- protobuf-maven-plugin:0.5.1:test-compile-custom (compile-protoc) @ hadoop-hdds-common ---
[INFO] /workdir/hadoop-hdds/common/src/test/proto does not exist. Review the configuration or consider disabling the plugin.
[INFO] 
[INFO] --- maven-resources-plugin:2.6:testResources (default-testResources) @ hadoop-hdds-common ---
[INFO] Using 'UTF-8' encoding to copy filtered resources.
[INFO] Copying 20 resources
[INFO] Copying 2 resources
[INFO] 
[INFO] --- maven-compiler-plugin:3.1:testCompile (default-testCompile) @ hadoop-hdds-common ---
[INFO] Compiling 54 source files to /workdir/hadoop-hdds/common/target/test-classes
[WARNING] /workdir/hadoop-hdds/common/src/test/java/org/apache/hadoop/utils/db/TestRDBStore.java: Some input files use unchecked or unsafe operations.
[WARNING] /workdir/hadoop-hdds/common/src/test/java/org/apache/hadoop/utils/db/TestRDBStore.java: Recompile with -Xlint:unchecked for details.
[INFO] 
[INFO] --- maven-surefire-plugin:3.0.0-M1:test (default-test) @ hadoop-hdds-common ---
[INFO] 
[INFO] -------------------------------------------------------
[INFO]  T E S T S
[INFO] -------------------------------------------------------
[INFO] Running org.apache.hadoop.utils.TestRetriableTask
[INFO] Tests run: 3, Failures: 0, Errors: 0, Skipped: 0, Time elapsed: 0.09 s - in org.apache.hadoop.utils.TestRetriableTask
[INFO] Running org.apache.hadoop.utils.db.cache.TestTableCacheImpl
[INFO] Tests run: 4, Failures: 0, Errors: 0, Skipped: 0, Time elapsed: 2.117 s - in org.apache.hadoop.utils.db.cache.TestTableCacheImpl
[INFO] Running org.apache.hadoop.utils.db.TestDBStoreBuilder
[INFO] Tests run: 7, Failures: 0, Errors: 0, Skipped: 0, Time elapsed: 1.459 s - in org.apache.hadoop.utils.db.TestDBStoreBuilder
[INFO] Running org.apache.hadoop.utils.db.TestRDBStore
[INFO] Tests run: 11, Failures: 0, Errors: 0, Skipped: 0, Time elapsed: 17.547 s - in org.apache.hadoop.utils.db.TestRDBStore
[INFO] Running org.apache.hadoop.utils.db.TestDBConfigFromFile
[INFO] Tests run: 2, Failures: 0, Errors: 0, Skipped: 0, Time elapsed: 0.316 s - in org.apache.hadoop.utils.db.TestDBConfigFromFile
[INFO] Running org.apache.hadoop.utils.db.TestRDBTableStore
[INFO] Tests run: 8, Failures: 0, Errors: 0, Skipped: 0, Time elapsed: 6.116 s - in org.apache.hadoop.utils.db.TestRDBTableStore
[INFO] Running org.apache.hadoop.utils.db.TestTypedRDBTableStore
[INFO] Tests run: 10, Failures: 0, Errors: 0, Skipped: 0, Time elapsed: 7.988 s - in org.apache.hadoop.utils.db.TestTypedRDBTableStore
[INFO] Running org.apache.hadoop.utils.TestHddsIdFactory
[INFO] Tests run: 1, Failures: 0, Errors: 0, Skipped: 0, Time elapsed: 0.171 s - in org.apache.hadoop.utils.TestHddsIdFactory
[INFO] Running org.apache.hadoop.utils.TestRocksDBStoreMBean
[INFO] Tests run: 3, Failures: 0, Errors: 0, Skipped: 0, Time elapsed: 4.901 s - in org.apache.hadoop.utils.TestRocksDBStoreMBean
[INFO] Running org.apache.hadoop.utils.TestMetadataStore
[INFO] Tests run: 26, Failures: 0, Errors: 0, Skipped: 0, Time elapsed: 4.873 s - in org.apache.hadoop.utils.TestMetadataStore
[INFO] Running org.apache.hadoop.hdds.TestHddsUtils
[INFO] Tests run: 1, Failures: 0, Errors: 0, Skipped: 0, Time elapsed: 0.088 s - in org.apache.hadoop.hdds.TestHddsUtils
[INFO] Running org.apache.hadoop.hdds.conf.TestOzoneConfiguration
[INFO] Tests run: 3, Failures: 0, Errors: 0, Skipped: 0, Time elapsed: 0.451 s - in org.apache.hadoop.hdds.conf.TestOzoneConfiguration
[INFO] Running org.apache.hadoop.hdds.scm.exceptions.TestSCMExceptionResultCodes
[INFO] Tests run: 1, Failures: 0, Errors: 0, Skipped: 0, Time elapsed: 0.066 s - in org.apache.hadoop.hdds.scm.exceptions.TestSCMExceptionResultCodes
[INFO] Running org.apache.hadoop.hdds.scm.net.TestYamlSchemaLoader
[INFO] Tests run: 4, Failures: 0, Errors: 0, Skipped: 0, Time elapsed: 0.318 s - in org.apache.hadoop.hdds.scm.net.TestYamlSchemaLoader
[INFO] Running org.apache.hadoop.hdds.scm.net.TestNodeSchemaLoader
[INFO] Tests run: 28, Failures: 0, Errors: 0, Skipped: 0, Time elapsed: 0.268 s - in org.apache.hadoop.hdds.scm.net.TestNodeSchemaLoader
[INFO] Running org.apache.hadoop.hdds.scm.net.TestNodeSchemaManager
[INFO] Tests run: 5, Failures: 0, Errors: 0, Skipped: 0, Time elapsed: 0.314 s - in org.apache.hadoop.hdds.scm.net.TestNodeSchemaManager
[INFO] Running org.apache.hadoop.hdds.scm.net.TestNetworkTopologyImpl
[WARNING] Tests run: 75, Failures: 0, Errors: 0, Skipped: 1, Time elapsed: 3.224 s - in org.apache.hadoop.hdds.scm.net.TestNetworkTopologyImpl
[INFO] Running org.apache.hadoop.hdds.security.x509.keys.TestHDDSKeyGenerator
[INFO] Tests run: 2, Failures: 0, Errors: 0, Skipped: 0, Time elapsed: 7.911 s - in org.apache.hadoop.hdds.security.x509.keys.TestHDDSKeyGenerator
[INFO] Running org.apache.hadoop.hdds.security.x509.keys.TestKeyCodec
[INFO] Tests run: 4, Failures: 0, Errors: 0, Skipped: 0, Time elapsed: 1.966 s - in org.apache.hadoop.hdds.security.x509.keys.TestKeyCodec
[INFO] Running org.apache.hadoop.hdds.security.x509.certificates.TestCertificateSignRequest
[INFO] Tests run: 4, Failures: 0, Errors: 0, Skipped: 0, Time elapsed: 2.241 s - in org.apache.hadoop.hdds.security.x509.certificates.TestCertificateSignRequest
[INFO] Running org.apache.hadoop.hdds.security.x509.certificates.TestRootCertificate
[INFO] Tests run: 3, Failures: 0, Errors: 0, Skipped: 0, Time elapsed: 2.123 s - in org.apache.hadoop.hdds.security.x509.certificates.TestRootCertificate
[INFO] Running org.apache.hadoop.hdds.security.x509.certificate.utils.TestCertificateCodec
[INFO] Tests run: 4, Failures: 0, Errors: 0, Skipped: 0, Time elapsed: 2.463 s - in org.apache.hadoop.hdds.security.x509.certificate.utils.TestCertificateCodec
[INFO] Running org.apache.hadoop.hdds.security.x509.certificate.client.TestCertificateClientInit
[INFO] Tests run: 16, Failures: 0, Errors: 0, Skipped: 0, Time elapsed: 6.267 s - in org.apache.hadoop.hdds.security.x509.certificate.client.TestCertificateClientInit
[INFO] Running org.apache.hadoop.hdds.security.x509.certificate.client.TestDefaultCertificateClient
[INFO] Tests run: 9, Failures: 0, Errors: 0, Skipped: 0, Time elapsed: 11.21 s - in org.apache.hadoop.hdds.security.x509.certificate.client.TestDefaultCertificateClient
[INFO] Running org.apache.hadoop.hdds.security.x509.certificate.authority.TestDefaultCAServer
[INFO] Tests run: 6, Failures: 0, Errors: 0, Skipped: 0, Time elapsed: 2.992 s - in org.apache.hadoop.hdds.security.x509.certificate.authority.TestDefaultCAServer
[INFO] Running org.apache.hadoop.hdds.security.x509.certificate.authority.TestDefaultProfile
[INFO] Tests run: 10, Failures: 0, Errors: 0, Skipped: 0, Time elapsed: 4.104 s - in org.apache.hadoop.hdds.security.x509.certificate.authority.TestDefaultProfile
[INFO] Running org.apache.hadoop.hdds.security.token.TestOzoneBlockTokenIdentifier
[INFO] Tests run: 4, Failures: 0, Errors: 0, Skipped: 0, Time elapsed: 1.65 s - in org.apache.hadoop.hdds.security.token.TestOzoneBlockTokenIdentifier
[INFO] Running org.apache.hadoop.ozone.common.TestChecksum
[INFO] Tests run: 3, Failures: 0, Errors: 0, Skipped: 0, Time elapsed: 0.119 s - in org.apache.hadoop.ozone.common.TestChecksum
[INFO] Running org.apache.hadoop.ozone.common.TestStateMachine
[INFO] Tests run: 1, Failures: 0, Errors: 0, Skipped: 0, Time elapsed: 0.136 s - in org.apache.hadoop.ozone.common.TestStateMachine
[INFO] Running org.apache.hadoop.ozone.lease.TestLeaseManager
[INFO] Tests run: 10, Failures: 0, Errors: 0, Skipped: 0, Time elapsed: 23.134 s - in org.apache.hadoop.ozone.lease.TestLeaseManager
[INFO] Running org.apache.hadoop.ozone.audit.TestOzoneAuditLogger
[INFO] Tests run: 3, Failures: 0, Errors: 0, Skipped: 0, Time elapsed: 0.756 s - in org.apache.hadoop.ozone.audit.TestOzoneAuditLogger
[INFO] Running org.apache.hadoop.ozone.lock.TestLockManager
[INFO] Tests run: 2, Failures: 0, Errors: 0, Skipped: 0, Time elapsed: 0.691 s - in org.apache.hadoop.ozone.lock.TestLockManager
[INFO] 
[INFO] Results:
[INFO] 
[WARNING] Tests run: 273, Failures: 0, Errors: 0, Skipped: 1
[INFO] 
[INFO] 
[INFO] ----------------< org.apache.hadoop:hadoop-hdds-client >----------------
[INFO] Building Apache Hadoop HDDS Client 0.4.1-SNAPSHOT                 [4/26]
[INFO] --------------------------------[ jar ]---------------------------------
[INFO] 
[INFO] --- maven-antrun-plugin:1.7:run (create-testdirs) @ hadoop-hdds-client ---
[INFO] Executing tasks

main:
    [mkdir] Created dir: /workdir/hadoop-hdds/client/target/test-dir
[INFO] Executed tasks
[INFO] 
[INFO] --- maven-remote-resources-plugin:1.5:process (default) @ hadoop-hdds-client ---
[INFO] 
[INFO] --- maven-resources-plugin:2.6:resources (default-resources) @ hadoop-hdds-client ---
[INFO] Using 'UTF-8' encoding to copy filtered resources.
[INFO] skip non existing resourceDirectory /workdir/hadoop-hdds/client/src/main/resources
[INFO] Copying 2 resources
[INFO] 
[INFO] --- maven-compiler-plugin:3.1:compile (default-compile) @ hadoop-hdds-client ---
[INFO] Compiling 15 source files to /workdir/hadoop-hdds/client/target/classes
[WARNING] /workdir/hadoop-hdds/client/src/main/java/org/apache/hadoop/hdds/scm/XceiverClientGrpc.java: Some input files use unchecked or unsafe operations.
[WARNING] /workdir/hadoop-hdds/client/src/main/java/org/apache/hadoop/hdds/scm/XceiverClientGrpc.java: Recompile with -Xlint:unchecked for details.
[INFO] 
[INFO] --- maven-resources-plugin:2.6:testResources (default-testResources) @ hadoop-hdds-client ---
[INFO] Using 'UTF-8' encoding to copy filtered resources.
[INFO] skip non existing resourceDirectory /workdir/hadoop-hdds/client/src/test/resources
[INFO] Copying 2 resources
[INFO] 
[INFO] --- maven-compiler-plugin:3.1:testCompile (default-testCompile) @ hadoop-hdds-client ---
[INFO] Compiling 3 source files to /workdir/hadoop-hdds/client/target/test-classes
[INFO] 
[INFO] --- maven-surefire-plugin:3.0.0-M1:test (default-test) @ hadoop-hdds-client ---
[INFO] 
[INFO] -------------------------------------------------------
[INFO]  T E S T S
[INFO] -------------------------------------------------------
[INFO] Running org.apache.hadoop.hdds.scm.storage.TestChunkInputStream
[INFO] Tests run: 4, Failures: 0, Errors: 0, Skipped: 0, Time elapsed: 0.154 s - in org.apache.hadoop.hdds.scm.storage.TestChunkInputStream
[INFO] Running org.apache.hadoop.hdds.scm.storage.TestBlockInputStream
[INFO] Tests run: 3, Failures: 0, Errors: 0, Skipped: 0, Time elapsed: 0.151 s - in org.apache.hadoop.hdds.scm.storage.TestBlockInputStream
[INFO] 
[INFO] Results:
[INFO] 
[INFO] Tests run: 7, Failures: 0, Errors: 0, Skipped: 0
[INFO] 
[INFO] 
[INFO] -----------< org.apache.hadoop:hadoop-hdds-server-framework >-----------
[INFO] Building Apache Hadoop HDDS Server Framework 0.4.1-SNAPSHOT       [5/26]
[INFO] --------------------------------[ jar ]---------------------------------
[INFO] 
[INFO] --- maven-antrun-plugin:1.7:run (create-testdirs) @ hadoop-hdds-server-framework ---
[INFO] Executing tasks

main:
    [mkdir] Created dir: /workdir/hadoop-hdds/framework/target/test-dir
[INFO] Executed tasks
[INFO] 
[INFO] --- maven-remote-resources-plugin:1.5:process (default) @ hadoop-hdds-server-framework ---
[INFO] 
[INFO] --- maven-resources-plugin:2.6:resources (default-resources) @ hadoop-hdds-server-framework ---
[INFO] Using 'UTF-8' encoding to copy filtered resources.
[INFO] Copying 35 resources
[INFO] Copying 2 resources
[INFO] 
[INFO] --- maven-compiler-plugin:3.1:compile (default-compile) @ hadoop-hdds-server-framework ---
[INFO] Compiling 19 source files to /workdir/hadoop-hdds/framework/target/classes
[WARNING] /workdir/hadoop-hdds/framework/src/main/java/org/apache/hadoop/hdds/server/events/EventQueue.java: Some input files use unchecked or unsafe operations.
[WARNING] /workdir/hadoop-hdds/framework/src/main/java/org/apache/hadoop/hdds/server/events/EventQueue.java: Recompile with -Xlint:unchecked for details.
[INFO] 
[INFO] --- maven-resources-plugin:2.6:testResources (default-testResources) @ hadoop-hdds-server-framework ---
[INFO] Using 'UTF-8' encoding to copy filtered resources.
[INFO] Copying 1 resource
[INFO] Copying 2 resources
[INFO] 
[INFO] --- maven-compiler-plugin:3.1:testCompile (default-testCompile) @ hadoop-hdds-server-framework ---
[INFO] Compiling 9 source files to /workdir/hadoop-hdds/framework/target/test-classes
[INFO] 
[INFO] --- maven-surefire-plugin:3.0.0-M1:test (default-test) @ hadoop-hdds-server-framework ---
[INFO] 
[INFO] -------------------------------------------------------
[INFO]  T E S T S
[INFO] -------------------------------------------------------
[INFO] Running org.apache.hadoop.hdds.server.TestServerUtils
[INFO] Tests run: 6, Failures: 0, Errors: 0, Skipped: 0, Time elapsed: 0.428 s - in org.apache.hadoop.hdds.server.TestServerUtils
[INFO] Running org.apache.hadoop.hdds.server.events.TestEventWatcher
[INFO] Tests run: 3, Failures: 0, Errors: 0, Skipped: 0, Time elapsed: 7.708 s - in org.apache.hadoop.hdds.server.events.TestEventWatcher
[INFO] Running org.apache.hadoop.hdds.server.events.TestEventQueueChain
[INFO] Tests run: 1, Failures: 0, Errors: 0, Skipped: 0, Time elapsed: 0.204 s - in org.apache.hadoop.hdds.server.events.TestEventQueueChain
[INFO] Running org.apache.hadoop.hdds.server.events.TestEventQueue
[INFO] Tests run: 2, Failures: 0, Errors: 0, Skipped: 0, Time elapsed: 0.457 s - in org.apache.hadoop.hdds.server.events.TestEventQueue
[INFO] Running org.apache.hadoop.hdds.server.TestPrometheusMetricsSink
[INFO] Tests run: 5, Failures: 0, Errors: 0, Skipped: 0, Time elapsed: 0.374 s - in org.apache.hadoop.hdds.server.TestPrometheusMetricsSink
[INFO] Running org.apache.hadoop.hdds.server.TestProfileServlet
[INFO] Tests run: 3, Failures: 0, Errors: 0, Skipped: 0, Time elapsed: 0.111 s - in org.apache.hadoop.hdds.server.TestProfileServlet
[INFO] Running org.apache.hadoop.hdds.server.TestBaseHttpServer
[INFO] Tests run: 1, Failures: 0, Errors: 0, Skipped: 0, Time elapsed: 0.291 s - in org.apache.hadoop.hdds.server.TestBaseHttpServer
[INFO] 
[INFO] Results:
[INFO] 
[INFO] Tests run: 21, Failures: 0, Errors: 0, Skipped: 0
[INFO] 
[INFO] 
[INFO] ----------< org.apache.hadoop:hadoop-hdds-container-service >-----------
[INFO] Building Apache Hadoop HDDS Container Service 0.4.1-SNAPSHOT      [6/26]
[INFO] --------------------------------[ jar ]---------------------------------
[INFO] 
[INFO] --- maven-antrun-plugin:1.7:run (create-testdirs) @ hadoop-hdds-container-service ---
[INFO] Executing tasks

main:
    [mkdir] Created dir: /workdir/hadoop-hdds/container-service/target/test-dir
[INFO] Executed tasks
[INFO] 
[INFO] --- hadoop-maven-plugins:3.2.0:protoc (compile-protoc) @ hadoop-hdds-container-service ---
[INFO] Wrote protoc checksums to file /workdir/hadoop-hdds/container-service/target/hadoop-maven-plugins-protoc-checksums.json
[INFO] 
[INFO] --- maven-remote-resources-plugin:1.5:process (default) @ hadoop-hdds-container-service ---
[INFO] 
[INFO] --- maven-resources-plugin:2.6:resources (default-resources) @ hadoop-hdds-container-service ---
[INFO] Using 'UTF-8' encoding to copy filtered resources.
[INFO] Copying 2 resources
[INFO] Copying 2 resources
[INFO] 
[INFO] --- maven-compiler-plugin:3.1:compile (default-compile) @ hadoop-hdds-container-service ---
[INFO] Compiling 151 source files to /workdir/hadoop-hdds/container-service/target/classes
[WARNING] /workdir/hadoop-hdds/container-service/src/main/java/org/apache/hadoop/ozone/container/common/volume/AbstractFuture.java:[1051,26] sun.misc.Unsafe is internal proprietary API and may be removed in a future release
[WARNING] /workdir/hadoop-hdds/container-service/src/main/java/org/apache/hadoop/ozone/container/common/volume/AbstractFuture.java:[1059,15] sun.misc.Unsafe is internal proprietary API and may be removed in a future release
[WARNING] /workdir/hadoop-hdds/container-service/src/main/java/org/apache/hadoop/ozone/container/common/volume/AbstractFuture.java:[1061,26] sun.misc.Unsafe is internal proprietary API and may be removed in a future release
[WARNING] /workdir/hadoop-hdds/container-service/src/main/java/org/apache/hadoop/ozone/container/common/volume/AbstractFuture.java:[1066,57] sun.misc.Unsafe is internal proprietary API and may be removed in a future release
[WARNING] /workdir/hadoop-hdds/container-service/src/main/java/org/apache/hadoop/ozone/container/common/volume/AbstractFuture.java:[1068,36] sun.misc.Unsafe is internal proprietary API and may be removed in a future release
[WARNING] /workdir/hadoop-hdds/container-service/src/main/java/org/apache/hadoop/ozone/container/common/volume/AbstractFuture.java:[1069,37] sun.misc.Unsafe is internal proprietary API and may be removed in a future release
[WARNING] /workdir/hadoop-hdds/container-service/src/main/java/org/apache/hadoop/ozone/container/common/volume/AbstractFuture.java:[1069,58] sun.misc.Unsafe is internal proprietary API and may be removed in a future release
[WARNING] /workdir/hadoop-hdds/container-service/src/main/java/org/apache/hadoop/ozone/container/replication/OnDemandContainerReplicationSource.java: Some input files use unchecked or unsafe operations.
[WARNING] /workdir/hadoop-hdds/container-service/src/main/java/org/apache/hadoop/ozone/container/replication/OnDemandContainerReplicationSource.java: Recompile with -Xlint:unchecked for details.
[INFO] 
[INFO] --- maven-resources-plugin:2.6:testResources (default-testResources) @ hadoop-hdds-container-service ---
[INFO] Using 'UTF-8' encoding to copy filtered resources.
[INFO] Copying 4 resources
[INFO] Copying 2 resources
[INFO] 
[INFO] --- maven-compiler-plugin:3.1:testCompile (default-testCompile) @ hadoop-hdds-container-service ---
[INFO] Compiling 46 source files to /workdir/hadoop-hdds/container-service/target/test-classes
[WARNING] /workdir/hadoop-hdds/container-service/src/test/java/org/apache/hadoop/ozone/container/common/volume/TestHddsVolumeChecker.java: /workdir/hadoop-hdds/container-service/src/test/java/org/apache/hadoop/ozone/container/common/volume/TestHddsVolumeChecker.java uses or overrides a deprecated API.
[WARNING] /workdir/hadoop-hdds/container-service/src/test/java/org/apache/hadoop/ozone/container/common/volume/TestHddsVolumeChecker.java: Recompile with -Xlint:deprecation for details.
[WARNING] /workdir/hadoop-hdds/container-service/src/test/java/org/apache/hadoop/ozone/container/common/ScmTestMock.java: Some input files use unchecked or unsafe operations.
[WARNING] /workdir/hadoop-hdds/container-service/src/test/java/org/apache/hadoop/ozone/container/common/ScmTestMock.java: Recompile with -Xlint:unchecked for details.
[INFO] 
[INFO] --- maven-surefire-plugin:3.0.0-M1:test (default-test) @ hadoop-hdds-container-service ---
[INFO] 
[INFO] -------------------------------------------------------
[INFO]  T E S T S
[INFO] -------------------------------------------------------
[INFO] Running org.apache.hadoop.ozone.TestHddsDatanodeService
[INFO] Tests run: 1, Failures: 0, Errors: 0, Skipped: 0, Time elapsed: 7.608 s - in org.apache.hadoop.ozone.TestHddsDatanodeService
[INFO] Running org.apache.hadoop.ozone.TestHddsSecureDatanodeInit
[INFO] Tests run: 9, Failures: 0, Errors: 0, Skipped: 0, Time elapsed: 2.43 s - in org.apache.hadoop.ozone.TestHddsSecureDatanodeInit
[INFO] Running org.apache.hadoop.ozone.container.keyvalue.TestKeyValueHandlerWithUnhealthyContainer
[INFO] Tests run: 6, Failures: 0, Errors: 0, Skipped: 0, Time elapsed: 1.981 s - in org.apache.hadoop.ozone.container.keyvalue.TestKeyValueHandlerWithUnhealthyContainer
[INFO] Running org.apache.hadoop.ozone.container.keyvalue.TestKeyValueContainer
[WARNING] Corrupted STDOUT by directly writing to native stream in forked JVM 1. See FAQ web page and the dump file /workdir/hadoop-hdds/container-service/target/surefire-reports/2019-09-24T09-51-09_244-jvmRun1.dumpstream
[INFO] Running org.apache.hadoop.ozone.container.keyvalue.TestKeyValueContainerCheck
[INFO] Tests run: 2, Failures: 0, Errors: 0, Skipped: 0, Time elapsed: 2.419 s - in org.apache.hadoop.ozone.container.keyvalue.TestKeyValueContainerCheck
[INFO] Running org.apache.hadoop.ozone.container.keyvalue.TestBlockManagerImpl
[INFO] Tests run: 4, Failures: 0, Errors: 0, Skipped: 0, Time elapsed: 2.391 s - in org.apache.hadoop.ozone.container.keyvalue.TestBlockManagerImpl
[INFO] Running org.apache.hadoop.ozone.container.keyvalue.TestTarContainerPacker
[INFO] Tests run: 1, Failures: 0, Errors: 0, Skipped: 0, Time elapsed: 0.267 s - in org.apache.hadoop.ozone.container.keyvalue.TestTarContainerPacker
[INFO] Running org.apache.hadoop.ozone.container.keyvalue.TestKeyValueBlockIterator
[INFO] Tests run: 10, Failures: 0, Errors: 0, Skipped: 0, Time elapsed: 4.437 s - in org.apache.hadoop.ozone.container.keyvalue.TestKeyValueBlockIterator
[INFO] Running org.apache.hadoop.ozone.container.keyvalue.TestKeyValueHandler
[INFO] Tests run: 3, Failures: 0, Errors: 0, Skipped: 0, Time elapsed: 2.388 s - in org.apache.hadoop.ozone.container.keyvalue.TestKeyValueHandler
[INFO] Running org.apache.hadoop.ozone.container.keyvalue.TestChunkManagerImpl
[INFO] Tests run: 8, Failures: 0, Errors: 0, Skipped: 0, Time elapsed: 5.885 s - in org.apache.hadoop.ozone.container.keyvalue.TestChunkManagerImpl
[INFO] Running org.apache.hadoop.ozone.container.keyvalue.TestKeyValueContainerMarkUnhealthy
[INFO] Tests run: 5, Failures: 0, Errors: 0, Skipped: 0, Time elapsed: 3.392 s - in org.apache.hadoop.ozone.container.keyvalue.TestKeyValueContainerMarkUnhealthy
[INFO] Running org.apache.hadoop.ozone.container.ozoneimpl.TestOzoneContainer
[INFO] Tests run: 2, Failures: 0, Errors: 0, Skipped: 0, Time elapsed: 6.374 s - in org.apache.hadoop.ozone.container.ozoneimpl.TestOzoneContainer
[INFO] Running org.apache.hadoop.ozone.container.common.TestKeyValueContainerData
[INFO] Tests run: 1, Failures: 0, Errors: 0, Skipped: 0, Time elapsed: 0.123 s - in org.apache.hadoop.ozone.container.common.TestKeyValueContainerData
[INFO] Running org.apache.hadoop.ozone.container.common.helpers.TestDatanodeVersionFile
[INFO] Tests run: 4, Failures: 0, Errors: 0, Skipped: 0, Time elapsed: 0.29 s - in org.apache.hadoop.ozone.container.common.helpers.TestDatanodeVersionFile
[INFO] Running org.apache.hadoop.ozone.container.common.impl.TestContainerDataYaml
[INFO] Tests run: 5, Failures: 0, Errors: 0, Skipped: 0, Time elapsed: 0.474 s - in org.apache.hadoop.ozone.container.common.impl.TestContainerDataYaml
[INFO] Running org.apache.hadoop.ozone.container.common.impl.TestHddsDispatcher
[INFO] Tests run: 3, Failures: 0, Errors: 0, Skipped: 0, Time elapsed: 2.443 s - in org.apache.hadoop.ozone.container.common.impl.TestHddsDispatcher
[INFO] Running org.apache.hadoop.ozone.container.common.impl.TestContainerSet
[INFO] Tests run: 5, Failures: 0, Errors: 0, Skipped: 0, Time elapsed: 0.907 s - in org.apache.hadoop.ozone.container.common.impl.TestContainerSet
[INFO] Running org.apache.hadoop.ozone.container.common.TestChunkLayOutVersion
[INFO] Tests run: 1, Failures: 0, Errors: 0, Skipped: 0, Time elapsed: 0.058 s - in org.apache.hadoop.ozone.container.common.TestChunkLayOutVersion
[INFO] Running org.apache.hadoop.ozone.container.common.TestContainerCache
[INFO] Tests run: 1, Failures: 0, Errors: 0, Skipped: 0, Time elapsed: 0.721 s - in org.apache.hadoop.ozone.container.common.TestContainerCache
[INFO] Running org.apache.hadoop.ozone.container.common.states.endpoint.TestHeartbeatEndpointTask
[INFO] Tests run: 6, Failures: 0, Errors: 0, Skipped: 0, Time elapsed: 1.2 s - in org.apache.hadoop.ozone.container.common.states.endpoint.TestHeartbeatEndpointTask
[INFO] Running org.apache.hadoop.ozone.container.common.volume.TestVolumeSetDiskChecks
[INFO] Tests run: 3, Failures: 0, Errors: 0, Skipped: 0, Time elapsed: 0.758 s - in org.apache.hadoop.ozone.container.common.volume.TestVolumeSetDiskChecks
[INFO] Running org.apache.hadoop.ozone.container.common.volume.TestRoundRobinVolumeChoosingPolicy
[INFO] Tests run: 2, Failures: 0, Errors: 0, Skipped: 0, Time elapsed: 1.094 s - in org.apache.hadoop.ozone.container.common.volume.TestRoundRobinVolumeChoosingPolicy
[INFO] Running org.apache.hadoop.ozone.container.common.volume.TestHddsVolume
[INFO] Tests run: 3, Failures: 0, Errors: 0, Skipped: 0, Time elapsed: 0.802 s - in org.apache.hadoop.ozone.container.common.volume.TestHddsVolume
[INFO] Running org.apache.hadoop.ozone.container.common.volume.TestHddsVolumeChecker
[INFO] Tests run: 8, Failures: 0, Errors: 0, Skipped: 0, Time elapsed: 1.141 s - in org.apache.hadoop.ozone.container.common.volume.TestHddsVolumeChecker
[INFO] Running org.apache.hadoop.ozone.container.common.volume.TestVolumeSet
[INFO] Tests run: 7, Failures: 0, Errors: 0, Skipped: 0, Time elapsed: 0.966 s - in org.apache.hadoop.ozone.container.common.volume.TestVolumeSet
[INFO] Running org.apache.hadoop.ozone.container.common.statemachine.commandhandler.TestCloseContainerCommandHandler
[ERROR] Tests run: 5, Failures: 0, Errors: 4, Skipped: 0, Time elapsed: 14.598 s <<< FAILURE! - in org.apache.hadoop.ozone.container.common.statemachine.commandhandler.TestCloseContainerCommandHandler
[ERROR] testCloseContainerViaStandalone(org.apache.hadoop.ozone.container.common.statemachine.commandhandler.TestCloseContainerCommandHandler)  Time elapsed: 0.049 s  <<< ERROR!
org.apache.hadoop.metrics2.MetricsException: Metrics source StorageContainerMetrics already exists!
	at org.apache.hadoop.metrics2.lib.DefaultMetricsSystem.newSourceName(DefaultMetricsSystem.java:152)
	at org.apache.hadoop.metrics2.lib.DefaultMetricsSystem.sourceName(DefaultMetricsSystem.java:125)
	at org.apache.hadoop.metrics2.impl.MetricsSystemImpl.register(MetricsSystemImpl.java:229)
	at org.apache.hadoop.ozone.container.common.helpers.ContainerMetrics.create(ContainerMetrics.java:92)
	at org.apache.hadoop.ozone.container.ozoneimpl.OzoneContainer.<init>(OzoneContainer.java:93)
	at org.apache.hadoop.ozone.container.common.statemachine.commandhandler.TestCloseContainerCommandHandler.getOzoneContainer(TestCloseContainerCommandHandler.java:281)
	at org.apache.hadoop.ozone.container.common.statemachine.commandhandler.TestCloseContainerCommandHandler.testCloseContainerViaStandalone(TestCloseContainerCommandHandler.java:108)
	at sun.reflect.NativeMethodAccessorImpl.invoke0(Native Method)
	at sun.reflect.NativeMethodAccessorImpl.invoke(NativeMethodAccessorImpl.java:62)
	at sun.reflect.DelegatingMethodAccessorImpl.invoke(DelegatingMethodAccessorImpl.java:43)
	at java.lang.reflect.Method.invoke(Method.java:498)
	at org.junit.runners.model.FrameworkMethod$1.runReflectiveCall(FrameworkMethod.java:47)
	at org.junit.internal.runners.model.ReflectiveCallable.run(ReflectiveCallable.java:12)
	at org.junit.runners.model.FrameworkMethod.invokeExplosively(FrameworkMethod.java:44)
	at org.junit.internal.runners.statements.InvokeMethod.evaluate(InvokeMethod.java:17)
	at org.junit.runners.ParentRunner.runLeaf(ParentRunner.java:271)
	at org.junit.runners.BlockJUnit4ClassRunner.runChild(BlockJUnit4ClassRunner.java:70)
	at org.junit.runners.BlockJUnit4ClassRunner.runChild(BlockJUnit4ClassRunner.java:50)
	at org.junit.runners.ParentRunner$3.run(ParentRunner.java:238)
	at org.junit.runners.ParentRunner$1.schedule(ParentRunner.java:63)
	at org.junit.runners.ParentRunner.runChildren(ParentRunner.java:236)
	at org.junit.runners.ParentRunner.access$000(ParentRunner.java:53)
	at org.junit.runners.ParentRunner$2.evaluate(ParentRunner.java:229)
	at org.junit.internal.runners.statements.RunAfters.evaluate(RunAfters.java:27)
	at org.junit.runners.ParentRunner.run(ParentRunner.java:309)
	at org.apache.maven.surefire.junit4.JUnit4Provider.execute(JUnit4Provider.java:365)
	at org.apache.maven.surefire.junit4.JUnit4Provider.executeWithRerun(JUnit4Provider.java:273)
	at org.apache.maven.surefire.junit4.JUnit4Provider.executeTestSet(JUnit4Provider.java:238)
	at org.apache.maven.surefire.junit4.JUnit4Provider.invoke(JUnit4Provider.java:159)
	at org.apache.maven.surefire.booter.ForkedBooter.invokeProviderInSameClassLoader(ForkedBooter.java:384)
	at org.apache.maven.surefire.booter.ForkedBooter.runSuitesInProcess(ForkedBooter.java:345)
	at org.apache.maven.surefire.booter.ForkedBooter.execute(ForkedBooter.java:126)
	at org.apache.maven.surefire.booter.ForkedBooter.main(ForkedBooter.java:418)

[ERROR] testQuasiCloseToClose(org.apache.hadoop.ozone.container.common.statemachine.commandhandler.TestCloseContainerCommandHandler)  Time elapsed: 0.029 s  <<< ERROR!
org.apache.hadoop.metrics2.MetricsException: Metrics source StorageContainerMetrics already exists!
	at org.apache.hadoop.metrics2.lib.DefaultMetricsSystem.newSourceName(DefaultMetricsSystem.java:152)
	at org.apache.hadoop.metrics2.lib.DefaultMetricsSystem.sourceName(DefaultMetricsSystem.java:125)
	at org.apache.hadoop.metrics2.impl.MetricsSystemImpl.register(MetricsSystemImpl.java:229)
	at org.apache.hadoop.ozone.container.common.helpers.ContainerMetrics.create(ContainerMetrics.java:92)
	at org.apache.hadoop.ozone.container.ozoneimpl.OzoneContainer.<init>(OzoneContainer.java:93)
	at org.apache.hadoop.ozone.container.common.statemachine.commandhandler.TestCloseContainerCommandHandler.getOzoneContainer(TestCloseContainerCommandHandler.java:281)
	at org.apache.hadoop.ozone.container.common.statemachine.commandhandler.TestCloseContainerCommandHandler.testQuasiCloseToClose(TestCloseContainerCommandHandler.java:143)
	at sun.reflect.NativeMethodAccessorImpl.invoke0(Native Method)
	at sun.reflect.NativeMethodAccessorImpl.invoke(NativeMethodAccessorImpl.java:62)
	at sun.reflect.DelegatingMethodAccessorImpl.invoke(DelegatingMethodAccessorImpl.java:43)
	at java.lang.reflect.Method.invoke(Method.java:498)
	at org.junit.runners.model.FrameworkMethod$1.runReflectiveCall(FrameworkMethod.java:47)
	at org.junit.internal.runners.model.ReflectiveCallable.run(ReflectiveCallable.java:12)
	at org.junit.runners.model.FrameworkMethod.invokeExplosively(FrameworkMethod.java:44)
	at org.junit.internal.runners.statements.InvokeMethod.evaluate(InvokeMethod.java:17)
	at org.junit.runners.ParentRunner.runLeaf(ParentRunner.java:271)
	at org.junit.runners.BlockJUnit4ClassRunner.runChild(BlockJUnit4ClassRunner.java:70)
	at org.junit.runners.BlockJUnit4ClassRunner.runChild(BlockJUnit4ClassRunner.java:50)
	at org.junit.runners.ParentRunner$3.run(ParentRunner.java:238)
	at org.junit.runners.ParentRunner$1.schedule(ParentRunner.java:63)
	at org.junit.runners.ParentRunner.runChildren(ParentRunner.java:236)
	at org.junit.runners.ParentRunner.access$000(ParentRunner.java:53)
	at org.junit.runners.ParentRunner$2.evaluate(ParentRunner.java:229)
	at org.junit.internal.runners.statements.RunAfters.evaluate(RunAfters.java:27)
	at org.junit.runners.ParentRunner.run(ParentRunner.java:309)
	at org.apache.maven.surefire.junit4.JUnit4Provider.execute(JUnit4Provider.java:365)
	at org.apache.maven.surefire.junit4.JUnit4Provider.executeWithRerun(JUnit4Provider.java:273)
	at org.apache.maven.surefire.junit4.JUnit4Provider.executeTestSet(JUnit4Provider.java:238)
	at org.apache.maven.surefire.junit4.JUnit4Provider.invoke(JUnit4Provider.java:159)
	at org.apache.maven.surefire.booter.ForkedBooter.invokeProviderInSameClassLoader(ForkedBooter.java:384)
	at org.apache.maven.surefire.booter.ForkedBooter.runSuitesInProcess(ForkedBooter.java:345)
	at org.apache.maven.surefire.booter.ForkedBooter.execute(ForkedBooter.java:126)
	at org.apache.maven.surefire.booter.ForkedBooter.main(ForkedBooter.java:418)

[ERROR] testForceCloseOpenContainer(org.apache.hadoop.ozone.container.common.statemachine.commandhandler.TestCloseContainerCommandHandler)  Time elapsed: 0.03 s  <<< ERROR!
org.apache.hadoop.metrics2.MetricsException: Metrics source StorageContainerMetrics already exists!
	at org.apache.hadoop.metrics2.lib.DefaultMetricsSystem.newSourceName(DefaultMetricsSystem.java:152)
	at org.apache.hadoop.metrics2.lib.DefaultMetricsSystem.sourceName(DefaultMetricsSystem.java:125)
	at org.apache.hadoop.metrics2.impl.MetricsSystemImpl.register(MetricsSystemImpl.java:229)
	at org.apache.hadoop.ozone.container.common.helpers.ContainerMetrics.create(ContainerMetrics.java:92)
	at org.apache.hadoop.ozone.container.ozoneimpl.OzoneContainer.<init>(OzoneContainer.java:93)
	at org.apache.hadoop.ozone.container.common.statemachine.commandhandler.TestCloseContainerCommandHandler.getOzoneContainer(TestCloseContainerCommandHandler.java:281)
	at org.apache.hadoop.ozone.container.common.statemachine.commandhandler.TestCloseContainerCommandHandler.testForceCloseOpenContainer(TestCloseContainerCommandHandler.java:191)
	at sun.reflect.NativeMethodAccessorImpl.invoke0(Native Method)
	at sun.reflect.NativeMethodAccessorImpl.invoke(NativeMethodAccessorImpl.java:62)
	at sun.reflect.DelegatingMethodAccessorImpl.invoke(DelegatingMethodAccessorImpl.java:43)
	at java.lang.reflect.Method.invoke(Method.java:498)
	at org.junit.runners.model.FrameworkMethod$1.runReflectiveCall(FrameworkMethod.java:47)
	at org.junit.internal.runners.model.ReflectiveCallable.run(ReflectiveCallable.java:12)
	at org.junit.runners.model.FrameworkMethod.invokeExplosively(FrameworkMethod.java:44)
	at org.junit.internal.runners.statements.InvokeMethod.evaluate(InvokeMethod.java:17)
	at org.junit.runners.ParentRunner.runLeaf(ParentRunner.java:271)
	at org.junit.runners.BlockJUnit4ClassRunner.runChild(BlockJUnit4ClassRunner.java:70)
	at org.junit.runners.BlockJUnit4ClassRunner.runChild(BlockJUnit4ClassRunner.java:50)
	at org.junit.runners.ParentRunner$3.run(ParentRunner.java:238)
	at org.junit.runners.ParentRunner$1.schedule(ParentRunner.java:63)
	at org.junit.runners.ParentRunner.runChildren(ParentRunner.java:236)
	at org.junit.runners.ParentRunner.access$000(ParentRunner.java:53)
	at org.junit.runners.ParentRunner$2.evaluate(ParentRunner.java:229)
	at org.junit.internal.runners.statements.RunAfters.evaluate(RunAfters.java:27)
	at org.junit.runners.ParentRunner.run(ParentRunner.java:309)
	at org.apache.maven.surefire.junit4.JUnit4Provider.execute(JUnit4Provider.java:365)
	at org.apache.maven.surefire.junit4.JUnit4Provider.executeWithRerun(JUnit4Provider.java:273)
	at org.apache.maven.surefire.junit4.JUnit4Provider.executeTestSet(JUnit4Provider.java:238)
	at org.apache.maven.surefire.junit4.JUnit4Provider.invoke(JUnit4Provider.java:159)
	at org.apache.maven.surefire.booter.ForkedBooter.invokeProviderInSameClassLoader(ForkedBooter.java:384)
	at org.apache.maven.surefire.booter.ForkedBooter.runSuitesInProcess(ForkedBooter.java:345)
	at org.apache.maven.surefire.booter.ForkedBooter.execute(ForkedBooter.java:126)
	at org.apache.maven.surefire.booter.ForkedBooter.main(ForkedBooter.java:418)

[ERROR] testQuasiCloseClosedContainer(org.apache.hadoop.ozone.container.common.statemachine.commandhandler.TestCloseContainerCommandHandler)  Time elapsed: 0.039 s  <<< ERROR!
org.apache.hadoop.metrics2.MetricsException: Metrics source StorageContainerMetrics already exists!
	at org.apache.hadoop.metrics2.lib.DefaultMetricsSystem.newSourceName(DefaultMetricsSystem.java:152)
	at org.apache.hadoop.metrics2.lib.DefaultMetricsSystem.sourceName(DefaultMetricsSystem.java:125)
	at org.apache.hadoop.metrics2.impl.MetricsSystemImpl.register(MetricsSystemImpl.java:229)
	at org.apache.hadoop.ozone.container.common.helpers.ContainerMetrics.create(ContainerMetrics.java:92)
	at org.apache.hadoop.ozone.container.ozoneimpl.OzoneContainer.<init>(OzoneContainer.java:93)
	at org.apache.hadoop.ozone.container.common.statemachine.commandhandler.TestCloseContainerCommandHandler.getOzoneContainer(TestCloseContainerCommandHandler.java:281)
	at org.apache.hadoop.ozone.container.common.statemachine.commandhandler.TestCloseContainerCommandHandler.testQuasiCloseClosedContainer(TestCloseContainerCommandHandler.java:226)
	at sun.reflect.NativeMethodAccessorImpl.invoke0(Native Method)
	at sun.reflect.NativeMethodAccessorImpl.invoke(NativeMethodAccessorImpl.java:62)
	at sun.reflect.DelegatingMethodAccessorImpl.invoke(DelegatingMethodAccessorImpl.java:43)
	at java.lang.reflect.Method.invoke(Method.java:498)
	at org.junit.runners.model.FrameworkMethod$1.runReflectiveCall(FrameworkMethod.java:47)
	at org.junit.internal.runners.model.ReflectiveCallable.run(ReflectiveCallable.java:12)
	at org.junit.runners.model.FrameworkMethod.invokeExplosively(FrameworkMethod.java:44)
	at org.junit.internal.runners.statements.InvokeMethod.evaluate(InvokeMethod.java:17)
	at org.junit.runners.ParentRunner.runLeaf(ParentRunner.java:271)
	at org.junit.runners.BlockJUnit4ClassRunner.runChild(BlockJUnit4ClassRunner.java:70)
	at org.junit.runners.BlockJUnit4ClassRunner.runChild(BlockJUnit4ClassRunner.java:50)
	at org.junit.runners.ParentRunner$3.run(ParentRunner.java:238)
	at org.junit.runners.ParentRunner$1.schedule(ParentRunner.java:63)
	at org.junit.runners.ParentRunner.runChildren(ParentRunner.java:236)
	at org.junit.runners.ParentRunner.access$000(ParentRunner.java:53)
	at org.junit.runners.ParentRunner$2.evaluate(ParentRunner.java:229)
	at org.junit.internal.runners.statements.RunAfters.evaluate(RunAfters.java:27)
	at org.junit.runners.ParentRunner.run(ParentRunner.java:309)
	at org.apache.maven.surefire.junit4.JUnit4Provider.execute(JUnit4Provider.java:365)
	at org.apache.maven.surefire.junit4.JUnit4Provider.executeWithRerun(JUnit4Provider.java:273)
	at org.apache.maven.surefire.junit4.JUnit4Provider.executeTestSet(JUnit4Provider.java:238)
	at org.apache.maven.surefire.junit4.JUnit4Provider.invoke(JUnit4Provider.java:159)
	at org.apache.maven.surefire.booter.ForkedBooter.invokeProviderInSameClassLoader(ForkedBooter.java:384)
	at org.apache.maven.surefire.booter.ForkedBooter.runSuitesInProcess(ForkedBooter.java:345)
	at org.apache.maven.surefire.booter.ForkedBooter.execute(ForkedBooter.java:126)
	at org.apache.maven.surefire.booter.ForkedBooter.main(ForkedBooter.java:418)

[INFO] Running org.apache.hadoop.ozone.container.common.TestDatanodeLayOutVersion
[INFO] Tests run: 1, Failures: 0, Errors: 0, Skipped: 0, Time elapsed: 0.061 s - in org.apache.hadoop.ozone.container.common.TestDatanodeLayOutVersion
[INFO] Running org.apache.hadoop.ozone.container.common.interfaces.TestHandler
[INFO] Tests run: 2, Failures: 0, Errors: 0, Skipped: 0, Time elapsed: 1.684 s - in org.apache.hadoop.ozone.container.common.interfaces.TestHandler
[INFO] Running org.apache.hadoop.ozone.container.common.TestDatanodeStateMachine
[INFO] Tests run: 4, Failures: 0, Errors: 0, Skipped: 0, Time elapsed: 9.303 s - in org.apache.hadoop.ozone.container.common.TestDatanodeStateMachine
[INFO] Running org.apache.hadoop.ozone.container.common.report.TestReportPublisher
[INFO] Tests run: 4, Failures: 0, Errors: 0, Skipped: 0, Time elapsed: 1.463 s - in org.apache.hadoop.ozone.container.common.report.TestReportPublisher
[INFO] Running org.apache.hadoop.ozone.container.common.report.TestReportManager
[INFO] Tests run: 1, Failures: 0, Errors: 0, Skipped: 0, Time elapsed: 0.907 s - in org.apache.hadoop.ozone.container.common.report.TestReportManager
[INFO] Running org.apache.hadoop.ozone.container.common.report.TestReportPublisherFactory
[INFO] Tests run: 3, Failures: 0, Errors: 0, Skipped: 0, Time elapsed: 0.212 s - in org.apache.hadoop.ozone.container.common.report.TestReportPublisherFactory
[INFO] Running org.apache.hadoop.ozone.container.replication.TestReplicationSupervisor
[INFO] Tests run: 2, Failures: 0, Errors: 0, Skipped: 0, Time elapsed: 2.951 s - in org.apache.hadoop.ozone.container.replication.TestReplicationSupervisor
[INFO] 
[INFO] Results:
[INFO] 
[ERROR] Errors: 
[ERROR]   TestCloseContainerCommandHandler.testCloseContainerViaStandalone:108->getOzoneContainer:281  Metrics
[ERROR]   TestCloseContainerCommandHandler.testForceCloseOpenContainer:191->getOzoneContainer:281  Metrics
[ERROR]   TestCloseContainerCommandHandler.testQuasiCloseClosedContainer:226->getOzoneContainer:281  Metrics
[ERROR]   TestCloseContainerCommandHandler.testQuasiCloseToClose:143->getOzoneContainer:281  Metrics
[INFO] 
[ERROR] Tests run: 122, Failures: 0, Errors: 4, Skipped: 0
[INFO] 
[INFO] 
[INFO] -----------------< org.apache.hadoop:hadoop-hdds-docs >-----------------
[INFO] Building Apache Hadoop HDDS/Ozone Documentation 0.4.1-SNAPSHOT    [7/26]
[INFO] --------------------------------[ jar ]---------------------------------
[INFO] 
[INFO] --- maven-antrun-plugin:1.7:run (create-testdirs) @ hadoop-hdds-docs ---
[INFO] Executing tasks

main:
    [mkdir] Created dir: /workdir/hadoop-hdds/docs/target/test-dir
[INFO] Executed tasks
[INFO] 
[INFO] --- maven-remote-resources-plugin:1.5:process (default) @ hadoop-hdds-docs ---
[INFO] 
[INFO] --- maven-resources-plugin:2.6:resources (default-resources) @ hadoop-hdds-docs ---
[INFO] Using 'UTF-8' encoding to copy filtered resources.
[INFO] skip non existing resourceDirectory /workdir/hadoop-hdds/docs/src/main/resources
[INFO] Copying 2 resources
[INFO] 
[INFO] --- maven-compiler-plugin:3.1:compile (default-compile) @ hadoop-hdds-docs ---
[INFO] No sources to compile
[INFO] 
[INFO] --- exec-maven-plugin:1.6.0:exec (default) @ hadoop-hdds-docs ---
Hugo is not yet installed. Doc generation is skipped.
[INFO] 
[INFO] --- maven-resources-plugin:2.6:testResources (default-testResources) @ hadoop-hdds-docs ---
[INFO] Using 'UTF-8' encoding to copy filtered resources.
[INFO] skip non existing resourceDirectory /workdir/hadoop-hdds/docs/src/test/resources
[INFO] Copying 2 resources
[INFO] 
[INFO] --- maven-compiler-plugin:3.1:testCompile (default-testCompile) @ hadoop-hdds-docs ---
[INFO] No sources to compile
[INFO] 
[INFO] --- maven-surefire-plugin:3.0.0-M1:test (default-test) @ hadoop-hdds-docs ---
[INFO] 
[INFO] --------------< org.apache.hadoop:hadoop-hdds-server-scm >--------------
[INFO] Building Apache Hadoop HDDS SCM Server 0.4.1-SNAPSHOT             [8/26]
[INFO] --------------------------------[ jar ]---------------------------------
[INFO] 
[INFO] --- maven-antrun-plugin:1.7:run (create-testdirs) @ hadoop-hdds-server-scm ---
[INFO] Executing tasks

main:
    [mkdir] Created dir: /workdir/hadoop-hdds/server-scm/target/test-dir
[INFO] Executed tasks
[INFO] 
[INFO] --- maven-remote-resources-plugin:1.5:process (default) @ hadoop-hdds-server-scm ---
[INFO] 
[INFO] --- maven-resources-plugin:2.6:resources (default-resources) @ hadoop-hdds-server-scm ---
[INFO] Using 'UTF-8' encoding to copy filtered resources.
[INFO] Copying 4 resources
[INFO] Copying 2 resources
[INFO] 
[INFO] --- maven-compiler-plugin:3.1:compile (default-compile) @ hadoop-hdds-server-scm ---
[INFO] Compiling 130 source files to /workdir/hadoop-hdds/server-scm/target/classes
[WARNING] /workdir/hadoop-hdds/server-scm/src/main/java/org/apache/hadoop/hdds/scm/safemode/SCMSafeModeManager.java: Some input files use unchecked or unsafe operations.
[WARNING] /workdir/hadoop-hdds/server-scm/src/main/java/org/apache/hadoop/hdds/scm/safemode/SCMSafeModeManager.java: Recompile with -Xlint:unchecked for details.
[INFO] 
[INFO] --- maven-resources-plugin:2.6:testResources (default-testResources) @ hadoop-hdds-server-scm ---
[INFO] Using 'UTF-8' encoding to copy filtered resources.
[INFO] Copying 5 resources
[INFO] Copying 2 resources
[INFO] Copying 2 resources
[INFO] 
[INFO] --- maven-compiler-plugin:3.1:testCompile (default-testCompile) @ hadoop-hdds-server-scm ---
[INFO] Compiling 58 source files to /workdir/hadoop-hdds/server-scm/target/test-classes
[WARNING] /workdir/hadoop-hdds/server-scm/src/test/java/org/apache/hadoop/hdds/scm/container/MockNodeManager.java: Some input files use unchecked or unsafe operations.
[WARNING] /workdir/hadoop-hdds/server-scm/src/test/java/org/apache/hadoop/hdds/scm/container/MockNodeManager.java: Recompile with -Xlint:unchecked for details.
[INFO] 
[INFO] --- maven-surefire-plugin:3.0.0-M1:test (default-test) @ hadoop-hdds-server-scm ---
[INFO] 
[INFO] -------------------------------------------------------
[INFO]  T E S T S
[INFO] -------------------------------------------------------
[INFO] Running org.apache.hadoop.hdds.scm.server.TestSCMBlockProtocolServer
[INFO] Tests run: 1, Failures: 0, Errors: 0, Skipped: 0, Time elapsed: 4.076 s - in org.apache.hadoop.hdds.scm.server.TestSCMBlockProtocolServer
[INFO] Running org.apache.hadoop.hdds.scm.server.TestSCMClientProtocolServer
[INFO] Tests run: 1, Failures: 0, Errors: 0, Skipped: 0, Time elapsed: 1.286 s - in org.apache.hadoop.hdds.scm.server.TestSCMClientProtocolServer
[INFO] Running org.apache.hadoop.hdds.scm.server.TestSCMSecurityProtocolServer
[INFO] Tests run: 2, Failures: 0, Errors: 0, Skipped: 0, Time elapsed: 1.085 s - in org.apache.hadoop.hdds.scm.server.TestSCMSecurityProtocolServer
[INFO] Running org.apache.hadoop.hdds.scm.server.TestStorageContainerManagerStarter
[INFO] Tests run: 10, Failures: 0, Errors: 0, Skipped: 0, Time elapsed: 0.752 s - in org.apache.hadoop.hdds.scm.server.TestStorageContainerManagerStarter
[INFO] Running org.apache.hadoop.hdds.scm.server.TestSCMDatanodeHeartbeatDispatcher
[INFO] Tests run: 3, Failures: 0, Errors: 0, Skipped: 0, Time elapsed: 0.437 s - in org.apache.hadoop.hdds.scm.server.TestSCMDatanodeHeartbeatDispatcher
[INFO] Running org.apache.hadoop.hdds.scm.server.TestSCMContainerMetrics
[INFO] Tests run: 1, Failures: 0, Errors: 0, Skipped: 0, Time elapsed: 0.355 s - in org.apache.hadoop.hdds.scm.server.TestSCMContainerMetrics
[INFO] Running org.apache.hadoop.hdds.scm.node.TestSCMNodeStorageStatMap
[INFO] Tests run: 5, Failures: 0, Errors: 0, Skipped: 0, Time elapsed: 0.549 s - in org.apache.hadoop.hdds.scm.node.TestSCMNodeStorageStatMap
[INFO] Running org.apache.hadoop.hdds.scm.node.TestDeadNodeHandler
[INFO] Tests run: 1, Failures: 0, Errors: 0, Skipped: 0, Time elapsed: 4.441 s - in org.apache.hadoop.hdds.scm.node.TestDeadNodeHandler
[INFO] Running org.apache.hadoop.hdds.scm.node.states.TestNode2ContainerMap
[INFO] Tests run: 9, Failures: 0, Errors: 0, Skipped: 0, Time elapsed: 0.651 s - in org.apache.hadoop.hdds.scm.node.states.TestNode2ContainerMap
[INFO] Running org.apache.hadoop.hdds.scm.node.TestContainerPlacement
[WARNING] Tests run: 1, Failures: 0, Errors: 0, Skipped: 1, Time elapsed: 0.097 s - in org.apache.hadoop.hdds.scm.node.TestContainerPlacement
[INFO] Running org.apache.hadoop.hdds.scm.node.TestStatisticsUpdate
[INFO] Tests run: 1, Failures: 0, Errors: 0, Skipped: 0, Time elapsed: 5.29 s - in org.apache.hadoop.hdds.scm.node.TestStatisticsUpdate
[INFO] Running org.apache.hadoop.hdds.scm.node.TestNodeReportHandler
[INFO] Tests run: 1, Failures: 0, Errors: 0, Skipped: 0, Time elapsed: 0.776 s - in org.apache.hadoop.hdds.scm.node.TestNodeReportHandler
[INFO] Running org.apache.hadoop.hdds.scm.node.TestSCMNodeManager
[WARNING] Tests run: 17, Failures: 0, Errors: 0, Skipped: 2, Time elapsed: 81.522 s - in org.apache.hadoop.hdds.scm.node.TestSCMNodeManager
[INFO] Running org.apache.hadoop.hdds.scm.safemode.TestSafeModeHandler
[INFO] Tests run: 2, Failures: 0, Errors: 0, Skipped: 0, Time elapsed: 9.085 s - in org.apache.hadoop.hdds.scm.safemode.TestSafeModeHandler
[INFO] Running org.apache.hadoop.hdds.scm.safemode.TestOneReplicaPipelineSafeModeRule
[INFO] Tests run: 2, Failures: 0, Errors: 0, Skipped: 0, Time elapsed: 3.499 s - in org.apache.hadoop.hdds.scm.safemode.TestOneReplicaPipelineSafeModeRule
[INFO] Running org.apache.hadoop.hdds.scm.safemode.TestSCMSafeModeManager
[INFO] Tests run: 11, Failures: 0, Errors: 0, Skipped: 0, Time elapsed: 45.214 s - in org.apache.hadoop.hdds.scm.safemode.TestSCMSafeModeManager
[INFO] Running org.apache.hadoop.hdds.scm.safemode.TestHealthyPipelineSafeModeRule
[INFO] Tests run: 3, Failures: 0, Errors: 0, Skipped: 0, Time elapsed: 2.671 s - in org.apache.hadoop.hdds.scm.safemode.TestHealthyPipelineSafeModeRule
[INFO] Running org.apache.hadoop.hdds.scm.block.TestDeletedBlockLog
[INFO] Tests run: 5, Failures: 0, Errors: 0, Skipped: 0, Time elapsed: 18.246 s - in org.apache.hadoop.hdds.scm.block.TestDeletedBlockLog
[INFO] Running org.apache.hadoop.hdds.scm.block.TestBlockManager
[INFO] Tests run: 8, Failures: 0, Errors: 0, Skipped: 0, Time elapsed: 10.576 s - in org.apache.hadoop.hdds.scm.block.TestBlockManager
[INFO] Running org.apache.hadoop.hdds.scm.command.TestCommandStatusReportHandler
[INFO] Tests run: 1, Failures: 0, Errors: 0, Skipped: 0, Time elapsed: 0.373 s - in org.apache.hadoop.hdds.scm.command.TestCommandStatusReportHandler
[INFO] Running org.apache.hadoop.hdds.scm.TestStorageContainerManagerHttpServer
[INFO] Tests run: 3, Failures: 0, Errors: 0, Skipped: 0, Time elapsed: 2.472 s - in org.apache.hadoop.hdds.scm.TestStorageContainerManagerHttpServer
[INFO] Running org.apache.hadoop.hdds.scm.container.placement.algorithms.TestContainerPlacementFactory
[INFO] Tests run: 4, Failures: 0, Errors: 0, Skipped: 0, Time elapsed: 0.698 s - in org.apache.hadoop.hdds.scm.container.placement.algorithms.TestContainerPlacementFactory
[INFO] Running org.apache.hadoop.hdds.scm.container.placement.algorithms.TestSCMContainerPlacementRandom
[INFO] Tests run: 1, Failures: 0, Errors: 0, Skipped: 0, Time elapsed: 0.483 s - in org.apache.hadoop.hdds.scm.container.placement.algorithms.TestSCMContainerPlacementRandom
[INFO] Running org.apache.hadoop.hdds.scm.container.placement.algorithms.TestSCMContainerPlacementCapacity
[INFO] Tests run: 1, Failures: 0, Errors: 0, Skipped: 0, Time elapsed: 1.296 s - in org.apache.hadoop.hdds.scm.container.placement.algorithms.TestSCMContainerPlacementCapacity
[INFO] Running org.apache.hadoop.hdds.scm.container.placement.algorithms.TestSCMContainerPlacementRackAware
[INFO] Tests run: 7, Failures: 0, Errors: 0, Skipped: 0, Time elapsed: 0.571 s - in org.apache.hadoop.hdds.scm.container.placement.algorithms.TestSCMContainerPlacementRackAware
[INFO] Running org.apache.hadoop.hdds.scm.container.states.TestContainerAttribute
[INFO] Tests run: 5, Failures: 0, Errors: 0, Skipped: 0, Time elapsed: 0.181 s - in org.apache.hadoop.hdds.scm.container.states.TestContainerAttribute
[INFO] Running org.apache.hadoop.hdds.scm.container.TestContainerStateManager
[INFO] Tests run: 2, Failures: 0, Errors: 0, Skipped: 0, Time elapsed: 0.807 s - in org.apache.hadoop.hdds.scm.container.TestContainerStateManager
[INFO] Running org.apache.hadoop.hdds.scm.container.TestReplicationManager
[INFO] Tests run: 13, Failures: 0, Errors: 0, Skipped: 0, Time elapsed: 5.107 s - in org.apache.hadoop.hdds.scm.container.TestReplicationManager
[INFO] Running org.apache.hadoop.hdds.scm.container.TestSCMContainerManager
[INFO] Tests run: 8, Failures: 0, Errors: 0, Skipped: 0, Time elapsed: 1.311 s - in org.apache.hadoop.hdds.scm.container.TestSCMContainerManager
[INFO] Running org.apache.hadoop.hdds.scm.container.TestCloseContainerEventHandler
[INFO] Tests run: 4, Failures: 0, Errors: 0, Skipped: 0, Time elapsed: 1.786 s - in org.apache.hadoop.hdds.scm.container.TestCloseContainerEventHandler
[INFO] Running org.apache.hadoop.hdds.scm.container.TestContainerActionsHandler
[INFO] Tests run: 1, Failures: 0, Errors: 0, Skipped: 0, Time elapsed: 0.535 s - in org.apache.hadoop.hdds.scm.container.TestContainerActionsHandler
[INFO] Running org.apache.hadoop.hdds.scm.container.TestIncrementalContainerReportHandler
[INFO] Tests run: 3, Failures: 0, Errors: 0, Skipped: 0, Time elapsed: 0.948 s - in org.apache.hadoop.hdds.scm.container.TestIncrementalContainerReportHandler
[INFO] Running org.apache.hadoop.hdds.scm.container.TestContainerReportHandler
[INFO] Tests run: 5, Failures: 0, Errors: 0, Skipped: 0, Time elapsed: 1.135 s - in org.apache.hadoop.hdds.scm.container.TestContainerReportHandler
[INFO] Running org.apache.hadoop.hdds.scm.TestHddsServerUtils
[INFO] Tests run: 11, Failures: 0, Errors: 0, Skipped: 0, Time elapsed: 0.75 s - in org.apache.hadoop.hdds.scm.TestHddsServerUtils
[INFO] Running org.apache.hadoop.ozone.container.placement.TestDatanodeMetrics
[INFO] Tests run: 1, Failures: 0, Errors: 0, Skipped: 0, Time elapsed: 0.066 s - in org.apache.hadoop.ozone.container.placement.TestDatanodeMetrics
[INFO] Running org.apache.hadoop.ozone.container.placement.TestContainerPlacement
[INFO] Tests run: 1, Failures: 0, Errors: 0, Skipped: 0, Time elapsed: 2.814 s - in org.apache.hadoop.ozone.container.placement.TestContainerPlacement
[INFO] Running org.apache.hadoop.ozone.container.common.TestEndPoint
[INFO] Tests run: 15, Failures: 0, Errors: 0, Skipped: 0, Time elapsed: 6.035 s - in org.apache.hadoop.ozone.container.common.TestEndPoint
[INFO] 
[INFO] Results:
[INFO] 
[WARNING] Tests run: 170, Failures: 0, Errors: 0, Skipped: 3
[INFO] 
[INFO] 
[INFO] ----------------< org.apache.hadoop:hadoop-hdds-tools >-----------------
[INFO] Building Apache Hadoop HDDS Tools 0.4.1-SNAPSHOT                  [9/26]
[INFO] --------------------------------[ jar ]---------------------------------
[INFO] 
[INFO] --- maven-antrun-plugin:1.7:run (create-testdirs) @ hadoop-hdds-tools ---
[INFO] Executing tasks

main:
    [mkdir] Created dir: /workdir/hadoop-hdds/tools/target/test-dir
[INFO] Executed tasks
[INFO] 
[INFO] --- maven-remote-resources-plugin:1.5:process (default) @ hadoop-hdds-tools ---
[INFO] 
[INFO] --- maven-resources-plugin:2.6:resources (default-resources) @ hadoop-hdds-tools ---
[INFO] Using 'UTF-8' encoding to copy filtered resources.
[INFO] skip non existing resourceDirectory /workdir/hadoop-hdds/tools/src/main/resources
[INFO] Copying 2 resources
[INFO] 
[INFO] --- maven-compiler-plugin:3.1:compile (default-compile) @ hadoop-hdds-tools ---
[INFO] Compiling 19 source files to /workdir/hadoop-hdds/tools/target/classes
[INFO] 
[INFO] --- maven-resources-plugin:2.6:testResources (default-testResources) @ hadoop-hdds-tools ---
[INFO] Using 'UTF-8' encoding to copy filtered resources.
[INFO] skip non existing resourceDirectory /workdir/hadoop-hdds/tools/src/test/resources
[INFO] Copying 2 resources
[INFO] 
[INFO] --- maven-compiler-plugin:3.1:testCompile (default-testCompile) @ hadoop-hdds-tools ---
[INFO] No sources to compile
[INFO] 
[INFO] --- maven-surefire-plugin:3.0.0-M1:test (default-test) @ hadoop-hdds-tools ---
[INFO] 
[INFO] -------------------< org.apache.hadoop:hadoop-ozone >-------------------
[INFO] Building Apache Hadoop Ozone 0.4.1-SNAPSHOT                      [10/26]
[INFO] --------------------------------[ pom ]---------------------------------
[INFO] 
[INFO] --- maven-antrun-plugin:1.7:run (create-testdirs) @ hadoop-ozone ---
[INFO] Executing tasks

main:
    [mkdir] Created dir: /workdir/hadoop-ozone/target/test-dir
[INFO] Executed tasks
[INFO] 
[INFO] --- maven-remote-resources-plugin:1.5:process (default) @ hadoop-ozone ---
[INFO] 
[INFO] ---------------< org.apache.hadoop:hadoop-ozone-common >----------------
[INFO] Building Apache Hadoop Ozone Common 0.4.1-SNAPSHOT               [11/26]
[INFO] --------------------------------[ jar ]---------------------------------
[INFO] 
[INFO] --- maven-antrun-plugin:1.7:run (create-testdirs) @ hadoop-ozone-common ---
[INFO] Executing tasks

main:
    [mkdir] Created dir: /workdir/hadoop-ozone/common/target/test-dir
[INFO] Executed tasks
[INFO] 
[INFO] --- hadoop-maven-plugins:3.2.0:protoc (compile-protoc) @ hadoop-ozone-common ---
[INFO] Wrote protoc checksums to file /workdir/hadoop-ozone/common/target/hadoop-maven-plugins-protoc-checksums.json
[INFO] 
[INFO] --- hadoop-maven-plugins:3.2.0:version-info (version-info) @ hadoop-ozone-common ---
[INFO] SCM: GIT
[INFO] Computed MD5: ef26a7ae177c3dfa768f9bb84a44162
[INFO] 
[INFO] --- maven-remote-resources-plugin:1.5:process (default) @ hadoop-ozone-common ---
[INFO] 
[INFO] --- maven-resources-plugin:2.6:resources (default-resources) @ hadoop-ozone-common ---
[INFO] Using 'UTF-8' encoding to copy filtered resources.
[INFO] Copying 0 resource
[INFO] Copying 1 resource
[INFO] Copying 2 resources
[INFO] 
[INFO] --- maven-compiler-plugin:3.1:compile (default-compile) @ hadoop-ozone-common ---
[INFO] Compiling 129 source files to /workdir/hadoop-ozone/common/target/classes
[WARNING] /workdir/hadoop-ozone/common/src/main/java/org/apache/hadoop/ozone/om/ha/OMFailoverProxyProvider.java: Some input files use unchecked or unsafe operations.
[WARNING] /workdir/hadoop-ozone/common/src/main/java/org/apache/hadoop/ozone/om/ha/OMFailoverProxyProvider.java: Recompile with -Xlint:unchecked for details.
[INFO] 
[INFO] --- maven-resources-plugin:2.6:testResources (default-testResources) @ hadoop-ozone-common ---
[INFO] Using 'UTF-8' encoding to copy filtered resources.
[INFO] skip non existing resourceDirectory /workdir/hadoop-ozone/common/src/test/resources
[INFO] Copying 2 resources
[INFO] 
[INFO] --- maven-compiler-plugin:3.1:testCompile (default-testCompile) @ hadoop-ozone-common ---
[INFO] Compiling 22 source files to /workdir/hadoop-ozone/common/target/test-classes
[INFO] 
[INFO] --- maven-surefire-plugin:3.0.0-M1:test (default-test) @ hadoop-ozone-common ---
[INFO] 
[INFO] -------------------------------------------------------
[INFO]  T E S T S
[INFO] -------------------------------------------------------
[INFO] Running org.apache.hadoop.ozone.web.TestUtils
[INFO] Tests run: 2, Failures: 0, Errors: 0, Skipped: 0, Time elapsed: 0.087 s - in org.apache.hadoop.ozone.web.TestUtils
[INFO] Running org.apache.hadoop.ozone.web.TestBucketInfo
[INFO] Tests run: 4, Failures: 0, Errors: 0, Skipped: 0, Time elapsed: 0.446 s - in org.apache.hadoop.ozone.web.TestBucketInfo
[INFO] Running org.apache.hadoop.ozone.web.TestVolumeStructs
[INFO] Tests run: 3, Failures: 0, Errors: 0, Skipped: 0, Time elapsed: 0.429 s - in org.apache.hadoop.ozone.web.TestVolumeStructs
[INFO] Running org.apache.hadoop.ozone.web.TestQuota
[INFO] Tests run: 3, Failures: 0, Errors: 0, Skipped: 0, Time elapsed: 0.07 s - in org.apache.hadoop.ozone.web.TestQuota
[INFO] Running org.apache.hadoop.ozone.TestOmUtils
[INFO] Tests run: 4, Failures: 0, Errors: 0, Skipped: 0, Time elapsed: 0.419 s - in org.apache.hadoop.ozone.TestOmUtils
[INFO] Running org.apache.hadoop.ozone.om.helpers.TestOzoneAclUtil
[INFO] Tests run: 2, Failures: 0, Errors: 0, Skipped: 0, Time elapsed: 0.475 s - in org.apache.hadoop.ozone.om.helpers.TestOzoneAclUtil
[INFO] Running org.apache.hadoop.ozone.om.helpers.TestOmKeyInfo
[INFO] Tests run: 1, Failures: 0, Errors: 0, Skipped: 0, Time elapsed: 0.114 s - in org.apache.hadoop.ozone.om.helpers.TestOmKeyInfo
[INFO] Running org.apache.hadoop.ozone.om.helpers.TestOmBucketInfo
[INFO] Tests run: 1, Failures: 0, Errors: 0, Skipped: 0, Time elapsed: 0.106 s - in org.apache.hadoop.ozone.om.helpers.TestOmBucketInfo
[INFO] Running org.apache.hadoop.ozone.om.exceptions.TestResultCodes
[INFO] Tests run: 1, Failures: 0, Errors: 0, Skipped: 0, Time elapsed: 0.068 s - in org.apache.hadoop.ozone.om.exceptions.TestResultCodes
[INFO] Running org.apache.hadoop.ozone.om.codec.TestOmMultipartKeyInfoCodec
[INFO] Tests run: 1, Failures: 0, Errors: 0, Skipped: 0, Time elapsed: 0.13 s - in org.apache.hadoop.ozone.om.codec.TestOmMultipartKeyInfoCodec
[INFO] Running org.apache.hadoop.ozone.om.codec.TestOmPrefixInfoCodec
[INFO] Tests run: 4, Failures: 0, Errors: 0, Skipped: 0, Time elapsed: 0.134 s - in org.apache.hadoop.ozone.om.codec.TestOmPrefixInfoCodec
[INFO] Running org.apache.hadoop.ozone.om.codec.TestS3SecretValueCodec
[INFO] Tests run: 4, Failures: 0, Errors: 0, Skipped: 0, Time elapsed: 0.136 s - in org.apache.hadoop.ozone.om.codec.TestS3SecretValueCodec
[INFO] Running org.apache.hadoop.ozone.om.lock.TestOzoneManagerLock
[INFO] Tests run: 12, Failures: 0, Errors: 0, Skipped: 0, Time elapsed: 2.187 s - in org.apache.hadoop.ozone.om.lock.TestOzoneManagerLock
[INFO] Running org.apache.hadoop.ozone.TestOzoneAcls
[INFO] Tests run: 3, Failures: 0, Errors: 0, Skipped: 0, Time elapsed: 0.115 s - in org.apache.hadoop.ozone.TestOzoneAcls
[INFO] Running org.apache.hadoop.ozone.util.TestRadixTree
[INFO] Tests run: 4, Failures: 0, Errors: 0, Skipped: 0, Time elapsed: 0.074 s - in org.apache.hadoop.ozone.util.TestRadixTree
[INFO] Running org.apache.hadoop.ozone.security.acl.TestOzoneObjInfo
[INFO] Tests run: 4, Failures: 0, Errors: 0, Skipped: 0, Time elapsed: 0.094 s - in org.apache.hadoop.ozone.security.acl.TestOzoneObjInfo
[INFO] Running org.apache.hadoop.ozone.security.TestAWSV4AuthValidator
[INFO] Tests run: 2, Failures: 0, Errors: 0, Skipped: 0, Time elapsed: 0.169 s - in org.apache.hadoop.ozone.security.TestAWSV4AuthValidator
[INFO] 
[INFO] Results:
[INFO] 
[INFO] Tests run: 55, Failures: 0, Errors: 0, Skipped: 0
[INFO] 
[INFO] 
[INFO] ---------------< org.apache.hadoop:hadoop-ozone-client >----------------
[INFO] Building Apache Hadoop Ozone Client 0.4.1-SNAPSHOT               [12/26]
[INFO] --------------------------------[ jar ]---------------------------------
[INFO] 
[INFO] --- maven-antrun-plugin:1.7:run (create-testdirs) @ hadoop-ozone-client ---
[INFO] Executing tasks

main:
    [mkdir] Created dir: /workdir/hadoop-ozone/client/target/test-dir
[INFO] Executed tasks
[INFO] 
[INFO] --- maven-remote-resources-plugin:1.5:process (default) @ hadoop-ozone-client ---
[INFO] 
[INFO] --- maven-resources-plugin:2.6:resources (default-resources) @ hadoop-ozone-client ---
[INFO] Using 'UTF-8' encoding to copy filtered resources.
[INFO] skip non existing resourceDirectory /workdir/hadoop-ozone/client/src/main/resources
[INFO] Copying 2 resources
[INFO] 
[INFO] --- maven-compiler-plugin:3.1:compile (default-compile) @ hadoop-ozone-client ---
[INFO] Compiling 34 source files to /workdir/hadoop-ozone/client/target/classes
[WARNING] /workdir/hadoop-ozone/client/src/main/java/org/apache/hadoop/ozone/client/rest/RestClient.java: Some input files use unchecked or unsafe operations.
[WARNING] /workdir/hadoop-ozone/client/src/main/java/org/apache/hadoop/ozone/client/rest/RestClient.java: Recompile with -Xlint:unchecked for details.
[INFO] 
[INFO] --- maven-resources-plugin:2.6:testResources (default-testResources) @ hadoop-ozone-client ---
[INFO] Using 'UTF-8' encoding to copy filtered resources.
[INFO] skip non existing resourceDirectory /workdir/hadoop-ozone/client/src/test/resources
[INFO] Copying 2 resources
[INFO] 
[INFO] --- maven-compiler-plugin:3.1:testCompile (default-testCompile) @ hadoop-ozone-client ---
[INFO] Compiling 3 source files to /workdir/hadoop-ozone/client/target/test-classes
[INFO] 
[INFO] --- maven-surefire-plugin:3.0.0-M1:test (default-test) @ hadoop-ozone-client ---
[INFO] 
[INFO] -------------------------------------------------------
[INFO]  T E S T S
[INFO] -------------------------------------------------------
[INFO] Running org.apache.hadoop.ozone.client.rpc.TestOzoneKMSUtil
[INFO] Tests run: 1, Failures: 0, Errors: 0, Skipped: 0, Time elapsed: 0.277 s - in org.apache.hadoop.ozone.client.rpc.TestOzoneKMSUtil
[INFO] Running org.apache.hadoop.ozone.client.TestHddsClientUtils
[INFO] Tests run: 11, Failures: 0, Errors: 0, Skipped: 0, Time elapsed: 0.589 s - in org.apache.hadoop.ozone.client.TestHddsClientUtils
[INFO] 
[INFO] Results:
[INFO] 
[INFO] Tests run: 12, Failures: 0, Errors: 0, Skipped: 0
[INFO] 
[INFO] 
[INFO] ------------< org.apache.hadoop:hadoop-ozone-ozone-manager >------------
[INFO] Building Apache Hadoop Ozone Manager Server 0.4.1-SNAPSHOT       [13/26]
[INFO] --------------------------------[ jar ]---------------------------------
[INFO] 
[INFO] --- maven-antrun-plugin:1.7:run (create-testdirs) @ hadoop-ozone-ozone-manager ---
[INFO] Executing tasks

main:
    [mkdir] Created dir: /workdir/hadoop-ozone/ozone-manager/target/test-dir
[INFO] Executed tasks
[INFO] 
[INFO] --- maven-remote-resources-plugin:1.5:process (default) @ hadoop-ozone-ozone-manager ---
[INFO] 
[INFO] --- maven-resources-plugin:2.6:resources (default-resources) @ hadoop-ozone-ozone-manager ---
[INFO] Using 'UTF-8' encoding to copy filtered resources.
[INFO] Copying 5 resources
[INFO] Copying 2 resources
[INFO] 
[INFO] --- maven-compiler-plugin:3.1:compile (default-compile) @ hadoop-ozone-ozone-manager ---
[INFO] Compiling 161 source files to /workdir/hadoop-ozone/ozone-manager/target/classes
[WARNING] /workdir/hadoop-ozone/ozone-manager/src/main/java/org/apache/hadoop/ozone/web/ozShell/token/RenewTokenHandler.java: Some input files use unchecked or unsafe operations.
[WARNING] /workdir/hadoop-ozone/ozone-manager/src/main/java/org/apache/hadoop/ozone/web/ozShell/token/RenewTokenHandler.java: Recompile with -Xlint:unchecked for details.
[INFO] 
[INFO] --- maven-resources-plugin:2.6:testResources (default-testResources) @ hadoop-ozone-ozone-manager ---
[INFO] Using 'UTF-8' encoding to copy filtered resources.
[INFO] Copying 5 resources
[INFO] Copying 1 resource
[INFO] Copying 2 resources
[INFO] 
[INFO] --- maven-compiler-plugin:3.1:testCompile (default-testCompile) @ hadoop-ozone-ozone-manager ---
[INFO] Compiling 74 source files to /workdir/hadoop-ozone/ozone-manager/target/test-classes
[WARNING] /workdir/hadoop-ozone/ozone-manager/src/test/java/org/apache/hadoop/ozone/om/TestBucketManagerImpl.java: /workdir/hadoop-ozone/ozone-manager/src/test/java/org/apache/hadoop/ozone/om/TestBucketManagerImpl.java uses or overrides a deprecated API.
[WARNING] /workdir/hadoop-ozone/ozone-manager/src/test/java/org/apache/hadoop/ozone/om/TestBucketManagerImpl.java: Recompile with -Xlint:deprecation for details.
[INFO] 
[INFO] --- maven-surefire-plugin:3.0.0-M1:test (default-test) @ hadoop-ozone-ozone-manager ---
[INFO] 
[INFO] -------------------------------------------------------
[INFO]  T E S T S
[INFO] -------------------------------------------------------
[INFO] Running org.apache.hadoop.ozone.web.ozShell.TestOzoneAddress
[INFO] Tests run: 8, Failures: 0, Errors: 0, Skipped: 0, Time elapsed: 0.094 s - in org.apache.hadoop.ozone.web.ozShell.TestOzoneAddress
[INFO] Running org.apache.hadoop.ozone.om.response.volume.TestOMVolumeSetOwnerResponse
[INFO] Tests run: 2, Failures: 0, Errors: 0, Skipped: 0, Time elapsed: 2.734 s - in org.apache.hadoop.ozone.om.response.volume.TestOMVolumeSetOwnerResponse
[INFO] Running org.apache.hadoop.ozone.om.response.volume.TestOMVolumeCreateResponse
[INFO] Tests run: 2, Failures: 0, Errors: 0, Skipped: 0, Time elapsed: 2.693 s - in org.apache.hadoop.ozone.om.response.volume.TestOMVolumeCreateResponse
[INFO] Running org.apache.hadoop.ozone.om.response.volume.TestOMVolumeDeleteResponse
[INFO] Tests run: 2, Failures: 0, Errors: 0, Skipped: 0, Time elapsed: 2.776 s - in org.apache.hadoop.ozone.om.response.volume.TestOMVolumeDeleteResponse
[INFO] Running org.apache.hadoop.ozone.om.response.volume.TestOMVolumeSetQuotaResponse
[INFO] Tests run: 2, Failures: 0, Errors: 0, Skipped: 0, Time elapsed: 2.529 s - in org.apache.hadoop.ozone.om.response.volume.TestOMVolumeSetQuotaResponse
[INFO] Running org.apache.hadoop.ozone.om.response.bucket.TestOMBucketCreateResponse
[INFO] Tests run: 1, Failures: 0, Errors: 0, Skipped: 0, Time elapsed: 1.663 s - in org.apache.hadoop.ozone.om.response.bucket.TestOMBucketCreateResponse
[INFO] Running org.apache.hadoop.ozone.om.response.bucket.TestOMBucketSetPropertyResponse
[INFO] Tests run: 1, Failures: 0, Errors: 0, Skipped: 0, Time elapsed: 1.676 s - in org.apache.hadoop.ozone.om.response.bucket.TestOMBucketSetPropertyResponse
[INFO] Running org.apache.hadoop.ozone.om.response.bucket.TestOMBucketDeleteResponse
[INFO] Tests run: 1, Failures: 0, Errors: 0, Skipped: 0, Time elapsed: 2.027 s - in org.apache.hadoop.ozone.om.response.bucket.TestOMBucketDeleteResponse
[INFO] Running org.apache.hadoop.ozone.om.response.s3.multipart.TestS3MultipartUploadAbortResponse
[INFO] Tests run: 2, Failures: 0, Errors: 0, Skipped: 0, Time elapsed: 2.654 s - in org.apache.hadoop.ozone.om.response.s3.multipart.TestS3MultipartUploadAbortResponse
[INFO] Running org.apache.hadoop.ozone.om.response.s3.multipart.TestS3InitiateMultipartUploadResponse
[INFO] Tests run: 1, Failures: 0, Errors: 0, Skipped: 0, Time elapsed: 1.721 s - in org.apache.hadoop.ozone.om.response.s3.multipart.TestS3InitiateMultipartUploadResponse
[INFO] Running org.apache.hadoop.ozone.om.response.s3.bucket.TestS3BucketCreateResponse
[INFO] Tests run: 1, Failures: 0, Errors: 0, Skipped: 0, Time elapsed: 1.751 s - in org.apache.hadoop.ozone.om.response.s3.bucket.TestS3BucketCreateResponse
[INFO] Running org.apache.hadoop.ozone.om.response.s3.bucket.TestS3BucketDeleteResponse
[INFO] Tests run: 1, Failures: 0, Errors: 0, Skipped: 0, Time elapsed: 1.762 s - in org.apache.hadoop.ozone.om.response.s3.bucket.TestS3BucketDeleteResponse
[INFO] Running org.apache.hadoop.ozone.om.response.key.TestOMKeyDeleteResponse
[INFO] Tests run: 3, Failures: 0, Errors: 0, Skipped: 0, Time elapsed: 4.362 s - in org.apache.hadoop.ozone.om.response.key.TestOMKeyDeleteResponse
[INFO] Running org.apache.hadoop.ozone.om.response.key.TestOMKeyCommitResponse
[INFO] Tests run: 2, Failures: 0, Errors: 0, Skipped: 0, Time elapsed: 3.322 s - in org.apache.hadoop.ozone.om.response.key.TestOMKeyCommitResponse
[INFO] Running org.apache.hadoop.ozone.om.response.key.TestOMAllocateBlockResponse
[INFO] Tests run: 2, Failures: 0, Errors: 0, Skipped: 0, Time elapsed: 3.344 s - in org.apache.hadoop.ozone.om.response.key.TestOMAllocateBlockResponse
[INFO] Running org.apache.hadoop.ozone.om.response.key.TestOMKeyRenameResponse
[INFO] Tests run: 3, Failures: 0, Errors: 0, Skipped: 0, Time elapsed: 4.216 s - in org.apache.hadoop.ozone.om.response.key.TestOMKeyRenameResponse
[INFO] Running org.apache.hadoop.ozone.om.response.key.TestOMKeyCreateResponse
[INFO] Tests run: 2, Failures: 0, Errors: 0, Skipped: 0, Time elapsed: 3.536 s - in org.apache.hadoop.ozone.om.response.key.TestOMKeyCreateResponse
[INFO] Running org.apache.hadoop.ozone.om.response.file.TestOMDirectoryCreateResponse
[INFO] Tests run: 2, Failures: 0, Errors: 0, Skipped: 0, Time elapsed: 2.892 s - in org.apache.hadoop.ozone.om.response.file.TestOMDirectoryCreateResponse
[INFO] Running org.apache.hadoop.ozone.om.TestKeyManagerUnit
[INFO] Tests run: 1, Failures: 0, Errors: 0, Skipped: 0, Time elapsed: 2.606 s - in org.apache.hadoop.ozone.om.TestKeyManagerUnit
[INFO] Running org.apache.hadoop.ozone.om.TestS3BucketManager
[INFO] Tests run: 7, Failures: 0, Errors: 0, Skipped: 0, Time elapsed: 7.224 s - in org.apache.hadoop.ozone.om.TestS3BucketManager
[INFO] Running org.apache.hadoop.ozone.om.TestOzoneManagerStarter
[INFO] Tests run: 8, Failures: 0, Errors: 0, Skipped: 0, Time elapsed: 0.78 s - in org.apache.hadoop.ozone.om.TestOzoneManagerStarter
[INFO] Running org.apache.hadoop.ozone.om.TestOzoneManagerHttpServer
[INFO] Tests run: 3, Failures: 0, Errors: 0, Skipped: 0, Time elapsed: 2.939 s - in org.apache.hadoop.ozone.om.TestOzoneManagerHttpServer
[INFO] Running org.apache.hadoop.ozone.om.TestBucketManagerImpl
[INFO] Tests run: 10, Failures: 0, Errors: 0, Skipped: 0, Time elapsed: 11.524 s - in org.apache.hadoop.ozone.om.TestBucketManagerImpl
[INFO] Running org.apache.hadoop.ozone.om.TestKeyDeletingService
[INFO] Tests run: 3, Failures: 0, Errors: 0, Skipped: 0, Time elapsed: 5.94 s - in org.apache.hadoop.ozone.om.TestKeyDeletingService
[INFO] Running org.apache.hadoop.ozone.om.request.volume.TestOMVolumeSetOwnerRequest
[INFO] Tests run: 4, Failures: 0, Errors: 0, Skipped: 0, Time elapsed: 6.984 s - in org.apache.hadoop.ozone.om.request.volume.TestOMVolumeSetOwnerRequest
[INFO] Running org.apache.hadoop.ozone.om.request.volume.TestOMVolumeCreateRequest
[INFO] Tests run: 4, Failures: 0, Errors: 0, Skipped: 0, Time elapsed: 6.902 s - in org.apache.hadoop.ozone.om.request.volume.TestOMVolumeCreateRequest
[INFO] Running org.apache.hadoop.ozone.om.request.volume.TestOMVolumeSetQuotaRequest
[INFO] Tests run: 4, Failures: 0, Errors: 0, Skipped: 0, Time elapsed: 6.972 s - in org.apache.hadoop.ozone.om.request.volume.TestOMVolumeSetQuotaRequest
[INFO] Running org.apache.hadoop.ozone.om.request.volume.TestOMVolumeDeleteRequest
[INFO] Tests run: 4, Failures: 0, Errors: 0, Skipped: 0, Time elapsed: 6.745 s - in org.apache.hadoop.ozone.om.request.volume.TestOMVolumeDeleteRequest
[INFO] Running org.apache.hadoop.ozone.om.request.bucket.TestOMBucketCreateRequest
[INFO] Tests run: 4, Failures: 0, Errors: 0, Skipped: 0, Time elapsed: 6.872 s - in org.apache.hadoop.ozone.om.request.bucket.TestOMBucketCreateRequest
[INFO] Running org.apache.hadoop.ozone.om.request.bucket.TestOMBucketSetPropertyRequest
[INFO] Tests run: 3, Failures: 0, Errors: 0, Skipped: 0, Time elapsed: 6.084 s - in org.apache.hadoop.ozone.om.request.bucket.TestOMBucketSetPropertyRequest
[INFO] Running org.apache.hadoop.ozone.om.request.bucket.TestOMBucketDeleteRequest
[INFO] Tests run: 3, Failures: 0, Errors: 0, Skipped: 0, Time elapsed: 6.039 s - in org.apache.hadoop.ozone.om.request.bucket.TestOMBucketDeleteRequest
[INFO] Running org.apache.hadoop.ozone.om.request.s3.multipart.TestS3MultipartUploadCommitPartRequest
[INFO] Tests run: 5, Failures: 0, Errors: 0, Skipped: 0, Time elapsed: 8.056 s - in org.apache.hadoop.ozone.om.request.s3.multipart.TestS3MultipartUploadCommitPartRequest
[INFO] Running org.apache.hadoop.ozone.om.request.s3.multipart.TestS3MultipartUploadAbortRequest
[INFO] Tests run: 5, Failures: 0, Errors: 0, Skipped: 0, Time elapsed: 7.848 s - in org.apache.hadoop.ozone.om.request.s3.multipart.TestS3MultipartUploadAbortRequest
[INFO] Running org.apache.hadoop.ozone.om.request.s3.multipart.TestS3InitiateMultipartUploadRequest
[INFO] Tests run: 4, Failures: 0, Errors: 0, Skipped: 0, Time elapsed: 6.803 s - in org.apache.hadoop.ozone.om.request.s3.multipart.TestS3InitiateMultipartUploadRequest
[INFO] Running org.apache.hadoop.ozone.om.request.s3.bucket.TestS3BucketCreateRequest
[INFO] Tests run: 5, Failures: 0, Errors: 0, Skipped: 0, Time elapsed: 8.219 s - in org.apache.hadoop.ozone.om.request.s3.bucket.TestS3BucketCreateRequest
[INFO] Running org.apache.hadoop.ozone.om.request.s3.bucket.TestS3BucketDeleteRequest
[INFO] Tests run: 4, Failures: 0, Errors: 0, Skipped: 0, Time elapsed: 7.305 s - in org.apache.hadoop.ozone.om.request.s3.bucket.TestS3BucketDeleteRequest
[INFO] Running org.apache.hadoop.ozone.om.request.key.TestOMKeyRenameRequest
[INFO] Tests run: 6, Failures: 0, Errors: 0, Skipped: 0, Time elapsed: 8.876 s - in org.apache.hadoop.ozone.om.request.key.TestOMKeyRenameRequest
[INFO] Running org.apache.hadoop.ozone.om.request.key.TestOMKeyDeleteRequest
[INFO] Tests run: 4, Failures: 0, Errors: 0, Skipped: 0, Time elapsed: 7.47 s - in org.apache.hadoop.ozone.om.request.key.TestOMKeyDeleteRequest
[INFO] Running org.apache.hadoop.ozone.om.request.key.TestOMKeyCreateRequest
[INFO] Tests run: 6, Failures: 0, Errors: 0, Skipped: 0, Time elapsed: 9.527 s - in org.apache.hadoop.ozone.om.request.key.TestOMKeyCreateRequest
[INFO] Running org.apache.hadoop.ozone.om.request.key.TestOMKeyCommitRequest
[INFO] Tests run: 5, Failures: 0, Errors: 0, Skipped: 0, Time elapsed: 8.579 s - in org.apache.hadoop.ozone.om.request.key.TestOMKeyCommitRequest
[INFO] Running org.apache.hadoop.ozone.om.request.key.TestOMKeyPurgeRequestAndResponse
[INFO] Tests run: 1, Failures: 0, Errors: 0, Skipped: 0, Time elapsed: 4.491 s - in org.apache.hadoop.ozone.om.request.key.TestOMKeyPurgeRequestAndResponse
[INFO] Running org.apache.hadoop.ozone.om.request.key.TestOMAllocateBlockRequest
[INFO] Tests run: 5, Failures: 0, Errors: 0, Skipped: 0, Time elapsed: 8.32 s - in org.apache.hadoop.ozone.om.request.key.TestOMAllocateBlockRequest
[INFO] Running org.apache.hadoop.ozone.om.request.file.TestOMDirectoryCreateRequest
[INFO] Tests run: 6, Failures: 0, Errors: 0, Skipped: 0, Time elapsed: 8.822 s - in org.apache.hadoop.ozone.om.request.file.TestOMDirectoryCreateRequest
[INFO] Running org.apache.hadoop.ozone.om.request.file.TestOMFileCreateRequest
[INFO] Tests run: 8, Failures: 0, Errors: 0, Skipped: 0, Time elapsed: 11.083 s - in org.apache.hadoop.ozone.om.request.file.TestOMFileCreateRequest
[INFO] Running org.apache.hadoop.ozone.om.request.TestOMClientRequestWithUserInfo
[INFO] Tests run: 1, Failures: 0, Errors: 0, Skipped: 0, Time elapsed: 4.146 s - in org.apache.hadoop.ozone.om.request.TestOMClientRequestWithUserInfo
[INFO] Running org.apache.hadoop.ozone.om.TestChunkStreams
[INFO] Tests run: 2, Failures: 0, Errors: 0, Skipped: 0, Time elapsed: 0.112 s - in org.apache.hadoop.ozone.om.TestChunkStreams
[INFO] Running org.apache.hadoop.ozone.om.ratis.TestOzoneManagerRatisServer
[ERROR] Tests run: 4, Failures: 0, Errors: 1, Skipped: 0, Time elapsed: 8.215 s <<< FAILURE! - in org.apache.hadoop.ozone.om.ratis.TestOzoneManagerRatisServer
[ERROR] verifyRaftGroupIdGenerationWithCustomOmServiceId(org.apache.hadoop.ozone.om.ratis.TestOzoneManagerRatisServer)  Time elapsed: 1.065 s  <<< ERROR!
org.apache.hadoop.metrics2.MetricsException: Metrics source OzoneManagerDoubleBufferMetrics already exists!
	at org.apache.hadoop.metrics2.lib.DefaultMetricsSystem.newSourceName(DefaultMetricsSystem.java:152)
	at org.apache.hadoop.metrics2.lib.DefaultMetricsSystem.sourceName(DefaultMetricsSystem.java:125)
	at org.apache.hadoop.metrics2.impl.MetricsSystemImpl.register(MetricsSystemImpl.java:229)
	at org.apache.hadoop.ozone.om.ratis.metrics.OzoneManagerDoubleBufferMetrics.create(OzoneManagerDoubleBufferMetrics.java:50)
	at org.apache.hadoop.ozone.om.ratis.OzoneManagerDoubleBuffer.<init>(OzoneManagerDoubleBuffer.java:80)
	at org.apache.hadoop.ozone.om.ratis.OzoneManagerStateMachine.<init>(OzoneManagerStateMachine.java:83)
	at org.apache.hadoop.ozone.om.ratis.OzoneManagerRatisServer.getStateMachine(OzoneManagerRatisServer.java:314)
	at org.apache.hadoop.ozone.om.ratis.OzoneManagerRatisServer.<init>(OzoneManagerRatisServer.java:244)
	at org.apache.hadoop.ozone.om.ratis.OzoneManagerRatisServer.newOMRatisServer(OzoneManagerRatisServer.java:302)
	at org.apache.hadoop.ozone.om.ratis.TestOzoneManagerRatisServer.verifyRaftGroupIdGenerationWithCustomOmServiceId(TestOzoneManagerRatisServer.java:187)
	at sun.reflect.NativeMethodAccessorImpl.invoke0(Native Method)
	at sun.reflect.NativeMethodAccessorImpl.invoke(NativeMethodAccessorImpl.java:62)
	at sun.reflect.DelegatingMethodAccessorImpl.invoke(DelegatingMethodAccessorImpl.java:43)
	at java.lang.reflect.Method.invoke(Method.java:498)
	at org.junit.runners.model.FrameworkMethod$1.runReflectiveCall(FrameworkMethod.java:47)
	at org.junit.internal.runners.model.ReflectiveCallable.run(ReflectiveCallable.java:12)
	at org.junit.runners.model.FrameworkMethod.invokeExplosively(FrameworkMethod.java:44)
	at org.junit.internal.runners.statements.InvokeMethod.evaluate(InvokeMethod.java:17)
	at org.junit.internal.runners.statements.RunBefores.evaluate(RunBefores.java:26)
	at org.junit.internal.runners.statements.RunAfters.evaluate(RunAfters.java:27)
	at org.junit.rules.ExternalResource$1.evaluate(ExternalResource.java:48)
	at org.junit.rules.RunRules.evaluate(RunRules.java:20)
	at org.junit.runners.ParentRunner.runLeaf(ParentRunner.java:271)
	at org.junit.runners.BlockJUnit4ClassRunner.runChild(BlockJUnit4ClassRunner.java:70)
	at org.junit.runners.BlockJUnit4ClassRunner.runChild(BlockJUnit4ClassRunner.java:50)
	at org.junit.runners.ParentRunner$3.run(ParentRunner.java:238)
	at org.junit.runners.ParentRunner$1.schedule(ParentRunner.java:63)
	at org.junit.runners.ParentRunner.runChildren(ParentRunner.java:236)
	at org.junit.runners.ParentRunner.access$000(ParentRunner.java:53)
	at org.junit.runners.ParentRunner$2.evaluate(ParentRunner.java:229)
	at org.junit.runners.ParentRunner.run(ParentRunner.java:309)
	at org.apache.maven.surefire.junit4.JUnit4Provider.execute(JUnit4Provider.java:365)
	at org.apache.maven.surefire.junit4.JUnit4Provider.executeWithRerun(JUnit4Provider.java:273)
	at org.apache.maven.surefire.junit4.JUnit4Provider.executeTestSet(JUnit4Provider.java:238)
	at org.apache.maven.surefire.junit4.JUnit4Provider.invoke(JUnit4Provider.java:159)
	at org.apache.maven.surefire.booter.ForkedBooter.invokeProviderInSameClassLoader(ForkedBooter.java:384)
	at org.apache.maven.surefire.booter.ForkedBooter.runSuitesInProcess(ForkedBooter.java:345)
	at org.apache.maven.surefire.booter.ForkedBooter.execute(ForkedBooter.java:126)
	at org.apache.maven.surefire.booter.ForkedBooter.main(ForkedBooter.java:418)

[INFO] Running org.apache.hadoop.ozone.om.ratis.TestOzoneManagerDoubleBufferWithOMResponse
[INFO] Tests run: 3, Failures: 0, Errors: 0, Skipped: 0, Time elapsed: 19.099 s - in org.apache.hadoop.ozone.om.ratis.TestOzoneManagerDoubleBufferWithOMResponse
[INFO] Running org.apache.hadoop.ozone.om.ratis.TestOzoneManagerDoubleBufferWithDummyResponse
[INFO] Tests run: 1, Failures: 0, Errors: 0, Skipped: 0, Time elapsed: 1.774 s - in org.apache.hadoop.ozone.om.ratis.TestOzoneManagerDoubleBufferWithDummyResponse
[INFO] Running org.apache.hadoop.ozone.security.TestOzoneDelegationTokenSecretManager
[INFO] Tests run: 12, Failures: 0, Errors: 0, Skipped: 0, Time elapsed: 13.488 s - in org.apache.hadoop.ozone.security.TestOzoneDelegationTokenSecretManager
[INFO] Running org.apache.hadoop.ozone.security.TestOzoneTokenIdentifier
[INFO] Tests run: 4, Failures: 0, Errors: 0, Skipped: 0, Time elapsed: 1.766 s - in org.apache.hadoop.ozone.security.TestOzoneTokenIdentifier
[INFO] Running org.apache.hadoop.ozone.security.TestOzoneManagerBlockToken
[INFO] Tests run: 3, Failures: 0, Errors: 0, Skipped: 0, Time elapsed: 1.654 s - in org.apache.hadoop.ozone.security.TestOzoneManagerBlockToken
[INFO] Running org.apache.hadoop.ozone.security.TestOzoneBlockTokenSecretManager
[INFO] Tests run: 6, Failures: 0, Errors: 0, Skipped: 0, Time elapsed: 1.67 s - in org.apache.hadoop.ozone.security.TestOzoneBlockTokenSecretManager
[INFO] 
[INFO] Results:
[INFO] 
[ERROR] Errors: 
[ERROR]   TestOzoneManagerRatisServer.verifyRaftGroupIdGenerationWithCustomOmServiceId:187  Metrics
[INFO] 
[ERROR] Tests run: 196, Failures: 0, Errors: 1, Skipped: 0
[INFO] 
[INFO] 
[INFO] ---------< org.apache.hadoop:hadoop-ozone-objectstore-service >---------
[INFO] Building Apache Hadoop Ozone Object Store REST Service 0.4.1-SNAPSHOT [14/26]
[INFO] --------------------------------[ jar ]---------------------------------
[INFO] 
[INFO] --- maven-antrun-plugin:1.7:run (create-testdirs) @ hadoop-ozone-objectstore-service ---
[INFO] Executing tasks

main:
    [mkdir] Created dir: /workdir/hadoop-ozone/objectstore-service/target/test-dir
[INFO] Executed tasks
[INFO] 
[INFO] --- maven-remote-resources-plugin:1.5:process (default) @ hadoop-ozone-objectstore-service ---
[INFO] 
[INFO] --- maven-resources-plugin:2.6:resources (default-resources) @ hadoop-ozone-objectstore-service ---
[INFO] Using 'UTF-8' encoding to copy filtered resources.
[INFO] Copying 1 resource
[INFO] Copying 2 resources
[INFO] 
[INFO] --- maven-compiler-plugin:3.1:compile (default-compile) @ hadoop-ozone-objectstore-service ---
[INFO] Compiling 43 source files to /workdir/hadoop-ozone/objectstore-service/target/classes
[WARNING] /workdir/hadoop-ozone/objectstore-service/src/main/java/org/apache/hadoop/ozone/web/handlers/BucketHandler.java: /workdir/hadoop-ozone/objectstore-service/src/main/java/org/apache/hadoop/ozone/web/handlers/BucketHandler.java uses unchecked or unsafe operations.
[WARNING] /workdir/hadoop-ozone/objectstore-service/src/main/java/org/apache/hadoop/ozone/web/handlers/BucketHandler.java: Recompile with -Xlint:unchecked for details.
[INFO] 
[INFO] --- maven-resources-plugin:2.6:testResources (default-testResources) @ hadoop-ozone-objectstore-service ---
[INFO] Using 'UTF-8' encoding to copy filtered resources.
[INFO] skip non existing resourceDirectory /workdir/hadoop-ozone/objectstore-service/src/test/resources
[INFO] Copying 2 resources
[INFO] 
[INFO] --- maven-compiler-plugin:3.1:testCompile (default-testCompile) @ hadoop-ozone-objectstore-service ---
[INFO] Compiling 2 source files to /workdir/hadoop-ozone/objectstore-service/target/test-classes
[INFO] 
[INFO] --- maven-surefire-plugin:3.0.0-M1:test (default-test) @ hadoop-ozone-objectstore-service ---
[INFO] 
[INFO] -------------------------------------------------------
[INFO]  T E S T S
[INFO] -------------------------------------------------------
[INFO] Running org.apache.hadoop.ozone.web.TestErrorCode
[INFO] Tests run: 2, Failures: 0, Errors: 0, Skipped: 0, Time elapsed: 0.5 s - in org.apache.hadoop.ozone.web.TestErrorCode
[INFO] 
[INFO] Results:
[INFO] 
[INFO] Tests run: 2, Failures: 0, Errors: 0, Skipped: 0
[INFO] 
[INFO] 
[INFO] --------------< org.apache.hadoop:hadoop-ozone-s3gateway >--------------
[INFO] Building Apache Hadoop Ozone S3 Gateway 0.4.1-SNAPSHOT           [15/26]
[INFO] --------------------------------[ jar ]---------------------------------
[INFO] 
[INFO] --- maven-antrun-plugin:1.7:run (create-testdirs) @ hadoop-ozone-s3gateway ---
[INFO] Executing tasks

main:
    [mkdir] Created dir: /workdir/hadoop-ozone/s3gateway/target/test-dir
[INFO] Executed tasks
[INFO] 
[INFO] --- maven-remote-resources-plugin:1.5:process (default) @ hadoop-ozone-s3gateway ---
[INFO] 
[INFO] --- maven-resources-plugin:2.6:resources (default-resources) @ hadoop-ozone-s3gateway ---
[INFO] Using 'UTF-8' encoding to copy filtered resources.
[INFO] Copying 7 resources
[INFO] Copying 2 resources
[INFO] 
[INFO] --- maven-compiler-plugin:3.1:compile (default-compile) @ hadoop-ozone-s3gateway ---
[INFO] Compiling 57 source files to /workdir/hadoop-ozone/s3gateway/target/classes
[WARNING] /workdir/hadoop-ozone/s3gateway/src/main/java/org/apache/hadoop/ozone/s3/OzoneClientProducer.java: /workdir/hadoop-ozone/s3gateway/src/main/java/org/apache/hadoop/ozone/s3/OzoneClientProducer.java uses unchecked or unsafe operations.
[WARNING] /workdir/hadoop-ozone/s3gateway/src/main/java/org/apache/hadoop/ozone/s3/OzoneClientProducer.java: Recompile with -Xlint:unchecked for details.
[INFO] 
[INFO] --- maven-resources-plugin:2.6:testResources (default-testResources) @ hadoop-ozone-s3gateway ---
[INFO] Using 'UTF-8' encoding to copy filtered resources.
[INFO] Copying 1 resource
[INFO] Copying 2 resources
[INFO] 
[INFO] --- maven-compiler-plugin:3.1:testCompile (default-testCompile) @ hadoop-ozone-s3gateway ---
[INFO] Compiling 36 source files to /workdir/hadoop-ozone/s3gateway/target/test-classes
[INFO] 
[INFO] --- maven-surefire-plugin:3.0.0-M1:test (default-test) @ hadoop-ozone-s3gateway ---
[INFO] 
[INFO] -------------------------------------------------------
[INFO]  T E S T S
[INFO] -------------------------------------------------------
[INFO] Running org.apache.hadoop.ozone.s3.endpoint.TestAbortMultipartUpload
[INFO] Tests run: 1, Failures: 0, Errors: 0, Skipped: 0, Time elapsed: 1.109 s - in org.apache.hadoop.ozone.s3.endpoint.TestAbortMultipartUpload
[INFO] Running org.apache.hadoop.ozone.s3.endpoint.TestBucketHead
[INFO] Tests run: 2, Failures: 0, Errors: 0, Skipped: 0, Time elapsed: 0.46 s - in org.apache.hadoop.ozone.s3.endpoint.TestBucketHead
[INFO] Running org.apache.hadoop.ozone.s3.endpoint.TestBucketResponse
[INFO] Tests run: 1, Failures: 0, Errors: 0, Skipped: 0, Time elapsed: 0.381 s - in org.apache.hadoop.ozone.s3.endpoint.TestBucketResponse
[INFO] Running org.apache.hadoop.ozone.s3.endpoint.TestInitiateMultipartUpload
[INFO] Tests run: 1, Failures: 0, Errors: 0, Skipped: 0, Time elapsed: 0.959 s - in org.apache.hadoop.ozone.s3.endpoint.TestInitiateMultipartUpload
[INFO] Running org.apache.hadoop.ozone.s3.endpoint.TestObjectGet
[INFO] Tests run: 1, Failures: 0, Errors: 0, Skipped: 0, Time elapsed: 0.943 s - in org.apache.hadoop.ozone.s3.endpoint.TestObjectGet
[INFO] Running org.apache.hadoop.ozone.s3.endpoint.TestObjectPut
[INFO] Tests run: 5, Failures: 0, Errors: 0, Skipped: 0, Time elapsed: 1.119 s - in org.apache.hadoop.ozone.s3.endpoint.TestObjectPut
[INFO] Running org.apache.hadoop.ozone.s3.endpoint.TestMultiDeleteRequestUnmarshaller
[INFO] Tests run: 2, Failures: 0, Errors: 0, Skipped: 0, Time elapsed: 0.343 s - in org.apache.hadoop.ozone.s3.endpoint.TestMultiDeleteRequestUnmarshaller
[INFO] Running org.apache.hadoop.ozone.s3.endpoint.TestRootList
[INFO] Tests run: 1, Failures: 0, Errors: 0, Skipped: 0, Time elapsed: 0.276 s - in org.apache.hadoop.ozone.s3.endpoint.TestRootList
[INFO] Running org.apache.hadoop.ozone.s3.endpoint.TestBucketDelete
[INFO] Tests run: 3, Failures: 0, Errors: 0, Skipped: 0, Time elapsed: 0.466 s - in org.apache.hadoop.ozone.s3.endpoint.TestBucketDelete
[INFO] Running org.apache.hadoop.ozone.s3.endpoint.TestBucketGet
[INFO] Tests run: 11, Failures: 0, Errors: 0, Skipped: 0, Time elapsed: 0.605 s - in org.apache.hadoop.ozone.s3.endpoint.TestBucketGet
[INFO] Running org.apache.hadoop.ozone.s3.endpoint.TestObjectEndpoint
[INFO] Tests run: 2, Failures: 0, Errors: 0, Skipped: 0, Time elapsed: 0.159 s - in org.apache.hadoop.ozone.s3.endpoint.TestObjectEndpoint
[INFO] Running org.apache.hadoop.ozone.s3.endpoint.TestObjectDelete
[INFO] Tests run: 1, Failures: 0, Errors: 0, Skipped: 0, Time elapsed: 0.274 s - in org.apache.hadoop.ozone.s3.endpoint.TestObjectDelete
[INFO] Running org.apache.hadoop.ozone.s3.endpoint.TestListParts
[INFO] Tests run: 3, Failures: 0, Errors: 0, Skipped: 0, Time elapsed: 0.882 s - in org.apache.hadoop.ozone.s3.endpoint.TestListParts
[INFO] Running org.apache.hadoop.ozone.s3.endpoint.TestMultipartUploadComplete
[INFO] Tests run: 3, Failures: 0, Errors: 0, Skipped: 0, Time elapsed: 1.235 s - in org.apache.hadoop.ozone.s3.endpoint.TestMultipartUploadComplete
[INFO] Running org.apache.hadoop.ozone.s3.endpoint.TestObjectHead
[INFO] Tests run: 2, Failures: 0, Errors: 0, Skipped: 0, Time elapsed: 0.299 s - in org.apache.hadoop.ozone.s3.endpoint.TestObjectHead
[INFO] Running org.apache.hadoop.ozone.s3.endpoint.TestPartUpload
[INFO] Tests run: 3, Failures: 0, Errors: 0, Skipped: 0, Time elapsed: 1.242 s - in org.apache.hadoop.ozone.s3.endpoint.TestPartUpload
[INFO] Running org.apache.hadoop.ozone.s3.endpoint.TestObjectMultiDelete
[INFO] Tests run: 2, Failures: 0, Errors: 0, Skipped: 0, Time elapsed: 0.189 s - in org.apache.hadoop.ozone.s3.endpoint.TestObjectMultiDelete
[INFO] Running org.apache.hadoop.ozone.s3.endpoint.TestMultipartUploadWithCopy
[INFO] Tests run: 1, Failures: 0, Errors: 0, Skipped: 0, Time elapsed: 0.915 s - in org.apache.hadoop.ozone.s3.endpoint.TestMultipartUploadWithCopy
[INFO] Running org.apache.hadoop.ozone.s3.TestVirtualHostStyleFilter
[INFO] Tests run: 6, Failures: 0, Errors: 0, Skipped: 0, Time elapsed: 1.203 s - in org.apache.hadoop.ozone.s3.TestVirtualHostStyleFilter
[INFO] Running org.apache.hadoop.ozone.s3.header.TestAuthorizationHeaderV4
[INFO] Tests run: 13, Failures: 0, Errors: 0, Skipped: 0, Time elapsed: 0.522 s - in org.apache.hadoop.ozone.s3.header.TestAuthorizationHeaderV4
[INFO] Running org.apache.hadoop.ozone.s3.header.TestAuthorizationHeaderV2
[INFO] Tests run: 5, Failures: 0, Errors: 0, Skipped: 0, Time elapsed: 0.436 s - in org.apache.hadoop.ozone.s3.header.TestAuthorizationHeaderV2
[INFO] Running org.apache.hadoop.ozone.s3.TestSignedChunksInputStream
[INFO] Tests run: 4, Failures: 0, Errors: 0, Skipped: 0, Time elapsed: 0.074 s - in org.apache.hadoop.ozone.s3.TestSignedChunksInputStream
[INFO] Running org.apache.hadoop.ozone.s3.exception.TestOS3Exception
[INFO] Tests run: 1, Failures: 0, Errors: 0, Skipped: 0, Time elapsed: 0.567 s - in org.apache.hadoop.ozone.s3.exception.TestOS3Exception
[INFO] Running org.apache.hadoop.ozone.s3.util.TestRangeHeaderParserUtil
[INFO] Tests run: 1, Failures: 0, Errors: 0, Skipped: 0, Time elapsed: 0.069 s - in org.apache.hadoop.ozone.s3.util.TestRangeHeaderParserUtil
[INFO] Running org.apache.hadoop.ozone.s3.util.TestContinueToken
[INFO] Tests run: 2, Failures: 0, Errors: 0, Skipped: 0, Time elapsed: 0.096 s - in org.apache.hadoop.ozone.s3.util.TestContinueToken
[INFO] Running org.apache.hadoop.ozone.s3.util.TestRFC1123Util
[INFO] Tests run: 1, Failures: 0, Errors: 0, Skipped: 0, Time elapsed: 0.102 s - in org.apache.hadoop.ozone.s3.util.TestRFC1123Util
[INFO] Running org.apache.hadoop.ozone.s3.TestOzoneClientProducer
[INFO] Tests run: 2, Failures: 0, Errors: 0, Skipped: 0, Time elapsed: 1.8 s - in org.apache.hadoop.ozone.s3.TestOzoneClientProducer
[INFO] 
[INFO] Results:
[INFO] 
[INFO] Tests run: 80, Failures: 0, Errors: 0, Skipped: 0
[INFO] 
[INFO] 
[INFO] -----------------< org.apache.hadoop:hadoop-ozone-csi >-----------------
[INFO] Building Apache Hadoop Ozone CSI service 0.4.1-SNAPSHOT          [16/26]
[INFO] --------------------------------[ jar ]---------------------------------
Downloading from central: https://repo.maven.apache.org/maven2/io/grpc/grpc-core/maven-metadata.xml
Downloading from repository.jboss.org: http://repository.jboss.org/nexus/content/groups/public/io/grpc/grpc-core/maven-metadata.xml
Downloading from apache.snapshots.https: https://repository.apache.org/content/repositories/snapshots/io/grpc/grpc-core/maven-metadata.xml
Progress (1): 2.1 kB                    Downloaded from central: https://repo.maven.apache.org/maven2/io/grpc/grpc-core/maven-metadata.xml (2.1 kB at 20 kB/s)
Downloading from repository.jboss.org: http://repository.jboss.org/nexus/content/groups/public/io/netty/netty-codec-http2/maven-metadata.xml
Downloading from central: https://repo.maven.apache.org/maven2/io/netty/netty-codec-http2/maven-metadata.xml
Downloading from apache.snapshots.https: https://repository.apache.org/content/repositories/snapshots/io/netty/netty-codec-http2/maven-metadata.xml
Progress (1): 2.2/2.4 kBProgress (1): 2.4 kB                        Downloaded from central: https://repo.maven.apache.org/maven2/io/netty/netty-codec-http2/maven-metadata.xml (2.4 kB at 113 kB/s)
[INFO] 
[INFO] --- maven-antrun-plugin:1.7:run (create-testdirs) @ hadoop-ozone-csi ---
[INFO] Executing tasks

main:
    [mkdir] Created dir: /workdir/hadoop-ozone/csi/target/test-dir
[INFO] Executed tasks
[INFO] 
[INFO] --- protobuf-maven-plugin:0.5.1:compile (compile-protoc) @ hadoop-ozone-csi ---
[INFO] Compiling 1 proto file(s) to /workdir/hadoop-ozone/csi/target/generated-sources/java
[INFO] 
[INFO] --- protobuf-maven-plugin:0.5.1:compile-custom (compile-protoc) @ hadoop-ozone-csi ---
[INFO] Compiling 1 proto file(s) to /workdir/hadoop-ozone/csi/target/generated-sources/java
[INFO] 
[INFO] --- maven-remote-resources-plugin:1.5:process (default) @ hadoop-ozone-csi ---
[INFO] artifact io.grpc:grpc-core: checking for updates from apache.snapshots.https
[INFO] artifact io.grpc:grpc-core: checking for updates from repository.jboss.org
[INFO] artifact io.grpc:grpc-core: checking for updates from central
[INFO] artifact io.netty:netty-codec-http2: checking for updates from apache.snapshots.https
[INFO] artifact io.netty:netty-codec-http2: checking for updates from repository.jboss.org
[INFO] artifact io.netty:netty-codec-http2: checking for updates from central
[INFO] 
[INFO] --- maven-resources-plugin:2.6:resources (default-resources) @ hadoop-ozone-csi ---
[INFO] Using 'UTF-8' encoding to copy filtered resources.
[INFO] skip non existing resourceDirectory /workdir/hadoop-ozone/csi/src/main/resources
[INFO] Copying 1 resource
[INFO] Copying 1 resource
[INFO] Copying 2 resources
[INFO] 
[INFO] --- maven-compiler-plugin:3.1:compile (default-compile) @ hadoop-ozone-csi ---
[INFO] Compiling 9 source files to /workdir/hadoop-ozone/csi/target/classes
[INFO] 
[INFO] --- protobuf-maven-plugin:0.5.1:test-compile (compile-protoc) @ hadoop-ozone-csi ---
[INFO] /workdir/hadoop-ozone/csi/src/test/proto does not exist. Review the configuration or consider disabling the plugin.
[INFO] 
[INFO] --- protobuf-maven-plugin:0.5.1:test-compile-custom (compile-protoc) @ hadoop-ozone-csi ---
[INFO] /workdir/hadoop-ozone/csi/src/test/proto does not exist. Review the configuration or consider disabling the plugin.
[INFO] 
[INFO] --- maven-resources-plugin:2.6:testResources (default-testResources) @ hadoop-ozone-csi ---
[INFO] Using 'UTF-8' encoding to copy filtered resources.
[INFO] skip non existing resourceDirectory /workdir/hadoop-ozone/csi/src/test/resources
[INFO] Copying 2 resources
[INFO] 
[INFO] --- maven-compiler-plugin:3.1:testCompile (default-testCompile) @ hadoop-ozone-csi ---
[INFO] No sources to compile
[INFO] 
[INFO] --- maven-surefire-plugin:3.0.0-M1:test (default-test) @ hadoop-ozone-csi ---
[INFO] 
[INFO] ------------< org.apache.hadoop:hadoop-ozone-reconcodegen >-------------
[INFO] Building Apache Hadoop Ozone Recon CodeGen 0.4.1-SNAPSHOT        [17/26]
[INFO] --------------------------------[ jar ]---------------------------------
[INFO] 
[INFO] --- maven-antrun-plugin:1.7:run (create-testdirs) @ hadoop-ozone-reconcodegen ---
[INFO] Executing tasks

main:
    [mkdir] Created dir: /workdir/hadoop-ozone/ozone-recon-codegen/target/test-dir
[INFO] Executed tasks
[INFO] 
[INFO] --- maven-remote-resources-plugin:1.5:process (default) @ hadoop-ozone-reconcodegen ---
[INFO] 
[INFO] --- maven-resources-plugin:2.6:resources (default-resources) @ hadoop-ozone-reconcodegen ---
[INFO] Using 'UTF-8' encoding to copy filtered resources.
[INFO] skip non existing resourceDirectory /workdir/hadoop-ozone/ozone-recon-codegen/src/main/resources
[INFO] Copying 2 resources
[INFO] 
[INFO] --- maven-compiler-plugin:3.1:compile (default-compile) @ hadoop-ozone-reconcodegen ---
[INFO] Compiling 9 source files to /workdir/hadoop-ozone/ozone-recon-codegen/target/classes
[INFO] 
[INFO] --- maven-resources-plugin:2.6:testResources (default-testResources) @ hadoop-ozone-reconcodegen ---
[INFO] Using 'UTF-8' encoding to copy filtered resources.
[INFO] skip non existing resourceDirectory /workdir/hadoop-ozone/ozone-recon-codegen/src/test/resources
[INFO] Copying 2 resources
[INFO] 
[INFO] --- maven-compiler-plugin:3.1:testCompile (default-testCompile) @ hadoop-ozone-reconcodegen ---
[INFO] No sources to compile
[INFO] 
[INFO] --- maven-surefire-plugin:3.0.0-M1:test (default-test) @ hadoop-ozone-reconcodegen ---
[INFO] 
[INFO] ----------------< org.apache.hadoop:hadoop-ozone-recon >----------------
[INFO] Building Apache Hadoop Ozone Recon 0.4.1-SNAPSHOT                [18/26]
[INFO] --------------------------------[ jar ]---------------------------------
Downloading from apache.snapshots.https: https://repository.apache.org/content/repositories/snapshots/org/powermock/powermock-module-junit4/1.7.4/powermock-module-junit4-1.7.4.pom
Downloading from repository.jboss.org: http://repository.jboss.org/nexus/content/groups/public/org/powermock/powermock-module-junit4/1.7.4/powermock-module-junit4-1.7.4.pom
Downloading from central: https://repo.maven.apache.org/maven2/org/powermock/powermock-module-junit4/1.7.4/powermock-module-junit4-1.7.4.pom
Progress (1): 2.2/6.2 kBProgress (1): 5.0/6.2 kBProgress (1): 6.2 kB                        Downloaded from central: https://repo.maven.apache.org/maven2/org/powermock/powermock-module-junit4/1.7.4/powermock-module-junit4-1.7.4.pom (6.2 kB at 293 kB/s)
Downloading from apache.snapshots.https: https://repository.apache.org/content/repositories/snapshots/org/powermock/powermock-module-junit4-common/1.7.4/powermock-module-junit4-common-1.7.4.pom
Downloading from repository.jboss.org: http://repository.jboss.org/nexus/content/groups/public/org/powermock/powermock-module-junit4-common/1.7.4/powermock-module-junit4-common-1.7.4.pom
Downloading from central: https://repo.maven.apache.org/maven2/org/powermock/powermock-module-junit4-common/1.7.4/powermock-module-junit4-common-1.7.4.pom
Progress (1): 2.2/6.3 kBProgress (1): 5.0/6.3 kBProgress (1): 6.3 kB                        Downloaded from central: https://repo.maven.apache.org/maven2/org/powermock/powermock-module-junit4-common/1.7.4/powermock-module-junit4-common-1.7.4.pom (6.3 kB at 302 kB/s)
Downloading from apache.snapshots.https: https://repository.apache.org/content/repositories/snapshots/org/powermock/powermock-reflect/1.7.4/powermock-reflect-1.7.4.pom
Downloading from repository.jboss.org: http://repository.jboss.org/nexus/content/groups/public/org/powermock/powermock-reflect/1.7.4/powermock-reflect-1.7.4.pom
Downloading from central: https://repo.maven.apache.org/maven2/org/powermock/powermock-reflect/1.7.4/powermock-reflect-1.7.4.pom
Progress (1): 2.2/5.6 kBProgress (1): 5.0/5.6 kBProgress (1): 5.6 kB                        Downloaded from central: https://repo.maven.apache.org/maven2/org/powermock/powermock-reflect/1.7.4/powermock-reflect-1.7.4.pom (5.6 kB at 268 kB/s)
Downloading from apache.snapshots.https: https://repository.apache.org/content/repositories/snapshots/org/powermock/powermock-core/1.7.4/powermock-core-1.7.4.pom
Downloading from repository.jboss.org: http://repository.jboss.org/nexus/content/groups/public/org/powermock/powermock-core/1.7.4/powermock-core-1.7.4.pom
Downloading from central: https://repo.maven.apache.org/maven2/org/powermock/powermock-core/1.7.4/powermock-core-1.7.4.pom
Progress (1): 2.2/6.0 kBProgress (1): 5.0/6.0 kBProgress (1): 6.0 kB                        Downloaded from central: https://repo.maven.apache.org/maven2/org/powermock/powermock-core/1.7.4/powermock-core-1.7.4.pom (6.0 kB at 272 kB/s)
Downloading from apache.snapshots.https: https://repository.apache.org/content/repositories/snapshots/org/powermock/powermock-api-mockito2/1.7.4/powermock-api-mockito2-1.7.4.pom
Downloading from repository.jboss.org: http://repository.jboss.org/nexus/content/groups/public/org/powermock/powermock-api-mockito2/1.7.4/powermock-api-mockito2-1.7.4.pom
Downloading from central: https://repo.maven.apache.org/maven2/org/powermock/powermock-api-mockito2/1.7.4/powermock-api-mockito2-1.7.4.pom
Progress (1): 2.2/5.8 kBProgress (1): 5.0/5.8 kBProgress (1): 5.8 kB                        Downloaded from central: https://repo.maven.apache.org/maven2/org/powermock/powermock-api-mockito2/1.7.4/powermock-api-mockito2-1.7.4.pom (5.8 kB at 194 kB/s)
Downloading from apache.snapshots.https: https://repository.apache.org/content/repositories/snapshots/org/powermock/powermock-api-mockito-common/1.7.4/powermock-api-mockito-common-1.7.4.pom
Downloading from repository.jboss.org: http://repository.jboss.org/nexus/content/groups/public/org/powermock/powermock-api-mockito-common/1.7.4/powermock-api-mockito-common-1.7.4.pom
Downloading from central: https://repo.maven.apache.org/maven2/org/powermock/powermock-api-mockito-common/1.7.4/powermock-api-mockito-common-1.7.4.pom
Progress (1): 2.2/6.4 kBProgress (1): 5.0/6.4 kBProgress (1): 6.4 kB                        Downloaded from central: https://repo.maven.apache.org/maven2/org/powermock/powermock-api-mockito-common/1.7.4/powermock-api-mockito-common-1.7.4.pom (6.4 kB at 289 kB/s)
Downloading from apache.snapshots.https: https://repository.apache.org/content/repositories/snapshots/org/powermock/powermock-api-support/1.7.4/powermock-api-support-1.7.4.pom
Downloading from repository.jboss.org: http://repository.jboss.org/nexus/content/groups/public/org/powermock/powermock-api-support/1.7.4/powermock-api-support-1.7.4.pom
Downloading from central: https://repo.maven.apache.org/maven2/org/powermock/powermock-api-support/1.7.4/powermock-api-support-1.7.4.pom
Progress (1): 2.2/5.8 kBProgress (1): 5.0/5.8 kBProgress (1): 5.8 kB                        Downloaded from central: https://repo.maven.apache.org/maven2/org/powermock/powermock-api-support/1.7.4/powermock-api-support-1.7.4.pom (5.8 kB at 276 kB/s)
Downloading from apache.snapshots.https: https://repository.apache.org/content/repositories/snapshots/org/javassist/javassist/3.21.0-GA/javassist-3.21.0-GA.pom
Downloading from repository.jboss.org: http://repository.jboss.org/nexus/content/groups/public/org/javassist/javassist/3.21.0-GA/javassist-3.21.0-GA.pom
Downloading from central: https://repo.maven.apache.org/maven2/org/javassist/javassist/3.21.0-GA/javassist-3.21.0-GA.pom
Progress (1): 2.2/9.8 kBProgress (1): 5.0/9.8 kBProgress (1): 7.8/9.8 kBProgress (1): 9.8 kB                        Downloaded from central: https://repo.maven.apache.org/maven2/org/javassist/javassist/3.21.0-GA/javassist-3.21.0-GA.pom (9.8 kB at 468 kB/s)
Downloading from apache.snapshots.https: https://repository.apache.org/content/repositories/snapshots/org/powermock/powermock-module-junit4/1.7.4/powermock-module-junit4-1.7.4.jar
Downloading from apache.snapshots.https: https://repository.apache.org/content/repositories/snapshots/org/powermock/powermock-core/1.7.4/powermock-core-1.7.4.jar
Downloading from apache.snapshots.https: https://repository.apache.org/content/repositories/snapshots/org/powermock/powermock-api-mockito2/1.7.4/powermock-api-mockito2-1.7.4.jar
Downloading from apache.snapshots.https: https://repository.apache.org/content/repositories/snapshots/org/powermock/powermock-reflect/1.7.4/powermock-reflect-1.7.4.jar
Downloading from apache.snapshots.https: https://repository.apache.org/content/repositories/snapshots/org/powermock/powermock-module-junit4-common/1.7.4/powermock-module-junit4-common-1.7.4.jar
Downloading from apache.snapshots.https: https://repository.apache.org/content/repositories/snapshots/org/powermock/powermock-api-mockito-common/1.7.4/powermock-api-mockito-common-1.7.4.jar
Downloading from apache.snapshots.https: https://repository.apache.org/content/repositories/snapshots/org/powermock/powermock-api-support/1.7.4/powermock-api-support-1.7.4.jar
Downloading from repository.jboss.org: http://repository.jboss.org/nexus/content/groups/public/org/powermock/powermock-module-junit4/1.7.4/powermock-module-junit4-1.7.4.jar
Downloading from repository.jboss.org: http://repository.jboss.org/nexus/content/groups/public/org/powermock/powermock-api-mockito2/1.7.4/powermock-api-mockito2-1.7.4.jar
Downloading from repository.jboss.org: http://repository.jboss.org/nexus/content/groups/public/org/powermock/powermock-core/1.7.4/powermock-core-1.7.4.jar
Downloading from repository.jboss.org: http://repository.jboss.org/nexus/content/groups/public/org/powermock/powermock-reflect/1.7.4/powermock-reflect-1.7.4.jar
Downloading from repository.jboss.org: http://repository.jboss.org/nexus/content/groups/public/org/powermock/powermock-module-junit4-common/1.7.4/powermock-module-junit4-common-1.7.4.jar
Downloading from repository.jboss.org: http://repository.jboss.org/nexus/content/groups/public/org/powermock/powermock-api-mockito-common/1.7.4/powermock-api-mockito-common-1.7.4.jar
Downloading from repository.jboss.org: http://repository.jboss.org/nexus/content/groups/public/org/powermock/powermock-api-support/1.7.4/powermock-api-support-1.7.4.jar
Downloading from central: https://repo.maven.apache.org/maven2/org/powermock/powermock-module-junit4/1.7.4/powermock-module-junit4-1.7.4.jar
Downloading from central: https://repo.maven.apache.org/maven2/org/powermock/powermock-core/1.7.4/powermock-core-1.7.4.jar
Downloading from central: https://repo.maven.apache.org/maven2/org/powermock/powermock-reflect/1.7.4/powermock-reflect-1.7.4.jar
Downloading from central: https://repo.maven.apache.org/maven2/org/powermock/powermock-module-junit4-common/1.7.4/powermock-module-junit4-common-1.7.4.jar
Downloading from central: https://repo.maven.apache.org/maven2/org/powermock/powermock-api-mockito2/1.7.4/powermock-api-mockito2-1.7.4.jar
Progress (1): 2.2/48 kBProgress (1): 5.0/48 kBProgress (1): 7.7/48 kBProgress (1): 10/48 kB Progress (1): 13/48 kBProgress (1): 16/48 kBProgress (1): 19/48 kBProgress (1): 21/48 kBProgress (1): 24/48 kBProgress (1): 27/48 kBProgress (1): 30/48 kBProgress (1): 32/48 kBProgress (1): 36/48 kBProgress (1): 40/48 kBProgress (1): 45/48 kBProgress (1): 48 kB   Progress (2): 48 kB | 2.2/66 kBProgress (3): 48 kB | 2.2/66 kB | 2.2/18 kBProgress (4): 48 kB | 2.2/66 kB | 2.2/18 kB | 2.2/146 kBProgress (4): 48 kB | 5.0/66 kB | 2.2/18 kB | 2.2/146 kBProgress (4): 48 kB | 5.0/66 kB | 5.0/18 kB | 2.2/146 kBProgress (4): 48 kB | 7.7/66 kB | 5.0/18 kB | 2.2/146 kBProgress (4): 48 kB | 7.7/66 kB | 5.0/18 kB | 5.0/146 kBProgress (4): 48 kB | 7.7/66 kB | 7.7/18 kB | 5.0/146 kB                                                        Downloaded from central: https://repo.maven.apache.org/maven2/org/powermock/powermock-module-junit4/1.7.4/powermock-module-junit4-1.7.4.jar (48 kB at 1.5 MB/s)
Progress (4): 7.7/66 kB | 7.7/18 kB | 5.0/146 kB | 2.2/59 kBProgress (4): 7.7/66 kB | 7.7/18 kB | 7.7/146 kB | 2.2/59 kB                                                            Downloading from central: https://repo.maven.apache.org/maven2/org/powermock/powermock-api-mockito-common/1.7.4/powermock-api-mockito-common-1.7.4.jar
Progress (4): 7.7/66 kB | 7.7/18 kB | 7.7/146 kB | 5.0/59 kBProgress (4): 7.7/66 kB | 7.7/18 kB | 7.7/146 kB | 7.7/59 kBProgress (4): 10/66 kB | 7.7/18 kB | 7.7/146 kB | 7.7/59 kB Progress (4): 10/66 kB | 10/18 kB | 7.7/146 kB | 7.7/59 kB Progress (4): 10/66 kB | 10/18 kB | 10/146 kB | 7.7/59 kB Progress (4): 13/66 kB | 10/18 kB | 10/146 kB | 7.7/59 kBProgress (4): 13/66 kB | 10/18 kB | 13/146 kB | 7.7/59 kBProgress (4): 13/66 kB | 13/18 kB | 13/146 kB | 7.7/59 kBProgress (4): 13/66 kB | 13/18 kB | 16/146 kB | 7.7/59 kBProgress (4): 16/66 kB | 13/18 kB | 16/146 kB | 7.7/59 kBProgress (4): 16/66 kB | 13/18 kB | 19/146 kB | 7.7/59 kBProgress (4): 16/66 kB | 16/18 kB | 19/146 kB | 7.7/59 kBProgress (4): 16/66 kB | 16/18 kB | 21/146 kB | 7.7/59 kBProgress (4): 19/66 kB | 16/18 kB | 21/146 kB | 7.7/59 kBProgress (4): 19/66 kB | 16/18 kB | 24/146 kB | 7.7/59 kBProgress (4): 19/66 kB | 16/18 kB | 24/146 kB | 10/59 kB Progress (4): 19/66 kB | 18 kB | 24/146 kB | 10/59 kB   Progress (4): 19/66 kB | 18 kB | 27/146 kB | 10/59 kBProgress (4): 21/66 kB | 18 kB | 27/146 kB | 10/59 kBProgress (4): 21/66 kB | 18 kB | 30/146 kB | 10/59 kBProgress (4): 21/66 kB | 18 kB | 30/146 kB | 13/59 kBProgress (4): 21/66 kB | 18 kB | 32/146 kB | 13/59 kBProgress (4): 24/66 kB | 18 kB | 32/146 kB | 13/59 kBProgress (4): 24/66 kB | 18 kB | 32/146 kB | 16/59 kBProgress (4): 27/66 kB | 18 kB | 32/146 kB | 16/59 kBProgress (4): 27/66 kB | 18 kB | 32/146 kB | 19/59 kBProgress (4): 30/66 kB | 18 kB | 32/146 kB | 19/59 kBProgress (4): 30/66 kB | 18 kB | 32/146 kB | 21/59 kBProgress (4): 32/66 kB | 18 kB | 32/146 kB | 21/59 kBProgress (4): 32/66 kB | 18 kB | 32/146 kB | 24/59 kBProgress (4): 32/66 kB | 18 kB | 32/146 kB | 27/59 kBProgress (4): 36/66 kB | 18 kB | 32/146 kB | 27/59 kBProgress (4): 40/66 kB | 18 kB | 32/146 kB | 27/59 kBProgress (4): 40/66 kB | 18 kB | 36/146 kB | 27/59 kBProgress (4): 40/66 kB | 18 kB | 36/146 kB | 30/59 kBProgress (4): 40/66 kB | 18 kB | 40/146 kB | 30/59 kBProgress (4): 45/66 kB | 18 kB | 40/146 kB | 30/59 kBProgress (5): 45/66 kB | 18 kB | 40/146 kB | 30/59 kB | 4.1/36 kBProgress (5): 45/66 kB | 18 kB | 40/146 kB | 32/59 kB | 4.1/36 kBProgress (5): 45/66 kB | 18 kB | 45/146 kB | 32/59 kB | 4.1/36 kBProgress (5): 45/66 kB | 18 kB | 45/146 kB | 32/59 kB | 7.7/36 kBProgress (5): 49/66 kB | 18 kB | 45/146 kB | 32/59 kB | 7.7/36 kBProgress (5): 49/66 kB | 18 kB | 45/146 kB | 32/59 kB | 12/36 kB Progress (5): 49/66 kB | 18 kB | 49/146 kB | 32/59 kB | 12/36 kBProgress (5): 49/66 kB | 18 kB | 49/146 kB | 36/59 kB | 12/36 kBProgress (5): 49/66 kB | 18 kB | 49/146 kB | 36/59 kB | 16/36 kBProgress (5): 49/66 kB | 18 kB | 49/146 kB | 40/59 kB | 16/36 kBProgress (5): 53/66 kB | 18 kB | 49/146 kB | 40/59 kB | 16/36 kBProgress (5): 53/66 kB | 18 kB | 49/146 kB | 45/59 kB | 16/36 kBProgress (5): 53/66 kB | 18 kB | 53/146 kB | 45/59 kB | 16/36 kBProgress (5): 53/66 kB | 18 kB | 53/146 kB | 49/59 kB | 16/36 kBProgress (5): 53/66 kB | 18 kB | 53/146 kB | 49/59 kB | 20/36 kBProgress (5): 57/66 kB | 18 kB | 53/146 kB | 49/59 kB | 20/36 kBProgress (5): 57/66 kB | 18 kB | 53/146 kB | 49/59 kB | 24/36 kB                                                                Downloaded from central: https://repo.maven.apache.org/maven2/org/powermock/powermock-module-junit4-common/1.7.4/powermock-module-junit4-common-1.7.4.jar (18 kB at 372 kB/s)
Progress (4): 57/66 kB | 57/146 kB | 49/59 kB | 24/36 kB                                                        Downloading from central: https://repo.maven.apache.org/maven2/org/powermock/powermock-api-support/1.7.4/powermock-api-support-1.7.4.jar
Progress (4): 57/66 kB | 57/146 kB | 49/59 kB | 28/36 kBProgress (4): 57/66 kB | 57/146 kB | 53/59 kB | 28/36 kBProgress (4): 61/66 kB | 57/146 kB | 53/59 kB | 28/36 kBProgress (4): 61/66 kB | 57/146 kB | 57/59 kB | 28/36 kBProgress (4): 61/66 kB | 57/146 kB | 57/59 kB | 32/36 kBProgress (4): 61/66 kB | 61/146 kB | 57/59 kB | 32/36 kBProgress (4): 61/66 kB | 61/146 kB | 59 kB | 32/36 kB   Progress (4): 65/66 kB | 61/146 kB | 59 kB | 32/36 kBProgress (4): 65/66 kB | 61/146 kB | 59 kB | 36 kB   Progress (4): 65/66 kB | 65/146 kB | 59 kB | 36 kBProgress (4): 66 kB | 65/146 kB | 59 kB | 36 kB   Progress (4): 66 kB | 69/146 kB | 59 kB | 36 kBProgress (4): 66 kB | 73/146 kB | 59 kB | 36 kBProgress (4): 66 kB | 77/146 kB | 59 kB | 36 kBProgress (4): 66 kB | 81/146 kB | 59 kB | 36 kBProgress (4): 66 kB | 85/146 kB | 59 kB | 36 kBProgress (4): 66 kB | 90/146 kB | 59 kB | 36 kBProgress (4): 66 kB | 94/146 kB | 59 kB | 36 kBProgress (4): 66 kB | 98/146 kB | 59 kB | 36 kBProgress (5): 66 kB | 98/146 kB | 59 kB | 36 kB | 2.2/23 kBProgress (5): 66 kB | 102/146 kB | 59 kB | 36 kB | 2.2/23 kBProgress (5): 66 kB | 102/146 kB | 59 kB | 36 kB | 5.0/23 kBProgress (5): 66 kB | 106/146 kB | 59 kB | 36 kB | 5.0/23 kBProgress (5): 66 kB | 106/146 kB | 59 kB | 36 kB | 7.7/23 kBProgress (5): 66 kB | 110/146 kB | 59 kB | 36 kB | 7.7/23 kBProgress (5): 66 kB | 110/146 kB | 59 kB | 36 kB | 10/23 kB Progress (5): 66 kB | 114/146 kB | 59 kB | 36 kB | 10/23 kBProgress (5): 66 kB | 114/146 kB | 59 kB | 36 kB | 13/23 kBProgress (5): 66 kB | 114/146 kB | 59 kB | 36 kB | 16/23 kBProgress (5): 66 kB | 114/146 kB | 59 kB | 36 kB | 19/23 kBProgress (5): 66 kB | 118/146 kB | 59 kB | 36 kB | 19/23 kB                                                           Downloaded from central: https://repo.maven.apache.org/maven2/org/powermock/powermock-api-mockito2/1.7.4/powermock-api-mockito2-1.7.4.jar (59 kB at 948 kB/s)
Progress (4): 66 kB | 118/146 kB | 36 kB | 21/23 kBProgress (4): 66 kB | 122/146 kB | 36 kB | 21/23 kBProgress (4): 66 kB | 122/146 kB | 36 kB | 23 kB                                                   Downloaded from central: https://repo.maven.apache.org/maven2/org/powermock/powermock-api-mockito-common/1.7.4/powermock-api-mockito-common-1.7.4.jar (36 kB at 566 kB/s)
Progress (3): 66 kB | 126/146 kB | 23 kBProgress (3): 66 kB | 131/146 kB | 23 kBProgress (3): 66 kB | 135/146 kB | 23 kBProgress (3): 66 kB | 139/146 kB | 23 kBProgress (3): 66 kB | 143/146 kB | 23 kB                                        Downloaded from central: https://repo.maven.apache.org/maven2/org/powermock/powermock-reflect/1.7.4/powermock-reflect-1.7.4.jar (66 kB at 993 kB/s)
Progress (2): 146 kB | 23 kB                            Downloaded from central: https://repo.maven.apache.org/maven2/org/powermock/powermock-api-support/1.7.4/powermock-api-support-1.7.4.jar (23 kB at 323 kB/s)
Downloaded from central: https://repo.maven.apache.org/maven2/org/powermock/powermock-core/1.7.4/powermock-core-1.7.4.jar (146 kB at 1.9 MB/s)
[INFO] 
[INFO] --- maven-antrun-plugin:1.7:run (create-testdirs) @ hadoop-ozone-recon ---
[INFO] Executing tasks

main:
    [mkdir] Created dir: /workdir/hadoop-ozone/ozone-recon/target/test-dir
[INFO] Executed tasks
[INFO] 
[INFO] --- build-helper-maven-plugin:1.9:add-source (add-source) @ hadoop-ozone-recon ---
[INFO] Source directory: /workdir/hadoop-ozone/ozone-recon/target/generated-sources/java added.
[INFO] 
[INFO] --- maven-remote-resources-plugin:1.5:process (default) @ hadoop-ozone-recon ---
[INFO] 
[INFO] --- exec-maven-plugin:1.3.1:java (default) @ hadoop-ozone-recon ---
[WARNING] Warning: killAfter is now deprecated. Do you need it ? Please comment on MEXEC-6.
log4j:WARN No appenders could be found for logger (org.jooq.Constants).
log4j:WARN Please initialize the log4j system properly.
log4j:WARN See http://logging.apache.org/log4j/1.2/faq.html#noconfig for more info.
[INFO] 
[INFO] --- frontend-maven-plugin:1.6:install-node-and-yarn (Install node and yarn locally to the project) @ hadoop-ozone-recon ---
[INFO] Installing node version v12.1.0
[INFO] Unpacking /home/user/.m2/repository/com/github/eirslett/node/12.1.0/node-12.1.0-linux-x64.tar.gz into /workdir/hadoop-ozone/ozone-recon/target/node/tmp
[INFO] Copying node binary from /workdir/hadoop-ozone/ozone-recon/target/node/tmp/node-v12.1.0-linux-x64/bin/node to /workdir/hadoop-ozone/ozone-recon/target/node/node
[INFO] Installed node locally.
[INFO] Installing Yarn version v1.9.2
[INFO] Unpacking /home/user/.m2/repository/com/github/eirslett/yarn/1.9.2/yarn-1.9.2.tar.gz into /workdir/hadoop-ozone/ozone-recon/target/node/yarn
[INFO] Installed Yarn locally.
[INFO] 
[INFO] --- frontend-maven-plugin:1.6:yarn (yarn install) @ hadoop-ozone-recon ---
[INFO] Running 'yarn install' in /workdir/hadoop-ozone/ozone-recon/src/main/resources/webapps/recon/ozone-recon-web
[ERROR] node: /usr/lib/libstdc++.so.6: no version information available (required by node)
[ERROR] node: /usr/lib/libstdc++.so.6: no version information available (required by node)
[ERROR] node: /usr/lib/libstdc++.so.6: no version information available (required by node)
[ERROR] node: /usr/lib/libstdc++.so.6: no version information available (required by node)
[ERROR] node: /usr/lib/libstdc++.so.6: no version information available (required by node)
[ERROR] node: /usr/lib/libstdc++.so.6: no version information available (required by node)
[ERROR] node: /usr/lib/libstdc++.so.6: no version information available (required by node)
[ERROR] node: /usr/lib/libstdc++.so.6: no version information available (required by node)
[INFO] yarn install v1.9.2
[INFO] [1/4] Resolving packages...
[INFO] [2/4] Fetching packages...
[ERROR] (node:17225) [DEP0005] DeprecationWarning: Buffer() is deprecated due to security and usability issues. Please use the Buffer.alloc(), Buffer.allocUnsafe(), or Buffer.from() methods instead.
[INFO] info fsevents@1.2.9: The platform "linux" is incompatible with this module.
[INFO] info "fsevents@1.2.9" is an optional dependency and failed compatibility check. Excluding it from installation.
[INFO] info fsevents@2.0.6: The platform "linux" is incompatible with this module.
[INFO] info "fsevents@2.0.6" is an optional dependency and failed compatibility check. Excluding it from installation.
[INFO] [3/4] Linking dependencies...
[ERROR] warning " > less-loader@5.0.0" has unmet peer dependency "webpack@^2.0.0 || ^3.0.0 || ^4.0.0".
[INFO] [4/4] Building fresh packages...
[INFO] Done in 71.55s.
[INFO] 
[INFO] --- frontend-maven-plugin:1.6:yarn (Build frontend) @ hadoop-ozone-recon ---
[INFO] Running 'yarn run build' in /workdir/hadoop-ozone/ozone-recon/src/main/resources/webapps/recon/ozone-recon-web
[ERROR] node: /usr/lib/libstdc++.so.6: no version information available (required by node)
[ERROR] node: /usr/lib/libstdc++.so.6: no version information available (required by node)
[ERROR] node: /usr/lib/libstdc++.so.6: no version information available (required by node)
[ERROR] node: /usr/lib/libstdc++.so.6: no version information available (required by node)
[ERROR] node: /usr/lib/libstdc++.so.6: no version information available (required by node)
[ERROR] node: /usr/lib/libstdc++.so.6: no version information available (required by node)
[ERROR] node: /usr/lib/libstdc++.so.6: no version information available (required by node)
[ERROR] node: /usr/lib/libstdc++.so.6: no version information available (required by node)
[INFO] yarn run v1.9.2
[INFO] $ react-app-rewired build
[ERROR] node: /usr/lib/libstdc++.so.6: no version information available (required by node)
[ERROR] node: /usr/lib/libstdc++.so.6: no version information available (required by node)
[ERROR] node: /usr/lib/libstdc++.so.6: no version information available (required by node)
[ERROR] node: /usr/lib/libstdc++.so.6: no version information available (required by node)
[ERROR] node: /usr/lib/libstdc++.so.6: no version information available (required by node)
[ERROR] node: /usr/lib/libstdc++.so.6: no version information available (required by node)
[ERROR] node: /usr/lib/libstdc++.so.6: no version information available (required by node)
[ERROR] node: /usr/lib/libstdc++.so.6: no version information available (required by node)
[ERROR] node: /usr/lib/libstdc++.so.6: no version information available (required by node)
[ERROR] node: /usr/lib/libstdc++.so.6: no version information available (required by node)
[ERROR] node: /usr/lib/libstdc++.so.6: no version information available (required by node)
[ERROR] node: /usr/lib/libstdc++.so.6: no version information available (required by node)
[ERROR] node: /usr/lib/libstdc++.so.6: no version information available (required by node)
[ERROR] node: /usr/lib/libstdc++.so.6: no version information available (required by node)
[ERROR] node: /usr/lib/libstdc++.so.6: no version information available (required by node)
[ERROR] node: /usr/lib/libstdc++.so.6: no version information available (required by node)
[INFO] Creating an optimized production build...
[ERROR] /workdir/hadoop-ozone/ozone-recon/target/node/node: /usr/lib/libstdc++.so.6: no version information available (required by /workdir/hadoop-ozone/ozone-recon/target/node/node)
[ERROR] /workdir/hadoop-ozone/ozone-recon/target/node/node: /usr/lib/libstdc++.so.6: no version information available (required by /workdir/hadoop-ozone/ozone-recon/target/node/node)
[ERROR] /workdir/hadoop-ozone/ozone-recon/target/node/node: /usr/lib/libstdc++.so.6: no version information available (required by /workdir/hadoop-ozone/ozone-recon/target/node/node)
[ERROR] /workdir/hadoop-ozone/ozone-recon/target/node/node: /usr/lib/libstdc++.so.6: no version information available (required by /workdir/hadoop-ozone/ozone-recon/target/node/node)
[ERROR] /workdir/hadoop-ozone/ozone-recon/target/node/node: /usr/lib/libstdc++.so.6: no version information available (required by /workdir/hadoop-ozone/ozone-recon/target/node/node)
[ERROR] /workdir/hadoop-ozone/ozone-recon/target/node/node: /usr/lib/libstdc++.so.6: no version information available (required by /workdir/hadoop-ozone/ozone-recon/target/node/node)
[ERROR] /workdir/hadoop-ozone/ozone-recon/target/node/node: /usr/lib/libstdc++.so.6: no version information available (required by /workdir/hadoop-ozone/ozone-recon/target/node/node)
[ERROR] /workdir/hadoop-ozone/ozone-recon/target/node/node: /usr/lib/libstdc++.so.6: no version information available (required by /workdir/hadoop-ozone/ozone-recon/target/node/node)
[ERROR] /workdir/hadoop-ozone/ozone-recon/target/node/node: /usr/lib/libstdc++.so.6: no version information available (required by /workdir/hadoop-ozone/ozone-recon/target/node/node)
[ERROR] /workdir/hadoop-ozone/ozone-recon/target/node/node: /usr/lib/libstdc++.so.6: no version information available (required by /workdir/hadoop-ozone/ozone-recon/target/node/node)
[ERROR] /workdir/hadoop-ozone/ozone-recon/target/node/node: /usr/lib/libstdc++.so.6: no version information available (required by /workdir/hadoop-ozone/ozone-recon/target/node/node)
[ERROR] /workdir/hadoop-ozone/ozone-recon/target/node/node: /usr/lib/libstdc++.so.6: no version information available (required by /workdir/hadoop-ozone/ozone-recon/target/node/node)
[ERROR] /workdir/hadoop-ozone/ozone-recon/target/node/node: /usr/lib/libstdc++.so.6: no version information available (required by /workdir/hadoop-ozone/ozone-recon/target/node/node)
[ERROR] /workdir/hadoop-ozone/ozone-recon/target/node/node: /usr/lib/libstdc++.so.6: no version information available (required by /workdir/hadoop-ozone/ozone-recon/target/node/node)
[ERROR] /workdir/hadoop-ozone/ozone-recon/target/node/node: /usr/lib/libstdc++.so.6: no version information available (required by /workdir/hadoop-ozone/ozone-recon/target/node/node)
[ERROR] /workdir/hadoop-ozone/ozone-recon/target/node/node: /usr/lib/libstdc++.so.6: no version information available (required by /workdir/hadoop-ozone/ozone-recon/target/node/node)
[ERROR] /workdir/hadoop-ozone/ozone-recon/target/node/node: /usr/lib/libstdc++.so.6: no version information available (required by /workdir/hadoop-ozone/ozone-recon/target/node/node)
[ERROR] /workdir/hadoop-ozone/ozone-recon/target/node/node: /usr/lib/libstdc++.so.6: no version information available (required by /workdir/hadoop-ozone/ozone-recon/target/node/node)
[ERROR] /workdir/hadoop-ozone/ozone-recon/target/node/node: /usr/lib/libstdc++.so.6: no version information available (required by /workdir/hadoop-ozone/ozone-recon/target/node/node)
[ERROR] /workdir/hadoop-ozone/ozone-recon/target/node/node: /usr/lib/libstdc++.so.6: no version information available (required by /workdir/hadoop-ozone/ozone-recon/target/node/node)
[ERROR] /workdir/hadoop-ozone/ozone-recon/target/node/node: /usr/lib/libstdc++.so.6: no version information available (required by /workdir/hadoop-ozone/ozone-recon/target/node/node)
[ERROR] /workdir/hadoop-ozone/ozone-recon/target/node/node: /usr/lib/libstdc++.so.6: no version information available (required by /workdir/hadoop-ozone/ozone-recon/target/node/node)
[ERROR] /workdir/hadoop-ozone/ozone-recon/target/node/node: /usr/lib/libstdc++.so.6: no version information available (required by /workdir/hadoop-ozone/ozone-recon/target/node/node)
[ERROR] /workdir/hadoop-ozone/ozone-recon/target/node/node: /usr/lib/libstdc++.so.6: no version information available (required by /workdir/hadoop-ozone/ozone-recon/target/node/node)
[ERROR] /workdir/hadoop-ozone/ozone-recon/target/node/node: /usr/lib/libstdc++.so.6: no version information available (required by /workdir/hadoop-ozone/ozone-recon/target/node/node)
[ERROR] /workdir/hadoop-ozone/ozone-recon/target/node/node: /usr/lib/libstdc++.so.6: no version information available (required by /workdir/hadoop-ozone/ozone-recon/target/node/node)
[ERROR] /workdir/hadoop-ozone/ozone-recon/target/node/node: /usr/lib/libstdc++.so.6: no version information available (required by /workdir/hadoop-ozone/ozone-recon/target/node/node)
[ERROR] /workdir/hadoop-ozone/ozone-recon/target/node/node: /usr/lib/libstdc++.so.6: no version information available (required by /workdir/hadoop-ozone/ozone-recon/target/node/node)
[ERROR] /workdir/hadoop-ozone/ozone-recon/target/node/node: /usr/lib/libstdc++.so.6: no version information available (required by /workdir/hadoop-ozone/ozone-recon/target/node/node)
[ERROR] /workdir/hadoop-ozone/ozone-recon/target/node/node: /usr/lib/libstdc++.so.6: no version information available (required by /workdir/hadoop-ozone/ozone-recon/target/node/node)
[ERROR] /workdir/hadoop-ozone/ozone-recon/target/node/node: /usr/lib/libstdc++.so.6: no version information available (required by /workdir/hadoop-ozone/ozone-recon/target/node/node)
[ERROR] /workdir/hadoop-ozone/ozone-recon/target/node/node: /usr/lib/libstdc++.so.6: no version information available (required by /workdir/hadoop-ozone/ozone-recon/target/node/node)
[INFO] Compiled successfully.
[INFO] 
[INFO] File sizes after gzip:
[INFO] 
[INFO]   270.58 KB  build/static/js/2.ea549bfe.chunk.js
[INFO]   11.78 KB   build/static/css/2.8943d5a3.chunk.css
[INFO]   1.45 KB    build/static/js/main.95b0b67d.chunk.js
[INFO]   762 B      build/static/js/runtime~main.a8a9905a.js
[INFO]   503 B      build/static/css/main.96eebd44.chunk.css
[INFO] 
[INFO] The project was built assuming it is hosted at the server root.
[INFO] You can control this with the homepage field in your package.json.
[INFO] For example, add this to build it for GitHub Pages:
[INFO] 
[INFO]   "homepage" : "http://myname.github.io/myapp",
[INFO] 
[INFO] The build folder is ready to be deployed.
[INFO] You may serve it with a static server:
[INFO] 
[INFO]   yarn global add serve
[INFO]   serve -s build
[INFO] 
[INFO] Find out more about deployment here:
[INFO] 
[INFO]   https://bit.ly/CRA-deploy
[INFO] 
[INFO] Done in 44.61s.
[INFO] 
[INFO] --- maven-resources-plugin:2.6:resources (default-resources) @ hadoop-ozone-recon ---
[INFO] Using 'UTF-8' encoding to copy filtered resources.
[INFO] Copying 47 resources
[INFO] Copying 2 resources
[INFO] 
[INFO] --- maven-resources-plugin:2.6:copy-resources (Copy frontend build to target) @ hadoop-ozone-recon ---
[INFO] Using 'UTF-8' encoding to copy filtered resources.
[INFO] Copying 17 resources
[INFO] 
[INFO] --- maven-resources-plugin:2.6:copy-resources (Copy frontend static files to target) @ hadoop-ozone-recon ---
[INFO] Using 'UTF-8' encoding to copy filtered resources.
[INFO] Copying 11 resources
[INFO] 
[INFO] --- maven-compiler-plugin:3.1:compile (default-compile) @ hadoop-ozone-recon ---
[INFO] Compiling 62 source files to /workdir/hadoop-ozone/ozone-recon/target/classes
[WARNING] /workdir/hadoop-ozone/ozone-recon/src/main/java/org/apache/hadoop/ozone/recon/tasks/OMDBUpdatesHandler.java: Some input files use unchecked or unsafe operations.
[WARNING] /workdir/hadoop-ozone/ozone-recon/src/main/java/org/apache/hadoop/ozone/recon/tasks/OMDBUpdatesHandler.java: Recompile with -Xlint:unchecked for details.
[INFO] 
[INFO] --- maven-resources-plugin:2.6:testResources (default-testResources) @ hadoop-ozone-recon ---
[INFO] Using 'UTF-8' encoding to copy filtered resources.
[INFO] skip non existing resourceDirectory /workdir/hadoop-ozone/ozone-recon/src/test/resources
[INFO] Copying 2 resources
[INFO] 
[INFO] --- maven-compiler-plugin:3.1:testCompile (default-testCompile) @ hadoop-ozone-recon ---
[INFO] Compiling 24 source files to /workdir/hadoop-ozone/ozone-recon/target/test-classes
[WARNING] /workdir/hadoop-ozone/ozone-recon/src/test/java/org/apache/hadoop/ozone/recon/AbstractOMMetadataManagerTest.java: Some input files use unchecked or unsafe operations.
[WARNING] /workdir/hadoop-ozone/ozone-recon/src/test/java/org/apache/hadoop/ozone/recon/AbstractOMMetadataManagerTest.java: Recompile with -Xlint:unchecked for details.
[INFO] 
[INFO] --- maven-surefire-plugin:3.0.0-M1:test (default-test) @ hadoop-ozone-recon ---
[INFO] 
[INFO] -------------------------------------------------------
[INFO]  T E S T S
[INFO] -------------------------------------------------------
[INFO] Running org.apache.hadoop.ozone.recon.spi.impl.TestReconContainerDBProvider
[INFO] Tests run: 1, Failures: 0, Errors: 0, Skipped: 0, Time elapsed: 1.161 s - in org.apache.hadoop.ozone.recon.spi.impl.TestReconContainerDBProvider
[INFO] Running org.apache.hadoop.ozone.recon.spi.impl.TestOzoneManagerServiceProviderImpl
[INFO] Tests run: 3, Failures: 0, Errors: 0, Skipped: 0, Time elapsed: 9.06 s - in org.apache.hadoop.ozone.recon.spi.impl.TestOzoneManagerServiceProviderImpl
[INFO] Running org.apache.hadoop.ozone.recon.spi.impl.TestContainerDBServiceProviderImpl
[INFO] Tests run: 13, Failures: 0, Errors: 0, Skipped: 0, Time elapsed: 8.635 s - in org.apache.hadoop.ozone.recon.spi.impl.TestContainerDBServiceProviderImpl
[INFO] Running org.apache.hadoop.ozone.recon.tasks.TestContainerKeyMapperTask
[INFO] Tests run: 2, Failures: 0, Errors: 0, Skipped: 0, Time elapsed: 11.123 s - in org.apache.hadoop.ozone.recon.tasks.TestContainerKeyMapperTask
[INFO] Running org.apache.hadoop.ozone.recon.tasks.TestReconTaskControllerImpl
[INFO] Tests run: 4, Failures: 0, Errors: 0, Skipped: 0, Time elapsed: 4.208 s - in org.apache.hadoop.ozone.recon.tasks.TestReconTaskControllerImpl
[INFO] Running org.apache.hadoop.ozone.recon.tasks.TestOMDBUpdatesHandler
[INFO] Tests run: 3, Failures: 0, Errors: 0, Skipped: 0, Time elapsed: 5.323 s - in org.apache.hadoop.ozone.recon.tasks.TestOMDBUpdatesHandler
[INFO] Running org.apache.hadoop.ozone.recon.TestReconUtils
[INFO] Tests run: 3, Failures: 0, Errors: 0, Skipped: 0, Time elapsed: 1.305 s - in org.apache.hadoop.ozone.recon.TestReconUtils
[INFO] Running org.apache.hadoop.ozone.recon.api.TestContainerKeyService
[INFO] Tests run: 4, Failures: 0, Errors: 0, Skipped: 0, Time elapsed: 16.814 s - in org.apache.hadoop.ozone.recon.api.TestContainerKeyService
[INFO] Running org.apache.hadoop.ozone.recon.TestReconCodecs
[INFO] Tests run: 2, Failures: 0, Errors: 0, Skipped: 0, Time elapsed: 0.086 s - in org.apache.hadoop.ozone.recon.TestReconCodecs
[INFO] Running org.apache.hadoop.ozone.recon.persistence.TestUtilizationSchemaDefinition
[INFO] Tests run: 2, Failures: 0, Errors: 0, Skipped: 0, Time elapsed: 2.489 s - in org.apache.hadoop.ozone.recon.persistence.TestUtilizationSchemaDefinition
[INFO] Running org.apache.hadoop.ozone.recon.persistence.TestReconInternalSchemaDefinition
[INFO] Tests run: 2, Failures: 0, Errors: 0, Skipped: 0, Time elapsed: 2.741 s - in org.apache.hadoop.ozone.recon.persistence.TestReconInternalSchemaDefinition
[INFO] Running org.apache.hadoop.ozone.recon.persistence.TestStatsSchemaDefinition
[INFO] Tests run: 2, Failures: 0, Errors: 0, Skipped: 0, Time elapsed: 2.638 s - in org.apache.hadoop.ozone.recon.persistence.TestStatsSchemaDefinition
[INFO] Running org.apache.hadoop.ozone.recon.recovery.TestReconOmMetadataManagerImpl
[INFO] Tests run: 1, Failures: 0, Errors: 0, Skipped: 0, Time elapsed: 2.162 s - in org.apache.hadoop.ozone.recon.recovery.TestReconOmMetadataManagerImpl
[INFO] 
[INFO] Results:
[INFO] 
[INFO] Tests run: 42, Failures: 0, Errors: 0, Skipped: 0
[INFO] 
[INFO] 
[INFO] -------< org.apache.hadoop:hadoop-ozone-filesystem-lib-current >--------
[INFO] Building Apache Hadoop Ozone FileSystem Single Jar Library 0.4.1-SNAPSHOT [19/26]
[INFO] --------------------------------[ jar ]---------------------------------
Downloading from apache.snapshots.https: https://repository.apache.org/content/repositories/snapshots/org/apache/hadoop/hadoop-ozone-filesystem/0.4.1-SNAPSHOT/maven-metadata.xml
Downloading from apache.snapshots.https: https://repository.apache.org/content/repositories/snapshots/org/apache/hadoop/hadoop-ozone-filesystem/0.4.1-SNAPSHOT/hadoop-ozone-filesystem-0.4.1-SNAPSHOT.pom
[WARNING] The POM for org.apache.hadoop:hadoop-ozone-filesystem:jar:0.4.1-SNAPSHOT is missing, no dependency information available
Downloading from apache.snapshots.https: https://repository.apache.org/content/repositories/snapshots/org/apache/hadoop/hadoop-ozone-filesystem/0.4.1-SNAPSHOT/hadoop-ozone-filesystem-0.4.1-SNAPSHOT.jar
[INFO] 
[INFO] --------< org.apache.hadoop:hadoop-ozone-filesystem-lib-legacy >--------
[INFO] Building Apache Hadoop Ozone FileSystem Legacy Jar Library 0.4.1-SNAPSHOT [20/26]
[INFO] --------------------------------[ jar ]---------------------------------
[INFO] 
[INFO] --------------< org.apache.hadoop:hadoop-ozone-datanode >---------------
[INFO] Building Apache Hadoop Ozone Datanode 0.4.1-SNAPSHOT             [21/26]
[INFO] --------------------------------[ jar ]---------------------------------
[INFO] 
[INFO] --- maven-antrun-plugin:1.7:run (create-testdirs) @ hadoop-ozone-datanode ---
[INFO] Executing tasks

main:
    [mkdir] Created dir: /workdir/hadoop-ozone/datanode/target/test-dir
[INFO] Executed tasks
[INFO] 
[INFO] --- maven-remote-resources-plugin:1.5:process (default) @ hadoop-ozone-datanode ---
[INFO] 
[INFO] --- maven-resources-plugin:2.6:resources (default-resources) @ hadoop-ozone-datanode ---
[INFO] Using 'UTF-8' encoding to copy filtered resources.
[INFO] skip non existing resourceDirectory /workdir/hadoop-ozone/datanode/src/main/resources
[INFO] Copying 2 resources
[INFO] 
[INFO] --- maven-compiler-plugin:3.1:compile (default-compile) @ hadoop-ozone-datanode ---
[INFO] No sources to compile
[INFO] 
[INFO] --- maven-resources-plugin:2.6:testResources (default-testResources) @ hadoop-ozone-datanode ---
[INFO] Using 'UTF-8' encoding to copy filtered resources.
[INFO] skip non existing resourceDirectory /workdir/hadoop-ozone/datanode/src/test/resources
[INFO] Copying 2 resources
[INFO] 
[INFO] --- maven-compiler-plugin:3.1:testCompile (default-testCompile) @ hadoop-ozone-datanode ---
[INFO] No sources to compile
[INFO] 
[INFO] --- maven-surefire-plugin:3.0.0-M1:test (default-test) @ hadoop-ozone-datanode ---
[INFO] 
[INFO] ---------------< org.apache.hadoop:hadoop-ozone-upgrade >---------------
[INFO] Building Apache Hadoop Ozone In-Place Upgrade 0.4.1-SNAPSHOT     [22/26]
[INFO] --------------------------------[ jar ]---------------------------------
[INFO] 
[INFO] --- maven-antrun-plugin:1.7:run (create-testdirs) @ hadoop-ozone-upgrade ---
[INFO] Executing tasks

main:
    [mkdir] Created dir: /workdir/hadoop-ozone/upgrade/target/test-dir
[INFO] Executed tasks
[INFO] 
[INFO] --- maven-remote-resources-plugin:1.5:process (default) @ hadoop-ozone-upgrade ---
[INFO] 
[INFO] --- maven-resources-plugin:2.6:resources (default-resources) @ hadoop-ozone-upgrade ---
[INFO] Using 'UTF-8' encoding to copy filtered resources.
[INFO] skip non existing resourceDirectory /workdir/hadoop-ozone/upgrade/src/main/resources
[INFO] Copying 2 resources
[INFO] 
[INFO] --- maven-compiler-plugin:3.1:compile (default-compile) @ hadoop-ozone-upgrade ---
[INFO] Compiling 5 source files to /workdir/hadoop-ozone/upgrade/target/classes
[INFO] 
[INFO] --- maven-resources-plugin:2.6:testResources (default-testResources) @ hadoop-ozone-upgrade ---
[INFO] Using 'UTF-8' encoding to copy filtered resources.
[INFO] skip non existing resourceDirectory /workdir/hadoop-ozone/upgrade/src/test/resources
[INFO] Copying 2 resources
[INFO] 
[INFO] --- maven-compiler-plugin:3.1:testCompile (default-testCompile) @ hadoop-ozone-upgrade ---
[INFO] No sources to compile
[INFO] 
[INFO] --- maven-surefire-plugin:3.0.0-M1:test (default-test) @ hadoop-ozone-upgrade ---
[INFO] 
[INFO] ----------------< org.apache.hadoop:hadoop-ozone-dist >-----------------
[INFO] Building Apache Hadoop Ozone Distribution 0.4.1-SNAPSHOT         [23/26]
[INFO] --------------------------------[ pom ]---------------------------------
Downloading from apache.snapshots.https: https://repository.apache.org/content/repositories/snapshots/org/apache/hadoop/hadoop-ozone-tools/0.4.1-SNAPSHOT/maven-metadata.xml
Downloading from apache.snapshots.https: https://repository.apache.org/content/repositories/snapshots/org/apache/hadoop/hadoop-ozone-tools/0.4.1-SNAPSHOT/hadoop-ozone-tools-0.4.1-SNAPSHOT.pom
[WARNING] The POM for org.apache.hadoop:hadoop-ozone-tools:jar:0.4.1-SNAPSHOT is missing, no dependency information available
Downloading from apache.snapshots.https: https://repository.apache.org/content/repositories/snapshots/org/apache/hadoop/hadoop-ozone-filesystem-lib-current/0.4.1-SNAPSHOT/maven-metadata.xml
Downloading from apache.snapshots.https: https://repository.apache.org/content/repositories/snapshots/org/apache/hadoop/hadoop-ozone-filesystem-lib-legacy/0.4.1-SNAPSHOT/maven-metadata.xml
Downloading from apache.snapshots.https: https://repository.apache.org/content/repositories/snapshots/org/apache/hadoop/hadoop-ozone-tools/0.4.1-SNAPSHOT/hadoop-ozone-tools-0.4.1-SNAPSHOT.jar
Downloading from apache.snapshots.https: https://repository.apache.org/content/repositories/snapshots/org/apache/hadoop/hadoop-ozone-filesystem-lib-legacy/0.4.1-SNAPSHOT/hadoop-ozone-filesystem-lib-legacy-0.4.1-SNAPSHOT.jar
Downloading from apache.snapshots.https: https://repository.apache.org/content/repositories/snapshots/org/apache/hadoop/hadoop-ozone-filesystem-lib-current/0.4.1-SNAPSHOT/hadoop-ozone-filesystem-lib-current-0.4.1-SNAPSHOT.jar
[INFO] 
[INFO] --------< org.apache.hadoop:hadoop-ozone-fault-injection-test >---------
[INFO] Building Apache Hadoop Ozone Fault Injection Tests 0.4.1-SNAPSHOT [24/26]
[INFO] --------------------------------[ pom ]---------------------------------
[INFO] 
[INFO] --- maven-antrun-plugin:1.7:run (create-testdirs) @ hadoop-ozone-fault-injection-test ---
[INFO] Executing tasks

main:
    [mkdir] Created dir: /workdir/hadoop-ozone/fault-injection-test/target/test-dir
[INFO] Executed tasks
[INFO] 
[INFO] --- maven-remote-resources-plugin:1.5:process (default) @ hadoop-ozone-fault-injection-test ---
[INFO] 
[INFO] ------------< org.apache.hadoop:hadoop-ozone-network-tests >------------
[INFO] Building Apache Hadoop Ozone Network Tests 0.4.1-SNAPSHOT        [25/26]
[INFO] --------------------------------[ jar ]---------------------------------
[INFO] 
[INFO] --- maven-antrun-plugin:1.7:run (create-testdirs) @ hadoop-ozone-network-tests ---
[INFO] Executing tasks

main:
    [mkdir] Created dir: /workdir/hadoop-ozone/fault-injection-test/network-tests/target/test-dir
[INFO] Executed tasks
[INFO] 
[INFO] --- maven-remote-resources-plugin:1.5:process (default) @ hadoop-ozone-network-tests ---
[INFO] 
[INFO] --- maven-resources-plugin:3.1.0:resources (default-resources) @ hadoop-ozone-network-tests ---
[INFO] Using 'UTF-8' encoding to copy filtered resources.
[INFO] skip non existing resourceDirectory /workdir/hadoop-ozone/fault-injection-test/network-tests/src/main/resources
[INFO] Copying 2 resources
[INFO] 
[INFO] --- maven-resources-plugin:3.1.0:copy-resources (copy-resources) @ hadoop-ozone-network-tests ---
[INFO] Using 'UTF-8' encoding to copy filtered resources.
[INFO] Copying 2 resources
[INFO] 
[INFO] --- maven-compiler-plugin:3.1:compile (default-compile) @ hadoop-ozone-network-tests ---
[INFO] No sources to compile
[INFO] 
[INFO] --- maven-resources-plugin:3.1.0:testResources (default-testResources) @ hadoop-ozone-network-tests ---
[INFO] Using 'UTF-8' encoding to copy filtered resources.
[INFO] skip non existing resourceDirectory /workdir/hadoop-ozone/fault-injection-test/network-tests/src/test/resources
[INFO] Copying 2 resources
[INFO] 
[INFO] --- maven-compiler-plugin:3.1:testCompile (default-testCompile) @ hadoop-ozone-network-tests ---
[INFO] No sources to compile
[INFO] 
[INFO] --- maven-surefire-plugin:3.0.0-M1:test (default-test) @ hadoop-ozone-network-tests ---
[INFO] 
[INFO] ----------------< org.apache.hadoop:hadoop-main-ozone >-----------------
[INFO] Building Apache Hadoop Ozone Main 0.4.1-SNAPSHOT                 [26/26]
[INFO] --------------------------------[ pom ]---------------------------------
[INFO] ------------------------------------------------------------------------
[INFO] Reactor Summary:
[INFO] 
[INFO] Apache Hadoop HDDS ................................. SUCCESS [ 28.476 s]
[INFO] Apache Hadoop HDDS Config .......................... SUCCESS [ 11.973 s]
[INFO] Apache Hadoop HDDS Common .......................... SUCCESS [02:41 min]
[INFO] Apache Hadoop HDDS Client .......................... SUCCESS [  3.586 s]
[INFO] Apache Hadoop HDDS Server Framework ................ SUCCESS [ 15.906 s]
[INFO] Apache Hadoop HDDS Container Service ............... FAILURE [01:59 min]
[INFO] Apache Hadoop HDDS/Ozone Documentation ............. SUCCESS [  0.906 s]
[INFO] Apache Hadoop HDDS SCM Server ...................... SUCCESS [04:07 min]
[INFO] Apache Hadoop HDDS Tools ........................... SUCCESS [  1.187 s]
[INFO] Apache Hadoop Ozone ................................ SUCCESS [  0.391 s]
[INFO] Apache Hadoop Ozone Common ......................... SUCCESS [ 25.432 s]
[INFO] Apache Hadoop Ozone Client ......................... SUCCESS [  4.259 s]
[INFO] Apache Hadoop Ozone Manager Server ................. FAILURE [05:26 min]
[INFO] Apache Hadoop Ozone Object Store REST Service ...... SUCCESS [  3.333 s]
[INFO] Apache Hadoop Ozone S3 Gateway ..................... SUCCESS [ 41.789 s]
[INFO] Apache Hadoop Ozone CSI service .................... SUCCESS [  9.179 s]
[INFO] Apache Hadoop Ozone Recon CodeGen .................. SUCCESS [  1.466 s]
[INFO] Apache Hadoop Ozone Recon .......................... SUCCESS [03:29 min]
[INFO] Apache Hadoop Ozone FileSystem Single Jar Library .. FAILURE [  0.950 s]
[INFO] Apache Hadoop Ozone FileSystem Legacy Jar Library .. FAILURE [  0.005 s]
[INFO] Apache Hadoop Ozone Datanode ....................... SUCCESS [  1.885 s]
[INFO] Apache Hadoop Ozone In-Place Upgrade ............... SUCCESS [  2.146 s]
[INFO] Apache Hadoop Ozone Distribution ................... FAILURE [  1.676 s]
[INFO] Apache Hadoop Ozone Fault Injection Tests .......... SUCCESS [  0.065 s]
[INFO] Apache Hadoop Ozone Network Tests .................. SUCCESS [  0.165 s]
[INFO] Apache Hadoop Ozone Main 0.4.1-SNAPSHOT ............ SUCCESS [  0.001 s]
[INFO] ------------------------------------------------------------------------
[INFO] BUILD FAILURE
[INFO] ------------------------------------------------------------------------
[INFO] Total time: 20:33 min
[INFO] Finished at: 2019-09-24T10:10:53Z
[INFO] ------------------------------------------------------------------------
[ERROR] Failed to execute goal org.apache.maven.plugins:maven-surefire-plugin:3.0.0-M1:test (default-test) on project hadoop-hdds-container-service: There are test failures.
[ERROR] 
[ERROR] Please refer to /workdir/hadoop-hdds/container-service/target/surefire-reports for the individual test results.
[ERROR] Please refer to dump files (if any exist) [date].dump, [date]-jvmRun[N].dump and [date].dumpstream.
[ERROR] ExecutionException The forked VM terminated without properly saying goodbye. VM crash or System.exit called?
[ERROR] Command was /bin/sh -c cd /workdir/hadoop-hdds/container-service && /usr/lib/jvm/java-1.8-openjdk/jre/bin/java -Xmx2048m -XX:+HeapDumpOnOutOfMemoryError -jar /workdir/hadoop-hdds/container-service/target/surefire/surefirebooter2179912171719672138.jar /workdir/hadoop-hdds/container-service/target/surefire 2019-09-24T09-51-09_244-jvmRun1 surefire2518997126978841034tmp surefire_134716148740795449320tmp
[ERROR] Error occurred in starting fork, check output in log
[ERROR] Process Exit Code: 139
[ERROR] Crashed tests:
[ERROR] org.apache.hadoop.ozone.container.keyvalue.TestKeyValueContainer
[ERROR] org.apache.maven.surefire.booter.SurefireBooterForkException: ExecutionException The forked VM terminated without properly saying goodbye. VM crash or System.exit called?
[ERROR] Command was /bin/sh -c cd /workdir/hadoop-hdds/container-service && /usr/lib/jvm/java-1.8-openjdk/jre/bin/java -Xmx2048m -XX:+HeapDumpOnOutOfMemoryError -jar /workdir/hadoop-hdds/container-service/target/surefire/surefirebooter2179912171719672138.jar /workdir/hadoop-hdds/container-service/target/surefire 2019-09-24T09-51-09_244-jvmRun1 surefire2518997126978841034tmp surefire_134716148740795449320tmp
[ERROR] Error occurred in starting fork, check output in log
[ERROR] Process Exit Code: 139
[ERROR] Crashed tests:
[ERROR] org.apache.hadoop.ozone.container.keyvalue.TestKeyValueContainer
[ERROR] 	at org.apache.maven.plugin.surefire.booterclient.ForkStarter.awaitResultsDone(ForkStarter.java:511)
[ERROR] 	at org.apache.maven.plugin.surefire.booterclient.ForkStarter.runSuitesForkPerTestSet(ForkStarter.java:458)
[ERROR] 	at org.apache.maven.plugin.surefire.booterclient.ForkStarter.run(ForkStarter.java:299)
[ERROR] 	at org.apache.maven.plugin.surefire.booterclient.ForkStarter.run(ForkStarter.java:247)
[ERROR] 	at org.apache.maven.plugin.surefire.AbstractSurefireMojo.executeProvider(AbstractSurefireMojo.java:1149)
[ERROR] 	at org.apache.maven.plugin.surefire.AbstractSurefireMojo.executeAfterPreconditionsChecked(AbstractSurefireMojo.java:991)
[ERROR] 	at org.apache.maven.plugin.surefire.AbstractSurefireMojo.execute(AbstractSurefireMojo.java:837)
[ERROR] 	at org.apache.maven.plugin.DefaultBuildPluginManager.executeMojo(DefaultBuildPluginManager.java:137)
[ERROR] 	at org.apache.maven.lifecycle.internal.MojoExecutor.execute(MojoExecutor.java:208)
[ERROR] 	at org.apache.maven.lifecycle.internal.MojoExecutor.execute(MojoExecutor.java:154)
[ERROR] 	at org.apache.maven.lifecycle.internal.MojoExecutor.execute(MojoExecutor.java:146)
[ERROR] 	at org.apache.maven.lifecycle.internal.LifecycleModuleBuilder.buildProject(LifecycleModuleBuilder.java:117)
[ERROR] 	at org.apache.maven.lifecycle.internal.LifecycleModuleBuilder.buildProject(LifecycleModuleBuilder.java:81)
[ERROR] 	at org.apache.maven.lifecycle.internal.builder.singlethreaded.SingleThreadedBuilder.build(SingleThreadedBuilder.java:56)
[ERROR] 	at org.apache.maven.lifecycle.internal.LifecycleStarter.execute(LifecycleStarter.java:128)
[ERROR] 	at org.apache.maven.DefaultMaven.doExecute(DefaultMaven.java:305)
[ERROR] 	at org.apache.maven.DefaultMaven.doExecute(DefaultMaven.java:192)
[ERROR] 	at org.apache.maven.DefaultMaven.execute(DefaultMaven.java:105)
[ERROR] 	at org.apache.maven.cli.MavenCli.execute(MavenCli.java:954)
[ERROR] 	at org.apache.maven.cli.MavenCli.doMain(MavenCli.java:288)
[ERROR] 	at org.apache.maven.cli.MavenCli.main(MavenCli.java:192)
[ERROR] 	at sun.reflect.NativeMethodAccessorImpl.invoke0(Native Method)
[ERROR] 	at sun.reflect.NativeMethodAccessorImpl.invoke(NativeMethodAccessorImpl.java:62)
[ERROR] 	at sun.reflect.DelegatingMethodAccessorImpl.invoke(DelegatingMethodAccessorImpl.java:43)
[ERROR] 	at java.lang.reflect.Method.invoke(Method.java:498)
[ERROR] 	at org.codehaus.plexus.classworlds.launcher.Launcher.launchEnhanced(Launcher.java:289)
[ERROR] 	at org.codehaus.plexus.classworlds.launcher.Launcher.launch(Launcher.java:229)
[ERROR] 	at org.codehaus.plexus.classworlds.launcher.Launcher.mainWithExitCode(Launcher.java:415)
[ERROR] 	at org.codehaus.plexus.classworlds.launcher.Launcher.main(Launcher.java:356)
[ERROR] Caused by: org.apache.maven.surefire.booter.SurefireBooterForkException: The forked VM terminated without properly saying goodbye. VM crash or System.exit called?
[ERROR] Command was /bin/sh -c cd /workdir/hadoop-hdds/container-service && /usr/lib/jvm/java-1.8-openjdk/jre/bin/java -Xmx2048m -XX:+HeapDumpOnOutOfMemoryError -jar /workdir/hadoop-hdds/container-service/target/surefire/surefirebooter2179912171719672138.jar /workdir/hadoop-hdds/container-service/target/surefire 2019-09-24T09-51-09_244-jvmRun1 surefire2518997126978841034tmp surefire_134716148740795449320tmp
[ERROR] Error occurred in starting fork, check output in log
[ERROR] Process Exit Code: 139
[ERROR] Crashed tests:
[ERROR] org.apache.hadoop.ozone.container.keyvalue.TestKeyValueContainer
[ERROR] 	at org.apache.maven.plugin.surefire.booterclient.ForkStarter.fork(ForkStarter.java:670)
[ERROR] 	at org.apache.maven.plugin.surefire.booterclient.ForkStarter.access$600(ForkStarter.java:116)
[ERROR] 	at org.apache.maven.plugin.surefire.booterclient.ForkStarter$2.call(ForkStarter.java:445)
[ERROR] 	at org.apache.maven.plugin.surefire.booterclient.ForkStarter$2.call(ForkStarter.java:421)
[ERROR] 	at java.util.concurrent.FutureTask.run(FutureTask.java:266)
[ERROR] 	at java.util.concurrent.ThreadPoolExecutor.runWorker(ThreadPoolExecutor.java:1149)
[ERROR] 	at java.util.concurrent.ThreadPoolExecutor$Worker.run(ThreadPoolExecutor.java:624)
[ERROR] 	at java.lang.Thread.run(Thread.java:748)
[ERROR] 
[ERROR] -> [Help 1]
[ERROR] Failed to execute goal org.apache.maven.plugins:maven-surefire-plugin:3.0.0-M1:test (default-test) on project hadoop-ozone-ozone-manager: There are test failures.
[ERROR] 
[ERROR] Please refer to /workdir/hadoop-ozone/ozone-manager/target/surefire-reports for the individual test results.
[ERROR] Please refer to dump files (if any exist) [date].dump, [date]-jvmRun[N].dump and [date].dumpstream.
[ERROR] -> [Help 2]
[ERROR] Failed to execute goal on project hadoop-ozone-filesystem-lib-current: Could not resolve dependencies for project org.apache.hadoop:hadoop-ozone-filesystem-lib-current:jar:0.4.1-SNAPSHOT: Could not find artifact org.apache.hadoop:hadoop-ozone-filesystem:jar:0.4.1-SNAPSHOT in apache.snapshots.https (https://repository.apache.org/content/repositories/snapshots) -> [Help 3]
[ERROR] Failed to execute goal on project hadoop-ozone-filesystem-lib-legacy: Could not resolve dependencies for project org.apache.hadoop:hadoop-ozone-filesystem-lib-legacy:jar:0.4.1-SNAPSHOT: Failure to find org.apache.hadoop:hadoop-ozone-filesystem:jar:0.4.1-SNAPSHOT in https://repository.apache.org/content/repositories/snapshots was cached in the local repository, resolution will not be reattempted until the update interval of apache.snapshots.https has elapsed or updates are forced -> [Help 3]
[ERROR] Failed to execute goal on project hadoop-ozone-dist: Could not resolve dependencies for project org.apache.hadoop:hadoop-ozone-dist:pom:0.4.1-SNAPSHOT: The following artifacts could not be resolved: org.apache.hadoop:hadoop-ozone-tools:jar:0.4.1-SNAPSHOT, org.apache.hadoop:hadoop-ozone-filesystem-lib-current:jar:0.4.1-SNAPSHOT, org.apache.hadoop:hadoop-ozone-filesystem:jar:0.4.1-SNAPSHOT, org.apache.hadoop:hadoop-ozone-filesystem-lib-legacy:jar:0.4.1-SNAPSHOT: Could not find artifact org.apache.hadoop:hadoop-ozone-tools:jar:0.4.1-SNAPSHOT in apache.snapshots.https (https://repository.apache.org/content/repositories/snapshots) -> [Help 3]
[ERROR] 
[ERROR] To see the full stack trace of the errors, re-run Maven with the -e switch.
[ERROR] Re-run Maven using the -X switch to enable full debug logging.
[ERROR] 
[ERROR] For more information about the errors and possible solutions, please read the following articles:
[ERROR] [Help 1] http://cwiki.apache.org/confluence/display/MAVEN/MojoExecutionException
[ERROR] [Help 2] http://cwiki.apache.org/confluence/display/MAVEN/MojoFailureException
[ERROR] [Help 3] http://cwiki.apache.org/confluence/display/MAVEN/DependencyResolutionException
[ERROR] 
[ERROR] After correcting the problems, you can resume the build with the command
[ERROR]   mvn <goals> -rf :hadoop-hdds-container-service
[INFO] Build failures were ignored.
