# JRE version: OpenJDK Runtime Environment (8.0_212-b04) (build 1.8.0_212-b04)
# Java VM: OpenJDK 64-Bit Server VM (25.212-b04 mixed mode linux-amd64 compressed oops)
Heap:
 PSYoungGen      total 407552K, used 134371K [0x00000000d5580000, 0x0000000100000000, 0x0000000100000000)
  eden space 376320K, 27% used [0x00000000d5580000,0x00000000dba398d0,0x00000000ec500000)
  from space 31232K, 99% used [0x00000000f8d00000,0x00000000fab7f508,0x00000000fab80000)
  to   space 161280K, 0% used [0x00000000ec500000,0x00000000ec500000,0x00000000f6280000)
 ParOldGen       total 1398272K, used 979237K [0x0000000080000000, 0x00000000d5580000, 0x00000000d5580000)
  object space 1398272K, 70% used [0x0000000080000000,0x00000000bbc49428,0x00000000d5580000)
 Metaspace       used 64987K, capacity 67611K, committed 67840K, reserved 1110016K
  class space    used 7426K, capacity 7898K, committed 7936K, reserved 1048576K
GC Heap History (10 events):
Event: 9.505 GC heap before
{Heap before GC invocations=5 (full 2):
 PSYoungGen      total 611840K, used 524800K [0x00000000d5580000, 0x0000000100000000, 0x0000000100000000)
  eden space 524800K, 100% used [0x00000000d5580000,0x00000000f5600000,0x00000000f5600000)
  from space 87040K, 0% used [0x00000000fab00000,0x00000000fab00000,0x0000000100000000)
  to   space 87040K, 0% used [0x00000000f5600000,0x00000000f5600000,0x00000000fab00000)
 ParOldGen       total 1398272K, used 24009K [0x0000000080000000, 0x00000000d5580000, 0x00000000d5580000)
  object space 1398272K, 1% used [0x0000000080000000,0x0000000081772538,0x00000000d5580000)
 Metaspace       used 44687K, capacity 45528K, committed 45568K, reserved 1089536K
  class space    used 5171K, capacity 5360K, committed 5376K, reserved 1048576K
Event: 9.570 GC heap after
Heap after GC invocations=5 (full 2):
 PSYoungGen      total 611840K, used 17126K [0x00000000d5580000, 0x0000000100000000, 0x0000000100000000)
  eden space 524800K, 0% used [0x00000000d5580000,0x00000000d5580000,0x00000000f5600000)
  from space 87040K, 19% used [0x00000000f5600000,0x00000000f66b9a80,0x00000000fab00000)
  to   space 87040K, 0% used [0x00000000fab00000,0x00000000fab00000,0x0000000100000000)
 ParOldGen       total 1398272K, used 24017K [0x0000000080000000, 0x00000000d5580000, 0x00000000d5580000)
  object space 1398272K, 1% used [0x0000000080000000,0x0000000081774538,0x00000000d5580000)
 Metaspace       used 44687K, capacity 45528K, committed 45568K, reserved 1089536K
  class space    used 5171K, capacity 5360K, committed 5376K, reserved 1048576K
}
Event: 12.650 GC heap before
{Heap before GC invocations=6 (full 2):
 PSYoungGen      total 611840K, used 331474K [0x00000000d5580000, 0x0000000100000000, 0x0000000100000000)
  eden space 524800K, 59% used [0x00000000d5580000,0x00000000e887b000,0x00000000f5600000)
  from space 87040K, 19% used [0x00000000f5600000,0x00000000f66b9a80,0x00000000fab00000)
  to   space 87040K, 0% used [0x00000000fab00000,0x00000000fab00000,0x0000000100000000)
 ParOldGen       total 1398272K, used 24017K [0x0000000080000000, 0x00000000d5580000, 0x00000000d5580000)
  object space 1398272K, 1% used [0x0000000080000000,0x0000000081774538,0x00000000d5580000)
 Metaspace       used 57542K, capacity 58877K, committed 59028K, reserved 1101824K
  class space    used 6635K, capacity 6912K, committed 6912K, reserved 1048576K
Event: 12.717 GC heap after
Heap after GC invocations=6 (full 2):
 PSYoungGen      total 611840K, used 30261K [0x00000000d5580000, 0x0000000100000000, 0x0000000100000000)
  eden space 524800K, 0% used [0x00000000d5580000,0x00000000d5580000,0x00000000f5600000)
  from space 87040K, 34% used [0x00000000fab00000,0x00000000fc88d7f0,0x0000000100000000)
  to   space 87040K, 0% used [0x00000000f5600000,0x00000000f5600000,0x00000000fab00000)
 ParOldGen       total 1398272K, used 24025K [0x0000000080000000, 0x00000000d5580000, 0x00000000d5580000)
  object space 1398272K, 1% used [0x0000000080000000,0x0000000081776538,0x00000000d5580000)
 Metaspace       used 57542K, capacity 58877K, committed 59028K, reserved 1101824K
  class space    used 6635K, capacity 6912K, committed 6912K, reserved 1048576K
}
Event: 12.717 GC heap before
{Heap before GC invocations=7 (full 3):
 PSYoungGen      total 611840K, used 30261K [0x00000000d5580000, 0x0000000100000000, 0x0000000100000000)
  eden space 524800K, 0% used [0x00000000d5580000,0x00000000d5580000,0x00000000f5600000)
  from space 87040K, 34% used [0x00000000fab00000,0x00000000fc88d7f0,0x0000000100000000)
  to   space 87040K, 0% used [0x00000000f5600000,0x00000000f5600000,0x00000000fab00000)
 ParOldGen       total 1398272K, used 24025K [0x0000000080000000, 0x00000000d5580000, 0x00000000d5580000)
  object space 1398272K, 1% used [0x0000000080000000,0x0000000081776538,0x00000000d5580000)
 Metaspace       used 57542K, capacity 58877K, committed 59028K, reserved 1101824K
  class space    used 6635K, capacity 6912K, committed 6912K, reserved 1048576K
Event: 13.017 GC heap after
Heap after GC invocations=7 (full 3):
 PSYoungGen      total 611840K, used 0K [0x00000000d5580000, 0x0000000100000000, 0x0000000100000000)
  eden space 524800K, 0% used [0x00000000d5580000,0x00000000d5580000,0x00000000f5600000)
  from space 87040K, 0% used [0x00000000fab00000,0x00000000fab00000,0x0000000100000000)
  to   space 87040K, 0% used [0x00000000f5600000,0x00000000f5600000,0x00000000fab00000)
 ParOldGen       total 1398272K, used 41559K [0x0000000080000000, 0x00000000d5580000, 0x00000000d5580000)
  object space 1398272K, 2% used [0x0000000080000000,0x0000000082895e60,0x00000000d5580000)
 Metaspace       used 57525K, capacity 58837K, committed 59028K, reserved 1101824K
  class space    used 6630K, capacity 6902K, committed 6912K, reserved 1048576K
}
Event: 19.036 GC heap before
{Heap before GC invocations=8 (full 3):
 PSYoungGen      total 611840K, used 332421K [0x00000000d5580000, 0x0000000100000000, 0x0000000100000000)
  eden space 524800K, 63% used [0x00000000d5580000,0x00000000e9a21620,0x00000000f5600000)
  from space 87040K, 0% used [0x00000000fab00000,0x00000000fab00000,0x0000000100000000)
  to   space 87040K, 0% used [0x00000000f5600000,0x00000000f5600000,0x00000000fab00000)
 ParOldGen       total 1398272K, used 41559K [0x0000000080000000, 0x00000000d5580000, 0x00000000d5580000)
  object space 1398272K, 2% used [0x0000000080000000,0x0000000082895e60,0x00000000d5580000)
 Metaspace       used 59820K, capacity 61753K, committed 61824K, reserved 1103872K
  class space    used 6939K, capacity 7291K, committed 7296K, reserved 1048576K
Event: 19.276 GC heap after
Heap after GC invocations=8 (full 3):
 PSYoungGen      total 533504K, used 8560K [0x00000000d5580000, 0x00000000fab80000, 0x0000000100000000)
  eden space 524800K, 0% used [0x00000000d5580000,0x00000000d5580000,0x00000000f5600000)
  from space 8704K, 98% used [0x00000000f5600000,0x00000000f5e5c1c8,0x00000000f5e80000)
  to   space 31232K, 0% used [0x00000000f8d00000,0x00000000f8d00000,0x00000000fab80000)
 ParOldGen       total 1398272K, used 451167K [0x0000000080000000, 0x00000000d5580000, 0x00000000d5580000)
  object space 1398272K, 32% used [0x0000000080000000,0x000000009b897e80,0x00000000d5580000)
 Metaspace       used 59820K, capacity 61753K, committed 61824K, reserved 1103872K
  class space    used 6939K, capacity 7291K, committed 7296K, reserved 1048576K
}
Event: 24.300 GC heap before
{Heap before GC invocations=9 (full 3):
 PSYoungGen      total 533504K, used 532720K [0x00000000d5580000, 0x00000000fab80000, 0x0000000100000000)
  eden space 524800K, 99% used [0x00000000d5580000,0x00000000f55601b8,0x00000000f5600000)
  from space 8704K, 98% used [0x00000000f5600000,0x00000000f5e5c1c8,0x00000000f5e80000)
  to   space 31232K, 0% used [0x00000000f8d00000,0x00000000f8d00000,0x00000000fab80000)
 ParOldGen       total 1398272K, used 758367K [0x0000000080000000, 0x00000000d5580000, 0x00000000d5580000)
  object space 1398272K, 54% used [0x0000000080000000,0x00000000ae497e90,0x00000000d5580000)
 Metaspace       used 64674K, capacity 67199K, committed 67328K, reserved 1107968K
  class space    used 7422K, capacity 7890K, committed 7936K, reserved 1048576K
Event: 24.536 GC heap after
Heap after GC invocations=9 (full 3):
 PSYoungGen      total 407552K, used 31229K [0x00000000d5580000, 0x0000000100000000, 0x0000000100000000)
  eden space 376320K, 0% used [0x00000000d5580000,0x00000000d5580000,0x00000000ec500000)
  from space 31232K, 99% used [0x00000000f8d00000,0x00000000fab7f508,0x00000000fab80000)
  to   space 161280K, 0% used [0x00000000ec500000,0x00000000ec500000,0x00000000f6280000)
 ParOldGen       total 1398272K, used 979237K [0x0000000080000000, 0x00000000d5580000, 0x00000000d5580000)
  object space 1398272K, 70% used [0x0000000080000000,0x00000000bbc49428,0x00000000d5580000)
 Metaspace       used 64674K, capacity 67199K, committed 67328K, reserved 1107968K
  class space    used 7422K, capacity 7890K, committed 7936K, reserved 1048576K
}

