# JRE version: OpenJDK Runtime Environment (8.0_212-b04) (build 1.8.0_212-b04)
# Java VM: OpenJDK 64-Bit Server VM (25.212-b04 mixed mode linux-amd64 compressed oops)
Heap:
 PSYoungGen      total 611840K, used 186967K [0x00000000d5580000, 0x0000000100000000, 0x0000000100000000)
  eden space 524800K, 35% used [0x00000000d5580000,0x00000000e0c15e98,0x00000000f5600000)
  from space 87040K, 0% used [0x00000000f5600000,0x00000000f5600000,0x00000000fab00000)
  to   space 87040K, 0% used [0x00000000fab00000,0x00000000fab00000,0x0000000100000000)
 ParOldGen       total 1398272K, used 39912K [0x0000000080000000, 0x00000000d5580000, 0x00000000d5580000)
  object space 1398272K, 2% used [0x0000000080000000,0x00000000826fa1c8,0x00000000d5580000)
 Metaspace       used 63631K, capacity 65744K, committed 65880K, reserved 1107968K
  class space    used 7358K, capacity 7748K, committed 7808K, reserved 1048576K
GC Heap History (10 events):
Event: 2.426 GC heap before
{Heap before GC invocations=2 (full 1):
 PSYoungGen      total 611840K, used 19146K [0x00000000d5580000, 0x0000000100000000, 0x0000000100000000)
  eden space 524800K, 0% used [0x00000000d5580000,0x00000000d5580000,0x00000000f5600000)
  from space 87040K, 21% used [0x00000000f5600000,0x00000000f68b29f8,0x00000000fab00000)
  to   space 87040K, 0% used [0x00000000fab00000,0x00000000fab00000,0x0000000100000000)
 ParOldGen       total 1398272K, used 8K [0x0000000080000000, 0x00000000d5580000, 0x00000000d5580000)
  object space 1398272K, 0% used [0x0000000080000000,0x0000000080002000,0x00000000d5580000)
 Metaspace       used 20881K, capacity 21096K, committed 21248K, reserved 1069056K
  class space    used 2348K, capacity 2446K, committed 2560K, reserved 1048576K
Event: 2.517 GC heap after
Heap after GC invocations=2 (full 1):
 PSYoungGen      total 611840K, used 0K [0x00000000d5580000, 0x0000000100000000, 0x0000000100000000)
  eden space 524800K, 0% used [0x00000000d5580000,0x00000000d5580000,0x00000000f5600000)
  from space 87040K, 0% used [0x00000000f5600000,0x00000000f5600000,0x00000000fab00000)
  to   space 87040K, 0% used [0x00000000fab00000,0x00000000fab00000,0x0000000100000000)
 ParOldGen       total 858112K, used 18396K [0x0000000080000000, 0x00000000b4600000, 0x00000000d5580000)
  object space 858112K, 2% used [0x0000000080000000,0x00000000811f7138,0x00000000b4600000)
 Metaspace       used 20881K, capacity 21096K, committed 21248K, reserved 1069056K
  class space    used 2348K, capacity 2446K, committed 2560K, reserved 1048576K
}
Event: 4.782 GC heap before
{Heap before GC invocations=3 (full 1):
 PSYoungGen      total 611840K, used 430344K [0x00000000d5580000, 0x0000000100000000, 0x0000000100000000)
  eden space 524800K, 82% used [0x00000000d5580000,0x00000000ef9c2278,0x00000000f5600000)
  from space 87040K, 0% used [0x00000000f5600000,0x00000000f5600000,0x00000000fab00000)
  to   space 87040K, 0% used [0x00000000fab00000,0x00000000fab00000,0x0000000100000000)
 ParOldGen       total 858112K, used 18396K [0x0000000080000000, 0x00000000b4600000, 0x00000000d5580000)
  object space 858112K, 2% used [0x0000000080000000,0x00000000811f7138,0x00000000b4600000)
 Metaspace       used 34767K, capacity 35152K, committed 35416K, reserved 1081344K
  class space    used 3975K, capacity 4102K, committed 4224K, reserved 1048576K
Event: 4.824 GC heap after
Heap after GC invocations=3 (full 1):
 PSYoungGen      total 611840K, used 14441K [0x00000000d5580000, 0x0000000100000000, 0x0000000100000000)
  eden space 524800K, 0% used [0x00000000d5580000,0x00000000d5580000,0x00000000f5600000)
  from space 87040K, 16% used [0x00000000fab00000,0x00000000fb91a628,0x0000000100000000)
  to   space 87040K, 0% used [0x00000000f5600000,0x00000000f5600000,0x00000000fab00000)
 ParOldGen       total 858112K, used 18468K [0x0000000080000000, 0x00000000b4600000, 0x00000000d5580000)
  object space 858112K, 2% used [0x0000000080000000,0x0000000081209148,0x00000000b4600000)
 Metaspace       used 34767K, capacity 35152K, committed 35416K, reserved 1081344K
  class space    used 3975K, capacity 4102K, committed 4224K, reserved 1048576K
}
Event: 4.824 GC heap before
{Heap before GC invocations=4 (full 2):
 PSYoungGen      total 611840K, used 14441K [0x00000000d5580000, 0x0000000100000000, 0x0000000100000000)
  eden space 524800K, 0% used [0x00000000d5580000,0x00000000d5580000,0x00000000f5600000)
  from space 87040K, 16% used [0x00000000fab00000,0x00000000fb91a628,0x0000000100000000)
  to   space 87040K, 0% used [0x00000000f5600000,0x00000000f5600000,0x00000000fab00000)
 ParOldGen       total 858112K, used 18468K [0x0000000080000000, 0x00000000b4600000, 0x00000000d5580000)
  object space 858112K, 2% used [0x0000000080000000,0x0000000081209148,0x00000000b4600000)
 Metaspace       used 34767K, capacity 35152K, committed 35416K, reserved 1081344K
  class space    used 3975K, capacity 4102K, committed 4224K, reserved 1048576K
Event: 4.963 GC heap after
Heap after GC invocations=4 (full 2):
 PSYoungGen      total 611840K, used 0K [0x00000000d5580000, 0x0000000100000000, 0x0000000100000000)
  eden space 524800K, 0% used [0x00000000d5580000,0x00000000d5580000,0x00000000f5600000)
  from space 87040K, 0% used [0x00000000fab00000,0x00000000fab00000,0x0000000100000000)
  to   space 87040K, 0% used [0x00000000f5600000,0x00000000f5600000,0x00000000fab00000)
 ParOldGen       total 1398272K, used 22586K [0x0000000080000000, 0x00000000d5580000, 0x00000000d5580000)
  object space 1398272K, 1% used [0x0000000080000000,0x000000008160e878,0x00000000d5580000)
 Metaspace       used 34767K, capacity 35152K, committed 35416K, reserved 1081344K
  class space    used 3975K, capacity 4102K, committed 4224K, reserved 1048576K
}
Event: 11.278 GC heap before
{Heap before GC invocations=5 (full 2):
 PSYoungGen      total 611840K, used 343111K [0x00000000d5580000, 0x0000000100000000, 0x0000000100000000)
  eden space 524800K, 65% used [0x00000000d5580000,0x00000000ea491cd8,0x00000000f5600000)
  from space 87040K, 0% used [0x00000000fab00000,0x00000000fab00000,0x0000000100000000)
  to   space 87040K, 0% used [0x00000000f5600000,0x00000000f5600000,0x00000000fab00000)
 ParOldGen       total 1398272K, used 22586K [0x0000000080000000, 0x00000000d5580000, 0x00000000d5580000)
  object space 1398272K, 1% used [0x0000000080000000,0x000000008160e878,0x00000000d5580000)
 Metaspace       used 57506K, capacity 58816K, committed 58968K, reserved 1101824K
  class space    used 6711K, capacity 6972K, committed 7040K, reserved 1048576K
Event: 11.338 GC heap after
Heap after GC invocations=5 (full 2):
 PSYoungGen      total 611840K, used 28457K [0x00000000d5580000, 0x0000000100000000, 0x0000000100000000)
  eden space 524800K, 0% used [0x00000000d5580000,0x00000000d5580000,0x00000000f5600000)
  from space 87040K, 32% used [0x00000000f5600000,0x00000000f71ca5f0,0x00000000fab00000)
  to   space 87040K, 0% used [0x00000000fab00000,0x00000000fab00000,0x0000000100000000)
 ParOldGen       total 1398272K, used 22594K [0x0000000080000000, 0x00000000d5580000, 0x00000000d5580000)
  object space 1398272K, 1% used [0x0000000080000000,0x0000000081610878,0x00000000d5580000)
 Metaspace       used 57506K, capacity 58816K, committed 58968K, reserved 1101824K
  class space    used 6711K, capacity 6972K, committed 7040K, reserved 1048576K
}
Event: 11.338 GC heap before
{Heap before GC invocations=6 (full 3):
 PSYoungGen      total 611840K, used 28457K [0x00000000d5580000, 0x0000000100000000, 0x0000000100000000)
  eden space 524800K, 0% used [0x00000000d5580000,0x00000000d5580000,0x00000000f5600000)
  from space 87040K, 32% used [0x00000000f5600000,0x00000000f71ca5f0,0x00000000fab00000)
  to   space 87040K, 0% used [0x00000000fab00000,0x00000000fab00000,0x0000000100000000)
 ParOldGen       total 1398272K, used 22594K [0x0000000080000000, 0x00000000d5580000, 0x00000000d5580000)
  object space 1398272K, 1% used [0x0000000080000000,0x0000000081610878,0x00000000d5580000)
 Metaspace       used 57506K, capacity 58816K, committed 58968K, reserved 1101824K
  class space    used 6711K, capacity 6972K, committed 7040K, reserved 1048576K
Event: 11.563 GC heap after
Heap after GC invocations=6 (full 3):
 PSYoungGen      total 611840K, used 0K [0x00000000d5580000, 0x0000000100000000, 0x0000000100000000)
  eden space 524800K, 0% used [0x00000000d5580000,0x00000000d5580000,0x00000000f5600000)
  from space 87040K, 0% used [0x00000000f5600000,0x00000000f5600000,0x00000000fab00000)
  to   space 87040K, 0% used [0x00000000fab00000,0x00000000fab00000,0x0000000100000000)
 ParOldGen       total 1398272K, used 39912K [0x0000000080000000, 0x00000000d5580000, 0x00000000d5580000)
  object space 1398272K, 2% used [0x0000000080000000,0x00000000826fa1c8,0x00000000d5580000)
 Metaspace       used 57499K, capacity 58802K, committed 58968K, reserved 1101824K
  class space    used 6708K, capacity 6967K, committed 7040K, reserved 1048576K
}

