# JRE version: OpenJDK Runtime Environment (8.0_212-b04) (build 1.8.0_212-b04)
# Java VM: OpenJDK 64-Bit Server VM (25.212-b04 mixed mode linux-amd64 compressed oops)
Heap:
 PSYoungGen      total 611840K, used 86832K [0x00000000d5580000, 0x0000000100000000, 0x0000000100000000)
  eden space 524800K, 10% used [0x00000000d5580000,0x00000000d8ba8c68,0x00000000f5600000)
  from space 87040K, 36% used [0x00000000f5600000,0x00000000f74a34c0,0x00000000fab00000)
  to   space 87040K, 0% used [0x00000000fab00000,0x00000000fab00000,0x0000000100000000)
 ParOldGen       total 1398272K, used 22818K [0x0000000080000000, 0x00000000d5580000, 0x00000000d5580000)
  object space 1398272K, 1% used [0x0000000080000000,0x0000000081648b28,0x00000000d5580000)
 Metaspace       used 55937K, capacity 57466K, committed 57728K, reserved 1099776K
  class space    used 6491K, capacity 6777K, committed 6784K, reserved 1048576K
GC Heap History (10 events):
Event: 7.693 GC heap before
{Heap before GC invocations=1 (full 0):
 PSYoungGen      total 611840K, used 220417K [0x00000000d5580000, 0x0000000100000000, 0x0000000100000000)
  eden space 524800K, 42% used [0x00000000d5580000,0x00000000e2cc05e0,0x00000000f5600000)
  from space 87040K, 0% used [0x00000000fab00000,0x00000000fab00000,0x0000000100000000)
  to   space 87040K, 0% used [0x00000000f5600000,0x00000000f5600000,0x00000000fab00000)
 ParOldGen       total 1398272K, used 0K [0x0000000080000000, 0x00000000d5580000, 0x00000000d5580000)
  object space 1398272K, 0% used [0x0000000080000000,0x0000000080000000,0x00000000d5580000)
 Metaspace       used 20738K, capacity 21002K, committed 21248K, reserved 1069056K
  class space    used 2399K, capacity 2495K, committed 2560K, reserved 1048576K
Event: 7.756 GC heap after
Heap after GC invocations=1 (full 0):
 PSYoungGen      total 611840K, used 17689K [0x00000000d5580000, 0x0000000100000000, 0x0000000100000000)
  eden space 524800K, 0% used [0x00000000d5580000,0x00000000d5580000,0x00000000f5600000)
  from space 87040K, 20% used [0x00000000f5600000,0x00000000f67467e0,0x00000000fab00000)
  to   space 87040K, 0% used [0x00000000fab00000,0x00000000fab00000,0x0000000100000000)
 ParOldGen       total 1398272K, used 8K [0x0000000080000000, 0x00000000d5580000, 0x00000000d5580000)
  object space 1398272K, 0% used [0x0000000080000000,0x0000000080002000,0x00000000d5580000)
 Metaspace       used 20738K, capacity 21002K, committed 21248K, reserved 1069056K
  class space    used 2399K, capacity 2495K, committed 2560K, reserved 1048576K
}
Event: 7.756 GC heap before
{Heap before GC invocations=2 (full 1):
 PSYoungGen      total 611840K, used 17689K [0x00000000d5580000, 0x0000000100000000, 0x0000000100000000)
  eden space 524800K, 0% used [0x00000000d5580000,0x00000000d5580000,0x00000000f5600000)
  from space 87040K, 20% used [0x00000000f5600000,0x00000000f67467e0,0x00000000fab00000)
  to   space 87040K, 0% used [0x00000000fab00000,0x00000000fab00000,0x0000000100000000)
 ParOldGen       total 1398272K, used 8K [0x0000000080000000, 0x00000000d5580000, 0x00000000d5580000)
  object space 1398272K, 0% used [0x0000000080000000,0x0000000080002000,0x00000000d5580000)
 Metaspace       used 20738K, capacity 21002K, committed 21248K, reserved 1069056K
  class space    used 2399K, capacity 2495K, committed 2560K, reserved 1048576K
Event: 7.856 GC heap after
Heap after GC invocations=2 (full 1):
 PSYoungGen      total 611840K, used 0K [0x00000000d5580000, 0x0000000100000000, 0x0000000100000000)
  eden space 524800K, 0% used [0x00000000d5580000,0x00000000d5580000,0x00000000f5600000)
  from space 87040K, 0% used [0x00000000f5600000,0x00000000f5600000,0x00000000fab00000)
  to   space 87040K, 0% used [0x00000000fab00000,0x00000000fab00000,0x0000000100000000)
 ParOldGen       total 865792K, used 17029K [0x0000000080000000, 0x00000000b4d80000, 0x00000000d5580000)
  object space 865792K, 1% used [0x0000000080000000,0x00000000810a1608,0x00000000b4d80000)
 Metaspace       used 20738K, capacity 21002K, committed 21248K, reserved 1069056K
  class space    used 2399K, capacity 2495K, committed 2560K, reserved 1048576K
}
Event: 59.529 GC heap before
{Heap before GC invocations=3 (full 1):
 PSYoungGen      total 611840K, used 417228K [0x00000000d5580000, 0x0000000100000000, 0x0000000100000000)
  eden space 524800K, 79% used [0x00000000d5580000,0x00000000eecf3240,0x00000000f5600000)
  from space 87040K, 0% used [0x00000000f5600000,0x00000000f5600000,0x00000000fab00000)
  to   space 87040K, 0% used [0x00000000fab00000,0x00000000fab00000,0x0000000100000000)
 ParOldGen       total 865792K, used 17029K [0x0000000080000000, 0x00000000b4d80000, 0x00000000d5580000)
  object space 865792K, 1% used [0x0000000080000000,0x00000000810a1608,0x00000000b4d80000)
 Metaspace       used 34569K, capacity 34954K, committed 35416K, reserved 1081344K
  class space    used 3936K, capacity 4057K, committed 4096K, reserved 1048576K
Event: 59.576 GC heap after
Heap after GC invocations=3 (full 1):
 PSYoungGen      total 611840K, used 15072K [0x00000000d5580000, 0x0000000100000000, 0x0000000100000000)
  eden space 524800K, 0% used [0x00000000d5580000,0x00000000d5580000,0x00000000f5600000)
  from space 87040K, 17% used [0x00000000fab00000,0x00000000fb9b80a0,0x0000000100000000)
  to   space 87040K, 0% used [0x00000000f5600000,0x00000000f5600000,0x00000000fab00000)
 ParOldGen       total 865792K, used 17101K [0x0000000080000000, 0x00000000b4d80000, 0x00000000d5580000)
  object space 865792K, 1% used [0x0000000080000000,0x00000000810b3618,0x00000000b4d80000)
 Metaspace       used 34569K, capacity 34954K, committed 35416K, reserved 1081344K
  class space    used 3936K, capacity 4057K, committed 4096K, reserved 1048576K
}
Event: 59.576 GC heap before
{Heap before GC invocations=4 (full 2):
 PSYoungGen      total 611840K, used 15072K [0x00000000d5580000, 0x0000000100000000, 0x0000000100000000)
  eden space 524800K, 0% used [0x00000000d5580000,0x00000000d5580000,0x00000000f5600000)
  from space 87040K, 17% used [0x00000000fab00000,0x00000000fb9b80a0,0x0000000100000000)
  to   space 87040K, 0% used [0x00000000f5600000,0x00000000f5600000,0x00000000fab00000)
 ParOldGen       total 865792K, used 17101K [0x0000000080000000, 0x00000000b4d80000, 0x00000000d5580000)
  object space 865792K, 1% used [0x0000000080000000,0x00000000810b3618,0x00000000b4d80000)
 Metaspace       used 34569K, capacity 34954K, committed 35416K, reserved 1081344K
  class space    used 3936K, capacity 4057K, committed 4096K, reserved 1048576K
Event: 59.671 GC heap after
Heap after GC invocations=4 (full 2):
 PSYoungGen      total 611840K, used 0K [0x00000000d5580000, 0x0000000100000000, 0x0000000100000000)
  eden space 524800K, 0% used [0x00000000d5580000,0x00000000d5580000,0x00000000f5600000)
  from space 87040K, 0% used [0x00000000fab00000,0x00000000fab00000,0x0000000100000000)
  to   space 87040K, 0% used [0x00000000f5600000,0x00000000f5600000,0x00000000fab00000)
 ParOldGen       total 1398272K, used 22810K [0x0000000080000000, 0x00000000d5580000, 0x00000000d5580000)
  object space 1398272K, 1% used [0x0000000080000000,0x0000000081646b28,0x00000000d5580000)
 Metaspace       used 34569K, capacity 34954K, committed 35416K, reserved 1081344K
  class space    used 3936K, capacity 4057K, committed 4096K, reserved 1048576K
}
Event: 134.325 GC heap before
{Heap before GC invocations=5 (full 2):
 PSYoungGen      total 611840K, used 524800K [0x00000000d5580000, 0x0000000100000000, 0x0000000100000000)
  eden space 524800K, 100% used [0x00000000d5580000,0x00000000f5600000,0x00000000f5600000)
  from space 87040K, 0% used [0x00000000fab00000,0x00000000fab00000,0x0000000100000000)
  to   space 87040K, 0% used [0x00000000f5600000,0x00000000f5600000,0x00000000fab00000)
 ParOldGen       total 1398272K, used 22810K [0x0000000080000000, 0x00000000d5580000, 0x00000000d5580000)
  object space 1398272K, 1% used [0x0000000080000000,0x0000000081646b28,0x00000000d5580000)
 Metaspace       used 55866K, capacity 57390K, committed 57472K, reserved 1099776K
  class space    used 6490K, capacity 6775K, committed 6784K, reserved 1048576K
Event: 134.393 GC heap after
Heap after GC invocations=5 (full 2):
 PSYoungGen      total 611840K, used 31373K [0x00000000d5580000, 0x0000000100000000, 0x0000000100000000)
  eden space 524800K, 0% used [0x00000000d5580000,0x00000000d5580000,0x00000000f5600000)
  from space 87040K, 36% used [0x00000000f5600000,0x00000000f74a34c0,0x00000000fab00000)
  to   space 87040K, 0% used [0x00000000fab00000,0x00000000fab00000,0x0000000100000000)
 ParOldGen       total 1398272K, used 22818K [0x0000000080000000, 0x00000000d5580000, 0x00000000d5580000)
  object space 1398272K, 1% used [0x0000000080000000,0x0000000081648b28,0x00000000d5580000)
 Metaspace       used 55866K, capacity 57390K, committed 57472K, reserved 1099776K
  class space    used 6490K, capacity 6775K, committed 6784K, reserved 1048576K
}

