# JRE version: OpenJDK Runtime Environment (8.0_212-b04) (build 1.8.0_212-b04)
# Java VM: OpenJDK 64-Bit Server VM (25.212-b04 mixed mode linux-amd64 compressed oops)
Heap:
 PSYoungGen      total 611840K, used 337743K [0x00000000d5580000, 0x0000000100000000, 0x0000000100000000)
  eden space 524800K, 64% used [0x00000000d5580000,0x00000000e9f53da0,0x00000000f5600000)
  from space 87040K, 0% used [0x00000000f5600000,0x00000000f5600000,0x00000000fab00000)
  to   space 87040K, 0% used [0x00000000fab00000,0x00000000fab00000,0x0000000100000000)
 ParOldGen       total 1398272K, used 43659K [0x0000000080000000, 0x00000000d5580000, 0x00000000d5580000)
  object space 1398272K, 3% used [0x0000000080000000,0x0000000082aa2cc8,0x00000000d5580000)
 Metaspace       used 65807K, capacity 68352K, committed 68480K, reserved 1110016K
  class space    used 7539K, capacity 7986K, committed 8064K, reserved 1048576K
GC Heap History (10 events):
Event: 6.128 GC heap before
{Heap before GC invocations=2 (full 1):
 PSYoungGen      total 611840K, used 14133K [0x00000000d5580000, 0x0000000100000000, 0x0000000100000000)
  eden space 524800K, 0% used [0x00000000d5580000,0x00000000d5580000,0x00000000f5600000)
  from space 87040K, 16% used [0x00000000f5600000,0x00000000f63cd618,0x00000000fab00000)
  to   space 87040K, 0% used [0x00000000fab00000,0x00000000fab00000,0x0000000100000000)
 ParOldGen       total 1398272K, used 80K [0x0000000080000000, 0x00000000d5580000, 0x00000000d5580000)
  object space 1398272K, 0% used [0x0000000080000000,0x0000000080014010,0x00000000d5580000)
 Metaspace       used 20781K, capacity 21016K, committed 21248K, reserved 1069056K
  class space    used 2346K, capacity 2451K, committed 2560K, reserved 1048576K
Event: 6.197 GC heap after
Heap after GC invocations=2 (full 1):
 PSYoungGen      total 611840K, used 0K [0x00000000d5580000, 0x0000000100000000, 0x0000000100000000)
  eden space 524800K, 0% used [0x00000000d5580000,0x00000000d5580000,0x00000000f5600000)
  from space 87040K, 0% used [0x00000000f5600000,0x00000000f5600000,0x00000000fab00000)
  to   space 87040K, 0% used [0x00000000fab00000,0x00000000fab00000,0x0000000100000000)
 ParOldGen       total 860672K, used 13610K [0x0000000080000000, 0x00000000b4880000, 0x00000000d5580000)
  object space 860672K, 1% used [0x0000000080000000,0x0000000080d4a9a0,0x00000000b4880000)
 Metaspace       used 20781K, capacity 21016K, committed 21248K, reserved 1069056K
  class space    used 2346K, capacity 2451K, committed 2560K, reserved 1048576K
}
Event: 28.779 GC heap before
{Heap before GC invocations=3 (full 1):
 PSYoungGen      total 611840K, used 386274K [0x00000000d5580000, 0x0000000100000000, 0x0000000100000000)
  eden space 524800K, 73% used [0x00000000d5580000,0x00000000eceb8a40,0x00000000f5600000)
  from space 87040K, 0% used [0x00000000f5600000,0x00000000f5600000,0x00000000fab00000)
  to   space 87040K, 0% used [0x00000000fab00000,0x00000000fab00000,0x0000000100000000)
 ParOldGen       total 860672K, used 13610K [0x0000000080000000, 0x00000000b4880000, 0x00000000d5580000)
  object space 860672K, 1% used [0x0000000080000000,0x0000000080d4a9a0,0x00000000b4880000)
 Metaspace       used 34673K, capacity 35058K, committed 35416K, reserved 1081344K
  class space    used 3951K, capacity 4065K, committed 4096K, reserved 1048576K
Event: 28.817 GC heap after
Heap after GC invocations=3 (full 1):
 PSYoungGen      total 611840K, used 18751K [0x00000000d5580000, 0x0000000100000000, 0x0000000100000000)
  eden space 524800K, 0% used [0x00000000d5580000,0x00000000d5580000,0x00000000f5600000)
  from space 87040K, 21% used [0x00000000fab00000,0x00000000fbd4fc20,0x0000000100000000)
  to   space 87040K, 0% used [0x00000000f5600000,0x00000000f5600000,0x00000000fab00000)
 ParOldGen       total 860672K, used 13610K [0x0000000080000000, 0x00000000b4880000, 0x00000000d5580000)
  object space 860672K, 1% used [0x0000000080000000,0x0000000080d4a9a0,0x00000000b4880000)
 Metaspace       used 34673K, capacity 35058K, committed 35416K, reserved 1081344K
  class space    used 3951K, capacity 4065K, committed 4096K, reserved 1048576K
}
Event: 28.817 GC heap before
{Heap before GC invocations=4 (full 2):
 PSYoungGen      total 611840K, used 18751K [0x00000000d5580000, 0x0000000100000000, 0x0000000100000000)
  eden space 524800K, 0% used [0x00000000d5580000,0x00000000d5580000,0x00000000f5600000)
  from space 87040K, 21% used [0x00000000fab00000,0x00000000fbd4fc20,0x0000000100000000)
  to   space 87040K, 0% used [0x00000000f5600000,0x00000000f5600000,0x00000000fab00000)
 ParOldGen       total 860672K, used 13610K [0x0000000080000000, 0x00000000b4880000, 0x00000000d5580000)
  object space 860672K, 1% used [0x0000000080000000,0x0000000080d4a9a0,0x00000000b4880000)
 Metaspace       used 34673K, capacity 35058K, committed 35416K, reserved 1081344K
  class space    used 3951K, capacity 4065K, committed 4096K, reserved 1048576K
Event: 28.906 GC heap after
Heap after GC invocations=4 (full 2):
 PSYoungGen      total 611840K, used 0K [0x00000000d5580000, 0x0000000100000000, 0x0000000100000000)
  eden space 524800K, 0% used [0x00000000d5580000,0x00000000d5580000,0x00000000f5600000)
  from space 87040K, 0% used [0x00000000fab00000,0x00000000fab00000,0x0000000100000000)
  to   space 87040K, 0% used [0x00000000f5600000,0x00000000f5600000,0x00000000fab00000)
 ParOldGen       total 1398272K, used 22941K [0x0000000080000000, 0x00000000d5580000, 0x00000000d5580000)
  object space 1398272K, 1% used [0x0000000080000000,0x0000000081667418,0x00000000d5580000)
 Metaspace       used 34673K, capacity 35058K, committed 35416K, reserved 1081344K
  class space    used 3951K, capacity 4065K, committed 4096K, reserved 1048576K
}
Event: 36.826 GC heap before
{Heap before GC invocations=5 (full 2):
 PSYoungGen      total 611840K, used 375935K [0x00000000d5580000, 0x0000000100000000, 0x0000000100000000)
  eden space 524800K, 71% used [0x00000000d5580000,0x00000000ec49fe08,0x00000000f5600000)
  from space 87040K, 0% used [0x00000000fab00000,0x00000000fab00000,0x0000000100000000)
  to   space 87040K, 0% used [0x00000000f5600000,0x00000000f5600000,0x00000000fab00000)
 ParOldGen       total 1398272K, used 22941K [0x0000000080000000, 0x00000000d5580000, 0x00000000d5580000)
  object space 1398272K, 1% used [0x0000000080000000,0x0000000081667418,0x00000000d5580000)
 Metaspace       used 57090K, capacity 58852K, committed 59008K, reserved 1101824K
  class space    used 6660K, capacity 7008K, committed 7040K, reserved 1048576K
Event: 36.898 GC heap after
Heap after GC invocations=5 (full 2):
 PSYoungGen      total 611840K, used 33637K [0x00000000d5580000, 0x0000000100000000, 0x0000000100000000)
  eden space 524800K, 0% used [0x00000000d5580000,0x00000000d5580000,0x00000000f5600000)
  from space 87040K, 38% used [0x00000000f5600000,0x00000000f76d9798,0x00000000fab00000)
  to   space 87040K, 0% used [0x00000000fab00000,0x00000000fab00000,0x0000000100000000)
 ParOldGen       total 1398272K, used 22949K [0x0000000080000000, 0x00000000d5580000, 0x00000000d5580000)
  object space 1398272K, 1% used [0x0000000080000000,0x0000000081669418,0x00000000d5580000)
 Metaspace       used 57090K, capacity 58852K, committed 59008K, reserved 1101824K
  class space    used 6660K, capacity 7008K, committed 7040K, reserved 1048576K
}
Event: 36.898 GC heap before
{Heap before GC invocations=6 (full 3):
 PSYoungGen      total 611840K, used 33637K [0x00000000d5580000, 0x0000000100000000, 0x0000000100000000)
  eden space 524800K, 0% used [0x00000000d5580000,0x00000000d5580000,0x00000000f5600000)
  from space 87040K, 38% used [0x00000000f5600000,0x00000000f76d9798,0x00000000fab00000)
  to   space 87040K, 0% used [0x00000000fab00000,0x00000000fab00000,0x0000000100000000)
 ParOldGen       total 1398272K, used 22949K [0x0000000080000000, 0x00000000d5580000, 0x00000000d5580000)
  object space 1398272K, 1% used [0x0000000080000000,0x0000000081669418,0x00000000d5580000)
 Metaspace       used 57090K, capacity 58852K, committed 59008K, reserved 1101824K
  class space    used 6660K, capacity 7008K, committed 7040K, reserved 1048576K
Event: 37.116 GC heap after
Heap after GC invocations=6 (full 3):
 PSYoungGen      total 611840K, used 0K [0x00000000d5580000, 0x0000000100000000, 0x0000000100000000)
  eden space 524800K, 0% used [0x00000000d5580000,0x00000000d5580000,0x00000000f5600000)
  from space 87040K, 0% used [0x00000000f5600000,0x00000000f5600000,0x00000000fab00000)
  to   space 87040K, 0% used [0x00000000fab00000,0x00000000fab00000,0x0000000100000000)
 ParOldGen       total 1398272K, used 43659K [0x0000000080000000, 0x00000000d5580000, 0x00000000d5580000)
  object space 1398272K, 3% used [0x0000000080000000,0x0000000082aa2cc8,0x00000000d5580000)
 Metaspace       used 57049K, capacity 58742K, committed 59008K, reserved 1101824K
  class space    used 6646K, capacity 6983K, committed 7040K, reserved 1048576K
}

