# JRE version: OpenJDK Runtime Environment (8.0_212-b04) (build 1.8.0_212-b04)
# Java VM: OpenJDK 64-Bit Server VM (25.212-b04 mixed mode linux-amd64 compressed oops)
Heap:
 PSYoungGen      total 611840K, used 144751K [0x00000000d5580000, 0x0000000100000000, 0x0000000100000000)
  eden space 524800K, 27% used [0x00000000d5580000,0x00000000de2dbf20,0x00000000f5600000)
  from space 87040K, 0% used [0x00000000f5600000,0x00000000f5600000,0x00000000fab00000)
  to   space 87040K, 0% used [0x00000000fab00000,0x00000000fab00000,0x0000000100000000)
 ParOldGen       total 1398272K, used 40864K [0x0000000080000000, 0x00000000d5580000, 0x00000000d5580000)
  object space 1398272K, 2% used [0x0000000080000000,0x00000000827e8280,0x00000000d5580000)
 Metaspace       used 62674K, capacity 65134K, committed 65368K, reserved 1107968K
  class space    used 7299K, capacity 7743K, committed 7768K, reserved 1048576K
GC Heap History (10 events):
Event: 1.984 GC heap before
{Heap before GC invocations=2 (full 1):
 PSYoungGen      total 611840K, used 14294K [0x00000000d5580000, 0x0000000100000000, 0x0000000100000000)
  eden space 524800K, 0% used [0x00000000d5580000,0x00000000d5580000,0x00000000f5600000)
  from space 87040K, 16% used [0x00000000f5600000,0x00000000f63f59c8,0x00000000fab00000)
  to   space 87040K, 0% used [0x00000000fab00000,0x00000000fab00000,0x0000000100000000)
 ParOldGen       total 1398272K, used 80K [0x0000000080000000, 0x00000000d5580000, 0x00000000d5580000)
  object space 1398272K, 0% used [0x0000000080000000,0x0000000080014010,0x00000000d5580000)
 Metaspace       used 20813K, capacity 21106K, committed 21248K, reserved 1069056K
  class space    used 2369K, capacity 2482K, committed 2560K, reserved 1048576K
Event: 2.059 GC heap after
Heap after GC invocations=2 (full 1):
 PSYoungGen      total 611840K, used 0K [0x00000000d5580000, 0x0000000100000000, 0x0000000100000000)
  eden space 524800K, 0% used [0x00000000d5580000,0x00000000d5580000,0x00000000f5600000)
  from space 87040K, 0% used [0x00000000f5600000,0x00000000f5600000,0x00000000fab00000)
  to   space 87040K, 0% used [0x00000000fab00000,0x00000000fab00000,0x0000000100000000)
 ParOldGen       total 865792K, used 13730K [0x0000000080000000, 0x00000000b4d80000, 0x00000000d5580000)
  object space 865792K, 1% used [0x0000000080000000,0x0000000080d68b98,0x00000000b4d80000)
 Metaspace       used 20813K, capacity 21106K, committed 21248K, reserved 1069056K
  class space    used 2369K, capacity 2482K, committed 2560K, reserved 1048576K
}
Event: 4.166 GC heap before
{Heap before GC invocations=3 (full 1):
 PSYoungGen      total 611840K, used 434802K [0x00000000d5580000, 0x0000000100000000, 0x0000000100000000)
  eden space 524800K, 82% used [0x00000000d5580000,0x00000000efe1cb28,0x00000000f5600000)
  from space 87040K, 0% used [0x00000000f5600000,0x00000000f5600000,0x00000000fab00000)
  to   space 87040K, 0% used [0x00000000fab00000,0x00000000fab00000,0x0000000100000000)
 ParOldGen       total 865792K, used 13730K [0x0000000080000000, 0x00000000b4d80000, 0x00000000d5580000)
  object space 865792K, 1% used [0x0000000080000000,0x0000000080d68b98,0x00000000b4d80000)
 Metaspace       used 34730K, capacity 35156K, committed 35416K, reserved 1081344K
  class space    used 3975K, capacity 4124K, committed 4184K, reserved 1048576K
Event: 4.206 GC heap after
Heap after GC invocations=3 (full 1):
 PSYoungGen      total 611840K, used 19257K [0x00000000d5580000, 0x0000000100000000, 0x0000000100000000)
  eden space 524800K, 0% used [0x00000000d5580000,0x00000000d5580000,0x00000000f5600000)
  from space 87040K, 22% used [0x00000000fab00000,0x00000000fbdce6c0,0x0000000100000000)
  to   space 87040K, 0% used [0x00000000f5600000,0x00000000f5600000,0x00000000fab00000)
 ParOldGen       total 865792K, used 13738K [0x0000000080000000, 0x00000000b4d80000, 0x00000000d5580000)
  object space 865792K, 1% used [0x0000000080000000,0x0000000080d6ab98,0x00000000b4d80000)
 Metaspace       used 34730K, capacity 35156K, committed 35416K, reserved 1081344K
  class space    used 3975K, capacity 4124K, committed 4184K, reserved 1048576K
}
Event: 4.206 GC heap before
{Heap before GC invocations=4 (full 2):
 PSYoungGen      total 611840K, used 19257K [0x00000000d5580000, 0x0000000100000000, 0x0000000100000000)
  eden space 524800K, 0% used [0x00000000d5580000,0x00000000d5580000,0x00000000f5600000)
  from space 87040K, 22% used [0x00000000fab00000,0x00000000fbdce6c0,0x0000000100000000)
  to   space 87040K, 0% used [0x00000000f5600000,0x00000000f5600000,0x00000000fab00000)
 ParOldGen       total 865792K, used 13738K [0x0000000080000000, 0x00000000b4d80000, 0x00000000d5580000)
  object space 865792K, 1% used [0x0000000080000000,0x0000000080d6ab98,0x00000000b4d80000)
 Metaspace       used 34730K, capacity 35156K, committed 35416K, reserved 1081344K
  class space    used 3975K, capacity 4124K, committed 4184K, reserved 1048576K
Event: 4.308 GC heap after
Heap after GC invocations=4 (full 2):
 PSYoungGen      total 611840K, used 0K [0x00000000d5580000, 0x0000000100000000, 0x0000000100000000)
  eden space 524800K, 0% used [0x00000000d5580000,0x00000000d5580000,0x00000000f5600000)
  from space 87040K, 0% used [0x00000000fab00000,0x00000000fab00000,0x0000000100000000)
  to   space 87040K, 0% used [0x00000000f5600000,0x00000000f5600000,0x00000000fab00000)
 ParOldGen       total 1398272K, used 23560K [0x0000000080000000, 0x00000000d5580000, 0x00000000d5580000)
  object space 1398272K, 1% used [0x0000000080000000,0x00000000817021f0,0x00000000d5580000)
 Metaspace       used 34730K, capacity 35156K, committed 35416K, reserved 1081344K
  class space    used 3975K, capacity 4124K, committed 4184K, reserved 1048576K
}
Event: 10.964 GC heap before
{Heap before GC invocations=5 (full 2):
 PSYoungGen      total 611840K, used 386379K [0x00000000d5580000, 0x0000000100000000, 0x0000000100000000)
  eden space 524800K, 73% used [0x00000000d5580000,0x00000000eced2e38,0x00000000f5600000)
  from space 87040K, 0% used [0x00000000fab00000,0x00000000fab00000,0x0000000100000000)
  to   space 87040K, 0% used [0x00000000f5600000,0x00000000f5600000,0x00000000fab00000)
 ParOldGen       total 1398272K, used 23560K [0x0000000080000000, 0x00000000d5580000, 0x00000000d5580000)
  object space 1398272K, 1% used [0x0000000080000000,0x00000000817021f0,0x00000000d5580000)
 Metaspace       used 57433K, capacity 58872K, committed 58968K, reserved 1101824K
  class space    used 6678K, capacity 6978K, committed 7000K, reserved 1048576K
Event: 11.031 GC heap after
Heap after GC invocations=5 (full 2):
 PSYoungGen      total 611840K, used 30236K [0x00000000d5580000, 0x0000000100000000, 0x0000000100000000)
  eden space 524800K, 0% used [0x00000000d5580000,0x00000000d5580000,0x00000000f5600000)
  from space 87040K, 34% used [0x00000000f5600000,0x00000000f7387310,0x00000000fab00000)
  to   space 87040K, 0% used [0x00000000fab00000,0x00000000fab00000,0x0000000100000000)
 ParOldGen       total 1398272K, used 23568K [0x0000000080000000, 0x00000000d5580000, 0x00000000d5580000)
  object space 1398272K, 1% used [0x0000000080000000,0x00000000817041f0,0x00000000d5580000)
 Metaspace       used 57433K, capacity 58872K, committed 58968K, reserved 1101824K
  class space    used 6678K, capacity 6978K, committed 7000K, reserved 1048576K
}
Event: 11.031 GC heap before
{Heap before GC invocations=6 (full 3):
 PSYoungGen      total 611840K, used 30236K [0x00000000d5580000, 0x0000000100000000, 0x0000000100000000)
  eden space 524800K, 0% used [0x00000000d5580000,0x00000000d5580000,0x00000000f5600000)
  from space 87040K, 34% used [0x00000000f5600000,0x00000000f7387310,0x00000000fab00000)
  to   space 87040K, 0% used [0x00000000fab00000,0x00000000fab00000,0x0000000100000000)
 ParOldGen       total 1398272K, used 23568K [0x0000000080000000, 0x00000000d5580000, 0x00000000d5580000)
  object space 1398272K, 1% used [0x0000000080000000,0x00000000817041f0,0x00000000d5580000)
 Metaspace       used 57433K, capacity 58872K, committed 58968K, reserved 1101824K
  class space    used 6678K, capacity 6978K, committed 7000K, reserved 1048576K
Event: 11.270 GC heap after
Heap after GC invocations=6 (full 3):
 PSYoungGen      total 611840K, used 0K [0x00000000d5580000, 0x0000000100000000, 0x0000000100000000)
  eden space 524800K, 0% used [0x00000000d5580000,0x00000000d5580000,0x00000000f5600000)
  from space 87040K, 0% used [0x00000000f5600000,0x00000000f5600000,0x00000000fab00000)
  to   space 87040K, 0% used [0x00000000fab00000,0x00000000fab00000,0x0000000100000000)
 ParOldGen       total 1398272K, used 40864K [0x0000000080000000, 0x00000000d5580000, 0x00000000d5580000)
  object space 1398272K, 2% used [0x0000000080000000,0x00000000827e8280,0x00000000d5580000)
 Metaspace       used 57406K, capacity 58810K, committed 58968K, reserved 1101824K
  class space    used 6668K, capacity 6961K, committed 7000K, reserved 1048576K
}

