# JRE version: OpenJDK Runtime Environment (8.0_212-b04) (build 1.8.0_212-b04)
# Java VM: OpenJDK 64-Bit Server VM (25.212-b04 mixed mode linux-amd64 compressed oops)
Heap:
 PSYoungGen      total 611840K, used 346361K [0x00000000d5580000, 0x0000000100000000, 0x0000000100000000)
  eden space 524800K, 65% used [0x00000000d5580000,0x00000000ea7be638,0x00000000f5600000)
  from space 87040K, 0% used [0x00000000f5600000,0x00000000f5600000,0x00000000fab00000)
  to   space 87040K, 0% used [0x00000000fab00000,0x00000000fab00000,0x0000000100000000)
 ParOldGen       total 1305600K, used 39116K [0x0000000080000000, 0x00000000cfb00000, 0x00000000d5580000)
  object space 1305600K, 2% used [0x0000000080000000,0x0000000082633070,0x00000000cfb00000)
 Metaspace       used 62879K, capacity 64806K, committed 64896K, reserved 1105920K
  class space    used 7163K, capacity 7549K, committed 7552K, reserved 1048576K
GC Heap History (10 events):
Event: 29.145 GC heap before
{Heap before GC invocations=2 (full 1):
 PSYoungGen      total 611840K, used 14131K [0x00000000d5580000, 0x0000000100000000, 0x0000000100000000)
  eden space 524800K, 0% used [0x00000000d5580000,0x00000000d5580000,0x00000000f5600000)
  from space 87040K, 16% used [0x00000000f5600000,0x00000000f63ccec0,0x00000000fab00000)
  to   space 87040K, 0% used [0x00000000fab00000,0x00000000fab00000,0x0000000100000000)
 ParOldGen       total 1398272K, used 80K [0x0000000080000000, 0x00000000d5580000, 0x00000000d5580000)
  object space 1398272K, 0% used [0x0000000080000000,0x0000000080014010,0x00000000d5580000)
 Metaspace       used 20833K, capacity 21106K, committed 21296K, reserved 1069056K
  class space    used 2351K, capacity 2418K, committed 2432K, reserved 1048576K
Event: 29.215 GC heap after
Heap after GC invocations=2 (full 1):
 PSYoungGen      total 611840K, used 0K [0x00000000d5580000, 0x0000000100000000, 0x0000000100000000)
  eden space 524800K, 0% used [0x00000000d5580000,0x00000000d5580000,0x00000000f5600000)
  from space 87040K, 0% used [0x00000000f5600000,0x00000000f5600000,0x00000000fab00000)
  to   space 87040K, 0% used [0x00000000fab00000,0x00000000fab00000,0x0000000100000000)
 ParOldGen       total 538624K, used 13618K [0x0000000080000000, 0x00000000a0e00000, 0x00000000d5580000)
  object space 538624K, 2% used [0x0000000080000000,0x0000000080d4ca50,0x00000000a0e00000)
 Metaspace       used 20833K, capacity 21106K, committed 21296K, reserved 1069056K
  class space    used 2351K, capacity 2418K, committed 2432K, reserved 1048576K
}
Event: 31.454 GC heap before
{Heap before GC invocations=3 (full 1):
 PSYoungGen      total 611840K, used 447597K [0x00000000d5580000, 0x0000000100000000, 0x0000000100000000)
  eden space 524800K, 85% used [0x00000000d5580000,0x00000000f0a9b648,0x00000000f5600000)
  from space 87040K, 0% used [0x00000000f5600000,0x00000000f5600000,0x00000000fab00000)
  to   space 87040K, 0% used [0x00000000fab00000,0x00000000fab00000,0x0000000100000000)
 ParOldGen       total 538624K, used 13618K [0x0000000080000000, 0x00000000a0e00000, 0x00000000d5580000)
  object space 538624K, 2% used [0x0000000080000000,0x0000000080d4ca50,0x00000000a0e00000)
 Metaspace       used 34778K, capacity 35188K, committed 35496K, reserved 1081344K
  class space    used 3975K, capacity 4092K, committed 4096K, reserved 1048576K
Event: 31.486 GC heap after
Heap after GC invocations=3 (full 1):
 PSYoungGen      total 611840K, used 19339K [0x00000000d5580000, 0x0000000100000000, 0x0000000100000000)
  eden space 524800K, 0% used [0x00000000d5580000,0x00000000d5580000,0x00000000f5600000)
  from space 87040K, 22% used [0x00000000fab00000,0x00000000fbde2da8,0x0000000100000000)
  to   space 87040K, 0% used [0x00000000f5600000,0x00000000f5600000,0x00000000fab00000)
 ParOldGen       total 538624K, used 13626K [0x0000000080000000, 0x00000000a0e00000, 0x00000000d5580000)
  object space 538624K, 2% used [0x0000000080000000,0x0000000080d4ea50,0x00000000a0e00000)
 Metaspace       used 34778K, capacity 35188K, committed 35496K, reserved 1081344K
  class space    used 3975K, capacity 4092K, committed 4096K, reserved 1048576K
}
Event: 31.486 GC heap before
{Heap before GC invocations=4 (full 2):
 PSYoungGen      total 611840K, used 19339K [0x00000000d5580000, 0x0000000100000000, 0x0000000100000000)
  eden space 524800K, 0% used [0x00000000d5580000,0x00000000d5580000,0x00000000f5600000)
  from space 87040K, 22% used [0x00000000fab00000,0x00000000fbde2da8,0x0000000100000000)
  to   space 87040K, 0% used [0x00000000f5600000,0x00000000f5600000,0x00000000fab00000)
 ParOldGen       total 538624K, used 13626K [0x0000000080000000, 0x00000000a0e00000, 0x00000000d5580000)
  object space 538624K, 2% used [0x0000000080000000,0x0000000080d4ea50,0x00000000a0e00000)
 Metaspace       used 34778K, capacity 35188K, committed 35496K, reserved 1081344K
  class space    used 3975K, capacity 4092K, committed 4096K, reserved 1048576K
Event: 31.564 GC heap after
Heap after GC invocations=4 (full 2):
 PSYoungGen      total 611840K, used 0K [0x00000000d5580000, 0x0000000100000000, 0x0000000100000000)
  eden space 524800K, 0% used [0x00000000d5580000,0x00000000d5580000,0x00000000f5600000)
  from space 87040K, 0% used [0x00000000fab00000,0x00000000fab00000,0x0000000100000000)
  to   space 87040K, 0% used [0x00000000f5600000,0x00000000f5600000,0x00000000fab00000)
 ParOldGen       total 915456K, used 23571K [0x0000000080000000, 0x00000000b7e00000, 0x00000000d5580000)
  object space 915456K, 2% used [0x0000000080000000,0x0000000081704e78,0x00000000b7e00000)
 Metaspace       used 34778K, capacity 35188K, committed 35496K, reserved 1081344K
  class space    used 3975K, capacity 4092K, committed 4096K, reserved 1048576K
}
Event: 160.682 GC heap before
{Heap before GC invocations=5 (full 2):
 PSYoungGen      total 611840K, used 444288K [0x00000000d5580000, 0x0000000100000000, 0x0000000100000000)
  eden space 524800K, 84% used [0x00000000d5580000,0x00000000f07603b0,0x00000000f5600000)
  from space 87040K, 0% used [0x00000000fab00000,0x00000000fab00000,0x0000000100000000)
  to   space 87040K, 0% used [0x00000000f5600000,0x00000000f5600000,0x00000000fab00000)
 ParOldGen       total 915456K, used 23571K [0x0000000080000000, 0x00000000b7e00000, 0x00000000d5580000)
  object space 915456K, 2% used [0x0000000080000000,0x0000000081704e78,0x00000000b7e00000)
 Metaspace       used 57530K, capacity 58958K, committed 59160K, reserved 1101824K
  class space    used 6691K, capacity 6969K, committed 7040K, reserved 1048576K
Event: 160.752 GC heap after
Heap after GC invocations=5 (full 2):
 PSYoungGen      total 611840K, used 29098K [0x00000000d5580000, 0x0000000100000000, 0x0000000100000000)
  eden space 524800K, 0% used [0x00000000d5580000,0x00000000d5580000,0x00000000f5600000)
  from space 87040K, 33% used [0x00000000f5600000,0x00000000f726abe8,0x00000000fab00000)
  to   space 87040K, 0% used [0x00000000fab00000,0x00000000fab00000,0x0000000100000000)
 ParOldGen       total 915456K, used 23579K [0x0000000080000000, 0x00000000b7e00000, 0x00000000d5580000)
  object space 915456K, 2% used [0x0000000080000000,0x0000000081706e78,0x00000000b7e00000)
 Metaspace       used 57530K, capacity 58958K, committed 59160K, reserved 1101824K
  class space    used 6691K, capacity 6969K, committed 7040K, reserved 1048576K
}
Event: 160.752 GC heap before
{Heap before GC invocations=6 (full 3):
 PSYoungGen      total 611840K, used 29098K [0x00000000d5580000, 0x0000000100000000, 0x0000000100000000)
  eden space 524800K, 0% used [0x00000000d5580000,0x00000000d5580000,0x00000000f5600000)
  from space 87040K, 33% used [0x00000000f5600000,0x00000000f726abe8,0x00000000fab00000)
  to   space 87040K, 0% used [0x00000000fab00000,0x00000000fab00000,0x0000000100000000)
 ParOldGen       total 915456K, used 23579K [0x0000000080000000, 0x00000000b7e00000, 0x00000000d5580000)
  object space 915456K, 2% used [0x0000000080000000,0x0000000081706e78,0x00000000b7e00000)
 Metaspace       used 57530K, capacity 58958K, committed 59160K, reserved 1101824K
  class space    used 6691K, capacity 6969K, committed 7040K, reserved 1048576K
Event: 160.964 GC heap after
Heap after GC invocations=6 (full 3):
 PSYoungGen      total 611840K, used 0K [0x00000000d5580000, 0x0000000100000000, 0x0000000100000000)
  eden space 524800K, 0% used [0x00000000d5580000,0x00000000d5580000,0x00000000f5600000)
  from space 87040K, 0% used [0x00000000f5600000,0x00000000f5600000,0x00000000fab00000)
  to   space 87040K, 0% used [0x00000000fab00000,0x00000000fab00000,0x0000000100000000)
 ParOldGen       total 1305600K, used 39116K [0x0000000080000000, 0x00000000cfb00000, 0x00000000d5580000)
  object space 1305600K, 2% used [0x0000000080000000,0x0000000082633070,0x00000000cfb00000)
 Metaspace       used 57530K, capacity 58958K, committed 59160K, reserved 1101824K
  class space    used 6691K, capacity 6969K, committed 7040K, reserved 1048576K
}

