rm: cannot remove '/tmp/workdir/hadoop-ozone/dist/target/ozone-0.5.0-SNAPSHOT/compose/result/*': No such file or directory
Executing test in /tmp/workdir/hadoop-ozone/dist/target/ozone-0.5.0-SNAPSHOT/compose/ozonesecure
Removing network ozonesecure_default
Network ozonesecure_default not found.
Creating network "ozonesecure_default" with the default driver
Pulling scm (apache/ozone-runner:20190717-1)...
20190717-1: Pulling from apache/ozone-runner
Digest: sha256:00bb9519e6d236c50761dcc9c668ce7f04a74f160b916bf3baeaa26232389a69
Status: Downloaded newer image for apache/ozone-runner:20190717-1
Building kdc
Step 1/16 : FROM openjdk:8u191-jdk-alpine3.9
8u191-jdk-alpine3.9: Pulling from library/openjdk
Digest: sha256:d2e2716147d1f7fe73b1a9f72a9cff7a7aa92d32eb8de4fffbfddc596e004984
Status: Downloaded newer image for openjdk:8u191-jdk-alpine3.9
 ---> e9ea51023687
Step 2/16 : RUN apk add --update bash ca-certificates openssl krb5-server krb5 && rm -rf /var/cache/apk/* && update-ca-certificates
 ---> Running in 5af34239dba6
fetch http://dl-cdn.alpinelinux.org/alpine/v3.9/main/x86_64/APKINDEX.tar.gz
fetch http://dl-cdn.alpinelinux.org/alpine/v3.9/community/x86_64/APKINDEX.tar.gz
(1/15) Installing ncurses-terminfo-base (6.1_p20190105-r0)
(2/15) Installing ncurses-terminfo (6.1_p20190105-r0)
(3/15) Installing ncurses-libs (6.1_p20190105-r0)
(4/15) Installing readline (7.0.003-r1)
(5/15) Installing bash (4.4.19-r1)
Executing bash-4.4.19-r1.post-install
(6/15) Installing e2fsprogs-libs (1.44.5-r0)
(7/15) Installing krb5 (1.15.5-r0)
(8/15) Installing libev (4.25-r0)
(9/15) Installing libverto-libev (0.3.0-r1)
(10/15) Installing db (5.3.28-r1)
(11/15) Installing libsasl (2.1.27-r1)
(12/15) Installing libldap (2.4.48-r0)
(13/15) Installing krb5-server-ldap (1.15.5-r0)
(14/15) Installing krb5-server (1.15.5-r0)
(15/15) Installing openssl (1.1.1b-r1)
Executing busybox-1.29.3-r10.trigger
OK: 117 MiB in 69 packages
[91mWARNING: ca-certificates.crt does not contain exactly one certificate or CRL: skipping
[0m ---> 194d447c1e36
Step 3/16 : RUN wget -O /usr/local/bin/dumb-init https://github.com/Yelp/dumb-init/releases/download/v1.2.0/dumb-init_1.2.0_amd64
 ---> Running in c3ae18473b03
[91mConnecting to github.com (192.30.255.113:443)
[0m[91mConnecting to github-production-release-asset-2e65be.s3.amazonaws.com (52.216.106.124:443)
[0m[91mdumb-init            100% |********************************| 46400  0:00:00 ETA

[0m ---> 788aae7e68e8
Step 4/16 : RUN chmod +x /usr/local/bin/dumb-init
 ---> Running in 13a839feee62
 ---> 229cbe2374e7
Step 5/16 : RUN wget -O /root/issuer https://github.com/ajayydv/docker/raw/kdc/issuer
 ---> Running in 5baf25906d3c
[91mConnecting to github.com (192.30.255.113:443)
[0m[91mConnecting to raw.githubusercontent.com (151.101.128.133:443)
[0m[91missuer                 6% |**                              |  447k  0:00:13 ETA
[0m[91missuer               100% |********************************| 6586k  0:00:00 ETA

[0m ---> 120e6ec6585b
Step 6/16 : RUN chmod +x /root/issuer
 ---> Running in 7e6ba1feb020
 ---> 470b521a3550
Step 7/16 : WORKDIR /opt
 ---> d68b3a1b7e4c
Step 8/16 : ADD krb5.conf /etc/
 ---> b47530a8d062
Step 9/16 : ADD kadm5.acl /var/lib/krb5kdc/kadm5.acl
 ---> 005e9366de6b
Step 10/16 : RUN kdb5_util create -s -P Welcome1
 ---> Running in 53ed060b0cc5
Loading random data
Initializing database '/var/lib/krb5kdc/principal' for realm 'EXAMPLE.COM',
master key name 'K/M@EXAMPLE.COM'
 ---> ce9a86636325
Step 11/16 : RUN kadmin.local -q "addprinc -randkey admin/admin@EXAMPLE.COM"
 ---> Running in 2fdac173c43d
Authenticating as principal root/admin@EXAMPLE.COM with password.
[91mWARNING: no policy specified for admin/admin@EXAMPLE.COM; defaulting to no policy
[0mPrincipal "admin/admin@EXAMPLE.COM" created.
 ---> 1ecc9bbafbab
Step 12/16 : RUN kadmin.local -q "ktadd -k /tmp/admin.keytab admin/admin@EXAMPLE.COM"
 ---> Running in 604ad2d25960
Authenticating as principal root/admin@EXAMPLE.COM with password.
Entry for principal admin/admin@EXAMPLE.COM with kvno 2, encryption type aes256-cts-hmac-sha1-96 added to keytab WRFILE:/tmp/admin.keytab.
Entry for principal admin/admin@EXAMPLE.COM with kvno 2, encryption type aes128-cts-hmac-sha1-96 added to keytab WRFILE:/tmp/admin.keytab.
 ---> f6075f956bc7
Step 13/16 : ADD launcher.sh .
 ---> b423350bac6c
Step 14/16 : RUN chmod +x /opt/launcher.sh
 ---> Running in 80728c02f34d
 ---> 12bbb37576d3
Step 15/16 : RUN mkdir -p /data
 ---> Running in 362b1b68ca83
 ---> aa7f925d7475
Step 16/16 : ENTRYPOINT ["/usr/local/bin/dumb-init", "--", "/opt/launcher.sh"]
 ---> Running in 31b3f589ee00
 ---> 3267ec8dbeba
Removing intermediate container 80728c02f34d
Removing intermediate container 31b3f589ee00
Removing intermediate container 5af34239dba6
Removing intermediate container 13a839feee62
Removing intermediate container 604ad2d25960
Removing intermediate container e41857efc304
Removing intermediate container 53ed060b0cc5
Removing intermediate container 2fdac173c43d
Removing intermediate container 362b1b68ca83
Removing intermediate container c3ae18473b03
Removing intermediate container 5baf25906d3c
Removing intermediate container 7e6ba1feb020
[Warning] One or more build-args [buildno] were not consumed
Successfully built 3267ec8dbeba
Successfully tagged ozonesecure_kdc:latest
Image for service kdc was built because it did not already exist. To rebuild this image you must use `docker-compose build` or `docker-compose up --build`.
Pulling kms (apache/hadoop:3)...
3: Pulling from apache/hadoop
Digest: sha256:5cba355fd83de1bcce907abaa7f8ac3cfbc2ab74a09785ecdc892392883344f6
Status: Downloaded newer image for apache/hadoop:3
Creating ozonesecure_scm_1 ... 
Creating ozonesecure_kdc_1 ... 
Creating ozonesecure_datanode_1 ... 
Creating ozonesecure_datanode_2 ... 
Creating ozonesecure_datanode_3 ... 
Creating ozonesecure_recon_1    ... 
Creating ozonesecure_s3g_1      ... 
Creating ozonesecure_om_1       ... 
Creating ozonesecure_kms_1      ... 
[6A[2KCreating ozonesecure_datanode_2 ... [32mdone[0m[6B[1A[2KCreating ozonesecure_kms_1      ... [32mdone[0m[1B[7A[2KCreating ozonesecure_datanode_1 ... [32mdone[0m[7B[4A[2KCreating ozonesecure_recon_1    ... [32mdone[0m[4B[9A[2KCreating ozonesecure_scm_1      ... [32mdone[0m[9B[8A[2KCreating ozonesecure_kdc_1      ... [32mdone[0m[8B[3A[2KCreating ozonesecure_s3g_1      ... [32mdone[0m[3B[2A[2KCreating ozonesecure_om_1       ... [32mdone[0m[2B[5A[2KCreating ozonesecure_datanode_3 ... [32mdone[0m[5BNo container found for scm_1
No container found for scm_1
No container found for scm_1
No container found for scm_1
No container found for scm_1
No container found for scm_1
No container found for scm_1
No container found for scm_1
No container found for scm_1
No container found for scm_1
No container found for scm_1
No container found for scm_1
No container found for scm_1
No container found for scm_1
No container found for scm_1
No container found for scm_1
No container found for scm_1
No container found for scm_1
No container found for scm_1
No container found for scm_1
No container found for scm_1
No container found for scm_1
No container found for scm_1
No container found for scm_1
No container found for scm_1
No container found for scm_1
No container found for scm_1
No container found for scm_1
No container found for scm_1
No container found for scm_1
No container found for scm_1
No container found for scm_1
No container found for scm_1
No container found for scm_1
No container found for scm_1
No container found for scm_1
No container found for scm_1
No container found for scm_1
WARNING! Datanodes are not started successfully. Please check the docker-compose files
No container found for scm_1
No container found for scm_1
Error: No such container:path: ozonesecure_scm_1:/tmp/smoketest/ozonesecure/result/robot-ozonesecure-ozonesecure-kinit-scm.xml
No container found for scm_1
No container found for scm_1
Error: No such container:path: ozonesecure_scm_1:/tmp/smoketest/ozonesecure/result/robot-ozonesecure-ozonesecure-basic-scm.xml
No container found for scm_1
No container found for scm_1
Error: No such container:path: ozonesecure_scm_1:/tmp/smoketest/ozonesecure/result/robot-ozonesecure-ozonesecure-security-scm.xml
No container found for scm_1
No container found for scm_1
Error: No such container:path: ozonesecure_scm_1:/tmp/smoketest/ozonesecure/result/robot-ozonesecure-ozonesecure-ozonefs-scm.xml
No container found for s3g_1
No container found for s3g_1
Error: No such container:path: ozonesecure_s3g_1:/tmp/smoketest/ozonesecure/result/robot-ozonesecure-ozonesecure-s3-s3g.xml
Connection pool is full, discarding connection: 0.0.0.0
Stopping ozonesecure_kdc_1 ... 
Stopping ozonesecure_kms_1 ... 
[2A[2KStopping ozonesecure_kdc_1 ... [32mdone[0m[2B[1A[2KStopping ozonesecure_kms_1 ... [32mdone[0m[1BRemoving ozonesecure_recon_1    ... 
Removing ozonesecure_s3g_1      ... 
Removing ozonesecure_datanode_3 ... 
Removing ozonesecure_kdc_1      ... 
Removing ozonesecure_datanode_1 ... 
Removing ozonesecure_om_1       ... 
Removing ozonesecure_datanode_2 ... 
Removing ozonesecure_kms_1      ... 
Removing ozonesecure_scm_1      ... 
[6A[2KRemoving ozonesecure_kdc_1      ... [32mdone[0m[6B[4A[2KRemoving ozonesecure_om_1       ... [32mdone[0m[4B[1A[2KRemoving ozonesecure_scm_1      ... [32mdone[0m[1B[3A[2KRemoving ozonesecure_datanode_2 ... [32mdone[0m[3B[9A[2KRemoving ozonesecure_recon_1    ... [32mdone[0m[9B[2A[2KRemoving ozonesecure_kms_1      ... [32mdone[0m[2B[5A[2KRemoving ozonesecure_datanode_1 ... [32mdone[0m[5B[7A[2KRemoving ozonesecure_datanode_3 ... [32mdone[0m[7B[8A[2KRemoving ozonesecure_s3g_1      ... [32mdone[0m[8BRemoving network ozonesecure_default
[ ERROR ] Reading XML source '/tmp/workdir/hadoop-ozone/dist/target/ozone-0.5.0-SNAPSHOT/compose/ozonesecure/result/robot-*.xml' failed: No such file or directory

Try --help for usage information.
ERROR: Test execution of /tmp/workdir/hadoop-ozone/dist/target/ozone-0.5.0-SNAPSHOT/compose/ozonesecure is FAILED!!!!
cp: cannot stat '/tmp/workdir/hadoop-ozone/dist/target/ozone-0.5.0-SNAPSHOT/compose/ozonesecure/result/robot-*.xml': No such file or directory
Executing test in /tmp/workdir/hadoop-ozone/dist/target/ozone-0.5.0-SNAPSHOT/compose/ozones3-haproxy
Removing network ozones3-haproxy_default
Network ozones3-haproxy_default not found.
Creating network "ozones3-haproxy_default" with the default driver
Pulling s3g (haproxy:latest)...
latest: Pulling from library/haproxy
Digest: sha256:d37aac95f77b680b7a3aad0da89db97ebf1283accae1ea6390487e02d9611979
Status: Downloaded newer image for haproxy:latest
Creating ozones3-haproxy_om_1 ... 
Creating ozones3-haproxy_s3g_1 ... 
Creating ozones3-haproxy_s3g3_1 ... 
Creating ozones3-haproxy_s3g2_1 ... 
Creating ozones3-haproxy_s3g1_1 ... 
Creating ozones3-haproxy_datanode_1 ... 
Creating ozones3-haproxy_datanode_2 ... 
Creating ozones3-haproxy_datanode_3 ... 
Creating ozones3-haproxy_scm_1      ... 
[8A[2KCreating ozones3-haproxy_s3g_1      ... [32mdone[0m[8B[6A[2KCreating ozones3-haproxy_s3g2_1     ... [32mdone[0m[6B[1A[2KCreating ozones3-haproxy_scm_1      ... [32mdone[0m[1B[5A[2KCreating ozones3-haproxy_s3g1_1     ... [32mdone[0m[5B[3A[2KCreating ozones3-haproxy_datanode_2 ... [32mdone[0m[3B[2A[2KCreating ozones3-haproxy_datanode_3 ... [32mdone[0m[2B[9A[2KCreating ozones3-haproxy_om_1       ... [32mdone[0m[9B[7A[2KCreating ozones3-haproxy_s3g3_1     ... [32mdone[0m[7B[4A[2KCreating ozones3-haproxy_datanode_1 ... [32mdone[0m[4BNo container found for scm_1
No container found for scm_1
No container found for scm_1
No container found for scm_1
No container found for scm_1
No container found for scm_1
No container found for scm_1
No container found for scm_1
No container found for scm_1
No container found for scm_1
No container found for scm_1
No container found for scm_1
No container found for scm_1
No container found for scm_1
No container found for scm_1
No container found for scm_1
No container found for scm_1
No container found for scm_1
No container found for scm_1
No container found for scm_1
No container found for scm_1
No container found for scm_1
No container found for scm_1
No container found for scm_1
No container found for scm_1
No container found for scm_1
No container found for scm_1
No container found for scm_1
No container found for scm_1
No container found for scm_1
No container found for scm_1
No container found for scm_1
No container found for scm_1
No container found for scm_1
No container found for scm_1
No container found for scm_1
No container found for scm_1
No container found for scm_1
WARNING! Datanodes are not started successfully. Please check the docker-compose files
No container found for scm_1
No container found for scm_1
Error: No such container:path: ozones3-haproxy_scm_1:/tmp/smoketest/ozones3-haproxy/result/robot-ozones3-haproxy-ozones3-haproxy-basic-scm.xml
Connection pool is full, discarding connection: 0.0.0.0
Connection pool is full, discarding connection: 0.0.0.0
Connection pool is full, discarding connection: 0.0.0.0
Connection pool is full, discarding connection: 0.0.0.0
Connection pool is full, discarding connection: 0.0.0.0
Removing ozones3-haproxy_datanode_2 ... 
Removing ozones3-haproxy_datanode_3 ... 
Removing ozones3-haproxy_s3g1_1     ... 
Removing ozones3-haproxy_s3g3_1     ... 
Removing ozones3-haproxy_datanode_1 ... 
Removing ozones3-haproxy_scm_1      ... 
Removing ozones3-haproxy_s3g2_1     ... 
Removing ozones3-haproxy_s3g_1      ... 
Removing ozones3-haproxy_om_1       ... 
[7A[2KRemoving ozones3-haproxy_s3g1_1     ... [32mdone[0m[7B[3A[2KRemoving ozones3-haproxy_s3g2_1     ... [32mdone[0m[3B[5A[2KRemoving ozones3-haproxy_datanode_1 ... [32mdone[0m[5B[9A[2KRemoving ozones3-haproxy_datanode_2 ... [32mdone[0m[9B[1A[2KRemoving ozones3-haproxy_om_1       ... [32mdone[0m[1B[2A[2KRemoving ozones3-haproxy_s3g_1      ... [32mdone[0m[2B[4A[2KRemoving ozones3-haproxy_scm_1      ... [32mdone[0m[4B[6A[2KRemoving ozones3-haproxy_s3g3_1     ... [32mdone[0m[6B[8A[2KRemoving ozones3-haproxy_datanode_3 ... [32mdone[0m[8BRemoving network ozones3-haproxy_default
[ ERROR ] Reading XML source '/tmp/workdir/hadoop-ozone/dist/target/ozone-0.5.0-SNAPSHOT/compose/ozones3-haproxy/result/robot-*.xml' failed: No such file or directory

Try --help for usage information.
ERROR: Test execution of /tmp/workdir/hadoop-ozone/dist/target/ozone-0.5.0-SNAPSHOT/compose/ozones3-haproxy is FAILED!!!!
cp: cannot stat '/tmp/workdir/hadoop-ozone/dist/target/ozone-0.5.0-SNAPSHOT/compose/ozones3-haproxy/result/robot-*.xml': No such file or directory
Executing test in /tmp/workdir/hadoop-ozone/dist/target/ozone-0.5.0-SNAPSHOT/compose/ozone
Removing network ozone_default
Network ozone_default not found.
Creating network "ozone_default" with the default driver
Creating ozone_datanode_1 ... 
Creating ozone_datanode_2 ... 
Creating ozone_datanode_3 ... 
Creating ozone_om_1       ... 
Creating ozone_scm_1      ... 
[5A[2KCreating ozone_datanode_1 ... [32mdone[0m[5B[3A[2KCreating ozone_datanode_3 ... [32mdone[0m[3B[1A[2KCreating ozone_scm_1      ... [32mdone[0m[1B[2A[2KCreating ozone_om_1       ... [32mdone[0m[2B[4A[2KCreating ozone_datanode_2 ... [32mdone[0m[4BNo container found for scm_1
No container found for scm_1
No container found for scm_1
No container found for scm_1
No container found for scm_1
No container found for scm_1
No container found for scm_1
No container found for scm_1
No container found for scm_1
No container found for scm_1
No container found for scm_1
No container found for scm_1
No container found for scm_1
No container found for scm_1
No container found for scm_1
No container found for scm_1
No container found for scm_1
No container found for scm_1
No container found for scm_1
No container found for scm_1
No container found for scm_1
No container found for scm_1
No container found for scm_1
No container found for scm_1
No container found for scm_1
No container found for scm_1
No container found for scm_1
No container found for scm_1
No container found for scm_1
No container found for scm_1
No container found for scm_1
No container found for scm_1
No container found for scm_1
No container found for scm_1
No container found for scm_1
No container found for scm_1
No container found for scm_1
No container found for scm_1
No container found for scm_1
WARNING! Datanodes are not started successfully. Please check the docker-compose files
No container found for scm_1
No container found for scm_1
Error: No such container:path: ozone_scm_1:/tmp/smoketest/ozone/result/robot-ozone-ozone-basic-scm.xml
Removing ozone_om_1       ... 
Removing ozone_scm_1      ... 
Removing ozone_datanode_2 ... 
Removing ozone_datanode_3 ... 
Removing ozone_datanode_1 ... 
[5A[2KRemoving ozone_om_1       ... [32mdone[0m[5B[2A[2KRemoving ozone_datanode_3 ... [32mdone[0m[2B[3A[2KRemoving ozone_datanode_2 ... [32mdone[0m[3B[4A[2KRemoving ozone_scm_1      ... [32mdone[0m[4B[1A[2KRemoving ozone_datanode_1 ... [32mdone[0m[1BRemoving network ozone_default
[ ERROR ] Reading XML source '/tmp/workdir/hadoop-ozone/dist/target/ozone-0.5.0-SNAPSHOT/compose/ozone/result/robot-*.xml' failed: No such file or directory

Try --help for usage information.
ERROR: Test execution of /tmp/workdir/hadoop-ozone/dist/target/ozone-0.5.0-SNAPSHOT/compose/ozone is FAILED!!!!
cp: cannot stat '/tmp/workdir/hadoop-ozone/dist/target/ozone-0.5.0-SNAPSHOT/compose/ozone/result/robot-*.xml': No such file or directory
Executing test in /tmp/workdir/hadoop-ozone/dist/target/ozone-0.5.0-SNAPSHOT/compose/ozone-topology
Removing network ozone-topology_net
Network ozone-topology_net not found.
Creating network "ozone-topology_net" with driver "bridge"
Creating ozone-topology_datanode_1_1 ... 
Creating ozone-topology_scm_1        ... 
Creating ozone-topology_om_1         ... 
Creating ozone-topology_datanode_3_1 ... 
Creating ozone-topology_datanode_2_1 ... 
Creating ozone-topology_datanode_4_1 ... 
[4A[2KCreating ozone-topology_om_1         ... [32mdone[0m[4B[6A[2KCreating ozone-topology_datanode_1_1 ... [32mdone[0m[6B[2A[2KCreating ozone-topology_datanode_2_1 ... [32mdone[0m[2B[1A[2KCreating ozone-topology_datanode_4_1 ... [32mdone[0m[1B[5A[2KCreating ozone-topology_scm_1        ... [32mdone[0m[5B[3A[2KCreating ozone-topology_datanode_3_1 ... [32mdone[0m[3BNo container found for scm_1
No container found for scm_1
No container found for scm_1
No container found for scm_1
No container found for scm_1
No container found for scm_1
No container found for scm_1
No container found for scm_1
No container found for scm_1
No container found for scm_1
No container found for scm_1
No container found for scm_1
No container found for scm_1
No container found for scm_1
No container found for scm_1
No container found for scm_1
No container found for scm_1
No container found for scm_1
No container found for scm_1
No container found for scm_1
No container found for scm_1
No container found for scm_1
No container found for scm_1
No container found for scm_1
No container found for scm_1
No container found for scm_1
No container found for scm_1
No container found for scm_1
No container found for scm_1
No container found for scm_1
No container found for scm_1
No container found for scm_1
No container found for scm_1
No container found for scm_1
No container found for scm_1
No container found for scm_1
No container found for scm_1
No container found for scm_1
WARNING! Datanodes are not started successfully. Please check the docker-compose files
No container found for scm_1
No container found for scm_1
Error: No such container:path: ozone-topology_scm_1:/tmp/smoketest/ozone-topology/result/robot-ozone-topology-ozone-topology-basic-scm.xml
No container found for scm_1
No container found for scm_1
Error: No such container:path: ozone-topology_scm_1:/tmp/smoketest/ozone-topology/result/robot-ozone-topology-ozone-topology-scmcli-scm.xml
Removing ozone-topology_datanode_2_1 ... 
Removing ozone-topology_datanode_4_1 ... 
Removing ozone-topology_scm_1        ... 
Removing ozone-topology_datanode_3_1 ... 
Removing ozone-topology_om_1         ... 
Removing ozone-topology_datanode_1_1 ... 
[6A[2KRemoving ozone-topology_datanode_2_1 ... [32mdone[0m[6B[3A[2KRemoving ozone-topology_datanode_3_1 ... [32mdone[0m[3B[4A[2KRemoving ozone-topology_scm_1        ... [32mdone[0m[4B[5A[2KRemoving ozone-topology_datanode_4_1 ... [32mdone[0m[5B[2A[2KRemoving ozone-topology_om_1         ... [32mdone[0m[2B[1A[2KRemoving ozone-topology_datanode_1_1 ... [32mdone[0m[1BRemoving network ozone-topology_net
[ ERROR ] Reading XML source '/tmp/workdir/hadoop-ozone/dist/target/ozone-0.5.0-SNAPSHOT/compose/ozone-topology/result/robot-*.xml' failed: No such file or directory

Try --help for usage information.
ERROR: Test execution of /tmp/workdir/hadoop-ozone/dist/target/ozone-0.5.0-SNAPSHOT/compose/ozone-topology is FAILED!!!!
cp: cannot stat '/tmp/workdir/hadoop-ozone/dist/target/ozone-0.5.0-SNAPSHOT/compose/ozone-topology/result/robot-*.xml': No such file or directory
Executing test in /tmp/workdir/hadoop-ozone/dist/target/ozone-0.5.0-SNAPSHOT/compose/ozone-mr/hadoop31
Removing network hadoop31_default
Network hadoop31_default not found.
Creating network "hadoop31_default" with the default driver
Pulling nm (flokkr/hadoop:3.1.2)...
3.1.2: Pulling from flokkr/hadoop
Digest: sha256:aaed24f2f15ef520340c98c99c96c62056e018fdfe4591b8dfdfa8fd50636dc1
Status: Downloaded newer image for flokkr/hadoop:3.1.2
Creating hadoop31_rm_1 ... 
Creating hadoop31_scm_1 ... 
Creating hadoop31_s3g_1 ... 
Creating hadoop31_datanode_1 ... 
Creating hadoop31_datanode_2 ... 
Creating hadoop31_datanode_3 ... 
Creating hadoop31_om_1       ... 
Creating hadoop31_nm_1       ... 
[4A[2KCreating hadoop31_datanode_2 ... [32mdone[0m[4B[6A[2KCreating hadoop31_s3g_1      ... [32mdone[0m[6B[1A[2KCreating hadoop31_nm_1       ... [32mdone[0m[1B[5A[2KCreating hadoop31_datanode_1 ... [32mdone[0m[5B[2A[2KCreating hadoop31_om_1       ... [32mdone[0m[2B[8A[2KCreating hadoop31_rm_1       ... [32mdone[0m[8B[7A[2KCreating hadoop31_scm_1      ... [32mdone[0m[7B[3A[2KCreating hadoop31_datanode_3 ... [32mdone[0m[3BNo container found for scm_1
No container found for scm_1
No container found for scm_1
No container found for scm_1
No container found for scm_1
No container found for scm_1
No container found for scm_1
No container found for scm_1
No container found for scm_1
No container found for scm_1
No container found for scm_1
No container found for scm_1
No container found for scm_1
No container found for scm_1
No container found for scm_1
No container found for scm_1
No container found for scm_1
No container found for scm_1
No container found for scm_1
No container found for scm_1
No container found for scm_1
No container found for scm_1
No container found for scm_1
No container found for scm_1
No container found for scm_1
No container found for scm_1
No container found for scm_1
No container found for scm_1
No container found for scm_1
No container found for scm_1
No container found for scm_1
No container found for scm_1
No container found for scm_1
No container found for scm_1
No container found for scm_1
No container found for scm_1
No container found for scm_1
No container found for scm_1
WARNING! Datanodes are not started successfully. Please check the docker-compose files
No container found for scm_1
No container found for scm_1
Error: No such container:path: hadoop31_scm_1:/tmp/smoketest/hadoop31/result/robot-hadoop31-hadoop31-createmrenv-scm.xml
fetch http://dl-cdn.alpinelinux.org/alpine/v3.8/main/x86_64/APKINDEX.tar.gz
fetch http://dl-cdn.alpinelinux.org/alpine/v3.8/community/x86_64/APKINDEX.tar.gz
(1/7) Installing libbz2 (1.0.6-r7)
(2/7) Installing libffi (3.2.1-r4)
(3/7) Installing gdbm (1.13-r1)
(4/7) Installing sqlite-libs (3.25.3-r1)
(5/7) Installing python2 (2.7.15-r2)
(6/7) Installing py-setuptools (39.1.0-r0)
(7/7) Installing py2-pip (10.0.1-r0)
Executing busybox-1.28.4-r0.trigger
Executing glibc-bin-2.27-r0.trigger
OK: 93 MiB in 45 packages
Collecting robotframework
  Downloading https://files.pythonhosted.org/packages/22/0f/1b9ffa0c4e59789b50e6034866e823b7d4a5c7eaedad7bfd0bba42f2aa9d/robotframework-3.1.2-py2.py3-none-any.whl (602kB)
Installing collected packages: robotframework
Successfully installed robotframework-3.1.2
You are using pip version 10.0.1, however version 19.2.3 is available.
You should consider upgrading via the 'pip install --upgrade pip' command.
[ ERROR ] Parsing '/opt/ozone/smoketest/ozonefs/hadoopo3fs.robot' failed: File or directory to execute does not exist.

Try --help for usage information.
Error: No such container:path: hadoop31_rm_1:/tmp/smoketest/hadoop31/result/robot-hadoop31-hadoop31-hadoopo3fs-rm.xml
[ ERROR ] Parsing '/opt/ozone/smoketest/mapreduce.robot' failed: File or directory to execute does not exist.

Try --help for usage information.
Error: No such container:path: hadoop31_rm_1:/tmp/smoketest/hadoop31/result/robot-hadoop31-hadoop31-mapreduce-rm.xml
Stopping hadoop31_nm_1 ... 
Stopping hadoop31_rm_1 ... 
[2A[2KStopping hadoop31_nm_1 ... [32mdone[0m[2B[1A[2KStopping hadoop31_rm_1 ... [32mdone[0m[1BRemoving hadoop31_nm_1       ... 
Removing hadoop31_datanode_1 ... 
Removing hadoop31_om_1       ... 
Removing hadoop31_datanode_3 ... 
Removing hadoop31_rm_1       ... 
Removing hadoop31_s3g_1      ... 
Removing hadoop31_datanode_2 ... 
Removing hadoop31_scm_1      ... 
[5A[2KRemoving hadoop31_datanode_3 ... [32mdone[0m[5B[2A[2KRemoving hadoop31_datanode_2 ... [32mdone[0m[2B[1A[2KRemoving hadoop31_scm_1      ... [32mdone[0m[1B[4A[2KRemoving hadoop31_rm_1       ... [32mdone[0m[4B[8A[2KRemoving hadoop31_nm_1       ... [32mdone[0m[8B[3A[2KRemoving hadoop31_s3g_1      ... [32mdone[0m[3B[6A[2KRemoving hadoop31_om_1       ... [32mdone[0m[6B[7A[2KRemoving hadoop31_datanode_1 ... [32mdone[0m[7BRemoving network hadoop31_default
[ ERROR ] Reading XML source '/tmp/workdir/hadoop-ozone/dist/target/ozone-0.5.0-SNAPSHOT/compose/ozone-mr/hadoop31/result/robot-*.xml' failed: No such file or directory

Try --help for usage information.
ERROR: Test execution of /tmp/workdir/hadoop-ozone/dist/target/ozone-0.5.0-SNAPSHOT/compose/ozone-mr/hadoop31 is FAILED!!!!
cp: cannot stat '/tmp/workdir/hadoop-ozone/dist/target/ozone-0.5.0-SNAPSHOT/compose/ozone-mr/hadoop31/result/robot-*.xml': No such file or directory
Executing test in /tmp/workdir/hadoop-ozone/dist/target/ozone-0.5.0-SNAPSHOT/compose/ozone-mr/hadoop27
Removing network hadoop27_default
Network hadoop27_default not found.
Creating network "hadoop27_default" with the default driver
Pulling nm (flokkr/hadoop:2.7.7)...
2.7.7: Pulling from flokkr/hadoop
Digest: sha256:594a1cc971f4e91218132f2027617859d4624a55bda01bc43ec07545022ac6c9
Status: Downloaded newer image for flokkr/hadoop:2.7.7
Creating hadoop27_rm_1 ... 
Creating hadoop27_s3g_1 ... 
Creating hadoop27_scm_1 ... 
Creating hadoop27_nm_1  ... 
Creating hadoop27_datanode_1 ... 
Creating hadoop27_datanode_2 ... 
Creating hadoop27_datanode_3 ... 
Creating hadoop27_om_1       ... 
[6A[2KCreating hadoop27_scm_1      ... [32mdone[0m[6B[5A[2KCreating hadoop27_nm_1       ... [32mdone[0m[5B[2A[2KCreating hadoop27_datanode_3 ... [32mdone[0m[2B[3A[2KCreating hadoop27_datanode_2 ... [32mdone[0m[3B[7A[2KCreating hadoop27_s3g_1      ... [32mdone[0m[7B[8A[2KCreating hadoop27_rm_1       ... [32mdone[0m[8B[1A[2KCreating hadoop27_om_1       ... [32mdone[0m[1B[4A[2KCreating hadoop27_datanode_1 ... [32mdone[0m[4BNo container found for scm_1
No container found for scm_1
No container found for scm_1
No container found for scm_1
No container found for scm_1
No container found for scm_1
No container found for scm_1
No container found for scm_1
No container found for scm_1
No container found for scm_1
No container found for scm_1
No container found for scm_1
No container found for scm_1
No container found for scm_1
No container found for scm_1
No container found for scm_1
No container found for scm_1
No container found for scm_1
No container found for scm_1
No container found for scm_1
No container found for scm_1
No container found for scm_1
No container found for scm_1
No container found for scm_1
No container found for scm_1
No container found for scm_1
No container found for scm_1
No container found for scm_1
No container found for scm_1
No container found for scm_1
No container found for scm_1
No container found for scm_1
No container found for scm_1
No container found for scm_1
No container found for scm_1
No container found for scm_1
No container found for scm_1
No container found for scm_1
WARNING! Datanodes are not started successfully. Please check the docker-compose files
No container found for scm_1
No container found for scm_1
Error: No such container:path: hadoop27_scm_1:/tmp/smoketest/hadoop27/result/robot-hadoop27-hadoop27-createmrenv-scm.xml
fetch http://dl-cdn.alpinelinux.org/alpine/v3.8/main/x86_64/APKINDEX.tar.gz
fetch http://dl-cdn.alpinelinux.org/alpine/v3.8/community/x86_64/APKINDEX.tar.gz
(1/7) Installing libbz2 (1.0.6-r7)
(2/7) Installing libffi (3.2.1-r4)
(3/7) Installing gdbm (1.13-r1)
(4/7) Installing sqlite-libs (3.25.3-r1)
(5/7) Installing python2 (2.7.15-r2)
(6/7) Installing py-setuptools (39.1.0-r0)
(7/7) Installing py2-pip (10.0.1-r0)
Executing busybox-1.28.4-r0.trigger
Executing glibc-bin-2.27-r0.trigger
OK: 93 MiB in 45 packages
Collecting robotframework
  Downloading https://files.pythonhosted.org/packages/22/0f/1b9ffa0c4e59789b50e6034866e823b7d4a5c7eaedad7bfd0bba42f2aa9d/robotframework-3.1.2-py2.py3-none-any.whl (602kB)
Installing collected packages: robotframework
Successfully installed robotframework-3.1.2
You are using pip version 10.0.1, however version 19.2.3 is available.
You should consider upgrading via the 'pip install --upgrade pip' command.
[ ERROR ] Parsing '/opt/ozone/smoketest/ozonefs/hadoopo3fs.robot' failed: File or directory to execute does not exist.

Try --help for usage information.
Error: No such container:path: hadoop27_rm_1:/tmp/smoketest/hadoop27/result/robot-hadoop27-hadoop27-hadoopo3fs-rm.xml
[ ERROR ] Parsing '/opt/ozone/smoketest/mapreduce.robot' failed: File or directory to execute does not exist.

Try --help for usage information.
Error: No such container:path: hadoop27_rm_1:/tmp/smoketest/hadoop27/result/robot-hadoop27-hadoop27-mapreduce-rm.xml
Stopping hadoop27_nm_1 ... 
Stopping hadoop27_rm_1 ... 
[2A[2KStopping hadoop27_nm_1 ... [32mdone[0m[2B[1A[2KStopping hadoop27_rm_1 ... [32mdone[0m[1BRemoving hadoop27_datanode_1 ... 
Removing hadoop27_datanode_2 ... 
Removing hadoop27_om_1       ... 
Removing hadoop27_scm_1      ... 
Removing hadoop27_datanode_3 ... 
Removing hadoop27_nm_1       ... 
Removing hadoop27_s3g_1      ... 
Removing hadoop27_rm_1       ... 
[8A[2KRemoving hadoop27_datanode_1 ... [32mdone[0m[8B[3A[2KRemoving hadoop27_nm_1       ... [32mdone[0m[3B[7A[2KRemoving hadoop27_datanode_2 ... [32mdone[0m[7B[1A[2KRemoving hadoop27_rm_1       ... [32mdone[0m[1B[4A[2KRemoving hadoop27_datanode_3 ... [32mdone[0m[4B[2A[2KRemoving hadoop27_s3g_1      ... [32mdone[0m[2B[6A[2KRemoving hadoop27_om_1       ... [32mdone[0m[6B[5A[2KRemoving hadoop27_scm_1      ... [32mdone[0m[5BRemoving network hadoop27_default
[ ERROR ] Reading XML source '/tmp/workdir/hadoop-ozone/dist/target/ozone-0.5.0-SNAPSHOT/compose/ozone-mr/hadoop27/result/robot-*.xml' failed: No such file or directory

Try --help for usage information.
ERROR: Test execution of /tmp/workdir/hadoop-ozone/dist/target/ozone-0.5.0-SNAPSHOT/compose/ozone-mr/hadoop27 is FAILED!!!!
cp: cannot stat '/tmp/workdir/hadoop-ozone/dist/target/ozone-0.5.0-SNAPSHOT/compose/ozone-mr/hadoop27/result/robot-*.xml': No such file or directory
Executing test in /tmp/workdir/hadoop-ozone/dist/target/ozone-0.5.0-SNAPSHOT/compose/ozone-mr/hadoop32
Removing network hadoop32_default
Network hadoop32_default not found.
Creating network "hadoop32_default" with the default driver
Creating hadoop32_scm_1 ... 
Creating hadoop32_om_1  ... 
Creating hadoop32_rm_1  ... 
Creating hadoop32_datanode_1 ... 
Creating hadoop32_datanode_2 ... 
Creating hadoop32_datanode_3 ... 
Creating hadoop32_s3g_1      ... 
Creating hadoop32_nm_1       ... 
[8A[2KCreating hadoop32_scm_1      ... [32mdone[0m[8B[7A[2KCreating hadoop32_om_1       ... [32mdone[0m[7B[6A[2KCreating hadoop32_rm_1       ... [32mdone[0m[6B[4A[2KCreating hadoop32_datanode_2 ... [32mdone[0m[4B[3A[2KCreating hadoop32_datanode_3 ... [32mdone[0m[3B[5A[2KCreating hadoop32_datanode_1 ... [32mdone[0m[5B[1A[2KCreating hadoop32_nm_1       ... [32mdone[0m[1B[2A[2KCreating hadoop32_s3g_1      ... [32mdone[0m[2BNo container found for scm_1
No container found for scm_1
No container found for scm_1
No container found for scm_1
No container found for scm_1
No container found for scm_1
No container found for scm_1
No container found for scm_1
No container found for scm_1
No container found for scm_1
No container found for scm_1
No container found for scm_1
No container found for scm_1
No container found for scm_1
No container found for scm_1
No container found for scm_1
No container found for scm_1
No container found for scm_1
No container found for scm_1
No container found for scm_1
No container found for scm_1
No container found for scm_1
No container found for scm_1
No container found for scm_1
No container found for scm_1
No container found for scm_1
No container found for scm_1
No container found for scm_1
No container found for scm_1
No container found for scm_1
No container found for scm_1
No container found for scm_1
No container found for scm_1
No container found for scm_1
No container found for scm_1
No container found for scm_1
No container found for scm_1
No container found for scm_1
WARNING! Datanodes are not started successfully. Please check the docker-compose files
No container found for scm_1
No container found for scm_1
Error: No such container:path: hadoop32_scm_1:/tmp/smoketest/hadoop32/result/robot-hadoop32-hadoop32-createmrenv-scm.xml
[ ERROR ] Parsing '/opt/ozone/smoketest/ozonefs/hadoopo3fs.robot' failed: Data source does not exist.

Try --help for usage information.
Error: No such container:path: hadoop32_rm_1:/tmp/smoketest/hadoop32/result/robot-hadoop32-hadoop32-hadoopo3fs-rm.xml
[ ERROR ] Parsing '/opt/ozone/smoketest/mapreduce.robot' failed: Data source does not exist.

Try --help for usage information.
Error: No such container:path: hadoop32_rm_1:/tmp/smoketest/hadoop32/result/robot-hadoop32-hadoop32-mapreduce-rm.xml
Connection pool is full, discarding connection: 0.0.0.0
Stopping hadoop32_nm_1 ... 
Stopping hadoop32_rm_1 ... 
[2A[2KStopping hadoop32_nm_1 ... [32mdone[0m[2B[1A[2KStopping hadoop32_rm_1 ... [32mdone[0m[1BRemoving hadoop32_nm_1       ... 
Removing hadoop32_s3g_1      ... 
Removing hadoop32_datanode_3 ... 
Removing hadoop32_datanode_1 ... 
Removing hadoop32_rm_1       ... 
Removing hadoop32_datanode_2 ... 
Removing hadoop32_om_1       ... 
Removing hadoop32_scm_1      ... 
[2A[2KRemoving hadoop32_om_1       ... [32mdone[0m[2B[3A[2KRemoving hadoop32_datanode_2 ... [32mdone[0m[3B[4A[2KRemoving hadoop32_rm_1       ... [32mdone[0m[4B[8A[2KRemoving hadoop32_nm_1       ... [32mdone[0m[8B[5A[2KRemoving hadoop32_datanode_1 ... [32mdone[0m[5B[7A[2KRemoving hadoop32_s3g_1      ... [32mdone[0m[7B[6A[2KRemoving hadoop32_datanode_3 ... [32mdone[0m[6B[1A[2KRemoving hadoop32_scm_1      ... [32mdone[0m[1BRemoving network hadoop32_default
[ ERROR ] Reading XML source '/tmp/workdir/hadoop-ozone/dist/target/ozone-0.5.0-SNAPSHOT/compose/ozone-mr/hadoop32/result/robot-*.xml' failed: No such file or directory

Try --help for usage information.
ERROR: Test execution of /tmp/workdir/hadoop-ozone/dist/target/ozone-0.5.0-SNAPSHOT/compose/ozone-mr/hadoop32 is FAILED!!!!
cp: cannot stat '/tmp/workdir/hadoop-ozone/dist/target/ozone-0.5.0-SNAPSHOT/compose/ozone-mr/hadoop32/result/robot-*.xml': No such file or directory
Executing test in /tmp/workdir/hadoop-ozone/dist/target/ozone-0.5.0-SNAPSHOT/compose/ozones3
Removing network ozones3_default
Network ozones3_default not found.
Creating network "ozones3_default" with the default driver
Creating ozones3_scm_1 ... 
Creating ozones3_om_1  ... 
Creating ozones3_datanode_1 ... 
Creating ozones3_datanode_2 ... 
Creating ozones3_datanode_3 ... 
Creating ozones3_s3g_1      ... 
[6A[2KCreating ozones3_scm_1      ... [32mdone[0m[6B[5A[2KCreating ozones3_om_1       ... [32mdone[0m[5B[4A[2KCreating ozones3_datanode_1 ... [32mdone[0m[4B[1A[2KCreating ozones3_s3g_1      ... [32mdone[0m[1B[2A[2KCreating ozones3_datanode_3 ... [32mdone[0m[2B[3A[2KCreating ozones3_datanode_2 ... [32mdone[0m[3BNo container found for scm_1
No container found for scm_1
No container found for scm_1
No container found for scm_1
No container found for scm_1
No container found for scm_1
No container found for scm_1
No container found for scm_1
No container found for scm_1
No container found for scm_1
No container found for scm_1
No container found for scm_1
No container found for scm_1
No container found for scm_1
No container found for scm_1
No container found for scm_1
No container found for scm_1
No container found for scm_1
No container found for scm_1
No container found for scm_1
No container found for scm_1
No container found for scm_1
No container found for scm_1
No container found for scm_1
No container found for scm_1
No container found for scm_1
No container found for scm_1
No container found for scm_1
No container found for scm_1
No container found for scm_1
No container found for scm_1
No container found for scm_1
No container found for scm_1
No container found for scm_1
No container found for scm_1
No container found for scm_1
No container found for scm_1
No container found for scm_1
WARNING! Datanodes are not started successfully. Please check the docker-compose files
No container found for scm_1
No container found for scm_1
Error: No such container:path: ozones3_scm_1:/tmp/smoketest/ozones3/result/robot-ozones3-ozones3-basic-scm.xml
No container found for scm_1
No container found for scm_1
Error: No such container:path: ozones3_scm_1:/tmp/smoketest/ozones3/result/robot-ozones3-ozones3-s3-scm.xml
Removing ozones3_datanode_3 ... 
Removing ozones3_s3g_1      ... 
Removing ozones3_datanode_2 ... 
Removing ozones3_datanode_1 ... 
Removing ozones3_om_1       ... 
Removing ozones3_scm_1      ... 
[1A[2KRemoving ozones3_scm_1      ... [32mdone[0m[1B[6A[2KRemoving ozones3_datanode_3 ... [32mdone[0m[6B[3A[2KRemoving ozones3_datanode_1 ... [32mdone[0m[3B[5A[2KRemoving ozones3_s3g_1      ... [32mdone[0m[5B[4A[2KRemoving ozones3_datanode_2 ... [32mdone[0m[4B[2A[2KRemoving ozones3_om_1       ... [32mdone[0m[2BRemoving network ozones3_default
[ ERROR ] Reading XML source '/tmp/workdir/hadoop-ozone/dist/target/ozone-0.5.0-SNAPSHOT/compose/ozones3/result/robot-*.xml' failed: No such file or directory

Try --help for usage information.
ERROR: Test execution of /tmp/workdir/hadoop-ozone/dist/target/ozone-0.5.0-SNAPSHOT/compose/ozones3 is FAILED!!!!
cp: cannot stat '/tmp/workdir/hadoop-ozone/dist/target/ozone-0.5.0-SNAPSHOT/compose/ozones3/result/robot-*.xml': No such file or directory
Executing test in /tmp/workdir/hadoop-ozone/dist/target/ozone-0.5.0-SNAPSHOT/compose/ozoneperf
Removing network ozoneperf_default
Network ozoneperf_default not found.
Creating network "ozoneperf_default" with the default driver
Pulling jaeger (jaegertracing/all-in-one:latest)...
latest: Pulling from jaegertracing/all-in-one
Digest: sha256:32b582a7a6a462ea28b90ebd20f97cf314523d02e5c061b2e01917f221a6896d
Status: Downloaded newer image for jaegertracing/all-in-one:latest
Pulling grafana (grafana/grafana:)...
latest: Pulling from grafana/grafana
Digest: sha256:308be67d578c1603901fc12a544aa3968ee5cde572d478c84a96783cdeeef983
Status: Downloaded newer image for grafana/grafana:latest
Pulling prometheus (prom/prometheus:)...
latest: Pulling from prom/prometheus
Digest: sha256:cd93b8711bb92eb9c437d74217311519e0a93bc55779aa664325dc83cd13cb32
Status: Downloaded newer image for prom/prometheus:latest
Creating ozoneperf_prometheus_1 ... 
Creating ozoneperf_freon_1      ... 
Creating ozoneperf_scm_1        ... 
Creating ozoneperf_jaeger_1     ... 
Creating ozoneperf_om_1         ... 
Creating ozoneperf_datanode_1   ... 
Creating ozoneperf_datanode_2   ... 
Creating ozoneperf_datanode_3   ... 
Creating ozoneperf_grafana_1    ... 
Creating ozoneperf_s3g_1        ... 
[10A[2KCreating ozoneperf_prometheus_1 ... [32mdone[0m[10B[7A[2KCreating ozoneperf_jaeger_1     ... [32mdone[0m[7B[8A[2KCreating ozoneperf_scm_1        ... [32mdone[0m[8B[4A[2KCreating ozoneperf_datanode_2   ... [32mdone[0m[4B[9A[2KCreating ozoneperf_freon_1      ... [32mdone[0m[9B[2A[2KCreating ozoneperf_grafana_1    ... [31merror[0m[2B
ERROR: for ozoneperf_grafana_1  Cannot start service grafana: oci runtime error: container_linux.go:295: starting container process caused "process_linux.go:399: container init caused \"rootfs_linux.go:57: mounting \\\"/tmp/workdir/hadoop-ozone/dist/target/ozone-0.5.0-SNAPSHOT/compose/common/grafana/conf/grafana.ini\\\" to rootfs \\\"/var/lib/docker/overlay/e86c09b090a31c6e0fdaf0909fae2f6d1893e590c5e25a29f212e103ec9132f6/merged\\\" at \\\"/var/lib/docker/overlay/e86c09b090a31c6e0fdaf0909fae2f6d1893e590c5e25a29f212e103ec9132f6/merged/etc/grafana/grafana.ini\\\" caused \\\"not a directory\\\"\""
: Are you trying to mount a directory onto a file (or vice-versa)? Check if the specified host path exists and is the expected type
[3A[2KCreating ozoneperf_datanode_3   ... [32mdone[0m[3B[1A[2KCreating ozoneperf_s3g_1        ... [32mdone[0m[1B[5A[2KCreating ozoneperf_datanode_1   ... [32mdone[0m[5B[6A[2KCreating ozoneperf_om_1         ... [32mdone[0m[6B
ERROR: for grafana  Cannot start service grafana: oci runtime error: container_linux.go:295: starting container process caused "process_linux.go:399: container init caused \"rootfs_linux.go:57: mounting \\\"/tmp/workdir/hadoop-ozone/dist/target/ozone-0.5.0-SNAPSHOT/compose/common/grafana/conf/grafana.ini\\\" to rootfs \\\"/var/lib/docker/overlay/e86c09b090a31c6e0fdaf0909fae2f6d1893e590c5e25a29f212e103ec9132f6/merged\\\" at \\\"/var/lib/docker/overlay/e86c09b090a31c6e0fdaf0909fae2f6d1893e590c5e25a29f212e103ec9132f6/merged/etc/grafana/grafana.ini\\\" caused \\\"not a directory\\\"\""
: Are you trying to mount a directory onto a file (or vice-versa)? Check if the specified host path exists and is the expected type
Encountered errors while bringing up the project.
Stopping ozoneperf_s3g_1      ... 
Stopping ozoneperf_om_1       ... 
Stopping ozoneperf_datanode_1 ... 
Stopping ozoneperf_jaeger_1   ... 
[3A[2KStopping ozoneperf_om_1       ... [32mdone[0m[3B[4A[2KStopping ozoneperf_s3g_1      ... [32mdone[0m[4B[2A[2KStopping ozoneperf_datanode_1 ... [32mdone[0m[2B[1A[2KStopping ozoneperf_jaeger_1   ... [32mdone[0m[1BRemoving ozoneperf_s3g_1        ... 
Removing ozoneperf_grafana_1    ... 
Removing ozoneperf_datanode_3   ... 
Removing ozoneperf_om_1         ... 
Removing ozoneperf_freon_1      ... 
Removing ozoneperf_datanode_2   ... 
Removing ozoneperf_datanode_1   ... 
Removing ozoneperf_scm_1        ... 
Removing ozoneperf_jaeger_1     ... 
Removing ozoneperf_prometheus_1 ... 
[10A[2KRemoving ozoneperf_s3g_1        ... [32mdone[0m[10B[7A[2KRemoving ozoneperf_om_1         ... [32mdone[0m[7B[1A[2KRemoving ozoneperf_prometheus_1 ... [32mdone[0m[1B[2A[2KRemoving ozoneperf_jaeger_1     ... [32mdone[0m[2B[6A[2KRemoving ozoneperf_freon_1      ... [32mdone[0m[6B[5A[2KRemoving ozoneperf_datanode_2   ... [32mdone[0m[5B[9A[2KRemoving ozoneperf_grafana_1    ... [32mdone[0m[9B[4A[2KRemoving ozoneperf_datanode_1   ... [32mdone[0m[4B[8A[2KRemoving ozoneperf_datanode_3   ... [32mdone[0m[8B[3A[2KRemoving ozoneperf_scm_1        ... [32mdone[0m[3BRemoving network ozoneperf_default
ERROR: Test execution of /tmp/workdir/hadoop-ozone/dist/target/ozone-0.5.0-SNAPSHOT/compose/ozoneperf is FAILED!!!!
cp: cannot stat '/tmp/workdir/hadoop-ozone/dist/target/ozone-0.5.0-SNAPSHOT/compose/ozoneperf/result/robot-*.xml': No such file or directory
Executing test in /tmp/workdir/hadoop-ozone/dist/target/ozone-0.5.0-SNAPSHOT/compose/ozone-recon
Removing network ozone-recon_default
Network ozone-recon_default not found.
Creating network "ozone-recon_default" with the default driver
Creating ozone-recon_recon_1 ... 
Creating ozone-recon_scm_1   ... 
Creating ozone-recon_om_1    ... 
Creating ozone-recon_datanode_1 ... 
Creating ozone-recon_datanode_2 ... 
Creating ozone-recon_datanode_3 ... 
[6A[2KCreating ozone-recon_recon_1    ... [32mdone[0m[6B[4A[2KCreating ozone-recon_om_1       ... [32mdone[0m[4B[1A[2KCreating ozone-recon_datanode_3 ... [32mdone[0m[1B[2A[2KCreating ozone-recon_datanode_2 ... [32mdone[0m[2B[5A[2KCreating ozone-recon_scm_1      ... [32mdone[0m[5B[3A[2KCreating ozone-recon_datanode_1 ... [32mdone[0m[3BError response from daemon: Container 988827685d4deb952f892074f267181d6296bd238ee989531a9d869c7876210f is not running
No container found for scm_1
No container found for scm_1
No container found for scm_1
No container found for scm_1
No container found for scm_1
No container found for scm_1
No container found for scm_1
No container found for scm_1
No container found for scm_1
No container found for scm_1
No container found for scm_1
No container found for scm_1
No container found for scm_1
No container found for scm_1
No container found for scm_1
No container found for scm_1
No container found for scm_1
No container found for scm_1
No container found for scm_1
No container found for scm_1
No container found for scm_1
No container found for scm_1
No container found for scm_1
No container found for scm_1
No container found for scm_1
No container found for scm_1
No container found for scm_1
No container found for scm_1
No container found for scm_1
No container found for scm_1
No container found for scm_1
No container found for scm_1
No container found for scm_1
No container found for scm_1
No container found for scm_1
No container found for scm_1
No container found for scm_1
WARNING! Datanodes are not started successfully. Please check the docker-compose files
No container found for scm_1
No container found for scm_1
Error: No such container:path: ozone-recon_scm_1:/tmp/smoketest/ozone-recon/result/robot-ozone-recon-ozone-recon-basic-scm.xml
Removing ozone-recon_scm_1      ... 
Removing ozone-recon_datanode_1 ... 
Removing ozone-recon_datanode_2 ... 
Removing ozone-recon_datanode_3 ... 
Removing ozone-recon_om_1       ... 
Removing ozone-recon_recon_1    ... 
[5A[2KRemoving ozone-recon_datanode_1 ... [32mdone[0m[5B[4A[2KRemoving ozone-recon_datanode_2 ... [32mdone[0m[4B[1A[2KRemoving ozone-recon_recon_1    ... [32mdone[0m[1B[3A[2KRemoving ozone-recon_datanode_3 ... [32mdone[0m[3B[2A[2KRemoving ozone-recon_om_1       ... [32mdone[0m[2B[6A[2KRemoving ozone-recon_scm_1      ... [32mdone[0m[6BRemoving network ozone-recon_default
[ ERROR ] Reading XML source '/tmp/workdir/hadoop-ozone/dist/target/ozone-0.5.0-SNAPSHOT/compose/ozone-recon/result/robot-*.xml' failed: No such file or directory

Try --help for usage information.
ERROR: Test execution of /tmp/workdir/hadoop-ozone/dist/target/ozone-0.5.0-SNAPSHOT/compose/ozone-recon is FAILED!!!!
cp: cannot stat '/tmp/workdir/hadoop-ozone/dist/target/ozone-0.5.0-SNAPSHOT/compose/ozone-recon/result/robot-*.xml': No such file or directory
[ ERROR ] Reading XML source '/tmp/workdir/hadoop-ozone/dist/target/ozone-0.5.0-SNAPSHOT/compose/result/robot-*.xml' failed: No such file or directory

Try --help for usage information.
cp: cannot stat 'result/*': No such file or directory
cp: cannot stat '/tmp/log/pr/pr-hdds-2136-chhj8/acceptance/log.html': No such file or directory
