# JRE version: OpenJDK Runtime Environment (8.0_212-b04) (build 1.8.0_212-b04)
# Java VM: OpenJDK 64-Bit Server VM (25.212-b04 mixed mode linux-amd64 compressed oops)
Heap:
 PSYoungGen      total 588800K, used 210907K [0x00000000d5580000, 0x00000000fbe00000, 0x0000000100000000)
  eden space 524800K, 28% used [0x00000000d5580000,0x00000000de514588,0x00000000f5600000)
  from space 64000K, 99% used [0x00000000f5600000,0x00000000f9462978,0x00000000f9480000)
  to   space 42496K, 0% used [0x00000000f9480000,0x00000000f9480000,0x00000000fbe00000)
 ParOldGen       total 1398272K, used 32459K [0x0000000080000000, 0x00000000d5580000, 0x00000000d5580000)
  object space 1398272K, 2% used [0x0000000080000000,0x0000000081fb2c98,0x00000000d5580000)
 Metaspace       used 77081K, capacity 80134K, committed 80256K, reserved 1120256K
  class space    used 8973K, capacity 9541K, committed 9600K, reserved 1048576K
GC Heap History (10 events):
Event: 4.751 GC heap before
{Heap before GC invocations=4 (full 2):
 PSYoungGen      total 611840K, used 19477K [0x00000000d5580000, 0x0000000100000000, 0x0000000100000000)
  eden space 524800K, 0% used [0x00000000d5580000,0x00000000d5580000,0x00000000f5600000)
  from space 87040K, 22% used [0x00000000fab00000,0x00000000fbe054c0,0x0000000100000000)
  to   space 87040K, 0% used [0x00000000f5600000,0x00000000f5600000,0x00000000fab00000)
 ParOldGen       total 896000K, used 13508K [0x0000000080000000, 0x00000000b6b00000, 0x00000000d5580000)
  object space 896000K, 1% used [0x0000000080000000,0x0000000080d31050,0x00000000b6b00000)
 Metaspace       used 34724K, capacity 35018K, committed 35416K, reserved 1081344K
  class space    used 4190K, capacity 4289K, committed 4352K, reserved 1048576K
Event: 4.897 GC heap after
Heap after GC invocations=4 (full 2):
 PSYoungGen      total 611840K, used 0K [0x00000000d5580000, 0x0000000100000000, 0x0000000100000000)
  eden space 524800K, 0% used [0x00000000d5580000,0x00000000d5580000,0x00000000f5600000)
  from space 87040K, 0% used [0x00000000fab00000,0x00000000fab00000,0x0000000100000000)
  to   space 87040K, 0% used [0x00000000f5600000,0x00000000f5600000,0x00000000fab00000)
 ParOldGen       total 1398272K, used 24293K [0x0000000080000000, 0x00000000d5580000, 0x00000000d5580000)
  object space 1398272K, 1% used [0x0000000080000000,0x00000000817b9578,0x00000000d5580000)
 Metaspace       used 34724K, capacity 35018K, committed 35416K, reserved 1081344K
  class space    used 4190K, capacity 4289K, committed 4352K, reserved 1048576K
}
Event: 8.099 GC heap before
{Heap before GC invocations=5 (full 2):
 PSYoungGen      total 611840K, used 524800K [0x00000000d5580000, 0x0000000100000000, 0x0000000100000000)
  eden space 524800K, 100% used [0x00000000d5580000,0x00000000f5600000,0x00000000f5600000)
  from space 87040K, 0% used [0x00000000fab00000,0x00000000fab00000,0x0000000100000000)
  to   space 87040K, 0% used [0x00000000f5600000,0x00000000f5600000,0x00000000fab00000)
 ParOldGen       total 1398272K, used 24293K [0x0000000080000000, 0x00000000d5580000, 0x00000000d5580000)
  object space 1398272K, 1% used [0x0000000080000000,0x00000000817b9578,0x00000000d5580000)
 Metaspace       used 49321K, capacity 50140K, committed 50432K, reserved 1093632K
  class space    used 5880K, capacity 6084K, committed 6144K, reserved 1048576K
Event: 8.132 GC heap after
Heap after GC invocations=5 (full 2):
 PSYoungGen      total 611840K, used 20146K [0x00000000d5580000, 0x0000000100000000, 0x0000000100000000)
  eden space 524800K, 0% used [0x00000000d5580000,0x00000000d5580000,0x00000000f5600000)
  from space 87040K, 23% used [0x00000000f5600000,0x00000000f69aca40,0x00000000fab00000)
  to   space 87040K, 0% used [0x00000000fab00000,0x00000000fab00000,0x0000000100000000)
 ParOldGen       total 1398272K, used 24301K [0x0000000080000000, 0x00000000d5580000, 0x00000000d5580000)
  object space 1398272K, 1% used [0x0000000080000000,0x00000000817bb578,0x00000000d5580000)
 Metaspace       used 49321K, capacity 50140K, committed 50432K, reserved 1093632K
  class space    used 5880K, capacity 6084K, committed 6144K, reserved 1048576K
}
Event: 12.575 GC heap before
{Heap before GC invocations=6 (full 2):
 PSYoungGen      total 611840K, used 325917K [0x00000000d5580000, 0x0000000100000000, 0x0000000100000000)
  eden space 524800K, 58% used [0x00000000d5580000,0x00000000e801ac28,0x00000000f5600000)
  from space 87040K, 23% used [0x00000000f5600000,0x00000000f69aca40,0x00000000fab00000)
  to   space 87040K, 0% used [0x00000000fab00000,0x00000000fab00000,0x0000000100000000)
 ParOldGen       total 1398272K, used 24301K [0x0000000080000000, 0x00000000d5580000, 0x00000000d5580000)
  object space 1398272K, 1% used [0x0000000080000000,0x00000000817bb578,0x00000000d5580000)
 Metaspace       used 57768K, capacity 58962K, committed 59028K, reserved 1101824K
  class space    used 6946K, capacity 7163K, committed 7168K, reserved 1048576K
Event: 12.603 GC heap after
Heap after GC invocations=6 (full 2):
 PSYoungGen      total 611840K, used 19907K [0x00000000d5580000, 0x0000000100000000, 0x0000000100000000)
  eden space 524800K, 0% used [0x00000000d5580000,0x00000000d5580000,0x00000000f5600000)
  from space 87040K, 22% used [0x00000000fab00000,0x00000000fbe70dd8,0x0000000100000000)
  to   space 87040K, 0% used [0x00000000f5600000,0x00000000f5600000,0x00000000fab00000)
 ParOldGen       total 1398272K, used 24309K [0x0000000080000000, 0x00000000d5580000, 0x00000000d5580000)
  object space 1398272K, 1% used [0x0000000080000000,0x00000000817bd578,0x00000000d5580000)
 Metaspace       used 57768K, capacity 58962K, committed 59028K, reserved 1101824K
  class space    used 6946K, capacity 7163K, committed 7168K, reserved 1048576K
}
Event: 12.603 GC heap before
{Heap before GC invocations=7 (full 3):
 PSYoungGen      total 611840K, used 19907K [0x00000000d5580000, 0x0000000100000000, 0x0000000100000000)
  eden space 524800K, 0% used [0x00000000d5580000,0x00000000d5580000,0x00000000f5600000)
  from space 87040K, 22% used [0x00000000fab00000,0x00000000fbe70dd8,0x0000000100000000)
  to   space 87040K, 0% used [0x00000000f5600000,0x00000000f5600000,0x00000000fab00000)
 ParOldGen       total 1398272K, used 24309K [0x0000000080000000, 0x00000000d5580000, 0x00000000d5580000)
  object space 1398272K, 1% used [0x0000000080000000,0x00000000817bd578,0x00000000d5580000)
 Metaspace       used 57768K, capacity 58962K, committed 59028K, reserved 1101824K
  class space    used 6946K, capacity 7163K, committed 7168K, reserved 1048576K
Event: 12.856 GC heap after
Heap after GC invocations=7 (full 3):
 PSYoungGen      total 611840K, used 0K [0x00000000d5580000, 0x0000000100000000, 0x0000000100000000)
  eden space 524800K, 0% used [0x00000000d5580000,0x00000000d5580000,0x00000000f5600000)
  from space 87040K, 0% used [0x00000000fab00000,0x00000000fab00000,0x0000000100000000)
  to   space 87040K, 0% used [0x00000000f5600000,0x00000000f5600000,0x00000000fab00000)
 ParOldGen       total 1398272K, used 32459K [0x0000000080000000, 0x00000000d5580000, 0x00000000d5580000)
  object space 1398272K, 2% used [0x0000000080000000,0x0000000081fb2c98,0x00000000d5580000)
 Metaspace       used 57709K, capacity 58816K, committed 59028K, reserved 1101824K
  class space    used 6925K, capacity 7126K, committed 7168K, reserved 1048576K
}
Event: 32.060 GC heap before
{Heap before GC invocations=8 (full 3):
 PSYoungGen      total 611840K, used 524800K [0x00000000d5580000, 0x0000000100000000, 0x0000000100000000)
  eden space 524800K, 100% used [0x00000000d5580000,0x00000000f5600000,0x00000000f5600000)
  from space 87040K, 0% used [0x00000000fab00000,0x00000000fab00000,0x0000000100000000)
  to   space 87040K, 0% used [0x00000000f5600000,0x00000000f5600000,0x00000000fab00000)
 ParOldGen       total 1398272K, used 32459K [0x0000000080000000, 0x00000000d5580000, 0x00000000d5580000)
  object space 1398272K, 2% used [0x0000000080000000,0x0000000081fb2c98,0x00000000d5580000)
 Metaspace       used 76285K, capacity 79072K, committed 79104K, reserved 1118208K
  class space    used 8908K, capacity 9440K, committed 9472K, reserved 1048576K
Event: 32.195 GC heap after
Heap after GC invocations=8 (full 3):
 PSYoungGen      total 588800K, used 63882K [0x00000000d5580000, 0x00000000fbe00000, 0x0000000100000000)
  eden space 524800K, 0% used [0x00000000d5580000,0x00000000d5580000,0x00000000f5600000)
  from space 64000K, 99% used [0x00000000f5600000,0x00000000f9462978,0x00000000f9480000)
  to   space 42496K, 0% used [0x00000000f9480000,0x00000000f9480000,0x00000000fbe00000)
 ParOldGen       total 1398272K, used 32459K [0x0000000080000000, 0x00000000d5580000, 0x00000000d5580000)
  object space 1398272K, 2% used [0x0000000080000000,0x0000000081fb2c98,0x00000000d5580000)
 Metaspace       used 76285K, capacity 79072K, committed 79104K, reserved 1118208K
  class space    used 8908K, capacity 9440K, committed 9472K, reserved 1048576K
}

