# JRE version: OpenJDK Runtime Environment (8.0_212-b04) (build 1.8.0_212-b04)
# Java VM: OpenJDK 64-Bit Server VM (25.212-b04 mixed mode linux-amd64 compressed oops)
Heap:
 PSYoungGen      total 611840K, used 251866K [0x00000000d5580000, 0x0000000100000000, 0x0000000100000000)
  eden space 524800K, 47% used [0x00000000d5580000,0x00000000e4b76848,0x00000000f5600000)
  from space 87040K, 0% used [0x00000000fab00000,0x00000000fab00000,0x0000000100000000)
  to   space 87040K, 0% used [0x00000000f5600000,0x00000000f5600000,0x00000000fab00000)
 ParOldGen       total 1398272K, used 29401K [0x0000000080000000, 0x00000000d5580000, 0x00000000d5580000)
  object space 1398272K, 2% used [0x0000000080000000,0x0000000081cb6468,0x00000000d5580000)
 Metaspace       used 64297K, capacity 66728K, committed 66816K, reserved 1107968K
  class space    used 7440K, capacity 7894K, committed 7936K, reserved 1048576K
GC Heap History (10 events):
Event: 5.443 GC heap before
{Heap before GC invocations=3 (full 1):
 PSYoungGen      total 611840K, used 468621K [0x00000000d5580000, 0x0000000100000000, 0x0000000100000000)
  eden space 524800K, 89% used [0x00000000d5580000,0x00000000f1f23648,0x00000000f5600000)
  from space 87040K, 0% used [0x00000000f5600000,0x00000000f5600000,0x00000000fab00000)
  to   space 87040K, 0% used [0x00000000fab00000,0x00000000fab00000,0x0000000100000000)
 ParOldGen       total 906240K, used 14255K [0x0000000080000000, 0x00000000b7500000, 0x00000000d5580000)
  object space 906240K, 1% used [0x0000000080000000,0x0000000080debc78,0x00000000b7500000)
 Metaspace       used 34717K, capacity 35092K, committed 35416K, reserved 1081344K
  class space    used 3964K, capacity 4060K, committed 4096K, reserved 1048576K
Event: 5.489 GC heap after
Heap after GC invocations=3 (full 1):
 PSYoungGen      total 611840K, used 19020K [0x00000000d5580000, 0x0000000100000000, 0x0000000100000000)
  eden space 524800K, 0% used [0x00000000d5580000,0x00000000d5580000,0x00000000f5600000)
  from space 87040K, 21% used [0x00000000fab00000,0x00000000fbd93008,0x0000000100000000)
  to   space 87040K, 0% used [0x00000000f5600000,0x00000000f5600000,0x00000000fab00000)
 ParOldGen       total 906240K, used 14255K [0x0000000080000000, 0x00000000b7500000, 0x00000000d5580000)
  object space 906240K, 1% used [0x0000000080000000,0x0000000080debc78,0x00000000b7500000)
 Metaspace       used 34717K, capacity 35092K, committed 35416K, reserved 1081344K
  class space    used 3964K, capacity 4060K, committed 4096K, reserved 1048576K
}
Event: 5.489 GC heap before
{Heap before GC invocations=4 (full 2):
 PSYoungGen      total 611840K, used 19020K [0x00000000d5580000, 0x0000000100000000, 0x0000000100000000)
  eden space 524800K, 0% used [0x00000000d5580000,0x00000000d5580000,0x00000000f5600000)
  from space 87040K, 21% used [0x00000000fab00000,0x00000000fbd93008,0x0000000100000000)
  to   space 87040K, 0% used [0x00000000f5600000,0x00000000f5600000,0x00000000fab00000)
 ParOldGen       total 906240K, used 14255K [0x0000000080000000, 0x00000000b7500000, 0x00000000d5580000)
  object space 906240K, 1% used [0x0000000080000000,0x0000000080debc78,0x00000000b7500000)
 Metaspace       used 34717K, capacity 35092K, committed 35416K, reserved 1081344K
  class space    used 3964K, capacity 4060K, committed 4096K, reserved 1048576K
Event: 5.610 GC heap after
Heap after GC invocations=4 (full 2):
 PSYoungGen      total 611840K, used 0K [0x00000000d5580000, 0x0000000100000000, 0x0000000100000000)
  eden space 524800K, 0% used [0x00000000d5580000,0x00000000d5580000,0x00000000f5600000)
  from space 87040K, 0% used [0x00000000fab00000,0x00000000fab00000,0x0000000100000000)
  to   space 87040K, 0% used [0x00000000f5600000,0x00000000f5600000,0x00000000fab00000)
 ParOldGen       total 1398272K, used 23547K [0x0000000080000000, 0x00000000d5580000, 0x00000000d5580000)
  object space 1398272K, 1% used [0x0000000080000000,0x00000000816fecf0,0x00000000d5580000)
 Metaspace       used 34717K, capacity 35092K, committed 35416K, reserved 1081344K
  class space    used 3964K, capacity 4060K, committed 4096K, reserved 1048576K
}
Event: 11.955 GC heap before
{Heap before GC invocations=5 (full 2):
 PSYoungGen      total 611840K, used 524800K [0x00000000d5580000, 0x0000000100000000, 0x0000000100000000)
  eden space 524800K, 100% used [0x00000000d5580000,0x00000000f5600000,0x00000000f5600000)
  from space 87040K, 0% used [0x00000000fab00000,0x00000000fab00000,0x0000000100000000)
  to   space 87040K, 0% used [0x00000000f5600000,0x00000000f5600000,0x00000000fab00000)
 ParOldGen       total 1398272K, used 23547K [0x0000000080000000, 0x00000000d5580000, 0x00000000d5580000)
  object space 1398272K, 1% used [0x0000000080000000,0x00000000816fecf0,0x00000000d5580000)
 Metaspace       used 51912K, capacity 53178K, committed 53248K, reserved 1095680K
  class space    used 6110K, capacity 6349K, committed 6400K, reserved 1048576K
Event: 12.003 GC heap after
Heap after GC invocations=5 (full 2):
 PSYoungGen      total 611840K, used 25696K [0x00000000d5580000, 0x0000000100000000, 0x0000000100000000)
  eden space 524800K, 0% used [0x00000000d5580000,0x00000000d5580000,0x00000000f5600000)
  from space 87040K, 29% used [0x00000000f5600000,0x00000000f6f181c8,0x00000000fab00000)
  to   space 87040K, 0% used [0x00000000fab00000,0x00000000fab00000,0x0000000100000000)
 ParOldGen       total 1398272K, used 23555K [0x0000000080000000, 0x00000000d5580000, 0x00000000d5580000)
  object space 1398272K, 1% used [0x0000000080000000,0x0000000081700cf0,0x00000000d5580000)
 Metaspace       used 51912K, capacity 53178K, committed 53248K, reserved 1095680K
  class space    used 6110K, capacity 6349K, committed 6400K, reserved 1048576K
}
Event: 12.827 GC heap before
{Heap before GC invocations=6 (full 2):
 PSYoungGen      total 611840K, used 192373K [0x00000000d5580000, 0x0000000100000000, 0x0000000100000000)
  eden space 524800K, 31% used [0x00000000d5580000,0x00000000df845240,0x00000000f5600000)
  from space 87040K, 29% used [0x00000000f5600000,0x00000000f6f181c8,0x00000000fab00000)
  to   space 87040K, 0% used [0x00000000fab00000,0x00000000fab00000,0x0000000100000000)
 ParOldGen       total 1398272K, used 23555K [0x0000000080000000, 0x00000000d5580000, 0x00000000d5580000)
  object space 1398272K, 1% used [0x0000000080000000,0x0000000081700cf0,0x00000000d5580000)
 Metaspace       used 57489K, capacity 58876K, committed 59008K, reserved 1101824K
  class space    used 6670K, capacity 6962K, committed 7040K, reserved 1048576K
Event: 12.857 GC heap after
Heap after GC invocations=6 (full 2):
 PSYoungGen      total 611840K, used 17831K [0x00000000d5580000, 0x0000000100000000, 0x0000000100000000)
  eden space 524800K, 0% used [0x00000000d5580000,0x00000000d5580000,0x00000000f5600000)
  from space 87040K, 20% used [0x00000000fab00000,0x00000000fbc69f30,0x0000000100000000)
  to   space 87040K, 0% used [0x00000000f5600000,0x00000000f5600000,0x00000000fab00000)
 ParOldGen       total 1398272K, used 23563K [0x0000000080000000, 0x00000000d5580000, 0x00000000d5580000)
  object space 1398272K, 1% used [0x0000000080000000,0x0000000081702cf0,0x00000000d5580000)
 Metaspace       used 57489K, capacity 58876K, committed 59008K, reserved 1101824K
  class space    used 6670K, capacity 6962K, committed 7040K, reserved 1048576K
}
Event: 12.857 GC heap before
{Heap before GC invocations=7 (full 3):
 PSYoungGen      total 611840K, used 17831K [0x00000000d5580000, 0x0000000100000000, 0x0000000100000000)
  eden space 524800K, 0% used [0x00000000d5580000,0x00000000d5580000,0x00000000f5600000)
  from space 87040K, 20% used [0x00000000fab00000,0x00000000fbc69f30,0x0000000100000000)
  to   space 87040K, 0% used [0x00000000f5600000,0x00000000f5600000,0x00000000fab00000)
 ParOldGen       total 1398272K, used 23563K [0x0000000080000000, 0x00000000d5580000, 0x00000000d5580000)
  object space 1398272K, 1% used [0x0000000080000000,0x0000000081702cf0,0x00000000d5580000)
 Metaspace       used 57489K, capacity 58876K, committed 59008K, reserved 1101824K
  class space    used 6670K, capacity 6962K, committed 7040K, reserved 1048576K
Event: 13.091 GC heap after
Heap after GC invocations=7 (full 3):
 PSYoungGen      total 611840K, used 0K [0x00000000d5580000, 0x0000000100000000, 0x0000000100000000)
  eden space 524800K, 0% used [0x00000000d5580000,0x00000000d5580000,0x00000000f5600000)
  from space 87040K, 0% used [0x00000000fab00000,0x00000000fab00000,0x0000000100000000)
  to   space 87040K, 0% used [0x00000000f5600000,0x00000000f5600000,0x00000000fab00000)
 ParOldGen       total 1398272K, used 29401K [0x0000000080000000, 0x00000000d5580000, 0x00000000d5580000)
  object space 1398272K, 2% used [0x0000000080000000,0x0000000081cb6468,0x00000000d5580000)
 Metaspace       used 57465K, capacity 58820K, committed 59008K, reserved 1101824K
  class space    used 6661K, capacity 6946K, committed 7040K, reserved 1048576K
}

