# JRE version: OpenJDK Runtime Environment (8.0_212-b04) (build 1.8.0_212-b04)
# Java VM: OpenJDK 64-Bit Server VM (25.212-b04 mixed mode linux-amd64 compressed oops)
Heap:
 PSYoungGen      total 404992K, used 330539K [0x00000000d5580000, 0x0000000100000000, 0x0000000100000000)
  eden space 374272K, 80% used [0x00000000d5580000,0x00000000e7a510d0,0x00000000ec300000)
  from space 30720K, 99% used [0x00000000f8d80000,0x00000000fab79f08,0x00000000fab80000)
  to   space 162304K, 0% used [0x00000000ec300000,0x00000000ec300000,0x00000000f6180000)
 ParOldGen       total 1398272K, used 982703K [0x0000000080000000, 0x00000000d5580000, 0x00000000d5580000)
  object space 1398272K, 70% used [0x0000000080000000,0x00000000bbfabd90,0x00000000d5580000)
 Metaspace       used 65755K, capacity 68385K, committed 68608K, reserved 1110016K
  class space    used 7433K, capacity 7915K, committed 7936K, reserved 1048576K
GC Heap History (10 events):
Event: 9.551 GC heap before
{Heap before GC invocations=5 (full 2):
 PSYoungGen      total 611840K, used 524800K [0x00000000d5580000, 0x0000000100000000, 0x0000000100000000)
  eden space 524800K, 100% used [0x00000000d5580000,0x00000000f5600000,0x00000000f5600000)
  from space 87040K, 0% used [0x00000000fab00000,0x00000000fab00000,0x0000000100000000)
  to   space 87040K, 0% used [0x00000000f5600000,0x00000000f5600000,0x00000000fab00000)
 ParOldGen       total 1398272K, used 24000K [0x0000000080000000, 0x00000000d5580000, 0x00000000d5580000)
  object space 1398272K, 1% used [0x0000000080000000,0x00000000817701e8,0x00000000d5580000)
 Metaspace       used 45128K, capacity 46044K, committed 46208K, reserved 1089536K
  class space    used 5224K, capacity 5418K, committed 5504K, reserved 1048576K
Event: 9.590 GC heap after
Heap after GC invocations=5 (full 2):
 PSYoungGen      total 611840K, used 17242K [0x00000000d5580000, 0x0000000100000000, 0x0000000100000000)
  eden space 524800K, 0% used [0x00000000d5580000,0x00000000d5580000,0x00000000f5600000)
  from space 87040K, 19% used [0x00000000f5600000,0x00000000f66d6920,0x00000000fab00000)
  to   space 87040K, 0% used [0x00000000fab00000,0x00000000fab00000,0x0000000100000000)
 ParOldGen       total 1398272K, used 24008K [0x0000000080000000, 0x00000000d5580000, 0x00000000d5580000)
  object space 1398272K, 1% used [0x0000000080000000,0x00000000817721e8,0x00000000d5580000)
 Metaspace       used 45128K, capacity 46044K, committed 46208K, reserved 1089536K
  class space    used 5224K, capacity 5418K, committed 5504K, reserved 1048576K
}
Event: 12.322 GC heap before
{Heap before GC invocations=6 (full 2):
 PSYoungGen      total 611840K, used 313558K [0x00000000d5580000, 0x0000000100000000, 0x0000000100000000)
  eden space 524800K, 56% used [0x00000000d5580000,0x00000000e76df178,0x00000000f5600000)
  from space 87040K, 19% used [0x00000000f5600000,0x00000000f66d6920,0x00000000fab00000)
  to   space 87040K, 0% used [0x00000000fab00000,0x00000000fab00000,0x0000000100000000)
 ParOldGen       total 1398272K, used 24008K [0x0000000080000000, 0x00000000d5580000, 0x00000000d5580000)
  object space 1398272K, 1% used [0x0000000080000000,0x00000000817721e8,0x00000000d5580000)
 Metaspace       used 57531K, capacity 58941K, committed 59028K, reserved 1101824K
  class space    used 6634K, capacity 6912K, committed 6912K, reserved 1048576K
Event: 12.374 GC heap after
Heap after GC invocations=6 (full 2):
 PSYoungGen      total 611840K, used 29868K [0x00000000d5580000, 0x0000000100000000, 0x0000000100000000)
  eden space 524800K, 0% used [0x00000000d5580000,0x00000000d5580000,0x00000000f5600000)
  from space 87040K, 34% used [0x00000000fab00000,0x00000000fc82b0a8,0x0000000100000000)
  to   space 87040K, 0% used [0x00000000f5600000,0x00000000f5600000,0x00000000fab00000)
 ParOldGen       total 1398272K, used 24016K [0x0000000080000000, 0x00000000d5580000, 0x00000000d5580000)
  object space 1398272K, 1% used [0x0000000080000000,0x00000000817741e8,0x00000000d5580000)
 Metaspace       used 57531K, capacity 58941K, committed 59028K, reserved 1101824K
  class space    used 6634K, capacity 6912K, committed 6912K, reserved 1048576K
}
Event: 12.374 GC heap before
{Heap before GC invocations=7 (full 3):
 PSYoungGen      total 611840K, used 29868K [0x00000000d5580000, 0x0000000100000000, 0x0000000100000000)
  eden space 524800K, 0% used [0x00000000d5580000,0x00000000d5580000,0x00000000f5600000)
  from space 87040K, 34% used [0x00000000fab00000,0x00000000fc82b0a8,0x0000000100000000)
  to   space 87040K, 0% used [0x00000000f5600000,0x00000000f5600000,0x00000000fab00000)
 ParOldGen       total 1398272K, used 24016K [0x0000000080000000, 0x00000000d5580000, 0x00000000d5580000)
  object space 1398272K, 1% used [0x0000000080000000,0x00000000817741e8,0x00000000d5580000)
 Metaspace       used 57531K, capacity 58941K, committed 59028K, reserved 1101824K
  class space    used 6634K, capacity 6912K, committed 6912K, reserved 1048576K
Event: 12.632 GC heap after
Heap after GC invocations=7 (full 3):
 PSYoungGen      total 611840K, used 0K [0x00000000d5580000, 0x0000000100000000, 0x0000000100000000)
  eden space 524800K, 0% used [0x00000000d5580000,0x00000000d5580000,0x00000000f5600000)
  from space 87040K, 0% used [0x00000000fab00000,0x00000000fab00000,0x0000000100000000)
  to   space 87040K, 0% used [0x00000000f5600000,0x00000000f5600000,0x00000000fab00000)
 ParOldGen       total 1398272K, used 41184K [0x0000000080000000, 0x00000000d5580000, 0x00000000d5580000)
  object space 1398272K, 2% used [0x0000000080000000,0x0000000082838030,0x00000000d5580000)
 Metaspace       used 57511K, capacity 58893K, committed 59028K, reserved 1101824K
  class space    used 6627K, capacity 6900K, committed 6912K, reserved 1048576K
}
Event: 18.698 GC heap before
{Heap before GC invocations=8 (full 3):
 PSYoungGen      total 611840K, used 339407K [0x00000000d5580000, 0x0000000100000000, 0x0000000100000000)
  eden space 524800K, 64% used [0x00000000d5580000,0x00000000ea0f3fd0,0x00000000f5600000)
  from space 87040K, 0% used [0x00000000fab00000,0x00000000fab00000,0x0000000100000000)
  to   space 87040K, 0% used [0x00000000f5600000,0x00000000f5600000,0x00000000fab00000)
 ParOldGen       total 1398272K, used 41184K [0x0000000080000000, 0x00000000d5580000, 0x00000000d5580000)
  object space 1398272K, 2% used [0x0000000080000000,0x0000000082838030,0x00000000d5580000)
 Metaspace       used 59858K, capacity 61789K, committed 61952K, reserved 1103872K
  class space    used 6945K, capacity 7303K, committed 7424K, reserved 1048576K
Event: 18.905 GC heap after
Heap after GC invocations=8 (full 3):
 PSYoungGen      total 534528K, used 9537K [0x00000000d5580000, 0x00000000fab80000, 0x0000000100000000)
  eden space 524800K, 0% used [0x00000000d5580000,0x00000000d5580000,0x00000000f5600000)
  from space 9728K, 98% used [0x00000000f5600000,0x00000000f5f507b0,0x00000000f5f80000)
  to   space 30720K, 0% used [0x00000000f8d80000,0x00000000f8d80000,0x00000000fab80000)
 ParOldGen       total 1398272K, used 450784K [0x0000000080000000, 0x00000000d5580000, 0x00000000d5580000)
  object space 1398272K, 32% used [0x0000000080000000,0x000000009b838050,0x00000000d5580000)
 Metaspace       used 59858K, capacity 61789K, committed 61952K, reserved 1103872K
  class space    used 6945K, capacity 7303K, committed 7424K, reserved 1048576K
}
Event: 25.503 GC heap before
{Heap before GC invocations=9 (full 3):
 PSYoungGen      total 534528K, used 534337K [0x00000000d5580000, 0x00000000fab80000, 0x0000000100000000)
  eden space 524800K, 100% used [0x00000000d5580000,0x00000000f5600000,0x00000000f5600000)
  from space 9728K, 98% used [0x00000000f5600000,0x00000000f5f507b0,0x00000000f5f80000)
  to   space 30720K, 0% used [0x00000000f8d80000,0x00000000f8d80000,0x00000000fab80000)
 ParOldGen       total 1398272K, used 757984K [0x0000000080000000, 0x00000000d5580000, 0x00000000d5580000)
  object space 1398272K, 54% used [0x0000000080000000,0x00000000ae438060,0x00000000d5580000)
 Metaspace       used 64749K, capacity 67277K, committed 67328K, reserved 1107968K
  class space    used 7426K, capacity 7903K, committed 7936K, reserved 1048576K
Event: 25.679 GC heap after
Heap after GC invocations=9 (full 3):
 PSYoungGen      total 404992K, used 30695K [0x00000000d5580000, 0x0000000100000000, 0x0000000100000000)
  eden space 374272K, 0% used [0x00000000d5580000,0x00000000d5580000,0x00000000ec300000)
  from space 30720K, 99% used [0x00000000f8d80000,0x00000000fab79f08,0x00000000fab80000)
  to   space 162304K, 0% used [0x00000000ec300000,0x00000000ec300000,0x00000000f6180000)
 ParOldGen       total 1398272K, used 982703K [0x0000000080000000, 0x00000000d5580000, 0x00000000d5580000)
  object space 1398272K, 70% used [0x0000000080000000,0x00000000bbfabd90,0x00000000d5580000)
 Metaspace       used 64749K, capacity 67277K, committed 67328K, reserved 1107968K
  class space    used 7426K, capacity 7903K, committed 7936K, reserved 1048576K
}

