# JRE version: OpenJDK Runtime Environment (8.0_212-b04) (build 1.8.0_212-b04)
# Java VM: OpenJDK 64-Bit Server VM (25.212-b04 mixed mode linux-amd64 compressed oops)
Heap:
 PSYoungGen      total 611840K, used 270464K [0x00000000d5580000, 0x0000000100000000, 0x0000000100000000)
  eden space 524800K, 51% used [0x00000000d5580000,0x00000000e5da0350,0x00000000f5600000)
  from space 87040K, 0% used [0x00000000f5600000,0x00000000f5600000,0x00000000fab00000)
  to   space 87040K, 0% used [0x00000000fab00000,0x00000000fab00000,0x0000000100000000)
 ParOldGen       total 1398272K, used 42417K [0x0000000080000000, 0x00000000d5580000, 0x00000000d5580000)
  object space 1398272K, 3% used [0x0000000080000000,0x000000008296c750,0x00000000d5580000)
 Metaspace       used 63558K, capacity 66210K, committed 66560K, reserved 1107968K
  class space    used 7337K, capacity 7821K, committed 7936K, reserved 1048576K
GC Heap History (10 events):
Event: 2.533 GC heap before
{Heap before GC invocations=2 (full 1):
 PSYoungGen      total 611840K, used 14326K [0x00000000d5580000, 0x0000000100000000, 0x0000000100000000)
  eden space 524800K, 0% used [0x00000000d5580000,0x00000000d5580000,0x00000000f5600000)
  from space 87040K, 16% used [0x00000000f5600000,0x00000000f63fd948,0x00000000fab00000)
  to   space 87040K, 0% used [0x00000000fab00000,0x00000000fab00000,0x0000000100000000)
 ParOldGen       total 1398272K, used 80K [0x0000000080000000, 0x00000000d5580000, 0x00000000d5580000)
  object space 1398272K, 0% used [0x0000000080000000,0x0000000080014010,0x00000000d5580000)
 Metaspace       used 20851K, capacity 21106K, committed 21248K, reserved 1069056K
  class space    used 2372K, capacity 2482K, committed 2560K, reserved 1048576K
Event: 2.617 GC heap after
Heap after GC invocations=2 (full 1):
 PSYoungGen      total 611840K, used 0K [0x00000000d5580000, 0x0000000100000000, 0x0000000100000000)
  eden space 524800K, 0% used [0x00000000d5580000,0x00000000d5580000,0x00000000f5600000)
  from space 87040K, 0% used [0x00000000f5600000,0x00000000f5600000,0x00000000fab00000)
  to   space 87040K, 0% used [0x00000000fab00000,0x00000000fab00000,0x0000000100000000)
 ParOldGen       total 881152K, used 13791K [0x0000000080000000, 0x00000000b5c80000, 0x00000000d5580000)
  object space 881152K, 1% used [0x0000000080000000,0x0000000080d77df0,0x00000000b5c80000)
 Metaspace       used 20851K, capacity 21106K, committed 21248K, reserved 1069056K
  class space    used 2372K, capacity 2482K, committed 2560K, reserved 1048576K
}
Event: 5.253 GC heap before
{Heap before GC invocations=3 (full 1):
 PSYoungGen      total 611840K, used 413558K [0x00000000d5580000, 0x0000000100000000, 0x0000000100000000)
  eden space 524800K, 78% used [0x00000000d5580000,0x00000000ee95d880,0x00000000f5600000)
  from space 87040K, 0% used [0x00000000f5600000,0x00000000f5600000,0x00000000fab00000)
  to   space 87040K, 0% used [0x00000000fab00000,0x00000000fab00000,0x0000000100000000)
 ParOldGen       total 881152K, used 13791K [0x0000000080000000, 0x00000000b5c80000, 0x00000000d5580000)
  object space 881152K, 1% used [0x0000000080000000,0x0000000080d77df0,0x00000000b5c80000)
 Metaspace       used 34829K, capacity 35182K, committed 35416K, reserved 1081344K
  class space    used 3973K, capacity 4091K, committed 4096K, reserved 1048576K
Event: 5.285 GC heap after
Heap after GC invocations=3 (full 1):
 PSYoungGen      total 611840K, used 19262K [0x00000000d5580000, 0x0000000100000000, 0x0000000100000000)
  eden space 524800K, 0% used [0x00000000d5580000,0x00000000d5580000,0x00000000f5600000)
  from space 87040K, 22% used [0x00000000fab00000,0x00000000fbdcfab8,0x0000000100000000)
  to   space 87040K, 0% used [0x00000000f5600000,0x00000000f5600000,0x00000000fab00000)
 ParOldGen       total 881152K, used 13791K [0x0000000080000000, 0x00000000b5c80000, 0x00000000d5580000)
  object space 881152K, 1% used [0x0000000080000000,0x0000000080d77df0,0x00000000b5c80000)
 Metaspace       used 34829K, capacity 35182K, committed 35416K, reserved 1081344K
  class space    used 3973K, capacity 4091K, committed 4096K, reserved 1048576K
}
Event: 5.285 GC heap before
{Heap before GC invocations=4 (full 2):
 PSYoungGen      total 611840K, used 19262K [0x00000000d5580000, 0x0000000100000000, 0x0000000100000000)
  eden space 524800K, 0% used [0x00000000d5580000,0x00000000d5580000,0x00000000f5600000)
  from space 87040K, 22% used [0x00000000fab00000,0x00000000fbdcfab8,0x0000000100000000)
  to   space 87040K, 0% used [0x00000000f5600000,0x00000000f5600000,0x00000000fab00000)
 ParOldGen       total 881152K, used 13791K [0x0000000080000000, 0x00000000b5c80000, 0x00000000d5580000)
  object space 881152K, 1% used [0x0000000080000000,0x0000000080d77df0,0x00000000b5c80000)
 Metaspace       used 34829K, capacity 35182K, committed 35416K, reserved 1081344K
  class space    used 3973K, capacity 4091K, committed 4096K, reserved 1048576K
Event: 5.382 GC heap after
Heap after GC invocations=4 (full 2):
 PSYoungGen      total 611840K, used 0K [0x00000000d5580000, 0x0000000100000000, 0x0000000100000000)
  eden space 524800K, 0% used [0x00000000d5580000,0x00000000d5580000,0x00000000f5600000)
  from space 87040K, 0% used [0x00000000fab00000,0x00000000fab00000,0x0000000100000000)
  to   space 87040K, 0% used [0x00000000f5600000,0x00000000f5600000,0x00000000fab00000)
 ParOldGen       total 1398272K, used 23604K [0x0000000080000000, 0x00000000d5580000, 0x00000000d5580000)
  object space 1398272K, 1% used [0x0000000080000000,0x000000008170d030,0x00000000d5580000)
 Metaspace       used 34829K, capacity 35182K, committed 35416K, reserved 1081344K
  class space    used 3973K, capacity 4091K, committed 4096K, reserved 1048576K
}
Event: 12.331 GC heap before
{Heap before GC invocations=5 (full 2):
 PSYoungGen      total 611840K, used 441637K [0x00000000d5580000, 0x0000000100000000, 0x0000000100000000)
  eden space 524800K, 84% used [0x00000000d5580000,0x00000000f04c97d0,0x00000000f5600000)
  from space 87040K, 0% used [0x00000000fab00000,0x00000000fab00000,0x0000000100000000)
  to   space 87040K, 0% used [0x00000000f5600000,0x00000000f5600000,0x00000000fab00000)
 ParOldGen       total 1398272K, used 23604K [0x0000000080000000, 0x00000000d5580000, 0x00000000d5580000)
  object space 1398272K, 1% used [0x0000000080000000,0x000000008170d030,0x00000000d5580000)
 Metaspace       used 57484K, capacity 58814K, committed 59008K, reserved 1101824K
  class space    used 6651K, capacity 6923K, committed 7040K, reserved 1048576K
Event: 12.404 GC heap after
Heap after GC invocations=5 (full 2):
 PSYoungGen      total 611840K, used 31978K [0x00000000d5580000, 0x0000000100000000, 0x0000000100000000)
  eden space 524800K, 0% used [0x00000000d5580000,0x00000000d5580000,0x00000000f5600000)
  from space 87040K, 36% used [0x00000000f5600000,0x00000000f753a880,0x00000000fab00000)
  to   space 87040K, 0% used [0x00000000fab00000,0x00000000fab00000,0x0000000100000000)
 ParOldGen       total 1398272K, used 23612K [0x0000000080000000, 0x00000000d5580000, 0x00000000d5580000)
  object space 1398272K, 1% used [0x0000000080000000,0x000000008170f030,0x00000000d5580000)
 Metaspace       used 57484K, capacity 58814K, committed 59008K, reserved 1101824K
  class space    used 6651K, capacity 6923K, committed 7040K, reserved 1048576K
}
Event: 12.404 GC heap before
{Heap before GC invocations=6 (full 3):
 PSYoungGen      total 611840K, used 31978K [0x00000000d5580000, 0x0000000100000000, 0x0000000100000000)
  eden space 524800K, 0% used [0x00000000d5580000,0x00000000d5580000,0x00000000f5600000)
  from space 87040K, 36% used [0x00000000f5600000,0x00000000f753a880,0x00000000fab00000)
  to   space 87040K, 0% used [0x00000000fab00000,0x00000000fab00000,0x0000000100000000)
 ParOldGen       total 1398272K, used 23612K [0x0000000080000000, 0x00000000d5580000, 0x00000000d5580000)
  object space 1398272K, 1% used [0x0000000080000000,0x000000008170f030,0x00000000d5580000)
 Metaspace       used 57484K, capacity 58814K, committed 59008K, reserved 1101824K
  class space    used 6651K, capacity 6923K, committed 7040K, reserved 1048576K
Event: 12.655 GC heap after
Heap after GC invocations=6 (full 3):
 PSYoungGen      total 611840K, used 0K [0x00000000d5580000, 0x0000000100000000, 0x0000000100000000)
  eden space 524800K, 0% used [0x00000000d5580000,0x00000000d5580000,0x00000000f5600000)
  from space 87040K, 0% used [0x00000000f5600000,0x00000000f5600000,0x00000000fab00000)
  to   space 87040K, 0% used [0x00000000fab00000,0x00000000fab00000,0x0000000100000000)
 ParOldGen       total 1398272K, used 42417K [0x0000000080000000, 0x00000000d5580000, 0x00000000d5580000)
  object space 1398272K, 3% used [0x0000000080000000,0x000000008296c750,0x00000000d5580000)
 Metaspace       used 57477K, capacity 58800K, committed 59008K, reserved 1101824K
  class space    used 6649K, capacity 6918K, committed 7040K, reserved 1048576K
}

