# JRE version: OpenJDK Runtime Environment (8.0_212-b04) (build 1.8.0_212-b04)
# Java VM: OpenJDK 64-Bit Server VM (25.212-b04 mixed mode linux-amd64 compressed oops)
Heap:
 PSYoungGen      total 592384K, used 171819K [0x00000000d5580000, 0x0000000100000000, 0x0000000100000000)
  eden space 494080K, 21% used [0x00000000d5580000,0x00000000dbbafa10,0x00000000f3800000)
  from space 98304K, 68% used [0x00000000fa000000,0x00000000fe19b550,0x0000000100000000)
  to   space 102400K, 0% used [0x00000000f3800000,0x00000000f3800000,0x00000000f9c00000)
 ParOldGen       total 1398272K, used 91849K [0x0000000080000000, 0x00000000d5580000, 0x00000000d5580000)
  object space 1398272K, 6% used [0x0000000080000000,0x00000000859b27d0,0x00000000d5580000)
 Metaspace       used 80364K, capacity 84102K, committed 84224K, reserved 1124352K
  class space    used 9234K, capacity 9917K, committed 9984K, reserved 1048576K
GC Heap History (10 events):
Event: 75.553 GC heap before
{Heap before GC invocations=7 (full 3):
 PSYoungGen      total 611840K, used 20744K [0x00000000d5580000, 0x0000000100000000, 0x0000000100000000)
  eden space 524800K, 0% used [0x00000000d5580000,0x00000000d5580000,0x00000000f5600000)
  from space 87040K, 23% used [0x00000000fab00000,0x00000000fbf42220,0x0000000100000000)
  to   space 87040K, 0% used [0x00000000f5600000,0x00000000f5600000,0x00000000fab00000)
 ParOldGen       total 1398272K, used 24210K [0x0000000080000000, 0x00000000d5580000, 0x00000000d5580000)
  object space 1398272K, 1% used [0x0000000080000000,0x00000000817a4b70,0x00000000d5580000)
 Metaspace       used 57872K, capacity 59002K, committed 59028K, reserved 1101824K
  class space    used 6939K, capacity 7155K, committed 7168K, reserved 1048576K
Event: 75.832 GC heap after
Heap after GC invocations=7 (full 3):
 PSYoungGen      total 611840K, used 0K [0x00000000d5580000, 0x0000000100000000, 0x0000000100000000)
  eden space 524800K, 0% used [0x00000000d5580000,0x00000000d5580000,0x00000000f5600000)
  from space 87040K, 0% used [0x00000000fab00000,0x00000000fab00000,0x0000000100000000)
  to   space 87040K, 0% used [0x00000000f5600000,0x00000000f5600000,0x00000000fab00000)
 ParOldGen       total 1398272K, used 33261K [0x0000000080000000, 0x00000000d5580000, 0x00000000d5580000)
  object space 1398272K, 2% used [0x0000000080000000,0x000000008207b578,0x00000000d5580000)
 Metaspace       used 57818K, capacity 58864K, committed 59028K, reserved 1101824K
  class space    used 6920K, capacity 7122K, committed 7168K, reserved 1048576K
}
Event: 113.585 GC heap before
{Heap before GC invocations=8 (full 3):
 PSYoungGen      total 611840K, used 524800K [0x00000000d5580000, 0x0000000100000000, 0x0000000100000000)
  eden space 524800K, 100% used [0x00000000d5580000,0x00000000f5600000,0x00000000f5600000)
  from space 87040K, 0% used [0x00000000fab00000,0x00000000fab00000,0x0000000100000000)
  to   space 87040K, 0% used [0x00000000f5600000,0x00000000f5600000,0x00000000fab00000)
 ParOldGen       total 1398272K, used 33261K [0x0000000080000000, 0x00000000d5580000, 0x00000000d5580000)
  object space 1398272K, 2% used [0x0000000080000000,0x000000008207b578,0x00000000d5580000)
 Metaspace       used 76013K, capacity 78870K, committed 79104K, reserved 1118208K
  class space    used 8887K, capacity 9425K, committed 9472K, reserved 1048576K
Event: 113.767 GC heap after
Heap after GC invocations=8 (full 3):
 PSYoungGen      total 582656K, used 57580K [0x00000000d5580000, 0x00000000fb600000, 0x0000000100000000)
  eden space 524800K, 0% used [0x00000000d5580000,0x00000000d5580000,0x00000000f5600000)
  from space 57856K, 99% used [0x00000000f5600000,0x00000000f8e3b328,0x00000000f8e80000)
  to   space 40448K, 0% used [0x00000000f8e80000,0x00000000f8e80000,0x00000000fb600000)
 ParOldGen       total 1398272K, used 33261K [0x0000000080000000, 0x00000000d5580000, 0x00000000d5580000)
  object space 1398272K, 2% used [0x0000000080000000,0x000000008207b578,0x00000000d5580000)
 Metaspace       used 76013K, capacity 78870K, committed 79104K, reserved 1118208K
  class space    used 8887K, capacity 9425K, committed 9472K, reserved 1048576K
}
Event: 197.759 GC heap before
{Heap before GC invocations=9 (full 3):
 PSYoungGen      total 582656K, used 582380K [0x00000000d5580000, 0x00000000fb600000, 0x0000000100000000)
  eden space 524800K, 100% used [0x00000000d5580000,0x00000000f5600000,0x00000000f5600000)
  from space 57856K, 99% used [0x00000000f5600000,0x00000000f8e3b328,0x00000000f8e80000)
  to   space 40448K, 0% used [0x00000000f8e80000,0x00000000f8e80000,0x00000000fb600000)
 ParOldGen       total 1398272K, used 33261K [0x0000000080000000, 0x00000000d5580000, 0x00000000d5580000)
  object space 1398272K, 2% used [0x0000000080000000,0x000000008207b578,0x00000000d5580000)
 Metaspace       used 77071K, capacity 79940K, committed 80128K, reserved 1120256K
  class space    used 8900K, capacity 9434K, committed 9472K, reserved 1048576K
Event: 197.918 GC heap after
Heap after GC invocations=9 (full 3):
 PSYoungGen      total 551936K, used 40439K [0x00000000d5580000, 0x0000000100000000, 0x0000000100000000)
  eden space 511488K, 0% used [0x00000000d5580000,0x00000000d5580000,0x00000000f4900000)
  from space 40448K, 99% used [0x00000000f8e80000,0x00000000fb5fdd28,0x00000000fb600000)
  to   space 71168K, 0% used [0x00000000f4900000,0x00000000f4900000,0x00000000f8e80000)
 ParOldGen       total 1398272K, used 64741K [0x0000000080000000, 0x00000000d5580000, 0x00000000d5580000)
  object space 1398272K, 4% used [0x0000000080000000,0x0000000083f39578,0x00000000d5580000)
 Metaspace       used 77071K, capacity 79940K, committed 80128K, reserved 1120256K
  class space    used 8900K, capacity 9434K, committed 9472K, reserved 1048576K
}
Event: 272.455 GC heap before
{Heap before GC invocations=10 (full 3):
 PSYoungGen      total 551936K, used 551927K [0x00000000d5580000, 0x0000000100000000, 0x0000000100000000)
  eden space 511488K, 100% used [0x00000000d5580000,0x00000000f4900000,0x00000000f4900000)
  from space 40448K, 99% used [0x00000000f8e80000,0x00000000fb5fdd28,0x00000000fb600000)
  to   space 71168K, 0% used [0x00000000f4900000,0x00000000f4900000,0x00000000f8e80000)
 ParOldGen       total 1398272K, used 64741K [0x0000000080000000, 0x00000000d5580000, 0x00000000d5580000)
  object space 1398272K, 4% used [0x0000000080000000,0x0000000083f39578,0x00000000d5580000)
 Metaspace       used 79399K, capacity 83040K, committed 83200K, reserved 1122304K
  class space    used 9197K, capacity 9866K, committed 9984K, reserved 1048576K
Event: 272.676 GC heap after
Heap after GC invocations=10 (full 3):
 PSYoungGen      total 582656K, used 71136K [0x00000000d5580000, 0x0000000100000000, 0x0000000100000000)
  eden space 511488K, 0% used [0x00000000d5580000,0x00000000d5580000,0x00000000f4900000)
  from space 71168K, 99% used [0x00000000f4900000,0x00000000f8e781d0,0x00000000f8e80000)
  to   space 98304K, 0% used [0x00000000fa000000,0x00000000fa000000,0x0000000100000000)
 ParOldGen       total 1398272K, used 91849K [0x0000000080000000, 0x00000000d5580000, 0x00000000d5580000)
  object space 1398272K, 6% used [0x0000000080000000,0x00000000859b27d0,0x00000000d5580000)
 Metaspace       used 79399K, capacity 83040K, committed 83200K, reserved 1122304K
  class space    used 9197K, capacity 9866K, committed 9984K, reserved 1048576K
}
Event: 353.654 GC heap before
{Heap before GC invocations=11 (full 3):
 PSYoungGen      total 582656K, used 582624K [0x00000000d5580000, 0x0000000100000000, 0x0000000100000000)
  eden space 511488K, 100% used [0x00000000d5580000,0x00000000f4900000,0x00000000f4900000)
  from space 71168K, 99% used [0x00000000f4900000,0x00000000f8e781d0,0x00000000f8e80000)
  to   space 98304K, 0% used [0x00000000fa000000,0x00000000fa000000,0x0000000100000000)
 ParOldGen       total 1398272K, used 91849K [0x0000000080000000, 0x00000000d5580000, 0x00000000d5580000)
  object space 1398272K, 6% used [0x0000000080000000,0x00000000859b27d0,0x00000000d5580000)
 Metaspace       used 80314K, capacity 84026K, committed 84224K, reserved 1124352K
  class space    used 9234K, capacity 9917K, committed 9984K, reserved 1048576K
Event: 353.835 GC heap after
Heap after GC invocations=11 (full 3):
 PSYoungGen      total 592384K, used 67181K [0x00000000d5580000, 0x0000000100000000, 0x0000000100000000)
  eden space 494080K, 0% used [0x00000000d5580000,0x00000000d5580000,0x00000000f3800000)
  from space 98304K, 68% used [0x00000000fa000000,0x00000000fe19b550,0x0000000100000000)
  to   space 102400K, 0% used [0x00000000f3800000,0x00000000f3800000,0x00000000f9c00000)
 ParOldGen       total 1398272K, used 91849K [0x0000000080000000, 0x00000000d5580000, 0x00000000d5580000)
  object space 1398272K, 6% used [0x0000000080000000,0x00000000859b27d0,0x00000000d5580000)
 Metaspace       used 80314K, capacity 84026K, committed 84224K, reserved 1124352K
  class space    used 9234K, capacity 9917K, committed 9984K, reserved 1048576K
}

