# JRE version: OpenJDK Runtime Environment (8.0_212-b04) (build 1.8.0_212-b04)
# Java VM: OpenJDK 64-Bit Server VM (25.212-b04 mixed mode linux-amd64 compressed oops)
Heap:
 PSYoungGen      total 580608K, used 544861K [0x00000000d5580000, 0x00000000fe900000, 0x0000000100000000)
  eden space 524800K, 93% used [0x00000000d5580000,0x00000000f331ac80,0x00000000f5600000)
  from space 55808K, 99% used [0x00000000f5600000,0x00000000f8c7c830,0x00000000f8c80000)
  to   space 75264K, 0% used [0x00000000f9f80000,0x00000000f9f80000,0x00000000fe900000)
 ParOldGen       total 1334272K, used 41426K [0x0000000080000000, 0x00000000d1700000, 0x00000000d5580000)
  object space 1334272K, 3% used [0x0000000080000000,0x0000000082874808,0x00000000d1700000)
 Metaspace       used 68111K, capacity 71320K, committed 71552K, reserved 1112064K
  class space    used 7640K, capacity 8199K, committed 8320K, reserved 1048576K
GC Heap History (10 events):
Event: 42.725 GC heap before
{Heap before GC invocations=4 (full 2):
 PSYoungGen      total 611840K, used 19336K [0x00000000d5580000, 0x0000000100000000, 0x0000000100000000)
  eden space 524800K, 0% used [0x00000000d5580000,0x00000000d5580000,0x00000000f5600000)
  from space 87040K, 22% used [0x00000000fab00000,0x00000000fbde2030,0x0000000100000000)
  to   space 87040K, 0% used [0x00000000f5600000,0x00000000f5600000,0x00000000fab00000)
 ParOldGen       total 906240K, used 13753K [0x0000000080000000, 0x00000000b7500000, 0x00000000d5580000)
  object space 906240K, 1% used [0x0000000080000000,0x0000000080d6e478,0x00000000b7500000)
 Metaspace       used 34880K, capacity 35254K, committed 35416K, reserved 1081344K
  class space    used 3977K, capacity 4091K, committed 4096K, reserved 1048576K
Event: 42.855 GC heap after
Heap after GC invocations=4 (full 2):
 PSYoungGen      total 611840K, used 0K [0x00000000d5580000, 0x0000000100000000, 0x0000000100000000)
  eden space 524800K, 0% used [0x00000000d5580000,0x00000000d5580000,0x00000000f5600000)
  from space 87040K, 0% used [0x00000000fab00000,0x00000000fab00000,0x0000000100000000)
  to   space 87040K, 0% used [0x00000000f5600000,0x00000000f5600000,0x00000000fab00000)
 ParOldGen       total 915968K, used 23677K [0x0000000080000000, 0x00000000b7e80000, 0x00000000d5580000)
  object space 915968K, 2% used [0x0000000080000000,0x000000008171f5c8,0x00000000b7e80000)
 Metaspace       used 34880K, capacity 35254K, committed 35416K, reserved 1081344K
  class space    used 3977K, capacity 4091K, committed 4096K, reserved 1048576K
}
Event: 58.090 GC heap before
{Heap before GC invocations=5 (full 2):
 PSYoungGen      total 611840K, used 511930K [0x00000000d5580000, 0x0000000100000000, 0x0000000100000000)
  eden space 524800K, 97% used [0x00000000d5580000,0x00000000f496e970,0x00000000f5600000)
  from space 87040K, 0% used [0x00000000fab00000,0x00000000fab00000,0x0000000100000000)
  to   space 87040K, 0% used [0x00000000f5600000,0x00000000f5600000,0x00000000fab00000)
 ParOldGen       total 915968K, used 23677K [0x0000000080000000, 0x00000000b7e80000, 0x00000000d5580000)
  object space 915968K, 2% used [0x0000000080000000,0x000000008171f5c8,0x00000000b7e80000)
 Metaspace       used 57261K, capacity 58970K, committed 59028K, reserved 1101824K
  class space    used 6670K, capacity 6982K, committed 7040K, reserved 1048576K
Event: 58.168 GC heap after
Heap after GC invocations=5 (full 2):
 PSYoungGen      total 611840K, used 30789K [0x00000000d5580000, 0x0000000100000000, 0x0000000100000000)
  eden space 524800K, 0% used [0x00000000d5580000,0x00000000d5580000,0x00000000f5600000)
  from space 87040K, 35% used [0x00000000f5600000,0x00000000f74117f8,0x00000000fab00000)
  to   space 87040K, 0% used [0x00000000fab00000,0x00000000fab00000,0x0000000100000000)
 ParOldGen       total 915968K, used 23685K [0x0000000080000000, 0x00000000b7e80000, 0x00000000d5580000)
  object space 915968K, 2% used [0x0000000080000000,0x00000000817215c8,0x00000000b7e80000)
 Metaspace       used 57261K, capacity 58970K, committed 59028K, reserved 1101824K
  class space    used 6670K, capacity 6982K, committed 7040K, reserved 1048576K
}
Event: 58.168 GC heap before
{Heap before GC invocations=6 (full 3):
 PSYoungGen      total 611840K, used 30789K [0x00000000d5580000, 0x0000000100000000, 0x0000000100000000)
  eden space 524800K, 0% used [0x00000000d5580000,0x00000000d5580000,0x00000000f5600000)
  from space 87040K, 35% used [0x00000000f5600000,0x00000000f74117f8,0x00000000fab00000)
  to   space 87040K, 0% used [0x00000000fab00000,0x00000000fab00000,0x0000000100000000)
 ParOldGen       total 915968K, used 23685K [0x0000000080000000, 0x00000000b7e80000, 0x00000000d5580000)
  object space 915968K, 2% used [0x0000000080000000,0x00000000817215c8,0x00000000b7e80000)
 Metaspace       used 57261K, capacity 58970K, committed 59028K, reserved 1101824K
  class space    used 6670K, capacity 6982K, committed 7040K, reserved 1048576K
Event: 58.453 GC heap after
Heap after GC invocations=6 (full 3):
 PSYoungGen      total 611840K, used 0K [0x00000000d5580000, 0x0000000100000000, 0x0000000100000000)
  eden space 524800K, 0% used [0x00000000d5580000,0x00000000d5580000,0x00000000f5600000)
  from space 87040K, 0% used [0x00000000f5600000,0x00000000f5600000,0x00000000fab00000)
  to   space 87040K, 0% used [0x00000000fab00000,0x00000000fab00000,0x0000000100000000)
 ParOldGen       total 1334272K, used 41410K [0x0000000080000000, 0x00000000d1700000, 0x00000000d5580000)
  object space 1334272K, 3% used [0x0000000080000000,0x0000000082870808,0x00000000d1700000)
 Metaspace       used 57030K, capacity 58308K, committed 59028K, reserved 1101824K
  class space    used 6591K, capacity 6843K, committed 7040K, reserved 1048576K
}
Event: 142.614 GC heap before
{Heap before GC invocations=7 (full 3):
 PSYoungGen      total 611840K, used 524800K [0x00000000d5580000, 0x0000000100000000, 0x0000000100000000)
  eden space 524800K, 100% used [0x00000000d5580000,0x00000000f5600000,0x00000000f5600000)
  from space 87040K, 0% used [0x00000000f5600000,0x00000000f5600000,0x00000000fab00000)
  to   space 87040K, 0% used [0x00000000fab00000,0x00000000fab00000,0x0000000100000000)
 ParOldGen       total 1334272K, used 41410K [0x0000000080000000, 0x00000000d1700000, 0x00000000d5580000)
  object space 1334272K, 3% used [0x0000000080000000,0x0000000082870808,0x00000000d1700000)
 Metaspace       used 64299K, capacity 66942K, committed 67200K, reserved 1107968K
  class space    used 7306K, capacity 7768K, committed 7808K, reserved 1048576K
Event: 142.781 GC heap after
Heap after GC invocations=7 (full 3):
 PSYoungGen      total 611840K, used 65304K [0x00000000d5580000, 0x0000000100000000, 0x0000000100000000)
  eden space 524800K, 0% used [0x00000000d5580000,0x00000000d5580000,0x00000000f5600000)
  from space 87040K, 75% used [0x00000000fab00000,0x00000000feac63f0,0x0000000100000000)
  to   space 87040K, 0% used [0x00000000f5600000,0x00000000f5600000,0x00000000fab00000)
 ParOldGen       total 1334272K, used 41418K [0x0000000080000000, 0x00000000d1700000, 0x00000000d5580000)
  object space 1334272K, 3% used [0x0000000080000000,0x0000000082872808,0x00000000d1700000)
 Metaspace       used 64299K, capacity 66942K, committed 67200K, reserved 1107968K
  class space    used 7306K, capacity 7768K, committed 7808K, reserved 1048576K
}
Event: 220.820 GC heap before
{Heap before GC invocations=8 (full 3):
 PSYoungGen      total 611840K, used 589106K [0x00000000d5580000, 0x0000000100000000, 0x0000000100000000)
  eden space 524800K, 99% used [0x00000000d5580000,0x00000000f55064a8,0x00000000f5600000)
  from space 87040K, 75% used [0x00000000fab00000,0x00000000feac63f0,0x0000000100000000)
  to   space 87040K, 0% used [0x00000000f5600000,0x00000000f5600000,0x00000000fab00000)
 ParOldGen       total 1334272K, used 41418K [0x0000000080000000, 0x00000000d1700000, 0x00000000d5580000)
  object space 1334272K, 3% used [0x0000000080000000,0x0000000082872808,0x00000000d1700000)
 Metaspace       used 67623K, capacity 70792K, committed 70912K, reserved 1112064K
  class space    used 7631K, capacity 8183K, committed 8192K, reserved 1048576K
Event: 220.948 GC heap after
Heap after GC invocations=8 (full 3):
 PSYoungGen      total 580608K, used 55794K [0x00000000d5580000, 0x00000000fe900000, 0x0000000100000000)
  eden space 524800K, 0% used [0x00000000d5580000,0x00000000d5580000,0x00000000f5600000)
  from space 55808K, 99% used [0x00000000f5600000,0x00000000f8c7c830,0x00000000f8c80000)
  to   space 75264K, 0% used [0x00000000f9f80000,0x00000000f9f80000,0x00000000fe900000)
 ParOldGen       total 1334272K, used 41426K [0x0000000080000000, 0x00000000d1700000, 0x00000000d5580000)
  object space 1334272K, 3% used [0x0000000080000000,0x0000000082874808,0x00000000d1700000)
 Metaspace       used 67623K, capacity 70792K, committed 70912K, reserved 1112064K
  class space    used 7631K, capacity 8183K, committed 8192K, reserved 1048576K
}

