# JRE version: OpenJDK Runtime Environment (8.0_212-b04) (build 1.8.0_212-b04)
# Java VM: OpenJDK 64-Bit Server VM (25.212-b04 mixed mode linux-amd64 compressed oops)
Heap:
 PSYoungGen      total 611840K, used 186835K [0x00000000d5580000, 0x0000000100000000, 0x0000000100000000)
  eden space 524800K, 35% used [0x00000000d5580000,0x00000000e0bf4ea8,0x00000000f5600000)
  from space 87040K, 0% used [0x00000000f5600000,0x00000000f5600000,0x00000000fab00000)
  to   space 87040K, 0% used [0x00000000fab00000,0x00000000fab00000,0x0000000100000000)
 ParOldGen       total 1354240K, used 39781K [0x0000000080000000, 0x00000000d2a80000, 0x00000000d5580000)
  object space 1354240K, 2% used [0x0000000080000000,0x00000000826d94c8,0x00000000d2a80000)
 Metaspace       used 62879K, capacity 65212K, committed 65408K, reserved 1107968K
  class space    used 7264K, capacity 7698K, committed 7808K, reserved 1048576K
GC Heap History (10 events):
Event: 18.190 GC heap before
{Heap before GC invocations=2 (full 1):
 PSYoungGen      total 611840K, used 14258K [0x00000000d5580000, 0x0000000100000000, 0x0000000100000000)
  eden space 524800K, 0% used [0x00000000d5580000,0x00000000d5580000,0x00000000f5600000)
  from space 87040K, 16% used [0x00000000f5600000,0x00000000f63ec958,0x00000000fab00000)
  to   space 87040K, 0% used [0x00000000fab00000,0x00000000fab00000,0x0000000100000000)
 ParOldGen       total 1398272K, used 80K [0x0000000080000000, 0x00000000d5580000, 0x00000000d5580000)
  object space 1398272K, 0% used [0x0000000080000000,0x0000000080014010,0x00000000d5580000)
 Metaspace       used 20822K, capacity 21074K, committed 21248K, reserved 1069056K
  class space    used 2366K, capacity 2450K, committed 2560K, reserved 1048576K
Event: 18.290 GC heap after
Heap after GC invocations=2 (full 1):
 PSYoungGen      total 611840K, used 0K [0x00000000d5580000, 0x0000000100000000, 0x0000000100000000)
  eden space 524800K, 0% used [0x00000000d5580000,0x00000000d5580000,0x00000000f5600000)
  from space 87040K, 0% used [0x00000000f5600000,0x00000000f5600000,0x00000000fab00000)
  to   space 87040K, 0% used [0x00000000fab00000,0x00000000fab00000,0x0000000100000000)
 ParOldGen       total 538624K, used 13731K [0x0000000080000000, 0x00000000a0e00000, 0x00000000d5580000)
  object space 538624K, 2% used [0x0000000080000000,0x0000000080d68e38,0x00000000a0e00000)
 Metaspace       used 20822K, capacity 21074K, committed 21248K, reserved 1069056K
  class space    used 2366K, capacity 2450K, committed 2560K, reserved 1048576K
}
Event: 25.747 GC heap before
{Heap before GC invocations=3 (full 1):
 PSYoungGen      total 611840K, used 468838K [0x00000000d5580000, 0x0000000100000000, 0x0000000100000000)
  eden space 524800K, 89% used [0x00000000d5580000,0x00000000f1f59950,0x00000000f5600000)
  from space 87040K, 0% used [0x00000000f5600000,0x00000000f5600000,0x00000000fab00000)
  to   space 87040K, 0% used [0x00000000fab00000,0x00000000fab00000,0x0000000100000000)
 ParOldGen       total 538624K, used 13731K [0x0000000080000000, 0x00000000a0e00000, 0x00000000d5580000)
  object space 538624K, 2% used [0x0000000080000000,0x0000000080d68e38,0x00000000a0e00000)
 Metaspace       used 34778K, capacity 35182K, committed 35416K, reserved 1081344K
  class space    used 3973K, capacity 4091K, committed 4096K, reserved 1048576K
Event: 25.806 GC heap after
Heap after GC invocations=3 (full 1):
 PSYoungGen      total 611840K, used 19208K [0x00000000d5580000, 0x0000000100000000, 0x0000000100000000)
  eden space 524800K, 0% used [0x00000000d5580000,0x00000000d5580000,0x00000000f5600000)
  from space 87040K, 22% used [0x00000000fab00000,0x00000000fbdc2210,0x0000000100000000)
  to   space 87040K, 0% used [0x00000000f5600000,0x00000000f5600000,0x00000000fab00000)
 ParOldGen       total 538624K, used 13739K [0x0000000080000000, 0x00000000a0e00000, 0x00000000d5580000)
  object space 538624K, 2% used [0x0000000080000000,0x0000000080d6ae38,0x00000000a0e00000)
 Metaspace       used 34778K, capacity 35182K, committed 35416K, reserved 1081344K
  class space    used 3973K, capacity 4091K, committed 4096K, reserved 1048576K
}
Event: 25.806 GC heap before
{Heap before GC invocations=4 (full 2):
 PSYoungGen      total 611840K, used 19208K [0x00000000d5580000, 0x0000000100000000, 0x0000000100000000)
  eden space 524800K, 0% used [0x00000000d5580000,0x00000000d5580000,0x00000000f5600000)
  from space 87040K, 22% used [0x00000000fab00000,0x00000000fbdc2210,0x0000000100000000)
  to   space 87040K, 0% used [0x00000000f5600000,0x00000000f5600000,0x00000000fab00000)
 ParOldGen       total 538624K, used 13739K [0x0000000080000000, 0x00000000a0e00000, 0x00000000d5580000)
  object space 538624K, 2% used [0x0000000080000000,0x0000000080d6ae38,0x00000000a0e00000)
 Metaspace       used 34778K, capacity 35182K, committed 35416K, reserved 1081344K
  class space    used 3973K, capacity 4091K, committed 4096K, reserved 1048576K
Event: 25.946 GC heap after
Heap after GC invocations=4 (full 2):
 PSYoungGen      total 611840K, used 0K [0x00000000d5580000, 0x0000000100000000, 0x0000000100000000)
  eden space 524800K, 0% used [0x00000000d5580000,0x00000000d5580000,0x00000000f5600000)
  from space 87040K, 0% used [0x00000000fab00000,0x00000000fab00000,0x0000000100000000)
  to   space 87040K, 0% used [0x00000000f5600000,0x00000000f5600000,0x00000000fab00000)
 ParOldGen       total 917504K, used 23570K [0x0000000080000000, 0x00000000b8000000, 0x00000000d5580000)
  object space 917504K, 2% used [0x0000000080000000,0x0000000081704a50,0x00000000b8000000)
 Metaspace       used 34778K, capacity 35182K, committed 35416K, reserved 1081344K
  class space    used 3973K, capacity 4091K, committed 4096K, reserved 1048576K
}
Event: 32.793 GC heap before
{Heap before GC invocations=5 (full 2):
 PSYoungGen      total 611840K, used 398864K [0x00000000d5580000, 0x0000000100000000, 0x0000000100000000)
  eden space 524800K, 76% used [0x00000000d5580000,0x00000000edb040a8,0x00000000f5600000)
  from space 87040K, 0% used [0x00000000fab00000,0x00000000fab00000,0x0000000100000000)
  to   space 87040K, 0% used [0x00000000f5600000,0x00000000f5600000,0x00000000fab00000)
 ParOldGen       total 917504K, used 23570K [0x0000000080000000, 0x00000000b8000000, 0x00000000d5580000)
  object space 917504K, 2% used [0x0000000080000000,0x0000000081704a50,0x00000000b8000000)
 Metaspace       used 57470K, capacity 58832K, committed 59008K, reserved 1101824K
  class space    used 6669K, capacity 6926K, committed 7040K, reserved 1048576K
Event: 32.840 GC heap after
Heap after GC invocations=5 (full 2):
 PSYoungGen      total 611840K, used 29183K [0x00000000d5580000, 0x0000000100000000, 0x0000000100000000)
  eden space 524800K, 0% used [0x00000000d5580000,0x00000000d5580000,0x00000000f5600000)
  from space 87040K, 33% used [0x00000000f5600000,0x00000000f727fe58,0x00000000fab00000)
  to   space 87040K, 0% used [0x00000000fab00000,0x00000000fab00000,0x0000000100000000)
 ParOldGen       total 917504K, used 23578K [0x0000000080000000, 0x00000000b8000000, 0x00000000d5580000)
  object space 917504K, 2% used [0x0000000080000000,0x0000000081706a50,0x00000000b8000000)
 Metaspace       used 57470K, capacity 58832K, committed 59008K, reserved 1101824K
  class space    used 6669K, capacity 6926K, committed 7040K, reserved 1048576K
}
Event: 32.840 GC heap before
{Heap before GC invocations=6 (full 3):
 PSYoungGen      total 611840K, used 29183K [0x00000000d5580000, 0x0000000100000000, 0x0000000100000000)
  eden space 524800K, 0% used [0x00000000d5580000,0x00000000d5580000,0x00000000f5600000)
  from space 87040K, 33% used [0x00000000f5600000,0x00000000f727fe58,0x00000000fab00000)
  to   space 87040K, 0% used [0x00000000fab00000,0x00000000fab00000,0x0000000100000000)
 ParOldGen       total 917504K, used 23578K [0x0000000080000000, 0x00000000b8000000, 0x00000000d5580000)
  object space 917504K, 2% used [0x0000000080000000,0x0000000081706a50,0x00000000b8000000)
 Metaspace       used 57470K, capacity 58832K, committed 59008K, reserved 1101824K
  class space    used 6669K, capacity 6926K, committed 7040K, reserved 1048576K
Event: 33.108 GC heap after
Heap after GC invocations=6 (full 3):
 PSYoungGen      total 611840K, used 0K [0x00000000d5580000, 0x0000000100000000, 0x0000000100000000)
  eden space 524800K, 0% used [0x00000000d5580000,0x00000000d5580000,0x00000000f5600000)
  from space 87040K, 0% used [0x00000000f5600000,0x00000000f5600000,0x00000000fab00000)
  to   space 87040K, 0% used [0x00000000fab00000,0x00000000fab00000,0x0000000100000000)
 ParOldGen       total 1354240K, used 39781K [0x0000000080000000, 0x00000000d2a80000, 0x00000000d5580000)
  object space 1354240K, 2% used [0x0000000080000000,0x00000000826d94c8,0x00000000d2a80000)
 Metaspace       used 57463K, capacity 58818K, committed 59008K, reserved 1101824K
  class space    used 6666K, capacity 6921K, committed 7040K, reserved 1048576K
}

