# JRE version: OpenJDK Runtime Environment (8.0_212-b04) (build 1.8.0_212-b04)
# Java VM: OpenJDK 64-Bit Server VM (25.212-b04 mixed mode linux-amd64 compressed oops)
Heap:
 PSYoungGen      total 611840K, used 148268K [0x00000000d5580000, 0x0000000100000000, 0x0000000100000000)
  eden space 524800K, 28% used [0x00000000d5580000,0x00000000de64b228,0x00000000f5600000)
  from space 87040K, 0% used [0x00000000f5600000,0x00000000f5600000,0x00000000fab00000)
  to   space 87040K, 0% used [0x00000000fab00000,0x00000000fab00000,0x0000000100000000)
 ParOldGen       total 1398272K, used 38004K [0x0000000080000000, 0x00000000d5580000, 0x00000000d5580000)
  object space 1398272K, 2% used [0x0000000080000000,0x000000008251d080,0x00000000d5580000)
 Metaspace       used 61852K, capacity 63856K, committed 64000K, reserved 1105920K
  class space    used 7190K, capacity 7568K, committed 7680K, reserved 1048576K
GC Heap History (10 events):
Event: 2.941 GC heap before
{Heap before GC invocations=2 (full 1):
 PSYoungGen      total 611840K, used 14304K [0x00000000d5580000, 0x0000000100000000, 0x0000000100000000)
  eden space 524800K, 0% used [0x00000000d5580000,0x00000000d5580000,0x00000000f5600000)
  from space 87040K, 16% used [0x00000000f5600000,0x00000000f63f83c0,0x00000000fab00000)
  to   space 87040K, 0% used [0x00000000fab00000,0x00000000fab00000,0x0000000100000000)
 ParOldGen       total 1398272K, used 80K [0x0000000080000000, 0x00000000d5580000, 0x00000000d5580000)
  object space 1398272K, 0% used [0x0000000080000000,0x0000000080014010,0x00000000d5580000)
 Metaspace       used 20830K, capacity 21106K, committed 21248K, reserved 1069056K
  class space    used 2367K, capacity 2482K, committed 2560K, reserved 1048576K
Event: 3.043 GC heap after
Heap after GC invocations=2 (full 1):
 PSYoungGen      total 611840K, used 0K [0x00000000d5580000, 0x0000000100000000, 0x0000000100000000)
  eden space 524800K, 0% used [0x00000000d5580000,0x00000000d5580000,0x00000000f5600000)
  from space 87040K, 0% used [0x00000000f5600000,0x00000000f5600000,0x00000000fab00000)
  to   space 87040K, 0% used [0x00000000fab00000,0x00000000fab00000,0x0000000100000000)
 ParOldGen       total 882176K, used 13744K [0x0000000080000000, 0x00000000b5d80000, 0x00000000d5580000)
  object space 882176K, 1% used [0x0000000080000000,0x0000000080d6c398,0x00000000b5d80000)
 Metaspace       used 20830K, capacity 21106K, committed 21248K, reserved 1069056K
  class space    used 2367K, capacity 2482K, committed 2560K, reserved 1048576K
}
Event: 6.167 GC heap before
{Heap before GC invocations=3 (full 1):
 PSYoungGen      total 611840K, used 445763K [0x00000000d5580000, 0x0000000100000000, 0x0000000100000000)
  eden space 524800K, 84% used [0x00000000d5580000,0x00000000f08d0c70,0x00000000f5600000)
  from space 87040K, 0% used [0x00000000f5600000,0x00000000f5600000,0x00000000fab00000)
  to   space 87040K, 0% used [0x00000000fab00000,0x00000000fab00000,0x0000000100000000)
 ParOldGen       total 882176K, used 13744K [0x0000000080000000, 0x00000000b5d80000, 0x00000000d5580000)
  object space 882176K, 1% used [0x0000000080000000,0x0000000080d6c398,0x00000000b5d80000)
 Metaspace       used 34807K, capacity 35182K, committed 35416K, reserved 1081344K
  class space    used 3975K, capacity 4091K, committed 4096K, reserved 1048576K
Event: 6.205 GC heap after
Heap after GC invocations=3 (full 1):
 PSYoungGen      total 611840K, used 19248K [0x00000000d5580000, 0x0000000100000000, 0x0000000100000000)
  eden space 524800K, 0% used [0x00000000d5580000,0x00000000d5580000,0x00000000f5600000)
  from space 87040K, 22% used [0x00000000fab00000,0x00000000fbdcc328,0x0000000100000000)
  to   space 87040K, 0% used [0x00000000f5600000,0x00000000f5600000,0x00000000fab00000)
 ParOldGen       total 882176K, used 13744K [0x0000000080000000, 0x00000000b5d80000, 0x00000000d5580000)
  object space 882176K, 1% used [0x0000000080000000,0x0000000080d6c398,0x00000000b5d80000)
 Metaspace       used 34807K, capacity 35182K, committed 35416K, reserved 1081344K
  class space    used 3975K, capacity 4091K, committed 4096K, reserved 1048576K
}
Event: 6.205 GC heap before
{Heap before GC invocations=4 (full 2):
 PSYoungGen      total 611840K, used 19248K [0x00000000d5580000, 0x0000000100000000, 0x0000000100000000)
  eden space 524800K, 0% used [0x00000000d5580000,0x00000000d5580000,0x00000000f5600000)
  from space 87040K, 22% used [0x00000000fab00000,0x00000000fbdcc328,0x0000000100000000)
  to   space 87040K, 0% used [0x00000000f5600000,0x00000000f5600000,0x00000000fab00000)
 ParOldGen       total 882176K, used 13744K [0x0000000080000000, 0x00000000b5d80000, 0x00000000d5580000)
  object space 882176K, 1% used [0x0000000080000000,0x0000000080d6c398,0x00000000b5d80000)
 Metaspace       used 34807K, capacity 35182K, committed 35416K, reserved 1081344K
  class space    used 3975K, capacity 4091K, committed 4096K, reserved 1048576K
Event: 6.309 GC heap after
Heap after GC invocations=4 (full 2):
 PSYoungGen      total 611840K, used 0K [0x00000000d5580000, 0x0000000100000000, 0x0000000100000000)
  eden space 524800K, 0% used [0x00000000d5580000,0x00000000d5580000,0x00000000f5600000)
  from space 87040K, 0% used [0x00000000fab00000,0x00000000fab00000,0x0000000100000000)
  to   space 87040K, 0% used [0x00000000f5600000,0x00000000f5600000,0x00000000fab00000)
 ParOldGen       total 1398272K, used 23597K [0x0000000080000000, 0x00000000d5580000, 0x00000000d5580000)
  object space 1398272K, 1% used [0x0000000080000000,0x000000008170b5f8,0x00000000d5580000)
 Metaspace       used 34807K, capacity 35182K, committed 35416K, reserved 1081344K
  class space    used 3975K, capacity 4091K, committed 4096K, reserved 1048576K
}
Event: 12.919 GC heap before
{Heap before GC invocations=5 (full 2):
 PSYoungGen      total 611840K, used 317615K [0x00000000d5580000, 0x0000000100000000, 0x0000000100000000)
  eden space 524800K, 60% used [0x00000000d5580000,0x00000000e8babec0,0x00000000f5600000)
  from space 87040K, 0% used [0x00000000fab00000,0x00000000fab00000,0x0000000100000000)
  to   space 87040K, 0% used [0x00000000f5600000,0x00000000f5600000,0x00000000fab00000)
 ParOldGen       total 1398272K, used 23597K [0x0000000080000000, 0x00000000d5580000, 0x00000000d5580000)
  object space 1398272K, 1% used [0x0000000080000000,0x000000008170b5f8,0x00000000d5580000)
 Metaspace       used 57574K, capacity 58912K, committed 59008K, reserved 1101824K
  class space    used 6699K, capacity 6966K, committed 7040K, reserved 1048576K
Event: 12.985 GC heap after
Heap after GC invocations=5 (full 2):
 PSYoungGen      total 611840K, used 27322K [0x00000000d5580000, 0x0000000100000000, 0x0000000100000000)
  eden space 524800K, 0% used [0x00000000d5580000,0x00000000d5580000,0x00000000f5600000)
  from space 87040K, 31% used [0x00000000f5600000,0x00000000f70ae9e8,0x00000000fab00000)
  to   space 87040K, 0% used [0x00000000fab00000,0x00000000fab00000,0x0000000100000000)
 ParOldGen       total 1398272K, used 23605K [0x0000000080000000, 0x00000000d5580000, 0x00000000d5580000)
  object space 1398272K, 1% used [0x0000000080000000,0x000000008170d5f8,0x00000000d5580000)
 Metaspace       used 57574K, capacity 58912K, committed 59008K, reserved 1101824K
  class space    used 6699K, capacity 6966K, committed 7040K, reserved 1048576K
}
Event: 12.985 GC heap before
{Heap before GC invocations=6 (full 3):
 PSYoungGen      total 611840K, used 27322K [0x00000000d5580000, 0x0000000100000000, 0x0000000100000000)
  eden space 524800K, 0% used [0x00000000d5580000,0x00000000d5580000,0x00000000f5600000)
  from space 87040K, 31% used [0x00000000f5600000,0x00000000f70ae9e8,0x00000000fab00000)
  to   space 87040K, 0% used [0x00000000fab00000,0x00000000fab00000,0x0000000100000000)
 ParOldGen       total 1398272K, used 23605K [0x0000000080000000, 0x00000000d5580000, 0x00000000d5580000)
  object space 1398272K, 1% used [0x0000000080000000,0x000000008170d5f8,0x00000000d5580000)
 Metaspace       used 57574K, capacity 58912K, committed 59008K, reserved 1101824K
  class space    used 6699K, capacity 6966K, committed 7040K, reserved 1048576K
Event: 13.192 GC heap after
Heap after GC invocations=6 (full 3):
 PSYoungGen      total 611840K, used 0K [0x00000000d5580000, 0x0000000100000000, 0x0000000100000000)
  eden space 524800K, 0% used [0x00000000d5580000,0x00000000d5580000,0x00000000f5600000)
  from space 87040K, 0% used [0x00000000f5600000,0x00000000f5600000,0x00000000fab00000)
  to   space 87040K, 0% used [0x00000000fab00000,0x00000000fab00000,0x0000000100000000)
 ParOldGen       total 1398272K, used 38004K [0x0000000080000000, 0x00000000d5580000, 0x00000000d5580000)
  object space 1398272K, 2% used [0x0000000080000000,0x000000008251d080,0x00000000d5580000)
 Metaspace       used 57567K, capacity 58898K, committed 59008K, reserved 1101824K
  class space    used 6696K, capacity 6961K, committed 7040K, reserved 1048576K
}

