# JRE version: OpenJDK Runtime Environment (8.0_212-b04) (build 1.8.0_212-b04)
# Java VM: OpenJDK 64-Bit Server VM (25.212-b04 mixed mode linux-amd64 compressed oops)
Heap:
 PSYoungGen      total 510976K, used 176458K [0x00000000d5580000, 0x0000000100000000, 0x0000000100000000)
  eden space 414720K, 19% used [0x00000000d5580000,0x00000000da4148f0,0x00000000eea80000)
  from space 96256K, 99% used [0x00000000eef00000,0x00000000f4cbe048,0x00000000f4d00000)
  to   space 147456K, 0% used [0x00000000f7000000,0x00000000f7000000,0x0000000100000000)
 ParOldGen       total 1370112K, used 96449K [0x0000000080000000, 0x00000000d3a00000, 0x00000000d5580000)
  object space 1370112K, 7% used [0x0000000080000000,0x0000000085e30450,0x00000000d3a00000)
 Metaspace       used 71621K, capacity 75228K, committed 75264K, reserved 1116160K
  class space    used 7787K, capacity 8416K, committed 8448K, reserved 1048576K
GC Heap History (10 events):
Event: 27.806 GC heap before
{Heap before GC invocations=6 (full 3):
 PSYoungGen      total 611840K, used 30752K [0x00000000d5580000, 0x0000000100000000, 0x0000000100000000)
  eden space 524800K, 0% used [0x00000000d5580000,0x00000000d5580000,0x00000000f5600000)
  from space 87040K, 35% used [0x00000000f5600000,0x00000000f74082d8,0x00000000fab00000)
  to   space 87040K, 0% used [0x00000000fab00000,0x00000000fab00000,0x0000000100000000)
 ParOldGen       total 933888K, used 23605K [0x0000000080000000, 0x00000000b9000000, 0x00000000d5580000)
  object space 933888K, 2% used [0x0000000080000000,0x000000008170d748,0x00000000b9000000)
 Metaspace       used 57472K, capacity 58856K, committed 59008K, reserved 1101824K
  class space    used 6657K, capacity 6930K, committed 7040K, reserved 1048576K
Event: 28.086 GC heap after
Heap after GC invocations=6 (full 3):
 PSYoungGen      total 611840K, used 0K [0x00000000d5580000, 0x0000000100000000, 0x0000000100000000)
  eden space 524800K, 0% used [0x00000000d5580000,0x00000000d5580000,0x00000000f5600000)
  from space 87040K, 0% used [0x00000000f5600000,0x00000000f5600000,0x00000000fab00000)
  to   space 87040K, 0% used [0x00000000fab00000,0x00000000fab00000,0x0000000100000000)
 ParOldGen       total 1370112K, used 41364K [0x0000000080000000, 0x00000000d3a00000, 0x00000000d5580000)
  object space 1370112K, 3% used [0x0000000080000000,0x0000000082865108,0x00000000d3a00000)
 Metaspace       used 57467K, capacity 58844K, committed 59008K, reserved 1101824K
  class space    used 6655K, capacity 6926K, committed 7040K, reserved 1048576K
}
Event: 129.808 GC heap before
{Heap before GC invocations=7 (full 3):
 PSYoungGen      total 611840K, used 524800K [0x00000000d5580000, 0x0000000100000000, 0x0000000100000000)
  eden space 524800K, 100% used [0x00000000d5580000,0x00000000f5600000,0x00000000f5600000)
  from space 87040K, 0% used [0x00000000f5600000,0x00000000f5600000,0x00000000fab00000)
  to   space 87040K, 0% used [0x00000000fab00000,0x00000000fab00000,0x0000000100000000)
 ParOldGen       total 1370112K, used 41365K [0x0000000080000000, 0x00000000d3a00000, 0x00000000d5580000)
  object space 1370112K, 3% used [0x0000000080000000,0x0000000082865518,0x00000000d3a00000)
 Metaspace       used 66810K, capacity 69614K, committed 69888K, reserved 1112064K
  class space    used 7575K, capacity 8077K, committed 8192K, reserved 1048576K
Event: 129.947 GC heap after
Heap after GC invocations=7 (full 3):
 PSYoungGen      total 611840K, used 56989K [0x00000000d5580000, 0x0000000100000000, 0x0000000100000000)
  eden space 524800K, 0% used [0x00000000d5580000,0x00000000d5580000,0x00000000f5600000)
  from space 87040K, 65% used [0x00000000fab00000,0x00000000fe2a76f0,0x0000000100000000)
  to   space 87040K, 0% used [0x00000000f5600000,0x00000000f5600000,0x00000000fab00000)
 ParOldGen       total 1370112K, used 41373K [0x0000000080000000, 0x00000000d3a00000, 0x00000000d5580000)
  object space 1370112K, 3% used [0x0000000080000000,0x0000000082867518,0x00000000d3a00000)
 Metaspace       used 66810K, capacity 69614K, committed 69888K, reserved 1112064K
  class space    used 7575K, capacity 8077K, committed 8192K, reserved 1048576K
}
Event: 379.206 GC heap before
{Heap before GC invocations=8 (full 3):
 PSYoungGen      total 611840K, used 581789K [0x00000000d5580000, 0x0000000100000000, 0x0000000100000000)
  eden space 524800K, 100% used [0x00000000d5580000,0x00000000f5600000,0x00000000f5600000)
  from space 87040K, 65% used [0x00000000fab00000,0x00000000fe2a76f0,0x0000000100000000)
  to   space 87040K, 0% used [0x00000000f5600000,0x00000000f5600000,0x00000000fab00000)
 ParOldGen       total 1370112K, used 41430K [0x0000000080000000, 0x00000000d3a00000, 0x00000000d5580000)
  object space 1370112K, 3% used [0x0000000080000000,0x0000000082875858,0x00000000d3a00000)
 Metaspace       used 69104K, capacity 72166K, committed 72320K, reserved 1114112K
  class space    used 7676K, capacity 8253K, committed 8320K, reserved 1048576K
Event: 379.416 GC heap after
Heap after GC invocations=8 (full 3):
 PSYoungGen      total 604672K, used 87028K [0x00000000d5580000, 0x0000000100000000, 0x0000000100000000)
  eden space 517632K, 0% used [0x00000000d5580000,0x00000000d5580000,0x00000000f4f00000)
  from space 87040K, 99% used [0x00000000f5600000,0x00000000faafd0e8,0x00000000fab00000)
  to   space 87040K, 0% used [0x00000000fab00000,0x00000000fab00000,0x0000000100000000)
 ParOldGen       total 1370112K, used 55081K [0x0000000080000000, 0x00000000d3a00000, 0x00000000d5580000)
  object space 1370112K, 4% used [0x0000000080000000,0x00000000835ca588,0x00000000d3a00000)
 Metaspace       used 69104K, capacity 72166K, committed 72320K, reserved 1114112K
  class space    used 7676K, capacity 8253K, committed 8320K, reserved 1048576K
}
Event: 638.809 GC heap before
{Heap before GC invocations=9 (full 3):
 PSYoungGen      total 604672K, used 604660K [0x00000000d5580000, 0x0000000100000000, 0x0000000100000000)
  eden space 517632K, 100% used [0x00000000d5580000,0x00000000f4f00000,0x00000000f4f00000)
  from space 87040K, 99% used [0x00000000f5600000,0x00000000faafd0e8,0x00000000fab00000)
  to   space 87040K, 0% used [0x00000000fab00000,0x00000000fab00000,0x0000000100000000)
 ParOldGen       total 1370112K, used 55081K [0x0000000080000000, 0x00000000d3a00000, 0x00000000d5580000)
  object space 1370112K, 4% used [0x0000000080000000,0x00000000835ca588,0x00000000d3a00000)
 Metaspace       used 70466K, capacity 73860K, committed 73984K, reserved 1114112K
  class space    used 7751K, capacity 8360K, committed 8448K, reserved 1048576K
Event: 639.087 GC heap after
Heap after GC invocations=9 (full 3):
 PSYoungGen      total 506368K, used 87027K [0x00000000d5580000, 0x0000000100000000, 0x0000000100000000)
  eden space 419328K, 0% used [0x00000000d5580000,0x00000000d5580000,0x00000000eef00000)
  from space 87040K, 99% used [0x00000000fab00000,0x00000000ffffcf78,0x0000000100000000)
  to   space 139776K, 0% used [0x00000000eef00000,0x00000000eef00000,0x00000000f7780000)
 ParOldGen       total 1370112K, used 96441K [0x0000000080000000, 0x00000000d3a00000, 0x00000000d5580000)
  object space 1370112K, 7% used [0x0000000080000000,0x0000000085e2e450,0x00000000d3a00000)
 Metaspace       used 70466K, capacity 73860K, committed 73984K, reserved 1114112K
  class space    used 7751K, capacity 8360K, committed 8448K, reserved 1048576K
}
Event: 733.701 GC heap before
{Heap before GC invocations=10 (full 3):
 PSYoungGen      total 506368K, used 506355K [0x00000000d5580000, 0x0000000100000000, 0x0000000100000000)
  eden space 419328K, 100% used [0x00000000d5580000,0x00000000eef00000,0x00000000eef00000)
  from space 87040K, 99% used [0x00000000fab00000,0x00000000ffffcf78,0x0000000100000000)
  to   space 139776K, 0% used [0x00000000eef00000,0x00000000eef00000,0x00000000f7780000)
 ParOldGen       total 1370112K, used 96441K [0x0000000080000000, 0x00000000d3a00000, 0x00000000d5580000)
  object space 1370112K, 7% used [0x0000000080000000,0x0000000085e2e450,0x00000000d3a00000)
 Metaspace       used 71339K, capacity 74870K, committed 75008K, reserved 1116160K
  class space    used 7787K, capacity 8415K, committed 8448K, reserved 1048576K
Event: 733.918 GC heap after
Heap after GC invocations=10 (full 3):
 PSYoungGen      total 510976K, used 95992K [0x00000000d5580000, 0x0000000100000000, 0x0000000100000000)
  eden space 414720K, 0% used [0x00000000d5580000,0x00000000d5580000,0x00000000eea80000)
  from space 96256K, 99% used [0x00000000eef00000,0x00000000f4cbe048,0x00000000f4d00000)
  to   space 147456K, 0% used [0x00000000f7000000,0x00000000f7000000,0x0000000100000000)
 ParOldGen       total 1370112K, used 96449K [0x0000000080000000, 0x00000000d3a00000, 0x00000000d5580000)
  object space 1370112K, 7% used [0x0000000080000000,0x0000000085e30450,0x00000000d3a00000)
 Metaspace       used 71339K, capacity 74870K, committed 75008K, reserved 1116160K
  class space    used 7787K, capacity 8415K, committed 8448K, reserved 1048576K
}

