# JRE version: OpenJDK Runtime Environment (8.0_212-b04) (build 1.8.0_212-b04)
# Java VM: OpenJDK 64-Bit Server VM (25.212-b04 mixed mode linux-amd64 compressed oops)
Heap:
 PSYoungGen      total 596480K, used 165648K [0x00000000d5580000, 0x00000000ff900000, 0x0000000100000000)
  eden space 524800K, 17% used [0x00000000d5580000,0x00000000db1a2588,0x00000000f5600000)
  from space 71680K, 99% used [0x00000000f5600000,0x00000000f9ba1cf8,0x00000000f9c00000)
  to   space 83456K, 0% used [0x00000000fa780000,0x00000000fa780000,0x00000000ff900000)
 ParOldGen       total 1398272K, used 44550K [0x0000000080000000, 0x00000000d5580000, 0x00000000d5580000)
  object space 1398272K, 3% used [0x0000000080000000,0x0000000082b819f0,0x00000000d5580000)
 Metaspace       used 66381K, capacity 69292K, committed 69504K, reserved 1110016K
  class space    used 7517K, capacity 8028K, committed 8064K, reserved 1048576K
GC Heap History (10 events):
Event: 4.760 GC heap before
{Heap before GC invocations=4 (full 2):
 PSYoungGen      total 611840K, used 19231K [0x00000000d5580000, 0x0000000100000000, 0x0000000100000000)
  eden space 524800K, 0% used [0x00000000d5580000,0x00000000d5580000,0x00000000f5600000)
  from space 87040K, 22% used [0x00000000fab00000,0x00000000fbdc7c58,0x0000000100000000)
  to   space 87040K, 0% used [0x00000000f5600000,0x00000000f5600000,0x00000000fab00000)
 ParOldGen       total 852480K, used 13745K [0x0000000080000000, 0x00000000b4080000, 0x00000000d5580000)
  object space 852480K, 1% used [0x0000000080000000,0x0000000080d6c6d8,0x00000000b4080000)
 Metaspace       used 34800K, capacity 35188K, committed 35416K, reserved 1081344K
  class space    used 3974K, capacity 4092K, committed 4096K, reserved 1048576K
Event: 4.846 GC heap after
Heap after GC invocations=4 (full 2):
 PSYoungGen      total 611840K, used 0K [0x00000000d5580000, 0x0000000100000000, 0x0000000100000000)
  eden space 524800K, 0% used [0x00000000d5580000,0x00000000d5580000,0x00000000f5600000)
  from space 87040K, 0% used [0x00000000fab00000,0x00000000fab00000,0x0000000100000000)
  to   space 87040K, 0% used [0x00000000f5600000,0x00000000f5600000,0x00000000fab00000)
 ParOldGen       total 1398272K, used 23582K [0x0000000080000000, 0x00000000d5580000, 0x00000000d5580000)
  object space 1398272K, 1% used [0x0000000080000000,0x0000000081707a90,0x00000000d5580000)
 Metaspace       used 34800K, capacity 35188K, committed 35416K, reserved 1081344K
  class space    used 3974K, capacity 4092K, committed 4096K, reserved 1048576K
}
Event: 12.032 GC heap before
{Heap before GC invocations=5 (full 2):
 PSYoungGen      total 611840K, used 493989K [0x00000000d5580000, 0x0000000100000000, 0x0000000100000000)
  eden space 524800K, 94% used [0x00000000d5580000,0x00000000f37e9758,0x00000000f5600000)
  from space 87040K, 0% used [0x00000000fab00000,0x00000000fab00000,0x0000000100000000)
  to   space 87040K, 0% used [0x00000000f5600000,0x00000000f5600000,0x00000000fab00000)
 ParOldGen       total 1398272K, used 23582K [0x0000000080000000, 0x00000000d5580000, 0x00000000d5580000)
  object space 1398272K, 1% used [0x0000000080000000,0x0000000081707a90,0x00000000d5580000)
 Metaspace       used 57389K, capacity 58772K, committed 59008K, reserved 1101824K
  class space    used 6642K, capacity 6940K, committed 7040K, reserved 1048576K
Event: 12.107 GC heap after
Heap after GC invocations=5 (full 2):
 PSYoungGen      total 611840K, used 33983K [0x00000000d5580000, 0x0000000100000000, 0x0000000100000000)
  eden space 524800K, 0% used [0x00000000d5580000,0x00000000d5580000,0x00000000f5600000)
  from space 87040K, 39% used [0x00000000f5600000,0x00000000f772fec8,0x00000000fab00000)
  to   space 87040K, 0% used [0x00000000fab00000,0x00000000fab00000,0x0000000100000000)
 ParOldGen       total 1398272K, used 23590K [0x0000000080000000, 0x00000000d5580000, 0x00000000d5580000)
  object space 1398272K, 1% used [0x0000000080000000,0x0000000081709a90,0x00000000d5580000)
 Metaspace       used 57389K, capacity 58772K, committed 59008K, reserved 1101824K
  class space    used 6642K, capacity 6940K, committed 7040K, reserved 1048576K
}
Event: 12.107 GC heap before
{Heap before GC invocations=6 (full 3):
 PSYoungGen      total 611840K, used 33983K [0x00000000d5580000, 0x0000000100000000, 0x0000000100000000)
  eden space 524800K, 0% used [0x00000000d5580000,0x00000000d5580000,0x00000000f5600000)
  from space 87040K, 39% used [0x00000000f5600000,0x00000000f772fec8,0x00000000fab00000)
  to   space 87040K, 0% used [0x00000000fab00000,0x00000000fab00000,0x0000000100000000)
 ParOldGen       total 1398272K, used 23590K [0x0000000080000000, 0x00000000d5580000, 0x00000000d5580000)
  object space 1398272K, 1% used [0x0000000080000000,0x0000000081709a90,0x00000000d5580000)
 Metaspace       used 57389K, capacity 58772K, committed 59008K, reserved 1101824K
  class space    used 6642K, capacity 6940K, committed 7040K, reserved 1048576K
Event: 12.375 GC heap after
Heap after GC invocations=6 (full 3):
 PSYoungGen      total 611840K, used 0K [0x00000000d5580000, 0x0000000100000000, 0x0000000100000000)
  eden space 524800K, 0% used [0x00000000d5580000,0x00000000d5580000,0x00000000f5600000)
  from space 87040K, 0% used [0x00000000f5600000,0x00000000f5600000,0x00000000fab00000)
  to   space 87040K, 0% used [0x00000000fab00000,0x00000000fab00000,0x0000000100000000)
 ParOldGen       total 1398272K, used 44542K [0x0000000080000000, 0x00000000d5580000, 0x00000000d5580000)
  object space 1398272K, 3% used [0x0000000080000000,0x0000000082b7f9f0,0x00000000d5580000)
 Metaspace       used 57351K, capacity 58682K, committed 59008K, reserved 1101824K
  class space    used 6629K, capacity 6917K, committed 7040K, reserved 1048576K
}
Event: 28.811 GC heap before
{Heap before GC invocations=7 (full 3):
 PSYoungGen      total 611840K, used 506637K [0x00000000d5580000, 0x0000000100000000, 0x0000000100000000)
  eden space 524800K, 96% used [0x00000000d5580000,0x00000000f4443588,0x00000000f5600000)
  from space 87040K, 0% used [0x00000000f5600000,0x00000000f5600000,0x00000000fab00000)
  to   space 87040K, 0% used [0x00000000fab00000,0x00000000fab00000,0x0000000100000000)
 ParOldGen       total 1398272K, used 44542K [0x0000000080000000, 0x00000000d5580000, 0x00000000d5580000)
  object space 1398272K, 3% used [0x0000000080000000,0x0000000082b7f9f0,0x00000000d5580000)
 Metaspace       used 65397K, capacity 68092K, committed 68224K, reserved 1110016K
  class space    used 7463K, capacity 7944K, committed 8064K, reserved 1048576K
Event: 28.918 GC heap after
Heap after GC invocations=7 (full 3):
 PSYoungGen      total 611840K, used 59028K [0x00000000d5580000, 0x0000000100000000, 0x0000000100000000)
  eden space 524800K, 0% used [0x00000000d5580000,0x00000000d5580000,0x00000000f5600000)
  from space 87040K, 67% used [0x00000000fab00000,0x00000000fe4a52d0,0x0000000100000000)
  to   space 87040K, 0% used [0x00000000f5600000,0x00000000f5600000,0x00000000fab00000)
 ParOldGen       total 1398272K, used 44550K [0x0000000080000000, 0x00000000d5580000, 0x00000000d5580000)
  object space 1398272K, 3% used [0x0000000080000000,0x0000000082b819f0,0x00000000d5580000)
 Metaspace       used 65397K, capacity 68092K, committed 68224K, reserved 1110016K
  class space    used 7463K, capacity 7944K, committed 8064K, reserved 1048576K
}
Event: 34.780 GC heap before
{Heap before GC invocations=8 (full 3):
 PSYoungGen      total 611840K, used 575723K [0x00000000d5580000, 0x0000000100000000, 0x0000000100000000)
  eden space 524800K, 98% used [0x00000000d5580000,0x00000000f4e15b70,0x00000000f5600000)
  from space 87040K, 67% used [0x00000000fab00000,0x00000000fe4a52d0,0x0000000100000000)
  to   space 87040K, 0% used [0x00000000f5600000,0x00000000f5600000,0x00000000fab00000)
 ParOldGen       total 1398272K, used 44550K [0x0000000080000000, 0x00000000d5580000, 0x00000000d5580000)
  object space 1398272K, 3% used [0x0000000080000000,0x0000000082b819f0,0x00000000d5580000)
 Metaspace       used 66113K, capacity 68898K, committed 68992K, reserved 1110016K
  class space    used 7488K, capacity 7973K, committed 8064K, reserved 1048576K
Event: 34.866 GC heap after
Heap after GC invocations=8 (full 3):
 PSYoungGen      total 596480K, used 71303K [0x00000000d5580000, 0x00000000ff900000, 0x0000000100000000)
  eden space 524800K, 0% used [0x00000000d5580000,0x00000000d5580000,0x00000000f5600000)
  from space 71680K, 99% used [0x00000000f5600000,0x00000000f9ba1cf8,0x00000000f9c00000)
  to   space 83456K, 0% used [0x00000000fa780000,0x00000000fa780000,0x00000000ff900000)
 ParOldGen       total 1398272K, used 44550K [0x0000000080000000, 0x00000000d5580000, 0x00000000d5580000)
  object space 1398272K, 3% used [0x0000000080000000,0x0000000082b819f0,0x00000000d5580000)
 Metaspace       used 66113K, capacity 68898K, committed 68992K, reserved 1110016K
  class space    used 7488K, capacity 7973K, committed 8064K, reserved 1048576K
}

