# JRE version: OpenJDK Runtime Environment (8.0_212-b04) (build 1.8.0_212-b04)
# Java VM: OpenJDK 64-Bit Server VM (25.212-b04 mixed mode linux-amd64 compressed oops)
Heap:
 PSYoungGen      total 611840K, used 246407K [0x00000000d5580000, 0x0000000100000000, 0x0000000100000000)
  eden space 524800K, 46% used [0x00000000d5580000,0x00000000e4621cb0,0x00000000f5600000)
  from space 87040K, 0% used [0x00000000f5600000,0x00000000f5600000,0x00000000fab00000)
  to   space 87040K, 0% used [0x00000000fab00000,0x00000000fab00000,0x0000000100000000)
 ParOldGen       total 1398272K, used 42265K [0x0000000080000000, 0x00000000d5580000, 0x00000000d5580000)
  object space 1398272K, 3% used [0x0000000080000000,0x00000000829467a8,0x00000000d5580000)
 Metaspace       used 63480K, capacity 65906K, committed 66176K, reserved 1107968K
  class space    used 7317K, capacity 7761K, committed 7808K, reserved 1048576K
GC Heap History (10 events):
Event: 2.131 GC heap before
{Heap before GC invocations=2 (full 1):
 PSYoungGen      total 611840K, used 14321K [0x00000000d5580000, 0x0000000100000000, 0x0000000100000000)
  eden space 524800K, 0% used [0x00000000d5580000,0x00000000d5580000,0x00000000f5600000)
  from space 87040K, 16% used [0x00000000f5600000,0x00000000f63fc718,0x00000000fab00000)
  to   space 87040K, 0% used [0x00000000fab00000,0x00000000fab00000,0x0000000100000000)
 ParOldGen       total 1398272K, used 72K [0x0000000080000000, 0x00000000d5580000, 0x00000000d5580000)
  object space 1398272K, 0% used [0x0000000080000000,0x0000000080012010,0x00000000d5580000)
 Metaspace       used 20847K, capacity 21106K, committed 21248K, reserved 1069056K
  class space    used 2379K, capacity 2482K, committed 2560K, reserved 1048576K
Event: 2.200 GC heap after
Heap after GC invocations=2 (full 1):
 PSYoungGen      total 611840K, used 0K [0x00000000d5580000, 0x0000000100000000, 0x0000000100000000)
  eden space 524800K, 0% used [0x00000000d5580000,0x00000000d5580000,0x00000000f5600000)
  from space 87040K, 0% used [0x00000000f5600000,0x00000000f5600000,0x00000000fab00000)
  to   space 87040K, 0% used [0x00000000fab00000,0x00000000fab00000,0x0000000100000000)
 ParOldGen       total 857088K, used 13795K [0x0000000080000000, 0x00000000b4500000, 0x00000000d5580000)
  object space 857088K, 1% used [0x0000000080000000,0x0000000080d78ff8,0x00000000b4500000)
 Metaspace       used 20847K, capacity 21106K, committed 21248K, reserved 1069056K
  class space    used 2379K, capacity 2482K, committed 2560K, reserved 1048576K
}
Event: 4.800 GC heap before
{Heap before GC invocations=3 (full 1):
 PSYoungGen      total 611840K, used 403486K [0x00000000d5580000, 0x0000000100000000, 0x0000000100000000)
  eden space 524800K, 76% used [0x00000000d5580000,0x00000000edf87800,0x00000000f5600000)
  from space 87040K, 0% used [0x00000000f5600000,0x00000000f5600000,0x00000000fab00000)
  to   space 87040K, 0% used [0x00000000fab00000,0x00000000fab00000,0x0000000100000000)
 ParOldGen       total 857088K, used 13795K [0x0000000080000000, 0x00000000b4500000, 0x00000000d5580000)
  object space 857088K, 1% used [0x0000000080000000,0x0000000080d78ff8,0x00000000b4500000)
 Metaspace       used 34755K, capacity 35188K, committed 35416K, reserved 1081344K
  class space    used 3973K, capacity 4092K, committed 4096K, reserved 1048576K
Event: 4.835 GC heap after
Heap after GC invocations=3 (full 1):
 PSYoungGen      total 611840K, used 19256K [0x00000000d5580000, 0x0000000100000000, 0x0000000100000000)
  eden space 524800K, 0% used [0x00000000d5580000,0x00000000d5580000,0x00000000f5600000)
  from space 87040K, 22% used [0x00000000fab00000,0x00000000fbdce1a0,0x0000000100000000)
  to   space 87040K, 0% used [0x00000000f5600000,0x00000000f5600000,0x00000000fab00000)
 ParOldGen       total 857088K, used 13795K [0x0000000080000000, 0x00000000b4500000, 0x00000000d5580000)
  object space 857088K, 1% used [0x0000000080000000,0x0000000080d78ff8,0x00000000b4500000)
 Metaspace       used 34755K, capacity 35188K, committed 35416K, reserved 1081344K
  class space    used 3973K, capacity 4092K, committed 4096K, reserved 1048576K
}
Event: 4.835 GC heap before
{Heap before GC invocations=4 (full 2):
 PSYoungGen      total 611840K, used 19256K [0x00000000d5580000, 0x0000000100000000, 0x0000000100000000)
  eden space 524800K, 0% used [0x00000000d5580000,0x00000000d5580000,0x00000000f5600000)
  from space 87040K, 22% used [0x00000000fab00000,0x00000000fbdce1a0,0x0000000100000000)
  to   space 87040K, 0% used [0x00000000f5600000,0x00000000f5600000,0x00000000fab00000)
 ParOldGen       total 857088K, used 13795K [0x0000000080000000, 0x00000000b4500000, 0x00000000d5580000)
  object space 857088K, 1% used [0x0000000080000000,0x0000000080d78ff8,0x00000000b4500000)
 Metaspace       used 34755K, capacity 35188K, committed 35416K, reserved 1081344K
  class space    used 3973K, capacity 4092K, committed 4096K, reserved 1048576K
Event: 4.921 GC heap after
Heap after GC invocations=4 (full 2):
 PSYoungGen      total 611840K, used 0K [0x00000000d5580000, 0x0000000100000000, 0x0000000100000000)
  eden space 524800K, 0% used [0x00000000d5580000,0x00000000d5580000,0x00000000f5600000)
  from space 87040K, 0% used [0x00000000fab00000,0x00000000fab00000,0x0000000100000000)
  to   space 87040K, 0% used [0x00000000f5600000,0x00000000f5600000,0x00000000fab00000)
 ParOldGen       total 1398272K, used 23583K [0x0000000080000000, 0x00000000d5580000, 0x00000000d5580000)
  object space 1398272K, 1% used [0x0000000080000000,0x0000000081707c88,0x00000000d5580000)
 Metaspace       used 34755K, capacity 35188K, committed 35416K, reserved 1081344K
  class space    used 3973K, capacity 4092K, committed 4096K, reserved 1048576K
}
Event: 12.044 GC heap before
{Heap before GC invocations=5 (full 2):
 PSYoungGen      total 611840K, used 430420K [0x00000000d5580000, 0x0000000100000000, 0x0000000100000000)
  eden space 524800K, 82% used [0x00000000d5580000,0x00000000ef9d5080,0x00000000f5600000)
  from space 87040K, 0% used [0x00000000fab00000,0x00000000fab00000,0x0000000100000000)
  to   space 87040K, 0% used [0x00000000f5600000,0x00000000f5600000,0x00000000fab00000)
 ParOldGen       total 1398272K, used 23583K [0x0000000080000000, 0x00000000d5580000, 0x00000000d5580000)
  object space 1398272K, 1% used [0x0000000080000000,0x0000000081707c88,0x00000000d5580000)
 Metaspace       used 57466K, capacity 58830K, committed 59008K, reserved 1101824K
  class space    used 6663K, capacity 6939K, committed 7040K, reserved 1048576K
Event: 12.125 GC heap after
Heap after GC invocations=5 (full 2):
 PSYoungGen      total 611840K, used 31734K [0x00000000d5580000, 0x0000000100000000, 0x0000000100000000)
  eden space 524800K, 0% used [0x00000000d5580000,0x00000000d5580000,0x00000000f5600000)
  from space 87040K, 36% used [0x00000000f5600000,0x00000000f74fd960,0x00000000fab00000)
  to   space 87040K, 0% used [0x00000000fab00000,0x00000000fab00000,0x0000000100000000)
 ParOldGen       total 1398272K, used 23591K [0x0000000080000000, 0x00000000d5580000, 0x00000000d5580000)
  object space 1398272K, 1% used [0x0000000080000000,0x0000000081709c88,0x00000000d5580000)
 Metaspace       used 57466K, capacity 58830K, committed 59008K, reserved 1101824K
  class space    used 6663K, capacity 6939K, committed 7040K, reserved 1048576K
}
Event: 12.125 GC heap before
{Heap before GC invocations=6 (full 3):
 PSYoungGen      total 611840K, used 31734K [0x00000000d5580000, 0x0000000100000000, 0x0000000100000000)
  eden space 524800K, 0% used [0x00000000d5580000,0x00000000d5580000,0x00000000f5600000)
  from space 87040K, 36% used [0x00000000f5600000,0x00000000f74fd960,0x00000000fab00000)
  to   space 87040K, 0% used [0x00000000fab00000,0x00000000fab00000,0x0000000100000000)
 ParOldGen       total 1398272K, used 23591K [0x0000000080000000, 0x00000000d5580000, 0x00000000d5580000)
  object space 1398272K, 1% used [0x0000000080000000,0x0000000081709c88,0x00000000d5580000)
 Metaspace       used 57466K, capacity 58830K, committed 59008K, reserved 1101824K
  class space    used 6663K, capacity 6939K, committed 7040K, reserved 1048576K
Event: 12.428 GC heap after
Heap after GC invocations=6 (full 3):
 PSYoungGen      total 611840K, used 0K [0x00000000d5580000, 0x0000000100000000, 0x0000000100000000)
  eden space 524800K, 0% used [0x00000000d5580000,0x00000000d5580000,0x00000000f5600000)
  from space 87040K, 0% used [0x00000000f5600000,0x00000000f5600000,0x00000000fab00000)
  to   space 87040K, 0% used [0x00000000fab00000,0x00000000fab00000,0x0000000100000000)
 ParOldGen       total 1398272K, used 42265K [0x0000000080000000, 0x00000000d5580000, 0x00000000d5580000)
  object space 1398272K, 3% used [0x0000000080000000,0x00000000829467a8,0x00000000d5580000)
 Metaspace       used 57435K, capacity 58754K, committed 59008K, reserved 1101824K
  class space    used 6652K, capacity 6919K, committed 7040K, reserved 1048576K
}

