# JRE version: OpenJDK Runtime Environment (8.0_212-b04) (build 1.8.0_212-b04)
# Java VM: OpenJDK 64-Bit Server VM (25.212-b04 mixed mode linux-amd64 compressed oops)
Heap:
 PSYoungGen      total 611840K, used 190552K [0x00000000d5580000, 0x0000000100000000, 0x0000000100000000)
  eden space 524800K, 36% used [0x00000000d5580000,0x00000000e0f960a8,0x00000000f5600000)
  from space 87040K, 0% used [0x00000000f5600000,0x00000000f5600000,0x00000000fab00000)
  to   space 87040K, 0% used [0x00000000fab00000,0x00000000fab00000,0x0000000100000000)
 ParOldGen       total 1398272K, used 41185K [0x0000000080000000, 0x00000000d5580000, 0x00000000d5580000)
  object space 1398272K, 2% used [0x0000000080000000,0x0000000082838438,0x00000000d5580000)
 Metaspace       used 62930K, capacity 65334K, committed 65664K, reserved 1107968K
  class space    used 7289K, capacity 7713K, committed 7808K, reserved 1048576K
GC Heap History (10 events):
Event: 3.642 GC heap before
{Heap before GC invocations=2 (full 1):
 PSYoungGen      total 611840K, used 14273K [0x00000000d5580000, 0x0000000100000000, 0x0000000100000000)
  eden space 524800K, 0% used [0x00000000d5580000,0x00000000d5580000,0x00000000f5600000)
  from space 87040K, 16% used [0x00000000f5600000,0x00000000f63f0618,0x00000000fab00000)
  to   space 87040K, 0% used [0x00000000fab00000,0x00000000fab00000,0x0000000100000000)
 ParOldGen       total 1398272K, used 72K [0x0000000080000000, 0x00000000d5580000, 0x00000000d5580000)
  object space 1398272K, 0% used [0x0000000080000000,0x0000000080012010,0x00000000d5580000)
 Metaspace       used 20786K, capacity 21016K, committed 21248K, reserved 1069056K
  class space    used 2343K, capacity 2451K, committed 2560K, reserved 1048576K
Event: 3.702 GC heap after
Heap after GC invocations=2 (full 1):
 PSYoungGen      total 611840K, used 0K [0x00000000d5580000, 0x0000000100000000, 0x0000000100000000)
  eden space 524800K, 0% used [0x00000000d5580000,0x00000000d5580000,0x00000000f5600000)
  from space 87040K, 0% used [0x00000000f5600000,0x00000000f5600000,0x00000000fab00000)
  to   space 87040K, 0% used [0x00000000fab00000,0x00000000fab00000,0x0000000100000000)
 ParOldGen       total 885760K, used 13728K [0x0000000080000000, 0x00000000b6100000, 0x00000000d5580000)
  object space 885760K, 1% used [0x0000000080000000,0x0000000080d681d0,0x00000000b6100000)
 Metaspace       used 20786K, capacity 21016K, committed 21248K, reserved 1069056K
  class space    used 2343K, capacity 2451K, committed 2560K, reserved 1048576K
}
Event: 6.082 GC heap before
{Heap before GC invocations=3 (full 1):
 PSYoungGen      total 611840K, used 491401K [0x00000000d5580000, 0x0000000100000000, 0x0000000100000000)
  eden space 524800K, 93% used [0x00000000d5580000,0x00000000f3562410,0x00000000f5600000)
  from space 87040K, 0% used [0x00000000f5600000,0x00000000f5600000,0x00000000fab00000)
  to   space 87040K, 0% used [0x00000000fab00000,0x00000000fab00000,0x0000000100000000)
 ParOldGen       total 885760K, used 13728K [0x0000000080000000, 0x00000000b6100000, 0x00000000d5580000)
  object space 885760K, 1% used [0x0000000080000000,0x0000000080d681d0,0x00000000b6100000)
 Metaspace       used 34607K, capacity 34970K, committed 35416K, reserved 1081344K
  class space    used 3940K, capacity 4061K, committed 4096K, reserved 1048576K
Event: 6.122 GC heap after
Heap after GC invocations=3 (full 1):
 PSYoungGen      total 611840K, used 19161K [0x00000000d5580000, 0x0000000100000000, 0x0000000100000000)
  eden space 524800K, 0% used [0x00000000d5580000,0x00000000d5580000,0x00000000f5600000)
  from space 87040K, 22% used [0x00000000fab00000,0x00000000fbdb65c8,0x0000000100000000)
  to   space 87040K, 0% used [0x00000000f5600000,0x00000000f5600000,0x00000000fab00000)
 ParOldGen       total 885760K, used 13728K [0x0000000080000000, 0x00000000b6100000, 0x00000000d5580000)
  object space 885760K, 1% used [0x0000000080000000,0x0000000080d681d0,0x00000000b6100000)
 Metaspace       used 34607K, capacity 34970K, committed 35416K, reserved 1081344K
  class space    used 3940K, capacity 4061K, committed 4096K, reserved 1048576K
}
Event: 6.122 GC heap before
{Heap before GC invocations=4 (full 2):
 PSYoungGen      total 611840K, used 19161K [0x00000000d5580000, 0x0000000100000000, 0x0000000100000000)
  eden space 524800K, 0% used [0x00000000d5580000,0x00000000d5580000,0x00000000f5600000)
  from space 87040K, 22% used [0x00000000fab00000,0x00000000fbdb65c8,0x0000000100000000)
  to   space 87040K, 0% used [0x00000000f5600000,0x00000000f5600000,0x00000000fab00000)
 ParOldGen       total 885760K, used 13728K [0x0000000080000000, 0x00000000b6100000, 0x00000000d5580000)
  object space 885760K, 1% used [0x0000000080000000,0x0000000080d681d0,0x00000000b6100000)
 Metaspace       used 34607K, capacity 34970K, committed 35416K, reserved 1081344K
  class space    used 3940K, capacity 4061K, committed 4096K, reserved 1048576K
Event: 6.227 GC heap after
Heap after GC invocations=4 (full 2):
 PSYoungGen      total 611840K, used 0K [0x00000000d5580000, 0x0000000100000000, 0x0000000100000000)
  eden space 524800K, 0% used [0x00000000d5580000,0x00000000d5580000,0x00000000f5600000)
  from space 87040K, 0% used [0x00000000fab00000,0x00000000fab00000,0x0000000100000000)
  to   space 87040K, 0% used [0x00000000f5600000,0x00000000f5600000,0x00000000fab00000)
 ParOldGen       total 1398272K, used 23440K [0x0000000080000000, 0x00000000d5580000, 0x00000000d5580000)
  object space 1398272K, 1% used [0x0000000080000000,0x00000000816e4230,0x00000000d5580000)
 Metaspace       used 34607K, capacity 34970K, committed 35416K, reserved 1081344K
  class space    used 3940K, capacity 4061K, committed 4096K, reserved 1048576K
}
Event: 14.729 GC heap before
{Heap before GC invocations=5 (full 2):
 PSYoungGen      total 611840K, used 417368K [0x00000000d5580000, 0x0000000100000000, 0x0000000100000000)
  eden space 524800K, 79% used [0x00000000d5580000,0x00000000eed162d8,0x00000000f5600000)
  from space 87040K, 0% used [0x00000000fab00000,0x00000000fab00000,0x0000000100000000)
  to   space 87040K, 0% used [0x00000000f5600000,0x00000000f5600000,0x00000000fab00000)
 ParOldGen       total 1398272K, used 23440K [0x0000000080000000, 0x00000000d5580000, 0x00000000d5580000)
  object space 1398272K, 1% used [0x0000000080000000,0x00000000816e4230,0x00000000d5580000)
 Metaspace       used 57434K, capacity 58810K, committed 59008K, reserved 1101824K
  class space    used 6664K, capacity 6939K, committed 7040K, reserved 1048576K
Event: 14.779 GC heap after
Heap after GC invocations=5 (full 2):
 PSYoungGen      total 611840K, used 30542K [0x00000000d5580000, 0x0000000100000000, 0x0000000100000000)
  eden space 524800K, 0% used [0x00000000d5580000,0x00000000d5580000,0x00000000f5600000)
  from space 87040K, 35% used [0x00000000f5600000,0x00000000f73d3a08,0x00000000fab00000)
  to   space 87040K, 0% used [0x00000000fab00000,0x00000000fab00000,0x0000000100000000)
 ParOldGen       total 1398272K, used 23448K [0x0000000080000000, 0x00000000d5580000, 0x00000000d5580000)
  object space 1398272K, 1% used [0x0000000080000000,0x00000000816e6230,0x00000000d5580000)
 Metaspace       used 57434K, capacity 58810K, committed 59008K, reserved 1101824K
  class space    used 6664K, capacity 6939K, committed 7040K, reserved 1048576K
}
Event: 14.779 GC heap before
{Heap before GC invocations=6 (full 3):
 PSYoungGen      total 611840K, used 30542K [0x00000000d5580000, 0x0000000100000000, 0x0000000100000000)
  eden space 524800K, 0% used [0x00000000d5580000,0x00000000d5580000,0x00000000f5600000)
  from space 87040K, 35% used [0x00000000f5600000,0x00000000f73d3a08,0x00000000fab00000)
  to   space 87040K, 0% used [0x00000000fab00000,0x00000000fab00000,0x0000000100000000)
 ParOldGen       total 1398272K, used 23448K [0x0000000080000000, 0x00000000d5580000, 0x00000000d5580000)
  object space 1398272K, 1% used [0x0000000080000000,0x00000000816e6230,0x00000000d5580000)
 Metaspace       used 57434K, capacity 58810K, committed 59008K, reserved 1101824K
  class space    used 6664K, capacity 6939K, committed 7040K, reserved 1048576K
Event: 14.973 GC heap after
Heap after GC invocations=6 (full 3):
 PSYoungGen      total 611840K, used 0K [0x00000000d5580000, 0x0000000100000000, 0x0000000100000000)
  eden space 524800K, 0% used [0x00000000d5580000,0x00000000d5580000,0x00000000f5600000)
  from space 87040K, 0% used [0x00000000f5600000,0x00000000f5600000,0x00000000fab00000)
  to   space 87040K, 0% used [0x00000000fab00000,0x00000000fab00000,0x0000000100000000)
 ParOldGen       total 1398272K, used 41185K [0x0000000080000000, 0x00000000d5580000, 0x00000000d5580000)
  object space 1398272K, 2% used [0x0000000080000000,0x0000000082838438,0x00000000d5580000)
 Metaspace       used 57400K, capacity 58726K, committed 59008K, reserved 1101824K
  class space    used 6651K, capacity 6917K, committed 7040K, reserved 1048576K
}

