# JRE version: OpenJDK Runtime Environment (8.0_212-b04) (build 1.8.0_212-b04)
# Java VM: OpenJDK 64-Bit Server VM (25.212-b04 mixed mode linux-amd64 compressed oops)
Heap:
 PSYoungGen      total 611840K, used 59501K [0x00000000d5580000, 0x0000000100000000, 0x0000000100000000)
  eden space 524800K, 7% used [0x00000000d5580000,0x00000000d7bda6c8,0x00000000f5600000)
  from space 87040K, 23% used [0x00000000fab00000,0x00000000fbec1070,0x0000000100000000)
  to   space 87040K, 0% used [0x00000000f5600000,0x00000000f5600000,0x00000000fab00000)
 ParOldGen       total 1398272K, used 37945K [0x0000000080000000, 0x00000000d5580000, 0x00000000d5580000)
  object space 1398272K, 2% used [0x0000000080000000,0x000000008250e4f0,0x00000000d5580000)
 Metaspace       used 65460K, capacity 67820K, committed 68096K, reserved 1110016K
  class space    used 7431K, capacity 7862K, committed 7936K, reserved 1048576K
GC Heap History (10 events):
Event: 4.510 GC heap before
{Heap before GC invocations=3 (full 1):
 PSYoungGen      total 611840K, used 434802K [0x00000000d5580000, 0x0000000100000000, 0x0000000100000000)
  eden space 524800K, 82% used [0x00000000d5580000,0x00000000efe1cbe8,0x00000000f5600000)
  from space 87040K, 0% used [0x00000000f5600000,0x00000000f5600000,0x00000000fab00000)
  to   space 87040K, 0% used [0x00000000fab00000,0x00000000fab00000,0x0000000100000000)
 ParOldGen       total 834048K, used 13843K [0x0000000080000000, 0x00000000b2e80000, 0x00000000d5580000)
  object space 834048K, 1% used [0x0000000080000000,0x0000000080d84c78,0x00000000b2e80000)
 Metaspace       used 34799K, capacity 35188K, committed 35416K, reserved 1081344K
  class space    used 3978K, capacity 4092K, committed 4096K, reserved 1048576K
Event: 4.546 GC heap after
Heap after GC invocations=3 (full 1):
 PSYoungGen      total 611840K, used 19337K [0x00000000d5580000, 0x0000000100000000, 0x0000000100000000)
  eden space 524800K, 0% used [0x00000000d5580000,0x00000000d5580000,0x00000000f5600000)
  from space 87040K, 22% used [0x00000000fab00000,0x00000000fbde2588,0x0000000100000000)
  to   space 87040K, 0% used [0x00000000f5600000,0x00000000f5600000,0x00000000fab00000)
 ParOldGen       total 834048K, used 13843K [0x0000000080000000, 0x00000000b2e80000, 0x00000000d5580000)
  object space 834048K, 1% used [0x0000000080000000,0x0000000080d84c78,0x00000000b2e80000)
 Metaspace       used 34799K, capacity 35188K, committed 35416K, reserved 1081344K
  class space    used 3978K, capacity 4092K, committed 4096K, reserved 1048576K
}
Event: 4.546 GC heap before
{Heap before GC invocations=4 (full 2):
 PSYoungGen      total 611840K, used 19337K [0x00000000d5580000, 0x0000000100000000, 0x0000000100000000)
  eden space 524800K, 0% used [0x00000000d5580000,0x00000000d5580000,0x00000000f5600000)
  from space 87040K, 22% used [0x00000000fab00000,0x00000000fbde2588,0x0000000100000000)
  to   space 87040K, 0% used [0x00000000f5600000,0x00000000f5600000,0x00000000fab00000)
 ParOldGen       total 834048K, used 13843K [0x0000000080000000, 0x00000000b2e80000, 0x00000000d5580000)
  object space 834048K, 1% used [0x0000000080000000,0x0000000080d84c78,0x00000000b2e80000)
 Metaspace       used 34799K, capacity 35188K, committed 35416K, reserved 1081344K
  class space    used 3978K, capacity 4092K, committed 4096K, reserved 1048576K
Event: 4.636 GC heap after
Heap after GC invocations=4 (full 2):
 PSYoungGen      total 611840K, used 0K [0x00000000d5580000, 0x0000000100000000, 0x0000000100000000)
  eden space 524800K, 0% used [0x00000000d5580000,0x00000000d5580000,0x00000000f5600000)
  from space 87040K, 0% used [0x00000000fab00000,0x00000000fab00000,0x0000000100000000)
  to   space 87040K, 0% used [0x00000000f5600000,0x00000000f5600000,0x00000000fab00000)
 ParOldGen       total 1369600K, used 23745K [0x0000000080000000, 0x00000000d3980000, 0x00000000d5580000)
  object space 1369600K, 1% used [0x0000000080000000,0x0000000081730670,0x00000000d3980000)
 Metaspace       used 34799K, capacity 35188K, committed 35416K, reserved 1081344K
  class space    used 3978K, capacity 4092K, committed 4096K, reserved 1048576K
}
Event: 10.998 GC heap before
{Heap before GC invocations=5 (full 2):
 PSYoungGen      total 611840K, used 343368K [0x00000000d5580000, 0x0000000100000000, 0x0000000100000000)
  eden space 524800K, 65% used [0x00000000d5580000,0x00000000ea4d2270,0x00000000f5600000)
  from space 87040K, 0% used [0x00000000fab00000,0x00000000fab00000,0x0000000100000000)
  to   space 87040K, 0% used [0x00000000f5600000,0x00000000f5600000,0x00000000fab00000)
 ParOldGen       total 1369600K, used 23745K [0x0000000080000000, 0x00000000d3980000, 0x00000000d5580000)
  object space 1369600K, 1% used [0x0000000080000000,0x0000000081730670,0x00000000d3980000)
 Metaspace       used 57538K, capacity 58870K, committed 59008K, reserved 1101824K
  class space    used 6693K, capacity 6967K, committed 7040K, reserved 1048576K
Event: 11.044 GC heap after
Heap after GC invocations=5 (full 2):
 PSYoungGen      total 611840K, used 27086K [0x00000000d5580000, 0x0000000100000000, 0x0000000100000000)
  eden space 524800K, 0% used [0x00000000d5580000,0x00000000d5580000,0x00000000f5600000)
  from space 87040K, 31% used [0x00000000f5600000,0x00000000f70738f0,0x00000000fab00000)
  to   space 87040K, 0% used [0x00000000fab00000,0x00000000fab00000,0x0000000100000000)
 ParOldGen       total 1369600K, used 23753K [0x0000000080000000, 0x00000000d3980000, 0x00000000d5580000)
  object space 1369600K, 1% used [0x0000000080000000,0x0000000081732670,0x00000000d3980000)
 Metaspace       used 57538K, capacity 58870K, committed 59008K, reserved 1101824K
  class space    used 6693K, capacity 6967K, committed 7040K, reserved 1048576K
}
Event: 11.044 GC heap before
{Heap before GC invocations=6 (full 3):
 PSYoungGen      total 611840K, used 27086K [0x00000000d5580000, 0x0000000100000000, 0x0000000100000000)
  eden space 524800K, 0% used [0x00000000d5580000,0x00000000d5580000,0x00000000f5600000)
  from space 87040K, 31% used [0x00000000f5600000,0x00000000f70738f0,0x00000000fab00000)
  to   space 87040K, 0% used [0x00000000fab00000,0x00000000fab00000,0x0000000100000000)
 ParOldGen       total 1369600K, used 23753K [0x0000000080000000, 0x00000000d3980000, 0x00000000d5580000)
  object space 1369600K, 1% used [0x0000000080000000,0x0000000081732670,0x00000000d3980000)
 Metaspace       used 57538K, capacity 58870K, committed 59008K, reserved 1101824K
  class space    used 6693K, capacity 6967K, committed 7040K, reserved 1048576K
Event: 11.256 GC heap after
Heap after GC invocations=6 (full 3):
 PSYoungGen      total 611840K, used 0K [0x00000000d5580000, 0x0000000100000000, 0x0000000100000000)
  eden space 524800K, 0% used [0x00000000d5580000,0x00000000d5580000,0x00000000f5600000)
  from space 87040K, 0% used [0x00000000f5600000,0x00000000f5600000,0x00000000fab00000)
  to   space 87040K, 0% used [0x00000000fab00000,0x00000000fab00000,0x0000000100000000)
 ParOldGen       total 1398272K, used 37937K [0x0000000080000000, 0x00000000d5580000, 0x00000000d5580000)
  object space 1398272K, 2% used [0x0000000080000000,0x000000008250c4f0,0x00000000d5580000)
 Metaspace       used 57532K, capacity 58858K, committed 59008K, reserved 1101824K
  class space    used 6691K, capacity 6963K, committed 7040K, reserved 1048576K
}
Event: 94.066 GC heap before
{Heap before GC invocations=7 (full 3):
 PSYoungGen      total 611840K, used 524800K [0x00000000d5580000, 0x0000000100000000, 0x0000000100000000)
  eden space 524800K, 100% used [0x00000000d5580000,0x00000000f5600000,0x00000000f5600000)
  from space 87040K, 0% used [0x00000000f5600000,0x00000000f5600000,0x00000000fab00000)
  to   space 87040K, 0% used [0x00000000fab00000,0x00000000fab00000,0x0000000100000000)
 ParOldGen       total 1398272K, used 37937K [0x0000000080000000, 0x00000000d5580000, 0x00000000d5580000)
  object space 1398272K, 2% used [0x0000000080000000,0x000000008250c4f0,0x00000000d5580000)
 Metaspace       used 65345K, capacity 67688K, committed 67840K, reserved 1110016K
  class space    used 7422K, capacity 7862K, committed 7936K, reserved 1048576K
Event: 94.136 GC heap after
Heap after GC invocations=7 (full 3):
 PSYoungGen      total 611840K, used 20228K [0x00000000d5580000, 0x0000000100000000, 0x0000000100000000)
  eden space 524800K, 0% used [0x00000000d5580000,0x00000000d5580000,0x00000000f5600000)
  from space 87040K, 23% used [0x00000000fab00000,0x00000000fbec1070,0x0000000100000000)
  to   space 87040K, 0% used [0x00000000f5600000,0x00000000f5600000,0x00000000fab00000)
 ParOldGen       total 1398272K, used 37945K [0x0000000080000000, 0x00000000d5580000, 0x00000000d5580000)
  object space 1398272K, 2% used [0x0000000080000000,0x000000008250e4f0,0x00000000d5580000)
 Metaspace       used 65345K, capacity 67688K, committed 67840K, reserved 1110016K
  class space    used 7422K, capacity 7862K, committed 7936K, reserved 1048576K
}

