# JRE version: OpenJDK Runtime Environment (8.0_212-b04) (build 1.8.0_212-b04)
# Java VM: OpenJDK 64-Bit Server VM (25.212-b04 mixed mode linux-amd64 compressed oops)
Heap:
 PSYoungGen      total 611840K, used 101980K [0x00000000d5580000, 0x0000000100000000, 0x0000000100000000)
  eden space 524800K, 19% used [0x00000000d5580000,0x00000000db9173b8,0x00000000f5600000)
  from space 87040K, 0% used [0x00000000f5600000,0x00000000f5600000,0x00000000fab00000)
  to   space 87040K, 0% used [0x00000000fab00000,0x00000000fab00000,0x0000000100000000)
 ParOldGen       total 864768K, used 14259K [0x0000000080000000, 0x00000000b4c80000, 0x00000000d5580000)
  object space 864768K, 1% used [0x0000000080000000,0x0000000080decf88,0x00000000b4c80000)
 Metaspace       used 27237K, capacity 27482K, committed 27776K, reserved 1073152K
  class space    used 3317K, capacity 3412K, committed 3456K, reserved 1048576K
GC Heap History (4 events):
Event: 2.529 GC heap before
{Heap before GC invocations=1 (full 0):
 PSYoungGen      total 611840K, used 293913K [0x00000000d5580000, 0x0000000100000000, 0x0000000100000000)
  eden space 524800K, 56% used [0x00000000d5580000,0x00000000e7486678,0x00000000f5600000)
  from space 87040K, 0% used [0x00000000fab00000,0x00000000fab00000,0x0000000100000000)
  to   space 87040K, 0% used [0x00000000f5600000,0x00000000f5600000,0x00000000fab00000)
 ParOldGen       total 1398272K, used 0K [0x0000000080000000, 0x00000000d5580000, 0x00000000d5580000)
  object space 1398272K, 0% used [0x0000000080000000,0x0000000080000000,0x00000000d5580000)
 Metaspace       used 20884K, capacity 21100K, committed 21296K, reserved 1069056K
  class space    used 2575K, capacity 2673K, committed 2688K, reserved 1048576K
Event: 2.582 GC heap after
Heap after GC invocations=1 (full 0):
 PSYoungGen      total 611840K, used 15002K [0x00000000d5580000, 0x0000000100000000, 0x0000000100000000)
  eden space 524800K, 0% used [0x00000000d5580000,0x00000000d5580000,0x00000000f5600000)
  from space 87040K, 17% used [0x00000000f5600000,0x00000000f64a6aa0,0x00000000fab00000)
  to   space 87040K, 0% used [0x00000000fab00000,0x00000000fab00000,0x0000000100000000)
 ParOldGen       total 1398272K, used 24K [0x0000000080000000, 0x00000000d5580000, 0x00000000d5580000)
  object space 1398272K, 0% used [0x0000000080000000,0x0000000080006000,0x00000000d5580000)
 Metaspace       used 20884K, capacity 21100K, committed 21296K, reserved 1069056K
  class space    used 2575K, capacity 2673K, committed 2688K, reserved 1048576K
}
Event: 2.582 GC heap before
{Heap before GC invocations=2 (full 1):
 PSYoungGen      total 611840K, used 15002K [0x00000000d5580000, 0x0000000100000000, 0x0000000100000000)
  eden space 524800K, 0% used [0x00000000d5580000,0x00000000d5580000,0x00000000f5600000)
  from space 87040K, 17% used [0x00000000f5600000,0x00000000f64a6aa0,0x00000000fab00000)
  to   space 87040K, 0% used [0x00000000fab00000,0x00000000fab00000,0x0000000100000000)
 ParOldGen       total 1398272K, used 24K [0x0000000080000000, 0x00000000d5580000, 0x00000000d5580000)
  object space 1398272K, 0% used [0x0000000080000000,0x0000000080006000,0x00000000d5580000)
 Metaspace       used 20884K, capacity 21100K, committed 21296K, reserved 1069056K
  class space    used 2575K, capacity 2673K, committed 2688K, reserved 1048576K
Event: 2.671 GC heap after
Heap after GC invocations=2 (full 1):
 PSYoungGen      total 611840K, used 0K [0x00000000d5580000, 0x0000000100000000, 0x0000000100000000)
  eden space 524800K, 0% used [0x00000000d5580000,0x00000000d5580000,0x00000000f5600000)
  from space 87040K, 0% used [0x00000000f5600000,0x00000000f5600000,0x00000000fab00000)
  to   space 87040K, 0% used [0x00000000fab00000,0x00000000fab00000,0x0000000100000000)
 ParOldGen       total 864768K, used 14259K [0x0000000080000000, 0x00000000b4c80000, 0x00000000d5580000)
  object space 864768K, 1% used [0x0000000080000000,0x0000000080decf88,0x00000000b4c80000)
 Metaspace       used 20880K, capacity 21094K, committed 21296K, reserved 1069056K
  class space    used 2575K, capacity 2672K, committed 2688K, reserved 1048576K
}

