-------------------------------------------------------------------------------
Test set: org.apache.hadoop.hdds.scm.pipeline.TestPipelinePlacementPolicy
-------------------------------------------------------------------------------
Tests run: 3, Failures: 1, Errors: 0, Skipped: 0, Time elapsed: 0.554 s <<< FAILURE! - in org.apache.hadoop.hdds.scm.pipeline.TestPipelinePlacementPolicy
testHeavyNodeShouldBeExcluded(org.apache.hadoop.hdds.scm.pipeline.TestPipelinePlacementPolicy)  Time elapsed: 0.046 s  <<< FAILURE!
java.lang.AssertionError: expected null, but was:<[07605081-0e36-4178-9ff3-a73a84842aa9{ip: 240.0.180.152, host: localhost-240.0.180.152, networkLocation: /default-rack, certSerialId: null}, f101659d-7671-4482-ba1e-54c9dd36887b{ip: 59.119.25.203, host: localhost-59.119.25.203, networkLocation: /default-rack, certSerialId: null}, 785fb19c-b8c5-451b-a3ec-fd89def75d9e{ip: 72.118.193.219, host: localhost-72.118.193.219, networkLocation: /default-rack, certSerialId: null}, 7fdcab59-4b6c-4309-ad16-77e6105819b5{ip: 120.167.176.62, host: localhost-120.167.176.62, networkLocation: /default-rack, certSerialId: null}]>
	at org.junit.Assert.fail(Assert.java:88)
	at org.junit.Assert.failNotNull(Assert.java:664)
	at org.junit.Assert.assertNull(Assert.java:646)
	at org.junit.Assert.assertNull(Assert.java:656)
	at org.apache.hadoop.hdds.scm.pipeline.TestPipelinePlacementPolicy.testHeavyNodeShouldBeExcluded(TestPipelinePlacementPolicy.java:155)
	at sun.reflect.NativeMethodAccessorImpl.invoke0(Native Method)
	at sun.reflect.NativeMethodAccessorImpl.invoke(NativeMethodAccessorImpl.java:62)
	at sun.reflect.DelegatingMethodAccessorImpl.invoke(DelegatingMethodAccessorImpl.java:43)
	at java.lang.reflect.Method.invoke(Method.java:498)
	at org.junit.runners.model.FrameworkMethod$1.runReflectiveCall(FrameworkMethod.java:47)
	at org.junit.internal.runners.model.ReflectiveCallable.run(ReflectiveCallable.java:12)
	at org.junit.runners.model.FrameworkMethod.invokeExplosively(FrameworkMethod.java:44)
	at org.junit.internal.runners.statements.InvokeMethod.evaluate(InvokeMethod.java:17)
	at org.junit.internal.runners.statements.RunBefores.evaluate(RunBefores.java:26)
	at org.junit.runners.ParentRunner.runLeaf(ParentRunner.java:271)
	at org.junit.runners.BlockJUnit4ClassRunner.runChild(BlockJUnit4ClassRunner.java:70)
	at org.junit.runners.BlockJUnit4ClassRunner.runChild(BlockJUnit4ClassRunner.java:50)
	at org.junit.runners.ParentRunner$3.run(ParentRunner.java:238)
	at org.junit.runners.ParentRunner$1.schedule(ParentRunner.java:63)
	at org.junit.runners.ParentRunner.runChildren(ParentRunner.java:236)
	at org.junit.runners.ParentRunner.access$000(ParentRunner.java:53)
	at org.junit.runners.ParentRunner$2.evaluate(ParentRunner.java:229)
	at org.junit.runners.ParentRunner.run(ParentRunner.java:309)
	at org.apache.maven.surefire.junit4.JUnit4Provider.execute(JUnit4Provider.java:365)
	at org.apache.maven.surefire.junit4.JUnit4Provider.executeWithRerun(JUnit4Provider.java:273)
	at org.apache.maven.surefire.junit4.JUnit4Provider.executeTestSet(JUnit4Provider.java:238)
	at org.apache.maven.surefire.junit4.JUnit4Provider.invoke(JUnit4Provider.java:159)
	at org.apache.maven.surefire.booter.ForkedBooter.invokeProviderInSameClassLoader(ForkedBooter.java:384)
	at org.apache.maven.surefire.booter.ForkedBooter.runSuitesInProcess(ForkedBooter.java:345)
	at org.apache.maven.surefire.booter.ForkedBooter.execute(ForkedBooter.java:126)
	at org.apache.maven.surefire.booter.ForkedBooter.main(ForkedBooter.java:418)

