# JRE version: OpenJDK Runtime Environment (8.0_212-b04) (build 1.8.0_212-b04)
# Java VM: OpenJDK 64-Bit Server VM (25.212-b04 mixed mode linux-amd64 compressed oops)
Heap:
 PSYoungGen      total 600064K, used 159495K [0x00000000d5580000, 0x0000000100000000, 0x0000000100000000)
  eden space 521216K, 15% used [0x00000000d5580000,0x00000000da447bd8,0x00000000f5280000)
  from space 78848K, 99% used [0x00000000f5280000,0x00000000f9f7a358,0x00000000f9f80000)
  to   space 98816K, 0% used [0x00000000f9f80000,0x00000000f9f80000,0x0000000100000000)
 ParOldGen       total 1398272K, used 95383K [0x0000000080000000, 0x00000000d5580000, 0x00000000d5580000)
  object space 1398272K, 6% used [0x0000000080000000,0x0000000085d25f38,0x00000000d5580000)
 Metaspace       used 69400K, capacity 72566K, committed 72832K, reserved 1114112K
  class space    used 7671K, capacity 8255K, committed 8320K, reserved 1048576K
GC Heap History (10 events):
Event: 12.976 GC heap before
{Heap before GC invocations=6 (full 2):
 PSYoungGen      total 611840K, used 171604K [0x00000000d5580000, 0x0000000100000000, 0x0000000100000000)
  eden space 524800K, 27% used [0x00000000d5580000,0x00000000de255ec0,0x00000000f5600000)
  from space 87040K, 31% used [0x00000000f5600000,0x00000000f70bf408,0x00000000fab00000)
  to   space 87040K, 0% used [0x00000000fab00000,0x00000000fab00000,0x0000000100000000)
 ParOldGen       total 1398272K, used 23598K [0x0000000080000000, 0x00000000d5580000, 0x00000000d5580000)
  object space 1398272K, 1% used [0x0000000080000000,0x000000008170b918,0x00000000d5580000)
 Metaspace       used 57369K, capacity 58914K, committed 59008K, reserved 1101824K
  class space    used 6640K, capacity 6957K, committed 7040K, reserved 1048576K
Event: 13.018 GC heap after
Heap after GC invocations=6 (full 2):
 PSYoungGen      total 611840K, used 20081K [0x00000000d5580000, 0x0000000100000000, 0x0000000100000000)
  eden space 524800K, 0% used [0x00000000d5580000,0x00000000d5580000,0x00000000f5600000)
  from space 87040K, 23% used [0x00000000fab00000,0x00000000fbe9c740,0x0000000100000000)
  to   space 87040K, 0% used [0x00000000f5600000,0x00000000f5600000,0x00000000fab00000)
 ParOldGen       total 1398272K, used 23606K [0x0000000080000000, 0x00000000d5580000, 0x00000000d5580000)
  object space 1398272K, 1% used [0x0000000080000000,0x000000008170d918,0x00000000d5580000)
 Metaspace       used 57369K, capacity 58914K, committed 59008K, reserved 1101824K
  class space    used 6640K, capacity 6957K, committed 7040K, reserved 1048576K
}
Event: 13.018 GC heap before
{Heap before GC invocations=7 (full 3):
 PSYoungGen      total 611840K, used 20081K [0x00000000d5580000, 0x0000000100000000, 0x0000000100000000)
  eden space 524800K, 0% used [0x00000000d5580000,0x00000000d5580000,0x00000000f5600000)
  from space 87040K, 23% used [0x00000000fab00000,0x00000000fbe9c740,0x0000000100000000)
  to   space 87040K, 0% used [0x00000000f5600000,0x00000000f5600000,0x00000000fab00000)
 ParOldGen       total 1398272K, used 23606K [0x0000000080000000, 0x00000000d5580000, 0x00000000d5580000)
  object space 1398272K, 1% used [0x0000000080000000,0x000000008170d918,0x00000000d5580000)
 Metaspace       used 57369K, capacity 58914K, committed 59008K, reserved 1101824K
  class space    used 6640K, capacity 6957K, committed 7040K, reserved 1048576K
Event: 13.325 GC heap after
Heap after GC invocations=7 (full 3):
 PSYoungGen      total 611840K, used 0K [0x00000000d5580000, 0x0000000100000000, 0x0000000100000000)
  eden space 524800K, 0% used [0x00000000d5580000,0x00000000d5580000,0x00000000f5600000)
  from space 87040K, 0% used [0x00000000fab00000,0x00000000fab00000,0x0000000100000000)
  to   space 87040K, 0% used [0x00000000f5600000,0x00000000f5600000,0x00000000fab00000)
 ParOldGen       total 1398272K, used 31669K [0x0000000080000000, 0x00000000d5580000, 0x00000000d5580000)
  object space 1398272K, 2% used [0x0000000080000000,0x0000000081eed648,0x00000000d5580000)
 Metaspace       used 57316K, capacity 58766K, committed 59008K, reserved 1101824K
  class space    used 6622K, capacity 6925K, committed 7040K, reserved 1048576K
}
Event: 44.122 GC heap before
{Heap before GC invocations=8 (full 3):
 PSYoungGen      total 611840K, used 524800K [0x00000000d5580000, 0x0000000100000000, 0x0000000100000000)
  eden space 524800K, 100% used [0x00000000d5580000,0x00000000f5600000,0x00000000f5600000)
  from space 87040K, 0% used [0x00000000fab00000,0x00000000fab00000,0x0000000100000000)
  to   space 87040K, 0% used [0x00000000f5600000,0x00000000f5600000,0x00000000fab00000)
 ParOldGen       total 1398272K, used 31669K [0x0000000080000000, 0x00000000d5580000, 0x00000000d5580000)
  object space 1398272K, 2% used [0x0000000080000000,0x0000000081eed648,0x00000000d5580000)
 Metaspace       used 65620K, capacity 68268K, committed 68352K, reserved 1110016K
  class space    used 7466K, capacity 7934K, committed 7936K, reserved 1048576K
Event: 44.287 GC heap after
Heap after GC invocations=8 (full 3):
 PSYoungGen      total 600064K, used 74862K [0x00000000d5580000, 0x00000000fd200000, 0x0000000100000000)
  eden space 524800K, 0% used [0x00000000d5580000,0x00000000d5580000,0x00000000f5600000)
  from space 75264K, 99% used [0x00000000f5600000,0x00000000f9f1ba30,0x00000000f9f80000)
  to   space 51712K, 0% used [0x00000000f9f80000,0x00000000f9f80000,0x00000000fd200000)
 ParOldGen       total 1398272K, used 31677K [0x0000000080000000, 0x00000000d5580000, 0x00000000d5580000)
  object space 1398272K, 2% used [0x0000000080000000,0x0000000081eef648,0x00000000d5580000)
 Metaspace       used 65620K, capacity 68268K, committed 68352K, reserved 1110016K
  class space    used 7466K, capacity 7934K, committed 7936K, reserved 1048576K
}
Event: 94.124 GC heap before
{Heap before GC invocations=9 (full 3):
 PSYoungGen      total 600064K, used 599662K [0x00000000d5580000, 0x00000000fd200000, 0x0000000100000000)
  eden space 524800K, 100% used [0x00000000d5580000,0x00000000f5600000,0x00000000f5600000)
  from space 75264K, 99% used [0x00000000f5600000,0x00000000f9f1ba30,0x00000000f9f80000)
  to   space 51712K, 0% used [0x00000000f9f80000,0x00000000f9f80000,0x00000000fd200000)
 ParOldGen       total 1398272K, used 31677K [0x0000000080000000, 0x00000000d5580000, 0x00000000d5580000)
  object space 1398272K, 2% used [0x0000000080000000,0x0000000081eef648,0x00000000d5580000)
 Metaspace       used 67896K, capacity 70806K, committed 70912K, reserved 1112064K
  class space    used 7604K, capacity 8097K, committed 8192K, reserved 1048576K
Event: 94.293 GC heap after
Heap after GC invocations=9 (full 3):
 PSYoungGen      total 572928K, used 51684K [0x00000000d5580000, 0x0000000100000000, 0x0000000100000000)
  eden space 521216K, 0% used [0x00000000d5580000,0x00000000d5580000,0x00000000f5280000)
  from space 51712K, 99% used [0x00000000f9f80000,0x00000000fd1f9028,0x00000000fd200000)
  to   space 78848K, 0% used [0x00000000f5280000,0x00000000f5280000,0x00000000f9f80000)
 ParOldGen       total 1398272K, used 47958K [0x0000000080000000, 0x00000000d5580000, 0x00000000d5580000)
  object space 1398272K, 3% used [0x0000000080000000,0x0000000082ed5b48,0x00000000d5580000)
 Metaspace       used 67896K, capacity 70806K, committed 70912K, reserved 1112064K
  class space    used 7604K, capacity 8097K, committed 8192K, reserved 1048576K
}
Event: 153.762 GC heap before
{Heap before GC invocations=10 (full 3):
 PSYoungGen      total 572928K, used 572900K [0x00000000d5580000, 0x0000000100000000, 0x0000000100000000)
  eden space 521216K, 100% used [0x00000000d5580000,0x00000000f5280000,0x00000000f5280000)
  from space 51712K, 99% used [0x00000000f9f80000,0x00000000fd1f9028,0x00000000fd200000)
  to   space 78848K, 0% used [0x00000000f5280000,0x00000000f5280000,0x00000000f9f80000)
 ParOldGen       total 1398272K, used 47958K [0x0000000080000000, 0x00000000d5580000, 0x00000000d5580000)
  object space 1398272K, 3% used [0x0000000080000000,0x0000000082ed5b48,0x00000000d5580000)
 Metaspace       used 69090K, capacity 72198K, committed 72320K, reserved 1114112K
  class space    used 7647K, capacity 8199K, committed 8320K, reserved 1048576K
Event: 154.005 GC heap after
Heap after GC invocations=10 (full 3):
 PSYoungGen      total 600064K, used 78824K [0x00000000d5580000, 0x0000000100000000, 0x0000000100000000)
  eden space 521216K, 0% used [0x00000000d5580000,0x00000000d5580000,0x00000000f5280000)
  from space 78848K, 99% used [0x00000000f5280000,0x00000000f9f7a358,0x00000000f9f80000)
  to   space 98816K, 0% used [0x00000000f9f80000,0x00000000f9f80000,0x0000000100000000)
 ParOldGen       total 1398272K, used 95383K [0x0000000080000000, 0x00000000d5580000, 0x00000000d5580000)
  object space 1398272K, 6% used [0x0000000080000000,0x0000000085d25f38,0x00000000d5580000)
 Metaspace       used 69090K, capacity 72198K, committed 72320K, reserved 1114112K
  class space    used 7647K, capacity 8199K, committed 8320K, reserved 1048576K
}

