# JRE version: OpenJDK Runtime Environment (8.0_212-b04) (build 1.8.0_212-b04)
# Java VM: OpenJDK 64-Bit Server VM (25.212-b04 mixed mode linux-amd64 compressed oops)
Heap:
 PSYoungGen      total 543744K, used 340007K [0x00000000d5580000, 0x00000000fab80000, 0x0000000100000000)
  eden space 524800K, 64% used [0x00000000d5580000,0x00000000ea189c28,0x00000000f5600000)
  from space 18944K, 0% used [0x00000000f5600000,0x00000000f5600000,0x00000000f6880000)
  to   space 26624K, 0% used [0x00000000f9180000,0x00000000f9180000,0x00000000fab80000)
 ParOldGen       total 1398272K, used 30710K [0x0000000080000000, 0x00000000d5580000, 0x00000000d5580000)
  object space 1398272K, 2% used [0x0000000080000000,0x0000000081dfd818,0x00000000d5580000)
 Metaspace       used 67575K, capacity 69950K, committed 70204K, reserved 1112064K
  class space    used 7773K, capacity 8203K, committed 8252K, reserved 1048576K
GC Heap History (10 events):
Event: 5.185 GC heap before
{Heap before GC invocations=4 (full 1):
 PSYoungGen      total 611840K, used 40363K [0x00000000d5580000, 0x0000000100000000, 0x0000000100000000)
  eden space 524800K, 4% used [0x00000000d5580000,0x00000000d6a373f8,0x00000000f5600000)
  from space 87040K, 22% used [0x00000000fab00000,0x00000000fbdb3a90,0x0000000100000000)
  to   space 87040K, 0% used [0x00000000f5600000,0x00000000f5600000,0x00000000fab00000)
 ParOldGen       total 863744K, used 14304K [0x0000000080000000, 0x00000000b4b80000, 0x00000000d5580000)
  object space 863744K, 1% used [0x0000000080000000,0x0000000080df8238,0x00000000b4b80000)
 Metaspace       used 35064K, capacity 35406K, committed 35748K, reserved 1081344K
  class space    used 4002K, capacity 4123K, committed 4172K, reserved 1048576K
Event: 5.206 GC heap after
Heap after GC invocations=4 (full 1):
 PSYoungGen      total 611840K, used 8062K [0x00000000d5580000, 0x0000000100000000, 0x0000000100000000)
  eden space 524800K, 0% used [0x00000000d5580000,0x00000000d5580000,0x00000000f5600000)
  from space 87040K, 9% used [0x00000000f5600000,0x00000000f5ddf948,0x00000000fab00000)
  to   space 87040K, 0% used [0x00000000fab00000,0x00000000fab00000,0x0000000100000000)
 ParOldGen       total 863744K, used 14304K [0x0000000080000000, 0x00000000b4b80000, 0x00000000d5580000)
  object space 863744K, 1% used [0x0000000080000000,0x0000000080df8238,0x00000000b4b80000)
 Metaspace       used 35064K, capacity 35406K, committed 35748K, reserved 1081344K
  class space    used 4002K, capacity 4123K, committed 4172K, reserved 1048576K
}
Event: 5.206 GC heap before
{Heap before GC invocations=5 (full 2):
 PSYoungGen      total 611840K, used 8062K [0x00000000d5580000, 0x0000000100000000, 0x0000000100000000)
  eden space 524800K, 0% used [0x00000000d5580000,0x00000000d5580000,0x00000000f5600000)
  from space 87040K, 9% used [0x00000000f5600000,0x00000000f5ddf948,0x00000000fab00000)
  to   space 87040K, 0% used [0x00000000fab00000,0x00000000fab00000,0x0000000100000000)
 ParOldGen       total 863744K, used 14304K [0x0000000080000000, 0x00000000b4b80000, 0x00000000d5580000)
  object space 863744K, 1% used [0x0000000080000000,0x0000000080df8238,0x00000000b4b80000)
 Metaspace       used 35064K, capacity 35406K, committed 35748K, reserved 1081344K
  class space    used 4002K, capacity 4123K, committed 4172K, reserved 1048576K
Event: 5.315 GC heap after
Heap after GC invocations=5 (full 2):
 PSYoungGen      total 611840K, used 0K [0x00000000d5580000, 0x0000000100000000, 0x0000000100000000)
  eden space 524800K, 0% used [0x00000000d5580000,0x00000000d5580000,0x00000000f5600000)
  from space 87040K, 0% used [0x00000000f5600000,0x00000000f5600000,0x00000000fab00000)
  to   space 87040K, 0% used [0x00000000fab00000,0x00000000fab00000,0x0000000100000000)
 ParOldGen       total 1187840K, used 13397K [0x0000000080000000, 0x00000000c8800000, 0x00000000d5580000)
  object space 1187840K, 1% used [0x0000000080000000,0x0000000080d155f8,0x00000000c8800000)
 Metaspace       used 35064K, capacity 35406K, committed 35748K, reserved 1081344K
  class space    used 4002K, capacity 4123K, committed 4172K, reserved 1048576K
}
Event: 11.457 GC heap before
{Heap before GC invocations=6 (full 2):
 PSYoungGen      total 611840K, used 524800K [0x00000000d5580000, 0x0000000100000000, 0x0000000100000000)
  eden space 524800K, 100% used [0x00000000d5580000,0x00000000f5600000,0x00000000f5600000)
  from space 87040K, 0% used [0x00000000f5600000,0x00000000f5600000,0x00000000fab00000)
  to   space 87040K, 0% used [0x00000000fab00000,0x00000000fab00000,0x0000000100000000)
 ParOldGen       total 1187840K, used 13397K [0x0000000080000000, 0x00000000c8800000, 0x00000000d5580000)
  object space 1187840K, 1% used [0x0000000080000000,0x0000000080d155f8,0x00000000c8800000)
 Metaspace       used 51211K, capacity 52562K, committed 52684K, reserved 1095680K
  class space    used 6057K, capacity 6317K, committed 6348K, reserved 1048576K
Event: 11.489 GC heap after
Heap after GC invocations=6 (full 2):
 PSYoungGen      total 611840K, used 22385K [0x00000000d5580000, 0x0000000100000000, 0x0000000100000000)
  eden space 524800K, 0% used [0x00000000d5580000,0x00000000d5580000,0x00000000f5600000)
  from space 87040K, 25% used [0x00000000fab00000,0x00000000fc0dc6a8,0x0000000100000000)
  to   space 87040K, 0% used [0x00000000f5600000,0x00000000f5600000,0x00000000fab00000)
 ParOldGen       total 1187840K, used 13405K [0x0000000080000000, 0x00000000c8800000, 0x00000000d5580000)
  object space 1187840K, 1% used [0x0000000080000000,0x0000000080d175f8,0x00000000c8800000)
 Metaspace       used 51211K, capacity 52562K, committed 52684K, reserved 1095680K
  class space    used 6057K, capacity 6317K, committed 6348K, reserved 1048576K
}
Event: 12.587 GC heap before
{Heap before GC invocations=7 (full 2):
 PSYoungGen      total 611840K, used 214818K [0x00000000d5580000, 0x0000000100000000, 0x0000000100000000)
  eden space 524800K, 36% used [0x00000000d5580000,0x00000000e116c548,0x00000000f5600000)
  from space 87040K, 25% used [0x00000000fab00000,0x00000000fc0dc6a8,0x0000000100000000)
  to   space 87040K, 0% used [0x00000000f5600000,0x00000000f5600000,0x00000000fab00000)
 ParOldGen       total 1187840K, used 13405K [0x0000000080000000, 0x00000000c8800000, 0x00000000d5580000)
  object space 1187840K, 1% used [0x0000000080000000,0x0000000080d175f8,0x00000000c8800000)
 Metaspace       used 58068K, capacity 59418K, committed 59580K, reserved 1101824K
  class space    used 6734K, capacity 6995K, committed 7100K, reserved 1048576K
Event: 12.623 GC heap after
Heap after GC invocations=7 (full 2):
 PSYoungGen      total 543744K, used 18898K [0x00000000d5580000, 0x00000000fab80000, 0x0000000100000000)
  eden space 524800K, 0% used [0x00000000d5580000,0x00000000d5580000,0x00000000f5600000)
  from space 18944K, 99% used [0x00000000f5600000,0x00000000f6874a78,0x00000000f6880000)
  to   space 26624K, 0% used [0x00000000f9180000,0x00000000f9180000,0x00000000fab80000)
 ParOldGen       total 1187840K, used 13413K [0x0000000080000000, 0x00000000c8800000, 0x00000000d5580000)
  object space 1187840K, 1% used [0x0000000080000000,0x0000000080d195f8,0x00000000c8800000)
 Metaspace       used 58068K, capacity 59418K, committed 59580K, reserved 1101824K
  class space    used 6734K, capacity 6995K, committed 7100K, reserved 1048576K
}
Event: 12.623 GC heap before
{Heap before GC invocations=8 (full 3):
 PSYoungGen      total 543744K, used 18898K [0x00000000d5580000, 0x00000000fab80000, 0x0000000100000000)
  eden space 524800K, 0% used [0x00000000d5580000,0x00000000d5580000,0x00000000f5600000)
  from space 18944K, 99% used [0x00000000f5600000,0x00000000f6874a78,0x00000000f6880000)
  to   space 26624K, 0% used [0x00000000f9180000,0x00000000f9180000,0x00000000fab80000)
 ParOldGen       total 1187840K, used 13413K [0x0000000080000000, 0x00000000c8800000, 0x00000000d5580000)
  object space 1187840K, 1% used [0x0000000080000000,0x0000000080d195f8,0x00000000c8800000)
 Metaspace       used 58068K, capacity 59418K, committed 59580K, reserved 1101824K
  class space    used 6734K, capacity 6995K, committed 7100K, reserved 1048576K
Event: 12.866 GC heap after
Heap after GC invocations=8 (full 3):
 PSYoungGen      total 543744K, used 0K [0x00000000d5580000, 0x00000000fab80000, 0x0000000100000000)
  eden space 524800K, 0% used [0x00000000d5580000,0x00000000d5580000,0x00000000f5600000)
  from space 18944K, 0% used [0x00000000f5600000,0x00000000f5600000,0x00000000f6880000)
  to   space 26624K, 0% used [0x00000000f9180000,0x00000000f9180000,0x00000000fab80000)
 ParOldGen       total 1398272K, used 30710K [0x0000000080000000, 0x00000000d5580000, 0x00000000d5580000)
  object space 1398272K, 2% used [0x0000000080000000,0x0000000081dfd818,0x00000000d5580000)
 Metaspace       used 58041K, capacity 59356K, committed 59580K, reserved 1101824K
  class space    used 6724K, capacity 6978K, committed 7100K, reserved 1048576K
}

