# JRE version: OpenJDK Runtime Environment (8.0_212-b04) (build 1.8.0_212-b04)
# Java VM: OpenJDK 64-Bit Server VM (25.212-b04 mixed mode linux-amd64 compressed oops)
Heap:
 PSYoungGen      total 533504K, used 499940K [0x00000000d5580000, 0x00000000fab80000, 0x0000000100000000)
  eden space 524800K, 93% used [0x00000000d5580000,0x00000000f356e260,0x00000000f5600000)
  from space 8704K, 97% used [0x00000000f5600000,0x00000000f5e4b010,0x00000000f5e80000)
  to   space 31232K, 0% used [0x00000000f8d00000,0x00000000f8d00000,0x00000000fab80000)
 ParOldGen       total 1398272K, used 757547K [0x0000000080000000, 0x00000000d5580000, 0x00000000d5580000)
  object space 1398272K, 54% used [0x0000000080000000,0x00000000ae3cae00,0x00000000d5580000)
 Metaspace       used 64790K, capacity 67635K, committed 67712K, reserved 1110016K
  class space    used 7484K, capacity 8000K, committed 8064K, reserved 1048576K
GC Heap History (10 events):
Event: 4.721 GC heap before
{Heap before GC invocations=4 (full 2):
 PSYoungGen      total 611840K, used 19464K [0x00000000d5580000, 0x0000000100000000, 0x0000000100000000)
  eden space 524800K, 0% used [0x00000000d5580000,0x00000000d5580000,0x00000000f5600000)
  from space 87040K, 22% used [0x00000000fab00000,0x00000000fbe023f0,0x0000000100000000)
  to   space 87040K, 0% used [0x00000000f5600000,0x00000000f5600000,0x00000000fab00000)
 ParOldGen       total 877056K, used 14145K [0x0000000080000000, 0x00000000b5880000, 0x00000000d5580000)
  object space 877056K, 1% used [0x0000000080000000,0x0000000080dd04c0,0x00000000b5880000)
 Metaspace       used 34840K, capacity 35182K, committed 35416K, reserved 1081344K
  class space    used 3972K, capacity 4091K, committed 4096K, reserved 1048576K
Event: 4.846 GC heap after
Heap after GC invocations=4 (full 2):
 PSYoungGen      total 611840K, used 0K [0x00000000d5580000, 0x0000000100000000, 0x0000000100000000)
  eden space 524800K, 0% used [0x00000000d5580000,0x00000000d5580000,0x00000000f5600000)
  from space 87040K, 0% used [0x00000000fab00000,0x00000000fab00000,0x0000000100000000)
  to   space 87040K, 0% used [0x00000000f5600000,0x00000000f5600000,0x00000000fab00000)
 ParOldGen       total 1398272K, used 23916K [0x0000000080000000, 0x00000000d5580000, 0x00000000d5580000)
  object space 1398272K, 1% used [0x0000000080000000,0x000000008175b010,0x00000000d5580000)
 Metaspace       used 34840K, capacity 35182K, committed 35416K, reserved 1081344K
  class space    used 3972K, capacity 4091K, committed 4096K, reserved 1048576K
}
Event: 9.925 GC heap before
{Heap before GC invocations=5 (full 2):
 PSYoungGen      total 611840K, used 524800K [0x00000000d5580000, 0x0000000100000000, 0x0000000100000000)
  eden space 524800K, 100% used [0x00000000d5580000,0x00000000f5600000,0x00000000f5600000)
  from space 87040K, 0% used [0x00000000fab00000,0x00000000fab00000,0x0000000100000000)
  to   space 87040K, 0% used [0x00000000f5600000,0x00000000f5600000,0x00000000fab00000)
 ParOldGen       total 1398272K, used 23916K [0x0000000080000000, 0x00000000d5580000, 0x00000000d5580000)
  object space 1398272K, 1% used [0x0000000080000000,0x000000008175b010,0x00000000d5580000)
 Metaspace       used 45776K, capacity 46754K, committed 47104K, reserved 1091584K
  class space    used 5311K, capacity 5511K, committed 5632K, reserved 1048576K
Event: 9.972 GC heap after
Heap after GC invocations=5 (full 2):
 PSYoungGen      total 611840K, used 18277K [0x00000000d5580000, 0x0000000100000000, 0x0000000100000000)
  eden space 524800K, 0% used [0x00000000d5580000,0x00000000d5580000,0x00000000f5600000)
  from space 87040K, 20% used [0x00000000f5600000,0x00000000f67d95e0,0x00000000fab00000)
  to   space 87040K, 0% used [0x00000000fab00000,0x00000000fab00000,0x0000000100000000)
 ParOldGen       total 1398272K, used 23924K [0x0000000080000000, 0x00000000d5580000, 0x00000000d5580000)
  object space 1398272K, 1% used [0x0000000080000000,0x000000008175d010,0x00000000d5580000)
 Metaspace       used 45776K, capacity 46754K, committed 47104K, reserved 1091584K
  class space    used 5311K, capacity 5511K, committed 5632K, reserved 1048576K
}
Event: 12.835 GC heap before
{Heap before GC invocations=6 (full 2):
 PSYoungGen      total 611840K, used 311260K [0x00000000d5580000, 0x0000000100000000, 0x0000000100000000)
  eden space 524800K, 55% used [0x00000000d5580000,0x00000000e739da90,0x00000000f5600000)
  from space 87040K, 20% used [0x00000000f5600000,0x00000000f67d95e0,0x00000000fab00000)
  to   space 87040K, 0% used [0x00000000fab00000,0x00000000fab00000,0x0000000100000000)
 ParOldGen       total 1398272K, used 23924K [0x0000000080000000, 0x00000000d5580000, 0x00000000d5580000)
  object space 1398272K, 1% used [0x0000000080000000,0x000000008175d010,0x00000000d5580000)
 Metaspace       used 57550K, capacity 58869K, committed 59028K, reserved 1101824K
  class space    used 6639K, capacity 6912K, committed 6912K, reserved 1048576K
Event: 12.882 GC heap after
Heap after GC invocations=6 (full 2):
 PSYoungGen      total 611840K, used 29515K [0x00000000d5580000, 0x0000000100000000, 0x0000000100000000)
  eden space 524800K, 0% used [0x00000000d5580000,0x00000000d5580000,0x00000000f5600000)
  from space 87040K, 33% used [0x00000000fab00000,0x00000000fc7d2d40,0x0000000100000000)
  to   space 87040K, 0% used [0x00000000f5600000,0x00000000f5600000,0x00000000fab00000)
 ParOldGen       total 1398272K, used 23932K [0x0000000080000000, 0x00000000d5580000, 0x00000000d5580000)
  object space 1398272K, 1% used [0x0000000080000000,0x000000008175f010,0x00000000d5580000)
 Metaspace       used 57550K, capacity 58869K, committed 59028K, reserved 1101824K
  class space    used 6639K, capacity 6912K, committed 6912K, reserved 1048576K
}
Event: 12.882 GC heap before
{Heap before GC invocations=7 (full 3):
 PSYoungGen      total 611840K, used 29515K [0x00000000d5580000, 0x0000000100000000, 0x0000000100000000)
  eden space 524800K, 0% used [0x00000000d5580000,0x00000000d5580000,0x00000000f5600000)
  from space 87040K, 33% used [0x00000000fab00000,0x00000000fc7d2d40,0x0000000100000000)
  to   space 87040K, 0% used [0x00000000f5600000,0x00000000f5600000,0x00000000fab00000)
 ParOldGen       total 1398272K, used 23932K [0x0000000080000000, 0x00000000d5580000, 0x00000000d5580000)
  object space 1398272K, 1% used [0x0000000080000000,0x000000008175f010,0x00000000d5580000)
 Metaspace       used 57550K, capacity 58869K, committed 59028K, reserved 1101824K
  class space    used 6639K, capacity 6912K, committed 6912K, reserved 1048576K
Event: 13.152 GC heap after
Heap after GC invocations=7 (full 3):
 PSYoungGen      total 611840K, used 0K [0x00000000d5580000, 0x0000000100000000, 0x0000000100000000)
  eden space 524800K, 0% used [0x00000000d5580000,0x00000000d5580000,0x00000000f5600000)
  from space 87040K, 0% used [0x00000000fab00000,0x00000000fab00000,0x0000000100000000)
  to   space 87040K, 0% used [0x00000000f5600000,0x00000000f5600000,0x00000000fab00000)
 ParOldGen       total 1398272K, used 40739K [0x0000000080000000, 0x00000000d5580000, 0x00000000d5580000)
  object space 1398272K, 2% used [0x0000000080000000,0x00000000827c8dd0,0x00000000d5580000)
 Metaspace       used 57534K, capacity 58829K, committed 59028K, reserved 1101824K
  class space    used 6633K, capacity 6902K, committed 6912K, reserved 1048576K
}
Event: 19.463 GC heap before
{Heap before GC invocations=8 (full 3):
 PSYoungGen      total 611840K, used 338920K [0x00000000d5580000, 0x0000000100000000, 0x0000000100000000)
  eden space 524800K, 64% used [0x00000000d5580000,0x00000000ea07a360,0x00000000f5600000)
  from space 87040K, 0% used [0x00000000fab00000,0x00000000fab00000,0x0000000100000000)
  to   space 87040K, 0% used [0x00000000f5600000,0x00000000f5600000,0x00000000fab00000)
 ParOldGen       total 1398272K, used 40739K [0x0000000080000000, 0x00000000d5580000, 0x00000000d5580000)
  object space 1398272K, 2% used [0x0000000080000000,0x00000000827c8dd0,0x00000000d5580000)
 Metaspace       used 60000K, capacity 62217K, committed 62464K, reserved 1103872K
  class space    used 6990K, capacity 7381K, committed 7424K, reserved 1048576K
Event: 19.669 GC heap after
Heap after GC invocations=8 (full 3):
 PSYoungGen      total 533504K, used 8492K [0x00000000d5580000, 0x00000000fab80000, 0x0000000100000000)
  eden space 524800K, 0% used [0x00000000d5580000,0x00000000d5580000,0x00000000f5600000)
  from space 8704K, 97% used [0x00000000f5600000,0x00000000f5e4b010,0x00000000f5e80000)
  to   space 31232K, 0% used [0x00000000f8d00000,0x00000000f8d00000,0x00000000fab80000)
 ParOldGen       total 1398272K, used 450347K [0x0000000080000000, 0x00000000d5580000, 0x00000000d5580000)
  object space 1398272K, 32% used [0x0000000080000000,0x000000009b7cadf0,0x00000000d5580000)
 Metaspace       used 60000K, capacity 62217K, committed 62464K, reserved 1103872K
  class space    used 6990K, capacity 7381K, committed 7424K, reserved 1048576K
}

