# JRE version: OpenJDK Runtime Environment (8.0_212-b04) (build 1.8.0_212-b04)
# Java VM: OpenJDK 64-Bit Server VM (25.212-b04 mixed mode linux-amd64 compressed oops)
Heap:
 PSYoungGen      total 611840K, used 173717K [0x00000000d5580000, 0x0000000100000000, 0x0000000100000000)
  eden space 524800K, 33% used [0x00000000d5580000,0x00000000dff25440,0x00000000f5600000)
  from space 87040K, 0% used [0x00000000f5600000,0x00000000f5600000,0x00000000fab00000)
  to   space 87040K, 0% used [0x00000000fab00000,0x00000000fab00000,0x0000000100000000)
 ParOldGen       total 1398272K, used 42330K [0x0000000080000000, 0x00000000d5580000, 0x00000000d5580000)
  object space 1398272K, 3% used [0x0000000080000000,0x0000000082956860,0x00000000d5580000)
 Metaspace       used 62710K, capacity 65000K, committed 65024K, reserved 1105920K
  class space    used 7237K, capacity 7674K, committed 7680K, reserved 1048576K
GC Heap History (10 events):
Event: 2.626 GC heap before
{Heap before GC invocations=2 (full 1):
 PSYoungGen      total 611840K, used 14329K [0x00000000d5580000, 0x0000000100000000, 0x0000000100000000)
  eden space 524800K, 0% used [0x00000000d5580000,0x00000000d5580000,0x00000000f5600000)
  from space 87040K, 16% used [0x00000000f5600000,0x00000000f63fe5e8,0x00000000fab00000)
  to   space 87040K, 0% used [0x00000000fab00000,0x00000000fab00000,0x0000000100000000)
 ParOldGen       total 1398272K, used 72K [0x0000000080000000, 0x00000000d5580000, 0x00000000d5580000)
  object space 1398272K, 0% used [0x0000000080000000,0x0000000080012010,0x00000000d5580000)
 Metaspace       used 20847K, capacity 21106K, committed 21248K, reserved 1069056K
  class space    used 2371K, capacity 2482K, committed 2560K, reserved 1048576K
Event: 2.714 GC heap after
Heap after GC invocations=2 (full 1):
 PSYoungGen      total 611840K, used 0K [0x00000000d5580000, 0x0000000100000000, 0x0000000100000000)
  eden space 524800K, 0% used [0x00000000d5580000,0x00000000d5580000,0x00000000f5600000)
  from space 87040K, 0% used [0x00000000f5600000,0x00000000f5600000,0x00000000fab00000)
  to   space 87040K, 0% used [0x00000000fab00000,0x00000000fab00000,0x0000000100000000)
 ParOldGen       total 911872K, used 13790K [0x0000000080000000, 0x00000000b7a80000, 0x00000000d5580000)
  object space 911872K, 1% used [0x0000000080000000,0x0000000080d77a18,0x00000000b7a80000)
 Metaspace       used 20847K, capacity 21106K, committed 21248K, reserved 1069056K
  class space    used 2371K, capacity 2482K, committed 2560K, reserved 1048576K
}
Event: 5.079 GC heap before
{Heap before GC invocations=3 (full 1):
 PSYoungGen      total 611840K, used 413809K [0x00000000d5580000, 0x0000000100000000, 0x0000000100000000)
  eden space 524800K, 78% used [0x00000000d5580000,0x00000000ee99c5e8,0x00000000f5600000)
  from space 87040K, 0% used [0x00000000f5600000,0x00000000f5600000,0x00000000fab00000)
  to   space 87040K, 0% used [0x00000000fab00000,0x00000000fab00000,0x0000000100000000)
 ParOldGen       total 911872K, used 13790K [0x0000000080000000, 0x00000000b7a80000, 0x00000000d5580000)
  object space 911872K, 1% used [0x0000000080000000,0x0000000080d77a18,0x00000000b7a80000)
 Metaspace       used 34726K, capacity 35086K, committed 35416K, reserved 1081344K
  class space    used 3962K, capacity 4059K, committed 4096K, reserved 1048576K
Event: 5.117 GC heap after
Heap after GC invocations=3 (full 1):
 PSYoungGen      total 611840K, used 19148K [0x00000000d5580000, 0x0000000100000000, 0x0000000100000000)
  eden space 524800K, 0% used [0x00000000d5580000,0x00000000d5580000,0x00000000f5600000)
  from space 87040K, 21% used [0x00000000fab00000,0x00000000fbdb3070,0x0000000100000000)
  to   space 87040K, 0% used [0x00000000f5600000,0x00000000f5600000,0x00000000fab00000)
 ParOldGen       total 911872K, used 13790K [0x0000000080000000, 0x00000000b7a80000, 0x00000000d5580000)
  object space 911872K, 1% used [0x0000000080000000,0x0000000080d77a18,0x00000000b7a80000)
 Metaspace       used 34726K, capacity 35086K, committed 35416K, reserved 1081344K
  class space    used 3962K, capacity 4059K, committed 4096K, reserved 1048576K
}
Event: 5.117 GC heap before
{Heap before GC invocations=4 (full 2):
 PSYoungGen      total 611840K, used 19148K [0x00000000d5580000, 0x0000000100000000, 0x0000000100000000)
  eden space 524800K, 0% used [0x00000000d5580000,0x00000000d5580000,0x00000000f5600000)
  from space 87040K, 21% used [0x00000000fab00000,0x00000000fbdb3070,0x0000000100000000)
  to   space 87040K, 0% used [0x00000000f5600000,0x00000000f5600000,0x00000000fab00000)
 ParOldGen       total 911872K, used 13790K [0x0000000080000000, 0x00000000b7a80000, 0x00000000d5580000)
  object space 911872K, 1% used [0x0000000080000000,0x0000000080d77a18,0x00000000b7a80000)
 Metaspace       used 34726K, capacity 35086K, committed 35416K, reserved 1081344K
  class space    used 3962K, capacity 4059K, committed 4096K, reserved 1048576K
Event: 5.230 GC heap after
Heap after GC invocations=4 (full 2):
 PSYoungGen      total 611840K, used 0K [0x00000000d5580000, 0x0000000100000000, 0x0000000100000000)
  eden space 524800K, 0% used [0x00000000d5580000,0x00000000d5580000,0x00000000f5600000)
  from space 87040K, 0% used [0x00000000fab00000,0x00000000fab00000,0x0000000100000000)
  to   space 87040K, 0% used [0x00000000f5600000,0x00000000f5600000,0x00000000fab00000)
 ParOldGen       total 1398272K, used 23557K [0x0000000080000000, 0x00000000d5580000, 0x00000000d5580000)
  object space 1398272K, 1% used [0x0000000080000000,0x0000000081701518,0x00000000d5580000)
 Metaspace       used 34726K, capacity 35086K, committed 35416K, reserved 1081344K
  class space    used 3962K, capacity 4059K, committed 4096K, reserved 1048576K
}
Event: 12.130 GC heap before
{Heap before GC invocations=5 (full 2):
 PSYoungGen      total 611840K, used 444292K [0x00000000d5580000, 0x0000000100000000, 0x0000000100000000)
  eden space 524800K, 84% used [0x00000000d5580000,0x00000000f0761240,0x00000000f5600000)
  from space 87040K, 0% used [0x00000000fab00000,0x00000000fab00000,0x0000000100000000)
  to   space 87040K, 0% used [0x00000000f5600000,0x00000000f5600000,0x00000000fab00000)
 ParOldGen       total 1398272K, used 23557K [0x0000000080000000, 0x00000000d5580000, 0x00000000d5580000)
  object space 1398272K, 1% used [0x0000000080000000,0x0000000081701518,0x00000000d5580000)
 Metaspace       used 57459K, capacity 58840K, committed 59008K, reserved 1101824K
  class space    used 6658K, capacity 6942K, committed 7040K, reserved 1048576K
Event: 12.197 GC heap after
Heap after GC invocations=5 (full 2):
 PSYoungGen      total 611840K, used 31726K [0x00000000d5580000, 0x0000000100000000, 0x0000000100000000)
  eden space 524800K, 0% used [0x00000000d5580000,0x00000000d5580000,0x00000000f5600000)
  from space 87040K, 36% used [0x00000000f5600000,0x00000000f74fbb60,0x00000000fab00000)
  to   space 87040K, 0% used [0x00000000fab00000,0x00000000fab00000,0x0000000100000000)
 ParOldGen       total 1398272K, used 23565K [0x0000000080000000, 0x00000000d5580000, 0x00000000d5580000)
  object space 1398272K, 1% used [0x0000000080000000,0x0000000081703518,0x00000000d5580000)
 Metaspace       used 57459K, capacity 58840K, committed 59008K, reserved 1101824K
  class space    used 6658K, capacity 6942K, committed 7040K, reserved 1048576K
}
Event: 12.197 GC heap before
{Heap before GC invocations=6 (full 3):
 PSYoungGen      total 611840K, used 31726K [0x00000000d5580000, 0x0000000100000000, 0x0000000100000000)
  eden space 524800K, 0% used [0x00000000d5580000,0x00000000d5580000,0x00000000f5600000)
  from space 87040K, 36% used [0x00000000f5600000,0x00000000f74fbb60,0x00000000fab00000)
  to   space 87040K, 0% used [0x00000000fab00000,0x00000000fab00000,0x0000000100000000)
 ParOldGen       total 1398272K, used 23565K [0x0000000080000000, 0x00000000d5580000, 0x00000000d5580000)
  object space 1398272K, 1% used [0x0000000080000000,0x0000000081703518,0x00000000d5580000)
 Metaspace       used 57459K, capacity 58840K, committed 59008K, reserved 1101824K
  class space    used 6658K, capacity 6942K, committed 7040K, reserved 1048576K
Event: 12.467 GC heap after
Heap after GC invocations=6 (full 3):
 PSYoungGen      total 611840K, used 0K [0x00000000d5580000, 0x0000000100000000, 0x0000000100000000)
  eden space 524800K, 0% used [0x00000000d5580000,0x00000000d5580000,0x00000000f5600000)
  from space 87040K, 0% used [0x00000000f5600000,0x00000000f5600000,0x00000000fab00000)
  to   space 87040K, 0% used [0x00000000fab00000,0x00000000fab00000,0x0000000100000000)
 ParOldGen       total 1398272K, used 42330K [0x0000000080000000, 0x00000000d5580000, 0x00000000d5580000)
  object space 1398272K, 3% used [0x0000000080000000,0x0000000082956860,0x00000000d5580000)
 Metaspace       used 57420K, capacity 58742K, committed 59008K, reserved 1101824K
  class space    used 6644K, capacity 6917K, committed 7040K, reserved 1048576K
}

