# JRE version: OpenJDK Runtime Environment (8.0_212-b04) (build 1.8.0_212-b04)
# Java VM: OpenJDK 64-Bit Server VM (25.212-b04 mixed mode linux-amd64 compressed oops)
Heap:
 PSYoungGen      total 611840K, used 237385K [0x00000000d5580000, 0x0000000100000000, 0x0000000100000000)
  eden space 524800K, 45% used [0x00000000d5580000,0x00000000e3d525c8,0x00000000f5600000)
  from space 87040K, 0% used [0x00000000fab00000,0x00000000fab00000,0x0000000100000000)
  to   space 87040K, 0% used [0x00000000f5600000,0x00000000f5600000,0x00000000fab00000)
 ParOldGen       total 1398272K, used 29538K [0x0000000080000000, 0x00000000d5580000, 0x00000000d5580000)
  object space 1398272K, 2% used [0x0000000080000000,0x0000000081cd88e8,0x00000000d5580000)
 Metaspace       used 63716K, capacity 66362K, committed 66560K, reserved 1107968K
  class space    used 7397K, capacity 7883K, committed 7936K, reserved 1048576K
GC Heap History (10 events):
Event: 4.590 GC heap before
{Heap before GC invocations=3 (full 1):
 PSYoungGen      total 611840K, used 469709K [0x00000000d5580000, 0x0000000100000000, 0x0000000100000000)
  eden space 524800K, 89% used [0x00000000d5580000,0x00000000f20337d8,0x00000000f5600000)
  from space 87040K, 0% used [0x00000000f5600000,0x00000000f5600000,0x00000000fab00000)
  to   space 87040K, 0% used [0x00000000fab00000,0x00000000fab00000,0x0000000100000000)
 ParOldGen       total 907264K, used 14220K [0x0000000080000000, 0x00000000b7600000, 0x00000000d5580000)
  object space 907264K, 1% used [0x0000000080000000,0x0000000080de3248,0x00000000b7600000)
 Metaspace       used 34773K, capacity 35086K, committed 35416K, reserved 1081344K
  class space    used 3966K, capacity 4059K, committed 4096K, reserved 1048576K
Event: 4.630 GC heap after
Heap after GC invocations=3 (full 1):
 PSYoungGen      total 611840K, used 19441K [0x00000000d5580000, 0x0000000100000000, 0x0000000100000000)
  eden space 524800K, 0% used [0x00000000d5580000,0x00000000d5580000,0x00000000f5600000)
  from space 87040K, 22% used [0x00000000fab00000,0x00000000fbdfc668,0x0000000100000000)
  to   space 87040K, 0% used [0x00000000f5600000,0x00000000f5600000,0x00000000fab00000)
 ParOldGen       total 907264K, used 14228K [0x0000000080000000, 0x00000000b7600000, 0x00000000d5580000)
  object space 907264K, 1% used [0x0000000080000000,0x0000000080de5248,0x00000000b7600000)
 Metaspace       used 34773K, capacity 35086K, committed 35416K, reserved 1081344K
  class space    used 3966K, capacity 4059K, committed 4096K, reserved 1048576K
}
Event: 4.630 GC heap before
{Heap before GC invocations=4 (full 2):
 PSYoungGen      total 611840K, used 19441K [0x00000000d5580000, 0x0000000100000000, 0x0000000100000000)
  eden space 524800K, 0% used [0x00000000d5580000,0x00000000d5580000,0x00000000f5600000)
  from space 87040K, 22% used [0x00000000fab00000,0x00000000fbdfc668,0x0000000100000000)
  to   space 87040K, 0% used [0x00000000f5600000,0x00000000f5600000,0x00000000fab00000)
 ParOldGen       total 907264K, used 14228K [0x0000000080000000, 0x00000000b7600000, 0x00000000d5580000)
  object space 907264K, 1% used [0x0000000080000000,0x0000000080de5248,0x00000000b7600000)
 Metaspace       used 34773K, capacity 35086K, committed 35416K, reserved 1081344K
  class space    used 3966K, capacity 4059K, committed 4096K, reserved 1048576K
Event: 4.762 GC heap after
Heap after GC invocations=4 (full 2):
 PSYoungGen      total 611840K, used 0K [0x00000000d5580000, 0x0000000100000000, 0x0000000100000000)
  eden space 524800K, 0% used [0x00000000d5580000,0x00000000d5580000,0x00000000f5600000)
  from space 87040K, 0% used [0x00000000fab00000,0x00000000fab00000,0x0000000100000000)
  to   space 87040K, 0% used [0x00000000f5600000,0x00000000f5600000,0x00000000fab00000)
 ParOldGen       total 1398272K, used 23898K [0x0000000080000000, 0x00000000d5580000, 0x00000000d5580000)
  object space 1398272K, 1% used [0x0000000080000000,0x0000000081756bb8,0x00000000d5580000)
 Metaspace       used 34773K, capacity 35086K, committed 35416K, reserved 1081344K
  class space    used 3966K, capacity 4059K, committed 4096K, reserved 1048576K
}
Event: 11.072 GC heap before
{Heap before GC invocations=5 (full 2):
 PSYoungGen      total 611840K, used 524800K [0x00000000d5580000, 0x0000000100000000, 0x0000000100000000)
  eden space 524800K, 100% used [0x00000000d5580000,0x00000000f5600000,0x00000000f5600000)
  from space 87040K, 0% used [0x00000000fab00000,0x00000000fab00000,0x0000000100000000)
  to   space 87040K, 0% used [0x00000000f5600000,0x00000000f5600000,0x00000000fab00000)
 ParOldGen       total 1398272K, used 23898K [0x0000000080000000, 0x00000000d5580000, 0x00000000d5580000)
  object space 1398272K, 1% used [0x0000000080000000,0x0000000081756bb8,0x00000000d5580000)
 Metaspace       used 51781K, capacity 53046K, committed 53248K, reserved 1095680K
  class space    used 6084K, capacity 6311K, committed 6400K, reserved 1048576K
Event: 11.121 GC heap after
Heap after GC invocations=5 (full 2):
 PSYoungGen      total 611840K, used 24100K [0x00000000d5580000, 0x0000000100000000, 0x0000000100000000)
  eden space 524800K, 0% used [0x00000000d5580000,0x00000000d5580000,0x00000000f5600000)
  from space 87040K, 27% used [0x00000000f5600000,0x00000000f6d89298,0x00000000fab00000)
  to   space 87040K, 0% used [0x00000000fab00000,0x00000000fab00000,0x0000000100000000)
 ParOldGen       total 1398272K, used 23906K [0x0000000080000000, 0x00000000d5580000, 0x00000000d5580000)
  object space 1398272K, 1% used [0x0000000080000000,0x0000000081758bb8,0x00000000d5580000)
 Metaspace       used 51781K, capacity 53046K, committed 53248K, reserved 1095680K
  class space    used 6084K, capacity 6311K, committed 6400K, reserved 1048576K
}
Event: 11.862 GC heap before
{Heap before GC invocations=6 (full 2):
 PSYoungGen      total 611840K, used 194973K [0x00000000d5580000, 0x0000000100000000, 0x0000000100000000)
  eden space 524800K, 32% used [0x00000000d5580000,0x00000000dfc5e1a8,0x00000000f5600000)
  from space 87040K, 27% used [0x00000000f5600000,0x00000000f6d89298,0x00000000fab00000)
  to   space 87040K, 0% used [0x00000000fab00000,0x00000000fab00000,0x0000000100000000)
 ParOldGen       total 1398272K, used 23906K [0x0000000080000000, 0x00000000d5580000, 0x00000000d5580000)
  object space 1398272K, 1% used [0x0000000080000000,0x0000000081758bb8,0x00000000d5580000)
 Metaspace       used 57488K, capacity 58848K, committed 59008K, reserved 1101824K
  class space    used 6667K, capacity 6956K, committed 7040K, reserved 1048576K
Event: 11.889 GC heap after
Heap after GC invocations=6 (full 2):
 PSYoungGen      total 611840K, used 17605K [0x00000000d5580000, 0x0000000100000000, 0x0000000100000000)
  eden space 524800K, 0% used [0x00000000d5580000,0x00000000d5580000,0x00000000f5600000)
  from space 87040K, 20% used [0x00000000fab00000,0x00000000fbc31458,0x0000000100000000)
  to   space 87040K, 0% used [0x00000000f5600000,0x00000000f5600000,0x00000000fab00000)
 ParOldGen       total 1398272K, used 23914K [0x0000000080000000, 0x00000000d5580000, 0x00000000d5580000)
  object space 1398272K, 1% used [0x0000000080000000,0x000000008175abb8,0x00000000d5580000)
 Metaspace       used 57488K, capacity 58848K, committed 59008K, reserved 1101824K
  class space    used 6667K, capacity 6956K, committed 7040K, reserved 1048576K
}
Event: 11.889 GC heap before
{Heap before GC invocations=7 (full 3):
 PSYoungGen      total 611840K, used 17605K [0x00000000d5580000, 0x0000000100000000, 0x0000000100000000)
  eden space 524800K, 0% used [0x00000000d5580000,0x00000000d5580000,0x00000000f5600000)
  from space 87040K, 20% used [0x00000000fab00000,0x00000000fbc31458,0x0000000100000000)
  to   space 87040K, 0% used [0x00000000f5600000,0x00000000f5600000,0x00000000fab00000)
 ParOldGen       total 1398272K, used 23914K [0x0000000080000000, 0x00000000d5580000, 0x00000000d5580000)
  object space 1398272K, 1% used [0x0000000080000000,0x000000008175abb8,0x00000000d5580000)
 Metaspace       used 57488K, capacity 58848K, committed 59008K, reserved 1101824K
  class space    used 6667K, capacity 6956K, committed 7040K, reserved 1048576K
Event: 12.144 GC heap after
Heap after GC invocations=7 (full 3):
 PSYoungGen      total 611840K, used 0K [0x00000000d5580000, 0x0000000100000000, 0x0000000100000000)
  eden space 524800K, 0% used [0x00000000d5580000,0x00000000d5580000,0x00000000f5600000)
  from space 87040K, 0% used [0x00000000fab00000,0x00000000fab00000,0x0000000100000000)
  to   space 87040K, 0% used [0x00000000f5600000,0x00000000f5600000,0x00000000fab00000)
 ParOldGen       total 1398272K, used 29538K [0x0000000080000000, 0x00000000d5580000, 0x00000000d5580000)
  object space 1398272K, 2% used [0x0000000080000000,0x0000000081cd88e8,0x00000000d5580000)
 Metaspace       used 57471K, capacity 58810K, committed 59008K, reserved 1101824K
  class space    used 6661K, capacity 6945K, committed 7040K, reserved 1048576K
}

