[INFO] Scanning for projects...
[INFO] Downloading from apache.snapshots: http://repository.apache.org/snapshots/org/apache/felix/maven-bundle-plugin/2.5.3/maven-bundle-plugin-2.5.3.pom
[INFO] Downloading from central: https://repo.maven.apache.org/maven2/org/apache/felix/maven-bundle-plugin/2.5.3/maven-bundle-plugin-2.5.3.pom
[INFO] Downloaded from central: https://repo.maven.apache.org/maven2/org/apache/felix/maven-bundle-plugin/2.5.3/maven-bundle-plugin-2.5.3.pom (4.7 kB at 7.2 kB/s)
[INFO] Downloading from apache.snapshots: http://repository.apache.org/snapshots/org/apache/felix/maven-bundle-plugin/2.5.3/maven-bundle-plugin-2.5.3.jar
[INFO] Downloading from central: https://repo.maven.apache.org/maven2/org/apache/felix/maven-bundle-plugin/2.5.3/maven-bundle-plugin-2.5.3.jar
[INFO] Downloaded from central: https://repo.maven.apache.org/maven2/org/apache/felix/maven-bundle-plugin/2.5.3/maven-bundle-plugin-2.5.3.jar (176 kB at 2.2 MB/s)
[INFO] ------------------------------------------------------------------------
[INFO] Detecting the operating system and CPU architecture
[INFO] ------------------------------------------------------------------------
[INFO] os.detected.name: linux
[INFO] os.detected.arch: x86_64
[INFO] os.detected.version: 3.10
[INFO] os.detected.version.major: 3
[INFO] os.detected.version.minor: 10
[INFO] os.detected.release: alpine
[INFO] os.detected.release.version: 3.8.2
[INFO] os.detected.release.like.alpine: true
[INFO] os.detected.classifier: linux-x86_64
[INFO] ------------------------------------------------------------------------
[INFO] Reactor Build Order:
[INFO] 
[INFO] Apache Ratis                                                       [pom]
[INFO] Apache Ratis Protocols                                             [jar]
[INFO] Apache Ratis Common                                                [jar]
[INFO] Apache Ratis Client                                                [jar]
[INFO] Apache Ratis Metrics                                               [jar]
[INFO] Apache Ratis Server                                                [jar]
[INFO] Apache Ratis - Resource Bundle                                     [jar]
[INFO] Apache Ratis gRPC Support                                          [jar]
[INFO] Apache Ratis Netty Support                                         [jar]
[INFO] Apache Ratis Hadoop Support                                        [jar]
[INFO] Apache Ratis Test                                                  [jar]
[INFO] Apache Ratis Examples                                              [jar]
[INFO] Apache Ratis Replicated Map                                        [jar]
[INFO] Apache Ratis LogService                                            [jar]
[INFO] Apache Ratis Project Assembly                                      [pom]
[INFO] 
[INFO] -----------------------< org.apache.ratis:ratis >-----------------------
[INFO] Building Apache Ratis 0.5.0-SNAPSHOT                              [1/15]
[INFO] --------------------------------[ pom ]---------------------------------
[INFO] Downloading from apache.snapshots: http://repository.apache.org/snapshots/org/apache/maven/plugins/maven-site-plugin/3.5/maven-site-plugin-3.5.pom
[INFO] Downloading from central: https://repo.maven.apache.org/maven2/org/apache/maven/plugins/maven-site-plugin/3.5/maven-site-plugin-3.5.pom
[INFO] Downloaded from central: https://repo.maven.apache.org/maven2/org/apache/maven/plugins/maven-site-plugin/3.5/maven-site-plugin-3.5.pom (18 kB at 598 kB/s)
[INFO] Downloading from apache.snapshots: http://repository.apache.org/snapshots/org/apache/maven/plugins/maven-plugins/28/maven-plugins-28.pom
[INFO] Downloading from central: https://repo.maven.apache.org/maven2/org/apache/maven/plugins/maven-plugins/28/maven-plugins-28.pom
[INFO] Downloaded from central: https://repo.maven.apache.org/maven2/org/apache/maven/plugins/maven-plugins/28/maven-plugins-28.pom (12 kB at 481 kB/s)
[INFO] Downloading from apache.snapshots: http://repository.apache.org/snapshots/org/apache/maven/plugins/maven-site-plugin/3.5/maven-site-plugin-3.5.jar
[INFO] Downloading from central: https://repo.maven.apache.org/maven2/org/apache/maven/plugins/maven-site-plugin/3.5/maven-site-plugin-3.5.jar
[INFO] Downloaded from central: https://repo.maven.apache.org/maven2/org/apache/maven/plugins/maven-site-plugin/3.5/maven-site-plugin-3.5.jar (131 kB at 3.2 MB/s)
[INFO] Downloading from apache.snapshots: http://repository.apache.org/snapshots/org/apache/maven/plugins/maven-enforcer-plugin/1.4.1/maven-enforcer-plugin-1.4.1.pom
[INFO] Downloading from central: https://repo.maven.apache.org/maven2/org/apache/maven/plugins/maven-enforcer-plugin/1.4.1/maven-enforcer-plugin-1.4.1.pom
[INFO] Downloaded from central: https://repo.maven.apache.org/maven2/org/apache/maven/plugins/maven-enforcer-plugin/1.4.1/maven-enforcer-plugin-1.4.1.pom (7.3 kB at 319 kB/s)
[INFO] Downloading from apache.snapshots: http://repository.apache.org/snapshots/org/apache/maven/enforcer/enforcer/1.4.1/enforcer-1.4.1.pom
[INFO] Downloading from central: https://repo.maven.apache.org/maven2/org/apache/maven/enforcer/enforcer/1.4.1/enforcer-1.4.1.pom
[INFO] Downloaded from central: https://repo.maven.apache.org/maven2/org/apache/maven/enforcer/enforcer/1.4.1/enforcer-1.4.1.pom (7.2 kB at 300 kB/s)
[INFO] Downloading from apache.snapshots: http://repository.apache.org/snapshots/org/apache/maven/maven-parent/26/maven-parent-26.pom
[INFO] Downloading from central: https://repo.maven.apache.org/maven2/org/apache/maven/maven-parent/26/maven-parent-26.pom
[INFO] Downloaded from central: https://repo.maven.apache.org/maven2/org/apache/maven/maven-parent/26/maven-parent-26.pom (40 kB at 1.4 MB/s)
[INFO] Downloading from apache.snapshots: http://repository.apache.org/snapshots/org/apache/maven/plugins/maven-enforcer-plugin/1.4.1/maven-enforcer-plugin-1.4.1.jar
[INFO] Downloading from central: https://repo.maven.apache.org/maven2/org/apache/maven/plugins/maven-enforcer-plugin/1.4.1/maven-enforcer-plugin-1.4.1.jar
[INFO] Downloaded from central: https://repo.maven.apache.org/maven2/org/apache/maven/plugins/maven-enforcer-plugin/1.4.1/maven-enforcer-plugin-1.4.1.jar (27 kB at 1.1 MB/s)
[INFO] 
[INFO] --- maven-enforcer-plugin:1.4.1:enforce (default) @ ratis ---
[INFO] Downloading from apache.snapshots: http://repository.apache.org/snapshots/commons-lang/commons-lang/2.3/commons-lang-2.3.pom
[INFO] Downloading from central: https://repo.maven.apache.org/maven2/commons-lang/commons-lang/2.3/commons-lang-2.3.pom
[INFO] Downloaded from central: https://repo.maven.apache.org/maven2/commons-lang/commons-lang/2.3/commons-lang-2.3.pom (11 kB at 483 kB/s)
[INFO] Downloading from apache.snapshots: http://repository.apache.org/snapshots/org/apache/maven/enforcer/enforcer-api/1.4.1/enforcer-api-1.4.1.pom
[INFO] Downloading from central: https://repo.maven.apache.org/maven2/org/apache/maven/enforcer/enforcer-api/1.4.1/enforcer-api-1.4.1.pom
[INFO] Downloaded from central: https://repo.maven.apache.org/maven2/org/apache/maven/enforcer/enforcer-api/1.4.1/enforcer-api-1.4.1.pom (2.8 kB at 118 kB/s)
[INFO] Downloading from apache.snapshots: http://repository.apache.org/snapshots/org/apache/maven/enforcer/enforcer-rules/1.4.1/enforcer-rules-1.4.1.pom
[INFO] Downloading from central: https://repo.maven.apache.org/maven2/org/apache/maven/enforcer/enforcer-rules/1.4.1/enforcer-rules-1.4.1.pom
[INFO] Downloaded from central: https://repo.maven.apache.org/maven2/org/apache/maven/enforcer/enforcer-rules/1.4.1/enforcer-rules-1.4.1.pom (3.7 kB at 161 kB/s)
[INFO] Downloading from apache.snapshots: http://repository.apache.org/snapshots/org/codehaus/plexus/plexus-i18n/1.0-beta-6/plexus-i18n-1.0-beta-6.pom
[INFO] Downloading from central: https://repo.maven.apache.org/maven2/org/codehaus/plexus/plexus-i18n/1.0-beta-6/plexus-i18n-1.0-beta-6.pom
[INFO] Downloaded from central: https://repo.maven.apache.org/maven2/org/codehaus/plexus/plexus-i18n/1.0-beta-6/plexus-i18n-1.0-beta-6.pom (771 B at 34 kB/s)
[INFO] Downloading from apache.snapshots: http://repository.apache.org/snapshots/org/codehaus/plexus/plexus-components/1.1.4/plexus-components-1.1.4.pom
[INFO] Downloading from central: https://repo.maven.apache.org/maven2/org/codehaus/plexus/plexus-components/1.1.4/plexus-components-1.1.4.pom
[INFO] Downloaded from central: https://repo.maven.apache.org/maven2/org/codehaus/plexus/plexus-components/1.1.4/plexus-components-1.1.4.pom (2.1 kB at 94 kB/s)
[INFO] Downloading from apache.snapshots: http://repository.apache.org/snapshots/org/codehaus/plexus/plexus-container-default/1.0-alpha-8/plexus-container-default-1.0-alpha-8.pom
[INFO] Downloading from central: https://repo.maven.apache.org/maven2/org/codehaus/plexus/plexus-container-default/1.0-alpha-8/plexus-container-default-1.0-alpha-8.pom
[INFO] Downloaded from central: https://repo.maven.apache.org/maven2/org/codehaus/plexus/plexus-container-default/1.0-alpha-8/plexus-container-default-1.0-alpha-8.pom (7.3 kB at 316 kB/s)
[INFO] Downloading from apache.snapshots: http://repository.apache.org/snapshots/org/apache/maven/plugin-testing/maven-plugin-testing-harness/1.3/maven-plugin-testing-harness-1.3.pom
[INFO] Downloading from central: https://repo.maven.apache.org/maven2/org/apache/maven/plugin-testing/maven-plugin-testing-harness/1.3/maven-plugin-testing-harness-1.3.pom
[INFO] Downloaded from central: https://repo.maven.apache.org/maven2/org/apache/maven/plugin-testing/maven-plugin-testing-harness/1.3/maven-plugin-testing-harness-1.3.pom (3.4 kB at 157 kB/s)
[INFO] Downloading from apache.snapshots: http://repository.apache.org/snapshots/org/apache/maven/plugin-testing/maven-plugin-testing/1.3/maven-plugin-testing-1.3.pom
[INFO] Downloading from central: https://repo.maven.apache.org/maven2/org/apache/maven/plugin-testing/maven-plugin-testing/1.3/maven-plugin-testing-1.3.pom
[INFO] Downloaded from central: https://repo.maven.apache.org/maven2/org/apache/maven/plugin-testing/maven-plugin-testing/1.3/maven-plugin-testing-1.3.pom (9.5 kB at 397 kB/s)
[INFO] Downloading from apache.snapshots: http://repository.apache.org/snapshots/org/codehaus/plexus/plexus-archiver/2.2/plexus-archiver-2.2.pom
[INFO] Downloading from central: https://repo.maven.apache.org/maven2/org/codehaus/plexus/plexus-archiver/2.2/plexus-archiver-2.2.pom
[INFO] Downloaded from central: https://repo.maven.apache.org/maven2/org/codehaus/plexus/plexus-archiver/2.2/plexus-archiver-2.2.pom (3.2 kB at 140 kB/s)
[INFO] Downloading from apache.snapshots: http://repository.apache.org/snapshots/org/codehaus/plexus/plexus-components/1.1.20/plexus-components-1.1.20.pom
[INFO] Downloading from central: https://repo.maven.apache.org/maven2/org/codehaus/plexus/plexus-components/1.1.20/plexus-components-1.1.20.pom
[INFO] Downloaded from central: https://repo.maven.apache.org/maven2/org/codehaus/plexus/plexus-components/1.1.20/plexus-components-1.1.20.pom (3.0 kB at 151 kB/s)
[INFO] Downloading from apache.snapshots: http://repository.apache.org/snapshots/org/codehaus/plexus/plexus/3.1/plexus-3.1.pom
[INFO] Downloading from central: https://repo.maven.apache.org/maven2/org/codehaus/plexus/plexus/3.1/plexus-3.1.pom
[INFO] Downloaded from central: https://repo.maven.apache.org/maven2/org/codehaus/plexus/plexus/3.1/plexus-3.1.pom (19 kB at 745 kB/s)
[INFO] Downloading from apache.snapshots: http://repository.apache.org/snapshots/org/codehaus/plexus/plexus-io/2.0.4/plexus-io-2.0.4.pom
[INFO] Downloading from central: https://repo.maven.apache.org/maven2/org/codehaus/plexus/plexus-io/2.0.4/plexus-io-2.0.4.pom
[INFO] Downloaded from central: https://repo.maven.apache.org/maven2/org/codehaus/plexus/plexus-io/2.0.4/plexus-io-2.0.4.pom (1.7 kB at 75 kB/s)
[INFO] Downloading from apache.snapshots: http://repository.apache.org/snapshots/commons-lang/commons-lang/2.3/commons-lang-2.3.jar
[INFO] Downloading from apache.snapshots: http://repository.apache.org/snapshots/org/apache/maven/enforcer/enforcer-rules/1.4.1/enforcer-rules-1.4.1.jar
[INFO] Downloading from apache.snapshots: http://repository.apache.org/snapshots/org/apache/maven/enforcer/enforcer-api/1.4.1/enforcer-api-1.4.1.jar
[INFO] Downloading from apache.snapshots: http://repository.apache.org/snapshots/org/apache/maven/plugin-testing/maven-plugin-testing-harness/1.3/maven-plugin-testing-harness-1.3.jar
[INFO] Downloading from apache.snapshots: http://repository.apache.org/snapshots/org/codehaus/plexus/plexus-i18n/1.0-beta-6/plexus-i18n-1.0-beta-6.jar
[INFO] Downloading from apache.snapshots: http://repository.apache.org/snapshots/org/codehaus/plexus/plexus-archiver/2.2/plexus-archiver-2.2.jar
[INFO] Downloading from apache.snapshots: http://repository.apache.org/snapshots/org/codehaus/plexus/plexus-io/2.0.4/plexus-io-2.0.4.jar
[INFO] Downloading from central: https://repo.maven.apache.org/maven2/commons-lang/commons-lang/2.3/commons-lang-2.3.jar
[INFO] Downloading from central: https://repo.maven.apache.org/maven2/org/apache/maven/enforcer/enforcer-api/1.4.1/enforcer-api-1.4.1.jar
[INFO] Downloading from central: https://repo.maven.apache.org/maven2/org/codehaus/plexus/plexus-i18n/1.0-beta-6/plexus-i18n-1.0-beta-6.jar
[INFO] Downloading from central: https://repo.maven.apache.org/maven2/org/apache/maven/enforcer/enforcer-rules/1.4.1/enforcer-rules-1.4.1.jar
[INFO] Downloading from central: https://repo.maven.apache.org/maven2/org/apache/maven/plugin-testing/maven-plugin-testing-harness/1.3/maven-plugin-testing-harness-1.3.jar
[INFO] Downloaded from central: https://repo.maven.apache.org/maven2/org/apache/maven/enforcer/enforcer-api/1.4.1/enforcer-api-1.4.1.jar (11 kB at 420 kB/s)
[INFO] Downloading from central: https://repo.maven.apache.org/maven2/org/codehaus/plexus/plexus-archiver/2.2/plexus-archiver-2.2.jar
[INFO] Downloaded from central: https://repo.maven.apache.org/maven2/org/codehaus/plexus/plexus-archiver/2.2/plexus-archiver-2.2.jar (185 kB at 3.0 MB/s)
[INFO] Downloading from central: https://repo.maven.apache.org/maven2/org/codehaus/plexus/plexus-io/2.0.4/plexus-io-2.0.4.jar
[INFO] Downloaded from central: https://repo.maven.apache.org/maven2/org/apache/maven/plugin-testing/maven-plugin-testing-harness/1.3/maven-plugin-testing-harness-1.3.jar (35 kB at 535 kB/s)
[INFO] Downloaded from central: https://repo.maven.apache.org/maven2/org/codehaus/plexus/plexus-i18n/1.0-beta-6/plexus-i18n-1.0-beta-6.jar (12 kB at 172 kB/s)
[INFO] Downloaded from central: https://repo.maven.apache.org/maven2/org/codehaus/plexus/plexus-io/2.0.4/plexus-io-2.0.4.jar (58 kB at 670 kB/s)
[INFO] Downloaded from central: https://repo.maven.apache.org/maven2/commons-lang/commons-lang/2.3/commons-lang-2.3.jar (245 kB at 2.7 MB/s)
[INFO] Downloaded from central: https://repo.maven.apache.org/maven2/org/apache/maven/enforcer/enforcer-rules/1.4.1/enforcer-rules-1.4.1.jar (99 kB at 634 kB/s)
[INFO] 
[INFO] --- maven-remote-resources-plugin:1.5:process (process-resource-bundles) @ ratis ---
[INFO] Downloading from central: https://repo.maven.apache.org/maven2/org/apache/apache-jar-resource-bundle/1.4/apache-jar-resource-bundle-1.4.jar
[INFO] Downloaded from central: https://repo.maven.apache.org/maven2/org/apache/apache-jar-resource-bundle/1.4/apache-jar-resource-bundle-1.4.jar (12 kB at 456 kB/s)
[INFO] 
[INFO] --------------------< org.apache.ratis:ratis-proto >--------------------
[INFO] Building Apache Ratis Protocols 0.5.0-SNAPSHOT                    [2/15]
[INFO] --------------------------------[ jar ]---------------------------------
[INFO] Downloading from apache.snapshots: http://repository.apache.org/snapshots/com/google/code/maven-replacer-plugin/replacer/1.5.3/replacer-1.5.3.pom
[INFO] Downloading from central: https://repo.maven.apache.org/maven2/com/google/code/maven-replacer-plugin/replacer/1.5.3/replacer-1.5.3.pom
[INFO] Downloaded from central: https://repo.maven.apache.org/maven2/com/google/code/maven-replacer-plugin/replacer/1.5.3/replacer-1.5.3.pom (5.8 kB at 266 kB/s)
[INFO] Downloading from apache.snapshots: http://repository.apache.org/snapshots/com/google/code/maven-replacer-plugin/replacer/1.5.3/replacer-1.5.3.jar
[INFO] Downloading from central: https://repo.maven.apache.org/maven2/com/google/code/maven-replacer-plugin/replacer/1.5.3/replacer-1.5.3.jar
[INFO] Downloaded from central: https://repo.maven.apache.org/maven2/com/google/code/maven-replacer-plugin/replacer/1.5.3/replacer-1.5.3.jar (40 kB at 1.7 MB/s)
[INFO] Downloading from apache.snapshots: http://repository.apache.org/snapshots/org/apache/maven/plugins/maven-compiler-plugin/3.7.0/maven-compiler-plugin-3.7.0.pom
[INFO] Downloading from central: https://repo.maven.apache.org/maven2/org/apache/maven/plugins/maven-compiler-plugin/3.7.0/maven-compiler-plugin-3.7.0.pom
[INFO] Downloaded from central: https://repo.maven.apache.org/maven2/org/apache/maven/plugins/maven-compiler-plugin/3.7.0/maven-compiler-plugin-3.7.0.pom (11 kB at 487 kB/s)
[INFO] Downloading from apache.snapshots: http://repository.apache.org/snapshots/org/apache/maven/plugins/maven-compiler-plugin/3.7.0/maven-compiler-plugin-3.7.0.jar
[INFO] Downloading from central: https://repo.maven.apache.org/maven2/org/apache/maven/plugins/maven-compiler-plugin/3.7.0/maven-compiler-plugin-3.7.0.jar
[INFO] Downloaded from central: https://repo.maven.apache.org/maven2/org/apache/maven/plugins/maven-compiler-plugin/3.7.0/maven-compiler-plugin-3.7.0.jar (58 kB at 2.2 MB/s)
[INFO] Downloading from apache.snapshots: http://repository.apache.org/snapshots/org/apache/maven/plugins/maven-jar-plugin/3.0.2/maven-jar-plugin-3.0.2.pom
[INFO] Downloading from central: https://repo.maven.apache.org/maven2/org/apache/maven/plugins/maven-jar-plugin/3.0.2/maven-jar-plugin-3.0.2.pom
[INFO] Downloaded from central: https://repo.maven.apache.org/maven2/org/apache/maven/plugins/maven-jar-plugin/3.0.2/maven-jar-plugin-3.0.2.pom (6.2 kB at 221 kB/s)
[INFO] Downloading from apache.snapshots: http://repository.apache.org/snapshots/org/apache/maven/plugins/maven-jar-plugin/3.0.2/maven-jar-plugin-3.0.2.jar
[INFO] Downloading from central: https://repo.maven.apache.org/maven2/org/apache/maven/plugins/maven-jar-plugin/3.0.2/maven-jar-plugin-3.0.2.jar
[INFO] Downloaded from central: https://repo.maven.apache.org/maven2/org/apache/maven/plugins/maven-jar-plugin/3.0.2/maven-jar-plugin-3.0.2.jar (27 kB at 1.0 MB/s)
[INFO] 
[INFO] --- protobuf-maven-plugin:0.5.1:compile (compile-protobuf) @ ratis-proto ---
[INFO] Compiling 6 proto file(s) to /workdir/ratis-proto/target/generated-sources
[INFO] 
[INFO] --- protobuf-maven-plugin:0.5.1:compile-custom (compile-grpc) @ ratis-proto ---
[INFO] Downloading from central: https://repo.maven.apache.org/maven2/io/grpc/protoc-gen-grpc-java/1.16.0/protoc-gen-grpc-java-1.16.0.pom
[INFO] Downloaded from central: https://repo.maven.apache.org/maven2/io/grpc/protoc-gen-grpc-java/1.16.0/protoc-gen-grpc-java-1.16.0.pom (2.1 kB at 65 kB/s)
[INFO] Downloading from central: https://repo.maven.apache.org/maven2/io/grpc/protoc-gen-grpc-java/1.16.0/protoc-gen-grpc-java-1.16.0-linux-x86_64.exe
[INFO] Downloaded from central: https://repo.maven.apache.org/maven2/io/grpc/protoc-gen-grpc-java/1.16.0/protoc-gen-grpc-java-1.16.0-linux-x86_64.exe (2.7 MB at 14 MB/s)
[INFO] Compiling 6 proto file(s) to /workdir/ratis-proto/target/generated-sources
[INFO] 
[INFO] --- replacer:1.5.3:replace (default) @ ratis-proto ---
[INFO] Downloading from apache.snapshots: http://repository.apache.org/snapshots/org/apache/maven/maven-plugin-api/3.0.3/maven-plugin-api-3.0.3.pom
[INFO] Downloading from central: https://repo.maven.apache.org/maven2/org/apache/maven/maven-plugin-api/3.0.3/maven-plugin-api-3.0.3.pom
[INFO] Downloaded from central: https://repo.maven.apache.org/maven2/org/apache/maven/maven-plugin-api/3.0.3/maven-plugin-api-3.0.3.pom (2.3 kB at 82 kB/s)
[INFO] Downloading from apache.snapshots: http://repository.apache.org/snapshots/org/apache/maven/maven/3.0.3/maven-3.0.3.pom
[INFO] Downloading from central: https://repo.maven.apache.org/maven2/org/apache/maven/maven/3.0.3/maven-3.0.3.pom
[INFO] Downloaded from central: https://repo.maven.apache.org/maven2/org/apache/maven/maven/3.0.3/maven-3.0.3.pom (23 kB at 1.1 MB/s)
[INFO] Downloading from apache.snapshots: http://repository.apache.org/snapshots/org/apache/maven/maven-model/3.0.3/maven-model-3.0.3.pom
[INFO] Downloading from central: https://repo.maven.apache.org/maven2/org/apache/maven/maven-model/3.0.3/maven-model-3.0.3.pom
[INFO] Downloaded from central: https://repo.maven.apache.org/maven2/org/apache/maven/maven-model/3.0.3/maven-model-3.0.3.pom (3.9 kB at 169 kB/s)
[INFO] Downloading from apache.snapshots: http://repository.apache.org/snapshots/org/codehaus/plexus/plexus-utils/2.0.6/plexus-utils-2.0.6.pom
[INFO] Downloading from central: https://repo.maven.apache.org/maven2/org/codehaus/plexus/plexus-utils/2.0.6/plexus-utils-2.0.6.pom
[INFO] Downloaded from central: https://repo.maven.apache.org/maven2/org/codehaus/plexus/plexus-utils/2.0.6/plexus-utils-2.0.6.pom (2.9 kB at 126 kB/s)
[INFO] Downloading from apache.snapshots: http://repository.apache.org/snapshots/org/apache/maven/maven-artifact/3.0.3/maven-artifact-3.0.3.pom
[INFO] Downloading from central: https://repo.maven.apache.org/maven2/org/apache/maven/maven-artifact/3.0.3/maven-artifact-3.0.3.pom
[INFO] Downloaded from central: https://repo.maven.apache.org/maven2/org/apache/maven/maven-artifact/3.0.3/maven-artifact-3.0.3.pom (1.9 kB at 77 kB/s)
[INFO] Downloading from apache.snapshots: http://repository.apache.org/snapshots/org/sonatype/sisu/sisu-inject-plexus/2.1.1/sisu-inject-plexus-2.1.1.pom
[INFO] Downloading from central: https://repo.maven.apache.org/maven2/org/sonatype/sisu/sisu-inject-plexus/2.1.1/sisu-inject-plexus-2.1.1.pom
[INFO] Downloaded from central: https://repo.maven.apache.org/maven2/org/sonatype/sisu/sisu-inject-plexus/2.1.1/sisu-inject-plexus-2.1.1.pom (3.0 kB at 150 kB/s)
[INFO] Downloading from apache.snapshots: http://repository.apache.org/snapshots/org/sonatype/sisu/inject/guice-plexus/2.1.1/guice-plexus-2.1.1.pom
[INFO] Downloading from central: https://repo.maven.apache.org/maven2/org/sonatype/sisu/inject/guice-plexus/2.1.1/guice-plexus-2.1.1.pom
[INFO] Downloaded from central: https://repo.maven.apache.org/maven2/org/sonatype/sisu/inject/guice-plexus/2.1.1/guice-plexus-2.1.1.pom (3.6 kB at 155 kB/s)
[INFO] Downloading from apache.snapshots: http://repository.apache.org/snapshots/org/sonatype/sisu/inject/guice-bean/2.1.1/guice-bean-2.1.1.pom
[INFO] Downloading from central: https://repo.maven.apache.org/maven2/org/sonatype/sisu/inject/guice-bean/2.1.1/guice-bean-2.1.1.pom
[INFO] Downloaded from central: https://repo.maven.apache.org/maven2/org/sonatype/sisu/inject/guice-bean/2.1.1/guice-bean-2.1.1.pom (3.0 kB at 139 kB/s)
[INFO] Downloading from apache.snapshots: http://repository.apache.org/snapshots/org/sonatype/sisu/sisu-inject/2.1.1/sisu-inject-2.1.1.pom
[INFO] Downloading from central: https://repo.maven.apache.org/maven2/org/sonatype/sisu/sisu-inject/2.1.1/sisu-inject-2.1.1.pom
[INFO] Downloaded from central: https://repo.maven.apache.org/maven2/org/sonatype/sisu/sisu-inject/2.1.1/sisu-inject-2.1.1.pom (1.8 kB at 71 kB/s)
[INFO] Downloading from apache.snapshots: http://repository.apache.org/snapshots/org/sonatype/sisu/sisu-parent/2.1.1/sisu-parent-2.1.1.pom
[INFO] Downloading from central: https://repo.maven.apache.org/maven2/org/sonatype/sisu/sisu-parent/2.1.1/sisu-parent-2.1.1.pom
[INFO] Downloaded from central: https://repo.maven.apache.org/maven2/org/sonatype/sisu/sisu-parent/2.1.1/sisu-parent-2.1.1.pom (9.3 kB at 421 kB/s)
[INFO] Downloading from apache.snapshots: http://repository.apache.org/snapshots/org/sonatype/forge/forge-parent/7/forge-parent-7.pom
[INFO] Downloading from central: https://repo.maven.apache.org/maven2/org/sonatype/forge/forge-parent/7/forge-parent-7.pom
[INFO] Downloaded from central: https://repo.maven.apache.org/maven2/org/sonatype/forge/forge-parent/7/forge-parent-7.pom (13 kB at 577 kB/s)
[INFO] Downloading from apache.snapshots: http://repository.apache.org/snapshots/org/sonatype/sisu/sisu-inject-bean/2.1.1/sisu-inject-bean-2.1.1.pom
[INFO] Downloading from central: https://repo.maven.apache.org/maven2/org/sonatype/sisu/sisu-inject-bean/2.1.1/sisu-inject-bean-2.1.1.pom
[INFO] Downloaded from central: https://repo.maven.apache.org/maven2/org/sonatype/sisu/sisu-inject-bean/2.1.1/sisu-inject-bean-2.1.1.pom (3.0 kB at 136 kB/s)
[INFO] Downloading from apache.snapshots: http://repository.apache.org/snapshots/org/sonatype/sisu/sisu-guice/2.9.4/sisu-guice-2.9.4.pom
[INFO] Downloading from central: https://repo.maven.apache.org/maven2/org/sonatype/sisu/sisu-guice/2.9.4/sisu-guice-2.9.4.pom
[INFO] Downloaded from central: https://repo.maven.apache.org/maven2/org/sonatype/sisu/sisu-guice/2.9.4/sisu-guice-2.9.4.pom (7.8 kB at 357 kB/s)
[INFO] Downloading from apache.snapshots: http://repository.apache.org/snapshots/org/sonatype/sisu/inject/guice-parent/2.9.4/guice-parent-2.9.4.pom
[INFO] Downloading from central: https://repo.maven.apache.org/maven2/org/sonatype/sisu/inject/guice-parent/2.9.4/guice-parent-2.9.4.pom
[INFO] Downloaded from central: https://repo.maven.apache.org/maven2/org/sonatype/sisu/inject/guice-parent/2.9.4/guice-parent-2.9.4.pom (13 kB at 447 kB/s)
[INFO] Downloading from apache.snapshots: http://repository.apache.org/snapshots/commons-io/commons-io/2.1/commons-io-2.1.pom
[INFO] Downloading from central: https://repo.maven.apache.org/maven2/commons-io/commons-io/2.1/commons-io-2.1.pom
[INFO] Downloaded from central: https://repo.maven.apache.org/maven2/commons-io/commons-io/2.1/commons-io-2.1.pom (11 kB at 483 kB/s)
[INFO] Downloading from apache.snapshots: http://repository.apache.org/snapshots/xerces/xercesImpl/2.8.0/xercesImpl-2.8.0.pom
[INFO] Downloading from central: https://repo.maven.apache.org/maven2/xerces/xercesImpl/2.8.0/xercesImpl-2.8.0.pom
[INFO] Downloaded from central: https://repo.maven.apache.org/maven2/xerces/xercesImpl/2.8.0/xercesImpl-2.8.0.pom (1.4 kB at 64 kB/s)
[INFO] Downloading from apache.snapshots: http://repository.apache.org/snapshots/org/apache/maven/maven-plugin-api/3.0.3/maven-plugin-api-3.0.3.jar
[INFO] Downloading from apache.snapshots: http://repository.apache.org/snapshots/org/apache/maven/maven-artifact/3.0.3/maven-artifact-3.0.3.jar
[INFO] Downloading from apache.snapshots: http://repository.apache.org/snapshots/org/codehaus/plexus/plexus-utils/2.0.6/plexus-utils-2.0.6.jar
[INFO] Downloading from apache.snapshots: http://repository.apache.org/snapshots/org/apache/maven/maven-model/3.0.3/maven-model-3.0.3.jar
[INFO] Downloading from apache.snapshots: http://repository.apache.org/snapshots/org/sonatype/sisu/sisu-inject-plexus/2.1.1/sisu-inject-plexus-2.1.1.jar
[INFO] Downloading from apache.snapshots: http://repository.apache.org/snapshots/org/sonatype/sisu/sisu-inject-bean/2.1.1/sisu-inject-bean-2.1.1.jar
[INFO] Downloading from apache.snapshots: http://repository.apache.org/snapshots/xml-apis/xml-apis/1.3.03/xml-apis-1.3.03.jar
[INFO] Downloading from apache.snapshots: http://repository.apache.org/snapshots/xerces/xercesImpl/2.8.0/xercesImpl-2.8.0.jar
[INFO] Downloading from apache.snapshots: http://repository.apache.org/snapshots/commons-io/commons-io/2.1/commons-io-2.1.jar
[INFO] Downloading from apache.snapshots: http://repository.apache.org/snapshots/org/sonatype/sisu/sisu-guice/2.9.4/sisu-guice-2.9.4-no_aop.jar
[INFO] Downloading from central: https://repo.maven.apache.org/maven2/org/apache/maven/maven-plugin-api/3.0.3/maven-plugin-api-3.0.3.jar
[INFO] Downloading from central: https://repo.maven.apache.org/maven2/org/apache/maven/maven-model/3.0.3/maven-model-3.0.3.jar
[INFO] Downloading from central: https://repo.maven.apache.org/maven2/org/sonatype/sisu/sisu-inject-plexus/2.1.1/sisu-inject-plexus-2.1.1.jar
[INFO] Downloading from central: https://repo.maven.apache.org/maven2/org/apache/maven/maven-artifact/3.0.3/maven-artifact-3.0.3.jar
[INFO] Downloading from central: https://repo.maven.apache.org/maven2/org/codehaus/plexus/plexus-utils/2.0.6/plexus-utils-2.0.6.jar
[INFO] Downloaded from central: https://repo.maven.apache.org/maven2/org/apache/maven/maven-plugin-api/3.0.3/maven-plugin-api-3.0.3.jar (49 kB at 1.7 MB/s)
[INFO] Downloading from central: https://repo.maven.apache.org/maven2/org/sonatype/sisu/sisu-inject-bean/2.1.1/sisu-inject-bean-2.1.1.jar
[INFO] Downloaded from central: https://repo.maven.apache.org/maven2/org/apache/maven/maven-artifact/3.0.3/maven-artifact-3.0.3.jar (52 kB at 1.3 MB/s)
[INFO] Downloading from central: https://repo.maven.apache.org/maven2/org/sonatype/sisu/sisu-guice/2.9.4/sisu-guice-2.9.4-no_aop.jar
[INFO] Downloaded from central: https://repo.maven.apache.org/maven2/org/sonatype/sisu/sisu-inject-plexus/2.1.1/sisu-inject-plexus-2.1.1.jar (196 kB at 4.9 MB/s)
[INFO] Downloading from central: https://repo.maven.apache.org/maven2/commons-io/commons-io/2.1/commons-io-2.1.jar
[INFO] Downloaded from central: https://repo.maven.apache.org/maven2/org/apache/maven/maven-model/3.0.3/maven-model-3.0.3.jar (163 kB at 3.8 MB/s)
[INFO] Downloading from central: https://repo.maven.apache.org/maven2/xerces/xercesImpl/2.8.0/xercesImpl-2.8.0.jar
[INFO] Downloaded from central: https://repo.maven.apache.org/maven2/org/codehaus/plexus/plexus-utils/2.0.6/plexus-utils-2.0.6.jar (223 kB at 4.2 MB/s)
[INFO] Downloading from central: https://repo.maven.apache.org/maven2/xml-apis/xml-apis/1.3.03/xml-apis-1.3.03.jar
[INFO] Downloaded from central: https://repo.maven.apache.org/maven2/org/sonatype/sisu/sisu-inject-bean/2.1.1/sisu-inject-bean-2.1.1.jar (230 kB at 3.6 MB/s)
[INFO] Downloaded from central: https://repo.maven.apache.org/maven2/commons-io/commons-io/2.1/commons-io-2.1.jar (163 kB at 2.3 MB/s)
[INFO] Downloaded from central: https://repo.maven.apache.org/maven2/org/sonatype/sisu/sisu-guice/2.9.4/sisu-guice-2.9.4-no_aop.jar (484 kB at 5.8 MB/s)
[INFO] Downloaded from central: https://repo.maven.apache.org/maven2/xml-apis/xml-apis/1.3.03/xml-apis-1.3.03.jar (195 kB at 2.1 MB/s)
[INFO] Downloaded from central: https://repo.maven.apache.org/maven2/xerces/xercesImpl/2.8.0/xercesImpl-2.8.0.jar (1.2 MB at 9.4 MB/s)
[INFO] Replacement run on 11 files.
[INFO] 
[INFO] --- maven-remote-resources-plugin:1.5:process (process-resource-bundles) @ ratis-proto ---
[INFO] 
[INFO] --- maven-resources-plugin:2.6:resources (default-resources) @ ratis-proto ---
[INFO] Using 'UTF-8' encoding to copy filtered resources.
[INFO] skip non existing resourceDirectory /workdir/ratis-proto/src/main/resources
[INFO] Copying 6 resources
[INFO] Copying 6 resources
[INFO] Copying 3 resources
[INFO] 
[INFO] --- maven-compiler-plugin:3.7.0:compile (default-compile) @ ratis-proto ---
[INFO] Downloading from apache.snapshots: http://repository.apache.org/snapshots/org/codehaus/plexus/plexus-java/0.9.2/plexus-java-0.9.2.pom
[INFO] Downloading from central: https://repo.maven.apache.org/maven2/org/codehaus/plexus/plexus-java/0.9.2/plexus-java-0.9.2.pom
[INFO] Downloaded from central: https://repo.maven.apache.org/maven2/org/codehaus/plexus/plexus-java/0.9.2/plexus-java-0.9.2.pom (2.4 kB at 97 kB/s)
[INFO] Downloading from apache.snapshots: http://repository.apache.org/snapshots/org/codehaus/plexus/plexus-languages/0.9.2/plexus-languages-0.9.2.pom
[INFO] Downloading from central: https://repo.maven.apache.org/maven2/org/codehaus/plexus/plexus-languages/0.9.2/plexus-languages-0.9.2.pom
[INFO] Downloaded from central: https://repo.maven.apache.org/maven2/org/codehaus/plexus/plexus-languages/0.9.2/plexus-languages-0.9.2.pom (2.3 kB at 99 kB/s)
[INFO] Downloading from apache.snapshots: http://repository.apache.org/snapshots/com/thoughtworks/qdox/qdox/2.0-M7/qdox-2.0-M7.pom
[INFO] Downloading from central: https://repo.maven.apache.org/maven2/com/thoughtworks/qdox/qdox/2.0-M7/qdox-2.0-M7.pom
[INFO] Downloaded from central: https://repo.maven.apache.org/maven2/com/thoughtworks/qdox/qdox/2.0-M7/qdox-2.0-M7.pom (16 kB at 720 kB/s)
[INFO] Downloading from apache.snapshots: http://repository.apache.org/snapshots/org/codehaus/plexus/plexus-compiler-api/2.8.2/plexus-compiler-api-2.8.2.pom
[INFO] Downloading from central: https://repo.maven.apache.org/maven2/org/codehaus/plexus/plexus-compiler-api/2.8.2/plexus-compiler-api-2.8.2.pom
[INFO] Downloaded from central: https://repo.maven.apache.org/maven2/org/codehaus/plexus/plexus-compiler-api/2.8.2/plexus-compiler-api-2.8.2.pom (867 B at 41 kB/s)
[INFO] Downloading from apache.snapshots: http://repository.apache.org/snapshots/org/codehaus/plexus/plexus-compiler/2.8.2/plexus-compiler-2.8.2.pom
[INFO] Downloading from central: https://repo.maven.apache.org/maven2/org/codehaus/plexus/plexus-compiler/2.8.2/plexus-compiler-2.8.2.pom
[INFO] Downloaded from central: https://repo.maven.apache.org/maven2/org/codehaus/plexus/plexus-compiler/2.8.2/plexus-compiler-2.8.2.pom (4.9 kB at 203 kB/s)
[INFO] Downloading from apache.snapshots: http://repository.apache.org/snapshots/org/codehaus/plexus/plexus-compiler-manager/2.8.2/plexus-compiler-manager-2.8.2.pom
[INFO] Downloading from central: https://repo.maven.apache.org/maven2/org/codehaus/plexus/plexus-compiler-manager/2.8.2/plexus-compiler-manager-2.8.2.pom
[INFO] Downloaded from central: https://repo.maven.apache.org/maven2/org/codehaus/plexus/plexus-compiler-manager/2.8.2/plexus-compiler-manager-2.8.2.pom (692 B at 30 kB/s)
[INFO] Downloading from apache.snapshots: http://repository.apache.org/snapshots/org/codehaus/plexus/plexus-compiler-javac/2.8.2/plexus-compiler-javac-2.8.2.pom
[INFO] Downloading from central: https://repo.maven.apache.org/maven2/org/codehaus/plexus/plexus-compiler-javac/2.8.2/plexus-compiler-javac-2.8.2.pom
[INFO] Downloaded from central: https://repo.maven.apache.org/maven2/org/codehaus/plexus/plexus-compiler-javac/2.8.2/plexus-compiler-javac-2.8.2.pom (771 B at 31 kB/s)
[INFO] Downloading from apache.snapshots: http://repository.apache.org/snapshots/org/codehaus/plexus/plexus-compilers/2.8.2/plexus-compilers-2.8.2.pom
[INFO] Downloading from central: https://repo.maven.apache.org/maven2/org/codehaus/plexus/plexus-compilers/2.8.2/plexus-compilers-2.8.2.pom
[INFO] Downloaded from central: https://repo.maven.apache.org/maven2/org/codehaus/plexus/plexus-compilers/2.8.2/plexus-compilers-2.8.2.pom (1.3 kB at 61 kB/s)
[INFO] Downloading from apache.snapshots: http://repository.apache.org/snapshots/org/codehaus/plexus/plexus-java/0.9.2/plexus-java-0.9.2.jar
[INFO] Downloading from apache.snapshots: http://repository.apache.org/snapshots/com/thoughtworks/qdox/qdox/2.0-M7/qdox-2.0-M7.jar
[INFO] Downloading from apache.snapshots: http://repository.apache.org/snapshots/org/ow2/asm/asm/6.0_BETA/asm-6.0_BETA.jar
[INFO] Downloading from apache.snapshots: http://repository.apache.org/snapshots/org/codehaus/plexus/plexus-compiler-manager/2.8.2/plexus-compiler-manager-2.8.2.jar
[INFO] Downloading from apache.snapshots: http://repository.apache.org/snapshots/org/codehaus/plexus/plexus-compiler-api/2.8.2/plexus-compiler-api-2.8.2.jar
[INFO] Downloading from apache.snapshots: http://repository.apache.org/snapshots/org/codehaus/plexus/plexus-compiler-javac/2.8.2/plexus-compiler-javac-2.8.2.jar
[INFO] Downloading from central: https://repo.maven.apache.org/maven2/org/codehaus/plexus/plexus-java/0.9.2/plexus-java-0.9.2.jar
[INFO] Downloading from central: https://repo.maven.apache.org/maven2/com/thoughtworks/qdox/qdox/2.0-M7/qdox-2.0-M7.jar
[INFO] Downloading from central: https://repo.maven.apache.org/maven2/org/ow2/asm/asm/6.0_BETA/asm-6.0_BETA.jar
[INFO] Downloading from central: https://repo.maven.apache.org/maven2/org/codehaus/plexus/plexus-compiler-manager/2.8.2/plexus-compiler-manager-2.8.2.jar
[INFO] Downloading from central: https://repo.maven.apache.org/maven2/org/codehaus/plexus/plexus-compiler-api/2.8.2/plexus-compiler-api-2.8.2.jar
[INFO] Downloaded from central: https://repo.maven.apache.org/maven2/org/codehaus/plexus/plexus-compiler-manager/2.8.2/plexus-compiler-manager-2.8.2.jar (4.7 kB at 187 kB/s)
[INFO] Downloading from central: https://repo.maven.apache.org/maven2/org/codehaus/plexus/plexus-compiler-javac/2.8.2/plexus-compiler-javac-2.8.2.jar
[INFO] Downloaded from central: https://repo.maven.apache.org/maven2/org/codehaus/plexus/plexus-java/0.9.2/plexus-java-0.9.2.jar (31 kB at 1.1 MB/s)
[INFO] Downloaded from central: https://repo.maven.apache.org/maven2/org/codehaus/plexus/plexus-compiler-api/2.8.2/plexus-compiler-api-2.8.2.jar (26 kB at 942 kB/s)
[INFO] Downloaded from central: https://repo.maven.apache.org/maven2/org/ow2/asm/asm/6.0_BETA/asm-6.0_BETA.jar (56 kB at 1.8 MB/s)
[INFO] Downloaded from central: https://repo.maven.apache.org/maven2/com/thoughtworks/qdox/qdox/2.0-M7/qdox-2.0-M7.jar (315 kB at 6.4 MB/s)
[INFO] Downloaded from central: https://repo.maven.apache.org/maven2/org/codehaus/plexus/plexus-compiler-javac/2.8.2/plexus-compiler-javac-2.8.2.jar (20 kB at 418 kB/s)
[INFO] Compiling 11 source files to /workdir/ratis-proto/target/classes
[INFO] 
[INFO] --- maven-jar-plugin:3.0.2:jar (default-jar) @ ratis-proto ---
[INFO] Downloading from apache.snapshots: http://repository.apache.org/snapshots/org/apache/maven/shared/maven-shared-utils/3.0.1/maven-shared-utils-3.0.1.jar
[INFO] Downloading from central: https://repo.maven.apache.org/maven2/org/apache/maven/shared/maven-shared-utils/3.0.1/maven-shared-utils-3.0.1.jar
[INFO] Downloaded from central: https://repo.maven.apache.org/maven2/org/apache/maven/shared/maven-shared-utils/3.0.1/maven-shared-utils-3.0.1.jar (154 kB at 1.4 MB/s)
[INFO] Building jar: /workdir/ratis-proto/target/ratis-proto-0.5.0-SNAPSHOT.jar
[INFO] 
[INFO] --- maven-resources-plugin:2.6:testResources (default-testResources) @ ratis-proto ---
[INFO] Using 'UTF-8' encoding to copy filtered resources.
[INFO] skip non existing resourceDirectory /workdir/ratis-proto/src/test/resources
[INFO] Copying 3 resources
[INFO] 
[INFO] --- maven-compiler-plugin:3.7.0:testCompile (default-testCompile) @ ratis-proto ---
[INFO] No sources to compile
[INFO] 
[INFO] --- maven-surefire-plugin:3.0.0-M1:test (default-test) @ ratis-proto ---
[INFO] 
[INFO] -------------------< org.apache.ratis:ratis-common >--------------------
[INFO] Building Apache Ratis Common 0.5.0-SNAPSHOT                       [3/15]
[INFO] --------------------------------[ jar ]---------------------------------
[INFO] Downloading from central: https://repo.maven.apache.org/maven2/org/slf4j/slf4j-api/1.7.10/slf4j-api-1.7.10.pom
[INFO] Downloaded from central: https://repo.maven.apache.org/maven2/org/slf4j/slf4j-api/1.7.10/slf4j-api-1.7.10.pom (2.7 kB at 83 kB/s)
[INFO] Downloading from central: https://repo.maven.apache.org/maven2/org/slf4j/slf4j-parent/1.7.10/slf4j-parent-1.7.10.pom
[INFO] Downloaded from central: https://repo.maven.apache.org/maven2/org/slf4j/slf4j-parent/1.7.10/slf4j-parent-1.7.10.pom (13 kB at 640 kB/s)
[INFO] Downloading from central: https://repo.maven.apache.org/maven2/org/slf4j/slf4j-log4j12/1.7.10/slf4j-log4j12-1.7.10.pom
[INFO] Downloaded from central: https://repo.maven.apache.org/maven2/org/slf4j/slf4j-log4j12/1.7.10/slf4j-log4j12-1.7.10.pom (1.6 kB at 79 kB/s)
[INFO] Downloading from central: https://repo.maven.apache.org/maven2/org/slf4j/slf4j-api/1.7.10/slf4j-api-1.7.10.jar
[INFO] Downloading from central: https://repo.maven.apache.org/maven2/org/slf4j/slf4j-log4j12/1.7.10/slf4j-log4j12-1.7.10.jar
[INFO] Downloaded from central: https://repo.maven.apache.org/maven2/org/slf4j/slf4j-log4j12/1.7.10/slf4j-log4j12-1.7.10.jar (8.9 kB at 385 kB/s)
[INFO] Downloaded from central: https://repo.maven.apache.org/maven2/org/slf4j/slf4j-api/1.7.10/slf4j-api-1.7.10.jar (32 kB at 1.3 MB/s)
[INFO] 
[INFO] --- maven-remote-resources-plugin:1.5:process (process-resource-bundles) @ ratis-common ---
[INFO] 
[INFO] --- maven-resources-plugin:2.6:resources (default-resources) @ ratis-common ---
[INFO] Using 'UTF-8' encoding to copy filtered resources.
[INFO] skip non existing resourceDirectory /workdir/ratis-common/src/main/resources
[INFO] Copying 3 resources
[INFO] 
[INFO] --- maven-compiler-plugin:3.7.0:compile (default-compile) @ ratis-common ---
[INFO] Compiling 100 source files to /workdir/ratis-common/target/classes
[INFO] 
[INFO] --- maven-resources-plugin:2.6:testResources (default-testResources) @ ratis-common ---
[INFO] Using 'UTF-8' encoding to copy filtered resources.
[INFO] skip non existing resourceDirectory /workdir/ratis-common/src/test/resources
[INFO] Copying 3 resources
[INFO] 
[INFO] --- maven-compiler-plugin:3.7.0:testCompile (default-testCompile) @ ratis-common ---
[INFO] Compiling 2 source files to /workdir/ratis-common/target/test-classes
[INFO] 
[INFO] --- maven-surefire-plugin:3.0.0-M1:test (default-test) @ ratis-common ---
[INFO] 
[INFO] -------------------< org.apache.ratis:ratis-client >--------------------
[INFO] Building Apache Ratis Client 0.5.0-SNAPSHOT                       [4/15]
[INFO] --------------------------------[ jar ]---------------------------------
[INFO] 
[INFO] --- maven-remote-resources-plugin:1.5:process (process-resource-bundles) @ ratis-client ---
[INFO] 
[INFO] --- maven-resources-plugin:2.6:resources (default-resources) @ ratis-client ---
[INFO] Using 'UTF-8' encoding to copy filtered resources.
[INFO] skip non existing resourceDirectory /workdir/ratis-client/src/main/resources
[INFO] Copying 3 resources
[INFO] 
[INFO] --- maven-compiler-plugin:3.7.0:compile (default-compile) @ ratis-client ---
[INFO] Compiling 12 source files to /workdir/ratis-client/target/classes
[INFO] 
[INFO] --- maven-resources-plugin:2.6:testResources (default-testResources) @ ratis-client ---
[INFO] Using 'UTF-8' encoding to copy filtered resources.
[INFO] skip non existing resourceDirectory /workdir/ratis-client/src/test/resources
[INFO] Copying 3 resources
[INFO] 
[INFO] --- maven-compiler-plugin:3.7.0:testCompile (default-testCompile) @ ratis-client ---
[INFO] No sources to compile
[INFO] 
[INFO] --- maven-surefire-plugin:3.0.0-M1:test (default-test) @ ratis-client ---
[INFO] 
[INFO] -------------------< org.apache.ratis:ratis-metrics >-------------------
[INFO] Building Apache Ratis Metrics 0.5.0-SNAPSHOT                      [5/15]
[INFO] --------------------------------[ jar ]---------------------------------
[INFO] Downloading from central: https://repo.maven.apache.org/maven2/io/dropwizard/metrics/metrics-core/3.2.5/metrics-core-3.2.5.pom
[INFO] Downloaded from central: https://repo.maven.apache.org/maven2/io/dropwizard/metrics/metrics-core/3.2.5/metrics-core-3.2.5.pom (846 B at 31 kB/s)
[INFO] Downloading from central: https://repo.maven.apache.org/maven2/io/dropwizard/metrics/metrics-parent/3.2.5/metrics-parent-3.2.5.pom
[INFO] Downloaded from central: https://repo.maven.apache.org/maven2/io/dropwizard/metrics/metrics-parent/3.2.5/metrics-parent-3.2.5.pom (12 kB at 555 kB/s)
[INFO] Downloading from central: https://repo.maven.apache.org/maven2/com/github/joshelser/dropwizard-metrics-hadoop-metrics2-reporter/0.1.2/dropwizard-metrics-hadoop-metrics2-reporter-0.1.2.pom
[INFO] Downloaded from central: https://repo.maven.apache.org/maven2/com/github/joshelser/dropwizard-metrics-hadoop-metrics2-reporter/0.1.2/dropwizard-metrics-hadoop-metrics2-reporter-0.1.2.pom (7.7 kB at 135 kB/s)
[INFO] Downloading from central: https://repo.maven.apache.org/maven2/org/apache/hadoop/hadoop-common/2.6.0/hadoop-common-2.6.0.pom
[INFO] Downloaded from central: https://repo.maven.apache.org/maven2/org/apache/hadoop/hadoop-common/2.6.0/hadoop-common-2.6.0.pom (31 kB at 789 kB/s)
[INFO] Downloading from central: https://repo.maven.apache.org/maven2/org/apache/hadoop/hadoop-project-dist/2.6.0/hadoop-project-dist-2.6.0.pom
[INFO] Downloaded from central: https://repo.maven.apache.org/maven2/org/apache/hadoop/hadoop-project-dist/2.6.0/hadoop-project-dist-2.6.0.pom (18 kB at 876 kB/s)
[INFO] Downloading from central: https://repo.maven.apache.org/maven2/org/apache/hadoop/hadoop-project/2.6.0/hadoop-project-2.6.0.pom
[INFO] Downloaded from central: https://repo.maven.apache.org/maven2/org/apache/hadoop/hadoop-project/2.6.0/hadoop-project-2.6.0.pom (43 kB at 2.1 MB/s)
[INFO] Downloading from central: https://repo.maven.apache.org/maven2/org/apache/hadoop/hadoop-main/2.6.0/hadoop-main-2.6.0.pom
[INFO] Downloaded from central: https://repo.maven.apache.org/maven2/org/apache/hadoop/hadoop-main/2.6.0/hadoop-main-2.6.0.pom (18 kB at 786 kB/s)
[INFO] Downloading from central: https://repo.maven.apache.org/maven2/org/apache/hadoop/hadoop-annotations/2.6.0/hadoop-annotations-2.6.0.pom
[INFO] Downloaded from central: https://repo.maven.apache.org/maven2/org/apache/hadoop/hadoop-annotations/2.6.0/hadoop-annotations-2.6.0.pom (2.4 kB at 46 kB/s)
[INFO] Downloading from central: https://repo.maven.apache.org/maven2/xmlenc/xmlenc/0.52/xmlenc-0.52.pom
[INFO] Downloaded from central: https://repo.maven.apache.org/maven2/xmlenc/xmlenc/0.52/xmlenc-0.52.pom (623 B at 28 kB/s)
[INFO] Downloading from central: https://repo.maven.apache.org/maven2/commons-codec/commons-codec/1.4/commons-codec-1.4.pom
[INFO] Downloaded from central: https://repo.maven.apache.org/maven2/commons-codec/commons-codec/1.4/commons-codec-1.4.pom (10 kB at 500 kB/s)
[INFO] Downloading from central: https://repo.maven.apache.org/maven2/commons-net/commons-net/3.1/commons-net-3.1.pom
[INFO] Downloaded from central: https://repo.maven.apache.org/maven2/commons-net/commons-net/3.1/commons-net-3.1.pom (18 kB at 921 kB/s)
[INFO] Downloading from central: https://repo.maven.apache.org/maven2/org/mortbay/jetty/jetty/6.1.26/jetty-6.1.26.pom
[INFO] Downloaded from central: https://repo.maven.apache.org/maven2/org/mortbay/jetty/jetty/6.1.26/jetty-6.1.26.pom (6.3 kB at 298 kB/s)
[INFO] Downloading from central: https://repo.maven.apache.org/maven2/org/mortbay/jetty/project/6.1.26/project-6.1.26.pom
[INFO] Downloaded from central: https://repo.maven.apache.org/maven2/org/mortbay/jetty/project/6.1.26/project-6.1.26.pom (9.2 kB at 438 kB/s)
[INFO] Downloading from central: https://repo.maven.apache.org/maven2/org/mortbay/jetty/jetty-util/6.1.26/jetty-util-6.1.26.pom
[INFO] Downloaded from central: https://repo.maven.apache.org/maven2/org/mortbay/jetty/jetty-util/6.1.26/jetty-util-6.1.26.pom (3.9 kB at 204 kB/s)
[INFO] Downloading from central: https://repo.maven.apache.org/maven2/com/sun/jersey/jersey-core/1.9/jersey-core-1.9.pom
[INFO] Downloaded from central: https://repo.maven.apache.org/maven2/com/sun/jersey/jersey-core/1.9/jersey-core-1.9.pom (10 kB at 547 kB/s)
[INFO] Downloading from central: https://repo.maven.apache.org/maven2/com/sun/jersey/jersey-project/1.9/jersey-project-1.9.pom
[INFO] Downloaded from central: https://repo.maven.apache.org/maven2/com/sun/jersey/jersey-project/1.9/jersey-project-1.9.pom (18 kB at 884 kB/s)
[INFO] Downloading from central: https://repo.maven.apache.org/maven2/com/sun/jersey/jersey-json/1.9/jersey-json-1.9.pom
[INFO] Downloaded from central: https://repo.maven.apache.org/maven2/com/sun/jersey/jersey-json/1.9/jersey-json-1.9.pom (11 kB at 542 kB/s)
[INFO] Downloading from central: https://repo.maven.apache.org/maven2/javax/xml/bind/jaxb-api/2.2.2/jaxb-api-2.2.2.pom
[INFO] Downloaded from central: https://repo.maven.apache.org/maven2/javax/xml/bind/jaxb-api/2.2.2/jaxb-api-2.2.2.pom (5.6 kB at 293 kB/s)
[INFO] Downloading from central: https://repo.maven.apache.org/maven2/javax/xml/stream/stax-api/1.0-2/stax-api-1.0-2.pom
[INFO] Downloaded from central: https://repo.maven.apache.org/maven2/javax/xml/stream/stax-api/1.0-2/stax-api-1.0-2.pom (962 B at 57 kB/s)
[INFO] Downloading from central: https://repo.maven.apache.org/maven2/javax/activation/activation/1.1/activation-1.1.pom
[INFO] Downloaded from central: https://repo.maven.apache.org/maven2/javax/activation/activation/1.1/activation-1.1.pom (1.1 kB at 59 kB/s)
[INFO] Downloading from central: https://repo.maven.apache.org/maven2/org/codehaus/jackson/jackson-core-asl/1.8.3/jackson-core-asl-1.8.3.pom
[INFO] Downloaded from central: https://repo.maven.apache.org/maven2/org/codehaus/jackson/jackson-core-asl/1.8.3/jackson-core-asl-1.8.3.pom (1.0 kB at 60 kB/s)
[INFO] Downloading from central: https://repo.maven.apache.org/maven2/org/codehaus/jackson/jackson-mapper-asl/1.8.3/jackson-mapper-asl-1.8.3.pom
[INFO] Downloaded from central: https://repo.maven.apache.org/maven2/org/codehaus/jackson/jackson-mapper-asl/1.8.3/jackson-mapper-asl-1.8.3.pom (1.2 kB at 69 kB/s)
[INFO] Downloading from central: https://repo.maven.apache.org/maven2/org/codehaus/jackson/jackson-jaxrs/1.8.3/jackson-jaxrs-1.8.3.pom
[INFO] Downloaded from central: https://repo.maven.apache.org/maven2/org/codehaus/jackson/jackson-jaxrs/1.8.3/jackson-jaxrs-1.8.3.pom (1.6 kB at 86 kB/s)
[INFO] Downloading from central: https://repo.maven.apache.org/maven2/org/codehaus/jackson/jackson-xc/1.8.3/jackson-xc-1.8.3.pom
[INFO] Downloaded from central: https://repo.maven.apache.org/maven2/org/codehaus/jackson/jackson-xc/1.8.3/jackson-xc-1.8.3.pom (1.6 kB at 91 kB/s)
[INFO] Downloading from central: https://repo.maven.apache.org/maven2/com/sun/jersey/jersey-server/1.9/jersey-server-1.9.pom
[INFO] Downloaded from central: https://repo.maven.apache.org/maven2/com/sun/jersey/jersey-server/1.9/jersey-server-1.9.pom (12 kB at 642 kB/s)
[INFO] Downloading from central: https://repo.maven.apache.org/maven2/asm/asm/3.1/asm-3.1.pom
[INFO] Downloaded from central: https://repo.maven.apache.org/maven2/asm/asm/3.1/asm-3.1.pom (278 B at 14 kB/s)
[INFO] Downloading from central: https://repo.maven.apache.org/maven2/asm/asm-parent/3.1/asm-parent-3.1.pom
[INFO] Downloaded from central: https://repo.maven.apache.org/maven2/asm/asm-parent/3.1/asm-parent-3.1.pom (4.2 kB at 219 kB/s)
[INFO] Downloading from central: https://repo.maven.apache.org/maven2/tomcat/jasper-compiler/5.5.23/jasper-compiler-5.5.23.pom
[INFO] Downloaded from central: https://repo.maven.apache.org/maven2/tomcat/jasper-compiler/5.5.23/jasper-compiler-5.5.23.pom (919 B at 44 kB/s)
[INFO] Downloading from central: https://repo.maven.apache.org/maven2/tomcat/tomcat-parent/5.5.23/tomcat-parent-5.5.23.pom
[INFO] Downloaded from central: https://repo.maven.apache.org/maven2/tomcat/tomcat-parent/5.5.23/tomcat-parent-5.5.23.pom (898 B at 43 kB/s)
[INFO] Downloading from central: https://repo.maven.apache.org/maven2/tomcat/jasper-runtime/5.5.23/jasper-runtime-5.5.23.pom
[INFO] Downloaded from central: https://repo.maven.apache.org/maven2/tomcat/jasper-runtime/5.5.23/jasper-runtime-5.5.23.pom (934 B at 21 kB/s)
[INFO] Downloading from central: https://repo.maven.apache.org/maven2/javax/servlet/servlet-api/2.4/servlet-api-2.4.pom
[INFO] Downloaded from central: https://repo.maven.apache.org/maven2/javax/servlet/servlet-api/2.4/servlet-api-2.4.pom (156 B at 8.2 kB/s)
[INFO] Downloading from central: https://repo.maven.apache.org/maven2/commons-el/commons-el/1.0/commons-el-1.0.pom
[INFO] Downloaded from central: https://repo.maven.apache.org/maven2/commons-el/commons-el/1.0/commons-el-1.0.pom (4.1 kB at 215 kB/s)
[INFO] Downloading from central: https://repo.maven.apache.org/maven2/net/java/dev/jets3t/jets3t/0.9.0/jets3t-0.9.0.pom
[INFO] Downloaded from central: https://repo.maven.apache.org/maven2/net/java/dev/jets3t/jets3t/0.9.0/jets3t-0.9.0.pom (2.4 kB at 135 kB/s)
[INFO] Downloading from central: https://repo.maven.apache.org/maven2/org/apache/httpcomponents/httpclient/4.1.2/httpclient-4.1.2.pom
[INFO] Downloaded from central: https://repo.maven.apache.org/maven2/org/apache/httpcomponents/httpclient/4.1.2/httpclient-4.1.2.pom (6.0 kB at 250 kB/s)
[INFO] Downloading from central: https://repo.maven.apache.org/maven2/org/apache/httpcomponents/httpcomponents-client/4.1.2/httpcomponents-client-4.1.2.pom
[INFO] Downloaded from central: https://repo.maven.apache.org/maven2/org/apache/httpcomponents/httpcomponents-client/4.1.2/httpcomponents-client-4.1.2.pom (11 kB at 599 kB/s)
[INFO] Downloading from central: https://repo.maven.apache.org/maven2/org/apache/httpcomponents/project/4.1.1/project-4.1.1.pom
[INFO] Downloaded from central: https://repo.maven.apache.org/maven2/org/apache/httpcomponents/project/4.1.1/project-4.1.1.pom (17 kB at 798 kB/s)
[INFO] Downloading from central: https://repo.maven.apache.org/maven2/org/apache/httpcomponents/httpcore/4.1.2/httpcore-4.1.2.pom
[INFO] Downloaded from central: https://repo.maven.apache.org/maven2/org/apache/httpcomponents/httpcore/4.1.2/httpcore-4.1.2.pom (7.4 kB at 389 kB/s)
[INFO] Downloading from central: https://repo.maven.apache.org/maven2/org/apache/httpcomponents/httpcomponents-core/4.1.2/httpcomponents-core-4.1.2.pom
[INFO] Downloaded from central: https://repo.maven.apache.org/maven2/org/apache/httpcomponents/httpcomponents-core/4.1.2/httpcomponents-core-4.1.2.pom (9.8 kB at 544 kB/s)
[INFO] Downloading from central: https://repo.maven.apache.org/maven2/com/jamesmurty/utils/java-xmlbuilder/0.4/java-xmlbuilder-0.4.pom
[INFO] Downloaded from central: https://repo.maven.apache.org/maven2/com/jamesmurty/utils/java-xmlbuilder/0.4/java-xmlbuilder-0.4.pom (3.0 kB at 149 kB/s)
[INFO] Downloading from central: https://repo.maven.apache.org/maven2/org/sonatype/oss/oss-parent/3/oss-parent-3.pom
[INFO] Downloaded from central: https://repo.maven.apache.org/maven2/org/sonatype/oss/oss-parent/3/oss-parent-3.pom (3.4 kB at 168 kB/s)
[INFO] Downloading from central: https://repo.maven.apache.org/maven2/org/apache/avro/avro/1.7.4/avro-1.7.4.pom
[INFO] Downloaded from central: https://repo.maven.apache.org/maven2/org/apache/avro/avro/1.7.4/avro-1.7.4.pom (4.2 kB at 201 kB/s)
[INFO] Downloading from central: https://repo.maven.apache.org/maven2/org/apache/avro/avro-parent/1.7.4/avro-parent-1.7.4.pom
[INFO] Downloaded from central: https://repo.maven.apache.org/maven2/org/apache/avro/avro-parent/1.7.4/avro-parent-1.7.4.pom (15 kB at 737 kB/s)
[INFO] Downloading from central: https://repo.maven.apache.org/maven2/org/apache/avro/avro-toplevel/1.7.4/avro-toplevel-1.7.4.pom
[INFO] Downloaded from central: https://repo.maven.apache.org/maven2/org/apache/avro/avro-toplevel/1.7.4/avro-toplevel-1.7.4.pom (9.6 kB at 506 kB/s)
[INFO] Downloading from central: https://repo.maven.apache.org/maven2/org/codehaus/jackson/jackson-core-asl/1.8.8/jackson-core-asl-1.8.8.pom
[INFO] Downloaded from central: https://repo.maven.apache.org/maven2/org/codehaus/jackson/jackson-core-asl/1.8.8/jackson-core-asl-1.8.8.pom (1.0 kB at 53 kB/s)
[INFO] Downloading from central: https://repo.maven.apache.org/maven2/org/codehaus/jackson/jackson-mapper-asl/1.8.8/jackson-mapper-asl-1.8.8.pom
[INFO] Downloaded from central: https://repo.maven.apache.org/maven2/org/codehaus/jackson/jackson-mapper-asl/1.8.8/jackson-mapper-asl-1.8.8.pom (1.2 kB at 59 kB/s)
[INFO] Downloading from central: https://repo.maven.apache.org/maven2/org/xerial/snappy/snappy-java/1.0.4.1/snappy-java-1.0.4.1.pom
[INFO] Downloaded from central: https://repo.maven.apache.org/maven2/org/xerial/snappy/snappy-java/1.0.4.1/snappy-java-1.0.4.1.pom (9.3 kB at 403 kB/s)
[INFO] Downloading from central: https://repo.maven.apache.org/maven2/org/apache/hadoop/hadoop-auth/2.6.0/hadoop-auth-2.6.0.pom
[INFO] Downloaded from central: https://repo.maven.apache.org/maven2/org/apache/hadoop/hadoop-auth/2.6.0/hadoop-auth-2.6.0.pom (7.8 kB at 390 kB/s)
[INFO] Downloading from central: https://repo.maven.apache.org/maven2/org/apache/httpcomponents/httpclient/4.2.5/httpclient-4.2.5.pom
[INFO] Downloaded from central: https://repo.maven.apache.org/maven2/org/apache/httpcomponents/httpclient/4.2.5/httpclient-4.2.5.pom (5.9 kB at 311 kB/s)
[INFO] Downloading from central: https://repo.maven.apache.org/maven2/org/apache/httpcomponents/httpcomponents-client/4.2.5/httpcomponents-client-4.2.5.pom
[INFO] Downloaded from central: https://repo.maven.apache.org/maven2/org/apache/httpcomponents/httpcomponents-client/4.2.5/httpcomponents-client-4.2.5.pom (15 kB at 777 kB/s)
[INFO] Downloading from central: https://repo.maven.apache.org/maven2/org/apache/httpcomponents/project/6/project-6.pom
[INFO] Downloaded from central: https://repo.maven.apache.org/maven2/org/apache/httpcomponents/project/6/project-6.pom (24 kB at 1.3 MB/s)
[INFO] Downloading from central: https://repo.maven.apache.org/maven2/org/apache/httpcomponents/httpcore/4.2.4/httpcore-4.2.4.pom
[INFO] Downloaded from central: https://repo.maven.apache.org/maven2/org/apache/httpcomponents/httpcore/4.2.4/httpcore-4.2.4.pom (5.7 kB at 284 kB/s)
[INFO] Downloading from central: https://repo.maven.apache.org/maven2/org/apache/httpcomponents/httpcomponents-core/4.2.4/httpcomponents-core-4.2.4.pom
[INFO] Downloaded from central: https://repo.maven.apache.org/maven2/org/apache/httpcomponents/httpcomponents-core/4.2.4/httpcomponents-core-4.2.4.pom (12 kB at 612 kB/s)
[INFO] Downloading from central: https://repo.maven.apache.org/maven2/org/apache/directory/server/apacheds-kerberos-codec/2.0.0-M15/apacheds-kerberos-codec-2.0.0-M15.pom
[INFO] Downloaded from central: https://repo.maven.apache.org/maven2/org/apache/directory/server/apacheds-kerberos-codec/2.0.0-M15/apacheds-kerberos-codec-2.0.0-M15.pom (3.9 kB at 206 kB/s)
[INFO] Downloading from central: https://repo.maven.apache.org/maven2/org/apache/directory/server/apacheds-parent/2.0.0-M15/apacheds-parent-2.0.0-M15.pom
[INFO] Downloaded from central: https://repo.maven.apache.org/maven2/org/apache/directory/server/apacheds-parent/2.0.0-M15/apacheds-parent-2.0.0-M15.pom (43 kB at 2.0 MB/s)
[INFO] Downloading from central: https://repo.maven.apache.org/maven2/org/apache/directory/project/project/31/project-31.pom
[INFO] Downloaded from central: https://repo.maven.apache.org/maven2/org/apache/directory/project/project/31/project-31.pom (27 kB at 1.3 MB/s)
[INFO] Downloading from central: https://repo.maven.apache.org/maven2/org/apache/directory/server/apacheds-i18n/2.0.0-M15/apacheds-i18n-2.0.0-M15.pom
[INFO] Downloaded from central: https://repo.maven.apache.org/maven2/org/apache/directory/server/apacheds-i18n/2.0.0-M15/apacheds-i18n-2.0.0-M15.pom (2.4 kB at 133 kB/s)
[INFO] Downloading from central: https://repo.maven.apache.org/maven2/org/apache/directory/api/api-asn1-api/1.0.0-M20/api-asn1-api-1.0.0-M20.pom
[INFO] Downloaded from central: https://repo.maven.apache.org/maven2/org/apache/directory/api/api-asn1-api/1.0.0-M20/api-asn1-api-1.0.0-M20.pom (2.7 kB at 141 kB/s)
[INFO] Downloading from central: https://repo.maven.apache.org/maven2/org/apache/directory/api/api-asn1-parent/1.0.0-M20/api-asn1-parent-1.0.0-M20.pom
[INFO] Downloaded from central: https://repo.maven.apache.org/maven2/org/apache/directory/api/api-asn1-parent/1.0.0-M20/api-asn1-parent-1.0.0-M20.pom (1.5 kB at 61 kB/s)
[INFO] Downloading from central: https://repo.maven.apache.org/maven2/org/apache/directory/api/api-parent/1.0.0-M20/api-parent-1.0.0-M20.pom
[INFO] Downloaded from central: https://repo.maven.apache.org/maven2/org/apache/directory/api/api-parent/1.0.0-M20/api-parent-1.0.0-M20.pom (27 kB at 1.0 MB/s)
[INFO] Downloading from central: https://repo.maven.apache.org/maven2/org/apache/directory/api/api-util/1.0.0-M20/api-util-1.0.0-M20.pom
[INFO] Downloaded from central: https://repo.maven.apache.org/maven2/org/apache/directory/api/api-util/1.0.0-M20/api-util-1.0.0-M20.pom (2.4 kB at 125 kB/s)
[INFO] Downloading from central: https://repo.maven.apache.org/maven2/org/apache/zookeeper/zookeeper/3.4.6/zookeeper-3.4.6.pom
[INFO] Downloaded from central: https://repo.maven.apache.org/maven2/org/apache/zookeeper/zookeeper/3.4.6/zookeeper-3.4.6.pom (3.4 kB at 160 kB/s)
[INFO] Downloading from central: https://repo.maven.apache.org/maven2/log4j/log4j/1.2.16/log4j-1.2.16.pom
[INFO] Downloaded from central: https://repo.maven.apache.org/maven2/log4j/log4j/1.2.16/log4j-1.2.16.pom (20 kB at 1.0 MB/s)
[INFO] Downloading from central: https://repo.maven.apache.org/maven2/jline/jline/0.9.94/jline-0.9.94.pom
[INFO] Downloaded from central: https://repo.maven.apache.org/maven2/jline/jline/0.9.94/jline-0.9.94.pom (6.4 kB at 335 kB/s)
[INFO] Downloading from central: https://repo.maven.apache.org/maven2/io/netty/netty/3.7.0.Final/netty-3.7.0.Final.pom
[INFO] Downloaded from central: https://repo.maven.apache.org/maven2/io/netty/netty/3.7.0.Final/netty-3.7.0.Final.pom (26 kB at 1.3 MB/s)
[INFO] Downloading from central: https://repo.maven.apache.org/maven2/org/apache/curator/curator-framework/2.6.0/curator-framework-2.6.0.pom
[INFO] Downloaded from central: https://repo.maven.apache.org/maven2/org/apache/curator/curator-framework/2.6.0/curator-framework-2.6.0.pom (2.2 kB at 108 kB/s)
[INFO] Downloading from central: https://repo.maven.apache.org/maven2/org/apache/curator/apache-curator/2.6.0/apache-curator-2.6.0.pom
[INFO] Downloaded from central: https://repo.maven.apache.org/maven2/org/apache/curator/apache-curator/2.6.0/apache-curator-2.6.0.pom (30 kB at 1.5 MB/s)
[INFO] Downloading from central: https://repo.maven.apache.org/maven2/org/apache/curator/curator-client/2.6.0/curator-client-2.6.0.pom
[INFO] Downloaded from central: https://repo.maven.apache.org/maven2/org/apache/curator/curator-client/2.6.0/curator-client-2.6.0.pom (2.3 kB at 119 kB/s)
[INFO] Downloading from central: https://repo.maven.apache.org/maven2/com/google/guava/guava/16.0.1/guava-16.0.1.pom
[INFO] Downloaded from central: https://repo.maven.apache.org/maven2/com/google/guava/guava/16.0.1/guava-16.0.1.pom (6.1 kB at 254 kB/s)
[INFO] Downloading from central: https://repo.maven.apache.org/maven2/com/google/guava/guava-parent/16.0.1/guava-parent-16.0.1.pom
[INFO] Downloaded from central: https://repo.maven.apache.org/maven2/com/google/guava/guava-parent/16.0.1/guava-parent-16.0.1.pom (7.3 kB at 367 kB/s)
[INFO] Downloading from central: https://repo.maven.apache.org/maven2/com/jcraft/jsch/0.1.42/jsch-0.1.42.pom
[INFO] Downloaded from central: https://repo.maven.apache.org/maven2/com/jcraft/jsch/0.1.42/jsch-0.1.42.pom (967 B at 46 kB/s)
[INFO] Downloading from central: https://repo.maven.apache.org/maven2/org/apache/curator/curator-recipes/2.6.0/curator-recipes-2.6.0.pom
[INFO] Downloaded from central: https://repo.maven.apache.org/maven2/org/apache/curator/curator-recipes/2.6.0/curator-recipes-2.6.0.pom (2.4 kB at 48 kB/s)
[INFO] Downloading from central: https://repo.maven.apache.org/maven2/org/htrace/htrace-core/3.0.4/htrace-core-3.0.4.pom
[INFO] Downloaded from central: https://repo.maven.apache.org/maven2/org/htrace/htrace-core/3.0.4/htrace-core-3.0.4.pom (2.8 kB at 108 kB/s)
[INFO] Downloading from central: https://repo.maven.apache.org/maven2/org/htrace/htrace/3.0.4/htrace-3.0.4.pom
[INFO] Downloaded from central: https://repo.maven.apache.org/maven2/org/htrace/htrace/3.0.4/htrace-3.0.4.pom (6.5 kB at 312 kB/s)
[INFO] Downloading from central: https://repo.maven.apache.org/maven2/com/google/guava/guava/12.0.1/guava-12.0.1.pom
[INFO] Downloaded from central: https://repo.maven.apache.org/maven2/com/google/guava/guava/12.0.1/guava-12.0.1.pom (5.3 kB at 266 kB/s)
[INFO] Downloading from central: https://repo.maven.apache.org/maven2/com/google/guava/guava-parent/12.0.1/guava-parent-12.0.1.pom
[INFO] Downloaded from central: https://repo.maven.apache.org/maven2/com/google/guava/guava-parent/12.0.1/guava-parent-12.0.1.pom (2.5 kB at 108 kB/s)
[INFO] Downloading from central: https://repo.maven.apache.org/maven2/io/dropwizard/metrics/metrics-jvm/3.2.5/metrics-jvm-3.2.5.pom
[INFO] Downloaded from central: https://repo.maven.apache.org/maven2/io/dropwizard/metrics/metrics-jvm/3.2.5/metrics-jvm-3.2.5.pom (967 B at 46 kB/s)
[INFO] Downloading from central: https://repo.maven.apache.org/maven2/io/dropwizard/metrics/metrics-ganglia/3.2.5/metrics-ganglia-3.2.5.pom
[INFO] Downloaded from central: https://repo.maven.apache.org/maven2/io/dropwizard/metrics/metrics-ganglia/3.2.5/metrics-ganglia-3.2.5.pom (1.1 kB at 53 kB/s)
[INFO] Downloading from central: https://repo.maven.apache.org/maven2/info/ganglia/gmetric4j/gmetric4j/1.0.7/gmetric4j-1.0.7.pom
[INFO] Downloaded from central: https://repo.maven.apache.org/maven2/info/ganglia/gmetric4j/gmetric4j/1.0.7/gmetric4j-1.0.7.pom (4.9 kB at 232 kB/s)
[INFO] Downloading from central: https://repo.maven.apache.org/maven2/io/dropwizard/metrics/metrics-core/3.2.5/metrics-core-3.2.5.jar
[INFO] Downloading from central: https://repo.maven.apache.org/maven2/com/github/joshelser/dropwizard-metrics-hadoop-metrics2-reporter/0.1.2/dropwizard-metrics-hadoop-metrics2-reporter-0.1.2.jar
[INFO] Downloading from central: https://repo.maven.apache.org/maven2/xmlenc/xmlenc/0.52/xmlenc-0.52.jar
[INFO] Downloading from central: https://repo.maven.apache.org/maven2/org/apache/hadoop/hadoop-annotations/2.6.0/hadoop-annotations-2.6.0.jar
[INFO] Downloading from central: https://repo.maven.apache.org/maven2/org/apache/hadoop/hadoop-common/2.6.0/hadoop-common-2.6.0.jar
[INFO] Downloaded from central: https://repo.maven.apache.org/maven2/xmlenc/xmlenc/0.52/xmlenc-0.52.jar (15 kB at 625 kB/s)
[INFO] Downloading from central: https://repo.maven.apache.org/maven2/commons-httpclient/commons-httpclient/3.1/commons-httpclient-3.1.jar
[INFO] Downloaded from central: https://repo.maven.apache.org/maven2/com/github/joshelser/dropwizard-metrics-hadoop-metrics2-reporter/0.1.2/dropwizard-metrics-hadoop-metrics2-reporter-0.1.2.jar (16 kB at 590 kB/s)
[INFO] Downloading from central: https://repo.maven.apache.org/maven2/commons-codec/commons-codec/1.4/commons-codec-1.4.jar
[INFO] Downloaded from central: https://repo.maven.apache.org/maven2/org/apache/hadoop/hadoop-annotations/2.6.0/hadoop-annotations-2.6.0.jar (17 kB at 631 kB/s)
[INFO] Downloading from central: https://repo.maven.apache.org/maven2/commons-io/commons-io/2.4/commons-io-2.4.jar
[INFO] Downloaded from central: https://repo.maven.apache.org/maven2/io/dropwizard/metrics/metrics-core/3.2.5/metrics-core-3.2.5.jar (136 kB at 3.8 MB/s)
[INFO] Downloading from central: https://repo.maven.apache.org/maven2/commons-net/commons-net/3.1/commons-net-3.1.jar
[INFO] Downloaded from central: https://repo.maven.apache.org/maven2/commons-codec/commons-codec/1.4/commons-codec-1.4.jar (58 kB at 1.1 MB/s)
[INFO] Downloading from central: https://repo.maven.apache.org/maven2/org/mortbay/jetty/jetty/6.1.26/jetty-6.1.26.jar
[INFO] Downloaded from central: https://repo.maven.apache.org/maven2/commons-io/commons-io/2.4/commons-io-2.4.jar (185 kB at 3.2 MB/s)
[INFO] Downloading from central: https://repo.maven.apache.org/maven2/org/mortbay/jetty/jetty-util/6.1.26/jetty-util-6.1.26.jar
[INFO] Downloaded from central: https://repo.maven.apache.org/maven2/commons-httpclient/commons-httpclient/3.1/commons-httpclient-3.1.jar (305 kB at 4.6 MB/s)
[INFO] Downloading from central: https://repo.maven.apache.org/maven2/com/sun/jersey/jersey-core/1.9/jersey-core-1.9.jar
[INFO] Downloaded from central: https://repo.maven.apache.org/maven2/commons-net/commons-net/3.1/commons-net-3.1.jar (273 kB at 3.8 MB/s)
[INFO] Downloading from central: https://repo.maven.apache.org/maven2/com/sun/jersey/jersey-json/1.9/jersey-json-1.9.jar
[INFO] Downloaded from central: https://repo.maven.apache.org/maven2/org/mortbay/jetty/jetty-util/6.1.26/jetty-util-6.1.26.jar (177 kB at 2.0 MB/s)
[INFO] Downloading from central: https://repo.maven.apache.org/maven2/javax/xml/bind/jaxb-api/2.2.2/jaxb-api-2.2.2.jar
[INFO] Downloaded from central: https://repo.maven.apache.org/maven2/com/sun/jersey/jersey-json/1.9/jersey-json-1.9.jar (148 kB at 1.5 MB/s)
[INFO] Downloading from central: https://repo.maven.apache.org/maven2/javax/xml/stream/stax-api/1.0-2/stax-api-1.0-2.jar
[INFO] Downloaded from central: https://repo.maven.apache.org/maven2/com/sun/jersey/jersey-core/1.9/jersey-core-1.9.jar (459 kB at 4.2 MB/s)
[INFO] Downloading from central: https://repo.maven.apache.org/maven2/javax/activation/activation/1.1/activation-1.1.jar
[INFO] Downloaded from central: https://repo.maven.apache.org/maven2/javax/xml/bind/jaxb-api/2.2.2/jaxb-api-2.2.2.jar (105 kB at 947 kB/s)
[INFO] Downloading from central: https://repo.maven.apache.org/maven2/org/codehaus/jackson/jackson-jaxrs/1.8.3/jackson-jaxrs-1.8.3.jar
[INFO] Downloaded from central: https://repo.maven.apache.org/maven2/org/mortbay/jetty/jetty/6.1.26/jetty-6.1.26.jar (540 kB at 4.7 MB/s)
[INFO] Downloading from central: https://repo.maven.apache.org/maven2/org/codehaus/jackson/jackson-xc/1.8.3/jackson-xc-1.8.3.jar
[INFO] Downloaded from central: https://repo.maven.apache.org/maven2/javax/xml/stream/stax-api/1.0-2/stax-api-1.0-2.jar (23 kB at 193 kB/s)
[INFO] Downloading from central: https://repo.maven.apache.org/maven2/com/sun/jersey/jersey-server/1.9/jersey-server-1.9.jar
[INFO] Downloaded from central: https://repo.maven.apache.org/maven2/javax/activation/activation/1.1/activation-1.1.jar (63 kB at 488 kB/s)
[INFO] Downloading from central: https://repo.maven.apache.org/maven2/asm/asm/3.1/asm-3.1.jar
[INFO] Downloaded from central: https://repo.maven.apache.org/maven2/org/codehaus/jackson/jackson-jaxrs/1.8.3/jackson-jaxrs-1.8.3.jar (18 kB at 137 kB/s)
[INFO] Downloading from central: https://repo.maven.apache.org/maven2/tomcat/jasper-compiler/5.5.23/jasper-compiler-5.5.23.jar
[INFO] Downloaded from central: https://repo.maven.apache.org/maven2/org/codehaus/jackson/jackson-xc/1.8.3/jackson-xc-1.8.3.jar (32 kB at 241 kB/s)
[INFO] Downloading from central: https://repo.maven.apache.org/maven2/tomcat/jasper-runtime/5.5.23/jasper-runtime-5.5.23.jar
[INFO] Downloaded from central: https://repo.maven.apache.org/maven2/asm/asm/3.1/asm-3.1.jar (43 kB at 285 kB/s)
[INFO] Downloading from central: https://repo.maven.apache.org/maven2/commons-el/commons-el/1.0/commons-el-1.0.jar
[INFO] Downloaded from central: https://repo.maven.apache.org/maven2/tomcat/jasper-runtime/5.5.23/jasper-runtime-5.5.23.jar (77 kB at 489 kB/s)
[INFO] Downloading from central: https://repo.maven.apache.org/maven2/net/java/dev/jets3t/jets3t/0.9.0/jets3t-0.9.0.jar
[INFO] Downloaded from central: https://repo.maven.apache.org/maven2/commons-el/commons-el/1.0/commons-el-1.0.jar (112 kB at 646 kB/s)
[INFO] Downloading from central: https://repo.maven.apache.org/maven2/org/apache/httpcomponents/httpclient/4.1.2/httpclient-4.1.2.jar
[INFO] Downloaded from central: https://repo.maven.apache.org/maven2/tomcat/jasper-compiler/5.5.23/jasper-compiler-5.5.23.jar (408 kB at 2.3 MB/s)
[INFO] Downloading from central: https://repo.maven.apache.org/maven2/org/apache/httpcomponents/httpcore/4.1.2/httpcore-4.1.2.jar
[INFO] Downloaded from central: https://repo.maven.apache.org/maven2/com/sun/jersey/jersey-server/1.9/jersey-server-1.9.jar (713 kB at 4.0 MB/s)
[INFO] Downloading from central: https://repo.maven.apache.org/maven2/com/jamesmurty/utils/java-xmlbuilder/0.4/java-xmlbuilder-0.4.jar
[INFO] Downloaded from central: https://repo.maven.apache.org/maven2/org/apache/hadoop/hadoop-common/2.6.0/hadoop-common-2.6.0.jar (3.4 MB at 18 MB/s)
[INFO] Downloading from central: https://repo.maven.apache.org/maven2/org/apache/avro/avro/1.7.4/avro-1.7.4.jar
[INFO] Downloaded from central: https://repo.maven.apache.org/maven2/com/jamesmurty/utils/java-xmlbuilder/0.4/java-xmlbuilder-0.4.jar (18 kB at 92 kB/s)
[INFO] Downloading from central: https://repo.maven.apache.org/maven2/org/xerial/snappy/snappy-java/1.0.4.1/snappy-java-1.0.4.1.jar
[INFO] Downloaded from central: https://repo.maven.apache.org/maven2/org/apache/httpcomponents/httpcore/4.1.2/httpcore-4.1.2.jar (181 kB at 888 kB/s)
[INFO] Downloading from central: https://repo.maven.apache.org/maven2/org/apache/hadoop/hadoop-auth/2.6.0/hadoop-auth-2.6.0.jar
[INFO] Downloaded from central: https://repo.maven.apache.org/maven2/net/java/dev/jets3t/jets3t/0.9.0/jets3t-0.9.0.jar (540 kB at 2.5 MB/s)
[INFO] Downloaded from central: https://repo.maven.apache.org/maven2/org/apache/httpcomponents/httpclient/4.1.2/httpclient-4.1.2.jar (352 kB at 1.7 MB/s)
[INFO] Downloading from central: https://repo.maven.apache.org/maven2/org/apache/directory/server/apacheds-kerberos-codec/2.0.0-M15/apacheds-kerberos-codec-2.0.0-M15.jar
[INFO] Downloading from central: https://repo.maven.apache.org/maven2/org/apache/directory/server/apacheds-i18n/2.0.0-M15/apacheds-i18n-2.0.0-M15.jar
[INFO] Downloaded from central: https://repo.maven.apache.org/maven2/org/apache/avro/avro/1.7.4/avro-1.7.4.jar (303 kB at 1.4 MB/s)
[INFO] Downloading from central: https://repo.maven.apache.org/maven2/org/apache/directory/api/api-asn1-api/1.0.0-M20/api-asn1-api-1.0.0-M20.jar
[INFO] Downloaded from central: https://repo.maven.apache.org/maven2/org/apache/hadoop/hadoop-auth/2.6.0/hadoop-auth-2.6.0.jar (67 kB at 297 kB/s)
[INFO] Downloading from central: https://repo.maven.apache.org/maven2/org/apache/directory/api/api-util/1.0.0-M20/api-util-1.0.0-M20.jar
[INFO] Downloaded from central: https://repo.maven.apache.org/maven2/org/apache/directory/server/apacheds-i18n/2.0.0-M15/apacheds-i18n-2.0.0-M15.jar (45 kB at 191 kB/s)
[INFO] Downloading from central: https://repo.maven.apache.org/maven2/org/apache/curator/curator-framework/2.6.0/curator-framework-2.6.0.jar
[INFO] Downloaded from central: https://repo.maven.apache.org/maven2/org/apache/directory/api/api-asn1-api/1.0.0-M20/api-asn1-api-1.0.0-M20.jar (17 kB at 68 kB/s)
[INFO] Downloading from central: https://repo.maven.apache.org/maven2/com/jcraft/jsch/0.1.42/jsch-0.1.42.jar
[INFO] Downloaded from central: https://repo.maven.apache.org/maven2/org/apache/directory/api/api-util/1.0.0-M20/api-util-1.0.0-M20.jar (80 kB at 322 kB/s)
[INFO] Downloading from central: https://repo.maven.apache.org/maven2/org/apache/curator/curator-client/2.6.0/curator-client-2.6.0.jar
[INFO] Downloaded from central: https://repo.maven.apache.org/maven2/org/apache/curator/curator-framework/2.6.0/curator-framework-2.6.0.jar (185 kB at 699 kB/s)
[INFO] Downloading from central: https://repo.maven.apache.org/maven2/org/apache/curator/curator-recipes/2.6.0/curator-recipes-2.6.0.jar
[INFO] Downloaded from central: https://repo.maven.apache.org/maven2/org/apache/curator/curator-client/2.6.0/curator-client-2.6.0.jar (69 kB at 254 kB/s)
[INFO] Downloaded from central: https://repo.maven.apache.org/maven2/com/jcraft/jsch/0.1.42/jsch-0.1.42.jar (186 kB at 685 kB/s)
[INFO] Downloading from central: https://repo.maven.apache.org/maven2/org/htrace/htrace-core/3.0.4/htrace-core-3.0.4.jar
[INFO] Downloading from central: https://repo.maven.apache.org/maven2/org/apache/zookeeper/zookeeper/3.4.6/zookeeper-3.4.6.jar
[INFO] Downloaded from central: https://repo.maven.apache.org/maven2/org/apache/directory/server/apacheds-kerberos-codec/2.0.0-M15/apacheds-kerberos-codec-2.0.0-M15.jar (691 kB at 2.5 MB/s)
[INFO] Downloading from central: https://repo.maven.apache.org/maven2/io/netty/netty/3.7.0.Final/netty-3.7.0.Final.jar
[INFO] Downloaded from central: https://repo.maven.apache.org/maven2/org/xerial/snappy/snappy-java/1.0.4.1/snappy-java-1.0.4.1.jar (996 kB at 3.6 MB/s)
[INFO] Downloading from central: https://repo.maven.apache.org/maven2/io/dropwizard/metrics/metrics-jvm/3.2.5/metrics-jvm-3.2.5.jar
[INFO] Downloaded from central: https://repo.maven.apache.org/maven2/org/htrace/htrace-core/3.0.4/htrace-core-3.0.4.jar (31 kB at 106 kB/s)
[INFO] Downloading from central: https://repo.maven.apache.org/maven2/io/dropwizard/metrics/metrics-ganglia/3.2.5/metrics-ganglia-3.2.5.jar
[INFO] Downloaded from central: https://repo.maven.apache.org/maven2/io/dropwizard/metrics/metrics-jvm/3.2.5/metrics-jvm-3.2.5.jar (40 kB at 133 kB/s)
[INFO] Downloading from central: https://repo.maven.apache.org/maven2/info/ganglia/gmetric4j/gmetric4j/1.0.7/gmetric4j-1.0.7.jar
[INFO] Downloaded from central: https://repo.maven.apache.org/maven2/org/apache/curator/curator-recipes/2.6.0/curator-recipes-2.6.0.jar (248 kB at 814 kB/s)
[INFO] Downloaded from central: https://repo.maven.apache.org/maven2/io/dropwizard/metrics/metrics-ganglia/3.2.5/metrics-ganglia-3.2.5.jar (9.9 kB at 31 kB/s)
[INFO] Downloaded from central: https://repo.maven.apache.org/maven2/info/ganglia/gmetric4j/gmetric4j/1.0.7/gmetric4j-1.0.7.jar (43 kB at 133 kB/s)
[INFO] Downloaded from central: https://repo.maven.apache.org/maven2/org/apache/zookeeper/zookeeper/3.4.6/zookeeper-3.4.6.jar (793 kB at 2.4 MB/s)
[INFO] Downloaded from central: https://repo.maven.apache.org/maven2/io/netty/netty/3.7.0.Final/netty-3.7.0.Final.jar (1.2 MB at 3.5 MB/s)
[INFO] 
[INFO] --- maven-remote-resources-plugin:1.5:process (process-resource-bundles) @ ratis-metrics ---
[INFO] 
[INFO] --- maven-resources-plugin:2.6:resources (default-resources) @ ratis-metrics ---
[INFO] Using 'UTF-8' encoding to copy filtered resources.
[INFO] Copying 1 resource
[INFO] Copying 3 resources
[INFO] 
[INFO] --- maven-compiler-plugin:3.7.0:compile (default-compile) @ ratis-metrics ---
[INFO] Compiling 11 source files to /workdir/ratis-metrics/target/classes
[WARNING] /workdir/ratis-metrics/src/main/java/org/apache/ratis/metrics/impl/RefCountingMap.java:[51,15] [unchecked] unchecked call to Payload(V) as a member of the raw type Payload
  where V is a type-variable:
    V extends Object declared in class Payload
[WARNING] /workdir/ratis-metrics/src/main/java/org/apache/ratis/metrics/impl/RefCountingMap.java:[46,35] [unchecked] unchecked method invocation: method compute in class ConcurrentHashMap is applied to given types
  required: K#1,BiFunction<? super K#1,? super V#1,? extends V#1>
  found: K#2,BiFunction<K#2,Payload<V#2>,Payload<V#2>>
  where K#1,V#1,K#2,V#2 are type-variables:
    K#1 extends Object declared in class ConcurrentHashMap
    V#1 extends Object declared in class ConcurrentHashMap
    K#2 extends Object declared in class RefCountingMap
    V#2 extends Object declared in class RefCountingMap
[WARNING] /workdir/ratis-metrics/src/main/java/org/apache/ratis/metrics/impl/RefCountingMap.java:[46,35] [unchecked] unchecked cast
  required: Payload<V>
  found:    Payload
  where V is a type-variable:
    V extends Object declared in class RefCountingMap
[WARNING] /workdir/ratis-metrics/src/main/java/org/apache/ratis/metrics/MetricRegistriesLoader.java:[68,81] [unchecked] unchecked cast
  required: Class<MetricRegistries>
  found:    Class<CAP#1>
  where CAP#1 is a fresh type-variable:
    CAP#1 extends Object from capture of ?
[INFO] 
[INFO] --- maven-resources-plugin:2.6:testResources (default-testResources) @ ratis-metrics ---
[INFO] Using 'UTF-8' encoding to copy filtered resources.
[INFO] Copying 1 resource
[INFO] Copying 3 resources
[INFO] 
[INFO] --- maven-compiler-plugin:3.7.0:testCompile (default-testCompile) @ ratis-metrics ---
[INFO] Compiling 4 source files to /workdir/ratis-metrics/target/test-classes
[INFO] 
[INFO] --- maven-surefire-plugin:3.0.0-M1:test (default-test) @ ratis-metrics ---
[INFO] Downloading from apache.snapshots: http://repository.apache.org/snapshots/org/apache/maven/surefire/surefire-junit4/3.0.0-M1/surefire-junit4-3.0.0-M1.jar
[INFO] Downloading from central: https://repo.maven.apache.org/maven2/org/apache/maven/surefire/surefire-junit4/3.0.0-M1/surefire-junit4-3.0.0-M1.jar
[INFO] Downloaded from central: https://repo.maven.apache.org/maven2/org/apache/maven/surefire/surefire-junit4/3.0.0-M1/surefire-junit4-3.0.0-M1.jar (17 kB at 717 kB/s)
[INFO] Downloading from apache.snapshots: http://repository.apache.org/snapshots/org/apache/maven/surefire/surefire-junit4/3.0.0-M1/surefire-junit4-3.0.0-M1.pom
[INFO] Downloading from central: https://repo.maven.apache.org/maven2/org/apache/maven/surefire/surefire-junit4/3.0.0-M1/surefire-junit4-3.0.0-M1.pom
[INFO] Downloaded from central: https://repo.maven.apache.org/maven2/org/apache/maven/surefire/surefire-junit4/3.0.0-M1/surefire-junit4-3.0.0-M1.pom (1.7 kB at 92 kB/s)
[INFO] Downloading from apache.snapshots: http://repository.apache.org/snapshots/org/apache/maven/surefire/surefire-providers/3.0.0-M1/surefire-providers-3.0.0-M1.pom
[INFO] Downloading from central: https://repo.maven.apache.org/maven2/org/apache/maven/surefire/surefire-providers/3.0.0-M1/surefire-providers-3.0.0-M1.pom
[INFO] Downloaded from central: https://repo.maven.apache.org/maven2/org/apache/maven/surefire/surefire-providers/3.0.0-M1/surefire-providers-3.0.0-M1.pom (2.5 kB at 121 kB/s)
[INFO] Downloading from apache.snapshots: http://repository.apache.org/snapshots/org/apache/maven/surefire/common-junit4/3.0.0-M1/common-junit4-3.0.0-M1.pom
[INFO] Downloading from central: https://repo.maven.apache.org/maven2/org/apache/maven/surefire/common-junit4/3.0.0-M1/common-junit4-3.0.0-M1.pom
[INFO] Downloaded from central: https://repo.maven.apache.org/maven2/org/apache/maven/surefire/common-junit4/3.0.0-M1/common-junit4-3.0.0-M1.pom (2.1 kB at 103 kB/s)
[INFO] Downloading from apache.snapshots: http://repository.apache.org/snapshots/org/apache/maven/surefire/common-junit3/3.0.0-M1/common-junit3-3.0.0-M1.pom
[INFO] Downloading from central: https://repo.maven.apache.org/maven2/org/apache/maven/surefire/common-junit3/3.0.0-M1/common-junit3-3.0.0-M1.pom
[INFO] Downloaded from central: https://repo.maven.apache.org/maven2/org/apache/maven/surefire/common-junit3/3.0.0-M1/common-junit3-3.0.0-M1.pom (1.6 kB at 79 kB/s)
[INFO] Downloading from apache.snapshots: http://repository.apache.org/snapshots/org/apache/maven/surefire/common-java5/3.0.0-M1/common-java5-3.0.0-M1.pom
[INFO] Downloading from central: https://repo.maven.apache.org/maven2/org/apache/maven/surefire/common-java5/3.0.0-M1/common-java5-3.0.0-M1.pom
[INFO] Downloaded from central: https://repo.maven.apache.org/maven2/org/apache/maven/surefire/common-java5/3.0.0-M1/common-java5-3.0.0-M1.pom (3.1 kB at 146 kB/s)
[INFO] Downloading from apache.snapshots: http://repository.apache.org/snapshots/org/apache/maven/surefire/common-java5/3.0.0-M1/common-java5-3.0.0-M1.jar
[INFO] Downloading from apache.snapshots: http://repository.apache.org/snapshots/org/apache/maven/surefire/common-junit3/3.0.0-M1/common-junit3-3.0.0-M1.jar
[INFO] Downloading from apache.snapshots: http://repository.apache.org/snapshots/org/apache/maven/surefire/common-junit4/3.0.0-M1/common-junit4-3.0.0-M1.jar
[INFO] Downloading from central: https://repo.maven.apache.org/maven2/org/apache/maven/surefire/common-junit4/3.0.0-M1/common-junit4-3.0.0-M1.jar
[INFO] Downloading from central: https://repo.maven.apache.org/maven2/org/apache/maven/surefire/common-junit3/3.0.0-M1/common-junit3-3.0.0-M1.jar
[INFO] Downloading from central: https://repo.maven.apache.org/maven2/org/apache/maven/surefire/common-java5/3.0.0-M1/common-java5-3.0.0-M1.jar
[INFO] Downloaded from central: https://repo.maven.apache.org/maven2/org/apache/maven/surefire/common-junit3/3.0.0-M1/common-junit3-3.0.0-M1.jar (12 kB at 465 kB/s)
[INFO] Downloaded from central: https://repo.maven.apache.org/maven2/org/apache/maven/surefire/common-junit4/3.0.0-M1/common-junit4-3.0.0-M1.jar (28 kB at 1.0 MB/s)
[INFO] Downloaded from central: https://repo.maven.apache.org/maven2/org/apache/maven/surefire/common-java5/3.0.0-M1/common-java5-3.0.0-M1.jar (32 kB at 1.2 MB/s)
[INFO] 
[INFO] -------------------------------------------------------
[INFO]  T E S T S
[INFO] -------------------------------------------------------
[INFO] Running org.apache.ratis.metrics.impl.TestRefCountingMap
[INFO] Tests run: 8, Failures: 0, Errors: 0, Skipped: 0, Time elapsed: 0.056 s - in org.apache.ratis.metrics.impl.TestRefCountingMap
[INFO] Running org.apache.ratis.metrics.TestMetricRegistriesLoader
[INFO] Tests run: 2, Failures: 0, Errors: 0, Skipped: 0, Time elapsed: 0.187 s - in org.apache.ratis.metrics.TestMetricRegistriesLoader
[INFO] Running org.apache.ratis.metrics.TestHadoop2MetricsAdaptor
[INFO] Tests run: 1, Failures: 0, Errors: 0, Skipped: 0, Time elapsed: 1.35 s - in org.apache.ratis.metrics.TestHadoop2MetricsAdaptor
[INFO] 
[INFO] Results:
[INFO] 
[INFO] Tests run: 11, Failures: 0, Errors: 0, Skipped: 0
[INFO] 
[INFO] 
[INFO] -------------------< org.apache.ratis:ratis-server >--------------------
[INFO] Building Apache Ratis Server 0.5.0-SNAPSHOT                       [6/15]
[INFO] --------------------------------[ jar ]---------------------------------
[INFO] 
[INFO] --- maven-remote-resources-plugin:1.5:process (process-resource-bundles) @ ratis-server ---
[INFO] 
[INFO] --- maven-resources-plugin:2.6:resources (default-resources) @ ratis-server ---
[INFO] Using 'UTF-8' encoding to copy filtered resources.
[INFO] skip non existing resourceDirectory /workdir/ratis-server/src/main/resources
[INFO] Copying 3 resources
[INFO] 
[INFO] --- maven-compiler-plugin:3.7.0:compile (default-compile) @ ratis-server ---
[INFO] Compiling 66 source files to /workdir/ratis-server/target/classes
[WARNING] /workdir/ratis-server/src/main/java/org/apache/ratis/server/storage/RaftStorageDirectory.java:[80,44] [deprecation] INVALID_LOG_INDEX in RaftServerConstants has been deprecated
[WARNING] /workdir/ratis-server/src/main/java/org/apache/ratis/server/storage/RaftStorageDirectory.java:[206,51] [deprecation] INVALID_LOG_INDEX in RaftServerConstants has been deprecated
[WARNING] /workdir/ratis-server/src/main/java/org/apache/ratis/server/raftlog/segmented/SegmentedRaftLogCache.java:[439,29] [deprecation] INVALID_LOG_INDEX in RaftServerConstants has been deprecated
[WARNING] /workdir/ratis-server/src/main/java/org/apache/ratis/server/impl/RaftConfiguration.java:[46,52] [deprecation] INVALID_LOG_INDEX in RaftServerConstants has been deprecated
[WARNING] /workdir/ratis-server/src/main/java/org/apache/ratis/server/impl/RaftConfiguration.java:[96,46] [deprecation] INVALID_LOG_INDEX in RaftServerConstants has been deprecated
[WARNING] /workdir/ratis-server/src/main/java/org/apache/ratis/server/impl/RaftConfiguration.java:[98,51] [deprecation] INVALID_LOG_INDEX in RaftServerConstants has been deprecated
[WARNING] /workdir/ratis-server/src/main/java/org/apache/ratis/server/impl/PendingRequest.java:[42,28] [deprecation] INVALID_LOG_INDEX in RaftServerConstants has been deprecated
[WARNING] /workdir/ratis-server/src/main/java/org/apache/ratis/server/raftlog/segmented/SegmentedRaftLogReader.java:[214,65] [deprecation] INVALID_LOG_INDEX in RaftServerConstants has been deprecated
[WARNING] /workdir/ratis-server/src/main/java/org/apache/ratis/server/raftlog/segmented/SegmentedRaftLogWorker.java:[184,24] [unchecked] unchecked method invocation: method gauge in interface RatisMetricRegistry is applied to given types
  required: String,MetricSupplier<Gauge>
  found: String,<anonymous MetricSupplier>
[WARNING] /workdir/ratis-server/src/main/java/org/apache/ratis/server/raftlog/segmented/SegmentedRaftLogWorker.java:[184,42] [unchecked] unchecked conversion
  required: MetricSupplier<Gauge>
  found:    <anonymous MetricSupplier>
[WARNING] /workdir/ratis-server/src/main/java/org/apache/ratis/server/raftlog/segmented/SegmentedRaftLogInputStream.java:[71,43] [deprecation] INVALID_LOG_INDEX in RaftServerConstants has been deprecated
[WARNING] /workdir/ratis-server/src/main/java/org/apache/ratis/server/raftlog/segmented/SegmentedRaftLogInputStream.java:[187,49] [deprecation] INVALID_LOG_INDEX in RaftServerConstants has been deprecated
[WARNING] /workdir/ratis-server/src/main/java/org/apache/ratis/server/raftlog/segmented/SegmentedRaftLogInputStream.java:[187,68] [deprecation] INVALID_LOG_INDEX in RaftServerConstants has been deprecated
[WARNING] /workdir/ratis-server/src/main/java/org/apache/ratis/server/raftlog/segmented/SegmentedRaftLogInputStream.java:[192,34] [deprecation] INVALID_LOG_INDEX in RaftServerConstants has been deprecated
[WARNING] /workdir/ratis-server/src/main/java/org/apache/ratis/server/raftlog/segmented/SegmentedRaftLogInputStream.java:[216,15] [deprecation] INVALID_LOG_INDEX in RaftServerConstants has been deprecated
[WARNING] /workdir/ratis-server/src/main/java/org/apache/ratis/server/raftlog/segmented/SegmentedRaftLogInputStream.java:[225,53] [deprecation] INVALID_LOG_INDEX in RaftServerConstants has been deprecated
[WARNING] /workdir/ratis-server/src/main/java/org/apache/ratis/server/raftlog/segmented/SegmentedRaftLogInputStream.java:[230,21] [deprecation] INVALID_LOG_INDEX in RaftServerConstants has been deprecated
[WARNING] /workdir/ratis-server/src/main/java/org/apache/ratis/server/raftlog/segmented/SegmentedRaftLogInputStream.java:[242,17] [deprecation] INVALID_LOG_INDEX in RaftServerConstants has been deprecated
[WARNING] /workdir/ratis-server/src/main/java/org/apache/ratis/statemachine/impl/BaseStateMachine.java:[143,30] [deprecation] INVALID_LOG_INDEX in RaftServerConstants has been deprecated
[INFO] 
[INFO] --- maven-resources-plugin:2.6:testResources (default-testResources) @ ratis-server ---
[INFO] Using 'UTF-8' encoding to copy filtered resources.
[INFO] skip non existing resourceDirectory /workdir/ratis-server/src/test/resources
[INFO] Copying 3 resources
[INFO] 
[INFO] --- maven-compiler-plugin:3.7.0:testCompile (default-testCompile) @ ratis-server ---
[INFO] Compiling 35 source files to /workdir/ratis-server/target/test-classes
[WARNING] /workdir/ratis-server/src/test/java/org/apache/ratis/statemachine/SimpleStateMachine4Testing.java:[160,53] [deprecation] INVALID_LOG_INDEX in RaftServerConstants has been deprecated
[WARNING] /workdir/ratis-server/src/test/java/org/apache/ratis/statemachine/SimpleStateMachine4Testing.java:[247,32] [deprecation] INVALID_LOG_INDEX in RaftServerConstants has been deprecated
[WARNING] /workdir/ratis-server/src/test/java/org/apache/ratis/statemachine/SimpleStateMachine4Testing.java:[298,32] [deprecation] INVALID_LOG_INDEX in RaftServerConstants has been deprecated
[INFO] 
[INFO] --- maven-surefire-plugin:3.0.0-M1:test (default-test) @ ratis-server ---
[INFO] 
[INFO] -------------------------------------------------------
[INFO]  T E S T S
[INFO] -------------------------------------------------------
[INFO] Running org.apache.ratis.server.metrics.TestLeaderElectionMetrics
[INFO] Tests run: 3, Failures: 0, Errors: 0, Skipped: 0, Time elapsed: 0.494 s - in org.apache.ratis.server.metrics.TestLeaderElectionMetrics
[INFO] 
[INFO] Results:
[INFO] 
[INFO] Tests run: 3, Failures: 0, Errors: 0, Skipped: 0
[INFO] 
[INFO] 
[INFO] ---------------< org.apache.ratis:ratis-resource-bundle >---------------
[INFO] Building Apache Ratis - Resource Bundle 0.5.0-SNAPSHOT            [7/15]
[INFO] --------------------------------[ jar ]---------------------------------
[INFO] 
[INFO] --- maven-remote-resources-plugin:1.5:process (process-resource-bundles) @ ratis-resource-bundle ---
[INFO] 
[INFO] --- maven-remote-resources-plugin:1.5:bundle (build-ratis-resource-bundle) @ ratis-resource-bundle ---
[INFO] 
[INFO] --- maven-resources-plugin:2.6:resources (default-resources) @ ratis-resource-bundle ---
[INFO] Using 'UTF-8' encoding to copy filtered resources.
[INFO] Copying 3 resources
[INFO] Copying 3 resources
[INFO] 
[INFO] --- maven-compiler-plugin:3.7.0:compile (default-compile) @ ratis-resource-bundle ---
[INFO] No sources to compile
[INFO] 
[INFO] --- maven-resources-plugin:2.6:testResources (default-testResources) @ ratis-resource-bundle ---
[INFO] Not copying test resources
[INFO] 
[INFO] --- maven-compiler-plugin:3.7.0:testCompile (default-testCompile) @ ratis-resource-bundle ---
[INFO] Not compiling test sources
[INFO] 
[INFO] --- maven-surefire-plugin:3.0.0-M1:test (default-test) @ ratis-resource-bundle ---
[INFO] Tests are skipped.
[INFO] 
[INFO] --------------------< org.apache.ratis:ratis-grpc >---------------------
[INFO] Building Apache Ratis gRPC Support 0.5.0-SNAPSHOT                 [8/15]
[INFO] --------------------------------[ jar ]---------------------------------
[INFO] 
[INFO] --- maven-remote-resources-plugin:1.5:process (process-resource-bundles) @ ratis-grpc ---
[INFO] 
[INFO] --- maven-resources-plugin:2.6:resources (default-resources) @ ratis-grpc ---
[INFO] Using 'UTF-8' encoding to copy filtered resources.
[INFO] skip non existing resourceDirectory /workdir/ratis-grpc/src/main/resources
[INFO] Copying 3 resources
[INFO] 
[INFO] --- maven-compiler-plugin:3.7.0:compile (default-compile) @ ratis-grpc ---
[INFO] Compiling 15 source files to /workdir/ratis-grpc/target/classes
[INFO] 
[INFO] --- maven-resources-plugin:2.6:testResources (default-testResources) @ ratis-grpc ---
[INFO] Using 'UTF-8' encoding to copy filtered resources.
[INFO] skip non existing resourceDirectory /workdir/ratis-grpc/src/test/resources
[INFO] Copying 3 resources
[INFO] 
[INFO] --- maven-compiler-plugin:3.7.0:testCompile (default-testCompile) @ ratis-grpc ---
[INFO] Compiling 1 source file to /workdir/ratis-grpc/target/test-classes
[INFO] 
[INFO] --- maven-surefire-plugin:3.0.0-M1:test (default-test) @ ratis-grpc ---
[INFO] 
[INFO] --------------------< org.apache.ratis:ratis-netty >--------------------
[INFO] Building Apache Ratis Netty Support 0.5.0-SNAPSHOT                [9/15]
[INFO] --------------------------------[ jar ]---------------------------------
[INFO] 
[INFO] --- maven-remote-resources-plugin:1.5:process (process-resource-bundles) @ ratis-netty ---
[INFO] 
[INFO] --- maven-resources-plugin:2.6:resources (default-resources) @ ratis-netty ---
[INFO] Using 'UTF-8' encoding to copy filtered resources.
[INFO] skip non existing resourceDirectory /workdir/ratis-netty/src/main/resources
[INFO] Copying 3 resources
[INFO] 
[INFO] --- maven-compiler-plugin:3.7.0:compile (default-compile) @ ratis-netty ---
[INFO] Compiling 6 source files to /workdir/ratis-netty/target/classes
[INFO] 
[INFO] --- maven-resources-plugin:2.6:testResources (default-testResources) @ ratis-netty ---
[INFO] Using 'UTF-8' encoding to copy filtered resources.
[INFO] skip non existing resourceDirectory /workdir/ratis-netty/src/test/resources
[INFO] Copying 3 resources
[INFO] 
[INFO] --- maven-compiler-plugin:3.7.0:testCompile (default-testCompile) @ ratis-netty ---
[INFO] Compiling 1 source file to /workdir/ratis-netty/target/test-classes
[INFO] 
[INFO] --- maven-surefire-plugin:3.0.0-M1:test (default-test) @ ratis-netty ---
[INFO] 
[INFO] -------------------< org.apache.ratis:ratis-hadoop >--------------------
[INFO] Building Apache Ratis Hadoop Support 0.5.0-SNAPSHOT              [10/15]
[INFO] --------------------------------[ jar ]---------------------------------
[INFO] Downloading from central: https://repo.maven.apache.org/maven2/org/apache/ratis/ratis-thirdparty-hadoop/0.2.0/ratis-thirdparty-hadoop-0.2.0.pom
[INFO] Downloaded from central: https://repo.maven.apache.org/maven2/org/apache/ratis/ratis-thirdparty-hadoop/0.2.0/ratis-thirdparty-hadoop-0.2.0.pom (4.2 kB at 173 kB/s)
[INFO] Downloading from central: https://repo.maven.apache.org/maven2/org/apache/hadoop/hadoop-common/3.1.1/hadoop-common-3.1.1.pom
[INFO] Downloaded from central: https://repo.maven.apache.org/maven2/org/apache/hadoop/hadoop-common/3.1.1/hadoop-common-3.1.1.pom (46 kB at 1.6 MB/s)
[INFO] Downloading from central: https://repo.maven.apache.org/maven2/org/apache/hadoop/hadoop-project-dist/3.1.1/hadoop-project-dist-3.1.1.pom
[INFO] Downloaded from central: https://repo.maven.apache.org/maven2/org/apache/hadoop/hadoop-project-dist/3.1.1/hadoop-project-dist-3.1.1.pom (18 kB at 800 kB/s)
[INFO] Downloading from central: https://repo.maven.apache.org/maven2/org/apache/hadoop/hadoop-project/3.1.1/hadoop-project-3.1.1.pom
[INFO] Downloaded from central: https://repo.maven.apache.org/maven2/org/apache/hadoop/hadoop-project/3.1.1/hadoop-project-3.1.1.pom (68 kB at 2.7 MB/s)
[INFO] Downloading from central: https://repo.maven.apache.org/maven2/org/apache/hadoop/hadoop-main/3.1.1/hadoop-main-3.1.1.pom
[INFO] Downloaded from central: https://repo.maven.apache.org/maven2/org/apache/hadoop/hadoop-main/3.1.1/hadoop-main-3.1.1.pom (26 kB at 1.2 MB/s)
[INFO] Downloading from central: https://repo.maven.apache.org/maven2/org/apache/hadoop/hadoop-annotations/3.1.1/hadoop-annotations-3.1.1.pom
[INFO] Downloaded from central: https://repo.maven.apache.org/maven2/org/apache/hadoop/hadoop-annotations/3.1.1/hadoop-annotations-3.1.1.pom (1.9 kB at 100 kB/s)
[INFO] Downloading from central: https://repo.maven.apache.org/maven2/org/eclipse/jetty/jetty-server/9.3.19.v20170502/jetty-server-9.3.19.v20170502.pom
[INFO] Downloaded from central: https://repo.maven.apache.org/maven2/org/eclipse/jetty/jetty-server/9.3.19.v20170502/jetty-server-9.3.19.v20170502.pom (2.7 kB at 127 kB/s)
[INFO] Downloading from central: https://repo.maven.apache.org/maven2/org/eclipse/jetty/jetty-project/9.3.19.v20170502/jetty-project-9.3.19.v20170502.pom
[INFO] Downloaded from central: https://repo.maven.apache.org/maven2/org/eclipse/jetty/jetty-project/9.3.19.v20170502/jetty-project-9.3.19.v20170502.pom (40 kB at 1.9 MB/s)
[INFO] Downloading from central: https://repo.maven.apache.org/maven2/org/eclipse/jetty/jetty-http/9.3.19.v20170502/jetty-http-9.3.19.v20170502.pom
[INFO] Downloaded from central: https://repo.maven.apache.org/maven2/org/eclipse/jetty/jetty-http/9.3.19.v20170502/jetty-http-9.3.19.v20170502.pom (1.6 kB at 78 kB/s)
[INFO] Downloading from central: https://repo.maven.apache.org/maven2/org/eclipse/jetty/jetty-util/9.3.19.v20170502/jetty-util-9.3.19.v20170502.pom
[INFO] Downloaded from central: https://repo.maven.apache.org/maven2/org/eclipse/jetty/jetty-util/9.3.19.v20170502/jetty-util-9.3.19.v20170502.pom (2.1 kB at 104 kB/s)
[INFO] Downloading from central: https://repo.maven.apache.org/maven2/org/eclipse/jetty/jetty-io/9.3.19.v20170502/jetty-io-9.3.19.v20170502.pom
[INFO] Downloaded from central: https://repo.maven.apache.org/maven2/org/eclipse/jetty/jetty-io/9.3.19.v20170502/jetty-io-9.3.19.v20170502.pom (1.3 kB at 69 kB/s)
[INFO] Downloading from central: https://repo.maven.apache.org/maven2/org/eclipse/jetty/jetty-servlet/9.3.19.v20170502/jetty-servlet-9.3.19.v20170502.pom
[INFO] Downloaded from central: https://repo.maven.apache.org/maven2/org/eclipse/jetty/jetty-servlet/9.3.19.v20170502/jetty-servlet-9.3.19.v20170502.pom (2.1 kB at 112 kB/s)
[INFO] Downloading from central: https://repo.maven.apache.org/maven2/org/eclipse/jetty/jetty-security/9.3.19.v20170502/jetty-security-9.3.19.v20170502.pom
[INFO] Downloaded from central: https://repo.maven.apache.org/maven2/org/eclipse/jetty/jetty-security/9.3.19.v20170502/jetty-security-9.3.19.v20170502.pom (2.0 kB at 101 kB/s)
[INFO] Downloading from central: https://repo.maven.apache.org/maven2/org/eclipse/jetty/jetty-webapp/9.3.19.v20170502/jetty-webapp-9.3.19.v20170502.pom
[INFO] Downloaded from central: https://repo.maven.apache.org/maven2/org/eclipse/jetty/jetty-webapp/9.3.19.v20170502/jetty-webapp-9.3.19.v20170502.pom (2.4 kB at 118 kB/s)
[INFO] Downloading from central: https://repo.maven.apache.org/maven2/org/eclipse/jetty/jetty-xml/9.3.19.v20170502/jetty-xml-9.3.19.v20170502.pom
[INFO] Downloaded from central: https://repo.maven.apache.org/maven2/org/eclipse/jetty/jetty-xml/9.3.19.v20170502/jetty-xml-9.3.19.v20170502.pom (1.3 kB at 66 kB/s)
[INFO] Downloading from central: https://repo.maven.apache.org/maven2/org/codehaus/jackson/jackson-core-asl/1.9.2/jackson-core-asl-1.9.2.pom
[INFO] Downloaded from central: https://repo.maven.apache.org/maven2/org/codehaus/jackson/jackson-core-asl/1.9.2/jackson-core-asl-1.9.2.pom (1.0 kB at 60 kB/s)
[INFO] Downloading from central: https://repo.maven.apache.org/maven2/org/codehaus/jackson/jackson-mapper-asl/1.9.2/jackson-mapper-asl-1.9.2.pom
[INFO] Downloaded from central: https://repo.maven.apache.org/maven2/org/codehaus/jackson/jackson-mapper-asl/1.9.2/jackson-mapper-asl-1.9.2.pom (1.2 kB at 34 kB/s)
[INFO] Downloading from central: https://repo.maven.apache.org/maven2/org/codehaus/jackson/jackson-jaxrs/1.9.2/jackson-jaxrs-1.9.2.pom
[INFO] Downloaded from central: https://repo.maven.apache.org/maven2/org/codehaus/jackson/jackson-jaxrs/1.9.2/jackson-jaxrs-1.9.2.pom (1.6 kB at 91 kB/s)
[INFO] Downloading from central: https://repo.maven.apache.org/maven2/org/codehaus/jackson/jackson-xc/1.9.2/jackson-xc-1.9.2.pom
[INFO] Downloaded from central: https://repo.maven.apache.org/maven2/org/codehaus/jackson/jackson-xc/1.9.2/jackson-xc-1.9.2.pom (1.6 kB at 86 kB/s)
[INFO] Downloading from central: https://repo.maven.apache.org/maven2/org/apache/hadoop/hadoop-auth/3.1.1/hadoop-auth-3.1.1.pom
[INFO] Downloaded from central: https://repo.maven.apache.org/maven2/org/apache/hadoop/hadoop-auth/3.1.1/hadoop-auth-3.1.1.pom (8.2 kB at 392 kB/s)
[INFO] Downloading from central: https://repo.maven.apache.org/maven2/org/apache/zookeeper/zookeeper/3.4.9/zookeeper-3.4.9.pom
[INFO] Downloaded from central: https://repo.maven.apache.org/maven2/org/apache/zookeeper/zookeeper/3.4.9/zookeeper-3.4.9.pom (4.2 kB at 201 kB/s)
[INFO] Downloading from central: https://repo.maven.apache.org/maven2/org/apache/zookeeper/zookeeper/3.4.8/zookeeper-3.4.8.pom
[INFO] Downloaded from central: https://repo.maven.apache.org/maven2/org/apache/zookeeper/zookeeper/3.4.8/zookeeper-3.4.8.pom (4.0 kB at 212 kB/s)
[INFO] Downloading from central: https://repo.maven.apache.org/maven2/com/nimbusds/nimbus-jose-jwt/3.10/nimbus-jose-jwt-3.10.pom
[INFO] Downloaded from central: https://repo.maven.apache.org/maven2/com/nimbusds/nimbus-jose-jwt/3.10/nimbus-jose-jwt-3.10.pom (14 kB at 755 kB/s)
[INFO] Downloading from central: https://repo.maven.apache.org/maven2/net/minidev/json-smart/1.3.1/json-smart-1.3.1.pom
[INFO] Downloaded from central: https://repo.maven.apache.org/maven2/net/minidev/json-smart/1.3.1/json-smart-1.3.1.pom (2.0 kB at 101 kB/s)
[INFO] Downloading from central: https://repo.maven.apache.org/maven2/net/minidev/parent/1.3.1/parent-1.3.1.pom
[INFO] Downloaded from central: https://repo.maven.apache.org/maven2/net/minidev/parent/1.3.1/parent-1.3.1.pom (8.5 kB at 425 kB/s)
[INFO] Downloading from central: https://repo.maven.apache.org/maven2/org/bouncycastle/bcprov-jdk15on/1.52/bcprov-jdk15on-1.52.pom
[INFO] Downloaded from central: https://repo.maven.apache.org/maven2/org/bouncycastle/bcprov-jdk15on/1.52/bcprov-jdk15on-1.52.pom (1.2 kB at 55 kB/s)
[INFO] Downloading from central: https://repo.maven.apache.org/maven2/com/fasterxml/jackson/core/jackson-databind/2.7.8/jackson-databind-2.7.8.pom
[INFO] Downloaded from central: https://repo.maven.apache.org/maven2/com/fasterxml/jackson/core/jackson-databind/2.7.8/jackson-databind-2.7.8.pom (5.2 kB at 260 kB/s)
[INFO] Downloading from central: https://repo.maven.apache.org/maven2/com/fasterxml/jackson/jackson-parent/2.7/jackson-parent-2.7.pom
[INFO] Downloaded from central: https://repo.maven.apache.org/maven2/com/fasterxml/jackson/jackson-parent/2.7/jackson-parent-2.7.pom (8.1 kB at 429 kB/s)
[INFO] Downloading from central: https://repo.maven.apache.org/maven2/com/fasterxml/oss-parent/25/oss-parent-25.pom
[INFO] Downloaded from central: https://repo.maven.apache.org/maven2/com/fasterxml/oss-parent/25/oss-parent-25.pom (19 kB at 924 kB/s)
[INFO] Downloading from central: https://repo.maven.apache.org/maven2/com/fasterxml/jackson/core/jackson-annotations/2.7.0/jackson-annotations-2.7.0.pom
[INFO] Downloaded from central: https://repo.maven.apache.org/maven2/com/fasterxml/jackson/core/jackson-annotations/2.7.0/jackson-annotations-2.7.0.pom (1.5 kB at 40 kB/s)
[INFO] Downloading from central: https://repo.maven.apache.org/maven2/com/fasterxml/jackson/core/jackson-core/2.7.8/jackson-core-2.7.8.pom
[INFO] Downloaded from central: https://repo.maven.apache.org/maven2/com/fasterxml/jackson/core/jackson-core/2.7.8/jackson-core-2.7.8.pom (5.1 kB at 253 kB/s)
[INFO] Downloading from central: https://repo.maven.apache.org/maven2/org/apache/ratis/ratis-thirdparty-hadoop/0.2.0/ratis-thirdparty-hadoop-0.2.0.jar
[INFO] Downloading from central: https://repo.maven.apache.org/maven2/org/apache/hadoop/hadoop-common/3.1.1/hadoop-common-3.1.1.jar
[INFO] Downloading from central: https://repo.maven.apache.org/maven2/org/eclipse/jetty/jetty-http/9.3.19.v20170502/jetty-http-9.3.19.v20170502.jar
[INFO] Downloading from central: https://repo.maven.apache.org/maven2/org/eclipse/jetty/jetty-server/9.3.19.v20170502/jetty-server-9.3.19.v20170502.jar
[INFO] Downloading from central: https://repo.maven.apache.org/maven2/org/apache/hadoop/hadoop-annotations/3.1.1/hadoop-annotations-3.1.1.jar
[INFO] Downloaded from central: https://repo.maven.apache.org/maven2/org/apache/hadoop/hadoop-annotations/3.1.1/hadoop-annotations-3.1.1.jar (60 kB at 2.0 MB/s)
[INFO] Downloading from central: https://repo.maven.apache.org/maven2/org/eclipse/jetty/jetty-io/9.3.19.v20170502/jetty-io-9.3.19.v20170502.jar
[INFO] Downloaded from central: https://repo.maven.apache.org/maven2/org/eclipse/jetty/jetty-http/9.3.19.v20170502/jetty-http-9.3.19.v20170502.jar (151 kB at 4.6 MB/s)
[INFO] Downloading from central: https://repo.maven.apache.org/maven2/org/eclipse/jetty/jetty-util/9.3.19.v20170502/jetty-util-9.3.19.v20170502.jar
[INFO] Downloaded from central: https://repo.maven.apache.org/maven2/org/apache/ratis/ratis-thirdparty-hadoop/0.2.0/ratis-thirdparty-hadoop-0.2.0.jar (251 kB at 5.1 MB/s)
[INFO] Downloading from central: https://repo.maven.apache.org/maven2/org/eclipse/jetty/jetty-servlet/9.3.19.v20170502/jetty-servlet-9.3.19.v20170502.jar
[INFO] Downloaded from central: https://repo.maven.apache.org/maven2/org/eclipse/jetty/jetty-server/9.3.19.v20170502/jetty-server-9.3.19.v20170502.jar (523 kB at 9.3 MB/s)
[INFO] Downloading from central: https://repo.maven.apache.org/maven2/org/eclipse/jetty/jetty-security/9.3.19.v20170502/jetty-security-9.3.19.v20170502.jar
[INFO] Downloaded from central: https://repo.maven.apache.org/maven2/org/eclipse/jetty/jetty-io/9.3.19.v20170502/jetty-io-9.3.19.v20170502.jar (123 kB at 1.9 MB/s)
[INFO] Downloading from central: https://repo.maven.apache.org/maven2/org/eclipse/jetty/jetty-webapp/9.3.19.v20170502/jetty-webapp-9.3.19.v20170502.jar
[INFO] Downloaded from central: https://repo.maven.apache.org/maven2/org/eclipse/jetty/jetty-servlet/9.3.19.v20170502/jetty-servlet-9.3.19.v20170502.jar (119 kB at 1.6 MB/s)
[INFO] Downloading from central: https://repo.maven.apache.org/maven2/org/eclipse/jetty/jetty-xml/9.3.19.v20170502/jetty-xml-9.3.19.v20170502.jar
[INFO] Downloaded from central: https://repo.maven.apache.org/maven2/org/eclipse/jetty/jetty-util/9.3.19.v20170502/jetty-util-9.3.19.v20170502.jar (451 kB at 5.8 MB/s)
[INFO] Downloaded from central: https://repo.maven.apache.org/maven2/org/eclipse/jetty/jetty-security/9.3.19.v20170502/jetty-security-9.3.19.v20170502.jar (96 kB at 1.2 MB/s)
[INFO] Downloading from central: https://repo.maven.apache.org/maven2/org/codehaus/jackson/jackson-core-asl/1.9.2/jackson-core-asl-1.9.2.jar
[INFO] Downloading from central: https://repo.maven.apache.org/maven2/org/codehaus/jackson/jackson-mapper-asl/1.9.2/jackson-mapper-asl-1.9.2.jar
[INFO] Downloaded from central: https://repo.maven.apache.org/maven2/org/eclipse/jetty/jetty-xml/9.3.19.v20170502/jetty-xml-9.3.19.v20170502.jar (51 kB at 405 kB/s)
[INFO] Downloaded from central: https://repo.maven.apache.org/maven2/org/eclipse/jetty/jetty-webapp/9.3.19.v20170502/jetty-webapp-9.3.19.v20170502.jar (113 kB at 907 kB/s)
[INFO] Downloading from central: https://repo.maven.apache.org/maven2/org/codehaus/jackson/jackson-jaxrs/1.9.2/jackson-jaxrs-1.9.2.jar
[INFO] Downloading from central: https://repo.maven.apache.org/maven2/org/codehaus/jackson/jackson-xc/1.9.2/jackson-xc-1.9.2.jar
[INFO] Downloaded from central: https://repo.maven.apache.org/maven2/org/codehaus/jackson/jackson-core-asl/1.9.2/jackson-core-asl-1.9.2.jar (228 kB at 1.7 MB/s)
[INFO] Downloading from central: https://repo.maven.apache.org/maven2/org/apache/hadoop/hadoop-auth/3.1.1/hadoop-auth-3.1.1.jar
[INFO] Downloaded from central: https://repo.maven.apache.org/maven2/org/codehaus/jackson/jackson-jaxrs/1.9.2/jackson-jaxrs-1.9.2.jar (18 kB at 125 kB/s)
[INFO] Downloading from central: https://repo.maven.apache.org/maven2/org/apache/zookeeper/zookeeper/3.4.9/zookeeper-3.4.9.jar
[INFO] Downloaded from central: https://repo.maven.apache.org/maven2/org/codehaus/jackson/jackson-xc/1.9.2/jackson-xc-1.9.2.jar (27 kB at 182 kB/s)
[INFO] Downloading from central: https://repo.maven.apache.org/maven2/jline/jline/0.9.94/jline-0.9.94.jar
[INFO] Downloaded from central: https://repo.maven.apache.org/maven2/org/codehaus/jackson/jackson-mapper-asl/1.9.2/jackson-mapper-asl-1.9.2.jar (766 kB at 4.8 MB/s)
[INFO] Downloading from central: https://repo.maven.apache.org/maven2/com/fasterxml/jackson/core/jackson-databind/2.7.8/jackson-databind-2.7.8.jar
[INFO] Downloaded from central: https://repo.maven.apache.org/maven2/jline/jline/0.9.94/jline-0.9.94.jar (87 kB at 505 kB/s)
[INFO] Downloading from central: https://repo.maven.apache.org/maven2/com/fasterxml/jackson/core/jackson-annotations/2.7.0/jackson-annotations-2.7.0.jar
[INFO] Downloaded from central: https://repo.maven.apache.org/maven2/com/fasterxml/jackson/core/jackson-annotations/2.7.0/jackson-annotations-2.7.0.jar (51 kB at 260 kB/s)
[INFO] Downloading from central: https://repo.maven.apache.org/maven2/com/fasterxml/jackson/core/jackson-core/2.7.8/jackson-core-2.7.8.jar
[INFO] Downloaded from central: https://repo.maven.apache.org/maven2/org/apache/zookeeper/zookeeper/3.4.9/zookeeper-3.4.9.jar (807 kB at 3.7 MB/s)
[INFO] Downloaded from central: https://repo.maven.apache.org/maven2/com/fasterxml/jackson/core/jackson-core/2.7.8/jackson-core-2.7.8.jar (253 kB at 1.1 MB/s)
[INFO] Downloaded from central: https://repo.maven.apache.org/maven2/com/fasterxml/jackson/core/jackson-databind/2.7.8/jackson-databind-2.7.8.jar (1.2 MB at 4.8 MB/s)
[INFO] Downloaded from central: https://repo.maven.apache.org/maven2/org/apache/hadoop/hadoop-common/3.1.1/hadoop-common-3.1.1.jar (4.0 MB at 13 MB/s)
[INFO] Downloaded from central: https://repo.maven.apache.org/maven2/org/apache/hadoop/hadoop-auth/3.1.1/hadoop-auth-3.1.1.jar (138 kB at 455 kB/s)
[INFO] 
[INFO] --- maven-remote-resources-plugin:1.5:process (process-resource-bundles) @ ratis-hadoop ---
[INFO] 
[INFO] --- maven-resources-plugin:2.6:resources (default-resources) @ ratis-hadoop ---
[INFO] Using 'UTF-8' encoding to copy filtered resources.
[INFO] skip non existing resourceDirectory /workdir/ratis-hadoop/src/main/resources
[INFO] Copying 3 resources
[INFO] 
[INFO] --- maven-compiler-plugin:3.7.0:compile (default-compile) @ ratis-hadoop ---
[INFO] Compiling 13 source files to /workdir/ratis-hadoop/target/classes
[INFO] 
[INFO] --- maven-resources-plugin:2.6:testResources (default-testResources) @ ratis-hadoop ---
[INFO] Using 'UTF-8' encoding to copy filtered resources.
[INFO] Copying 1 resource
[INFO] Copying 3 resources
[INFO] 
[INFO] --- maven-compiler-plugin:3.7.0:testCompile (default-testCompile) @ ratis-hadoop ---
[INFO] Compiling 11 source files to /workdir/ratis-hadoop/target/test-classes
[INFO] 
[INFO] --- maven-surefire-plugin:3.0.0-M1:test (default-test) @ ratis-hadoop ---
[INFO] Tests are skipped.
[INFO] 
[INFO] --------------------< org.apache.ratis:ratis-test >---------------------
[INFO] Building Apache Ratis Test 0.5.0-SNAPSHOT                        [11/15]
[INFO] --------------------------------[ jar ]---------------------------------
[INFO] 
[INFO] --- maven-remote-resources-plugin:1.5:process (process-resource-bundles) @ ratis-test ---
[INFO] 
[INFO] --- maven-resources-plugin:2.6:resources (default-resources) @ ratis-test ---
[INFO] Using 'UTF-8' encoding to copy filtered resources.
[INFO] skip non existing resourceDirectory /workdir/ratis-test/src/main/resources
[INFO] Copying 3 resources
[INFO] 
[INFO] --- maven-compiler-plugin:3.7.0:compile (default-compile) @ ratis-test ---
[INFO] No sources to compile
[INFO] 
[INFO] --- maven-resources-plugin:2.6:testResources (default-testResources) @ ratis-test ---
[INFO] Using 'UTF-8' encoding to copy filtered resources.
[INFO] Copying 1 resource
[INFO] Copying 3 resources
[INFO] 
[INFO] --- maven-compiler-plugin:3.7.0:testCompile (default-testCompile) @ ratis-test ---
[INFO] Compiling 70 source files to /workdir/ratis-test/target/test-classes
[WARNING] /workdir/ratis-test/src/test/java/org/apache/ratis/server/raftlog/segmented/TestRaftLogReadWrite.java:[120,27] [deprecation] INVALID_LOG_INDEX in RaftServerConstants has been deprecated
[WARNING] /workdir/ratis-test/src/test/java/org/apache/ratis/server/raftlog/segmented/TestRaftLogReadWrite.java:[148,27] [deprecation] INVALID_LOG_INDEX in RaftServerConstants has been deprecated
[WARNING] /workdir/ratis-test/src/test/java/org/apache/ratis/server/raftlog/segmented/TestRaftLogReadWrite.java:[177,27] [deprecation] INVALID_LOG_INDEX in RaftServerConstants has been deprecated
[WARNING] /workdir/ratis-test/src/test/java/org/apache/ratis/server/raftlog/segmented/TestRaftLogReadWrite.java:[214,27] [deprecation] INVALID_LOG_INDEX in RaftServerConstants has been deprecated
[WARNING] /workdir/ratis-test/src/test/java/org/apache/ratis/server/raftlog/segmented/TestRaftLogReadWrite.java:[262,49] [deprecation] INVALID_LOG_INDEX in RaftServerConstants has been deprecated
[WARNING] /workdir/ratis-test/src/test/java/org/apache/ratis/server/raftlog/segmented/TestLogSegment.java:[170,8] [deprecation] INVALID_LOG_INDEX in RaftServerConstants has been deprecated
[WARNING] /workdir/ratis-test/src/test/java/org/apache/ratis/server/raftlog/segmented/TestLogSegment.java:[279,86] [deprecation] INVALID_LOG_INDEX in RaftServerConstants has been deprecated
[WARNING] /workdir/ratis-test/src/test/java/org/apache/ratis/server/raftlog/segmented/TestLogSegment.java:[300,8] [deprecation] INVALID_LOG_INDEX in RaftServerConstants has been deprecated
[INFO] 
[INFO] --- maven-surefire-plugin:3.0.0-M1:test (default-test) @ ratis-test ---
[INFO] 
[INFO] -------------------------------------------------------
[INFO]  T E S T S
[INFO] -------------------------------------------------------
[INFO] Running org.apache.ratis.protocol.TestRaftId
[INFO] Tests run: 3, Failures: 0, Errors: 0, Skipped: 0, Time elapsed: 0.201 s - in org.apache.ratis.protocol.TestRaftId
[INFO] Running org.apache.ratis.grpc.TestGroupInfoWithGrpc
[INFO] Tests run: 1, Failures: 0, Errors: 0, Skipped: 0, Time elapsed: 40.226 s - in org.apache.ratis.grpc.TestGroupInfoWithGrpc
[INFO] Running org.apache.ratis.grpc.TestRetryCacheWithGrpc
[INFO] Tests run: 2, Failures: 0, Errors: 0, Skipped: 0, Time elapsed: 6.514 s - in org.apache.ratis.grpc.TestRetryCacheWithGrpc
[INFO] Running org.apache.ratis.grpc.TestGroupManagementWithGrpc
[ERROR] Tests run: 4, Failures: 0, Errors: 3, Skipped: 0, Time elapsed: 44.939 s <<< FAILURE! - in org.apache.ratis.grpc.TestGroupManagementWithGrpc
[ERROR] testMultiGroup5Nodes(org.apache.ratis.grpc.TestGroupManagementWithGrpc)  Time elapsed: 5.743 s  <<< ERROR!
org.apache.ratis.protocol.TimeoutIOException: deadline exceeded after 2999178758ns
Caused by: org.apache.ratis.thirdparty.io.grpc.StatusRuntimeException: DEADLINE_EXCEEDED: deadline exceeded after 2999178758ns

[ERROR] testMultiGroup7Nodes(org.apache.ratis.grpc.TestGroupManagementWithGrpc)  Time elapsed: 6.703 s  <<< ERROR!
org.apache.ratis.protocol.TimeoutIOException: deadline exceeded after 2999646020ns
Caused by: org.apache.ratis.thirdparty.io.grpc.StatusRuntimeException: DEADLINE_EXCEEDED: deadline exceeded after 2999646020ns

[ERROR] testMultiGroup9Nodes(org.apache.ratis.grpc.TestGroupManagementWithGrpc)  Time elapsed: 15.259 s  <<< ERROR!
org.apache.ratis.protocol.TimeoutIOException: deadline exceeded after 2999658671ns
Caused by: org.apache.ratis.thirdparty.io.grpc.StatusRuntimeException: DEADLINE_EXCEEDED: deadline exceeded after 2999658671ns

[INFO] Running org.apache.ratis.grpc.TestLeaderElectionWithGrpc
[ERROR] Tests run: 5, Failures: 0, Errors: 1, Skipped: 0, Time elapsed: 97.263 s <<< FAILURE! - in org.apache.ratis.grpc.TestLeaderElectionWithGrpc
[ERROR] testChangeLeader(org.apache.ratis.grpc.TestLeaderElectionWithGrpc)  Time elapsed: 35.91 s  <<< ERROR!
java.lang.IllegalStateException: Failed to change leader: newLeader == oldLeader == s0

[INFO] Running org.apache.ratis.grpc.TestGrpcOutputStream
[WARNING] Tests run: 1, Failures: 0, Errors: 0, Skipped: 1, Time elapsed: 0.016 s - in org.apache.ratis.grpc.TestGrpcOutputStream
[INFO] Running org.apache.ratis.grpc.TestRaftAsyncWithGrpc
[ERROR] Tests run: 12, Failures: 0, Errors: 2, Skipped: 0, Time elapsed: 196.032 s <<< FAILURE! - in org.apache.ratis.grpc.TestRaftAsyncWithGrpc
[ERROR] testNoRetryWaitOnNotLeaderException(org.apache.ratis.grpc.TestRaftAsyncWithGrpc)  Time elapsed: 30.034 s  <<< ERROR!
org.junit.runners.model.TestTimedOutException: test timed out after 30000 milliseconds

[ERROR] testRequestAsyncWithRetryFailureAfterInitialMessages(org.apache.ratis.grpc.TestRaftAsyncWithGrpc)  Time elapsed: 21.824 s  <<< ERROR!
java.util.concurrent.ExecutionException: org.apache.ratis.protocol.RaftRetryFailureException: Failed RaftClientRequest:client-480B097967F6->s0@group-8EC737A5280A, cid=5338, seq=1*, RW, initial-0 for 10 attempts with RetryLimited(maxAttempts=10, sleepTime=100ms)
Caused by: org.apache.ratis.protocol.RaftRetryFailureException: Failed RaftClientRequest:client-480B097967F6->s0@group-8EC737A5280A, cid=5338, seq=1*, RW, initial-0 for 10 attempts with RetryLimited(maxAttempts=10, sleepTime=100ms)
Caused by: org.apache.ratis.protocol.AlreadyClosedException: client-480B097967F6->s0 is closed.

[INFO] Running org.apache.ratis.grpc.TestRequestLimitAsyncWithGrpc
[ERROR] Tests run: 1, Failures: 0, Errors: 1, Skipped: 0, Time elapsed: 8.286 s <<< FAILURE! - in org.apache.ratis.grpc.TestRequestLimitAsyncWithGrpc
[ERROR] testWriteElementLimit(org.apache.ratis.grpc.TestRequestLimitAsyncWithGrpc)  Time elapsed: 8.085 s  <<< ERROR!
java.util.concurrent.TimeoutException

[INFO] Running org.apache.ratis.grpc.TestRaftStateMachineExceptionWithGrpc
[ERROR] Tests run: 3, Failures: 0, Errors: 1, Skipped: 0, Time elapsed: 9.61 s <<< FAILURE! - in org.apache.ratis.grpc.TestRaftStateMachineExceptionWithGrpc
[ERROR] testRetryOnExceptionDuringReplication(org.apache.ratis.grpc.TestRaftStateMachineExceptionWithGrpc)  Time elapsed: 1.294 s  <<< ERROR!
java.lang.NullPointerException

[INFO] Running org.apache.ratis.grpc.TestRaftWithGrpc
[ERROR] Tests run: 8, Failures: 0, Errors: 1, Skipped: 0, Time elapsed: 175.616 s <<< FAILURE! - in org.apache.ratis.grpc.TestRaftWithGrpc
[ERROR] testWithLoad(org.apache.ratis.grpc.TestRaftWithGrpc)  Time elapsed: 100.018 s  <<< ERROR!
org.junit.runners.model.TestTimedOutException: test timed out after 100 seconds
	at org.apache.ratis.grpc.TestRaftWithGrpc.testWithLoad(TestRaftWithGrpc.java:53)

[INFO] Running org.apache.ratis.grpc.TestRaftAsyncExceptionWithGrpc
[INFO] Tests run: 1, Failures: 0, Errors: 0, Skipped: 0, Time elapsed: 2.141 s - in org.apache.ratis.grpc.TestRaftAsyncExceptionWithGrpc
[INFO] Running org.apache.ratis.grpc.TestRaftReconfigurationWithGrpc
[ERROR] Tests run: 12, Failures: 3, Errors: 0, Skipped: 0, Time elapsed: 173.905 s <<< FAILURE! - in org.apache.ratis.grpc.TestRaftReconfigurationWithGrpc
[ERROR] testRevertConfigurationChange(org.apache.ratis.grpc.TestRaftReconfigurationWithGrpc)  Time elapsed: 15.382 s  <<< FAILURE!
java.lang.AssertionError

[ERROR] testOverlappedSetConfRequests(org.apache.ratis.grpc.TestRaftReconfigurationWithGrpc)  Time elapsed: 7.306 s  <<< FAILURE!
java.lang.AssertionError

[ERROR] testReconfTimeout(org.apache.ratis.grpc.TestRaftReconfigurationWithGrpc)  Time elapsed: 1.999 s  <<< FAILURE!
java.lang.AssertionError: did not get expected exception

[INFO] Running org.apache.ratis.grpc.TestRaftOutputStreamWithGrpc
[ERROR] Tests run: 4, Failures: 0, Errors: 3, Skipped: 0, Time elapsed: 98.023 s <<< FAILURE! - in org.apache.ratis.grpc.TestRaftOutputStreamWithGrpc
[ERROR] testSimpleWrite(org.apache.ratis.grpc.TestRaftOutputStreamWithGrpc)  Time elapsed: 30.016 s  <<< ERROR!
org.junit.runners.model.TestTimedOutException: test timed out after 30 seconds

[ERROR] testWriteAndFlush(org.apache.ratis.grpc.TestRaftOutputStreamWithGrpc)  Time elapsed: 30.002 s  <<< ERROR!
org.junit.runners.model.TestTimedOutException: test timed out after 30 seconds

[ERROR] testKillLeader(org.apache.ratis.grpc.TestRaftOutputStreamWithGrpc)  Time elapsed: 11.976 s  <<< ERROR!
java.lang.NullPointerException

[INFO] Running org.apache.ratis.grpc.TestRaftExceptionWithGrpc
[INFO] Tests run: 6, Failures: 0, Errors: 0, Skipped: 0, Time elapsed: 55.808 s - in org.apache.ratis.grpc.TestRaftExceptionWithGrpc
[INFO] Running org.apache.ratis.grpc.TestInstallSnapshotNotificationWithGrpc
[ERROR] Tests run: 2, Failures: 0, Errors: 1, Skipped: 0, Time elapsed: 114.664 s <<< FAILURE! - in org.apache.ratis.grpc.TestInstallSnapshotNotificationWithGrpc
[ERROR] testRestartFollower(org.apache.ratis.grpc.TestInstallSnapshotNotificationWithGrpc)  Time elapsed: 100.02 s  <<< ERROR!
org.junit.runners.model.TestTimedOutException: test timed out after 100 seconds

[INFO] Running org.apache.ratis.grpc.TestLogAppenderWithGrpc
[ERROR] Tests run: 3, Failures: 0, Errors: 1, Skipped: 0, Time elapsed: 141.716 s <<< FAILURE! - in org.apache.ratis.grpc.TestLogAppenderWithGrpc
[ERROR] testUnlimitedElementBuffer(org.apache.ratis.grpc.TestLogAppenderWithGrpc)  Time elapsed: 100.031 s  <<< ERROR!
org.junit.runners.model.TestTimedOutException: test timed out after 100 seconds

[INFO] Running org.apache.ratis.grpc.TestStateMachineShutdownWithGrpc
[INFO] Tests run: 1, Failures: 0, Errors: 0, Skipped: 0, Time elapsed: 43.722 s - in org.apache.ratis.grpc.TestStateMachineShutdownWithGrpc
[INFO] Running org.apache.ratis.grpc.TestRaftServerWithGrpc
[INFO] Tests run: 3, Failures: 0, Errors: 0, Skipped: 0, Time elapsed: 16.314 s - in org.apache.ratis.grpc.TestRaftServerWithGrpc
[INFO] Running org.apache.ratis.grpc.TestRaftSnapshotWithGrpc
[ERROR] Tests run: 2, Failures: 1, Errors: 0, Skipped: 0, Time elapsed: 9.632 s <<< FAILURE! - in org.apache.ratis.grpc.TestRaftSnapshotWithGrpc
[ERROR] testBasicInstallSnapshot(org.apache.ratis.grpc.TestRaftSnapshotWithGrpc)  Time elapsed: 2.601 s  <<< FAILURE!
java.lang.AssertionError

[INFO] Running org.apache.ratis.grpc.TestWatchRequestWithGrpc
[ERROR] Tests run: 3, Failures: 0, Errors: 3, Skipped: 0, Time elapsed: 68.107 s <<< FAILURE! - in org.apache.ratis.grpc.TestWatchRequestWithGrpc
[ERROR] testWatchRequestAsyncChangeLeader(org.apache.ratis.grpc.TestWatchRequestWithGrpc)  Time elapsed: 17.633 s  <<< ERROR!
java.util.concurrent.TimeoutException

[ERROR] testWatchRequestAsync(org.apache.ratis.grpc.TestWatchRequestWithGrpc)  Time elapsed: 7.545 s  <<< ERROR!
java.util.concurrent.TimeoutException

[ERROR] testWatchRequestTimeout(org.apache.ratis.grpc.TestWatchRequestWithGrpc)  Time elapsed: 42.738 s  <<< ERROR!
java.util.concurrent.TimeoutException

[INFO] Running org.apache.ratis.grpc.TestServerRestartWithGrpc
[INFO] Tests run: 5, Failures: 0, Errors: 0, Skipped: 0, Time elapsed: 94.756 s - in org.apache.ratis.grpc.TestServerRestartWithGrpc
[INFO] Running org.apache.ratis.TestRaftServerSlownessDetection
[WARNING] Tests run: 1, Failures: 0, Errors: 0, Skipped: 1, Time elapsed: 0.019 s - in org.apache.ratis.TestRaftServerSlownessDetection
[INFO] Running org.apache.ratis.TestRetryPolicy
[INFO] Tests run: 2, Failures: 0, Errors: 0, Skipped: 0, Time elapsed: 0.27 s - in org.apache.ratis.TestRetryPolicy
[INFO] Running org.apache.ratis.netty.TestRaftSnapshotWithNetty
[ERROR] Tests run: 2, Failures: 2, Errors: 0, Skipped: 0, Time elapsed: 72.656 s <<< FAILURE! - in org.apache.ratis.netty.TestRaftSnapshotWithNetty
[ERROR] testRestartPeer(org.apache.ratis.netty.TestRaftSnapshotWithNetty)  Time elapsed: 15.536 s  <<< FAILURE!
java.lang.AssertionError

[ERROR] testBasicInstallSnapshot(org.apache.ratis.netty.TestRaftSnapshotWithNetty)  Time elapsed: 56.952 s  <<< FAILURE!
java.lang.AssertionError

[INFO] Running org.apache.ratis.netty.TestLeaderElectionWithNetty
[ERROR] Tests run: 5, Failures: 0, Errors: 1, Skipped: 0, Time elapsed: 182.564 s <<< FAILURE! - in org.apache.ratis.netty.TestLeaderElectionWithNetty
[ERROR] testChangeLeader(org.apache.ratis.netty.TestLeaderElectionWithNetty)  Time elapsed: 87.14 s  <<< ERROR!
java.lang.IllegalStateException: Failed to change leader: newLeader == oldLeader == s2

[INFO] Running org.apache.ratis.netty.TestRaftReconfigurationWithNetty
[ERROR] Tests run: 12, Failures: 1, Errors: 0, Skipped: 0, Time elapsed: 250.927 s <<< FAILURE! - in org.apache.ratis.netty.TestRaftReconfigurationWithNetty
[ERROR] testLeaderStepDown(org.apache.ratis.netty.TestRaftReconfigurationWithNetty)  Time elapsed: 55.682 s  <<< FAILURE!
java.lang.AssertionError

[INFO] Running org.apache.ratis.netty.TestRetryCacheWithNettyRpc
[ERROR] Tests run: 2, Failures: 0, Errors: 1, Skipped: 0, Time elapsed: 116.548 s <<< FAILURE! - in org.apache.ratis.netty.TestRetryCacheWithNettyRpc
[ERROR] testBasicRetry(org.apache.ratis.netty.TestRetryCacheWithNettyRpc)  Time elapsed: 54.75 s  <<< ERROR!
java.lang.IllegalStateException: 
No leader yet : printing ALL groups
  s0:  RUNNING CANDIDATE s0@group-31A0E89A70DD:t10, leader=null, voted=s0, raftlog=s0@group-31A0E89A70DD-SegmentedRaftLog:OPENED:c-1,f-1,i0, conf=-1: [s0:0.0.0.0:43926, s1:0.0.0.0:41045, s2:0.0.0.0:43384], old=null RUNNING
  s1:  RUNNING CANDIDATE s1@group-31A0E89A70DD:t10, leader=null, voted=s1, raftlog=s1@group-31A0E89A70DD-SegmentedRaftLog:OPENED:c-1,f-1,i0, conf=-1: [s0:0.0.0.0:43926, s1:0.0.0.0:41045, s2:0.0.0.0:43384], old=null RUNNING
  s2:  RUNNING CANDIDATE s2@group-31A0E89A70DD:t10, leader=null, voted=s2, raftlog=s2@group-31A0E89A70DD-SegmentedRaftLog:OPENED:c-1,f-1,i0, conf=-1: [s0:0.0.0.0:43926, s1:0.0.0.0:41045, s2:0.0.0.0:43384], old=null RUNNING

[INFO] Running org.apache.ratis.netty.TestServerRestartWithNetty
[WARNING] Tests run: 1, Failures: 0, Errors: 0, Skipped: 1, Time elapsed: 0.018 s - in org.apache.ratis.netty.TestServerRestartWithNetty
[INFO] Running org.apache.ratis.netty.TestLogAppenderWithNetty
[ERROR] Tests run: 3, Failures: 0, Errors: 1, Skipped: 0, Time elapsed: 204.331 s <<< FAILURE! - in org.apache.ratis.netty.TestLogAppenderWithNetty
[ERROR] testSingleElementBuffer(org.apache.ratis.netty.TestLogAppenderWithNetty)  Time elapsed: 100.025 s  <<< ERROR!
org.junit.runners.model.TestTimedOutException: test timed out after 100 seconds

[INFO] Running org.apache.ratis.netty.TestRaftExceptionWithNetty
[INFO] Tests run: 6, Failures: 0, Errors: 0, Skipped: 0, Time elapsed: 99.694 s - in org.apache.ratis.netty.TestRaftExceptionWithNetty
[INFO] Running org.apache.ratis.netty.TestRaftWithNetty
[ERROR] Tests run: 5, Failures: 0, Errors: 2, Skipped: 0, Time elapsed: 125.223 s <<< FAILURE! - in org.apache.ratis.netty.TestRaftWithNetty
[ERROR] testWithLoad(org.apache.ratis.netty.TestRaftWithNetty)  Time elapsed: 56.043 s  <<< ERROR!
java.lang.IllegalStateException: 
No leader yet : printing ALL groups
  s3:  RUNNING CANDIDATE s3@group-46F048A18FB7:t41, leader=null, voted=s3, raftlog=s3@group-46F048A18FB7-SegmentedRaftLog:OPENED:c-1,f-1,i0, conf=-1: [s3:0.0.0.0:39188, s4:0.0.0.0:40778, s0:0.0.0.0:42012, s1:0.0.0.0:45336, s2:0.0.0.0:38783], old=null RUNNING
  s4:  RUNNING CANDIDATE s4@group-46F048A18FB7:t41, leader=null, voted=s4, raftlog=s4@group-46F048A18FB7-SegmentedRaftLog:OPENED:c-1,f-1,i0, conf=-1: [s3:0.0.0.0:39188, s4:0.0.0.0:40778, s0:0.0.0.0:42012, s1:0.0.0.0:45336, s2:0.0.0.0:38783], old=null RUNNING
  s0:  RUNNING  FOLLOWER s0@group-46F048A18FB7:t40, leader=null, voted=s0, raftlog=s0@group-46F048A18FB7-SegmentedRaftLog:OPENED:c-1,f-1,i0, conf=-1: [s3:0.0.0.0:39188, s4:0.0.0.0:40778, s0:0.0.0.0:42012, s1:0.0.0.0:45336, s2:0.0.0.0:38783], old=null RUNNING
  s1:  RUNNING CANDIDATE s1@group-46F048A18FB7:t41, leader=null, voted=s1, raftlog=s1@group-46F048A18FB7-SegmentedRaftLog:OPENED:c-1,f-1,i0, conf=-1: [s3:0.0.0.0:39188, s4:0.0.0.0:40778, s0:0.0.0.0:42012, s1:0.0.0.0:45336, s2:0.0.0.0:38783], old=null RUNNING
  s2:  RUNNING CANDIDATE s2@group-46F048A18FB7:t41, leader=null, voted=s2, raftlog=s2@group-46F048A18FB7-SegmentedRaftLog:OPENED:c-1,f-1,i0, conf=-1: [s3:0.0.0.0:39188, s4:0.0.0.0:40778, s0:0.0.0.0:42012, s1:0.0.0.0:45336, s2:0.0.0.0:38783], old=null RUNNING
	at org.apache.ratis.netty.TestRaftWithNetty.testWithLoad(TestRaftWithNetty.java:31)

[ERROR] testOldLeaderNotCommit(org.apache.ratis.netty.TestRaftWithNetty)  Time elapsed: 54.357 s  <<< ERROR!
java.lang.IllegalStateException: 
No leader yet : printing ALL groups
  s3:  RUNNING  FOLLOWER s3@group-A1B89BB4020A:t12, leader=null, voted=s2, raftlog=s3@group-A1B89BB4020A-SegmentedRaftLog:OPENED:c-1,f-1,i0, conf=-1: [s3:0.0.0.0:34761, s4:0.0.0.0:42956, s0:0.0.0.0:35561, s1:0.0.0.0:38095, s2:0.0.0.0:39611], old=null RUNNING
  s4:  RUNNING  FOLLOWER s4@group-A1B89BB4020A:t12, leader=null, voted=s2, raftlog=s4@group-A1B89BB4020A-SegmentedRaftLog:OPENED:c-1,f0,i0, conf=0: [s3:0.0.0.0:34761, s4:0.0.0.0:42956, s0:0.0.0.0:35561, s1:0.0.0.0:38095, s2:0.0.0.0:39611], old=null RUNNING
  s0:  RUNNING  FOLLOWER s0@group-A1B89BB4020A:t12, leader=null, voted=s2, raftlog=s0@group-A1B89BB4020A-SegmentedRaftLog:OPENED:c-1,f0,i0, conf=0: [s3:0.0.0.0:34761, s4:0.0.0.0:42956, s0:0.0.0.0:35561, s1:0.0.0.0:38095, s2:0.0.0.0:39611], old=null RUNNING
  s1:  RUNNING  FOLLOWER s1@group-A1B89BB4020A:t12, leader=null, voted=s2, raftlog=s1@group-A1B89BB4020A-SegmentedRaftLog:OPENED:c-1,f0,i0, conf=0: [s3:0.0.0.0:34761, s4:0.0.0.0:42956, s0:0.0.0.0:35561, s1:0.0.0.0:38095, s2:0.0.0.0:39611], old=null RUNNING
  s2:  RUNNING CANDIDATE s2@group-A1B89BB4020A:t13, leader=null, voted=s2, raftlog=s2@group-A1B89BB4020A-SegmentedRaftLog:OPENED:c-1,f0,i0, conf=0: [s3:0.0.0.0:34761, s4:0.0.0.0:42956, s0:0.0.0.0:35561, s1:0.0.0.0:38095, s2:0.0.0.0:39611], old=null RUNNING

[INFO] Running org.apache.ratis.netty.TestRaftStateMachineExceptionWithNetty
[ERROR] Tests run: 3, Failures: 0, Errors: 1, Skipped: 0, Time elapsed: 65.862 s <<< FAILURE! - in org.apache.ratis.netty.TestRaftStateMachineExceptionWithNetty
[ERROR] testRetryOnExceptionDuringReplication(org.apache.ratis.netty.TestRaftStateMachineExceptionWithNetty)  Time elapsed: 1.601 s  <<< ERROR!
java.lang.NullPointerException

[INFO] Running org.apache.ratis.netty.TestGroupManagementWithNetty
[ERROR] Tests run: 4, Failures: 0, Errors: 1, Skipped: 0, Time elapsed: 146.16 s <<< FAILURE! - in org.apache.ratis.netty.TestGroupManagementWithNetty
[ERROR] testMultiGroup9Nodes(org.apache.ratis.netty.TestGroupManagementWithNetty)  Time elapsed: 66.395 s  <<< ERROR!
java.lang.IllegalStateException: 
No leader yet  for group-A7C5DBE940E2: printing group-A7C5DBE940E2
  s3:  RUNNING [
   FOLLOWER s3@group-FEE41E240123:t0, leader=null, voted=null, raftlog=s3@group-FEE41E240123-SegmentedRaftLog:OPENED:c-1,f-1,i0, conf=-1: [], old=null STARTING
   FOLLOWER s3@group-A7C5DBE940E2:t12, leader=null, voted=s3, raftlog=s3@group-A7C5DBE940E2-SegmentedRaftLog:OPENED:c-1,f-1,i0, conf=-1: [s3:0.0.0.0:38312, s4:0.0.0.0:41737, s0:0.0.0.0:41019, s1:0.0.0.0:38816, s2:0.0.0.0:40694], old=null RUNNING] size=2
  s4:  RUNNING [
   FOLLOWER s4@group-FEE41E240123:t0, leader=null, voted=null, raftlog=s4@group-FEE41E240123-SegmentedRaftLog:OPENED:c-1,f-1,i0, conf=-1: [], old=null STARTING
   FOLLOWER s4@group-A7C5DBE940E2:t12, leader=null, voted=s4, raftlog=s4@group-A7C5DBE940E2-SegmentedRaftLog:OPENED:c-1,f-1,i0, conf=-1: [s3:0.0.0.0:38312, s4:0.0.0.0:41737, s0:0.0.0.0:41019, s1:0.0.0.0:38816, s2:0.0.0.0:40694], old=null RUNNING] size=2
  s0:  RUNNING [
   FOLLOWER s0@group-FEE41E240123:t0, leader=null, voted=null, raftlog=s0@group-FEE41E240123-SegmentedRaftLog:OPENED:c-1,f-1,i0, conf=-1: [], old=null STARTING
   FOLLOWER s0@group-A7C5DBE940E2:t12, leader=null, voted=s0, raftlog=s0@group-A7C5DBE940E2-SegmentedRaftLog:OPENED:c-1,f-1,i0, conf=-1: [s3:0.0.0.0:38312, s4:0.0.0.0:41737, s0:0.0.0.0:41019, s1:0.0.0.0:38816, s2:0.0.0.0:40694], old=null RUNNING] size=2
  s1:  RUNNING [
   FOLLOWER s1@group-FEE41E240123:t0, leader=null, voted=null, raftlog=s1@group-FEE41E240123-SegmentedRaftLog:OPENED:c-1,f-1,i0, conf=-1: [], old=null STARTING
   FOLLOWER s1@group-A7C5DBE940E2:t12, leader=null, voted=s1, raftlog=s1@group-A7C5DBE940E2-SegmentedRaftLog:OPENED:c-1,f-1,i0, conf=-1: [s3:0.0.0.0:38312, s4:0.0.0.0:41737, s0:0.0.0.0:41019, s1:0.0.0.0:38816, s2:0.0.0.0:40694], old=null RUNNING] size=2
  s2:  RUNNING [
   FOLLOWER s2@group-FEE41E240123:t0, leader=null, voted=null, raftlog=s2@group-FEE41E240123-SegmentedRaftLog:OPENED:c-1,f-1,i0, conf=-1: [], old=null STARTING
   FOLLOWER s2@group-A7C5DBE940E2:t12, leader=null, voted=s2, raftlog=s2@group-A7C5DBE940E2-SegmentedRaftLog:OPENED:c-1,f-1,i0, conf=-1: [s3:0.0.0.0:38312, s4:0.0.0.0:41737, s0:0.0.0.0:41019, s1:0.0.0.0:38816, s2:0.0.0.0:40694], old=null RUNNING] size=2

[INFO] Running org.apache.ratis.netty.TestGroupInfoWithNetty
[INFO] Tests run: 1, Failures: 0, Errors: 0, Skipped: 0, Time elapsed: 18.183 s - in org.apache.ratis.netty.TestGroupInfoWithNetty
[INFO] Running org.apache.ratis.conf.TestConfUtils
[INFO] Tests run: 5, Failures: 0, Errors: 0, Skipped: 0, Time elapsed: 0.211 s - in org.apache.ratis.conf.TestConfUtils
[INFO] Running org.apache.ratis.util.TestDataBlockingQueue
[INFO] Tests run: 4, Failures: 0, Errors: 0, Skipped: 0, Time elapsed: 6.207 s - in org.apache.ratis.util.TestDataBlockingQueue
[INFO] Running org.apache.ratis.util.TestTraditionalBinaryPrefix
[INFO] Tests run: 1, Failures: 0, Errors: 0, Skipped: 0, Time elapsed: 0.122 s - in org.apache.ratis.util.TestTraditionalBinaryPrefix
[INFO] Running org.apache.ratis.util.TestLifeCycle
[INFO] Tests run: 1, Failures: 0, Errors: 0, Skipped: 0, Time elapsed: 0.075 s - in org.apache.ratis.util.TestLifeCycle
[INFO] Running org.apache.ratis.util.TestDataQueue
[INFO] Tests run: 3, Failures: 0, Errors: 0, Skipped: 0, Time elapsed: 0.154 s - in org.apache.ratis.util.TestDataQueue
[INFO] Running org.apache.ratis.util.TestExitUtils
[INFO] Tests run: 2, Failures: 0, Errors: 0, Skipped: 0, Time elapsed: 0.158 s - in org.apache.ratis.util.TestExitUtils
[INFO] Running org.apache.ratis.util.TestTimeoutScheduler
[INFO] Tests run: 5, Failures: 0, Errors: 0, Skipped: 0, Time elapsed: 2.684 s - in org.apache.ratis.util.TestTimeoutScheduler
[INFO] Running org.apache.ratis.util.TestPreconditions
[INFO] Tests run: 1, Failures: 0, Errors: 0, Skipped: 0, Time elapsed: 0.178 s - in org.apache.ratis.util.TestPreconditions
[INFO] Running org.apache.ratis.util.TestTimeDuration
[INFO] Tests run: 5, Failures: 0, Errors: 0, Skipped: 0, Time elapsed: 0.101 s - in org.apache.ratis.util.TestTimeDuration
[INFO] Running org.apache.ratis.util.TestMinMax
[INFO] Tests run: 1, Failures: 0, Errors: 0, Skipped: 0, Time elapsed: 0.095 s - in org.apache.ratis.util.TestMinMax
[INFO] Running org.apache.ratis.server.impl.TestRaftServerJmx
[INFO] Tests run: 2, Failures: 0, Errors: 0, Skipped: 0, Time elapsed: 17.761 s - in org.apache.ratis.server.impl.TestRaftServerJmx
[INFO] Running org.apache.ratis.server.impl.TestRaftConfiguration
[INFO] Tests run: 1, Failures: 0, Errors: 0, Skipped: 0, Time elapsed: 0.192 s - in org.apache.ratis.server.impl.TestRaftConfiguration
[INFO] Running org.apache.ratis.server.impl.TestServerState
[INFO] Tests run: 3, Failures: 0, Errors: 0, Skipped: 0, Time elapsed: 0.202 s - in org.apache.ratis.server.impl.TestServerState
[INFO] Running org.apache.ratis.server.TestRaftServerConfigKeys
[INFO] Tests run: 2, Failures: 0, Errors: 0, Skipped: 0, Time elapsed: 0.212 s - in org.apache.ratis.server.TestRaftServerConfigKeys
[INFO] Running org.apache.ratis.server.simulation.TestRetryCacheWithSimulatedRpc
[ERROR] Tests run: 2, Failures: 0, Errors: 2, Skipped: 0, Time elapsed: 108.927 s <<< FAILURE! - in org.apache.ratis.server.simulation.TestRetryCacheWithSimulatedRpc
[ERROR] testBasicRetry(org.apache.ratis.server.simulation.TestRetryCacheWithSimulatedRpc)  Time elapsed: 55.415 s  <<< ERROR!
java.lang.IllegalStateException: 
No leader yet : printing ALL groups
  s0:  RUNNING CANDIDATE s0@group-FFC17E5F5F6A:t13, leader=null, voted=s0, raftlog=s0@group-FFC17E5F5F6A-SegmentedRaftLog:OPENED:c-1,f-1,i0, conf=-1: [s0:0.0.0.0:38294, s1:0.0.0.0:35919, s2:0.0.0.0:42656], old=null RUNNING
  s1:  RUNNING CANDIDATE s1@group-FFC17E5F5F6A:t13, leader=null, voted=s1, raftlog=s1@group-FFC17E5F5F6A-SegmentedRaftLog:OPENED:c-1,f-1,i0, conf=-1: [s0:0.0.0.0:38294, s1:0.0.0.0:35919, s2:0.0.0.0:42656], old=null RUNNING
  s2:  RUNNING CANDIDATE s2@group-FFC17E5F5F6A:t13, leader=null, voted=s2, raftlog=s2@group-FFC17E5F5F6A-SegmentedRaftLog:OPENED:c-1,f-1,i0, conf=-1: [s0:0.0.0.0:38294, s1:0.0.0.0:35919, s2:0.0.0.0:42656], old=null RUNNING

[ERROR] testRetryOnNewLeader(org.apache.ratis.server.simulation.TestRetryCacheWithSimulatedRpc)  Time elapsed: 53.338 s  <<< ERROR!
java.lang.IllegalStateException: 
No leader yet : printing ALL groups
  s0:  RUNNING CANDIDATE s0@group-C7E21CDDE0BE:t21, leader=null, voted=s0, raftlog=s0@group-C7E21CDDE0BE-SegmentedRaftLog:OPENED:c-1,f0,i0, conf=0: [s0:0.0.0.0:39779, s1:0.0.0.0:43701, s2:0.0.0.0:34848], old=null RUNNING
  s1:  RUNNING CANDIDATE s1@group-C7E21CDDE0BE:t21, leader=null, voted=s1, raftlog=s1@group-C7E21CDDE0BE-SegmentedRaftLog:OPENED:c-1,f-1,i0, conf=-1: [s0:0.0.0.0:39779, s1:0.0.0.0:43701, s2:0.0.0.0:34848], old=null RUNNING
  s2:  RUNNING CANDIDATE s2@group-C7E21CDDE0BE:t21, leader=null, voted=s2, raftlog=s2@group-C7E21CDDE0BE-SegmentedRaftLog:OPENED:c-1,f0,i0, conf=0: [s0:0.0.0.0:39779, s1:0.0.0.0:43701, s2:0.0.0.0:34848], old=null RUNNING

[INFO] Running org.apache.ratis.server.simulation.TestRaftWithSimulatedRpc
[ERROR] Tests run: 10, Failures: 10, Errors: 0, Skipped: 0, Time elapsed: 253.484 s <<< FAILURE! - in org.apache.ratis.server.simulation.TestRaftWithSimulatedRpc
[ERROR] testBasicAppendEntries(org.apache.ratis.server.simulation.TestRaftWithSimulatedRpc)  Time elapsed: 46.91 s  <<< FAILURE!
java.lang.AssertionError: Unexpected exit.
Caused by: org.apache.ratis.util.ExitUtils$ExitException: Thread[s2@group-F94731DEF4C3-LeaderElection91,5,FailOnTimeoutGroup] has thrown an uncaught exception
Caused by: java.lang.IllegalStateException: ILLEGAL TRANSITION: In s2@group-F94731DEF4C3-LeaderElection91, RUNNING -> CLOSED

[ERROR] testBasicAppendEntries(org.apache.ratis.server.simulation.TestRaftWithSimulatedRpc)  Time elapsed: 46.911 s  <<< FAILURE!
java.lang.AssertionError: Unexpected exit.
Caused by: org.apache.ratis.util.ExitUtils$ExitException: Thread[s2@group-F94731DEF4C3-LeaderElection91,5,FailOnTimeoutGroup] has thrown an uncaught exception
Caused by: java.lang.IllegalStateException: ILLEGAL TRANSITION: In s2@group-F94731DEF4C3-LeaderElection91, RUNNING -> CLOSED

[ERROR] testBasicAppendEntriesKillLeader(org.apache.ratis.server.simulation.TestRaftWithSimulatedRpc)  Time elapsed: 8.178 s  <<< FAILURE!
java.lang.AssertionError: Unexpected exit.
Caused by: org.apache.ratis.util.ExitUtils$ExitException: Thread[s2@group-F94731DEF4C3-LeaderElection91,5,FailOnTimeoutGroup] has thrown an uncaught exception
Caused by: java.lang.IllegalStateException: ILLEGAL TRANSITION: In s2@group-F94731DEF4C3-LeaderElection91, RUNNING -> CLOSED

[ERROR] testBasicAppendEntriesKillLeader(org.apache.ratis.server.simulation.TestRaftWithSimulatedRpc)  Time elapsed: 8.179 s  <<< FAILURE!
java.lang.AssertionError: Unexpected exit.
Caused by: org.apache.ratis.util.ExitUtils$ExitException: Thread[s2@group-F94731DEF4C3-LeaderElection91,5,FailOnTimeoutGroup] has thrown an uncaught exception
Caused by: java.lang.IllegalStateException: ILLEGAL TRANSITION: In s2@group-F94731DEF4C3-LeaderElection91, RUNNING -> CLOSED

[ERROR] testOldLeaderCommit(org.apache.ratis.server.simulation.TestRaftWithSimulatedRpc)  Time elapsed: 82.381 s  <<< FAILURE!
java.lang.AssertionError: Unexpected exit.
Caused by: org.apache.ratis.util.ExitUtils$ExitException: Thread[s2@group-F94731DEF4C3-LeaderElection91,5,FailOnTimeoutGroup] has thrown an uncaught exception
Caused by: java.lang.IllegalStateException: ILLEGAL TRANSITION: In s2@group-F94731DEF4C3-LeaderElection91, RUNNING -> CLOSED

[ERROR] testOldLeaderCommit(org.apache.ratis.server.simulation.TestRaftWithSimulatedRpc)  Time elapsed: 82.382 s  <<< FAILURE!
java.lang.AssertionError: Unexpected exit.
Caused by: org.apache.ratis.util.ExitUtils$ExitException: Thread[s2@group-F94731DEF4C3-LeaderElection91,5,FailOnTimeoutGroup] has thrown an uncaught exception
Caused by: java.lang.IllegalStateException: ILLEGAL TRANSITION: In s2@group-F94731DEF4C3-LeaderElection91, RUNNING -> CLOSED

[ERROR] testWithLoad(org.apache.ratis.server.simulation.TestRaftWithSimulatedRpc)  Time elapsed: 61.851 s  <<< FAILURE!
java.lang.AssertionError: Unexpected exit.
Caused by: org.apache.ratis.util.ExitUtils$ExitException: Thread[s2@group-F94731DEF4C3-LeaderElection91,5,FailOnTimeoutGroup] has thrown an uncaught exception
Caused by: java.lang.IllegalStateException: ILLEGAL TRANSITION: In s2@group-F94731DEF4C3-LeaderElection91, RUNNING -> CLOSED

[ERROR] testWithLoad(org.apache.ratis.server.simulation.TestRaftWithSimulatedRpc)  Time elapsed: 61.852 s  <<< FAILURE!
java.lang.AssertionError: Unexpected exit.
Caused by: org.apache.ratis.util.ExitUtils$ExitException: Thread[s2@group-F94731DEF4C3-LeaderElection91,5,FailOnTimeoutGroup] has thrown an uncaught exception
Caused by: java.lang.IllegalStateException: ILLEGAL TRANSITION: In s2@group-F94731DEF4C3-LeaderElection91, RUNNING -> CLOSED

[ERROR] testOldLeaderNotCommit(org.apache.ratis.server.simulation.TestRaftWithSimulatedRpc)  Time elapsed: 53.967 s  <<< FAILURE!
java.lang.AssertionError: Unexpected exit.
Caused by: org.apache.ratis.util.ExitUtils$ExitException: Thread[s2@group-F94731DEF4C3-LeaderElection91,5,FailOnTimeoutGroup] has thrown an uncaught exception
Caused by: java.lang.IllegalStateException: ILLEGAL TRANSITION: In s2@group-F94731DEF4C3-LeaderElection91, RUNNING -> CLOSED

[ERROR] testOldLeaderNotCommit(org.apache.ratis.server.simulation.TestRaftWithSimulatedRpc)  Time elapsed: 53.968 s  <<< FAILURE!
java.lang.AssertionError: Unexpected exit.
Caused by: org.apache.ratis.util.ExitUtils$ExitException: Thread[s2@group-F94731DEF4C3-LeaderElection91,5,FailOnTimeoutGroup] has thrown an uncaught exception
Caused by: java.lang.IllegalStateException: ILLEGAL TRANSITION: In s2@group-F94731DEF4C3-LeaderElection91, RUNNING -> CLOSED

[INFO] Running org.apache.ratis.server.simulation.TestRaftExceptionWithSimulation
[INFO] Tests run: 6, Failures: 0, Errors: 0, Skipped: 0, Time elapsed: 92.808 s - in org.apache.ratis.server.simulation.TestRaftExceptionWithSimulation
[INFO] Running org.apache.ratis.server.simulation.TestRaftStateMachineExceptionWithSimulatedRpc
[ERROR] Tests run: 3, Failures: 0, Errors: 1, Skipped: 0, Time elapsed: 97.151 s <<< FAILURE! - in org.apache.ratis.server.simulation.TestRaftStateMachineExceptionWithSimulatedRpc
[ERROR] testRetryOnExceptionDuringReplication(org.apache.ratis.server.simulation.TestRaftStateMachineExceptionWithSimulatedRpc)  Time elapsed: 93.879 s  <<< ERROR!
java.lang.NullPointerException

[INFO] Running org.apache.ratis.server.simulation.TestLogAppenderWithSimulatedRpc
[ERROR] Tests run: 3, Failures: 0, Errors: 1, Skipped: 0, Time elapsed: 176.899 s <<< FAILURE! - in org.apache.ratis.server.simulation.TestLogAppenderWithSimulatedRpc
[ERROR] testUnlimitedElementBuffer(org.apache.ratis.server.simulation.TestLogAppenderWithSimulatedRpc)  Time elapsed: 100.03 s  <<< ERROR!
org.junit.runners.model.TestTimedOutException: test timed out after 100 seconds

[INFO] Running org.apache.ratis.server.simulation.TestRaftReconfigurationWithSimulatedRpc
[ERROR] Tests run: 12, Failures: 0, Errors: 2, Skipped: 0, Time elapsed: 243.401 s <<< FAILURE! - in org.apache.ratis.server.simulation.TestRaftReconfigurationWithSimulatedRpc
[ERROR] testNoChangeRequest(org.apache.ratis.server.simulation.TestRaftReconfigurationWithSimulatedRpc)  Time elapsed: 55.453 s  <<< ERROR!
java.lang.IllegalStateException: 
No leader yet : printing ALL groups
  s0:  RUNNING CANDIDATE s0@group-018C702B48E5:t17, leader=null, voted=s0, raftlog=s0@group-018C702B48E5-SegmentedRaftLog:OPENED:c-1,f-1,i0, conf=-1: [s0:0.0.0.0:34748, s1:0.0.0.0:43419, s2:0.0.0.0:39849], old=null RUNNING
  s1:  RUNNING  FOLLOWER s1@group-018C702B48E5:t17, leader=null, voted=null, raftlog=s1@group-018C702B48E5-SegmentedRaftLog:OPENED:c-1,f0,i0, conf=0: [s0:0.0.0.0:34748, s1:0.0.0.0:43419, s2:0.0.0.0:39849], old=null RUNNING
  s2:  RUNNING  FOLLOWER s2@group-018C702B48E5:t17, leader=null, voted=null, raftlog=s2@group-018C702B48E5-SegmentedRaftLog:OPENED:c-1,f0,i0, conf=0: [s0:0.0.0.0:34748, s1:0.0.0.0:43419, s2:0.0.0.0:39849], old=null RUNNING

[ERROR] testAddPeers(org.apache.ratis.server.simulation.TestRaftReconfigurationWithSimulatedRpc)  Time elapsed: 55.134 s  <<< ERROR!
java.lang.IllegalStateException: 
No leader yet : printing ALL groups
  s0:  RUNNING CANDIDATE s0@group-CF66ACB98618:t9, leader=null, voted=s0, raftlog=s0@group-CF66ACB98618-SegmentedRaftLog:OPENED:c-1,f-1,i0, conf=-1: [s0:0.0.0.0:32897, s1:0.0.0.0:35696, s2:0.0.0.0:35236], old=null RUNNING
  s1:  RUNNING  FOLLOWER s1@group-CF66ACB98618:t7, leader=null, voted=null, raftlog=s1@group-CF66ACB98618-SegmentedRaftLog:OPENED:c-1,f-1,i0, conf=-1: [s0:0.0.0.0:32897, s1:0.0.0.0:35696, s2:0.0.0.0:35236], old=null RUNNING
  s2:  RUNNING CANDIDATE s2@group-CF66ACB98618:t9, leader=null, voted=s2, raftlog=s2@group-CF66ACB98618-SegmentedRaftLog:OPENED:c-1,f-1,i0, conf=-1: [s0:0.0.0.0:32897, s1:0.0.0.0:35696, s2:0.0.0.0:35236], old=null RUNNING

[INFO] Running org.apache.ratis.server.simulation.TestRaftSnapshotWithSimulatedRpc
[ERROR] Tests run: 2, Failures: 0, Errors: 1, Skipped: 0, Time elapsed: 145.3 s <<< FAILURE! - in org.apache.ratis.server.simulation.TestRaftSnapshotWithSimulatedRpc
[ERROR] testRestartPeer(org.apache.ratis.server.simulation.TestRaftSnapshotWithSimulatedRpc)  Time elapsed: 100.01 s  <<< ERROR!
org.junit.runners.model.TestTimedOutException: test timed out after 100 seconds

[INFO] Running org.apache.ratis.server.simulation.TestGroupManagementWithSimulatedRpc
[ERROR] Tests run: 4, Failures: 0, Errors: 2, Skipped: 0, Time elapsed: 27.94 s <<< FAILURE! - in org.apache.ratis.server.simulation.TestGroupManagementWithSimulatedRpc
[ERROR] testMultiGroup7Nodes(org.apache.ratis.server.simulation.TestGroupManagementWithSimulatedRpc)  Time elapsed: 5.104 s  <<< ERROR!
java.io.IOException: Timeout while waiting for reply of request GroupManagementRequest:client-A0259966EC50->s0@group-18F258B418A8, cid=13, seq=0, RW, null, Add:group-18F258B418A8:[s0:null]

[ERROR] testMultiGroup9Nodes(org.apache.ratis.server.simulation.TestGroupManagementWithSimulatedRpc)  Time elapsed: 14.376 s  <<< ERROR!
java.io.IOException: Timeout while waiting for reply of request GroupManagementRequest:client-22FD9521E058->s2@group-27F859EF6650, cid=16, seq=0, RW, null, Add:group-27F859EF6650:[s3:null, s4:null, s0:null, s1:null, s2:null]

[INFO] Running org.apache.ratis.server.simulation.TestGroupInfoWithSimulatedRpc
[ERROR] Tests run: 1, Failures: 0, Errors: 1, Skipped: 0, Time elapsed: 18.673 s <<< FAILURE! - in org.apache.ratis.server.simulation.TestGroupInfoWithSimulatedRpc
[ERROR] testGroupInfo(org.apache.ratis.server.simulation.TestGroupInfoWithSimulatedRpc)  Time elapsed: 18.485 s  <<< ERROR!
java.io.IOException: Timeout while waiting for reply of request GroupManagementRequest:client-92F229692568->s1@group-FE0127D2CA11, cid=1, seq=0, RW, null, Add:group-FE0127D2CA11:[s0:null, s1:null, s2:null]

[INFO] Running org.apache.ratis.server.simulation.TestLeaderElectionWithSimulatedRpc
[ERROR] Tests run: 5, Failures: 0, Errors: 2, Skipped: 0, Time elapsed: 118.558 s <<< FAILURE! - in org.apache.ratis.server.simulation.TestLeaderElectionWithSimulatedRpc
[ERROR] testEnforceLeader(org.apache.ratis.server.simulation.TestLeaderElectionWithSimulatedRpc)  Time elapsed: 44.468 s  <<< ERROR!
java.lang.NullPointerException

[ERROR] testBasicLeaderElection(org.apache.ratis.server.simulation.TestLeaderElectionWithSimulatedRpc)  Time elapsed: 53.814 s  <<< ERROR!
java.lang.IllegalStateException: 
No leader yet : printing ALL groups
  s3:  RUNNING  FOLLOWER s3@group-17EB70022112:t7, leader=null, voted=s3, raftlog=s3@group-17EB70022112-SegmentedRaftLog:OPENED:c-1,f-1,i0, conf=-1: [s3:0.0.0.0:42087, s4:0.0.0.0:33912, s0:0.0.0.0:40055, s1:0.0.0.0:37625, s2:0.0.0.0:37369], old=null RUNNING
  s4:  RUNNING  FOLLOWER s4@group-17EB70022112:t7, leader=null, voted=s4, raftlog=s4@group-17EB70022112-SegmentedRaftLog:OPENED:c-1,f-1,i0, conf=-1: [s3:0.0.0.0:42087, s4:0.0.0.0:33912, s0:0.0.0.0:40055, s1:0.0.0.0:37625, s2:0.0.0.0:37369], old=null RUNNING
  s0:  RUNNING  FOLLOWER s0@group-17EB70022112:t7, leader=null, voted=s0, raftlog=s0@group-17EB70022112-SegmentedRaftLog:OPENED:c-1,f-1,i0, conf=-1: [s3:0.0.0.0:42087, s4:0.0.0.0:33912, s0:0.0.0.0:40055, s1:0.0.0.0:37625, s2:0.0.0.0:37369], old=null RUNNING
  s1:  RUNNING  FOLLOWER s1@group-17EB70022112:t7, leader=null, voted=s1, raftlog=s1@group-17EB70022112-SegmentedRaftLog:OPENED:c-1,f-1,i0, conf=-1: [s3:0.0.0.0:42087, s4:0.0.0.0:33912, s0:0.0.0.0:40055, s1:0.0.0.0:37625, s2:0.0.0.0:37369], old=null RUNNING
  s2:  RUNNING  FOLLOWER s2@group-17EB70022112:t7, leader=null, voted=s2, raftlog=s2@group-17EB70022112-SegmentedRaftLog:OPENED:c-1,f-1,i0, conf=-1: [s3:0.0.0.0:42087, s4:0.0.0.0:33912, s0:0.0.0.0:40055, s1:0.0.0.0:37625, s2:0.0.0.0:37369], old=null RUNNING

[INFO] Running org.apache.ratis.server.simulation.TestServerRestartWithSimulatedRpc
[INFO] Tests run: 5, Failures: 0, Errors: 0, Skipped: 0, Time elapsed: 167.177 s - in org.apache.ratis.server.simulation.TestServerRestartWithSimulatedRpc
[INFO] Running org.apache.ratis.server.storage.TestRaftStorage
[INFO] Tests run: 6, Failures: 0, Errors: 0, Skipped: 0, Time elapsed: 0.923 s - in org.apache.ratis.server.storage.TestRaftStorage
[INFO] Running org.apache.ratis.server.raftlog.TestRaftLogMetrics
[ERROR] Tests run: 1, Failures: 1, Errors: 0, Skipped: 0, Time elapsed: 1.847 s <<< FAILURE! - in org.apache.ratis.server.raftlog.TestRaftLogMetrics
[ERROR] testFlushMetric(org.apache.ratis.server.raftlog.TestRaftLogMetrics)  Time elapsed: 1.653 s  <<< FAILURE!
java.lang.AssertionError: expected:<5> but was:<4>
	at org.apache.ratis.server.raftlog.TestRaftLogMetrics.assertFlushCount(TestRaftLogMetrics.java:110)
	at org.apache.ratis.server.raftlog.TestRaftLogMetrics.runTestFlushMetric(TestRaftLogMetrics.java:93)
	at org.apache.ratis.server.raftlog.TestRaftLogMetrics.testFlushMetric(TestRaftLogMetrics.java:78)

[INFO] Running org.apache.ratis.server.raftlog.segmented.TestLogSegment
[INFO] Tests run: 10, Failures: 0, Errors: 0, Skipped: 0, Time elapsed: 59.099 s - in org.apache.ratis.server.raftlog.segmented.TestLogSegment
[INFO] Running org.apache.ratis.server.raftlog.segmented.TestSegmentedRaftLog
[INFO] Running org.apache.ratis.server.raftlog.segmented.TestRaftLogReadWrite
[INFO] Tests run: 5, Failures: 0, Errors: 0, Skipped: 0, Time elapsed: 23.244 s - in org.apache.ratis.server.raftlog.segmented.TestRaftLogReadWrite
[INFO] Running org.apache.ratis.server.raftlog.segmented.TestCacheEviction
[INFO] Tests run: 3, Failures: 0, Errors: 0, Skipped: 0, Time elapsed: 1.854 s - in org.apache.ratis.server.raftlog.segmented.TestCacheEviction
[INFO] Running org.apache.ratis.server.raftlog.segmented.TestSegmentedRaftLogCache
[INFO] Tests run: 6, Failures: 0, Errors: 0, Skipped: 0, Time elapsed: 0.327 s - in org.apache.ratis.server.raftlog.segmented.TestSegmentedRaftLogCache
[INFO] Running org.apache.ratis.server.raftlog.TestRaftLogIndex
[INFO] Tests run: 1, Failures: 0, Errors: 0, Skipped: 0, Time elapsed: 0.218 s - in org.apache.ratis.server.raftlog.TestRaftLogIndex
[INFO] Running org.apache.ratis.statemachine.TestStateMachine
[INFO] Tests run: 3, Failures: 0, Errors: 0, Skipped: 0, Time elapsed: 68.846 s - in org.apache.ratis.statemachine.TestStateMachine
[INFO] Running org.apache.ratis.TestRaftServerNoLeaderTimeout
[INFO] Tests run: 1, Failures: 0, Errors: 0, Skipped: 0, Time elapsed: 4.977 s - in org.apache.ratis.TestRaftServerNoLeaderTimeout
[INFO] 
[INFO] Results:
[INFO] 
[ERROR] Failures: 
[ERROR]   TestRaftReconfigurationWithGrpc>RaftReconfigurationBaseTest.testOverlappedSetConfRequests:422->RaftReconfigurationBaseTest.runTestOverlappedSetConfRequests:470
[ERROR]   TestRaftReconfigurationWithGrpc>RaftReconfigurationBaseTest.testReconfTimeout:207->RaftReconfigurationBaseTest.runTestReconfTimeout:224 did not get expected exception
[ERROR]   TestRaftReconfigurationWithGrpc>RaftReconfigurationBaseTest.testRevertConfigurationChange:482->RaftReconfigurationBaseTest.runTestRevertConfigurationChange:546
[ERROR]   TestRaftSnapshotWithGrpc>RaftSnapshotBaseTest.testBasicInstallSnapshot:203->RaftSnapshotBaseTest.assertLeaderContent:78
[ERROR]   TestRaftReconfigurationWithNetty>RaftReconfigurationBaseTest.testLeaderStepDown:121->RaftReconfigurationBaseTest.lambda$testLeaderStepDown$3:121->RaftReconfigurationBaseTest.runTestAddRemovePeers:135
[ERROR]   TestRaftSnapshotWithNetty>RaftSnapshotBaseTest.testBasicInstallSnapshot:203->RaftSnapshotBaseTest.assertLeaderContent:78
[ERROR]   TestRaftSnapshotWithNetty>RaftSnapshotBaseTest.testRestartPeer:146->RaftSnapshotBaseTest.assertLeaderContent:78
[ERROR]   TestRaftLogMetrics.testFlushMetric:78->runTestFlushMetric:93->assertFlushCount:110 expected:<5> but was:<4>
[ERROR] org.apache.ratis.server.simulation.TestRaftWithSimulatedRpc.testBasicAppendEntries(org.apache.ratis.server.simulation.TestRaftWithSimulatedRpc)
[ERROR]   Run 1: TestRaftWithSimulatedRpc>RaftBasicTests.testBasicAppendEntries:78 Unexpected exit.
[ERROR]   Run 2: TestRaftWithSimulatedRpc>BaseTest.assertNotTerminated:61 Unexpected exit.
[INFO] 
[ERROR] org.apache.ratis.server.simulation.TestRaftWithSimulatedRpc.testBasicAppendEntriesKillLeader(org.apache.ratis.server.simulation.TestRaftWithSimulatedRpc)
[ERROR]   Run 1: TestRaftWithSimulatedRpc>RaftBasicTests.testBasicAppendEntriesKillLeader:84 Unexpected exit.
[ERROR]   Run 2: TestRaftWithSimulatedRpc>BaseTest.assertNotTerminated:61 Unexpected exit.
[INFO] 
[ERROR] org.apache.ratis.server.simulation.TestRaftWithSimulatedRpc.testOldLeaderCommit(org.apache.ratis.server.simulation.TestRaftWithSimulatedRpc)
[ERROR]   Run 1: TestRaftWithSimulatedRpc>RaftBasicTests.testOldLeaderCommit:172 Unexpected exit.
[ERROR]   Run 2: TestRaftWithSimulatedRpc>BaseTest.assertNotTerminated:61 Unexpected exit.
[INFO] 
[ERROR] org.apache.ratis.server.simulation.TestRaftWithSimulatedRpc.testOldLeaderNotCommit(org.apache.ratis.server.simulation.TestRaftWithSimulatedRpc)
[ERROR]   Run 1: TestRaftWithSimulatedRpc>RaftBasicTests.testOldLeaderNotCommit:214 Unexpected exit.
[ERROR]   Run 2: TestRaftWithSimulatedRpc>BaseTest.assertNotTerminated:61 Unexpected exit.
[INFO] 
[ERROR] org.apache.ratis.server.simulation.TestRaftWithSimulatedRpc.testWithLoad(org.apache.ratis.server.simulation.TestRaftWithSimulatedRpc)
[ERROR]   Run 1: TestRaftWithSimulatedRpc>RaftBasicTests.testWithLoad:328 Unexpected exit.
[ERROR]   Run 2: TestRaftWithSimulatedRpc>BaseTest.assertNotTerminated:61 Unexpected exit.
[INFO] 
[ERROR] Errors: 
[ERROR]   TestGroupManagementWithGrpc>GroupManagementBaseTest.testMultiGroup5Nodes:109->GroupManagementBaseTest.runMultiGroupTest:126->GroupManagementBaseTest.runMultiGroupTest:172  TimeoutIO
[ERROR]   TestGroupManagementWithGrpc>GroupManagementBaseTest.testMultiGroup7Nodes:115->GroupManagementBaseTest.runMultiGroupTest:126->GroupManagementBaseTest.runMultiGroupTest:172  TimeoutIO
[ERROR]   TestGroupManagementWithGrpc>GroupManagementBaseTest.testMultiGroup9Nodes:121->GroupManagementBaseTest.runMultiGroupTest:126->GroupManagementBaseTest.runMultiGroupTest:172  TimeoutIO
[ERROR]   TestInstallSnapshotNotificationWithGrpc>InstallSnapshotNotificationTests.testRestartFollower:193  TestTimedOut
[ERROR]   TestLeaderElectionWithGrpc>LeaderElectionTests.testChangeLeader:81  IllegalState
[ERROR]   TestLogAppenderWithGrpc>LogAppenderTests.testUnlimitedElementBuffer:124->LogAppenderTests.runTest:183->Object.wait:-2  TestTimedOut
[ERROR]   TestRaftAsyncWithGrpc>RaftAsyncTests.testNoRetryWaitOnNotLeaderException:419  TestTimedOut
[ERROR]   TestRaftAsyncWithGrpc>RaftAsyncTests.testRequestAsyncWithRetryFailureAfterInitialMessages:113->RaftAsyncTests.lambda$testRequestAsyncWithRetryFailureAfterInitialMessages$1:113->RaftAsyncTests.runTestRequestAsyncWithRetryFailure:131  Execution
[ERROR]   TestRaftOutputStreamWithGrpc>OutputStreamBaseTest.testKillLeader:264->OutputStreamBaseTest.runTestKillLeader:304  NullPointer
[ERROR]   TestRaftOutputStreamWithGrpc>OutputStreamBaseTest.testSimpleWrite:72->OutputStreamBaseTest.runTestSimpleWrite:80  TestTimedOut
[ERROR]   TestRaftOutputStreamWithGrpc>OutputStreamBaseTest.testWriteAndFlush:116->OutputStreamBaseTest.runTestWriteAndFlush:135  TestTimedOut
[ERROR]   TestRaftStateMachineExceptionWithGrpc>RaftStateMachineExceptionTests.testRetryOnExceptionDuringReplication:145->RaftStateMachineExceptionTests.runTestRetryOnExceptionDuringReplication:170  NullPointer
[ERROR]   TestRaftWithGrpc.testWithLoad:53->RaftBasicTests.testWithLoad:328->RaftBasicTests.lambda$testWithLoad$10:328->RaftBasicTests.testWithLoad:386  TestTimedOut
[ERROR]   TestRequestLimitAsyncWithGrpc>RequestLimitAsyncBaseTest.testWriteElementLimit:65->RequestLimitAsyncBaseTest.runTestWriteElementLimit:119->BaseTest.getWithDefaultTimeout:168  Timeout
[ERROR]   TestWatchRequestWithGrpc>WatchRequestTests.testWatchRequestAsync:71->WatchRequestTests.lambda$testWatchRequestAsync$0:71->WatchRequestTests.runTest:124->WatchRequestTests.runTestWatchRequestAsync:211->WatchRequestTests.checkMajority:229  Timeout
[ERROR]   TestWatchRequestWithGrpc>WatchRequestTests.testWatchRequestAsyncChangeLeader:295->WatchRequestTests.lambda$testWatchRequestAsyncChangeLeader$6:296->WatchRequestTests.runTest:124->WatchRequestTests.runTestWatchRequestAsyncChangeLeader:319->WatchRequestTests.checkMajority:229  Timeout
[ERROR]   TestWatchRequestWithGrpc>WatchRequestTests.testWatchRequestTimeout:339->WatchRequestTests.lambda$testWatchRequestTimeout$8:340->WatchRequestTests.runTest:124->WatchRequestTests.runTestWatchRequestTimeout:385->WatchRequestTests.checkMajority:229  Timeout
[ERROR]   TestGroupManagementWithNetty>GroupManagementBaseTest.testMultiGroup9Nodes:121->GroupManagementBaseTest.runMultiGroupTest:126->GroupManagementBaseTest.runMultiGroupTest:175  IllegalState
[ERROR]   TestLeaderElectionWithNetty>LeaderElectionTests.testChangeLeader:81  IllegalState
[ERROR]   TestLogAppenderWithNetty>LogAppenderTests.testSingleElementBuffer:118->LogAppenderTests.runTest:183->Object.wait:-2  TestTimedOut
[ERROR]   TestRaftStateMachineExceptionWithNetty>RaftStateMachineExceptionTests.testRetryOnExceptionDuringReplication:145->RaftStateMachineExceptionTests.runTestRetryOnExceptionDuringReplication:170  NullPointer
[ERROR]   TestRaftWithNetty>RaftBasicTests.testOldLeaderNotCommit:214->RaftBasicTests.runTestOldLeaderNotCommit:218  IllegalState
[ERROR]   TestRaftWithNetty.testWithLoad:31->RaftBasicTests.testWithLoad:328->RaftBasicTests.lambda$testWithLoad$10:328->RaftBasicTests.testWithLoad:336  IllegalState
[ERROR]   TestRetryCacheWithNettyRpc>RetryCacheTests.testBasicRetry:60->RetryCacheTests.runTestBasicRetry:64  IllegalState
[ERROR]   TestGroupInfoWithSimulatedRpc>GroupInfoBaseTest.testGroupInfo:44->GroupInfoBaseTest.runTest:57  IO
[ERROR]   TestGroupManagementWithSimulatedRpc>GroupManagementBaseTest.testMultiGroup7Nodes:115->GroupManagementBaseTest.runMultiGroupTest:126->GroupManagementBaseTest.runMultiGroupTest:172  IO
[ERROR]   TestGroupManagementWithSimulatedRpc>GroupManagementBaseTest.testMultiGroup9Nodes:121->GroupManagementBaseTest.runMultiGroupTest:126->GroupManagementBaseTest.runMultiGroupTest:172  IO
[ERROR]   TestLeaderElectionWithSimulatedRpc>LeaderElectionTests.testBasicLeaderElection:63  IllegalState
[ERROR]   TestLeaderElectionWithSimulatedRpc>LeaderElectionTests.testEnforceLeader:102->LeaderElectionTests.enforceLeader:116  NullPointer
[ERROR]   TestLogAppenderWithSimulatedRpc>LogAppenderTests.testUnlimitedElementBuffer:124->LogAppenderTests.runTest:183->Object.wait:-2  TestTimedOut
[ERROR]   TestRaftReconfigurationWithSimulatedRpc>RaftReconfigurationBaseTest.testAddPeers:77->RaftReconfigurationBaseTest.lambda$testAddPeers$0:78  IllegalState
[ERROR]   TestRaftReconfigurationWithSimulatedRpc>RaftReconfigurationBaseTest.testNoChangeRequest:390->RaftReconfigurationBaseTest.runTestNoChangeRequest:394  IllegalState
[ERROR]   TestRaftSnapshotWithSimulatedRpc>RaftSnapshotBaseTest.testRestartPeer:148  TestTimedOut
[ERROR]   TestRaftStateMachineExceptionWithSimulatedRpc>RaftStateMachineExceptionTests.testRetryOnExceptionDuringReplication:145->RaftStateMachineExceptionTests.runTestRetryOnExceptionDuringReplication:170  NullPointer
[ERROR]   TestRetryCacheWithSimulatedRpc>RetryCacheTests.testBasicRetry:60->RetryCacheTests.runTestBasicRetry:64  IllegalState
[ERROR]   TestRetryCacheWithSimulatedRpc>RetryCacheTests.testRetryOnNewLeader:122->RetryCacheTests.runTestRetryOnNewLeader:126  IllegalState
[INFO] 
[ERROR] Tests run: 249, Failures: 13, Errors: 36, Skipped: 3
[INFO] 
[INFO] 
[INFO] ------------------< org.apache.ratis:ratis-examples >-------------------
[INFO] Building Apache Ratis Examples 0.5.0-SNAPSHOT                    [12/15]
[INFO] --------------------------------[ jar ]---------------------------------
[INFO] Downloading from central: https://repo.maven.apache.org/maven2/com/beust/jcommander/1.72/jcommander-1.72.pom
[INFO] Downloaded from central: https://repo.maven.apache.org/maven2/com/beust/jcommander/1.72/jcommander-1.72.pom (1.2 kB at 12 kB/s)
[INFO] Downloading from central: https://repo.maven.apache.org/maven2/com/beust/jcommander/1.72/jcommander-1.72.jar
[INFO] Downloaded from central: https://repo.maven.apache.org/maven2/com/beust/jcommander/1.72/jcommander-1.72.jar (69 kB at 1.5 MB/s)
[INFO] 
[INFO] --- maven-remote-resources-plugin:1.5:process (process-resource-bundles) @ ratis-examples ---
[INFO] 
[INFO] --- maven-resources-plugin:2.6:resources (default-resources) @ ratis-examples ---
[INFO] Using 'UTF-8' encoding to copy filtered resources.
[INFO] Copying 1 resource
[INFO] Copying 3 resources
[INFO] 
[INFO] --- maven-compiler-plugin:3.7.0:compile (default-compile) @ ratis-examples ---
[INFO] Compiling 25 source files to /workdir/ratis-examples/target/classes
[WARNING] /workdir/ratis-examples/src/main/java/org/apache/ratis/examples/arithmetic/ArithmeticStateMachine.java:[115,32] [deprecation] INVALID_LOG_INDEX in RaftServerConstants has been deprecated
[WARNING] /workdir/ratis-examples/src/main/java/org/apache/ratis/examples/arithmetic/ArithmeticStateMachine.java:[120,32] [deprecation] INVALID_LOG_INDEX in RaftServerConstants has been deprecated
[INFO] 
[INFO] --- maven-resources-plugin:2.6:testResources (default-testResources) @ ratis-examples ---
[INFO] Using 'UTF-8' encoding to copy filtered resources.
[INFO] Copying 1 resource
[INFO] Copying 3 resources
[INFO] 
[INFO] --- maven-compiler-plugin:3.7.0:testCompile (default-testCompile) @ ratis-examples ---
[INFO] Compiling 10 source files to /workdir/ratis-examples/target/test-classes
[INFO] 
[INFO] --- maven-surefire-plugin:3.0.0-M1:test (default-test) @ ratis-examples ---
[INFO] 
[INFO] -------------------------------------------------------
[INFO]  T E S T S
[INFO] -------------------------------------------------------
[INFO] Running org.apache.ratis.TestMultiRaftGroup
[ERROR] Tests run: 5, Failures: 4, Errors: 1, Skipped: 0, Time elapsed: 130.434 s <<< FAILURE! - in org.apache.ratis.TestMultiRaftGroup
[ERROR] testMultiRaftGroup[0](org.apache.ratis.TestMultiRaftGroup)  Time elapsed: 5.64 s  <<< ERROR!
java.io.IOException: Timeout while waiting for reply of request GroupManagementRequest:client-A0E112706B6A->s0@group-F9962A51D235, cid=0, seq=0, RW, null, Add:group-F9962A51D235:[s10:null, s0:null, s1:null]
	at org.apache.ratis.TestMultiRaftGroup.runTestMultiRaftGroup(TestMultiRaftGroup.java:73)
	at org.apache.ratis.TestMultiRaftGroup.runTestMultiRaftGroup(TestMultiRaftGroup.java:59)
	at org.apache.ratis.TestMultiRaftGroup.testMultiRaftGroup(TestMultiRaftGroup.java:55)

[ERROR] testMultiRaftGroup[1](org.apache.ratis.TestMultiRaftGroup)  Time elapsed: 71.536 s  <<< FAILURE!
java.lang.AssertionError: Unexpected exit.
	at org.apache.ratis.TestMultiRaftGroup.runTestMultiRaftGroup(TestMultiRaftGroup.java:73)
	at org.apache.ratis.TestMultiRaftGroup.runTestMultiRaftGroup(TestMultiRaftGroup.java:59)
	at org.apache.ratis.TestMultiRaftGroup.testMultiRaftGroup(TestMultiRaftGroup.java:55)
Caused by: org.apache.ratis.util.ExitUtils$ExitException: Thread[s3@group-98F64EF2D37A-LeaderElection125,5,FailOnTimeoutGroup] has thrown an uncaught exception
Caused by: java.lang.IllegalStateException: ILLEGAL TRANSITION: In s3@group-98F64EF2D37A-LeaderElection125, RUNNING -> CLOSED

[ERROR] testMultiRaftGroup[1](org.apache.ratis.TestMultiRaftGroup)  Time elapsed: 71.537 s  <<< FAILURE!
java.lang.AssertionError: Unexpected exit.
Caused by: org.apache.ratis.util.ExitUtils$ExitException: Thread[s3@group-98F64EF2D37A-LeaderElection125,5,FailOnTimeoutGroup] has thrown an uncaught exception
Caused by: java.lang.IllegalStateException: ILLEGAL TRANSITION: In s3@group-98F64EF2D37A-LeaderElection125, RUNNING -> CLOSED

[ERROR] testMultiRaftGroup[2](org.apache.ratis.TestMultiRaftGroup)  Time elapsed: 53.017 s  <<< FAILURE!
java.lang.AssertionError: Unexpected exit.
	at org.apache.ratis.TestMultiRaftGroup.runTestMultiRaftGroup(TestMultiRaftGroup.java:73)
	at org.apache.ratis.TestMultiRaftGroup.runTestMultiRaftGroup(TestMultiRaftGroup.java:59)
	at org.apache.ratis.TestMultiRaftGroup.testMultiRaftGroup(TestMultiRaftGroup.java:55)
Caused by: org.apache.ratis.util.ExitUtils$ExitException: Thread[s3@group-98F64EF2D37A-LeaderElection125,5,FailOnTimeoutGroup] has thrown an uncaught exception
Caused by: java.lang.IllegalStateException: ILLEGAL TRANSITION: In s3@group-98F64EF2D37A-LeaderElection125, RUNNING -> CLOSED

[ERROR] testMultiRaftGroup[2](org.apache.ratis.TestMultiRaftGroup)  Time elapsed: 53.018 s  <<< FAILURE!
java.lang.AssertionError: Unexpected exit.
Caused by: org.apache.ratis.util.ExitUtils$ExitException: Thread[s3@group-98F64EF2D37A-LeaderElection125,5,FailOnTimeoutGroup] has thrown an uncaught exception
Caused by: java.lang.IllegalStateException: ILLEGAL TRANSITION: In s3@group-98F64EF2D37A-LeaderElection125, RUNNING -> CLOSED

[INFO] Running org.apache.ratis.examples.arithmetic.TestArithmetic
[INFO] Tests run: 6, Failures: 0, Errors: 0, Skipped: 0, Time elapsed: 80.53 s - in org.apache.ratis.examples.arithmetic.TestArithmetic
[INFO] Running org.apache.ratis.examples.arithmetic.expression.TestExpression
[INFO] Tests run: 3, Failures: 0, Errors: 0, Skipped: 0, Time elapsed: 0.172 s - in org.apache.ratis.examples.arithmetic.expression.TestExpression
[INFO] Running org.apache.ratis.examples.arithmetic.cli.TestAssignCli
[INFO] Tests run: 1, Failures: 0, Errors: 0, Skipped: 0, Time elapsed: 0.082 s - in org.apache.ratis.examples.arithmetic.cli.TestAssignCli
[INFO] Running org.apache.ratis.examples.filestore.TestFileStoreAsyncWithGrpc
[ERROR] Tests run: 1, Failures: 0, Errors: 1, Skipped: 0, Time elapsed: 100.723 s <<< FAILURE! - in org.apache.ratis.examples.filestore.TestFileStoreAsyncWithGrpc
[ERROR] testFileStoreAsync(org.apache.ratis.examples.filestore.TestFileStoreAsyncWithGrpc)  Time elapsed: 100.027 s  <<< ERROR!
org.junit.runners.model.TestTimedOutException: test timed out after 100 seconds

[INFO] Running org.apache.ratis.examples.filestore.TestFileStoreWithNetty
[ERROR] Tests run: 1, Failures: 0, Errors: 1, Skipped: 0, Time elapsed: 100.295 s <<< FAILURE! - in org.apache.ratis.examples.filestore.TestFileStoreWithNetty
[ERROR] testFileStore(org.apache.ratis.examples.filestore.TestFileStoreWithNetty)  Time elapsed: 100.029 s  <<< ERROR!
org.junit.runners.model.TestTimedOutException: test timed out after 100 seconds

[INFO] Running org.apache.ratis.examples.filestore.TestFileStoreWithGrpc
[ERROR] Tests run: 1, Failures: 0, Errors: 1, Skipped: 0, Time elapsed: 100.515 s <<< FAILURE! - in org.apache.ratis.examples.filestore.TestFileStoreWithGrpc
[ERROR] testFileStore(org.apache.ratis.examples.filestore.TestFileStoreWithGrpc)  Time elapsed: 100.023 s  <<< ERROR!
org.junit.runners.model.TestTimedOutException: test timed out after 100 seconds

[INFO] 
[INFO] Results:
[INFO] 
[ERROR] Failures: 
[ERROR] org.apache.ratis.TestMultiRaftGroup.testMultiRaftGroup[1](org.apache.ratis.TestMultiRaftGroup)
[ERROR]   Run 1: TestMultiRaftGroup.testMultiRaftGroup:55->runTestMultiRaftGroup:59->runTestMultiRaftGroup:73 Unexpected exit.
[ERROR]   Run 2: TestMultiRaftGroup>BaseTest.assertNotTerminated:61 Unexpected exit.
[INFO] 
[ERROR] org.apache.ratis.TestMultiRaftGroup.testMultiRaftGroup[2](org.apache.ratis.TestMultiRaftGroup)
[ERROR]   Run 1: TestMultiRaftGroup.testMultiRaftGroup:55->runTestMultiRaftGroup:59->runTestMultiRaftGroup:73 Unexpected exit.
[ERROR]   Run 2: TestMultiRaftGroup>BaseTest.assertNotTerminated:61 Unexpected exit.
[INFO] 
[ERROR] Errors: 
[ERROR]   TestMultiRaftGroup.testMultiRaftGroup:55->runTestMultiRaftGroup:59->runTestMultiRaftGroup:73  IO
[ERROR]   TestFileStoreAsyncWithGrpc>FileStoreAsyncBaseTest.testFileStoreAsync:63->FileStoreAsyncBaseTest.testMultipleFiles:94->FileStoreAsyncBaseTest.lambda$testMultipleFiles$2:92  TestTimedOut
[ERROR]   TestFileStoreWithGrpc>FileStoreBaseTest.testFileStore:78->FileStoreBaseTest.testSingleFile:90  TestTimedOut
[ERROR]   TestFileStoreWithNetty>FileStoreBaseTest.testFileStore:78->FileStoreBaseTest.testSingleFile:90  TestTimedOut
[INFO] 
[ERROR] Tests run: 16, Failures: 2, Errors: 4, Skipped: 0
[INFO] 
[INFO] 
[INFO] ---------------< org.apache.ratis:ratis-replicated-map >----------------
[INFO] Building Apache Ratis Replicated Map 0.5.0-SNAPSHOT              [13/15]
[INFO] --------------------------------[ jar ]---------------------------------
[INFO] 
[INFO] --- maven-remote-resources-plugin:1.5:process (process-resource-bundles) @ ratis-replicated-map ---
[INFO] 
[INFO] --- maven-resources-plugin:2.6:resources (default-resources) @ ratis-replicated-map ---
[INFO] Using 'UTF-8' encoding to copy filtered resources.
[INFO] skip non existing resourceDirectory /workdir/ratis-replicated-map/src/main/resources
[INFO] Copying 3 resources
[INFO] 
[INFO] --- maven-compiler-plugin:3.7.0:compile (default-compile) @ ratis-replicated-map ---
[INFO] No sources to compile
[INFO] 
[INFO] --- maven-resources-plugin:2.6:testResources (default-testResources) @ ratis-replicated-map ---
[INFO] Using 'UTF-8' encoding to copy filtered resources.
[INFO] Copying 1 resource
[INFO] Copying 3 resources
[INFO] 
[INFO] --- maven-compiler-plugin:3.7.0:testCompile (default-testCompile) @ ratis-replicated-map ---
[INFO] No sources to compile
[INFO] 
[INFO] --- maven-surefire-plugin:3.0.0-M1:test (default-test) @ ratis-replicated-map ---
[INFO] 
[INFO] -----------------< org.apache.ratis:ratis-logservice >------------------
[INFO] Building Apache Ratis LogService 0.5.0-SNAPSHOT                  [14/15]
[INFO] --------------------------------[ jar ]---------------------------------
[INFO] Downloading from central: https://repo.maven.apache.org/maven2/org/jline/jline/3.9.0/jline-3.9.0.pom
[INFO] Downloaded from central: https://repo.maven.apache.org/maven2/org/jline/jline/3.9.0/jline-3.9.0.pom (15 kB at 470 kB/s)
[INFO] Downloading from central: https://repo.maven.apache.org/maven2/org/jline/jline-parent/3.9.0/jline-parent-3.9.0.pom
[INFO] Downloaded from central: https://repo.maven.apache.org/maven2/org/jline/jline-parent/3.9.0/jline-parent-3.9.0.pom (18 kB at 654 kB/s)
[INFO] Downloading from central: https://repo.maven.apache.org/maven2/org/apache/hadoop/hadoop-hdfs/3.1.1/hadoop-hdfs-3.1.1.pom
[INFO] Downloaded from central: https://repo.maven.apache.org/maven2/org/apache/hadoop/hadoop-hdfs/3.1.1/hadoop-hdfs-3.1.1.pom (22 kB at 748 kB/s)
[INFO] Downloading from central: https://repo.maven.apache.org/maven2/org/eclipse/jetty/jetty-util-ajax/9.3.19.v20170502/jetty-util-ajax-9.3.19.v20170502.pom
[INFO] Downloaded from central: https://repo.maven.apache.org/maven2/org/eclipse/jetty/jetty-util-ajax/9.3.19.v20170502/jetty-util-ajax-9.3.19.v20170502.pom (1.5 kB at 61 kB/s)
[INFO] Downloading from central: https://repo.maven.apache.org/maven2/org/apache/hadoop/hadoop-client/3.1.1/hadoop-client-3.1.1.pom
[INFO] Downloaded from central: https://repo.maven.apache.org/maven2/org/apache/hadoop/hadoop-client/3.1.1/hadoop-client-3.1.1.pom (11 kB at 414 kB/s)
[INFO] Downloading from central: https://repo.maven.apache.org/maven2/org/apache/hadoop/hadoop-hdfs-client/3.1.1/hadoop-hdfs-client-3.1.1.pom
[INFO] Downloaded from central: https://repo.maven.apache.org/maven2/org/apache/hadoop/hadoop-hdfs-client/3.1.1/hadoop-hdfs-client-3.1.1.pom (6.0 kB at 221 kB/s)
[INFO] Downloading from central: https://repo.maven.apache.org/maven2/com/fasterxml/jackson/core/jackson-annotations/2.7.8/jackson-annotations-2.7.8.pom
[INFO] Downloaded from central: https://repo.maven.apache.org/maven2/com/fasterxml/jackson/core/jackson-annotations/2.7.8/jackson-annotations-2.7.8.pom (1.5 kB at 52 kB/s)
[INFO] Downloading from central: https://repo.maven.apache.org/maven2/org/apache/hadoop/hadoop-yarn-api/3.1.1/hadoop-yarn-api-3.1.1.pom
[INFO] Downloaded from central: https://repo.maven.apache.org/maven2/org/apache/hadoop/hadoop-yarn-api/3.1.1/hadoop-yarn-api-3.1.1.pom (5.3 kB at 182 kB/s)
[INFO] Downloading from central: https://repo.maven.apache.org/maven2/org/apache/hadoop/hadoop-yarn/3.1.1/hadoop-yarn-3.1.1.pom
[INFO] Downloaded from central: https://repo.maven.apache.org/maven2/org/apache/hadoop/hadoop-yarn/3.1.1/hadoop-yarn-3.1.1.pom (10 kB at 261 kB/s)
[INFO] Downloading from central: https://repo.maven.apache.org/maven2/org/apache/hadoop/hadoop-yarn-client/3.1.1/hadoop-yarn-client-3.1.1.pom
[INFO] Downloaded from central: https://repo.maven.apache.org/maven2/org/apache/hadoop/hadoop-yarn-client/3.1.1/hadoop-yarn-client-3.1.1.pom (6.4 kB at 246 kB/s)
[INFO] Downloading from central: https://repo.maven.apache.org/maven2/org/apache/hadoop/hadoop-mapreduce-client-core/3.1.1/hadoop-mapreduce-client-core-3.1.1.pom
[INFO] Downloaded from central: https://repo.maven.apache.org/maven2/org/apache/hadoop/hadoop-mapreduce-client-core/3.1.1/hadoop-mapreduce-client-core-3.1.1.pom (5.3 kB at 204 kB/s)
[INFO] Downloading from central: https://repo.maven.apache.org/maven2/org/apache/hadoop/hadoop-mapreduce-client/3.1.1/hadoop-mapreduce-client-3.1.1.pom
[INFO] Downloaded from central: https://repo.maven.apache.org/maven2/org/apache/hadoop/hadoop-mapreduce-client/3.1.1/hadoop-mapreduce-client-3.1.1.pom (13 kB at 432 kB/s)
[INFO] Downloading from central: https://repo.maven.apache.org/maven2/org/apache/hadoop/hadoop-yarn-common/3.1.1/hadoop-yarn-common-3.1.1.pom
[INFO] Downloaded from central: https://repo.maven.apache.org/maven2/org/apache/hadoop/hadoop-yarn-common/3.1.1/hadoop-yarn-common-3.1.1.pom (14 kB at 503 kB/s)
[INFO] Downloading from central: https://repo.maven.apache.org/maven2/com/fasterxml/jackson/module/jackson-module-jaxb-annotations/2.7.8/jackson-module-jaxb-annotations-2.7.8.pom
[INFO] Downloaded from central: https://repo.maven.apache.org/maven2/com/fasterxml/jackson/module/jackson-module-jaxb-annotations/2.7.8/jackson-module-jaxb-annotations-2.7.8.pom (3.6 kB at 128 kB/s)
[INFO] Downloading from central: https://repo.maven.apache.org/maven2/com/fasterxml/jackson/jaxrs/jackson-jaxrs-json-provider/2.7.8/jackson-jaxrs-json-provider-2.7.8.pom
[INFO] Downloaded from central: https://repo.maven.apache.org/maven2/com/fasterxml/jackson/jaxrs/jackson-jaxrs-json-provider/2.7.8/jackson-jaxrs-json-provider-2.7.8.pom (3.8 kB at 136 kB/s)
[INFO] Downloading from central: https://repo.maven.apache.org/maven2/com/fasterxml/jackson/jaxrs/jackson-jaxrs-providers/2.7.8/jackson-jaxrs-providers-2.7.8.pom
[INFO] Downloaded from central: https://repo.maven.apache.org/maven2/com/fasterxml/jackson/jaxrs/jackson-jaxrs-providers/2.7.8/jackson-jaxrs-providers-2.7.8.pom (4.1 kB at 157 kB/s)
[INFO] Downloading from central: https://repo.maven.apache.org/maven2/com/fasterxml/jackson/jaxrs/jackson-jaxrs-base/2.7.8/jackson-jaxrs-base-2.7.8.pom
[INFO] Downloaded from central: https://repo.maven.apache.org/maven2/com/fasterxml/jackson/jaxrs/jackson-jaxrs-base/2.7.8/jackson-jaxrs-base-2.7.8.pom (1.6 kB at 67 kB/s)
[INFO] Downloading from central: https://repo.maven.apache.org/maven2/org/apache/hadoop/hadoop-mapreduce-client-jobclient/3.1.1/hadoop-mapreduce-client-jobclient-3.1.1.pom
[INFO] Downloaded from central: https://repo.maven.apache.org/maven2/org/apache/hadoop/hadoop-mapreduce-client-jobclient/3.1.1/hadoop-mapreduce-client-jobclient-3.1.1.pom (6.0 kB at 230 kB/s)
[INFO] Downloading from central: https://repo.maven.apache.org/maven2/org/apache/hadoop/hadoop-mapreduce-client-common/3.1.1/hadoop-mapreduce-client-common-3.1.1.pom
[INFO] Downloaded from central: https://repo.maven.apache.org/maven2/org/apache/hadoop/hadoop-mapreduce-client-common/3.1.1/hadoop-mapreduce-client-common-3.1.1.pom (3.2 kB at 122 kB/s)
[INFO] Downloading from central: https://repo.maven.apache.org/maven2/com/google/inject/guice/3.0/guice-3.0.pom
[INFO] Downloaded from central: https://repo.maven.apache.org/maven2/com/google/inject/guice/3.0/guice-3.0.pom (7.3 kB at 291 kB/s)
[INFO] Downloading from central: https://repo.maven.apache.org/maven2/com/google/inject/guice-parent/3.0/guice-parent-3.0.pom
[INFO] Downloaded from central: https://repo.maven.apache.org/maven2/com/google/inject/guice-parent/3.0/guice-parent-3.0.pom (13 kB at 499 kB/s)
[INFO] Downloading from central: https://repo.maven.apache.org/maven2/org/jline/jline/3.9.0/jline-3.9.0.jar
[INFO] Downloading from central: https://repo.maven.apache.org/maven2/org/apache/hadoop/hadoop-hdfs/3.1.1/hadoop-hdfs-3.1.1-tests.jar
[INFO] Downloading from central: https://repo.maven.apache.org/maven2/org/apache/hadoop/hadoop-hdfs-client/3.1.1/hadoop-hdfs-client-3.1.1.jar
[INFO] Downloading from central: https://repo.maven.apache.org/maven2/org/apache/hadoop/hadoop-client/3.1.1/hadoop-client-3.1.1.jar
[INFO] Downloading from central: https://repo.maven.apache.org/maven2/org/eclipse/jetty/jetty-util-ajax/9.3.19.v20170502/jetty-util-ajax-9.3.19.v20170502.jar
[INFO] Downloaded from central: https://repo.maven.apache.org/maven2/org/jline/jline/3.9.0/jline-3.9.0.jar (707 kB at 7.8 MB/s)
[INFO] Downloading from central: https://repo.maven.apache.org/maven2/com/squareup/okhttp/okhttp/2.7.5/okhttp-2.7.5.jar
[INFO] Downloaded from central: https://repo.maven.apache.org/maven2/org/eclipse/jetty/jetty-util-ajax/9.3.19.v20170502/jetty-util-ajax-9.3.19.v20170502.jar (39 kB at 369 kB/s)
[INFO] Downloading from central: https://repo.maven.apache.org/maven2/com/squareup/okio/okio/1.6.0/okio-1.6.0.jar
[INFO] Downloaded from central: https://repo.maven.apache.org/maven2/org/apache/hadoop/hadoop-client/3.1.1/hadoop-client-3.1.1.jar (44 kB at 399 kB/s)
[INFO] Downloading from central: https://repo.maven.apache.org/maven2/org/apache/hadoop/hadoop-yarn-api/3.1.1/hadoop-yarn-api-3.1.1.jar
[INFO] Downloaded from central: https://repo.maven.apache.org/maven2/com/squareup/okhttp/okhttp/2.7.5/okhttp-2.7.5.jar (331 kB at 2.5 MB/s)
[INFO] Downloading from central: https://repo.maven.apache.org/maven2/org/apache/hadoop/hadoop-yarn-client/3.1.1/hadoop-yarn-client-3.1.1.jar
[INFO] Downloaded from central: https://repo.maven.apache.org/maven2/com/squareup/okio/okio/1.6.0/okio-1.6.0.jar (66 kB at 496 kB/s)
[INFO] Downloading from central: https://repo.maven.apache.org/maven2/org/apache/hadoop/hadoop-mapreduce-client-core/3.1.1/hadoop-mapreduce-client-core-3.1.1.jar
[INFO] Downloaded from central: https://repo.maven.apache.org/maven2/org/apache/hadoop/hadoop-yarn-client/3.1.1/hadoop-yarn-client-3.1.1.jar (301 kB at 1.8 MB/s)
[INFO] Downloading from central: https://repo.maven.apache.org/maven2/org/apache/hadoop/hadoop-yarn-common/3.1.1/hadoop-yarn-common-3.1.1.jar
[INFO] Downloaded from central: https://repo.maven.apache.org/maven2/org/apache/hadoop/hadoop-mapreduce-client-core/3.1.1/hadoop-mapreduce-client-core-3.1.1.jar (1.7 MB at 6.7 MB/s)
[INFO] Downloading from central: https://repo.maven.apache.org/maven2/com/fasterxml/jackson/module/jackson-module-jaxb-annotations/2.7.8/jackson-module-jaxb-annotations-2.7.8.jar
[INFO] Downloaded from central: https://repo.maven.apache.org/maven2/com/fasterxml/jackson/module/jackson-module-jaxb-annotations/2.7.8/jackson-module-jaxb-annotations-2.7.8.jar (35 kB at 127 kB/s)
[INFO] Downloading from central: https://repo.maven.apache.org/maven2/com/fasterxml/jackson/jaxrs/jackson-jaxrs-json-provider/2.7.8/jackson-jaxrs-json-provider-2.7.8.jar
[INFO] Downloaded from central: https://repo.maven.apache.org/maven2/org/apache/hadoop/hadoop-yarn-api/3.1.1/hadoop-yarn-api-3.1.1.jar (3.1 MB at 11 MB/s)
[INFO] Downloading from central: https://repo.maven.apache.org/maven2/com/fasterxml/jackson/jaxrs/jackson-jaxrs-base/2.7.8/jackson-jaxrs-base-2.7.8.jar
[INFO] Downloaded from central: https://repo.maven.apache.org/maven2/com/fasterxml/jackson/jaxrs/jackson-jaxrs-json-provider/2.7.8/jackson-jaxrs-json-provider-2.7.8.jar (17 kB at 57 kB/s)
[INFO] Downloading from central: https://repo.maven.apache.org/maven2/org/apache/hadoop/hadoop-mapreduce-client-jobclient/3.1.1/hadoop-mapreduce-client-jobclient-3.1.1.jar
[INFO] Downloaded from central: https://repo.maven.apache.org/maven2/com/fasterxml/jackson/jaxrs/jackson-jaxrs-base/2.7.8/jackson-jaxrs-base-2.7.8.jar (30 kB at 98 kB/s)
[INFO] Downloading from central: https://repo.maven.apache.org/maven2/org/apache/hadoop/hadoop-mapreduce-client-common/3.1.1/hadoop-mapreduce-client-common-3.1.1.jar
[INFO] Downloaded from central: https://repo.maven.apache.org/maven2/org/apache/hadoop/hadoop-mapreduce-client-jobclient/3.1.1/hadoop-mapreduce-client-jobclient-3.1.1.jar (85 kB at 265 kB/s)
[INFO] Downloading from central: https://repo.maven.apache.org/maven2/org/apache/hadoop/hadoop-hdfs/3.1.1/hadoop-hdfs-3.1.1.jar
[INFO] Downloaded from central: https://repo.maven.apache.org/maven2/org/apache/hadoop/hadoop-mapreduce-client-common/3.1.1/hadoop-mapreduce-client-common-3.1.1.jar (804 kB at 2.1 MB/s)
[INFO] Downloading from central: https://repo.maven.apache.org/maven2/org/apache/hadoop/hadoop-common/3.1.1/hadoop-common-3.1.1-tests.jar
[INFO] Downloaded from central: https://repo.maven.apache.org/maven2/org/apache/hadoop/hadoop-hdfs-client/3.1.1/hadoop-hdfs-client-3.1.1.jar (5.0 MB at 13 MB/s)
[INFO] Downloaded from central: https://repo.maven.apache.org/maven2/org/apache/hadoop/hadoop-hdfs/3.1.1/hadoop-hdfs-3.1.1-tests.jar (5.5 MB at 13 MB/s)
[INFO] Downloaded from central: https://repo.maven.apache.org/maven2/org/apache/hadoop/hadoop-common/3.1.1/hadoop-common-3.1.1-tests.jar (2.8 MB at 5.1 MB/s)
[INFO] Downloaded from central: https://repo.maven.apache.org/maven2/org/apache/hadoop/hadoop-hdfs/3.1.1/hadoop-hdfs-3.1.1.jar (5.7 MB at 9.2 MB/s)
[INFO] Downloaded from central: https://repo.maven.apache.org/maven2/org/apache/hadoop/hadoop-yarn-common/3.1.1/hadoop-yarn-common-3.1.1.jar (2.8 MB at 3.8 MB/s)
[INFO] 
[INFO] --- protobuf-maven-plugin:0.5.1:compile (compile-protobuf) @ ratis-logservice ---
[INFO] Compiling 2 proto file(s) to /workdir/ratis-logservice/target/generated-sources
[INFO] 
[INFO] --- replacer:1.5.3:replace (default) @ ratis-logservice ---
[INFO] Replacement run on 2 files.
[INFO] 
[INFO] --- maven-remote-resources-plugin:1.5:process (process-resource-bundles) @ ratis-logservice ---
[INFO] 
[INFO] --- maven-resources-plugin:2.6:resources (default-resources) @ ratis-logservice ---
[INFO] Using 'UTF-8' encoding to copy filtered resources.
[INFO] Copying 1 resource
[INFO] Copying 2 resources
[INFO] Copying 3 resources
[INFO] 
[INFO] --- maven-compiler-plugin:3.7.0:compile (default-compile) @ ratis-logservice ---
[INFO] Compiling 52 source files to /workdir/ratis-logservice/target/classes
[INFO] 
[INFO] --- maven-resources-plugin:2.6:testResources (default-testResources) @ ratis-logservice ---
[INFO] Using 'UTF-8' encoding to copy filtered resources.
[INFO] Copying 3 resources
[INFO] Copying 3 resources
[INFO] 
[INFO] --- maven-compiler-plugin:3.7.0:testCompile (default-testCompile) @ ratis-logservice ---
[INFO] Compiling 10 source files to /workdir/ratis-logservice/target/test-classes
[INFO] 
[INFO] --- maven-surefire-plugin:3.0.0-M1:test (default-test) @ ratis-logservice ---
[INFO] 
[INFO] -------------------------------------------------------
[INFO]  T E S T S
[INFO] -------------------------------------------------------
[INFO] Running org.apache.ratis.logservice.impl.TestArchiveHdfsLogReaderAndWriter
[INFO] Tests run: 3, Failures: 0, Errors: 0, Skipped: 0, Time elapsed: 26.873 s - in org.apache.ratis.logservice.impl.TestArchiveHdfsLogReaderAndWriter
[INFO] Running org.apache.ratis.logservice.TestLogServiceWithGrpc
[INFO] Tests run: 4, Failures: 0, Errors: 0, Skipped: 0, Time elapsed: 83.107 s - in org.apache.ratis.logservice.TestLogServiceWithGrpc
[INFO] Running org.apache.ratis.logservice.TestLogServiceWithNetty
[ERROR] Tests run: 4, Failures: 1, Errors: 2, Skipped: 0, Time elapsed: 76.557 s <<< FAILURE! - in org.apache.ratis.logservice.TestLogServiceWithNetty
[ERROR] testSeekFromWrite(org.apache.ratis.logservice.TestLogServiceWithNetty)  Time elapsed: 10.566 s  <<< ERROR!
java.lang.NullPointerException

[ERROR] testSeeking(org.apache.ratis.logservice.TestLogServiceWithNetty)  Time elapsed: 4.881 s  <<< ERROR!
java.lang.NullPointerException

[ERROR] testLogServiceReadWrite(org.apache.ratis.logservice.TestLogServiceWithNetty)  Time elapsed: 0.75 s  <<< FAILURE!
java.lang.AssertionError: expected:<10> but was:<0>

[INFO] Running org.apache.ratis.logservice.util.TestLogServiceProtoUtil
[WARNING] Tests run: 14, Failures: 0, Errors: 0, Skipped: 1, Time elapsed: 0.203 s - in org.apache.ratis.logservice.util.TestLogServiceProtoUtil
[INFO] Running org.apache.ratis.logservice.server.TestMetaServer
[INFO] Running org.apache.ratis.logservice.server.TestBaseServer
[INFO] Tests run: 2, Failures: 0, Errors: 0, Skipped: 0, Time elapsed: 0.171 s - in org.apache.ratis.logservice.server.TestBaseServer
[INFO] Running org.apache.ratis.logservice.tool.TestVerificationTool
[INFO] Tests run: 1, Failures: 0, Errors: 0, Skipped: 0, Time elapsed: 0.069 s - in org.apache.ratis.logservice.tool.TestVerificationTool
[INFO] 
[INFO] Results:
[INFO] 
[ERROR] Failures: 
[ERROR]   TestLogServiceWithNetty>LogServiceReadWriteBase.testLogServiceReadWrite:159 expected:<10> but was:<0>
[ERROR] Errors: 
[ERROR]   TestLogServiceWithNetty>LogServiceReadWriteBase.testSeekFromWrite:289->LogServiceReadWriteBase.fromBytes:306  NullPointer
[ERROR]   TestLogServiceWithNetty>LogServiceReadWriteBase.testSeeking:239->LogServiceReadWriteBase.fromBytes:306  NullPointer
[INFO] 
[ERROR] Tests run: 28, Failures: 1, Errors: 2, Skipped: 1
[INFO] 
[INFO] 
[INFO] ------------------< org.apache.ratis:ratis-assembly >-------------------
[INFO] Building Apache Ratis Project Assembly 0.5.0-SNAPSHOT            [15/15]
[INFO] --------------------------------[ pom ]---------------------------------
[INFO] Downloading from apache.snapshots: http://repository.apache.org/snapshots/org/apache/maven/plugins/maven-dependency-plugin/2.10/maven-dependency-plugin-2.10.pom
[INFO] Downloading from central: https://repo.maven.apache.org/maven2/org/apache/maven/plugins/maven-dependency-plugin/2.10/maven-dependency-plugin-2.10.pom
[INFO] Downloaded from central: https://repo.maven.apache.org/maven2/org/apache/maven/plugins/maven-dependency-plugin/2.10/maven-dependency-plugin-2.10.pom (12 kB at 162 kB/s)
[INFO] Downloading from apache.snapshots: http://repository.apache.org/snapshots/org/apache/maven/plugins/maven-plugins/27/maven-plugins-27.pom
[INFO] Downloading from central: https://repo.maven.apache.org/maven2/org/apache/maven/plugins/maven-plugins/27/maven-plugins-27.pom
[INFO] Downloaded from central: https://repo.maven.apache.org/maven2/org/apache/maven/plugins/maven-plugins/27/maven-plugins-27.pom (11 kB at 631 kB/s)
[INFO] Downloading from apache.snapshots: http://repository.apache.org/snapshots/org/apache/maven/plugins/maven-dependency-plugin/2.10/maven-dependency-plugin-2.10.jar
[INFO] Downloading from central: https://repo.maven.apache.org/maven2/org/apache/maven/plugins/maven-dependency-plugin/2.10/maven-dependency-plugin-2.10.jar
[INFO] Downloaded from central: https://repo.maven.apache.org/maven2/org/apache/maven/plugins/maven-dependency-plugin/2.10/maven-dependency-plugin-2.10.jar (160 kB at 4.4 MB/s)
[INFO] 
[INFO] --- maven-remote-resources-plugin:1.5:process (process-resource-bundles) @ ratis-assembly ---
[INFO] 
[INFO] --- maven-remote-resources-plugin:1.5:process (process-remote-resources) @ ratis-assembly ---
[INFO] 
[INFO] --- maven-dependency-plugin:2.10:build-classpath (create-ratis-generated-classpath) @ ratis-assembly ---
[INFO] Downloading from apache.snapshots: http://repository.apache.org/snapshots/org/apache/maven/reporting/maven-reporting-impl/2.2/maven-reporting-impl-2.2.pom
[INFO] Downloading from central: https://repo.maven.apache.org/maven2/org/apache/maven/reporting/maven-reporting-impl/2.2/maven-reporting-impl-2.2.pom
[INFO] Downloaded from central: https://repo.maven.apache.org/maven2/org/apache/maven/reporting/maven-reporting-impl/2.2/maven-reporting-impl-2.2.pom (4.7 kB at 237 kB/s)
[INFO] Downloading from apache.snapshots: http://repository.apache.org/snapshots/org/codehaus/plexus/plexus-archiver/2.9/plexus-archiver-2.9.pom
[INFO] Downloading from central: https://repo.maven.apache.org/maven2/org/codehaus/plexus/plexus-archiver/2.9/plexus-archiver-2.9.pom
[INFO] Downloaded from central: https://repo.maven.apache.org/maven2/org/codehaus/plexus/plexus-archiver/2.9/plexus-archiver-2.9.pom (4.4 kB at 230 kB/s)
[INFO] Downloading from apache.snapshots: http://repository.apache.org/snapshots/org/apache/commons/commons-compress/1.9/commons-compress-1.9.pom
[INFO] Downloading from central: https://repo.maven.apache.org/maven2/org/apache/commons/commons-compress/1.9/commons-compress-1.9.pom
[INFO] Downloaded from central: https://repo.maven.apache.org/maven2/org/apache/commons/commons-compress/1.9/commons-compress-1.9.pom (11 kB at 346 kB/s)
[INFO] Downloading from apache.snapshots: http://repository.apache.org/snapshots/org/apache/maven/maven-artifact-manager/2.0.2/maven-artifact-manager-2.0.2.pom
[INFO] Downloading from central: https://repo.maven.apache.org/maven2/org/apache/maven/maven-artifact-manager/2.0.2/maven-artifact-manager-2.0.2.pom
[INFO] Downloaded from central: https://repo.maven.apache.org/maven2/org/apache/maven/maven-artifact-manager/2.0.2/maven-artifact-manager-2.0.2.pom (1.4 kB at 73 kB/s)
[INFO] Downloading from apache.snapshots: http://repository.apache.org/snapshots/org/apache/maven/maven-repository-metadata/2.0.2/maven-repository-metadata-2.0.2.pom
[INFO] Downloading from central: https://repo.maven.apache.org/maven2/org/apache/maven/maven-repository-metadata/2.0.2/maven-repository-metadata-2.0.2.pom
[INFO] Downloaded from central: https://repo.maven.apache.org/maven2/org/apache/maven/maven-repository-metadata/2.0.2/maven-repository-metadata-2.0.2.pom (1.3 kB at 73 kB/s)
[INFO] Downloading from apache.snapshots: http://repository.apache.org/snapshots/org/apache/maven/shared/maven-dependency-analyzer/1.6/maven-dependency-analyzer-1.6.pom
[INFO] Downloading from central: https://repo.maven.apache.org/maven2/org/apache/maven/shared/maven-dependency-analyzer/1.6/maven-dependency-analyzer-1.6.pom
[INFO] Downloaded from central: https://repo.maven.apache.org/maven2/org/apache/maven/shared/maven-dependency-analyzer/1.6/maven-dependency-analyzer-1.6.pom (5.4 kB at 248 kB/s)
[INFO] Downloading from apache.snapshots: http://repository.apache.org/snapshots/org/apache/maven/maven-project/2.0.5/maven-project-2.0.5.pom
[INFO] Downloading from central: https://repo.maven.apache.org/maven2/org/apache/maven/maven-project/2.0.5/maven-project-2.0.5.pom
[INFO] Downloaded from central: https://repo.maven.apache.org/maven2/org/apache/maven/maven-project/2.0.5/maven-project-2.0.5.pom (1.8 kB at 102 kB/s)
[INFO] Downloading from apache.snapshots: http://repository.apache.org/snapshots/org/apache/maven/maven-settings/2.0.5/maven-settings-2.0.5.pom
[INFO] Downloading from central: https://repo.maven.apache.org/maven2/org/apache/maven/maven-settings/2.0.5/maven-settings-2.0.5.pom
[INFO] Downloaded from central: https://repo.maven.apache.org/maven2/org/apache/maven/maven-settings/2.0.5/maven-settings-2.0.5.pom (1.7 kB at 84 kB/s)
[INFO] Downloading from apache.snapshots: http://repository.apache.org/snapshots/org/apache/maven/maven-profile/2.0.5/maven-profile-2.0.5.pom
[INFO] Downloading from central: https://repo.maven.apache.org/maven2/org/apache/maven/maven-profile/2.0.5/maven-profile-2.0.5.pom
[INFO] Downloaded from central: https://repo.maven.apache.org/maven2/org/apache/maven/maven-profile/2.0.5/maven-profile-2.0.5.pom (1.7 kB at 92 kB/s)
[INFO] Downloading from apache.snapshots: http://repository.apache.org/snapshots/org/apache/maven/maven-artifact-manager/2.0.5/maven-artifact-manager-2.0.5.pom
[INFO] Downloading from central: https://repo.maven.apache.org/maven2/org/apache/maven/maven-artifact-manager/2.0.5/maven-artifact-manager-2.0.5.pom
[INFO] Downloaded from central: https://repo.maven.apache.org/maven2/org/apache/maven/maven-artifact-manager/2.0.5/maven-artifact-manager-2.0.5.pom (1.8 kB at 102 kB/s)
[INFO] Downloading from apache.snapshots: http://repository.apache.org/snapshots/org/apache/maven/maven-repository-metadata/2.0.5/maven-repository-metadata-2.0.5.pom
[INFO] Downloading from central: https://repo.maven.apache.org/maven2/org/apache/maven/maven-repository-metadata/2.0.5/maven-repository-metadata-2.0.5.pom
[INFO] Downloaded from central: https://repo.maven.apache.org/maven2/org/apache/maven/maven-repository-metadata/2.0.5/maven-repository-metadata-2.0.5.pom (1.5 kB at 83 kB/s)
[INFO] Downloading from apache.snapshots: http://repository.apache.org/snapshots/org/apache/maven/shared/maven-invoker/2.1.1/maven-invoker-2.1.1.pom
[INFO] Downloading from central: https://repo.maven.apache.org/maven2/org/apache/maven/shared/maven-invoker/2.1.1/maven-invoker-2.1.1.pom
[INFO] Downloaded from central: https://repo.maven.apache.org/maven2/org/apache/maven/shared/maven-invoker/2.1.1/maven-invoker-2.1.1.pom (5.6 kB at 278 kB/s)
[INFO] Downloading from apache.snapshots: http://repository.apache.org/snapshots/org/codehaus/plexus/plexus-archiver/2.9/plexus-archiver-2.9.jar
[INFO] Downloading from apache.snapshots: http://repository.apache.org/snapshots/org/apache/maven/shared/maven-invoker/2.1.1/maven-invoker-2.1.1.jar
[INFO] Downloading from apache.snapshots: http://repository.apache.org/snapshots/org/apache/maven/shared/maven-dependency-analyzer/1.6/maven-dependency-analyzer-1.6.jar
[INFO] Downloading from apache.snapshots: http://repository.apache.org/snapshots/org/apache/commons/commons-compress/1.9/commons-compress-1.9.jar
[INFO] Downloading from apache.snapshots: http://repository.apache.org/snapshots/org/apache/maven/reporting/maven-reporting-impl/2.2/maven-reporting-impl-2.2.jar
[INFO] Downloading from central: https://repo.maven.apache.org/maven2/org/apache/maven/reporting/maven-reporting-impl/2.2/maven-reporting-impl-2.2.jar
[INFO] Downloading from central: https://repo.maven.apache.org/maven2/org/apache/maven/shared/maven-invoker/2.1.1/maven-invoker-2.1.1.jar
[INFO] Downloading from central: https://repo.maven.apache.org/maven2/org/apache/maven/shared/maven-dependency-analyzer/1.6/maven-dependency-analyzer-1.6.jar
[INFO] Downloading from central: https://repo.maven.apache.org/maven2/org/apache/commons/commons-compress/1.9/commons-compress-1.9.jar
[INFO] Downloading from central: https://repo.maven.apache.org/maven2/org/codehaus/plexus/plexus-archiver/2.9/plexus-archiver-2.9.jar
[INFO] Downloaded from central: https://repo.maven.apache.org/maven2/org/apache/maven/reporting/maven-reporting-impl/2.2/maven-reporting-impl-2.2.jar (17 kB at 733 kB/s)
[INFO] Downloaded from central: https://repo.maven.apache.org/maven2/org/apache/maven/shared/maven-invoker/2.1.1/maven-invoker-2.1.1.jar (30 kB at 619 kB/s)
[INFO] Downloaded from central: https://repo.maven.apache.org/maven2/org/apache/maven/shared/maven-dependency-analyzer/1.6/maven-dependency-analyzer-1.6.jar (32 kB at 618 kB/s)
[INFO] Downloaded from central: https://repo.maven.apache.org/maven2/org/codehaus/plexus/plexus-archiver/2.9/plexus-archiver-2.9.jar (145 kB at 1.9 MB/s)
[INFO] Downloaded from central: https://repo.maven.apache.org/maven2/org/apache/commons/commons-compress/1.9/commons-compress-1.9.jar (378 kB at 4.2 MB/s)
[INFO] Wrote classpath file '/workdir/target/cached_classpath.txt'.
[INFO] ------------------------------------------------------------------------
[INFO] Reactor Summary:
[INFO] 
[INFO] Apache Ratis 0.5.0-SNAPSHOT ........................ SUCCESS [  4.796 s]
[INFO] Apache Ratis Protocols ............................. SUCCESS [ 30.978 s]
[INFO] Apache Ratis Common ................................ SUCCESS [  3.498 s]
[INFO] Apache Ratis Client ................................ SUCCESS [  1.391 s]
[INFO] Apache Ratis Metrics ............................... SUCCESS [ 11.696 s]
[INFO] Apache Ratis Server ................................ SUCCESS [  7.251 s]
[INFO] Apache Ratis - Resource Bundle ..................... SUCCESS [  0.090 s]
[INFO] Apache Ratis gRPC Support .......................... SUCCESS [  5.842 s]
[INFO] Apache Ratis Netty Support ......................... SUCCESS [  2.217 s]
[INFO] Apache Ratis Hadoop Support ........................ SUCCESS [  4.927 s]
[INFO] Apache Ratis Test .................................. FAILURE [  01:23 h]
[INFO] Apache Ratis Examples .............................. FAILURE [08:49 min]
[INFO] Apache Ratis Replicated Map ........................ SUCCESS [  0.854 s]
[INFO] Apache Ratis LogService ............................ FAILURE [13:24 min]
[INFO] Apache Ratis Project Assembly 0.5.0-SNAPSHOT ....... SUCCESS [  6.730 s]
[INFO] ------------------------------------------------------------------------
[INFO] BUILD FAILURE
[INFO] ------------------------------------------------------------------------
[INFO] Total time: 01:47 h
[INFO] Finished at: 2019-09-24T17:49:16Z
[INFO] ------------------------------------------------------------------------
[ERROR] Failed to execute goal org.apache.maven.plugins:maven-surefire-plugin:3.0.0-M1:test (default-test) on project ratis-test: There was a timeout or other error in the fork -> [Help 1]
[ERROR] Failed to execute goal org.apache.maven.plugins:maven-surefire-plugin:3.0.0-M1:test (default-test) on project ratis-examples: There are test failures.
[ERROR] 
[ERROR] Please refer to /workdir/ratis-examples/target/surefire-reports for the individual test results.
[ERROR] Please refer to dump files (if any exist) [date].dump, [date]-jvmRun[N].dump and [date].dumpstream.
[ERROR] -> [Help 1]
[ERROR] Failed to execute goal org.apache.maven.plugins:maven-surefire-plugin:3.0.0-M1:test (default-test) on project ratis-logservice: There was a timeout or other error in the fork -> [Help 1]
[ERROR] 
[ERROR] To see the full stack trace of the errors, re-run Maven with the -e switch.
[ERROR] Re-run Maven using the -X switch to enable full debug logging.
[ERROR] 
[ERROR] For more information about the errors and possible solutions, please read the following articles:
[ERROR] [Help 1] http://cwiki.apache.org/confluence/display/MAVEN/MojoFailureException
[ERROR] 
[ERROR] After correcting the problems, you can resume the build with the command
[ERROR]   mvn <goals> -rf :ratis-test
[INFO] Build failures were ignored.
org.apache.ratis.logservice.TestLogServiceWithNetty
org.apache.ratis.grpc.TestRaftOutputStreamWithGrpc
org.apache.ratis.netty.TestRaftStateMachineExceptionWithNetty
org.apache.ratis.server.simulation.TestLeaderElectionWithSimulatedRpc
org.apache.ratis.grpc.TestRaftWithGrpc
org.apache.ratis.netty.TestRaftWithNetty
org.apache.ratis.server.simulation.TestRetryCacheWithSimulatedRpc
org.apache.ratis.grpc.TestRequestLimitAsyncWithGrpc
org.apache.ratis.grpc.TestLeaderElectionWithGrpc
org.apache.ratis.grpc.TestRaftAsyncWithGrpc
org.apache.ratis.grpc.TestLogAppenderWithGrpc
org.apache.ratis.server.simulation.TestLogAppenderWithSimulatedRpc
org.apache.ratis.server.simulation.TestRaftReconfigurationWithSimulatedRpc
org.apache.ratis.netty.TestGroupManagementWithNetty
org.apache.ratis.netty.TestLogAppenderWithNetty
org.apache.ratis.server.simulation.TestRaftStateMachineExceptionWithSimulatedRpc
org.apache.ratis.netty.TestRaftSnapshotWithNetty
org.apache.ratis.netty.TestRaftReconfigurationWithNetty
org.apache.ratis.server.simulation.TestGroupInfoWithSimulatedRpc
org.apache.ratis.server.simulation.TestRaftSnapshotWithSimulatedRpc
org.apache.ratis.grpc.TestGroupManagementWithGrpc
org.apache.ratis.grpc.TestRaftReconfigurationWithGrpc
org.apache.ratis.grpc.TestRaftSnapshotWithGrpc
org.apache.ratis.netty.TestLeaderElectionWithNetty
org.apache.ratis.netty.TestRetryCacheWithNettyRpc
org.apache.ratis.server.raftlog.TestRaftLogMetrics
org.apache.ratis.grpc.TestWatchRequestWithGrpc
org.apache.ratis.server.simulation.TestRaftWithSimulatedRpc
org.apache.ratis.grpc.TestRaftStateMachineExceptionWithGrpc
org.apache.ratis.server.simulation.TestGroupManagementWithSimulatedRpc
org.apache.ratis.grpc.TestInstallSnapshotNotificationWithGrpc
org.apache.ratis.examples.filestore.TestFileStoreWithGrpc
org.apache.ratis.TestMultiRaftGroup
org.apache.ratis.examples.filestore.TestFileStoreAsyncWithGrpc
org.apache.ratis.examples.filestore.TestFileStoreWithNetty
realpath: --relative-to=/workdir: No such file or directory
realpath: --relative-to=/workdir: No such file or directory
realpath: --relative-to=/workdir: No such file or directory
realpath: --relative-to=/workdir: No such file or directory
realpath: --relative-to=/workdir: No such file or directory
realpath: --relative-to=/workdir: No such file or directory
realpath: --relative-to=/workdir: No such file or directory
realpath: --relative-to=/workdir: No such file or directory
realpath: --relative-to=/workdir: No such file or directory
realpath: --relative-to=/workdir: No such file or directory
realpath: --relative-to=/workdir: No such file or directory
realpath: --relative-to=/workdir: No such file or directory
realpath: --relative-to=/workdir: No such file or directory
realpath: --relative-to=/workdir: No such file or directory
realpath: --relative-to=/workdir: No such file or directory
realpath: --relative-to=/workdir: No such file or directory
realpath: --relative-to=/workdir: No such file or directory
realpath: --relative-to=/workdir: No such file or directory
realpath: --relative-to=/workdir: No such file or directory
realpath: --relative-to=/workdir: No such file or directory
realpath: --relative-to=/workdir: No such file or directory
realpath: --relative-to=/workdir: No such file or directory
realpath: --relative-to=/workdir: No such file or directory
realpath: --relative-to=/workdir: No such file or directory
realpath: --relative-to=/workdir: No such file or directory
realpath: --relative-to=/workdir: No such file or directory
realpath: --relative-to=/workdir: No such file or directory
realpath: --relative-to=/workdir: No such file or directory
realpath: --relative-to=/workdir: No such file or directory
realpath: --relative-to=/workdir: No such file or directory
realpath: --relative-to=/workdir: No such file or directory
realpath: --relative-to=/workdir: No such file or directory
realpath: --relative-to=/workdir: No such file or directory
realpath: --relative-to=/workdir: No such file or directory
realpath: --relative-to=/workdir: No such file or directory
realpath: --relative-to=/tmp/log/ratis/ratis-test-vphbd/unit: No such file or directory
realpath: --relative-to=/tmp/log/ratis/ratis-test-vphbd/unit: No such file or directory
realpath: --relative-to=/tmp/log/ratis/ratis-test-vphbd/unit: No such file or directory
realpath: --relative-to=/tmp/log/ratis/ratis-test-vphbd/unit: No such file or directory
realpath: --relative-to=/tmp/log/ratis/ratis-test-vphbd/unit: No such file or directory
realpath: --relative-to=/tmp/log/ratis/ratis-test-vphbd/unit: No such file or directory
realpath: --relative-to=/tmp/log/ratis/ratis-test-vphbd/unit: No such file or directory
realpath: --relative-to=/tmp/log/ratis/ratis-test-vphbd/unit: No such file or directory
realpath: --relative-to=/tmp/log/ratis/ratis-test-vphbd/unit: No such file or directory
realpath: --relative-to=/tmp/log/ratis/ratis-test-vphbd/unit: No such file or directory
realpath: --relative-to=/tmp/log/ratis/ratis-test-vphbd/unit: No such file or directory
realpath: --relative-to=/tmp/log/ratis/ratis-test-vphbd/unit: No such file or directory
realpath: --relative-to=/tmp/log/ratis/ratis-test-vphbd/unit: No such file or directory
realpath: --relative-to=/tmp/log/ratis/ratis-test-vphbd/unit: No such file or directory
realpath: --relative-to=/tmp/log/ratis/ratis-test-vphbd/unit: No such file or directory
realpath: --relative-to=/tmp/log/ratis/ratis-test-vphbd/unit: No such file or directory
realpath: --relative-to=/tmp/log/ratis/ratis-test-vphbd/unit: No such file or directory
realpath: --relative-to=/tmp/log/ratis/ratis-test-vphbd/unit: No such file or directory
realpath: --relative-to=/tmp/log/ratis/ratis-test-vphbd/unit: No such file or directory
realpath: --relative-to=/tmp/log/ratis/ratis-test-vphbd/unit: No such file or directory
realpath: --relative-to=/tmp/log/ratis/ratis-test-vphbd/unit: No such file or directory
realpath: --relative-to=/tmp/log/ratis/ratis-test-vphbd/unit: No such file or directory
realpath: --relative-to=/tmp/log/ratis/ratis-test-vphbd/unit: No such file or directory
realpath: --relative-to=/tmp/log/ratis/ratis-test-vphbd/unit: No such file or directory
realpath: --relative-to=/tmp/log/ratis/ratis-test-vphbd/unit: No such file or directory
realpath: --relative-to=/tmp/log/ratis/ratis-test-vphbd/unit: No such file or directory
realpath: --relative-to=/tmp/log/ratis/ratis-test-vphbd/unit: No such file or directory
realpath: --relative-to=/tmp/log/ratis/ratis-test-vphbd/unit: No such file or directory
realpath: --relative-to=/tmp/log/ratis/ratis-test-vphbd/unit: No such file or directory
realpath: --relative-to=/tmp/log/ratis/ratis-test-vphbd/unit: No such file or directory
realpath: --relative-to=/tmp/log/ratis/ratis-test-vphbd/unit: No such file or directory
realpath: --relative-to=/tmp/log/ratis/ratis-test-vphbd/unit: No such file or directory
realpath: --relative-to=/tmp/log/ratis/ratis-test-vphbd/unit: No such file or directory
realpath: --relative-to=/tmp/log/ratis/ratis-test-vphbd/unit: No such file or directory
realpath: --relative-to=/tmp/log/ratis/ratis-test-vphbd/unit: No such file or directory
