rm: cannot remove '/workdir/hadoop-ozone/dist/target/ozone-0.5.0-SNAPSHOT/compose/result/*': No such file or directory
Executing test in /workdir/hadoop-ozone/dist/target/ozone-0.5.0-SNAPSHOT/compose/ozones3-haproxy
Removing network ozones3-haproxy_default
Network ozones3-haproxy_default not found.
Creating network "ozones3-haproxy_default" with the default driver
Pulling scm (apache/ozone-runner:20190717-1)...
20190717-1: Pulling from apache/ozone-runner
Digest: sha256:00bb9519e6d236c50761dcc9c668ce7f04a74f160b916bf3baeaa26232389a69
Status: Downloaded newer image for apache/ozone-runner:20190717-1
Pulling s3g (haproxy:latest)...
latest: Pulling from library/haproxy
Digest: sha256:d37aac95f77b680b7a3aad0da89db97ebf1283accae1ea6390487e02d9611979
Status: Downloaded newer image for haproxy:latest
Creating ozones3-haproxy_om_1 ... 
Creating ozones3-haproxy_s3g3_1 ... 
Creating ozones3-haproxy_s3g1_1 ... 
Creating ozones3-haproxy_s3g_1  ... 
Creating ozones3-haproxy_datanode_1 ... 
Creating ozones3-haproxy_datanode_2 ... 
Creating ozones3-haproxy_s3g2_1     ... 
Creating ozones3-haproxy_datanode_3 ... 
Creating ozones3-haproxy_scm_1      ... 
[6A[2KCreating ozones3-haproxy_s3g_1      ... [32mdone[0m[6B[7A[2KCreating ozones3-haproxy_s3g1_1     ... [32mdone[0m[7B[9A[2KCreating ozones3-haproxy_om_1       ... [32mdone[0m[9B[8A[2KCreating ozones3-haproxy_s3g3_1     ... [32mdone[0m[8B[2A[2KCreating ozones3-haproxy_s3g2_1     ... [32mdone[0m[2B[1A[2KCreating ozones3-haproxy_scm_1      ... [32mdone[0m[1B[4A[2KCreating ozones3-haproxy_datanode_2 ... [32mdone[0m[4B[3A[2KCreating ozones3-haproxy_datanode_3 ... [32mdone[0m[3B[5A[2KCreating ozones3-haproxy_datanode_1 ... [32mdone[0m[5B3 datanodes are up and registered to the scm
==============================================================================
ozones3-haproxy-basic :: Smoketest ozone cluster startup                      
==============================================================================
Check webui static resources                                          | PASS |
------------------------------------------------------------------------------
Start freon testing                                                   | PASS |
------------------------------------------------------------------------------
ozones3-haproxy-basic :: Smoketest ozone cluster startup              | PASS |
2 critical tests, 2 passed, 0 failed
2 tests total, 2 passed, 0 failed
==============================================================================
Output:  /tmp/smoketest/ozones3-haproxy/result/robot-ozones3-haproxy-ozones3-haproxy-basic-scm.xml
Connection pool is full, discarding connection: 0.0.0.0
Connection pool is full, discarding connection: 0.0.0.0
Stopping ozones3-haproxy_datanode_1 ... 
Stopping ozones3-haproxy_datanode_2 ... 
Stopping ozones3-haproxy_datanode_3 ... 
Stopping ozones3-haproxy_scm_1      ... 
Stopping ozones3-haproxy_s3g2_1     ... 
Stopping ozones3-haproxy_s3g3_1     ... 
Stopping ozones3-haproxy_om_1       ... 
Stopping ozones3-haproxy_s3g1_1     ... 
[8A[2KStopping ozones3-haproxy_datanode_1 ... [32mdone[0m[8B[5A[2KStopping ozones3-haproxy_scm_1      ... [32mdone[0m[5B[6A[2KStopping ozones3-haproxy_datanode_3 ... [32mdone[0m[6B[1A[2KStopping ozones3-haproxy_s3g1_1     ... [32mdone[0m[1B[7A[2KStopping ozones3-haproxy_datanode_2 ... [32mdone[0m[7B[4A[2KStopping ozones3-haproxy_s3g2_1     ... [32mdone[0m[4B[2A[2KStopping ozones3-haproxy_om_1       ... [32mdone[0m[2B[3A[2KStopping ozones3-haproxy_s3g3_1     ... [32mdone[0m[3BRemoving ozones3-haproxy_datanode_1 ... 
Removing ozones3-haproxy_datanode_2 ... 
Removing ozones3-haproxy_datanode_3 ... 
Removing ozones3-haproxy_scm_1      ... 
Removing ozones3-haproxy_s3g2_1     ... 
Removing ozones3-haproxy_s3g3_1     ... 
Removing ozones3-haproxy_om_1       ... 
Removing ozones3-haproxy_s3g1_1     ... 
Removing ozones3-haproxy_s3g_1      ... 
[6A[2KRemoving ozones3-haproxy_scm_1      ... [32mdone[0m[6B[1A[2KRemoving ozones3-haproxy_s3g_1      ... [32mdone[0m[1B[5A[2KRemoving ozones3-haproxy_s3g2_1     ... [32mdone[0m[5B[4A[2KRemoving ozones3-haproxy_s3g3_1     ... [32mdone[0m[4B[9A[2KRemoving ozones3-haproxy_datanode_1 ... [32mdone[0m[9B[7A[2KRemoving ozones3-haproxy_datanode_3 ... [32mdone[0m[7B[3A[2KRemoving ozones3-haproxy_om_1       ... [32mdone[0m[3B[2A[2KRemoving ozones3-haproxy_s3g1_1     ... [32mdone[0m[2B[8A[2KRemoving ozones3-haproxy_datanode_2 ... [32mdone[0m[8BRemoving network ozones3-haproxy_default
Log:     /workdir/hadoop-ozone/dist/target/ozone-0.5.0-SNAPSHOT/compose/ozones3-haproxy/result/log.html
Report:  /workdir/hadoop-ozone/dist/target/ozone-0.5.0-SNAPSHOT/compose/ozones3-haproxy/result/report.html
Executing test in /workdir/hadoop-ozone/dist/target/ozone-0.5.0-SNAPSHOT/compose/ozoneperf
Removing network ozoneperf_default
Network ozoneperf_default not found.
Creating network "ozoneperf_default" with the default driver
Pulling jaeger (jaegertracing/all-in-one:latest)...
latest: Pulling from jaegertracing/all-in-one
Digest: sha256:32b582a7a6a462ea28b90ebd20f97cf314523d02e5c061b2e01917f221a6896d
Status: Downloaded newer image for jaegertracing/all-in-one:latest
Pulling grafana (grafana/grafana:)...
latest: Pulling from grafana/grafana
Digest: sha256:308be67d578c1603901fc12a544aa3968ee5cde572d478c84a96783cdeeef983
Status: Downloaded newer image for grafana/grafana:latest
Pulling prometheus (prom/prometheus:)...
latest: Pulling from prom/prometheus
Digest: sha256:cd93b8711bb92eb9c437d74217311519e0a93bc55779aa664325dc83cd13cb32
Status: Downloaded newer image for prom/prometheus:latest
Creating ozoneperf_prometheus_1 ... 
Creating ozoneperf_s3g_1        ... 
Creating ozoneperf_freon_1      ... 
Creating ozoneperf_grafana_1    ... 
Creating ozoneperf_om_1         ... 
Creating ozoneperf_jaeger_1     ... 
Creating ozoneperf_datanode_1   ... 
Creating ozoneperf_datanode_2   ... 
Creating ozoneperf_datanode_3   ... 
Creating ozoneperf_scm_1        ... 
[10A[2KCreating ozoneperf_prometheus_1 ... [32mdone[0m[10B[7A[2KCreating ozoneperf_grafana_1    ... [32mdone[0m[7B[1A[2KCreating ozoneperf_scm_1        ... [32mdone[0m[1B[2A[2KCreating ozoneperf_datanode_3   ... [32mdone[0m[2B[9A[2KCreating ozoneperf_s3g_1        ... [32mdone[0m[9B[6A[2KCreating ozoneperf_om_1         ... [32mdone[0m[6B[5A[2KCreating ozoneperf_jaeger_1     ... [32mdone[0m[5B[4A[2KCreating ozoneperf_datanode_1   ... [32mdone[0m[4B[3A[2KCreating ozoneperf_datanode_2   ... [32mdone[0m[3B[8A[2KCreating ozoneperf_freon_1      ... [32mdone[0m[8B0 datanode is up and healthy (until now)
3 datanodes are up and registered to the scm
==============================================================================
ozoneperf-basic :: Smoketest ozone cluster startup                            
==============================================================================
Check webui static resources                                          | PASS |
------------------------------------------------------------------------------
Start freon testing                                                   | PASS |
------------------------------------------------------------------------------
ozoneperf-basic :: Smoketest ozone cluster startup                    | PASS |
2 critical tests, 2 passed, 0 failed
2 tests total, 2 passed, 0 failed
==============================================================================
Output:  /tmp/smoketest/ozoneperf/result/robot-ozoneperf-ozoneperf-basic-scm.xml
Connection pool is full, discarding connection: 0.0.0.0
Connection pool is full, discarding connection: 0.0.0.0
Connection pool is full, discarding connection: 0.0.0.0
Stopping ozoneperf_datanode_2   ... 
Stopping ozoneperf_datanode_1   ... 
Stopping ozoneperf_freon_1      ... 
Stopping ozoneperf_om_1         ... 
Stopping ozoneperf_jaeger_1     ... 
Stopping ozoneperf_scm_1        ... 
Stopping ozoneperf_datanode_3   ... 
Stopping ozoneperf_s3g_1        ... 
Stopping ozoneperf_grafana_1    ... 
Stopping ozoneperf_prometheus_1 ... 
[3A[2KStopping ozoneperf_s3g_1        ... [32mdone[0m[3B[6A[2KStopping ozoneperf_jaeger_1     ... [32mdone[0m[6B[4A[2KStopping ozoneperf_datanode_3   ... [32mdone[0m[4B[1A[2KStopping ozoneperf_prometheus_1 ... [32mdone[0m[1B[10A[2KStopping ozoneperf_datanode_2   ... [32mdone[0m[10B[9A[2KStopping ozoneperf_datanode_1   ... [32mdone[0m[9B[5A[2KStopping ozoneperf_scm_1        ... [32mdone[0m[5B[7A[2KStopping ozoneperf_om_1         ... [32mdone[0m[7B[8A[2KStopping ozoneperf_freon_1      ... [32mdone[0m[8B[2A[2KStopping ozoneperf_grafana_1    ... [32mdone[0m[2BRemoving ozoneperf_datanode_2   ... 
Removing ozoneperf_datanode_1   ... 
Removing ozoneperf_freon_1      ... 
Removing ozoneperf_om_1         ... 
Removing ozoneperf_jaeger_1     ... 
Removing ozoneperf_scm_1        ... 
Removing ozoneperf_datanode_3   ... 
Removing ozoneperf_s3g_1        ... 
Removing ozoneperf_grafana_1    ... 
Removing ozoneperf_prometheus_1 ... 
[4A[2KRemoving ozoneperf_datanode_3   ... [32mdone[0m[4B[7A[2KRemoving ozoneperf_om_1         ... [32mdone[0m[7B[8A[2KRemoving ozoneperf_freon_1      ... [32mdone[0m[8B[3A[2KRemoving ozoneperf_s3g_1        ... [32mdone[0m[3B[1A[2KRemoving ozoneperf_prometheus_1 ... [32mdone[0m[1B[10A[2KRemoving ozoneperf_datanode_2   ... [32mdone[0m[10B[5A[2KRemoving ozoneperf_scm_1        ... [32mdone[0m[5B[9A[2KRemoving ozoneperf_datanode_1   ... [32mdone[0m[9B[6A[2KRemoving ozoneperf_jaeger_1     ... [32mdone[0m[6B[2A[2KRemoving ozoneperf_grafana_1    ... [32mdone[0m[2BRemoving network ozoneperf_default
Log:     /workdir/hadoop-ozone/dist/target/ozone-0.5.0-SNAPSHOT/compose/ozoneperf/result/log.html
Report:  /workdir/hadoop-ozone/dist/target/ozone-0.5.0-SNAPSHOT/compose/ozoneperf/result/report.html
Executing test in /workdir/hadoop-ozone/dist/target/ozone-0.5.0-SNAPSHOT/compose/ozone-mr/hadoop32
Removing network hadoop32_default
Network hadoop32_default not found.
Creating network "hadoop32_default" with the default driver
Pulling nm (apache/hadoop:3)...
3: Pulling from apache/hadoop
Digest: sha256:5cba355fd83de1bcce907abaa7f8ac3cfbc2ab74a09785ecdc892392883344f6
Status: Downloaded newer image for apache/hadoop:3
Creating hadoop32_scm_1 ... 
Creating hadoop32_datanode_1 ... 
Creating hadoop32_datanode_2 ... 
Creating hadoop32_datanode_3 ... 
Creating hadoop32_om_1       ... 
Creating hadoop32_rm_1       ... 
Creating hadoop32_nm_1       ... 
Creating hadoop32_s3g_1      ... 
[6A[2KCreating hadoop32_datanode_2 ... [32mdone[0m[6B[7A[2KCreating hadoop32_datanode_1 ... [32mdone[0m[7B[5A[2KCreating hadoop32_datanode_3 ... [32mdone[0m[5B[4A[2KCreating hadoop32_om_1       ... [32mdone[0m[4B[2A[2KCreating hadoop32_nm_1       ... [32mdone[0m[2B[8A[2KCreating hadoop32_scm_1      ... [32mdone[0m[8B[3A[2KCreating hadoop32_rm_1       ... [32mdone[0m[3B[1A[2KCreating hadoop32_s3g_1      ... [32mdone[0m[1B3 datanodes are up and registered to the scm
==============================================================================
hadoop32-createmrenv :: Create directories required for MR test               
==============================================================================
Create test volume, bucket and key                                    | PASS |
------------------------------------------------------------------------------
Create user dir for hadoop                                            | PASS |
------------------------------------------------------------------------------
hadoop32-createmrenv :: Create directories required for MR test       | PASS |
2 critical tests, 2 passed, 0 failed
2 tests total, 2 passed, 0 failed
==============================================================================
Output:  /tmp/smoketest/hadoop32/result/robot-hadoop32-hadoop32-createmrenv-scm.xml
==============================================================================
hadoop32-hadoopo3fs :: Test ozone fs with hadoopfs                            
==============================================================================
Test hadoop dfs                                                       | PASS |
------------------------------------------------------------------------------
hadoop32-hadoopo3fs :: Test ozone fs with hadoopfs                    | PASS |
1 critical test, 1 passed, 0 failed
1 test total, 1 passed, 0 failed
==============================================================================
Output:  /tmp/smoketest/hadoop32/result/robot-hadoop32-hadoop32-hadoopo3fs-rm.xml
==============================================================================
hadoop32-mapreduce :: Execute MR jobs                                         
==============================================================================
Execute PI calculation                                                | PASS |
------------------------------------------------------------------------------
Execute WordCount                                                     | PASS |
------------------------------------------------------------------------------
hadoop32-mapreduce :: Execute MR jobs                                 | PASS |
2 critical tests, 2 passed, 0 failed
2 tests total, 2 passed, 0 failed
==============================================================================
Output:  /tmp/smoketest/hadoop32/result/robot-hadoop32-hadoop32-mapreduce-rm.xml
Connection pool is full, discarding connection: 0.0.0.0
Connection pool is full, discarding connection: 0.0.0.0
Stopping hadoop32_s3g_1      ... 
Stopping hadoop32_scm_1      ... 
Stopping hadoop32_rm_1       ... 
Stopping hadoop32_nm_1       ... 
Stopping hadoop32_om_1       ... 
Stopping hadoop32_datanode_3 ... 
Stopping hadoop32_datanode_1 ... 
Stopping hadoop32_datanode_2 ... 
[5A[2KStopping hadoop32_nm_1       ... [32mdone[0m[5B[6A[2KStopping hadoop32_rm_1       ... [32mdone[0m[6B[1A[2KStopping hadoop32_datanode_2 ... [32mdone[0m[1B[7A[2KStopping hadoop32_scm_1      ... [32mdone[0m[7B[4A[2KStopping hadoop32_om_1       ... [32mdone[0m[4B[3A[2KStopping hadoop32_datanode_3 ... [32mdone[0m[3B[8A[2KStopping hadoop32_s3g_1      ... [32mdone[0m[8B[2A[2KStopping hadoop32_datanode_1 ... [32mdone[0m[2BRemoving hadoop32_s3g_1      ... 
Removing hadoop32_scm_1      ... 
Removing hadoop32_rm_1       ... 
Removing hadoop32_nm_1       ... 
Removing hadoop32_om_1       ... 
Removing hadoop32_datanode_3 ... 
Removing hadoop32_datanode_1 ... 
Removing hadoop32_datanode_2 ... 
[2A[2KRemoving hadoop32_datanode_1 ... [32mdone[0m[2B[5A[2KRemoving hadoop32_nm_1       ... [32mdone[0m[5B[1A[2KRemoving hadoop32_datanode_2 ... [32mdone[0m[1B[6A[2KRemoving hadoop32_rm_1       ... [32mdone[0m[6B[8A[2KRemoving hadoop32_s3g_1      ... [32mdone[0m[8B[3A[2KRemoving hadoop32_datanode_3 ... [32mdone[0m[3B[7A[2KRemoving hadoop32_scm_1      ... [32mdone[0m[7B[4A[2KRemoving hadoop32_om_1       ... [32mdone[0m[4BRemoving network hadoop32_default
Log:     /workdir/hadoop-ozone/dist/target/ozone-0.5.0-SNAPSHOT/compose/ozone-mr/hadoop32/result/log.html
Report:  /workdir/hadoop-ozone/dist/target/ozone-0.5.0-SNAPSHOT/compose/ozone-mr/hadoop32/result/report.html
Executing test in /workdir/hadoop-ozone/dist/target/ozone-0.5.0-SNAPSHOT/compose/ozone-mr/hadoop31
Removing network hadoop31_default
Network hadoop31_default not found.
Creating network "hadoop31_default" with the default driver
Pulling nm (flokkr/hadoop:3.1.2)...
3.1.2: Pulling from flokkr/hadoop
Digest: sha256:aaed24f2f15ef520340c98c99c96c62056e018fdfe4591b8dfdfa8fd50636dc1
Status: Downloaded newer image for flokkr/hadoop:3.1.2
Creating hadoop31_rm_1 ... 
Creating hadoop31_scm_1 ... 
Creating hadoop31_s3g_1 ... 
Creating hadoop31_datanode_1 ... 
Creating hadoop31_datanode_2 ... 
Creating hadoop31_datanode_3 ... 
Creating hadoop31_om_1       ... 
Creating hadoop31_nm_1       ... 
[6A[2KCreating hadoop31_s3g_1      ... [32mdone[0m[6B[7A[2KCreating hadoop31_scm_1      ... [32mdone[0m[7B[2A[2KCreating hadoop31_om_1       ... [32mdone[0m[2B[3A[2KCreating hadoop31_datanode_3 ... [32mdone[0m[3B[5A[2KCreating hadoop31_datanode_1 ... [32mdone[0m[5B[4A[2KCreating hadoop31_datanode_2 ... [32mdone[0m[4B[8A[2KCreating hadoop31_rm_1       ... [32mdone[0m[8B[1A[2KCreating hadoop31_nm_1       ... [32mdone[0m[1B0 datanode is up and healthy (until now)
3 datanodes are up and registered to the scm
==============================================================================
hadoop31-createmrenv :: Create directories required for MR test               
==============================================================================
Create test volume, bucket and key                                    | PASS |
------------------------------------------------------------------------------
Create user dir for hadoop                                            | PASS |
------------------------------------------------------------------------------
hadoop31-createmrenv :: Create directories required for MR test       | PASS |
2 critical tests, 2 passed, 0 failed
2 tests total, 2 passed, 0 failed
==============================================================================
Output:  /tmp/smoketest/hadoop31/result/robot-hadoop31-hadoop31-createmrenv-scm.xml
fetch http://dl-cdn.alpinelinux.org/alpine/v3.8/main/x86_64/APKINDEX.tar.gz
fetch http://dl-cdn.alpinelinux.org/alpine/v3.8/community/x86_64/APKINDEX.tar.gz
(1/7) Installing libbz2 (1.0.6-r7)
(2/7) Installing libffi (3.2.1-r4)
(3/7) Installing gdbm (1.13-r1)
(4/7) Installing sqlite-libs (3.25.3-r1)
(5/7) Installing python2 (2.7.15-r2)
(6/7) Installing py-setuptools (39.1.0-r0)
(7/7) Installing py2-pip (10.0.1-r0)
Executing busybox-1.28.4-r0.trigger
Executing glibc-bin-2.27-r0.trigger
OK: 93 MiB in 45 packages
Collecting robotframework
  Downloading https://files.pythonhosted.org/packages/22/0f/1b9ffa0c4e59789b50e6034866e823b7d4a5c7eaedad7bfd0bba42f2aa9d/robotframework-3.1.2-py2.py3-none-any.whl (602kB)
Installing collected packages: robotframework
Successfully installed robotframework-3.1.2
You are using pip version 10.0.1, however version 19.2.3 is available.
You should consider upgrading via the 'pip install --upgrade pip' command.
==============================================================================
hadoop31-hadoopo3fs :: Test ozone fs with hadoopfs                            
==============================================================================
Test hadoop dfs                                                       | PASS |
------------------------------------------------------------------------------
hadoop31-hadoopo3fs :: Test ozone fs with hadoopfs                    | PASS |
1 critical test, 1 passed, 0 failed
1 test total, 1 passed, 0 failed
==============================================================================
Output:  /tmp/smoketest/hadoop31/result/robot-hadoop31-hadoop31-hadoopo3fs-rm.xml
==============================================================================
hadoop31-mapreduce :: Execute MR jobs                                         
==============================================================================
Execute PI calculation                                                Couldn't connect to Docker daemon at http://0.0.0.0:2375 - is it running?

If it's at a non-standard location, specify the URL with the DOCKER_HOST environment variable.
must specify at least one container source
Couldn't connect to Docker daemon at http://0.0.0.0:2375 - is it running?

If it's at a non-standard location, specify the URL with the DOCKER_HOST environment variable.
ERROR: Test execution of /workdir/hadoop-ozone/dist/target/ozone-0.5.0-SNAPSHOT/compose/ozone-mr/hadoop31 is FAILED!!!!
Executing test in /workdir/hadoop-ozone/dist/target/ozone-0.5.0-SNAPSHOT/compose/ozone-mr/hadoop27
Couldn't connect to Docker daemon at http://0.0.0.0:2375 - is it running?

If it's at a non-standard location, specify the URL with the DOCKER_HOST environment variable.
ERROR: Test execution of /workdir/hadoop-ozone/dist/target/ozone-0.5.0-SNAPSHOT/compose/ozone-mr/hadoop27 is FAILED!!!!
cp: cannot stat '/workdir/hadoop-ozone/dist/target/ozone-0.5.0-SNAPSHOT/compose/ozone-mr/hadoop27/result/robot-*.xml': No such file or directory
Executing test in /workdir/hadoop-ozone/dist/target/ozone-0.5.0-SNAPSHOT/compose/ozones3
Couldn't connect to Docker daemon at http://0.0.0.0:2375 - is it running?

If it's at a non-standard location, specify the URL with the DOCKER_HOST environment variable.
ERROR: Test execution of /workdir/hadoop-ozone/dist/target/ozone-0.5.0-SNAPSHOT/compose/ozones3 is FAILED!!!!
cp: cannot stat '/workdir/hadoop-ozone/dist/target/ozone-0.5.0-SNAPSHOT/compose/ozones3/result/robot-*.xml': No such file or directory
Executing test in /workdir/hadoop-ozone/dist/target/ozone-0.5.0-SNAPSHOT/compose/ozone-recon
Couldn't connect to Docker daemon at http://0.0.0.0:2375 - is it running?

If it's at a non-standard location, specify the URL with the DOCKER_HOST environment variable.
ERROR: Test execution of /workdir/hadoop-ozone/dist/target/ozone-0.5.0-SNAPSHOT/compose/ozone-recon is FAILED!!!!
cp: cannot stat '/workdir/hadoop-ozone/dist/target/ozone-0.5.0-SNAPSHOT/compose/ozone-recon/result/robot-*.xml': No such file or directory
Executing test in /workdir/hadoop-ozone/dist/target/ozone-0.5.0-SNAPSHOT/compose/ozone
Couldn't connect to Docker daemon at http://0.0.0.0:2375 - is it running?

If it's at a non-standard location, specify the URL with the DOCKER_HOST environment variable.
ERROR: Test execution of /workdir/hadoop-ozone/dist/target/ozone-0.5.0-SNAPSHOT/compose/ozone is FAILED!!!!
cp: cannot stat '/workdir/hadoop-ozone/dist/target/ozone-0.5.0-SNAPSHOT/compose/ozone/result/robot-*.xml': No such file or directory
Executing test in /workdir/hadoop-ozone/dist/target/ozone-0.5.0-SNAPSHOT/compose/ozonesecure
Couldn't connect to Docker daemon at http://0.0.0.0:2375 - is it running?

If it's at a non-standard location, specify the URL with the DOCKER_HOST environment variable.
ERROR: Test execution of /workdir/hadoop-ozone/dist/target/ozone-0.5.0-SNAPSHOT/compose/ozonesecure is FAILED!!!!
cp: cannot stat '/workdir/hadoop-ozone/dist/target/ozone-0.5.0-SNAPSHOT/compose/ozonesecure/result/robot-*.xml': No such file or directory
Executing test in /workdir/hadoop-ozone/dist/target/ozone-0.5.0-SNAPSHOT/compose/ozone-topology
Couldn't connect to Docker daemon at http://0.0.0.0:2375 - is it running?

If it's at a non-standard location, specify the URL with the DOCKER_HOST environment variable.
ERROR: Test execution of /workdir/hadoop-ozone/dist/target/ozone-0.5.0-SNAPSHOT/compose/ozone-topology is FAILED!!!!
cp: cannot stat '/workdir/hadoop-ozone/dist/target/ozone-0.5.0-SNAPSHOT/compose/ozone-topology/result/robot-*.xml': No such file or directory
Log:     /workdir/hadoop-ozone/dist/target/ozone-0.5.0-SNAPSHOT/compose/result/log.html
Report:  /workdir/hadoop-ozone/dist/target/ozone-0.5.0-SNAPSHOT/compose/result/report.html
