# JRE version: OpenJDK Runtime Environment (8.0_212-b04) (build 1.8.0_212-b04)
# Java VM: OpenJDK 64-Bit Server VM (25.212-b04 mixed mode linux-amd64 compressed oops)
Heap:
 PSYoungGen      total 583680K, used 135021K [0x00000000d5580000, 0x0000000100000000, 0x0000000100000000)
  eden space 554496K, 19% used [0x00000000d5580000,0x00000000dbce2230,0x00000000f7300000)
  from space 29184K, 99% used [0x00000000f7300000,0x00000000f8f793e8,0x00000000f8f80000)
  to   space 115200K, 0% used [0x00000000f8f80000,0x00000000f8f80000,0x0000000100000000)
 ParOldGen       total 1398272K, used 870516K [0x0000000080000000, 0x00000000d5580000, 0x00000000d5580000)
  object space 1398272K, 62% used [0x0000000080000000,0x00000000b521d1a8,0x00000000d5580000)
 Metaspace       used 65836K, capacity 68364K, committed 68608K, reserved 1110016K
  class space    used 7440K, capacity 7880K, committed 7936K, reserved 1048576K
GC Heap History (10 events):
Event: 13.459 GC heap before
{Heap before GC invocations=7 (full 3):
 PSYoungGen      total 611840K, used 27739K [0x00000000d5580000, 0x0000000100000000, 0x0000000100000000)
  eden space 524800K, 0% used [0x00000000d5580000,0x00000000d5580000,0x00000000f5600000)
  from space 87040K, 31% used [0x00000000fab00000,0x00000000fc616e80,0x0000000100000000)
  to   space 87040K, 0% used [0x00000000f5600000,0x00000000f5600000,0x00000000fab00000)
 ParOldGen       total 1398272K, used 23893K [0x0000000080000000, 0x00000000d5580000, 0x00000000d5580000)
  object space 1398272K, 1% used [0x0000000080000000,0x0000000081755638,0x00000000d5580000)
 Metaspace       used 57432K, capacity 58786K, committed 59008K, reserved 1101824K
  class space    used 6643K, capacity 6929K, committed 7040K, reserved 1048576K
Event: 13.747 GC heap after
Heap after GC invocations=7 (full 3):
 PSYoungGen      total 611840K, used 0K [0x00000000d5580000, 0x0000000100000000, 0x0000000100000000)
  eden space 524800K, 0% used [0x00000000d5580000,0x00000000d5580000,0x00000000f5600000)
  from space 87040K, 0% used [0x00000000fab00000,0x00000000fab00000,0x0000000100000000)
  to   space 87040K, 0% used [0x00000000f5600000,0x00000000f5600000,0x00000000fab00000)
 ParOldGen       total 1398272K, used 38964K [0x0000000080000000, 0x00000000d5580000, 0x00000000d5580000)
  object space 1398272K, 2% used [0x0000000080000000,0x000000008260d0e0,0x00000000d5580000)
 Metaspace       used 57407K, capacity 58726K, committed 59008K, reserved 1101824K
  class space    used 6634K, capacity 6913K, committed 7040K, reserved 1048576K
}
Event: 20.705 GC heap before
{Heap before GC invocations=8 (full 3):
 PSYoungGen      total 611840K, used 335156K [0x00000000d5580000, 0x0000000100000000, 0x0000000100000000)
  eden space 524800K, 63% used [0x00000000d5580000,0x00000000e9ccd3e0,0x00000000f5600000)
  from space 87040K, 0% used [0x00000000fab00000,0x00000000fab00000,0x0000000100000000)
  to   space 87040K, 0% used [0x00000000f5600000,0x00000000f5600000,0x00000000fab00000)
 ParOldGen       total 1398272K, used 38964K [0x0000000080000000, 0x00000000d5580000, 0x00000000d5580000)
  object space 1398272K, 2% used [0x0000000080000000,0x000000008260d0e0,0x00000000d5580000)
 Metaspace       used 59789K, capacity 61772K, committed 61952K, reserved 1103872K
  class space    used 6950K, capacity 7326K, committed 7424K, reserved 1048576K
Event: 20.966 GC heap after
Heap after GC invocations=8 (full 3):
 PSYoungGen      total 536576K, used 11279K [0x00000000d5580000, 0x00000000fab80000, 0x0000000100000000)
  eden space 524800K, 0% used [0x00000000d5580000,0x00000000d5580000,0x00000000f5600000)
  from space 11776K, 95% used [0x00000000f5600000,0x00000000f6103fc8,0x00000000f6180000)
  to   space 28672K, 0% used [0x00000000f8f80000,0x00000000f8f80000,0x00000000fab80000)
 ParOldGen       total 1398272K, used 448572K [0x0000000080000000, 0x00000000d5580000, 0x00000000d5580000)
  object space 1398272K, 32% used [0x0000000080000000,0x000000009b60f100,0x00000000d5580000)
 Metaspace       used 59789K, capacity 61772K, committed 61952K, reserved 1103872K
  class space    used 6950K, capacity 7326K, committed 7424K, reserved 1048576K
}
Event: 21.203 GC heap before
{Heap before GC invocations=9 (full 3):
 PSYoungGen      total 536576K, used 536079K [0x00000000d5580000, 0x00000000fab80000, 0x0000000100000000)
  eden space 524800K, 100% used [0x00000000d5580000,0x00000000f5600000,0x00000000f5600000)
  from space 11776K, 95% used [0x00000000f5600000,0x00000000f6103fc8,0x00000000f6180000)
  to   space 28672K, 0% used [0x00000000f8f80000,0x00000000f8f80000,0x00000000fab80000)
 ParOldGen       total 1398272K, used 448572K [0x0000000080000000, 0x00000000d5580000, 0x00000000d5580000)
  object space 1398272K, 32% used [0x0000000080000000,0x000000009b60f100,0x00000000d5580000)
 Metaspace       used 59789K, capacity 61772K, committed 61952K, reserved 1103872K
  class space    used 6950K, capacity 7326K, committed 7424K, reserved 1048576K
Event: 21.705 GC heap after
Heap after GC invocations=9 (full 3):
 PSYoungGen      total 583168K, used 9451K [0x00000000d5580000, 0x0000000100000000, 0x0000000100000000)
  eden space 554496K, 0% used [0x00000000d5580000,0x00000000d5580000,0x00000000f7300000)
  from space 28672K, 32% used [0x00000000f8f80000,0x00000000f98bacb8,0x00000000fab80000)
  to   space 29184K, 0% used [0x00000000f7300000,0x00000000f7300000,0x00000000f8f80000)
 ParOldGen       total 1398272K, used 960572K [0x0000000080000000, 0x00000000d5580000, 0x00000000d5580000)
  object space 1398272K, 68% used [0x0000000080000000,0x00000000baa0f120,0x00000000d5580000)
 Metaspace       used 59789K, capacity 61772K, committed 61952K, reserved 1103872K
  class space    used 6950K, capacity 7326K, committed 7424K, reserved 1048576K
}
Event: 21.705 GC heap before
{Heap before GC invocations=10 (full 4):
 PSYoungGen      total 583168K, used 9451K [0x00000000d5580000, 0x0000000100000000, 0x0000000100000000)
  eden space 554496K, 0% used [0x00000000d5580000,0x00000000d5580000,0x00000000f7300000)
  from space 28672K, 32% used [0x00000000f8f80000,0x00000000f98bacb8,0x00000000fab80000)
  to   space 29184K, 0% used [0x00000000f7300000,0x00000000f7300000,0x00000000f8f80000)
 ParOldGen       total 1398272K, used 960572K [0x0000000080000000, 0x00000000d5580000, 0x00000000d5580000)
  object space 1398272K, 68% used [0x0000000080000000,0x00000000baa0f120,0x00000000d5580000)
 Metaspace       used 59789K, capacity 61772K, committed 61952K, reserved 1103872K
  class space    used 6950K, capacity 7326K, committed 7424K, reserved 1048576K
Event: 21.992 GC heap after
Heap after GC invocations=10 (full 4):
 PSYoungGen      total 583168K, used 0K [0x00000000d5580000, 0x0000000100000000, 0x0000000100000000)
  eden space 554496K, 0% used [0x00000000d5580000,0x00000000d5580000,0x00000000f7300000)
  from space 28672K, 0% used [0x00000000f8f80000,0x00000000f8f80000,0x00000000fab80000)
  to   space 29184K, 0% used [0x00000000f7300000,0x00000000f7300000,0x00000000f8f80000)
 ParOldGen       total 1398272K, used 548539K [0x0000000080000000, 0x00000000d5580000, 0x00000000d5580000)
  object space 1398272K, 39% used [0x0000000080000000,0x00000000a17aeec8,0x00000000d5580000)
 Metaspace       used 59640K, capacity 61372K, committed 61952K, reserved 1103872K
  class space    used 6899K, capacity 7232K, committed 7424K, reserved 1048576K
}
Event: 27.154 GC heap before
{Heap before GC invocations=11 (full 4):
 PSYoungGen      total 583168K, used 553484K [0x00000000d5580000, 0x0000000100000000, 0x0000000100000000)
  eden space 554496K, 99% used [0x00000000d5580000,0x00000000f72032c0,0x00000000f7300000)
  from space 28672K, 0% used [0x00000000f8f80000,0x00000000f8f80000,0x00000000fab80000)
  to   space 29184K, 0% used [0x00000000f7300000,0x00000000f7300000,0x00000000f8f80000)
 ParOldGen       total 1398272K, used 548539K [0x0000000080000000, 0x00000000d5580000, 0x00000000d5580000)
  object space 1398272K, 39% used [0x0000000080000000,0x00000000a17aeec8,0x00000000d5580000)
 Metaspace       used 65582K, capacity 68100K, committed 68352K, reserved 1110016K
  class space    used 7440K, capacity 7880K, committed 7936K, reserved 1048576K
Event: 27.259 GC heap after
Heap after GC invocations=11 (full 4):
 PSYoungGen      total 583680K, used 29156K [0x00000000d5580000, 0x0000000100000000, 0x0000000100000000)
  eden space 554496K, 0% used [0x00000000d5580000,0x00000000d5580000,0x00000000f7300000)
  from space 29184K, 99% used [0x00000000f7300000,0x00000000f8f793e8,0x00000000f8f80000)
  to   space 115200K, 0% used [0x00000000f8f80000,0x00000000f8f80000,0x0000000100000000)
 ParOldGen       total 1398272K, used 870516K [0x0000000080000000, 0x00000000d5580000, 0x00000000d5580000)
  object space 1398272K, 62% used [0x0000000080000000,0x00000000b521d1a8,0x00000000d5580000)
 Metaspace       used 65582K, capacity 68100K, committed 68352K, reserved 1110016K
  class space    used 7440K, capacity 7880K, committed 7936K, reserved 1048576K
}

