# JRE version: OpenJDK Runtime Environment (8.0_212-b04) (build 1.8.0_212-b04)
# Java VM: OpenJDK 64-Bit Server VM (25.212-b04 mixed mode linux-amd64 compressed oops)
Heap:
 PSYoungGen      total 611840K, used 265911K [0x00000000d5580000, 0x0000000100000000, 0x0000000100000000)
  eden space 524800K, 50% used [0x00000000d5580000,0x00000000e592dcb8,0x00000000f5600000)
  from space 87040K, 0% used [0x00000000fab00000,0x00000000fab00000,0x0000000100000000)
  to   space 87040K, 0% used [0x00000000f5600000,0x00000000f5600000,0x00000000fab00000)
 ParOldGen       total 1398272K, used 28975K [0x0000000080000000, 0x00000000d5580000, 0x00000000d5580000)
  object space 1398272K, 2% used [0x0000000080000000,0x0000000081c4bc88,0x00000000d5580000)
 Metaspace       used 64812K, capacity 67380K, committed 67456K, reserved 1107968K
  class space    used 7505K, capacity 7992K, committed 8064K, reserved 1048576K
GC Heap History (10 events):
Event: 5.432 GC heap before
{Heap before GC invocations=3 (full 1):
 PSYoungGen      total 611840K, used 469964K [0x00000000d5580000, 0x0000000100000000, 0x0000000100000000)
  eden space 524800K, 89% used [0x00000000d5580000,0x00000000f20733c0,0x00000000f5600000)
  from space 87040K, 0% used [0x00000000f5600000,0x00000000f5600000,0x00000000fab00000)
  to   space 87040K, 0% used [0x00000000fab00000,0x00000000fab00000,0x0000000100000000)
 ParOldGen       total 867328K, used 14217K [0x0000000080000000, 0x00000000b4f00000, 0x00000000d5580000)
  object space 867328K, 1% used [0x0000000080000000,0x0000000080de2780,0x00000000b4f00000)
 Metaspace       used 34702K, capacity 35022K, committed 35416K, reserved 1081344K
  class space    used 3963K, capacity 4059K, committed 4096K, reserved 1048576K
Event: 5.478 GC heap after
Heap after GC invocations=3 (full 1):
 PSYoungGen      total 611840K, used 19234K [0x00000000d5580000, 0x0000000100000000, 0x0000000100000000)
  eden space 524800K, 0% used [0x00000000d5580000,0x00000000d5580000,0x00000000f5600000)
  from space 87040K, 22% used [0x00000000fab00000,0x00000000fbdc8910,0x0000000100000000)
  to   space 87040K, 0% used [0x00000000f5600000,0x00000000f5600000,0x00000000fab00000)
 ParOldGen       total 867328K, used 14225K [0x0000000080000000, 0x00000000b4f00000, 0x00000000d5580000)
  object space 867328K, 1% used [0x0000000080000000,0x0000000080de4780,0x00000000b4f00000)
 Metaspace       used 34702K, capacity 35022K, committed 35416K, reserved 1081344K
  class space    used 3963K, capacity 4059K, committed 4096K, reserved 1048576K
}
Event: 5.478 GC heap before
{Heap before GC invocations=4 (full 2):
 PSYoungGen      total 611840K, used 19234K [0x00000000d5580000, 0x0000000100000000, 0x0000000100000000)
  eden space 524800K, 0% used [0x00000000d5580000,0x00000000d5580000,0x00000000f5600000)
  from space 87040K, 22% used [0x00000000fab00000,0x00000000fbdc8910,0x0000000100000000)
  to   space 87040K, 0% used [0x00000000f5600000,0x00000000f5600000,0x00000000fab00000)
 ParOldGen       total 867328K, used 14225K [0x0000000080000000, 0x00000000b4f00000, 0x00000000d5580000)
  object space 867328K, 1% used [0x0000000080000000,0x0000000080de4780,0x00000000b4f00000)
 Metaspace       used 34702K, capacity 35022K, committed 35416K, reserved 1081344K
  class space    used 3963K, capacity 4059K, committed 4096K, reserved 1048576K
Event: 5.621 GC heap after
Heap after GC invocations=4 (full 2):
 PSYoungGen      total 611840K, used 0K [0x00000000d5580000, 0x0000000100000000, 0x0000000100000000)
  eden space 524800K, 0% used [0x00000000d5580000,0x00000000d5580000,0x00000000f5600000)
  from space 87040K, 0% used [0x00000000fab00000,0x00000000fab00000,0x0000000100000000)
  to   space 87040K, 0% used [0x00000000f5600000,0x00000000f5600000,0x00000000fab00000)
 ParOldGen       total 1398272K, used 23792K [0x0000000080000000, 0x00000000d5580000, 0x00000000d5580000)
  object space 1398272K, 1% used [0x0000000080000000,0x000000008173c168,0x00000000d5580000)
 Metaspace       used 34702K, capacity 35022K, committed 35416K, reserved 1081344K
  class space    used 3963K, capacity 4059K, committed 4096K, reserved 1048576K
}
Event: 12.105 GC heap before
{Heap before GC invocations=5 (full 2):
 PSYoungGen      total 611840K, used 524800K [0x00000000d5580000, 0x0000000100000000, 0x0000000100000000)
  eden space 524800K, 100% used [0x00000000d5580000,0x00000000f5600000,0x00000000f5600000)
  from space 87040K, 0% used [0x00000000fab00000,0x00000000fab00000,0x0000000100000000)
  to   space 87040K, 0% used [0x00000000f5600000,0x00000000f5600000,0x00000000fab00000)
 ParOldGen       total 1398272K, used 23792K [0x0000000080000000, 0x00000000d5580000, 0x00000000d5580000)
  object space 1398272K, 1% used [0x0000000080000000,0x000000008173c168,0x00000000d5580000)
 Metaspace       used 52728K, capacity 54064K, committed 54144K, reserved 1097728K
  class space    used 6197K, capacity 6450K, committed 6528K, reserved 1048576K
Event: 12.148 GC heap after
Heap after GC invocations=5 (full 2):
 PSYoungGen      total 611840K, used 24926K [0x00000000d5580000, 0x0000000100000000, 0x0000000100000000)
  eden space 524800K, 0% used [0x00000000d5580000,0x00000000d5580000,0x00000000f5600000)
  from space 87040K, 28% used [0x00000000f5600000,0x00000000f6e57aa8,0x00000000fab00000)
  to   space 87040K, 0% used [0x00000000fab00000,0x00000000fab00000,0x0000000100000000)
 ParOldGen       total 1398272K, used 23800K [0x0000000080000000, 0x00000000d5580000, 0x00000000d5580000)
  object space 1398272K, 1% used [0x0000000080000000,0x000000008173e168,0x00000000d5580000)
 Metaspace       used 52728K, capacity 54064K, committed 54144K, reserved 1097728K
  class space    used 6197K, capacity 6450K, committed 6528K, reserved 1048576K
}
Event: 12.849 GC heap before
{Heap before GC invocations=6 (full 2):
 PSYoungGen      total 611840K, used 185050K [0x00000000d5580000, 0x0000000100000000, 0x0000000100000000)
  eden space 524800K, 30% used [0x00000000d5580000,0x00000000df1def58,0x00000000f5600000)
  from space 87040K, 28% used [0x00000000f5600000,0x00000000f6e57aa8,0x00000000fab00000)
  to   space 87040K, 0% used [0x00000000fab00000,0x00000000fab00000,0x0000000100000000)
 ParOldGen       total 1398272K, used 23800K [0x0000000080000000, 0x00000000d5580000, 0x00000000d5580000)
  object space 1398272K, 1% used [0x0000000080000000,0x000000008173e168,0x00000000d5580000)
 Metaspace       used 57511K, capacity 58904K, committed 59008K, reserved 1101824K
  class space    used 6685K, capacity 6968K, committed 7040K, reserved 1048576K
Event: 12.872 GC heap after
Heap after GC invocations=6 (full 2):
 PSYoungGen      total 611840K, used 17050K [0x00000000d5580000, 0x0000000100000000, 0x0000000100000000)
  eden space 524800K, 0% used [0x00000000d5580000,0x00000000d5580000,0x00000000f5600000)
  from space 87040K, 19% used [0x00000000fab00000,0x00000000fbba6aa0,0x0000000100000000)
  to   space 87040K, 0% used [0x00000000f5600000,0x00000000f5600000,0x00000000fab00000)
 ParOldGen       total 1398272K, used 23808K [0x0000000080000000, 0x00000000d5580000, 0x00000000d5580000)
  object space 1398272K, 1% used [0x0000000080000000,0x0000000081740168,0x00000000d5580000)
 Metaspace       used 57511K, capacity 58904K, committed 59008K, reserved 1101824K
  class space    used 6685K, capacity 6968K, committed 7040K, reserved 1048576K
}
Event: 12.872 GC heap before
{Heap before GC invocations=7 (full 3):
 PSYoungGen      total 611840K, used 17050K [0x00000000d5580000, 0x0000000100000000, 0x0000000100000000)
  eden space 524800K, 0% used [0x00000000d5580000,0x00000000d5580000,0x00000000f5600000)
  from space 87040K, 19% used [0x00000000fab00000,0x00000000fbba6aa0,0x0000000100000000)
  to   space 87040K, 0% used [0x00000000f5600000,0x00000000f5600000,0x00000000fab00000)
 ParOldGen       total 1398272K, used 23808K [0x0000000080000000, 0x00000000d5580000, 0x00000000d5580000)
  object space 1398272K, 1% used [0x0000000080000000,0x0000000081740168,0x00000000d5580000)
 Metaspace       used 57511K, capacity 58904K, committed 59008K, reserved 1101824K
  class space    used 6685K, capacity 6968K, committed 7040K, reserved 1048576K
Event: 13.114 GC heap after
Heap after GC invocations=7 (full 3):
 PSYoungGen      total 611840K, used 0K [0x00000000d5580000, 0x0000000100000000, 0x0000000100000000)
  eden space 524800K, 0% used [0x00000000d5580000,0x00000000d5580000,0x00000000f5600000)
  from space 87040K, 0% used [0x00000000fab00000,0x00000000fab00000,0x0000000100000000)
  to   space 87040K, 0% used [0x00000000f5600000,0x00000000f5600000,0x00000000fab00000)
 ParOldGen       total 1398272K, used 28975K [0x0000000080000000, 0x00000000d5580000, 0x00000000d5580000)
  object space 1398272K, 2% used [0x0000000080000000,0x0000000081c4bc88,0x00000000d5580000)
 Metaspace       used 57478K, capacity 58822K, committed 59008K, reserved 1101824K
  class space    used 6673K, capacity 6947K, committed 7040K, reserved 1048576K
}

