# JRE version: OpenJDK Runtime Environment (8.0_212-b04) (build 1.8.0_212-b04)
# Java VM: OpenJDK 64-Bit Server VM (25.212-b04 mixed mode linux-amd64 compressed oops)
Heap:
 PSYoungGen      total 611840K, used 56375K [0x00000000d5580000, 0x0000000100000000, 0x0000000100000000)
  eden space 524800K, 6% used [0x00000000d5580000,0x00000000d77ef540,0x00000000f5600000)
  from space 87040K, 24% used [0x00000000fab00000,0x00000000fbf9e9e0,0x0000000100000000)
  to   space 87040K, 0% used [0x00000000f5600000,0x00000000f5600000,0x00000000fab00000)
 ParOldGen       total 1398272K, used 37984K [0x0000000080000000, 0x00000000d5580000, 0x00000000d5580000)
  object space 1398272K, 2% used [0x0000000080000000,0x0000000082518158,0x00000000d5580000)
 Metaspace       used 65680K, capacity 68106K, committed 68352K, reserved 1110016K
  class space    used 7452K, capacity 7913K, committed 7936K, reserved 1048576K
GC Heap History (10 events):
Event: 5.363 GC heap before
{Heap before GC invocations=3 (full 1):
 PSYoungGen      total 611840K, used 445044K [0x00000000d5580000, 0x0000000100000000, 0x0000000100000000)
  eden space 524800K, 84% used [0x00000000d5580000,0x00000000f081d178,0x00000000f5600000)
  from space 87040K, 0% used [0x00000000f5600000,0x00000000f5600000,0x00000000fab00000)
  to   space 87040K, 0% used [0x00000000fab00000,0x00000000fab00000,0x0000000100000000)
 ParOldGen       total 833536K, used 13835K [0x0000000080000000, 0x00000000b2e00000, 0x00000000d5580000)
  object space 833536K, 1% used [0x0000000080000000,0x0000000080d82f60,0x00000000b2e00000)
 Metaspace       used 34722K, capacity 35118K, committed 35416K, reserved 1081344K
  class space    used 3973K, capacity 4091K, committed 4096K, reserved 1048576K
Event: 5.406 GC heap after
Heap after GC invocations=3 (full 1):
 PSYoungGen      total 611840K, used 19283K [0x00000000d5580000, 0x0000000100000000, 0x0000000100000000)
  eden space 524800K, 0% used [0x00000000d5580000,0x00000000d5580000,0x00000000f5600000)
  from space 87040K, 22% used [0x00000000fab00000,0x00000000fbdd4cd0,0x0000000100000000)
  to   space 87040K, 0% used [0x00000000f5600000,0x00000000f5600000,0x00000000fab00000)
 ParOldGen       total 833536K, used 13835K [0x0000000080000000, 0x00000000b2e00000, 0x00000000d5580000)
  object space 833536K, 1% used [0x0000000080000000,0x0000000080d82f60,0x00000000b2e00000)
 Metaspace       used 34722K, capacity 35118K, committed 35416K, reserved 1081344K
  class space    used 3973K, capacity 4091K, committed 4096K, reserved 1048576K
}
Event: 5.407 GC heap before
{Heap before GC invocations=4 (full 2):
 PSYoungGen      total 611840K, used 19283K [0x00000000d5580000, 0x0000000100000000, 0x0000000100000000)
  eden space 524800K, 0% used [0x00000000d5580000,0x00000000d5580000,0x00000000f5600000)
  from space 87040K, 22% used [0x00000000fab00000,0x00000000fbdd4cd0,0x0000000100000000)
  to   space 87040K, 0% used [0x00000000f5600000,0x00000000f5600000,0x00000000fab00000)
 ParOldGen       total 833536K, used 13835K [0x0000000080000000, 0x00000000b2e00000, 0x00000000d5580000)
  object space 833536K, 1% used [0x0000000080000000,0x0000000080d82f60,0x00000000b2e00000)
 Metaspace       used 34722K, capacity 35118K, committed 35416K, reserved 1081344K
  class space    used 3973K, capacity 4091K, committed 4096K, reserved 1048576K
Event: 5.511 GC heap after
Heap after GC invocations=4 (full 2):
 PSYoungGen      total 611840K, used 0K [0x00000000d5580000, 0x0000000100000000, 0x0000000100000000)
  eden space 524800K, 0% used [0x00000000d5580000,0x00000000d5580000,0x00000000f5600000)
  from space 87040K, 0% used [0x00000000fab00000,0x00000000fab00000,0x0000000100000000)
  to   space 87040K, 0% used [0x00000000f5600000,0x00000000f5600000,0x00000000fab00000)
 ParOldGen       total 1362944K, used 23687K [0x0000000080000000, 0x00000000d3300000, 0x00000000d5580000)
  object space 1362944K, 1% used [0x0000000080000000,0x0000000081721d80,0x00000000d3300000)
 Metaspace       used 34722K, capacity 35118K, committed 35416K, reserved 1081344K
  class space    used 3973K, capacity 4091K, committed 4096K, reserved 1048576K
}
Event: 12.130 GC heap before
{Heap before GC invocations=5 (full 2):
 PSYoungGen      total 611840K, used 313043K [0x00000000d5580000, 0x0000000100000000, 0x0000000100000000)
  eden space 524800K, 59% used [0x00000000d5580000,0x00000000e8734da0,0x00000000f5600000)
  from space 87040K, 0% used [0x00000000fab00000,0x00000000fab00000,0x0000000100000000)
  to   space 87040K, 0% used [0x00000000f5600000,0x00000000f5600000,0x00000000fab00000)
 ParOldGen       total 1362944K, used 23687K [0x0000000080000000, 0x00000000d3300000, 0x00000000d5580000)
  object space 1362944K, 1% used [0x0000000080000000,0x0000000081721d80,0x00000000d3300000)
 Metaspace       used 57536K, capacity 58858K, committed 59008K, reserved 1101824K
  class space    used 6697K, capacity 6967K, committed 7040K, reserved 1048576K
Event: 12.184 GC heap after
Heap after GC invocations=5 (full 2):
 PSYoungGen      total 611840K, used 27257K [0x00000000d5580000, 0x0000000100000000, 0x0000000100000000)
  eden space 524800K, 0% used [0x00000000d5580000,0x00000000d5580000,0x00000000f5600000)
  from space 87040K, 31% used [0x00000000f5600000,0x00000000f709e598,0x00000000fab00000)
  to   space 87040K, 0% used [0x00000000fab00000,0x00000000fab00000,0x0000000100000000)
 ParOldGen       total 1362944K, used 23695K [0x0000000080000000, 0x00000000d3300000, 0x00000000d5580000)
  object space 1362944K, 1% used [0x0000000080000000,0x0000000081723d80,0x00000000d3300000)
 Metaspace       used 57536K, capacity 58858K, committed 59008K, reserved 1101824K
  class space    used 6697K, capacity 6967K, committed 7040K, reserved 1048576K
}
Event: 12.184 GC heap before
{Heap before GC invocations=6 (full 3):
 PSYoungGen      total 611840K, used 27257K [0x00000000d5580000, 0x0000000100000000, 0x0000000100000000)
  eden space 524800K, 0% used [0x00000000d5580000,0x00000000d5580000,0x00000000f5600000)
  from space 87040K, 31% used [0x00000000f5600000,0x00000000f709e598,0x00000000fab00000)
  to   space 87040K, 0% used [0x00000000fab00000,0x00000000fab00000,0x0000000100000000)
 ParOldGen       total 1362944K, used 23695K [0x0000000080000000, 0x00000000d3300000, 0x00000000d5580000)
  object space 1362944K, 1% used [0x0000000080000000,0x0000000081723d80,0x00000000d3300000)
 Metaspace       used 57536K, capacity 58858K, committed 59008K, reserved 1101824K
  class space    used 6697K, capacity 6967K, committed 7040K, reserved 1048576K
Event: 12.448 GC heap after
Heap after GC invocations=6 (full 3):
 PSYoungGen      total 611840K, used 0K [0x00000000d5580000, 0x0000000100000000, 0x0000000100000000)
  eden space 524800K, 0% used [0x00000000d5580000,0x00000000d5580000,0x00000000f5600000)
  from space 87040K, 0% used [0x00000000f5600000,0x00000000f5600000,0x00000000fab00000)
  to   space 87040K, 0% used [0x00000000fab00000,0x00000000fab00000,0x0000000100000000)
 ParOldGen       total 1398272K, used 37976K [0x0000000080000000, 0x00000000d5580000, 0x00000000d5580000)
  object space 1398272K, 2% used [0x0000000080000000,0x0000000082516158,0x00000000d5580000)
 Metaspace       used 57530K, capacity 58844K, committed 59008K, reserved 1101824K
  class space    used 6695K, capacity 6962K, committed 7040K, reserved 1048576K
}
Event: 88.748 GC heap before
{Heap before GC invocations=7 (full 3):
 PSYoungGen      total 611840K, used 524800K [0x00000000d5580000, 0x0000000100000000, 0x0000000100000000)
  eden space 524800K, 100% used [0x00000000d5580000,0x00000000f5600000,0x00000000f5600000)
  from space 87040K, 0% used [0x00000000f5600000,0x00000000f5600000,0x00000000fab00000)
  to   space 87040K, 0% used [0x00000000fab00000,0x00000000fab00000,0x0000000100000000)
 ParOldGen       total 1398272K, used 37976K [0x0000000080000000, 0x00000000d5580000, 0x00000000d5580000)
  object space 1398272K, 2% used [0x0000000080000000,0x0000000082516158,0x00000000d5580000)
 Metaspace       used 65658K, capacity 68106K, committed 68352K, reserved 1110016K
  class space    used 7452K, capacity 7913K, committed 7936K, reserved 1048576K
Event: 88.818 GC heap after
Heap after GC invocations=7 (full 3):
 PSYoungGen      total 611840K, used 21114K [0x00000000d5580000, 0x0000000100000000, 0x0000000100000000)
  eden space 524800K, 0% used [0x00000000d5580000,0x00000000d5580000,0x00000000f5600000)
  from space 87040K, 24% used [0x00000000fab00000,0x00000000fbf9e9e0,0x0000000100000000)
  to   space 87040K, 0% used [0x00000000f5600000,0x00000000f5600000,0x00000000fab00000)
 ParOldGen       total 1398272K, used 37984K [0x0000000080000000, 0x00000000d5580000, 0x00000000d5580000)
  object space 1398272K, 2% used [0x0000000080000000,0x0000000082518158,0x00000000d5580000)
 Metaspace       used 65658K, capacity 68106K, committed 68352K, reserved 1110016K
  class space    used 7452K, capacity 7913K, committed 7936K, reserved 1048576K
}

