# JRE version: OpenJDK Runtime Environment (8.0_212-b04) (build 1.8.0_212-b04)
# Java VM: OpenJDK 64-Bit Server VM (25.212-b04 mixed mode linux-amd64 compressed oops)
Heap:
 PSYoungGen      total 611840K, used 430022K [0x00000000d5580000, 0x0000000100000000, 0x0000000100000000)
  eden space 524800K, 81% used [0x00000000d5580000,0x00000000ef971a00,0x00000000f5600000)
  from space 87040K, 0% used [0x00000000f5600000,0x00000000f5600000,0x00000000fab00000)
  to   space 87040K, 0% used [0x00000000fab00000,0x00000000fab00000,0x0000000100000000)
 ParOldGen       total 1398272K, used 46134K [0x0000000080000000, 0x00000000d5580000, 0x00000000d5580000)
  object space 1398272K, 3% used [0x0000000080000000,0x0000000082d0da68,0x00000000d5580000)
 Metaspace       used 65765K, capacity 68854K, committed 69120K, reserved 1110016K
  class space    used 7552K, capacity 8097K, committed 8192K, reserved 1048576K
GC Heap History (10 events):
Event: 2.545 GC heap before
{Heap before GC invocations=2 (full 1):
 PSYoungGen      total 611840K, used 14282K [0x00000000d5580000, 0x0000000100000000, 0x0000000100000000)
  eden space 524800K, 0% used [0x00000000d5580000,0x00000000d5580000,0x00000000f5600000)
  from space 87040K, 16% used [0x00000000f5600000,0x00000000f63f2830,0x00000000fab00000)
  to   space 87040K, 0% used [0x00000000fab00000,0x00000000fab00000,0x0000000100000000)
 ParOldGen       total 1398272K, used 72K [0x0000000080000000, 0x00000000d5580000, 0x00000000d5580000)
  object space 1398272K, 0% used [0x0000000080000000,0x0000000080012010,0x00000000d5580000)
 Metaspace       used 20776K, capacity 21016K, committed 21248K, reserved 1069056K
  class space    used 2345K, capacity 2451K, committed 2560K, reserved 1048576K
Event: 2.615 GC heap after
Heap after GC invocations=2 (full 1):
 PSYoungGen      total 611840K, used 0K [0x00000000d5580000, 0x0000000100000000, 0x0000000100000000)
  eden space 524800K, 0% used [0x00000000d5580000,0x00000000d5580000,0x00000000f5600000)
  from space 87040K, 0% used [0x00000000f5600000,0x00000000f5600000,0x00000000fab00000)
  to   space 87040K, 0% used [0x00000000fab00000,0x00000000fab00000,0x0000000100000000)
 ParOldGen       total 902656K, used 13716K [0x0000000080000000, 0x00000000b7180000, 0x00000000d5580000)
  object space 902656K, 1% used [0x0000000080000000,0x0000000080d650a0,0x00000000b7180000)
 Metaspace       used 20776K, capacity 21016K, committed 21248K, reserved 1069056K
  class space    used 2345K, capacity 2451K, committed 2560K, reserved 1048576K
}
Event: 5.517 GC heap before
{Heap before GC invocations=3 (full 1):
 PSYoungGen      total 611840K, used 491146K [0x00000000d5580000, 0x0000000100000000, 0x0000000100000000)
  eden space 524800K, 93% used [0x00000000d5580000,0x00000000f3522968,0x00000000f5600000)
  from space 87040K, 0% used [0x00000000f5600000,0x00000000f5600000,0x00000000fab00000)
  to   space 87040K, 0% used [0x00000000fab00000,0x00000000fab00000,0x0000000100000000)
 ParOldGen       total 902656K, used 13716K [0x0000000080000000, 0x00000000b7180000, 0x00000000d5580000)
  object space 902656K, 1% used [0x0000000080000000,0x0000000080d650a0,0x00000000b7180000)
 Metaspace       used 34689K, capacity 35028K, committed 35416K, reserved 1081344K
  class space    used 3946K, capacity 4060K, committed 4096K, reserved 1048576K
Event: 5.548 GC heap after
Heap after GC invocations=3 (full 1):
 PSYoungGen      total 611840K, used 19211K [0x00000000d5580000, 0x0000000100000000, 0x0000000100000000)
  eden space 524800K, 0% used [0x00000000d5580000,0x00000000d5580000,0x00000000f5600000)
  from space 87040K, 22% used [0x00000000fab00000,0x00000000fbdc2ce8,0x0000000100000000)
  to   space 87040K, 0% used [0x00000000f5600000,0x00000000f5600000,0x00000000fab00000)
 ParOldGen       total 902656K, used 13724K [0x0000000080000000, 0x00000000b7180000, 0x00000000d5580000)
  object space 902656K, 1% used [0x0000000080000000,0x0000000080d670a0,0x00000000b7180000)
 Metaspace       used 34689K, capacity 35028K, committed 35416K, reserved 1081344K
  class space    used 3946K, capacity 4060K, committed 4096K, reserved 1048576K
}
Event: 5.548 GC heap before
{Heap before GC invocations=4 (full 2):
 PSYoungGen      total 611840K, used 19211K [0x00000000d5580000, 0x0000000100000000, 0x0000000100000000)
  eden space 524800K, 0% used [0x00000000d5580000,0x00000000d5580000,0x00000000f5600000)
  from space 87040K, 22% used [0x00000000fab00000,0x00000000fbdc2ce8,0x0000000100000000)
  to   space 87040K, 0% used [0x00000000f5600000,0x00000000f5600000,0x00000000fab00000)
 ParOldGen       total 902656K, used 13724K [0x0000000080000000, 0x00000000b7180000, 0x00000000d5580000)
  object space 902656K, 1% used [0x0000000080000000,0x0000000080d670a0,0x00000000b7180000)
 Metaspace       used 34689K, capacity 35028K, committed 35416K, reserved 1081344K
  class space    used 3946K, capacity 4060K, committed 4096K, reserved 1048576K
Event: 5.635 GC heap after
Heap after GC invocations=4 (full 2):
 PSYoungGen      total 611840K, used 0K [0x00000000d5580000, 0x0000000100000000, 0x0000000100000000)
  eden space 524800K, 0% used [0x00000000d5580000,0x00000000d5580000,0x00000000f5600000)
  from space 87040K, 0% used [0x00000000fab00000,0x00000000fab00000,0x0000000100000000)
  to   space 87040K, 0% used [0x00000000f5600000,0x00000000f5600000,0x00000000fab00000)
 ParOldGen       total 1398272K, used 23509K [0x0000000080000000, 0x00000000d5580000, 0x00000000d5580000)
  object space 1398272K, 1% used [0x0000000080000000,0x00000000816f5400,0x00000000d5580000)
 Metaspace       used 34689K, capacity 35028K, committed 35416K, reserved 1081344K
  class space    used 3946K, capacity 4060K, committed 4096K, reserved 1048576K
}
Event: 12.384 GC heap before
{Heap before GC invocations=5 (full 2):
 PSYoungGen      total 611840K, used 388370K [0x00000000d5580000, 0x0000000100000000, 0x0000000100000000)
  eden space 524800K, 74% used [0x00000000d5580000,0x00000000ed0c4a10,0x00000000f5600000)
  from space 87040K, 0% used [0x00000000fab00000,0x00000000fab00000,0x0000000100000000)
  to   space 87040K, 0% used [0x00000000f5600000,0x00000000f5600000,0x00000000fab00000)
 ParOldGen       total 1398272K, used 23509K [0x0000000080000000, 0x00000000d5580000, 0x00000000d5580000)
  object space 1398272K, 1% used [0x0000000080000000,0x00000000816f5400,0x00000000d5580000)
 Metaspace       used 57538K, capacity 58906K, committed 59008K, reserved 1101824K
  class space    used 6674K, capacity 6947K, committed 7040K, reserved 1048576K
Event: 12.471 GC heap after
Heap after GC invocations=5 (full 2):
 PSYoungGen      total 611840K, used 35513K [0x00000000d5580000, 0x0000000100000000, 0x0000000100000000)
  eden space 524800K, 0% used [0x00000000d5580000,0x00000000d5580000,0x00000000f5600000)
  from space 87040K, 40% used [0x00000000f5600000,0x00000000f78ae400,0x00000000fab00000)
  to   space 87040K, 0% used [0x00000000fab00000,0x00000000fab00000,0x0000000100000000)
 ParOldGen       total 1398272K, used 23517K [0x0000000080000000, 0x00000000d5580000, 0x00000000d5580000)
  object space 1398272K, 1% used [0x0000000080000000,0x00000000816f7400,0x00000000d5580000)
 Metaspace       used 57538K, capacity 58906K, committed 59008K, reserved 1101824K
  class space    used 6674K, capacity 6947K, committed 7040K, reserved 1048576K
}
Event: 12.471 GC heap before
{Heap before GC invocations=6 (full 3):
 PSYoungGen      total 611840K, used 35513K [0x00000000d5580000, 0x0000000100000000, 0x0000000100000000)
  eden space 524800K, 0% used [0x00000000d5580000,0x00000000d5580000,0x00000000f5600000)
  from space 87040K, 40% used [0x00000000f5600000,0x00000000f78ae400,0x00000000fab00000)
  to   space 87040K, 0% used [0x00000000fab00000,0x00000000fab00000,0x0000000100000000)
 ParOldGen       total 1398272K, used 23517K [0x0000000080000000, 0x00000000d5580000, 0x00000000d5580000)
  object space 1398272K, 1% used [0x0000000080000000,0x00000000816f7400,0x00000000d5580000)
 Metaspace       used 57538K, capacity 58906K, committed 59008K, reserved 1101824K
  class space    used 6674K, capacity 6947K, committed 7040K, reserved 1048576K
Event: 12.721 GC heap after
Heap after GC invocations=6 (full 3):
 PSYoungGen      total 611840K, used 0K [0x00000000d5580000, 0x0000000100000000, 0x0000000100000000)
  eden space 524800K, 0% used [0x00000000d5580000,0x00000000d5580000,0x00000000f5600000)
  from space 87040K, 0% used [0x00000000f5600000,0x00000000f5600000,0x00000000fab00000)
  to   space 87040K, 0% used [0x00000000fab00000,0x00000000fab00000,0x0000000100000000)
 ParOldGen       total 1398272K, used 46134K [0x0000000080000000, 0x00000000d5580000, 0x00000000d5580000)
  object space 1398272K, 3% used [0x0000000080000000,0x0000000082d0da68,0x00000000d5580000)
 Metaspace       used 57514K, capacity 58848K, committed 59008K, reserved 1101824K
  class space    used 6665K, capacity 6932K, committed 7040K, reserved 1048576K
}

