# JRE version: OpenJDK Runtime Environment (8.0_212-b04) (build 1.8.0_212-b04)
# Java VM: OpenJDK 64-Bit Server VM (25.212-b04 mixed mode linux-amd64 compressed oops)
Heap:
 PSYoungGen      total 611840K, used 249528K [0x00000000d5580000, 0x0000000100000000, 0x0000000100000000)
  eden space 524800K, 47% used [0x00000000d5580000,0x00000000e492e110,0x00000000f5600000)
  from space 87040K, 0% used [0x00000000fab00000,0x00000000fab00000,0x0000000100000000)
  to   space 87040K, 0% used [0x00000000f5600000,0x00000000f5600000,0x00000000fab00000)
 ParOldGen       total 1398272K, used 28994K [0x0000000080000000, 0x00000000d5580000, 0x00000000d5580000)
  object space 1398272K, 2% used [0x0000000080000000,0x0000000081c50bb8,0x00000000d5580000)
 Metaspace       used 63984K, capacity 66326K, committed 66560K, reserved 1107968K
  class space    used 7420K, capacity 7855K, committed 7936K, reserved 1048576K
GC Heap History (10 events):
Event: 4.311 GC heap before
{Heap before GC invocations=3 (full 1):
 PSYoungGen      total 611840K, used 469965K [0x00000000d5580000, 0x0000000100000000, 0x0000000100000000)
  eden space 524800K, 89% used [0x00000000d5580000,0x00000000f2073620,0x00000000f5600000)
  from space 87040K, 0% used [0x00000000f5600000,0x00000000f5600000,0x00000000fab00000)
  to   space 87040K, 0% used [0x00000000fab00000,0x00000000fab00000,0x0000000100000000)
 ParOldGen       total 953344K, used 14224K [0x0000000080000000, 0x00000000ba300000, 0x00000000d5580000)
  object space 953344K, 1% used [0x0000000080000000,0x0000000080de43f0,0x00000000ba300000)
 Metaspace       used 34756K, capacity 35106K, committed 35416K, reserved 1081344K
  class space    used 3969K, capacity 4091K, committed 4096K, reserved 1048576K
Event: 4.340 GC heap after
Heap after GC invocations=3 (full 1):
 PSYoungGen      total 611840K, used 19290K [0x00000000d5580000, 0x0000000100000000, 0x0000000100000000)
  eden space 524800K, 0% used [0x00000000d5580000,0x00000000d5580000,0x00000000f5600000)
  from space 87040K, 22% used [0x00000000fab00000,0x00000000fbdd6828,0x0000000100000000)
  to   space 87040K, 0% used [0x00000000f5600000,0x00000000f5600000,0x00000000fab00000)
 ParOldGen       total 953344K, used 14232K [0x0000000080000000, 0x00000000ba300000, 0x00000000d5580000)
  object space 953344K, 1% used [0x0000000080000000,0x0000000080de63f0,0x00000000ba300000)
 Metaspace       used 34756K, capacity 35106K, committed 35416K, reserved 1081344K
  class space    used 3969K, capacity 4091K, committed 4096K, reserved 1048576K
}
Event: 4.340 GC heap before
{Heap before GC invocations=4 (full 2):
 PSYoungGen      total 611840K, used 19290K [0x00000000d5580000, 0x0000000100000000, 0x0000000100000000)
  eden space 524800K, 0% used [0x00000000d5580000,0x00000000d5580000,0x00000000f5600000)
  from space 87040K, 22% used [0x00000000fab00000,0x00000000fbdd6828,0x0000000100000000)
  to   space 87040K, 0% used [0x00000000f5600000,0x00000000f5600000,0x00000000fab00000)
 ParOldGen       total 953344K, used 14232K [0x0000000080000000, 0x00000000ba300000, 0x00000000d5580000)
  object space 953344K, 1% used [0x0000000080000000,0x0000000080de63f0,0x00000000ba300000)
 Metaspace       used 34756K, capacity 35106K, committed 35416K, reserved 1081344K
  class space    used 3969K, capacity 4091K, committed 4096K, reserved 1048576K
Event: 4.457 GC heap after
Heap after GC invocations=4 (full 2):
 PSYoungGen      total 611840K, used 0K [0x00000000d5580000, 0x0000000100000000, 0x0000000100000000)
  eden space 524800K, 0% used [0x00000000d5580000,0x00000000d5580000,0x00000000f5600000)
  from space 87040K, 0% used [0x00000000fab00000,0x00000000fab00000,0x0000000100000000)
  to   space 87040K, 0% used [0x00000000f5600000,0x00000000f5600000,0x00000000fab00000)
 ParOldGen       total 1398272K, used 23854K [0x0000000080000000, 0x00000000d5580000, 0x00000000d5580000)
  object space 1398272K, 1% used [0x0000000080000000,0x000000008174bab8,0x00000000d5580000)
 Metaspace       used 34756K, capacity 35106K, committed 35416K, reserved 1081344K
  class space    used 3969K, capacity 4091K, committed 4096K, reserved 1048576K
}
Event: 10.637 GC heap before
{Heap before GC invocations=5 (full 2):
 PSYoungGen      total 611840K, used 524800K [0x00000000d5580000, 0x0000000100000000, 0x0000000100000000)
  eden space 524800K, 100% used [0x00000000d5580000,0x00000000f5600000,0x00000000f5600000)
  from space 87040K, 0% used [0x00000000fab00000,0x00000000fab00000,0x0000000100000000)
  to   space 87040K, 0% used [0x00000000f5600000,0x00000000f5600000,0x00000000fab00000)
 ParOldGen       total 1398272K, used 23854K [0x0000000080000000, 0x00000000d5580000, 0x00000000d5580000)
  object space 1398272K, 1% used [0x0000000080000000,0x000000008174bab8,0x00000000d5580000)
 Metaspace       used 51973K, capacity 53230K, committed 53504K, reserved 1095680K
  class space    used 6114K, capacity 6349K, committed 6400K, reserved 1048576K
Event: 10.672 GC heap after
Heap after GC invocations=5 (full 2):
 PSYoungGen      total 611840K, used 25855K [0x00000000d5580000, 0x0000000100000000, 0x0000000100000000)
  eden space 524800K, 0% used [0x00000000d5580000,0x00000000d5580000,0x00000000f5600000)
  from space 87040K, 29% used [0x00000000f5600000,0x00000000f6f3fee0,0x00000000fab00000)
  to   space 87040K, 0% used [0x00000000fab00000,0x00000000fab00000,0x0000000100000000)
 ParOldGen       total 1398272K, used 23862K [0x0000000080000000, 0x00000000d5580000, 0x00000000d5580000)
  object space 1398272K, 1% used [0x0000000080000000,0x000000008174dab8,0x00000000d5580000)
 Metaspace       used 51973K, capacity 53230K, committed 53504K, reserved 1095680K
  class space    used 6114K, capacity 6349K, committed 6400K, reserved 1048576K
}
Event: 11.334 GC heap before
{Heap before GC invocations=6 (full 2):
 PSYoungGen      total 611840K, used 136156K [0x00000000d5580000, 0x0000000100000000, 0x0000000100000000)
  eden space 524800K, 21% used [0x00000000d5580000,0x00000000dc137128,0x00000000f5600000)
  from space 87040K, 29% used [0x00000000f5600000,0x00000000f6f3fee0,0x00000000fab00000)
  to   space 87040K, 0% used [0x00000000fab00000,0x00000000fab00000,0x0000000100000000)
 ParOldGen       total 1398272K, used 23862K [0x0000000080000000, 0x00000000d5580000, 0x00000000d5580000)
  object space 1398272K, 1% used [0x0000000080000000,0x000000008174dab8,0x00000000d5580000)
 Metaspace       used 57490K, capacity 58876K, committed 59008K, reserved 1101824K
  class space    used 6677K, capacity 6964K, committed 7040K, reserved 1048576K
Event: 11.358 GC heap after
Heap after GC invocations=6 (full 2):
 PSYoungGen      total 611840K, used 17134K [0x00000000d5580000, 0x0000000100000000, 0x0000000100000000)
  eden space 524800K, 0% used [0x00000000d5580000,0x00000000d5580000,0x00000000f5600000)
  from space 87040K, 19% used [0x00000000fab00000,0x00000000fbbbb920,0x0000000100000000)
  to   space 87040K, 0% used [0x00000000f5600000,0x00000000f5600000,0x00000000fab00000)
 ParOldGen       total 1398272K, used 23862K [0x0000000080000000, 0x00000000d5580000, 0x00000000d5580000)
  object space 1398272K, 1% used [0x0000000080000000,0x000000008174dab8,0x00000000d5580000)
 Metaspace       used 57490K, capacity 58876K, committed 59008K, reserved 1101824K
  class space    used 6677K, capacity 6964K, committed 7040K, reserved 1048576K
}
Event: 11.358 GC heap before
{Heap before GC invocations=7 (full 3):
 PSYoungGen      total 611840K, used 17134K [0x00000000d5580000, 0x0000000100000000, 0x0000000100000000)
  eden space 524800K, 0% used [0x00000000d5580000,0x00000000d5580000,0x00000000f5600000)
  from space 87040K, 19% used [0x00000000fab00000,0x00000000fbbbb920,0x0000000100000000)
  to   space 87040K, 0% used [0x00000000f5600000,0x00000000f5600000,0x00000000fab00000)
 ParOldGen       total 1398272K, used 23862K [0x0000000080000000, 0x00000000d5580000, 0x00000000d5580000)
  object space 1398272K, 1% used [0x0000000080000000,0x000000008174dab8,0x00000000d5580000)
 Metaspace       used 57490K, capacity 58876K, committed 59008K, reserved 1101824K
  class space    used 6677K, capacity 6964K, committed 7040K, reserved 1048576K
Event: 11.612 GC heap after
Heap after GC invocations=7 (full 3):
 PSYoungGen      total 611840K, used 0K [0x00000000d5580000, 0x0000000100000000, 0x0000000100000000)
  eden space 524800K, 0% used [0x00000000d5580000,0x00000000d5580000,0x00000000f5600000)
  from space 87040K, 0% used [0x00000000fab00000,0x00000000fab00000,0x0000000100000000)
  to   space 87040K, 0% used [0x00000000f5600000,0x00000000f5600000,0x00000000fab00000)
 ParOldGen       total 1398272K, used 28994K [0x0000000080000000, 0x00000000d5580000, 0x00000000d5580000)
  object space 1398272K, 2% used [0x0000000080000000,0x0000000081c50bb8,0x00000000d5580000)
 Metaspace       used 57462K, capacity 58810K, committed 59008K, reserved 1101824K
  class space    used 6667K, capacity 6947K, committed 7040K, reserved 1048576K
}

