# JRE version: OpenJDK Runtime Environment (8.0_212-b04) (build 1.8.0_212-b04)
# Java VM: OpenJDK 64-Bit Server VM (25.212-b04 mixed mode linux-amd64 compressed oops)
Heap:
 PSYoungGen      total 611840K, used 395158K [0x00000000d5580000, 0x0000000100000000, 0x0000000100000000)
  eden space 524800K, 75% used [0x00000000d5580000,0x00000000ed765970,0x00000000f5600000)
  from space 87040K, 0% used [0x00000000fab00000,0x00000000fab00000,0x0000000100000000)
  to   space 87040K, 0% used [0x00000000f5600000,0x00000000f5600000,0x00000000fab00000)
 ParOldGen       total 1398272K, used 33815K [0x0000000080000000, 0x00000000d5580000, 0x00000000d5580000)
  object space 1398272K, 2% used [0x0000000080000000,0x0000000082105dd0,0x00000000d5580000)
 Metaspace       used 63746K, capacity 66548K, committed 66776K, reserved 1107968K
  class space    used 7372K, capacity 7870K, committed 7896K, reserved 1048576K
GC Heap History (10 events):
Event: 3.871 GC heap before
{Heap before GC invocations=3 (full 1):
 PSYoungGen      total 611840K, used 434802K [0x00000000d5580000, 0x0000000100000000, 0x0000000100000000)
  eden space 524800K, 82% used [0x00000000d5580000,0x00000000efe1cab8,0x00000000f5600000)
  from space 87040K, 0% used [0x00000000f5600000,0x00000000f5600000,0x00000000fab00000)
  to   space 87040K, 0% used [0x00000000fab00000,0x00000000fab00000,0x0000000100000000)
 ParOldGen       total 932352K, used 13744K [0x0000000080000000, 0x00000000b8e80000, 0x00000000d5580000)
  object space 932352K, 1% used [0x0000000080000000,0x0000000080d6c178,0x00000000b8e80000)
 Metaspace       used 34729K, capacity 35150K, committed 35416K, reserved 1081344K
  class space    used 3974K, capacity 4123K, committed 4184K, reserved 1048576K
Event: 3.900 GC heap after
Heap after GC invocations=3 (full 1):
 PSYoungGen      total 611840K, used 19164K [0x00000000d5580000, 0x0000000100000000, 0x0000000100000000)
  eden space 524800K, 0% used [0x00000000d5580000,0x00000000d5580000,0x00000000f5600000)
  from space 87040K, 22% used [0x00000000fab00000,0x00000000fbdb7248,0x0000000100000000)
  to   space 87040K, 0% used [0x00000000f5600000,0x00000000f5600000,0x00000000fab00000)
 ParOldGen       total 932352K, used 13744K [0x0000000080000000, 0x00000000b8e80000, 0x00000000d5580000)
  object space 932352K, 1% used [0x0000000080000000,0x0000000080d6c178,0x00000000b8e80000)
 Metaspace       used 34729K, capacity 35150K, committed 35416K, reserved 1081344K
  class space    used 3974K, capacity 4123K, committed 4184K, reserved 1048576K
}
Event: 3.900 GC heap before
{Heap before GC invocations=4 (full 2):
 PSYoungGen      total 611840K, used 19164K [0x00000000d5580000, 0x0000000100000000, 0x0000000100000000)
  eden space 524800K, 0% used [0x00000000d5580000,0x00000000d5580000,0x00000000f5600000)
  from space 87040K, 22% used [0x00000000fab00000,0x00000000fbdb7248,0x0000000100000000)
  to   space 87040K, 0% used [0x00000000f5600000,0x00000000f5600000,0x00000000fab00000)
 ParOldGen       total 932352K, used 13744K [0x0000000080000000, 0x00000000b8e80000, 0x00000000d5580000)
  object space 932352K, 1% used [0x0000000080000000,0x0000000080d6c178,0x00000000b8e80000)
 Metaspace       used 34729K, capacity 35150K, committed 35416K, reserved 1081344K
  class space    used 3974K, capacity 4123K, committed 4184K, reserved 1048576K
Event: 3.994 GC heap after
Heap after GC invocations=4 (full 2):
 PSYoungGen      total 611840K, used 0K [0x00000000d5580000, 0x0000000100000000, 0x0000000100000000)
  eden space 524800K, 0% used [0x00000000d5580000,0x00000000d5580000,0x00000000f5600000)
  from space 87040K, 0% used [0x00000000fab00000,0x00000000fab00000,0x0000000100000000)
  to   space 87040K, 0% used [0x00000000f5600000,0x00000000f5600000,0x00000000fab00000)
 ParOldGen       total 1398272K, used 23559K [0x0000000080000000, 0x00000000d5580000, 0x00000000d5580000)
  object space 1398272K, 1% used [0x0000000080000000,0x0000000081701c20,0x00000000d5580000)
 Metaspace       used 34729K, capacity 35150K, committed 35416K, reserved 1081344K
  class space    used 3974K, capacity 4123K, committed 4184K, reserved 1048576K
}
Event: 10.125 GC heap before
{Heap before GC invocations=5 (full 2):
 PSYoungGen      total 611840K, used 524800K [0x00000000d5580000, 0x0000000100000000, 0x0000000100000000)
  eden space 524800K, 100% used [0x00000000d5580000,0x00000000f5600000,0x00000000f5600000)
  from space 87040K, 0% used [0x00000000fab00000,0x00000000fab00000,0x0000000100000000)
  to   space 87040K, 0% used [0x00000000f5600000,0x00000000f5600000,0x00000000fab00000)
 ParOldGen       total 1398272K, used 23559K [0x0000000080000000, 0x00000000d5580000, 0x00000000d5580000)
  object space 1398272K, 1% used [0x0000000080000000,0x0000000081701c20,0x00000000d5580000)
 Metaspace       used 51094K, capacity 52358K, committed 52696K, reserved 1095680K
  class space    used 6028K, capacity 6265K, committed 6360K, reserved 1048576K
Event: 10.172 GC heap after
Heap after GC invocations=5 (full 2):
 PSYoungGen      total 611840K, used 25037K [0x00000000d5580000, 0x0000000100000000, 0x0000000100000000)
  eden space 524800K, 0% used [0x00000000d5580000,0x00000000d5580000,0x00000000f5600000)
  from space 87040K, 28% used [0x00000000f5600000,0x00000000f6e736c0,0x00000000fab00000)
  to   space 87040K, 0% used [0x00000000fab00000,0x00000000fab00000,0x0000000100000000)
 ParOldGen       total 1398272K, used 23567K [0x0000000080000000, 0x00000000d5580000, 0x00000000d5580000)
  object space 1398272K, 1% used [0x0000000080000000,0x0000000081703c20,0x00000000d5580000)
 Metaspace       used 51094K, capacity 52358K, committed 52696K, reserved 1095680K
  class space    used 6028K, capacity 6265K, committed 6360K, reserved 1048576K
}
Event: 11.204 GC heap before
{Heap before GC invocations=6 (full 2):
 PSYoungGen      total 611840K, used 172712K [0x00000000d5580000, 0x0000000100000000, 0x0000000100000000)
  eden space 524800K, 28% used [0x00000000d5580000,0x00000000de5b6bb8,0x00000000f5600000)
  from space 87040K, 28% used [0x00000000f5600000,0x00000000f6e736c0,0x00000000fab00000)
  to   space 87040K, 0% used [0x00000000fab00000,0x00000000fab00000,0x0000000100000000)
 ParOldGen       total 1398272K, used 23567K [0x0000000080000000, 0x00000000d5580000, 0x00000000d5580000)
  object space 1398272K, 1% used [0x0000000080000000,0x0000000081703c20,0x00000000d5580000)
 Metaspace       used 57315K, capacity 58876K, committed 58968K, reserved 1101824K
  class space    used 6640K, capacity 6966K, committed 7000K, reserved 1048576K
Event: 11.234 GC heap after
Heap after GC invocations=6 (full 2):
 PSYoungGen      total 611840K, used 22528K [0x00000000d5580000, 0x0000000100000000, 0x0000000100000000)
  eden space 524800K, 0% used [0x00000000d5580000,0x00000000d5580000,0x00000000f5600000)
  from space 87040K, 25% used [0x00000000fab00000,0x00000000fc1000b0,0x0000000100000000)
  to   space 87040K, 0% used [0x00000000f5600000,0x00000000f5600000,0x00000000fab00000)
 ParOldGen       total 1398272K, used 23575K [0x0000000080000000, 0x00000000d5580000, 0x00000000d5580000)
  object space 1398272K, 1% used [0x0000000080000000,0x0000000081705c20,0x00000000d5580000)
 Metaspace       used 57315K, capacity 58876K, committed 58968K, reserved 1101824K
  class space    used 6640K, capacity 6966K, committed 7000K, reserved 1048576K
}
Event: 11.234 GC heap before
{Heap before GC invocations=7 (full 3):
 PSYoungGen      total 611840K, used 22528K [0x00000000d5580000, 0x0000000100000000, 0x0000000100000000)
  eden space 524800K, 0% used [0x00000000d5580000,0x00000000d5580000,0x00000000f5600000)
  from space 87040K, 25% used [0x00000000fab00000,0x00000000fc1000b0,0x0000000100000000)
  to   space 87040K, 0% used [0x00000000f5600000,0x00000000f5600000,0x00000000fab00000)
 ParOldGen       total 1398272K, used 23575K [0x0000000080000000, 0x00000000d5580000, 0x00000000d5580000)
  object space 1398272K, 1% used [0x0000000080000000,0x0000000081705c20,0x00000000d5580000)
 Metaspace       used 57315K, capacity 58876K, committed 58968K, reserved 1101824K
  class space    used 6640K, capacity 6966K, committed 7000K, reserved 1048576K
Event: 11.489 GC heap after
Heap after GC invocations=7 (full 3):
 PSYoungGen      total 611840K, used 0K [0x00000000d5580000, 0x0000000100000000, 0x0000000100000000)
  eden space 524800K, 0% used [0x00000000d5580000,0x00000000d5580000,0x00000000f5600000)
  from space 87040K, 0% used [0x00000000fab00000,0x00000000fab00000,0x0000000100000000)
  to   space 87040K, 0% used [0x00000000f5600000,0x00000000f5600000,0x00000000fab00000)
 ParOldGen       total 1398272K, used 33815K [0x0000000080000000, 0x00000000d5580000, 0x00000000d5580000)
  object space 1398272K, 2% used [0x0000000080000000,0x0000000082105dd0,0x00000000d5580000)
 Metaspace       used 57251K, capacity 58708K, committed 58968K, reserved 1101824K
  class space    used 6617K, capacity 6926K, committed 7000K, reserved 1048576K
}

