# JRE version: OpenJDK Runtime Environment (8.0_212-b04) (build 1.8.0_212-b04)
# Java VM: OpenJDK 64-Bit Server VM (25.212-b04 mixed mode linux-amd64 compressed oops)
Heap:
 PSYoungGen      total 611840K, used 168094K [0x00000000d5580000, 0x0000000100000000, 0x0000000100000000)
  eden space 524800K, 32% used [0x00000000d5580000,0x00000000df9a7860,0x00000000f5600000)
  from space 87040K, 0% used [0x00000000f5600000,0x00000000f5600000,0x00000000fab00000)
  to   space 87040K, 0% used [0x00000000fab00000,0x00000000fab00000,0x0000000100000000)
 ParOldGen       total 1398272K, used 40905K [0x0000000080000000, 0x00000000d5580000, 0x00000000d5580000)
  object space 1398272K, 2% used [0x0000000080000000,0x00000000827f2508,0x00000000d5580000)
 Metaspace       used 62680K, capacity 65118K, committed 65408K, reserved 1107968K
  class space    used 7284K, capacity 7737K, committed 7808K, reserved 1048576K
GC Heap History (10 events):
Event: 2.942 GC heap before
{Heap before GC invocations=2 (full 1):
 PSYoungGen      total 611840K, used 14252K [0x00000000d5580000, 0x0000000100000000, 0x0000000100000000)
  eden space 524800K, 0% used [0x00000000d5580000,0x00000000d5580000,0x00000000f5600000)
  from space 87040K, 16% used [0x00000000f5600000,0x00000000f63eb348,0x00000000fab00000)
  to   space 87040K, 0% used [0x00000000fab00000,0x00000000fab00000,0x0000000100000000)
 ParOldGen       total 1398272K, used 80K [0x0000000080000000, 0x00000000d5580000, 0x00000000d5580000)
  object space 1398272K, 0% used [0x0000000080000000,0x0000000080014010,0x00000000d5580000)
 Metaspace       used 20804K, capacity 21074K, committed 21248K, reserved 1069056K
  class space    used 2359K, capacity 2450K, committed 2560K, reserved 1048576K
Event: 3.003 GC heap after
Heap after GC invocations=2 (full 1):
 PSYoungGen      total 611840K, used 0K [0x00000000d5580000, 0x0000000100000000, 0x0000000100000000)
  eden space 524800K, 0% used [0x00000000d5580000,0x00000000d5580000,0x00000000f5600000)
  from space 87040K, 0% used [0x00000000f5600000,0x00000000f5600000,0x00000000fab00000)
  to   space 87040K, 0% used [0x00000000fab00000,0x00000000fab00000,0x0000000100000000)
 ParOldGen       total 889344K, used 13684K [0x0000000080000000, 0x00000000b6480000, 0x00000000d5580000)
  object space 889344K, 1% used [0x0000000080000000,0x0000000080d5d1b0,0x00000000b6480000)
 Metaspace       used 20804K, capacity 21074K, committed 21248K, reserved 1069056K
  class space    used 2359K, capacity 2450K, committed 2560K, reserved 1048576K
}
Event: 6.370 GC heap before
{Heap before GC invocations=3 (full 1):
 PSYoungGen      total 611840K, used 468261K [0x00000000d5580000, 0x0000000100000000, 0x0000000100000000)
  eden space 524800K, 89% used [0x00000000d5580000,0x00000000f1ec9618,0x00000000f5600000)
  from space 87040K, 0% used [0x00000000f5600000,0x00000000f5600000,0x00000000fab00000)
  to   space 87040K, 0% used [0x00000000fab00000,0x00000000fab00000,0x0000000100000000)
 ParOldGen       total 889344K, used 13684K [0x0000000080000000, 0x00000000b6480000, 0x00000000d5580000)
  object space 889344K, 1% used [0x0000000080000000,0x0000000080d5d1b0,0x00000000b6480000)
 Metaspace       used 34822K, capacity 35194K, committed 35416K, reserved 1081344K
  class space    used 3976K, capacity 4093K, committed 4096K, reserved 1048576K
Event: 6.406 GC heap after
Heap after GC invocations=3 (full 1):
 PSYoungGen      total 611840K, used 19293K [0x00000000d5580000, 0x0000000100000000, 0x0000000100000000)
  eden space 524800K, 0% used [0x00000000d5580000,0x00000000d5580000,0x00000000f5600000)
  from space 87040K, 22% used [0x00000000fab00000,0x00000000fbdd7690,0x0000000100000000)
  to   space 87040K, 0% used [0x00000000f5600000,0x00000000f5600000,0x00000000fab00000)
 ParOldGen       total 889344K, used 13684K [0x0000000080000000, 0x00000000b6480000, 0x00000000d5580000)
  object space 889344K, 1% used [0x0000000080000000,0x0000000080d5d1b0,0x00000000b6480000)
 Metaspace       used 34822K, capacity 35194K, committed 35416K, reserved 1081344K
  class space    used 3976K, capacity 4093K, committed 4096K, reserved 1048576K
}
Event: 6.406 GC heap before
{Heap before GC invocations=4 (full 2):
 PSYoungGen      total 611840K, used 19293K [0x00000000d5580000, 0x0000000100000000, 0x0000000100000000)
  eden space 524800K, 0% used [0x00000000d5580000,0x00000000d5580000,0x00000000f5600000)
  from space 87040K, 22% used [0x00000000fab00000,0x00000000fbdd7690,0x0000000100000000)
  to   space 87040K, 0% used [0x00000000f5600000,0x00000000f5600000,0x00000000fab00000)
 ParOldGen       total 889344K, used 13684K [0x0000000080000000, 0x00000000b6480000, 0x00000000d5580000)
  object space 889344K, 1% used [0x0000000080000000,0x0000000080d5d1b0,0x00000000b6480000)
 Metaspace       used 34822K, capacity 35194K, committed 35416K, reserved 1081344K
  class space    used 3976K, capacity 4093K, committed 4096K, reserved 1048576K
Event: 6.507 GC heap after
Heap after GC invocations=4 (full 2):
 PSYoungGen      total 611840K, used 0K [0x00000000d5580000, 0x0000000100000000, 0x0000000100000000)
  eden space 524800K, 0% used [0x00000000d5580000,0x00000000d5580000,0x00000000f5600000)
  from space 87040K, 0% used [0x00000000fab00000,0x00000000fab00000,0x0000000100000000)
  to   space 87040K, 0% used [0x00000000f5600000,0x00000000f5600000,0x00000000fab00000)
 ParOldGen       total 1398272K, used 23613K [0x0000000080000000, 0x00000000d5580000, 0x00000000d5580000)
  object space 1398272K, 1% used [0x0000000080000000,0x000000008170f458,0x00000000d5580000)
 Metaspace       used 34822K, capacity 35194K, committed 35416K, reserved 1081344K
  class space    used 3976K, capacity 4093K, committed 4096K, reserved 1048576K
}
Event: 13.185 GC heap before
{Heap before GC invocations=5 (full 2):
 PSYoungGen      total 611840K, used 387556K [0x00000000d5580000, 0x0000000100000000, 0x0000000100000000)
  eden space 524800K, 73% used [0x00000000d5580000,0x00000000ecff9000,0x00000000f5600000)
  from space 87040K, 0% used [0x00000000fab00000,0x00000000fab00000,0x0000000100000000)
  to   space 87040K, 0% used [0x00000000f5600000,0x00000000f5600000,0x00000000fab00000)
 ParOldGen       total 1398272K, used 23613K [0x0000000080000000, 0x00000000d5580000, 0x00000000d5580000)
  object space 1398272K, 1% used [0x0000000080000000,0x000000008170f458,0x00000000d5580000)
 Metaspace       used 57530K, capacity 58952K, committed 59008K, reserved 1101824K
  class space    used 6683K, capacity 6984K, committed 7040K, reserved 1048576K
Event: 13.251 GC heap after
Heap after GC invocations=5 (full 2):
 PSYoungGen      total 611840K, used 30355K [0x00000000d5580000, 0x0000000100000000, 0x0000000100000000)
  eden space 524800K, 0% used [0x00000000d5580000,0x00000000d5580000,0x00000000f5600000)
  from space 87040K, 34% used [0x00000000f5600000,0x00000000f73a4e70,0x00000000fab00000)
  to   space 87040K, 0% used [0x00000000fab00000,0x00000000fab00000,0x0000000100000000)
 ParOldGen       total 1398272K, used 23621K [0x0000000080000000, 0x00000000d5580000, 0x00000000d5580000)
  object space 1398272K, 1% used [0x0000000080000000,0x0000000081711458,0x00000000d5580000)
 Metaspace       used 57530K, capacity 58952K, committed 59008K, reserved 1101824K
  class space    used 6683K, capacity 6984K, committed 7040K, reserved 1048576K
}
Event: 13.251 GC heap before
{Heap before GC invocations=6 (full 3):
 PSYoungGen      total 611840K, used 30355K [0x00000000d5580000, 0x0000000100000000, 0x0000000100000000)
  eden space 524800K, 0% used [0x00000000d5580000,0x00000000d5580000,0x00000000f5600000)
  from space 87040K, 34% used [0x00000000f5600000,0x00000000f73a4e70,0x00000000fab00000)
  to   space 87040K, 0% used [0x00000000fab00000,0x00000000fab00000,0x0000000100000000)
 ParOldGen       total 1398272K, used 23621K [0x0000000080000000, 0x00000000d5580000, 0x00000000d5580000)
  object space 1398272K, 1% used [0x0000000080000000,0x0000000081711458,0x00000000d5580000)
 Metaspace       used 57530K, capacity 58952K, committed 59008K, reserved 1101824K
  class space    used 6683K, capacity 6984K, committed 7040K, reserved 1048576K
Event: 13.489 GC heap after
Heap after GC invocations=6 (full 3):
 PSYoungGen      total 611840K, used 0K [0x00000000d5580000, 0x0000000100000000, 0x0000000100000000)
  eden space 524800K, 0% used [0x00000000d5580000,0x00000000d5580000,0x00000000f5600000)
  from space 87040K, 0% used [0x00000000f5600000,0x00000000f5600000,0x00000000fab00000)
  to   space 87040K, 0% used [0x00000000fab00000,0x00000000fab00000,0x0000000100000000)
 ParOldGen       total 1398272K, used 40905K [0x0000000080000000, 0x00000000d5580000, 0x00000000d5580000)
  object space 1398272K, 2% used [0x0000000080000000,0x00000000827f2508,0x00000000d5580000)
 Metaspace       used 57508K, capacity 58900K, committed 59008K, reserved 1101824K
  class space    used 6675K, capacity 6970K, committed 7040K, reserved 1048576K
}

