# JRE version: OpenJDK Runtime Environment (8.0_212-b04) (build 1.8.0_212-b04)
# Java VM: OpenJDK 64-Bit Server VM (25.212-b04 mixed mode linux-amd64 compressed oops)
Heap:
 PSYoungGen      total 611840K, used 165236K [0x00000000d5580000, 0x0000000100000000, 0x0000000100000000)
  eden space 524800K, 31% used [0x00000000d5580000,0x00000000df6dd0f0,0x00000000f5600000)
  from space 87040K, 0% used [0x00000000f5600000,0x00000000f5600000,0x00000000fab00000)
  to   space 87040K, 0% used [0x00000000fab00000,0x00000000fab00000,0x0000000100000000)
 ParOldGen       total 1398272K, used 41022K [0x0000000080000000, 0x00000000d5580000, 0x00000000d5580000)
  object space 1398272K, 2% used [0x0000000080000000,0x000000008280fad8,0x00000000d5580000)
 Metaspace       used 62473K, capacity 64886K, committed 65112K, reserved 1105920K
  class space    used 7268K, capacity 7725K, committed 7768K, reserved 1048576K
GC Heap History (10 events):
Event: 1.932 GC heap before
{Heap before GC invocations=2 (full 1):
 PSYoungGen      total 611840K, used 14284K [0x00000000d5580000, 0x0000000100000000, 0x0000000100000000)
  eden space 524800K, 0% used [0x00000000d5580000,0x00000000d5580000,0x00000000f5600000)
  from space 87040K, 16% used [0x00000000f5600000,0x00000000f63f3148,0x00000000fab00000)
  to   space 87040K, 0% used [0x00000000fab00000,0x00000000fab00000,0x0000000100000000)
 ParOldGen       total 1398272K, used 80K [0x0000000080000000, 0x00000000d5580000, 0x00000000d5580000)
  object space 1398272K, 0% used [0x0000000080000000,0x0000000080014010,0x00000000d5580000)
 Metaspace       used 20815K, capacity 21106K, committed 21248K, reserved 1069056K
  class space    used 2364K, capacity 2482K, committed 2560K, reserved 1048576K
Event: 2.007 GC heap after
Heap after GC invocations=2 (full 1):
 PSYoungGen      total 611840K, used 0K [0x00000000d5580000, 0x0000000100000000, 0x0000000100000000)
  eden space 524800K, 0% used [0x00000000d5580000,0x00000000d5580000,0x00000000f5600000)
  from space 87040K, 0% used [0x00000000f5600000,0x00000000f5600000,0x00000000fab00000)
  to   space 87040K, 0% used [0x00000000fab00000,0x00000000fab00000,0x0000000100000000)
 ParOldGen       total 919040K, used 13754K [0x0000000080000000, 0x00000000b8180000, 0x00000000d5580000)
  object space 919040K, 1% used [0x0000000080000000,0x0000000080d6e820,0x00000000b8180000)
 Metaspace       used 20815K, capacity 21106K, committed 21248K, reserved 1069056K
  class space    used 2364K, capacity 2482K, committed 2560K, reserved 1048576K
}
Event: 4.308 GC heap before
{Heap before GC invocations=3 (full 1):
 PSYoungGen      total 611840K, used 434996K [0x00000000d5580000, 0x0000000100000000, 0x0000000100000000)
  eden space 524800K, 82% used [0x00000000d5580000,0x00000000efe4d1e8,0x00000000f5600000)
  from space 87040K, 0% used [0x00000000f5600000,0x00000000f5600000,0x00000000fab00000)
  to   space 87040K, 0% used [0x00000000fab00000,0x00000000fab00000,0x0000000100000000)
 ParOldGen       total 919040K, used 13754K [0x0000000080000000, 0x00000000b8180000, 0x00000000d5580000)
  object space 919040K, 1% used [0x0000000080000000,0x0000000080d6e820,0x00000000b8180000)
 Metaspace       used 34803K, capacity 35230K, committed 35416K, reserved 1081344K
  class space    used 3977K, capacity 4125K, committed 4184K, reserved 1048576K
Event: 4.346 GC heap after
Heap after GC invocations=3 (full 1):
 PSYoungGen      total 611840K, used 19217K [0x00000000d5580000, 0x0000000100000000, 0x0000000100000000)
  eden space 524800K, 0% used [0x00000000d5580000,0x00000000d5580000,0x00000000f5600000)
  from space 87040K, 22% used [0x00000000fab00000,0x00000000fbdc4768,0x0000000100000000)
  to   space 87040K, 0% used [0x00000000f5600000,0x00000000f5600000,0x00000000fab00000)
 ParOldGen       total 919040K, used 13754K [0x0000000080000000, 0x00000000b8180000, 0x00000000d5580000)
  object space 919040K, 1% used [0x0000000080000000,0x0000000080d6e820,0x00000000b8180000)
 Metaspace       used 34803K, capacity 35230K, committed 35416K, reserved 1081344K
  class space    used 3977K, capacity 4125K, committed 4184K, reserved 1048576K
}
Event: 4.346 GC heap before
{Heap before GC invocations=4 (full 2):
 PSYoungGen      total 611840K, used 19217K [0x00000000d5580000, 0x0000000100000000, 0x0000000100000000)
  eden space 524800K, 0% used [0x00000000d5580000,0x00000000d5580000,0x00000000f5600000)
  from space 87040K, 22% used [0x00000000fab00000,0x00000000fbdc4768,0x0000000100000000)
  to   space 87040K, 0% used [0x00000000f5600000,0x00000000f5600000,0x00000000fab00000)
 ParOldGen       total 919040K, used 13754K [0x0000000080000000, 0x00000000b8180000, 0x00000000d5580000)
  object space 919040K, 1% used [0x0000000080000000,0x0000000080d6e820,0x00000000b8180000)
 Metaspace       used 34803K, capacity 35230K, committed 35416K, reserved 1081344K
  class space    used 3977K, capacity 4125K, committed 4184K, reserved 1048576K
Event: 4.447 GC heap after
Heap after GC invocations=4 (full 2):
 PSYoungGen      total 611840K, used 0K [0x00000000d5580000, 0x0000000100000000, 0x0000000100000000)
  eden space 524800K, 0% used [0x00000000d5580000,0x00000000d5580000,0x00000000f5600000)
  from space 87040K, 0% used [0x00000000fab00000,0x00000000fab00000,0x0000000100000000)
  to   space 87040K, 0% used [0x00000000f5600000,0x00000000f5600000,0x00000000fab00000)
 ParOldGen       total 1398272K, used 23568K [0x0000000080000000, 0x00000000d5580000, 0x00000000d5580000)
  object space 1398272K, 1% used [0x0000000080000000,0x0000000081704140,0x00000000d5580000)
 Metaspace       used 34803K, capacity 35230K, committed 35416K, reserved 1081344K
  class space    used 3977K, capacity 4125K, committed 4184K, reserved 1048576K
}
Event: 10.554 GC heap before
{Heap before GC invocations=5 (full 2):
 PSYoungGen      total 611840K, used 388096K [0x00000000d5580000, 0x0000000100000000, 0x0000000100000000)
  eden space 524800K, 73% used [0x00000000d5580000,0x00000000ed0803b8,0x00000000f5600000)
  from space 87040K, 0% used [0x00000000fab00000,0x00000000fab00000,0x0000000100000000)
  to   space 87040K, 0% used [0x00000000f5600000,0x00000000f5600000,0x00000000fab00000)
 ParOldGen       total 1398272K, used 23568K [0x0000000080000000, 0x00000000d5580000, 0x00000000d5580000)
  object space 1398272K, 1% used [0x0000000080000000,0x0000000081704140,0x00000000d5580000)
 Metaspace       used 57503K, capacity 58938K, committed 58968K, reserved 1101824K
  class space    used 6680K, capacity 6983K, committed 7000K, reserved 1048576K
Event: 10.608 GC heap after
Heap after GC invocations=5 (full 2):
 PSYoungGen      total 611840K, used 30590K [0x00000000d5580000, 0x0000000100000000, 0x0000000100000000)
  eden space 524800K, 0% used [0x00000000d5580000,0x00000000d5580000,0x00000000f5600000)
  from space 87040K, 35% used [0x00000000f5600000,0x00000000f73dfb18,0x00000000fab00000)
  to   space 87040K, 0% used [0x00000000fab00000,0x00000000fab00000,0x0000000100000000)
 ParOldGen       total 1398272K, used 23576K [0x0000000080000000, 0x00000000d5580000, 0x00000000d5580000)
  object space 1398272K, 1% used [0x0000000080000000,0x0000000081706140,0x00000000d5580000)
 Metaspace       used 57503K, capacity 58938K, committed 58968K, reserved 1101824K
  class space    used 6680K, capacity 6983K, committed 7000K, reserved 1048576K
}
Event: 10.608 GC heap before
{Heap before GC invocations=6 (full 3):
 PSYoungGen      total 611840K, used 30590K [0x00000000d5580000, 0x0000000100000000, 0x0000000100000000)
  eden space 524800K, 0% used [0x00000000d5580000,0x00000000d5580000,0x00000000f5600000)
  from space 87040K, 35% used [0x00000000f5600000,0x00000000f73dfb18,0x00000000fab00000)
  to   space 87040K, 0% used [0x00000000fab00000,0x00000000fab00000,0x0000000100000000)
 ParOldGen       total 1398272K, used 23576K [0x0000000080000000, 0x00000000d5580000, 0x00000000d5580000)
  object space 1398272K, 1% used [0x0000000080000000,0x0000000081706140,0x00000000d5580000)
 Metaspace       used 57503K, capacity 58938K, committed 58968K, reserved 1101824K
  class space    used 6680K, capacity 6983K, committed 7000K, reserved 1048576K
Event: 10.868 GC heap after
Heap after GC invocations=6 (full 3):
 PSYoungGen      total 611840K, used 0K [0x00000000d5580000, 0x0000000100000000, 0x0000000100000000)
  eden space 524800K, 0% used [0x00000000d5580000,0x00000000d5580000,0x00000000f5600000)
  from space 87040K, 0% used [0x00000000f5600000,0x00000000f5600000,0x00000000fab00000)
  to   space 87040K, 0% used [0x00000000fab00000,0x00000000fab00000,0x0000000100000000)
 ParOldGen       total 1398272K, used 41022K [0x0000000080000000, 0x00000000d5580000, 0x00000000d5580000)
  object space 1398272K, 2% used [0x0000000080000000,0x000000008280fad8,0x00000000d5580000)
 Metaspace       used 57481K, capacity 58886K, committed 58968K, reserved 1101824K
  class space    used 6672K, capacity 6969K, committed 7000K, reserved 1048576K
}

